[2025-06-01T19:10:05.328+0000] {taskinstance.py:1956} INFO - Dependencies all met for dep_context=non-requeueable deps ti=<TaskInstance: movie_recommendation_pipeline.train_user_model manual__2025-06-01T19:09:40.098636+00:00 [queued]>
[2025-06-01T19:10:05.335+0000] {taskinstance.py:1956} INFO - Dependencies all met for dep_context=requeueable deps ti=<TaskInstance: movie_recommendation_pipeline.train_user_model manual__2025-06-01T19:09:40.098636+00:00 [queued]>
[2025-06-01T19:10:05.335+0000] {taskinstance.py:2170} INFO - Starting attempt 1 of 3
[2025-06-01T19:10:05.346+0000] {taskinstance.py:2191} INFO - Executing <Task(PythonOperator): train_user_model> on 2025-06-01 19:09:40.098636+00:00
[2025-06-01T19:10:05.355+0000] {standard_task_runner.py:60} INFO - Started process 305 to run task
[2025-06-01T19:10:05.357+0000] {standard_task_runner.py:87} INFO - Running: ['***', 'tasks', 'run', 'movie_recommendation_pipeline', 'train_user_model', 'manual__2025-06-01T19:09:40.098636+00:00', '--job-id', '1231', '--raw', '--subdir', 'DAGS_FOLDER/mlops_movie_dag.py', '--cfg-path', '/tmp/tmpeall4qh6']
[2025-06-01T19:10:05.358+0000] {standard_task_runner.py:88} INFO - Job 1231: Subtask train_user_model
[2025-06-01T19:10:05.386+0000] {task_command.py:423} INFO - Running <TaskInstance: movie_recommendation_pipeline.train_user_model manual__2025-06-01T19:09:40.098636+00:00 [running]> on host ba1f7a5e3629
[2025-06-01T19:10:05.436+0000] {taskinstance.py:2480} INFO - Exporting env vars: AIRFLOW_CTX_DAG_OWNER='***' AIRFLOW_CTX_DAG_ID='movie_recommendation_pipeline' AIRFLOW_CTX_TASK_ID='train_user_model' AIRFLOW_CTX_EXECUTION_DATE='2025-06-01T19:09:40.098636+00:00' AIRFLOW_CTX_TRY_NUMBER='1' AIRFLOW_CTX_DAG_RUN_ID='manual__2025-06-01T19:09:40.098636+00:00'
[2025-06-01T19:13:43.271+0000] {mlops_movie_dag.py:13} INFO - 2025/06/01 19:13:25 INFO mlflow.pyfunc: Validating input example against model signature
ðŸš€ Starte Training des user_model
ðŸ“¥ Lade Bewertungen und Movie-Embeddings
ðŸ”„ Erstelle User-Vektoren
âœ… 138493 User-Vektoren gespeichert unter /opt/***/data/processed/user_matrix.csv
ðŸ“Š Trainiere NearestNeighbors-Modell
âœ… Modell gespeichert unter /opt/***/models/user_model.pkl
ðŸ“¡ Starte MLflow-Tracking

Downloading artifacts:   0%|          | 0/1 [00:00<?, ?it/s]
Downloading artifacts: 100%|â–ˆâ–ˆâ–ˆâ–ˆâ–ˆâ–ˆâ–ˆâ–ˆâ–ˆâ–ˆ| 1/1 [00:00<00:00,  4.94it/s]
Downloading artifacts: 100%|â–ˆâ–ˆâ–ˆâ–ˆâ–ˆâ–ˆâ–ˆâ–ˆâ–ˆâ–ˆ| 1/1 [00:00<00:00,  4.94it/s]
Downloading artifacts: 100%|â–ˆâ–ˆâ–ˆâ–ˆâ–ˆâ–ˆâ–ˆâ–ˆâ–ˆâ–ˆ| 1/1 [00:00<00:00,  4.93it/s]
ðŸƒ View run train_user_model at: https://dagshub.com/sacer11/MLOps_movie_rec_apr25.mlflow/#/experiments/2/runs/0bc102f96d1c459094816157249869a0
ðŸ§ª View experiment at: https://dagshub.com/sacer11/MLOps_movie_rec_apr25.mlflow/#/experiments/2
ðŸ Training abgeschlossen und geloggt.

[2025-06-01T19:13:43.272+0000] {python.py:201} INFO - Done. Returned value was: None
[2025-06-01T19:13:43.282+0000] {taskinstance.py:1138} INFO - Marking task as SUCCESS. dag_id=movie_recommendation_pipeline, task_id=train_user_model, execution_date=20250601T190940, start_date=20250601T191005, end_date=20250601T191343
[2025-06-01T19:13:43.316+0000] {local_task_job_runner.py:234} INFO - Task exited with return code 0
[2025-06-01T19:13:43.336+0000] {taskinstance.py:3280} INFO - 1 downstream tasks scheduled from follow-on schedule check
