[2025-06-02T01:34:39.976+0000] {taskinstance.py:1956} INFO - Dependencies all met for dep_context=non-requeueable deps ti=<TaskInstance: movie_recommendation_pipeline.cleanup_user manual__2025-06-02T01:29:12.624195+00:00 [queued]>
[2025-06-02T01:34:39.984+0000] {taskinstance.py:1956} INFO - Dependencies all met for dep_context=requeueable deps ti=<TaskInstance: movie_recommendation_pipeline.cleanup_user manual__2025-06-02T01:29:12.624195+00:00 [queued]>
[2025-06-02T01:34:39.984+0000] {taskinstance.py:2170} INFO - Starting attempt 3 of 3
[2025-06-02T01:34:39.994+0000] {taskinstance.py:2191} INFO - Executing <Task(PythonOperator): cleanup_user> on 2025-06-02 01:29:12.624195+00:00
[2025-06-02T01:34:40.002+0000] {standard_task_runner.py:60} INFO - Started process 446 to run task
[2025-06-02T01:34:40.003+0000] {standard_task_runner.py:87} INFO - Running: ['***', 'tasks', 'run', 'movie_recommendation_pipeline', 'cleanup_user', 'manual__2025-06-02T01:29:12.624195+00:00', '--job-id', '1367', '--raw', '--subdir', 'DAGS_FOLDER/mlops_movie_dag.py', '--cfg-path', '/tmp/tmpdortshzs']
[2025-06-02T01:34:40.005+0000] {standard_task_runner.py:88} INFO - Job 1367: Subtask cleanup_user
[2025-06-02T01:34:40.045+0000] {task_command.py:423} INFO - Running <TaskInstance: movie_recommendation_pipeline.cleanup_user manual__2025-06-02T01:29:12.624195+00:00 [running]> on host fdfd23e6b307
[2025-06-02T01:34:40.104+0000] {taskinstance.py:2480} INFO - Exporting env vars: AIRFLOW_CTX_DAG_OWNER='***' AIRFLOW_CTX_DAG_ID='movie_recommendation_pipeline' AIRFLOW_CTX_TASK_ID='cleanup_user' AIRFLOW_CTX_EXECUTION_DATE='2025-06-02T01:29:12.624195+00:00' AIRFLOW_CTX_TRY_NUMBER='3' AIRFLOW_CTX_DAG_RUN_ID='manual__2025-06-02T01:29:12.624195+00:00'
[2025-06-02T01:34:40.105+0000] {mlops_movie_dag.py:12} INFO - 🟦 Running command: dvc remove /opt/***/models/user_model.pkl.dvc
[2025-06-02T01:34:40.547+0000] {mlops_movie_dag.py:18} INFO - 🟩 [stdout]:

[2025-06-02T01:34:40.548+0000] {mlops_movie_dag.py:20} WARNING - 🟨 [stderr]:
ERROR: '/opt/***/models/user_model.pkl.dvc' does not exist

[2025-06-02T01:34:40.548+0000] {mlops_movie_dag.py:22} ERROR - ❌ Subprozess-Fehler (exit code 1): dvc remove /opt/***/models/user_model.pkl.dvc
[2025-06-02T01:34:40.549+0000] {mlops_movie_dag.py:25} ERROR - ❌ Subprozess-Ausnahme: Command '['dvc', 'remove', '/opt/***/models/user_model.pkl.dvc']' returned non-zero exit status 1.
[2025-06-02T01:34:40.549+0000] {taskinstance.py:2698} ERROR - Task failed with exception
Traceback (most recent call last):
  File "/home/airflow/.local/lib/python3.10/site-packages/airflow/models/taskinstance.py", line 433, in _execute_task
    result = execute_callable(context=context, **execute_callable_kwargs)
  File "/home/airflow/.local/lib/python3.10/site-packages/airflow/operators/python.py", line 199, in execute
    return_value = self.execute_callable()
  File "/home/airflow/.local/lib/python3.10/site-packages/airflow/operators/python.py", line 216, in execute_callable
    return self.python_callable(*self.op_args, **self.op_kwargs)
  File "/opt/airflow/dags/mlops_movie_dag.py", line 55, in cleanup_user
    cleanup_dvc_artifacts(artifacts)
  File "/opt/airflow/dags/mlops_movie_dag.py", line 39, in cleanup_dvc_artifacts
    run_and_log(["dvc", "remove", dvc_file])
  File "/opt/airflow/dags/mlops_movie_dag.py", line 23, in run_and_log
    raise subprocess.CalledProcessError(result.returncode, command)
subprocess.CalledProcessError: Command '['dvc', 'remove', '/opt/airflow/models/user_model.pkl.dvc']' returned non-zero exit status 1.
[2025-06-02T01:34:40.561+0000] {taskinstance.py:1138} INFO - Marking task as FAILED. dag_id=movie_recommendation_pipeline, task_id=cleanup_user, execution_date=20250602T012912, start_date=20250602T013439, end_date=20250602T013440
[2025-06-02T01:34:40.571+0000] {standard_task_runner.py:107} ERROR - Failed to execute job 1367 for task cleanup_user (Command '['dvc', 'remove', '/opt/airflow/models/user_model.pkl.dvc']' returned non-zero exit status 1.; 446)
[2025-06-02T01:34:40.579+0000] {local_task_job_runner.py:234} INFO - Task exited with return code 1
[2025-06-02T01:34:40.599+0000] {taskinstance.py:3280} INFO - 0 downstream tasks scheduled from follow-on schedule check
