[2025-06-06T22:04:13.725+0000] {taskinstance.py:1956} INFO - Dependencies all met for dep_context=non-requeueable deps ti=<TaskInstance: deep_models_pipeline.train_deep_hybrid_model manual__2025-06-06T22:04:08.653344+00:00 [queued]>
[2025-06-06T22:04:13.732+0000] {taskinstance.py:1956} INFO - Dependencies all met for dep_context=requeueable deps ti=<TaskInstance: deep_models_pipeline.train_deep_hybrid_model manual__2025-06-06T22:04:08.653344+00:00 [queued]>
[2025-06-06T22:04:13.732+0000] {taskinstance.py:2170} INFO - Starting attempt 1 of 3
[2025-06-06T22:04:13.743+0000] {taskinstance.py:2191} INFO - Executing <Task(PythonOperator): train_deep_hybrid_model> on 2025-06-06 22:04:08.653344+00:00
[2025-06-06T22:04:13.751+0000] {standard_task_runner.py:60} INFO - Started process 309 to run task
[2025-06-06T22:04:13.753+0000] {standard_task_runner.py:87} INFO - Running: ['***', 'tasks', 'run', 'deep_models_pipeline', 'train_deep_hybrid_model', 'manual__2025-06-06T22:04:08.653344+00:00', '--job-id', '2302', '--raw', '--subdir', 'DAGS_FOLDER/train_deep_model_dag.py', '--cfg-path', '/tmp/tmpjg18fgyq']
[2025-06-06T22:04:13.755+0000] {standard_task_runner.py:88} INFO - Job 2302: Subtask train_deep_hybrid_model
[2025-06-06T22:04:13.795+0000] {task_command.py:423} INFO - Running <TaskInstance: deep_models_pipeline.train_deep_hybrid_model manual__2025-06-06T22:04:08.653344+00:00 [running]> on host d6f0f8aa3b46
[2025-06-06T22:04:13.859+0000] {taskinstance.py:2480} INFO - Exporting env vars: AIRFLOW_CTX_DAG_OWNER='***' AIRFLOW_CTX_DAG_ID='deep_models_pipeline' AIRFLOW_CTX_TASK_ID='train_deep_hybrid_model' AIRFLOW_CTX_EXECUTION_DATE='2025-06-06T22:04:08.653344+00:00' AIRFLOW_CTX_TRY_NUMBER='1' AIRFLOW_CTX_DAG_RUN_ID='manual__2025-06-06T22:04:08.653344+00:00'
[2025-06-06T22:04:13.861+0000] {train_deep_model_dag.py:13} INFO - 🟦 Running command: python /opt/***/src/models/train_hybrid_deep_model.py --n_neighbors=10 --latent_dim=32 --epochs=30 --tfidf_features=300
[2025-06-06T22:05:12.061+0000] {train_deep_model_dag.py:20} INFO - 🟩 [stdout]:
🏃 View run train_hybrid_deep_model at: https://dagshub.com/sacer11/MLOps_movie_rec_apr25.mlflow/#/experiments/10/runs/b83e84b1c33b46b0b977a3ea16392115
🧪 View experiment at: https://dagshub.com/sacer11/MLOps_movie_rec_apr25.mlflow/#/experiments/10

[2025-06-06T22:05:12.062+0000] {train_deep_model_dag.py:22} WARNING - 🟨 [stderr]:
/home/***/.local/lib/python3.10/site-packages/mlflow/pyfunc/utils/data_validation.py:186: UserWarning: [33mAdd type hints to the `predict` method to enable data validation and automatic signature inference during model logging. Check https://mlflow.org/docs/latest/model/python_model.html#type-hint-usage-in-pythonmodel for more details.[0m
  color_warning(
2025-06-06 22:04:18,011 - __main__ - INFO - 📥 Lade Rohdaten und baue Hybrid-Feature-Matrix ...
2025-06-06 22:04:23,479 - __main__ - INFO - 📐 Hybrid-Matrix erstellt mit Shape: (10381, 1429), Feature-Namen: 1429
2025-06-06 22:04:33,372 - __main__ - INFO - 💾 Hybrid-Matrix gespeichert unter /opt/***/data/processed/hybrid_matrix.csv
2025-06-06 22:04:33,467 - __main__ - INFO - 🚀 Starte Training Autoencoder ...
2025-06-06 22:04:34,302 - __main__ - INFO - Epoch 1/30: Loss = 0.0122
2025-06-06 22:04:34,613 - __main__ - INFO - Epoch 2/30: Loss = 0.0072
2025-06-06 22:04:34,930 - __main__ - INFO - Epoch 3/30: Loss = 0.0062
2025-06-06 22:04:35,254 - __main__ - INFO - Epoch 4/30: Loss = 0.0057
2025-06-06 22:04:35,531 - __main__ - INFO - Epoch 5/30: Loss = 0.0055
2025-06-06 22:04:35,830 - __main__ - INFO - Epoch 6/30: Loss = 0.0053
2025-06-06 22:04:36,130 - __main__ - INFO - Epoch 7/30: Loss = 0.0052
2025-06-06 22:04:36,425 - __main__ - INFO - Epoch 8/30: Loss = 0.0051
2025-06-06 22:04:36,744 - __main__ - INFO - Epoch 9/30: Loss = 0.0050
2025-06-06 22:04:37,033 - __main__ - INFO - Epoch 10/30: Loss = 0.0049
2025-06-06 22:04:37,320 - __main__ - INFO - Epoch 11/30: Loss = 0.0049
2025-06-06 22:04:37,581 - __main__ - INFO - Epoch 12/30: Loss = 0.0048
2025-06-06 22:04:37,837 - __main__ - INFO - Epoch 13/30: Loss = 0.0048
2025-06-06 22:04:38,108 - __main__ - INFO - Epoch 14/30: Loss = 0.0048
2025-06-06 22:04:38,404 - __main__ - INFO - Epoch 15/30: Loss = 0.0047
2025-06-06 22:04:38,693 - __main__ - INFO - Epoch 16/30: Loss = 0.0047
2025-06-06 22:04:38,956 - __main__ - INFO - Epoch 17/30: Loss = 0.0046
2025-06-06 22:04:39,210 - __main__ - INFO - Epoch 18/30: Loss = 0.0046
2025-06-06 22:04:39,466 - __main__ - INFO - Epoch 19/30: Loss = 0.0046
2025-06-06 22:04:39,717 - __main__ - INFO - Epoch 20/30: Loss = 0.0046
2025-06-06 22:04:39,966 - __main__ - INFO - Epoch 21/30: Loss = 0.0045
2025-06-06 22:04:40,206 - __main__ - INFO - Epoch 22/30: Loss = 0.0045
2025-06-06 22:04:40,462 - __main__ - INFO - Epoch 23/30: Loss = 0.0045
2025-06-06 22:04:40,746 - __main__ - INFO - Epoch 24/30: Loss = 0.0045
2025-06-06 22:04:41,008 - __main__ - INFO - Epoch 25/30: Loss = 0.0045
2025-06-06 22:04:41,251 - __main__ - INFO - Epoch 26/30: Loss = 0.0044
2025-06-06 22:04:41,517 - __main__ - INFO - Epoch 27/30: Loss = 0.0044
2025-06-06 22:04:41,797 - __main__ - INFO - Epoch 28/30: Loss = 0.0044
2025-06-06 22:04:42,118 - __main__ - INFO - Epoch 29/30: Loss = 0.0044
2025-06-06 22:04:42,418 - __main__ - INFO - Epoch 30/30: Loss = 0.0044
2025-06-06 22:04:42,656 - __main__ - INFO - ✅ Hybrid-Embeddings gespeichert unter /opt/***/data/processed/hybrid_deep_embedding.csv
2025-06-06 22:04:42,656 - __main__ - INFO - ✅ Hybrid-Embeddings gespeichert unter /opt/***/data/processed/hybrid_deep_embedding.csv
2025-06-06 22:04:42,667 - __main__ - INFO - ✅ Deep KNN Modell gespeichert unter /opt/***/models/hybrid_deep_knn.pkl
2025/06/06 22:04:47 INFO mlflow.pyfunc: Validating input example against model signature

Downloading artifacts:   0%|          | 0/1 [00:00<?, ?it/s]
Downloading artifacts: 100%|██████████| 1/1 [00:00<00:00, 80.34it/s]
Downloading artifacts: 100%|██████████| 1/1 [00:00<00:00, 79.00it/s]
Registered model 'hybrid_deep_model' already exists. Creating a new version of this model...
2025/06/06 22:04:57 INFO mlflow.store.model_registry.abstract_store: Waiting up to 300 seconds for model version to finish creation. Model name: hybrid_deep_model, version 10
Created version '10' of model 'hybrid_deep_model'.
2025-06-06 22:05:08,965 - __main__ - INFO - 📝 Tags für Modellversion 10 gesetzt: n_neighbors=10, latent_dim=32
2025-06-06 22:05:10,927 - __main__ - INFO - 🏁 Deep Hybrid-Model Training abgeschlossen und geloggt.

[2025-06-06T22:05:12.063+0000] {python.py:201} INFO - Done. Returned value was: None
[2025-06-06T22:05:12.073+0000] {taskinstance.py:1138} INFO - Marking task as SUCCESS. dag_id=deep_models_pipeline, task_id=train_deep_hybrid_model, execution_date=20250606T220408, start_date=20250606T220413, end_date=20250606T220512
[2025-06-06T22:05:12.104+0000] {local_task_job_runner.py:234} INFO - Task exited with return code 0
[2025-06-06T22:05:12.123+0000] {taskinstance.py:3280} INFO - 1 downstream tasks scheduled from follow-on schedule check
