[2025-06-08T20:36:30.169+0000] {taskinstance.py:1956} INFO - Dependencies all met for dep_context=non-requeueable deps ti=<TaskInstance: deep_models_pipeline.train_deep_hybrid_model manual__2025-06-08T20:36:25.158010+00:00 [queued]>
[2025-06-08T20:36:30.175+0000] {taskinstance.py:1956} INFO - Dependencies all met for dep_context=requeueable deps ti=<TaskInstance: deep_models_pipeline.train_deep_hybrid_model manual__2025-06-08T20:36:25.158010+00:00 [queued]>
[2025-06-08T20:36:30.175+0000] {taskinstance.py:2170} INFO - Starting attempt 1 of 3
[2025-06-08T20:36:30.184+0000] {taskinstance.py:2191} INFO - Executing <Task(PythonOperator): train_deep_hybrid_model> on 2025-06-08 20:36:25.158010+00:00
[2025-06-08T20:36:30.189+0000] {standard_task_runner.py:60} INFO - Started process 1490 to run task
[2025-06-08T20:36:30.191+0000] {standard_task_runner.py:87} INFO - Running: ['***', 'tasks', 'run', 'deep_models_pipeline', 'train_deep_hybrid_model', 'manual__2025-06-08T20:36:25.158010+00:00', '--job-id', '3417', '--raw', '--subdir', 'DAGS_FOLDER/train_deep_model_dag.py', '--cfg-path', '/tmp/tmp740izdkd']
[2025-06-08T20:36:30.192+0000] {standard_task_runner.py:88} INFO - Job 3417: Subtask train_deep_hybrid_model
[2025-06-08T20:36:30.224+0000] {task_command.py:423} INFO - Running <TaskInstance: deep_models_pipeline.train_deep_hybrid_model manual__2025-06-08T20:36:25.158010+00:00 [running]> on host 6b572a9ca403
[2025-06-08T20:36:30.278+0000] {taskinstance.py:2480} INFO - Exporting env vars: AIRFLOW_CTX_DAG_OWNER='***' AIRFLOW_CTX_DAG_ID='deep_models_pipeline' AIRFLOW_CTX_TASK_ID='train_deep_hybrid_model' AIRFLOW_CTX_EXECUTION_DATE='2025-06-08T20:36:25.158010+00:00' AIRFLOW_CTX_TRY_NUMBER='1' AIRFLOW_CTX_DAG_RUN_ID='manual__2025-06-08T20:36:25.158010+00:00'
[2025-06-08T20:36:30.280+0000] {train_deep_model_dag.py:13} INFO - 🟦 Running command: python /opt/***/src/models/train_hybrid_deep_model.py --n_neighbors=50 --latent_dim=32 --epochs=80 --tfidf_features=1991
[2025-06-08T20:38:04.081+0000] {train_deep_model_dag.py:20} INFO - 🟩 [stdout]:
🏃 View run train_hybrid_deep_model at: https://dagshub.com/sacer11/MLOps_movie_rec_apr25.mlflow/#/experiments/10/runs/d3e9299f68f249cb9a652e8b774813ec
🧪 View experiment at: https://dagshub.com/sacer11/MLOps_movie_rec_apr25.mlflow/#/experiments/10

[2025-06-08T20:38:04.082+0000] {train_deep_model_dag.py:22} WARNING - 🟨 [stderr]:
2025-06-08 20:36:33,855 - __main__ - INFO - 📥 Lade Rohdaten und baue Hybrid-Feature-Matrix ...
2025-06-08 20:36:38,904 - __main__ - INFO - 📐 Hybrid-Matrix erstellt mit Shape: (10381, 3120), Feature-Namen: 3120
2025-06-08 20:36:52,591 - __main__ - INFO - 💾 Hybrid-Matrix gespeichert unter /opt/***/data/processed/hybrid_matrix.csv
2025-06-08 20:36:52,788 - __main__ - INFO - 🚀 Starte Training Autoencoder ...
2025-06-08 20:36:54,227 - __main__ - INFO - Epoch 1/80: Loss = 0.0064
2025-06-08 20:36:54,781 - __main__ - INFO - Epoch 2/80: Loss = 0.0040
2025-06-08 20:36:55,260 - __main__ - INFO - Epoch 3/80: Loss = 0.0034
2025-06-08 20:36:55,705 - __main__ - INFO - Epoch 4/80: Loss = 0.0031
2025-06-08 20:36:56,152 - __main__ - INFO - Epoch 5/80: Loss = 0.0030
2025-06-08 20:36:56,593 - __main__ - INFO - Epoch 6/80: Loss = 0.0028
2025-06-08 20:36:57,055 - __main__ - INFO - Epoch 7/80: Loss = 0.0028
2025-06-08 20:36:57,564 - __main__ - INFO - Epoch 8/80: Loss = 0.0027
2025-06-08 20:36:58,055 - __main__ - INFO - Epoch 9/80: Loss = 0.0027
2025-06-08 20:36:58,506 - __main__ - INFO - Epoch 10/80: Loss = 0.0026
2025-06-08 20:36:58,978 - __main__ - INFO - Epoch 11/80: Loss = 0.0026
2025-06-08 20:36:59,443 - __main__ - INFO - Epoch 12/80: Loss = 0.0025
2025-06-08 20:36:59,916 - __main__ - INFO - Epoch 13/80: Loss = 0.0025
2025-06-08 20:37:00,379 - __main__ - INFO - Epoch 14/80: Loss = 0.0025
2025-06-08 20:37:00,843 - __main__ - INFO - Epoch 15/80: Loss = 0.0025
2025-06-08 20:37:01,315 - __main__ - INFO - Epoch 16/80: Loss = 0.0025
2025-06-08 20:37:01,827 - __main__ - INFO - Epoch 17/80: Loss = 0.0025
2025-06-08 20:37:02,387 - __main__ - INFO - Epoch 18/80: Loss = 0.0024
2025-06-08 20:37:02,869 - __main__ - INFO - Epoch 19/80: Loss = 0.0024
2025-06-08 20:37:03,383 - __main__ - INFO - Epoch 20/80: Loss = 0.0024
2025-06-08 20:37:03,843 - __main__ - INFO - Epoch 21/80: Loss = 0.0024
2025-06-08 20:37:04,351 - __main__ - INFO - Epoch 22/80: Loss = 0.0024
2025-06-08 20:37:04,829 - __main__ - INFO - Epoch 23/80: Loss = 0.0024
2025-06-08 20:37:05,314 - __main__ - INFO - Epoch 24/80: Loss = 0.0024
2025-06-08 20:37:05,801 - __main__ - INFO - Epoch 25/80: Loss = 0.0024
2025-06-08 20:37:06,302 - __main__ - INFO - Epoch 26/80: Loss = 0.0024
2025-06-08 20:37:06,806 - __main__ - INFO - Epoch 27/80: Loss = 0.0023
2025-06-08 20:37:07,328 - __main__ - INFO - Epoch 28/80: Loss = 0.0023
2025-06-08 20:37:07,797 - __main__ - INFO - Epoch 29/80: Loss = 0.0023
2025-06-08 20:37:08,242 - __main__ - INFO - Epoch 30/80: Loss = 0.0023
2025-06-08 20:37:08,701 - __main__ - INFO - Epoch 31/80: Loss = 0.0023
2025-06-08 20:37:09,152 - __main__ - INFO - Epoch 32/80: Loss = 0.0023
2025-06-08 20:37:09,609 - __main__ - INFO - Epoch 33/80: Loss = 0.0023
2025-06-08 20:37:10,064 - __main__ - INFO - Epoch 34/80: Loss = 0.0023
2025-06-08 20:37:10,552 - __main__ - INFO - Epoch 35/80: Loss = 0.0023
2025-06-08 20:37:11,062 - __main__ - INFO - Epoch 36/80: Loss = 0.0023
2025-06-08 20:37:11,580 - __main__ - INFO - Epoch 37/80: Loss = 0.0023
2025-06-08 20:37:12,049 - __main__ - INFO - Epoch 38/80: Loss = 0.0023
2025-06-08 20:37:12,531 - __main__ - INFO - Epoch 39/80: Loss = 0.0023
2025-06-08 20:37:12,984 - __main__ - INFO - Epoch 40/80: Loss = 0.0023
2025-06-08 20:37:13,460 - __main__ - INFO - Epoch 41/80: Loss = 0.0023
2025-06-08 20:37:13,904 - __main__ - INFO - Epoch 42/80: Loss = 0.0023
2025-06-08 20:37:14,357 - __main__ - INFO - Epoch 43/80: Loss = 0.0023
2025-06-08 20:37:14,804 - __main__ - INFO - Epoch 44/80: Loss = 0.0023
2025-06-08 20:37:15,351 - __main__ - INFO - Epoch 45/80: Loss = 0.0023
2025-06-08 20:37:15,864 - __main__ - INFO - Epoch 46/80: Loss = 0.0022
2025-06-08 20:37:16,351 - __main__ - INFO - Epoch 47/80: Loss = 0.0022
2025-06-08 20:37:16,814 - __main__ - INFO - Epoch 48/80: Loss = 0.0022
2025-06-08 20:37:17,264 - __main__ - INFO - Epoch 49/80: Loss = 0.0022
2025-06-08 20:37:17,705 - __main__ - INFO - Epoch 50/80: Loss = 0.0022
2025-06-08 20:37:18,172 - __main__ - INFO - Epoch 51/80: Loss = 0.0022
2025-06-08 20:37:18,632 - __main__ - INFO - Epoch 52/80: Loss = 0.0022
2025-06-08 20:37:19,093 - __main__ - INFO - Epoch 53/80: Loss = 0.0022
2025-06-08 20:37:19,599 - __main__ - INFO - Epoch 54/80: Loss = 0.0022
2025-06-08 20:37:20,088 - __main__ - INFO - Epoch 55/80: Loss = 0.0022
2025-06-08 20:37:20,594 - __main__ - INFO - Epoch 56/80: Loss = 0.0022
2025-06-08 20:37:21,034 - __main__ - INFO - Epoch 57/80: Loss = 0.0022
2025-06-08 20:37:21,498 - __main__ - INFO - Epoch 58/80: Loss = 0.0022
2025-06-08 20:37:21,975 - __main__ - INFO - Epoch 59/80: Loss = 0.0022
2025-06-08 20:37:22,453 - __main__ - INFO - Epoch 60/80: Loss = 0.0022
2025-06-08 20:37:22,923 - __main__ - INFO - Epoch 61/80: Loss = 0.0022
2025-06-08 20:37:23,406 - __main__ - INFO - Epoch 62/80: Loss = 0.0022
2025-06-08 20:37:23,897 - __main__ - INFO - Epoch 63/80: Loss = 0.0022
2025-06-08 20:37:24,446 - __main__ - INFO - Epoch 64/80: Loss = 0.0022
2025-06-08 20:37:24,968 - __main__ - INFO - Epoch 65/80: Loss = 0.0022
2025-06-08 20:37:25,472 - __main__ - INFO - Epoch 66/80: Loss = 0.0022
2025-06-08 20:37:25,971 - __main__ - INFO - Epoch 67/80: Loss = 0.0022
2025-06-08 20:37:26,430 - __main__ - INFO - Epoch 68/80: Loss = 0.0022
2025-06-08 20:37:26,933 - __main__ - INFO - Epoch 69/80: Loss = 0.0022
2025-06-08 20:37:27,428 - __main__ - INFO - Epoch 70/80: Loss = 0.0022
2025-06-08 20:37:27,910 - __main__ - INFO - Epoch 71/80: Loss = 0.0022
2025-06-08 20:37:28,457 - __main__ - INFO - Epoch 72/80: Loss = 0.0022
2025-06-08 20:37:28,953 - __main__ - INFO - Epoch 73/80: Loss = 0.0022
2025-06-08 20:37:29,500 - __main__ - INFO - Epoch 74/80: Loss = 0.0022
2025-06-08 20:37:30,028 - __main__ - INFO - Epoch 75/80: Loss = 0.0022
2025-06-08 20:37:30,533 - __main__ - INFO - Epoch 76/80: Loss = 0.0022
2025-06-08 20:37:31,034 - __main__ - INFO - Epoch 77/80: Loss = 0.0022
2025-06-08 20:37:31,512 - __main__ - INFO - Epoch 78/80: Loss = 0.0022
2025-06-08 20:37:31,973 - __main__ - INFO - Epoch 79/80: Loss = 0.0022
2025-06-08 20:37:32,461 - __main__ - INFO - Epoch 80/80: Loss = 0.0022
2025-06-08 20:37:32,716 - __main__ - INFO - ✅ Hybrid-Embeddings gespeichert unter /opt/***/data/processed/hybrid_deep_embedding.csv
2025-06-08 20:37:32,716 - __main__ - INFO - ✅ Hybrid-Embeddings gespeichert unter /opt/***/data/processed/hybrid_deep_embedding.csv
2025-06-08 20:37:32,728 - __main__ - INFO - ✅ Deep KNN Modell gespeichert unter /opt/***/models/hybrid_deep_knn.pkl
2025/06/08 20:37:37 INFO mlflow.pyfunc: Validating input example against model signature

Downloading artifacts:   0%|          | 0/1 [00:00<?, ?it/s]
Downloading artifacts: 100%|██████████| 1/1 [00:00<00:00, 87.39it/s]
Downloading artifacts: 100%|██████████| 1/1 [00:00<00:00, 86.11it/s]
Registered model 'hybrid_deep_model' already exists. Creating a new version of this model...
2025/06/08 20:37:48 INFO mlflow.store.model_registry.abstract_store: Waiting up to 300 seconds for model version to finish creation. Model name: hybrid_deep_model, version 43
Created version '43' of model 'hybrid_deep_model'.
2025-06-08 20:38:01,046 - __main__ - INFO - 📝 Tags für Modellversion 43 gesetzt: n_neighbors=50, latent_dim=32, tfidf_features=1991, epochs=80
2025-06-08 20:38:03,053 - __main__ - INFO - 🏁 Deep Hybrid-Model Training abgeschlossen und geloggt.

[2025-06-08T20:38:04.083+0000] {python.py:201} INFO - Done. Returned value was: None
[2025-06-08T20:38:04.094+0000] {taskinstance.py:1138} INFO - Marking task as SUCCESS. dag_id=deep_models_pipeline, task_id=train_deep_hybrid_model, execution_date=20250608T203625, start_date=20250608T203630, end_date=20250608T203804
[2025-06-08T20:38:04.142+0000] {local_task_job_runner.py:234} INFO - Task exited with return code 0
[2025-06-08T20:38:04.166+0000] {taskinstance.py:3280} INFO - 1 downstream tasks scheduled from follow-on schedule check
