[2025-06-06T12:13:10.448+0000] {taskinstance.py:1956} INFO - Dependencies all met for dep_context=non-requeueable deps ti=<TaskInstance: deep_models_pipeline.predict_best_model_user manual__2025-06-06T12:05:57.486817+00:00 [queued]>
[2025-06-06T12:13:10.458+0000] {taskinstance.py:1956} INFO - Dependencies all met for dep_context=requeueable deps ti=<TaskInstance: deep_models_pipeline.predict_best_model_user manual__2025-06-06T12:05:57.486817+00:00 [queued]>
[2025-06-06T12:13:10.458+0000] {taskinstance.py:2170} INFO - Starting attempt 1 of 3
[2025-06-06T12:13:10.472+0000] {taskinstance.py:2191} INFO - Executing <Task(PythonOperator): predict_best_model_user> on 2025-06-06 12:05:57.486817+00:00
[2025-06-06T12:13:10.478+0000] {standard_task_runner.py:60} INFO - Started process 2031 to run task
[2025-06-06T12:13:10.482+0000] {standard_task_runner.py:87} INFO - Running: ['***', 'tasks', 'run', 'deep_models_pipeline', 'predict_best_model_user', 'manual__2025-06-06T12:05:57.486817+00:00', '--job-id', '2182', '--raw', '--subdir', 'DAGS_FOLDER/train_deep_model_dag.py', '--cfg-path', '/tmp/tmp97_5qduv']
[2025-06-06T12:13:10.484+0000] {standard_task_runner.py:88} INFO - Job 2182: Subtask predict_best_model_user
[2025-06-06T12:13:10.526+0000] {task_command.py:423} INFO - Running <TaskInstance: deep_models_pipeline.predict_best_model_user manual__2025-06-06T12:05:57.486817+00:00 [running]> on host 9ad8faa7a938
[2025-06-06T12:13:10.592+0000] {taskinstance.py:2480} INFO - Exporting env vars: AIRFLOW_CTX_DAG_OWNER='***' AIRFLOW_CTX_DAG_ID='deep_models_pipeline' AIRFLOW_CTX_TASK_ID='predict_best_model_user' AIRFLOW_CTX_EXECUTION_DATE='2025-06-06T12:05:57.486817+00:00' AIRFLOW_CTX_TRY_NUMBER='1' AIRFLOW_CTX_DAG_RUN_ID='manual__2025-06-06T12:05:57.486817+00:00'
[2025-06-06T12:13:10.593+0000] {train_deep_model_dag.py:13} INFO - 🟦 Running command: python /opt/***/src/models/predict_best_model.py --model_type=user --pipeline_type=dl --n_users=100
[2025-06-06T12:13:35.205+0000] {train_deep_model_dag.py:20} INFO - 🟩 [stdout]:

[2025-06-06T12:13:35.205+0000] {train_deep_model_dag.py:22} WARNING - 🟨 [stderr]:
2025-06-06 12:13:12,477 - INFO - 🚀 Starte Prediction über MLflow Registry – Typ: user, Pipeline: dl
2025-06-06 12:13:12,480 - INFO - 📦 Lade Modell aus MLflow Registry: models:/user_deep_model@best_model

Downloading artifacts:   0%|          | 0/8 [00:00<?, ?it/s]
Downloading artifacts:  12%|█▎        | 1/8 [00:00<00:00, 9822.73it/s]
Downloading artifacts:  25%|██▌       | 2/8 [00:08<00:26,  4.46s/it]  
Downloading artifacts:  25%|██▌       | 2/8 [00:08<00:26,  4.46s/it]
Downloading artifacts:  38%|███▊      | 3/8 [00:09<00:15,  3.04s/it]
Downloading artifacts:  38%|███▊      | 3/8 [00:09<00:15,  3.04s/it]
Downloading artifacts:  50%|█████     | 4/8 [00:10<00:09,  2.26s/it]
Downloading artifacts:  50%|█████     | 4/8 [00:10<00:09,  2.26s/it]
Downloading artifacts:  62%|██████▎   | 5/8 [00:11<00:05,  1.70s/it]
Downloading artifacts:  62%|██████▎   | 5/8 [00:11<00:05,  1.70s/it]
Downloading artifacts:  75%|███████▌  | 6/8 [00:12<00:03,  1.57s/it]
Downloading artifacts:  75%|███████▌  | 6/8 [00:12<00:03,  1.57s/it]
Downloading artifacts:  88%|████████▊ | 7/8 [00:13<00:01,  1.40s/it]
Downloading artifacts:  88%|████████▊ | 7/8 [00:13<00:01,  1.40s/it]
Downloading artifacts: 100%|██████████| 8/8 [00:15<00:00,  1.58s/it]
Downloading artifacts: 100%|██████████| 8/8 [00:15<00:00,  1.58s/it]
Downloading artifacts: 100%|██████████| 8/8 [00:15<00:00,  1.99s/it]
2025-06-06 12:13:34,870 - INFO - 📥 Eingabematrix geladen: /opt/***/data/processed/user_deep_embedding.csv – Shape: (138493, 32)
2025-06-06 12:13:34,887 - ERROR - ❌ Fehler bei der Modellvorhersage: Failed to enforce schema of data '            0         1         2  ...        29        30        31
1   -0.012880 -0.262075 -0.225829  ... -0.418963 -0.027272 -0.179555
2   -0.015641 -0.238684 -0.350372  ... -0.401638 -0.110633 -0.115773
3   -0.028346 -0.235660 -0.278750  ... -0.498360 -0.065007 -0.077104
4   -0.159806 -0.263737 -0.056980  ... -0.167109 -0.071951 -0.078406
5    0.122289 -0.285016  0.013348  ... -0.198925  0.053915 -0.004500
..        ...       ...       ...  ...       ...       ...       ...
96   0.012526 -0.297915 -0.046251  ... -0.274176 -0.011334 -0.056537
97   0.286645 -0.171155  0.373901  ... -0.207170  0.060375  0.174514
98   0.102523 -0.316216 -0.225651  ... -0.342250  0.012694 -0.117435
99  -0.100817 -0.137210  0.128772  ... -0.260897 -0.157855  0.119701
100 -0.031772 -0.227848  0.110174  ... -0.227762 -0.006174  0.081357

[100 rows x 32 columns]' with schema '['emb_0': float (required), 'emb_1': float (required), 'emb_2': float (required), 'emb_3': float (required), 'emb_4': float (required), 'emb_5': float (required), 'emb_6': float (required), 'emb_7': float (required), 'emb_8': float (required), 'emb_9': float (required), 'emb_10': float (required), 'emb_11': float (required), 'emb_12': float (required), 'emb_13': float (required), 'emb_14': float (required), 'emb_15': float (required), 'emb_16': float (required), 'emb_17': float (required), 'emb_18': float (required), 'emb_19': float (required), 'emb_20': float (required), 'emb_21': float (required), 'emb_22': float (required), 'emb_23': float (required), 'emb_24': float (required), 'emb_25': float (required), 'emb_26': float (required), 'emb_27': float (required), 'emb_28': float (required), 'emb_29': float (required), 'emb_30': float (required), 'emb_31': float (required)]'. Error: Model is missing inputs ['emb_0', 'emb_1', 'emb_2', 'emb_3', 'emb_4', 'emb_5', 'emb_6', 'emb_7', 'emb_8', 'emb_9', 'emb_10', 'emb_11', 'emb_12', 'emb_13', 'emb_14', 'emb_15', 'emb_16', 'emb_17', 'emb_18', 'emb_19', 'emb_20', 'emb_21', 'emb_22', 'emb_23', 'emb_24', 'emb_25', 'emb_26', 'emb_27', 'emb_28', 'emb_29', 'emb_30', 'emb_31']. Note that there were extra inputs: ['7', '25', '13', '29', '0', '20', '27', '3', '16', '30', '2', '21', '10', '12', '31', '24', '14', '8', '11', '23', '1', '9', '22', '18', '5', '6', '28', '4', '15', '26', '17', '19']
Traceback (most recent call last):
  File "/home/***/.local/lib/python3.10/site-packages/mlflow/pyfunc/__init__.py", line 730, in _validate_prediction_input
    data = _enforce_schema(data, input_schema, flavor)
  File "/home/***/.local/lib/python3.10/site-packages/mlflow/models/utils.py", line 1259, in _enforce_schema
    raise MlflowException(message)
mlflow.exceptions.MlflowException: Model is missing inputs ['emb_0', 'emb_1', 'emb_2', 'emb_3', 'emb_4', 'emb_5', 'emb_6', 'emb_7', 'emb_8', 'emb_9', 'emb_10', 'emb_11', 'emb_12', 'emb_13', 'emb_14', 'emb_15', 'emb_16', 'emb_17', 'emb_18', 'emb_19', 'emb_20', 'emb_21', 'emb_22', 'emb_23', 'emb_24', 'emb_25', 'emb_26', 'emb_27', 'emb_28', 'emb_29', 'emb_30', 'emb_31']. Note that there were extra inputs: ['7', '25', '13', '29', '0', '20', '27', '3', '16', '30', '2', '21', '10', '12', '31', '24', '14', '8', '11', '23', '1', '9', '22', '18', '5', '6', '28', '4', '15', '26', '17', '19']

During handling of the above exception, another exception occurred:

Traceback (most recent call last):
  File "/opt/***/src/models/predict_best_model.py", line 130, in <module>
    predict_best_model(model_type=args.model_type, pipeline_type=args.pipeline_type, n_users=args.n_users)
  File "/opt/***/src/models/predict_best_model.py", line 85, in predict_best_model
    predictions = model.predict(input_df)
  File "/home/***/.local/lib/python3.10/site-packages/mlflow/pyfunc/__init__.py", line 812, in predict
    return self._predict(data, params)
  File "/home/***/.local/lib/python3.10/site-packages/mlflow/pyfunc/__init__.py", line 851, in _predict
    data, params = _validate_prediction_input(
  File "/home/***/.local/lib/python3.10/site-packages/mlflow/pyfunc/__init__.py", line 733, in _validate_prediction_input
    raise MlflowException.invalid_parameter_value(
mlflow.exceptions.MlflowException: Failed to enforce schema of data '            0         1         2  ...        29        30        31
1   -0.012880 -0.262075 -0.225829  ... -0.418963 -0.027272 -0.179555
2   -0.015641 -0.238684 -0.350372  ... -0.401638 -0.110633 -0.115773
3   -0.028346 -0.235660 -0.278750  ... -0.498360 -0.065007 -0.077104
4   -0.159806 -0.263737 -0.056980  ... -0.167109 -0.071951 -0.078406
5    0.122289 -0.285016  0.013348  ... -0.198925  0.053915 -0.004500
..        ...       ...       ...  ...       ...       ...       ...
96   0.012526 -0.297915 -0.046251  ... -0.274176 -0.011334 -0.056537
97   0.286645 -0.171155  0.373901  ... -0.207170  0.060375  0.174514
98   0.102523 -0.316216 -0.225651  ... -0.342250  0.012694 -0.117435
99  -0.100817 -0.137210  0.128772  ... -0.260897 -0.157855  0.119701
100 -0.031772 -0.227848  0.110174  ... -0.227762 -0.006174  0.081357

[100 rows x 32 columns]' with schema '['emb_0': float (required), 'emb_1': float (required), 'emb_2': float (required), 'emb_3': float (required), 'emb_4': float (required), 'emb_5': float (required), 'emb_6': float (required), 'emb_7': float (required), 'emb_8': float (required), 'emb_9': float (required), 'emb_10': float (required), 'emb_11': float (required), 'emb_12': float (required), 'emb_13': float (required), 'emb_14': float (required), 'emb_15': float (required), 'emb_16': float (required), 'emb_17': float (required), 'emb_18': float (required), 'emb_19': float (required), 'emb_20': float (required), 'emb_21': float (required), 'emb_22': float (required), 'emb_23': float (required), 'emb_24': float (required), 'emb_25': float (required), 'emb_26': float (required), 'emb_27': float (required), 'emb_28': float (required), 'emb_29': float (required), 'emb_30': float (required), 'emb_31': float (required)]'. Error: Model is missing inputs ['emb_0', 'emb_1', 'emb_2', 'emb_3', 'emb_4', 'emb_5', 'emb_6', 'emb_7', 'emb_8', 'emb_9', 'emb_10', 'emb_11', 'emb_12', 'emb_13', 'emb_14', 'emb_15', 'emb_16', 'emb_17', 'emb_18', 'emb_19', 'emb_20', 'emb_21', 'emb_22', 'emb_23', 'emb_24', 'emb_25', 'emb_26', 'emb_27', 'emb_28', 'emb_29', 'emb_30', 'emb_31']. Note that there were extra inputs: ['7', '25', '13', '29', '0', '20', '27', '3', '16', '30', '2', '21', '10', '12', '31', '24', '14', '8', '11', '23', '1', '9', '22', '18', '5', '6', '28', '4', '15', '26', '17', '19']

[2025-06-06T12:13:35.206+0000] {train_deep_model_dag.py:29} ERROR - ❌ Subprozess-Fehler (exit code 1): python /opt/***/src/models/predict_best_model.py --model_type=user --pipeline_type=dl --n_users=100
[2025-06-06T12:13:35.207+0000] {train_deep_model_dag.py:32} ERROR - ❌ Subprozess-Ausnahme: Command '['python', '/opt/***/src/models/predict_best_model.py', '--model_type=user', '--pipeline_type=dl', '--n_users=100']' returned non-zero exit status 1.
[2025-06-06T12:13:35.207+0000] {taskinstance.py:2698} ERROR - Task failed with exception
Traceback (most recent call last):
  File "/home/airflow/.local/lib/python3.10/site-packages/airflow/models/taskinstance.py", line 433, in _execute_task
    result = execute_callable(context=context, **execute_callable_kwargs)
  File "/home/airflow/.local/lib/python3.10/site-packages/airflow/operators/python.py", line 199, in execute
    return_value = self.execute_callable()
  File "/home/airflow/.local/lib/python3.10/site-packages/airflow/operators/python.py", line 216, in execute_callable
    return self.python_callable(*self.op_args, **self.op_kwargs)
  File "/opt/airflow/dags/train_deep_model_dag.py", line 87, in run_predict_best_model_user_dl
    run_and_log([
  File "/opt/airflow/dags/train_deep_model_dag.py", line 30, in run_and_log
    raise subprocess.CalledProcessError(result.returncode, command)
subprocess.CalledProcessError: Command '['python', '/opt/airflow/src/models/predict_best_model.py', '--model_type=user', '--pipeline_type=dl', '--n_users=100']' returned non-zero exit status 1.
[2025-06-06T12:13:35.216+0000] {taskinstance.py:1138} INFO - Marking task as UP_FOR_RETRY. dag_id=deep_models_pipeline, task_id=predict_best_model_user, execution_date=20250606T120557, start_date=20250606T121310, end_date=20250606T121335
[2025-06-06T12:13:35.225+0000] {standard_task_runner.py:107} ERROR - Failed to execute job 2182 for task predict_best_model_user (Command '['python', '/opt/airflow/src/models/predict_best_model.py', '--model_type=user', '--pipeline_type=dl', '--n_users=100']' returned non-zero exit status 1.; 2031)
[2025-06-06T12:13:35.234+0000] {local_task_job_runner.py:234} INFO - Task exited with return code 1
[2025-06-06T12:13:35.245+0000] {taskinstance.py:3280} INFO - 0 downstream tasks scheduled from follow-on schedule check
