[2025-06-11T22:57:03.601+0000] {taskinstance.py:1956} INFO - Dependencies all met for dep_context=non-requeueable deps ti=<TaskInstance: deep_models_pipeline.train_deep_hybrid_model manual__2025-06-11T22:56:58.577452+00:00 [queued]>
[2025-06-11T22:57:03.607+0000] {taskinstance.py:1956} INFO - Dependencies all met for dep_context=requeueable deps ti=<TaskInstance: deep_models_pipeline.train_deep_hybrid_model manual__2025-06-11T22:56:58.577452+00:00 [queued]>
[2025-06-11T22:57:03.608+0000] {taskinstance.py:2170} INFO - Starting attempt 1 of 3
[2025-06-11T22:57:03.616+0000] {taskinstance.py:2191} INFO - Executing <Task(PythonOperator): train_deep_hybrid_model> on 2025-06-11 22:56:58.577452+00:00
[2025-06-11T22:57:03.623+0000] {standard_task_runner.py:60} INFO - Started process 334 to run task
[2025-06-11T22:57:03.625+0000] {standard_task_runner.py:87} INFO - Running: ['***', 'tasks', 'run', 'deep_models_pipeline', 'train_deep_hybrid_model', 'manual__2025-06-11T22:56:58.577452+00:00', '--job-id', '3764', '--raw', '--subdir', 'DAGS_FOLDER/train_deep_model_dag.py', '--cfg-path', '/tmp/tmpw0bovtg2']
[2025-06-11T22:57:03.626+0000] {standard_task_runner.py:88} INFO - Job 3764: Subtask train_deep_hybrid_model
[2025-06-11T22:57:03.656+0000] {task_command.py:423} INFO - Running <TaskInstance: deep_models_pipeline.train_deep_hybrid_model manual__2025-06-11T22:56:58.577452+00:00 [running]> on host 801849b0525f
[2025-06-11T22:57:03.709+0000] {taskinstance.py:2480} INFO - Exporting env vars: AIRFLOW_CTX_DAG_OWNER='***' AIRFLOW_CTX_DAG_ID='deep_models_pipeline' AIRFLOW_CTX_TASK_ID='train_deep_hybrid_model' AIRFLOW_CTX_EXECUTION_DATE='2025-06-11T22:56:58.577452+00:00' AIRFLOW_CTX_TRY_NUMBER='1' AIRFLOW_CTX_DAG_RUN_ID='manual__2025-06-11T22:56:58.577452+00:00'
[2025-06-11T22:57:03.709+0000] {train_deep_model_dag.py:13} INFO - 🟦 Running command: python /opt/***/src/models/train_hybrid_deep_model.py --n_neighbors=10 --latent_dim=64 --epochs=30 --tfidf_features=300
[2025-06-11T22:58:09.449+0000] {train_deep_model_dag.py:20} INFO - 🟩 [stdout]:
🏃 View run train_hybrid_deep_model at: https://dagshub.com/sacer11/MLOps_movie_rec_apr25.mlflow/#/experiments/10/runs/54f8f08c45ab4c70990a838f8a3b95f5
🧪 View experiment at: https://dagshub.com/sacer11/MLOps_movie_rec_apr25.mlflow/#/experiments/10

[2025-06-11T22:58:09.450+0000] {train_deep_model_dag.py:22} WARNING - 🟨 [stderr]:
2025-06-11 22:57:08,766 - __main__ - INFO - 📥 Lade Rohdaten und baue Hybrid-Feature-Matrix ...
2025-06-11 22:57:14,472 - __main__ - INFO - 📐 Hybrid-Matrix erstellt mit Shape: (10381, 1429), Feature-Namen: 1429
2025-06-11 22:57:24,996 - __main__ - INFO - 💾 Hybrid-Matrix gespeichert unter /opt/***/data/processed/hybrid_matrix.csv
2025-06-11 22:57:25,158 - __main__ - INFO - 🚀 Starte Training Autoencoder ...
2025-06-11 22:57:26,553 - __main__ - INFO - Epoch 1/30: Loss = 0.0120
2025-06-11 22:57:26,929 - __main__ - INFO - Epoch 2/30: Loss = 0.0070
2025-06-11 22:57:27,373 - __main__ - INFO - Epoch 3/30: Loss = 0.0060
2025-06-11 22:57:27,723 - __main__ - INFO - Epoch 4/30: Loss = 0.0055
2025-06-11 22:57:28,175 - __main__ - INFO - Epoch 5/30: Loss = 0.0052
2025-06-11 22:57:28,579 - __main__ - INFO - Epoch 6/30: Loss = 0.0050
2025-06-11 22:57:28,917 - __main__ - INFO - Epoch 7/30: Loss = 0.0048
2025-06-11 22:57:29,259 - __main__ - INFO - Epoch 8/30: Loss = 0.0047
2025-06-11 22:57:29,639 - __main__ - INFO - Epoch 9/30: Loss = 0.0046
2025-06-11 22:57:29,980 - __main__ - INFO - Epoch 10/30: Loss = 0.0045
2025-06-11 22:57:30,472 - __main__ - INFO - Epoch 11/30: Loss = 0.0044
2025-06-11 22:57:30,809 - __main__ - INFO - Epoch 12/30: Loss = 0.0043
2025-06-11 22:57:31,114 - __main__ - INFO - Epoch 13/30: Loss = 0.0043
2025-06-11 22:57:31,484 - __main__ - INFO - Epoch 14/30: Loss = 0.0042
2025-06-11 22:57:31,852 - __main__ - INFO - Epoch 15/30: Loss = 0.0042
2025-06-11 22:57:32,268 - __main__ - INFO - Epoch 16/30: Loss = 0.0042
2025-06-11 22:57:32,619 - __main__ - INFO - Epoch 17/30: Loss = 0.0041
2025-06-11 22:57:32,967 - __main__ - INFO - Epoch 18/30: Loss = 0.0041
2025-06-11 22:57:33,293 - __main__ - INFO - Epoch 19/30: Loss = 0.0041
2025-06-11 22:57:33,634 - __main__ - INFO - Epoch 20/30: Loss = 0.0040
2025-06-11 22:57:33,991 - __main__ - INFO - Epoch 21/30: Loss = 0.0040
2025-06-11 22:57:34,335 - __main__ - INFO - Epoch 22/30: Loss = 0.0040
2025-06-11 22:57:34,669 - __main__ - INFO - Epoch 23/30: Loss = 0.0040
2025-06-11 22:57:35,095 - __main__ - INFO - Epoch 24/30: Loss = 0.0040
2025-06-11 22:57:35,385 - __main__ - INFO - Epoch 25/30: Loss = 0.0039
2025-06-11 22:57:35,734 - __main__ - INFO - Epoch 26/30: Loss = 0.0039
2025-06-11 22:57:36,216 - __main__ - INFO - Epoch 27/30: Loss = 0.0039
2025-06-11 22:57:36,566 - __main__ - INFO - Epoch 28/30: Loss = 0.0039
2025-06-11 22:57:36,920 - __main__ - INFO - Epoch 29/30: Loss = 0.0039
2025-06-11 22:57:37,304 - __main__ - INFO - Epoch 30/30: Loss = 0.0039
2025-06-11 22:57:37,750 - __main__ - INFO - ✅ Hybrid-Embeddings gespeichert unter /opt/***/data/processed/hybrid_deep_embedding.csv
2025-06-11 22:57:37,750 - __main__ - INFO - ✅ Hybrid-Embeddings gespeichert unter /opt/***/data/processed/hybrid_deep_embedding.csv
2025-06-11 22:57:37,768 - __main__ - INFO - ✅ Deep KNN Modell gespeichert unter /opt/***/models/hybrid_deep_knn.pkl
2025/06/11 22:57:44 INFO mlflow.pyfunc: Validating input example against model signature

Downloading artifacts:   0%|          | 0/1 [00:00<?, ?it/s]
Downloading artifacts: 100%|██████████| 1/1 [00:00<00:00, 51.40it/s]
Downloading artifacts: 100%|██████████| 1/1 [00:00<00:00, 50.64it/s]
Registered model 'hybrid_deep_model' already exists. Creating a new version of this model...
2025/06/11 22:57:54 INFO mlflow.store.model_registry.abstract_store: Waiting up to 300 seconds for model version to finish creation. Model name: hybrid_deep_model, version 107
Created version '107' of model 'hybrid_deep_model'.
2025-06-11 22:58:06,164 - __main__ - INFO - 📝 Tags für Modellversion 107 gesetzt: n_neighbors=10, latent_dim=64, tfidf_features=300, epochs=30
2025-06-11 22:58:08,169 - __main__ - INFO - 🏁 Deep Hybrid-Model Training abgeschlossen und geloggt.

[2025-06-11T22:58:09.451+0000] {python.py:201} INFO - Done. Returned value was: None
[2025-06-11T22:58:09.459+0000] {taskinstance.py:1138} INFO - Marking task as SUCCESS. dag_id=deep_models_pipeline, task_id=train_deep_hybrid_model, execution_date=20250611T225658, start_date=20250611T225703, end_date=20250611T225809
[2025-06-11T22:58:09.512+0000] {local_task_job_runner.py:234} INFO - Task exited with return code 0
[2025-06-11T22:58:09.535+0000] {taskinstance.py:3280} INFO - 1 downstream tasks scheduled from follow-on schedule check
