[2025-06-12T21:07:36.145+0000] {taskinstance.py:1956} INFO - Dependencies all met for dep_context=non-requeueable deps ti=<TaskInstance: deep_models_pipeline.train_deep_hybrid_model manual__2025-06-12T21:07:30.464726+00:00 [queued]>
[2025-06-12T21:07:36.151+0000] {taskinstance.py:1956} INFO - Dependencies all met for dep_context=requeueable deps ti=<TaskInstance: deep_models_pipeline.train_deep_hybrid_model manual__2025-06-12T21:07:30.464726+00:00 [queued]>
[2025-06-12T21:07:36.152+0000] {taskinstance.py:2170} INFO - Starting attempt 1 of 3
[2025-06-12T21:07:36.163+0000] {taskinstance.py:2191} INFO - Executing <Task(PythonOperator): train_deep_hybrid_model> on 2025-06-12 21:07:30.464726+00:00
[2025-06-12T21:07:36.168+0000] {standard_task_runner.py:60} INFO - Started process 1062 to run task
[2025-06-12T21:07:36.171+0000] {standard_task_runner.py:87} INFO - Running: ['***', 'tasks', 'run', 'deep_models_pipeline', 'train_deep_hybrid_model', 'manual__2025-06-12T21:07:30.464726+00:00', '--job-id', '105', '--raw', '--subdir', 'DAGS_FOLDER/train_deep_model_dag.py', '--cfg-path', '/tmp/tmpytufsh8b']
[2025-06-12T21:07:36.173+0000] {standard_task_runner.py:88} INFO - Job 105: Subtask train_deep_hybrid_model
[2025-06-12T21:07:36.206+0000] {task_command.py:423} INFO - Running <TaskInstance: deep_models_pipeline.train_deep_hybrid_model manual__2025-06-12T21:07:30.464726+00:00 [running]> on host 39fe028a69c8
[2025-06-12T21:07:36.259+0000] {taskinstance.py:2480} INFO - Exporting env vars: AIRFLOW_CTX_DAG_OWNER='***' AIRFLOW_CTX_DAG_ID='deep_models_pipeline' AIRFLOW_CTX_TASK_ID='train_deep_hybrid_model' AIRFLOW_CTX_EXECUTION_DATE='2025-06-12T21:07:30.464726+00:00' AIRFLOW_CTX_TRY_NUMBER='1' AIRFLOW_CTX_DAG_RUN_ID='manual__2025-06-12T21:07:30.464726+00:00'
[2025-06-12T21:07:36.260+0000] {train_deep_model_dag.py:13} INFO - 🟦 Running command: python /opt/***/src/models/train_hybrid_deep_model.py
[2025-06-12T21:09:01.833+0000] {train_deep_model_dag.py:20} INFO - 🟩 [stdout]:
🏃 View run train_hybrid_deep_model at: https://dagshub.com/sacer11/MLOps_movie_rec_apr25.mlflow/#/experiments/10/runs/e600bf772b7a4be7a29f87671192f293
🧪 View experiment at: https://dagshub.com/sacer11/MLOps_movie_rec_apr25.mlflow/#/experiments/10

[2025-06-12T21:09:01.833+0000] {train_deep_model_dag.py:22} WARNING - 🟨 [stderr]:
2025-06-12 21:07:40,153 - __main__ - INFO - 📥 Lade Rohdaten und baue Hybrid-Feature-Matrix ...
2025-06-12 21:07:45,054 - __main__ - INFO - 📐 Hybrid-Matrix erstellt mit Shape: (10381, 1477), Feature-Namen: 1477
2025-06-12 21:07:54,906 - __main__ - INFO - 💾 Hybrid-Matrix gespeichert unter /opt/***/data/processed/hybrid_matrix.csv
2025-06-12 21:07:55,004 - __main__ - INFO - 🚀 Starte Training Autoencoder ...
2025-06-12 21:07:55,955 - __main__ - INFO - Epoch 1/30: Loss = 0.0090
2025-06-12 21:07:56,332 - __main__ - INFO - Epoch 2/30: Loss = 0.0053
2025-06-12 21:07:56,712 - __main__ - INFO - Epoch 3/30: Loss = 0.0047
2025-06-12 21:07:57,114 - __main__ - INFO - Epoch 4/30: Loss = 0.0044
2025-06-12 21:07:57,516 - __main__ - INFO - Epoch 5/30: Loss = 0.0042
2025-06-12 21:07:57,968 - __main__ - INFO - Epoch 6/30: Loss = 0.0041
2025-06-12 21:07:58,333 - __main__ - INFO - Epoch 7/30: Loss = 0.0040
2025-06-12 21:07:58,689 - __main__ - INFO - Epoch 8/30: Loss = 0.0040
2025-06-12 21:07:59,088 - __main__ - INFO - Epoch 9/30: Loss = 0.0039
2025-06-12 21:07:59,517 - __main__ - INFO - Epoch 10/30: Loss = 0.0038
2025-06-12 21:07:59,943 - __main__ - INFO - Epoch 11/30: Loss = 0.0038
2025-06-12 21:08:00,306 - __main__ - INFO - Epoch 12/30: Loss = 0.0038
2025-06-12 21:08:00,688 - __main__ - INFO - Epoch 13/30: Loss = 0.0037
2025-06-12 21:08:01,072 - __main__ - INFO - Epoch 14/30: Loss = 0.0037
2025-06-12 21:08:01,552 - __main__ - INFO - Epoch 15/30: Loss = 0.0037
2025-06-12 21:08:01,958 - __main__ - INFO - Epoch 16/30: Loss = 0.0036
2025-06-12 21:08:02,349 - __main__ - INFO - Epoch 17/30: Loss = 0.0036
2025-06-12 21:08:02,720 - __main__ - INFO - Epoch 18/30: Loss = 0.0036
2025-06-12 21:08:03,111 - __main__ - INFO - Epoch 19/30: Loss = 0.0036
2025-06-12 21:08:03,539 - __main__ - INFO - Epoch 20/30: Loss = 0.0036
2025-06-12 21:08:03,934 - __main__ - INFO - Epoch 21/30: Loss = 0.0036
2025-06-12 21:08:04,338 - __main__ - INFO - Epoch 22/30: Loss = 0.0035
2025-06-12 21:08:04,692 - __main__ - INFO - Epoch 23/30: Loss = 0.0035
2025-06-12 21:08:05,044 - __main__ - INFO - Epoch 24/30: Loss = 0.0035
2025-06-12 21:08:05,435 - __main__ - INFO - Epoch 25/30: Loss = 0.0035
2025-06-12 21:08:05,860 - __main__ - INFO - Epoch 26/30: Loss = 0.0035
2025-06-12 21:08:06,275 - __main__ - INFO - Epoch 27/30: Loss = 0.0035
2025-06-12 21:08:06,634 - __main__ - INFO - Epoch 28/30: Loss = 0.0035
2025-06-12 21:08:06,999 - __main__ - INFO - Epoch 29/30: Loss = 0.0034
2025-06-12 21:08:07,367 - __main__ - INFO - Epoch 30/30: Loss = 0.0034
2025-06-12 21:08:07,615 - __main__ - INFO - ✅ Hybrid-Embeddings gespeichert unter /opt/***/data/processed/hybrid_deep_embedding.csv
2025-06-12 21:08:07,626 - __main__ - INFO - ✅ Deep KNN Modell gespeichert unter /opt/***/models/hybrid_deep_knn.pkl
2025/06/12 21:08:20 INFO mlflow.pyfunc: Validating input example against model signature

Downloading artifacts:   0%|          | 0/1 [00:00<?, ?it/s]
Downloading artifacts: 100%|██████████| 1/1 [00:00<00:00, 77.22it/s]
Downloading artifacts: 100%|██████████| 1/1 [00:00<00:00, 76.03it/s]
Registered model 'hybrid_deep_model' already exists. Creating a new version of this model...
2025/06/12 21:08:31 INFO mlflow.store.model_registry.abstract_store: Waiting up to 300 seconds for model version to finish creation. Model name: hybrid_deep_model, version 7
Created version '7' of model 'hybrid_deep_model'.
2025-06-12 21:08:58,854 - __main__ - INFO - 📝 Tags gesetzt für Modellversion 7: n_neighbors=15, latent_dim=32, hidden_dim=256, tfidf_features=348, epochs=30, lr=0.001, batch_size=64, metric=cosine, content_weight=0.0, collab_weight=1.0, power_factor=1.0, precision_10=0.0
2025-06-12 21:09:00,871 - __main__ - INFO - 🏁 Deep Hybrid-Model Training abgeschlossen und geloggt.

[2025-06-12T21:09:01.834+0000] {python.py:201} INFO - Done. Returned value was: None
[2025-06-12T21:09:01.841+0000] {taskinstance.py:1138} INFO - Marking task as SUCCESS. dag_id=deep_models_pipeline, task_id=train_deep_hybrid_model, execution_date=20250612T210730, start_date=20250612T210736, end_date=20250612T210901
[2025-06-12T21:09:01.854+0000] {local_task_job_runner.py:234} INFO - Task exited with return code 0
[2025-06-12T21:09:01.872+0000] {taskinstance.py:3280} INFO - 1 downstream tasks scheduled from follow-on schedule check
