[2025-06-02T07:55:52.590+0000] {taskinstance.py:1956} INFO - Dependencies all met for dep_context=non-requeueable deps ti=<TaskInstance: movie_recommendation_pipeline.make_dataset manual__2025-06-02T07:55:50.533186+00:00 [queued]>
[2025-06-02T07:55:52.597+0000] {taskinstance.py:1956} INFO - Dependencies all met for dep_context=requeueable deps ti=<TaskInstance: movie_recommendation_pipeline.make_dataset manual__2025-06-02T07:55:50.533186+00:00 [queued]>
[2025-06-02T07:55:52.598+0000] {taskinstance.py:2170} INFO - Starting attempt 1 of 3
[2025-06-02T07:55:52.608+0000] {taskinstance.py:2191} INFO - Executing <Task(PythonOperator): make_dataset> on 2025-06-02 07:55:50.533186+00:00
[2025-06-02T07:55:52.614+0000] {standard_task_runner.py:60} INFO - Started process 343 to run task
[2025-06-02T07:55:52.616+0000] {standard_task_runner.py:87} INFO - Running: ['***', 'tasks', 'run', 'movie_recommendation_pipeline', 'make_dataset', 'manual__2025-06-02T07:55:50.533186+00:00', '--job-id', '1584', '--raw', '--subdir', 'DAGS_FOLDER/mlops_movie_dag.py', '--cfg-path', '/tmp/tmpctw8ir1_']
[2025-06-02T07:55:52.618+0000] {standard_task_runner.py:88} INFO - Job 1584: Subtask make_dataset
[2025-06-02T07:55:52.651+0000] {task_command.py:423} INFO - Running <TaskInstance: movie_recommendation_pipeline.make_dataset manual__2025-06-02T07:55:50.533186+00:00 [running]> on host db2b0a85f52a
[2025-06-02T07:55:52.701+0000] {taskinstance.py:2480} INFO - Exporting env vars: AIRFLOW_CTX_DAG_OWNER='***' AIRFLOW_CTX_DAG_ID='movie_recommendation_pipeline' AIRFLOW_CTX_TASK_ID='make_dataset' AIRFLOW_CTX_EXECUTION_DATE='2025-06-02T07:55:50.533186+00:00' AIRFLOW_CTX_TRY_NUMBER='1' AIRFLOW_CTX_DAG_RUN_ID='manual__2025-06-02T07:55:50.533186+00:00'
[2025-06-02T07:55:52.702+0000] {mlops_movie_dag.py:12} INFO - ðŸŸ¦ Running command: python /opt/***/src/data/make_dataset.py
[2025-06-02T08:00:58.476+0000] {mlops_movie_dag.py:19} INFO - ðŸŸ© [stdout]:

[2025-06-02T08:00:58.483+0000] {mlops_movie_dag.py:21} WARNING - ðŸŸ¨ [stderr]:
2025-06-02 07:55:53,239 - __main__ - INFO - ðŸ“¦ Starte Verarbeitung der Rohdaten.

  0%|          | 0/138493 [00:00<?, ?it/s]
  0%|          | 1/138493 [00:00<19:54:56,  1.93it/s]
  0%|          | 103/138493 [00:00<10:24, 221.75it/s]
  0%|          | 194/138493 [00:00<06:00, 383.80it/s]
  0%|          | 289/138493 [00:00<04:22, 525.97it/s]
  0%|          | 381/138493 [00:00<03:39, 628.99it/s]
  0%|          | 467/138493 [00:01<03:22, 681.09it/s]
  0%|          | 570/138493 [00:01<02:57, 777.62it/s]
  0%|          | 661/138493 [00:01<02:50, 808.09it/s]
  1%|          | 752/138493 [00:01<02:44, 836.45it/s]
  1%|          | 850/138493 [00:01<02:36, 877.12it/s]
  1%|          | 943/138493 [00:01<02:40, 857.09it/s]
  1%|          | 1032/138493 [00:01<02:39, 862.31it/s]
  1%|          | 1141/138493 [00:01<02:28, 927.62it/s]
  1%|          | 1236/138493 [00:01<02:27, 933.34it/s]
  1%|          | 1333/138493 [00:01<02:25, 943.46it/s]
  1%|          | 1434/138493 [00:02<02:22, 962.06it/s]
  1%|          | 1531/138493 [00:02<02:22, 959.29it/s]
  1%|          | 1628/138493 [00:02<02:22, 959.10it/s]
  1%|          | 1729/138493 [00:02<02:21, 969.50it/s]
  1%|â–         | 1827/138493 [00:02<02:24, 944.82it/s]
  1%|â–         | 1922/138493 [00:02<02:24, 944.23it/s]
  1%|â–         | 2017/138493 [00:02<02:26, 931.85it/s]
  2%|â–         | 2111/138493 [00:02<03:05, 733.34it/s]
  2%|â–         | 2199/138493 [00:02<02:57, 768.16it/s]
  2%|â–         | 2282/138493 [00:03<03:02, 746.23it/s]
  2%|â–         | 2368/138493 [00:03<02:56, 771.94it/s]
  2%|â–         | 2464/138493 [00:03<02:45, 821.27it/s]
  2%|â–         | 2553/138493 [00:03<02:42, 838.11it/s]
  2%|â–         | 2657/138493 [00:03<02:32, 890.86it/s]
  2%|â–         | 2753/138493 [00:03<02:29, 910.17it/s]
  2%|â–         | 2847/138493 [00:03<02:28, 914.66it/s]
  2%|â–         | 2940/138493 [00:03<02:30, 897.95it/s]
  2%|â–         | 3031/138493 [00:03<02:30, 899.93it/s]
  2%|â–         | 3127/138493 [00:03<02:27, 915.92it/s]
  2%|â–         | 3219/138493 [00:04<02:32, 886.92it/s]
  2%|â–         | 3309/138493 [00:04<02:39, 848.46it/s]
  2%|â–         | 3408/138493 [00:04<02:32, 887.05it/s]
  3%|â–Ž         | 3510/138493 [00:04<02:26, 923.91it/s]
  3%|â–Ž         | 3603/138493 [00:04<02:28, 911.06it/s]
  3%|â–Ž         | 3695/138493 [00:04<02:30, 897.85it/s]
  3%|â–Ž         | 3792/138493 [00:04<02:26, 918.27it/s]
  3%|â–Ž         | 3894/138493 [00:04<02:22, 946.88it/s]
  3%|â–Ž         | 3989/138493 [00:04<02:24, 928.96it/s]
  3%|â–Ž         | 4084/138493 [00:05<02:25, 925.97it/s]
  3%|â–Ž         | 4183/138493 [00:05<02:22, 944.12it/s]
  3%|â–Ž         | 4278/138493 [00:05<02:24, 931.75it/s]
  3%|â–Ž         | 4372/138493 [00:05<02:29, 894.48it/s]
  3%|â–Ž         | 4477/138493 [00:05<02:23, 936.63it/s]
  3%|â–Ž         | 4572/138493 [00:05<02:24, 924.64it/s]
  3%|â–Ž         | 4665/138493 [00:05<02:24, 923.80it/s]
  3%|â–Ž         | 4772/138493 [00:05<02:18, 964.45it/s]
  4%|â–Ž         | 4870/138493 [00:05<02:18, 966.12it/s]
  4%|â–Ž         | 4968/138493 [00:05<02:19, 957.84it/s]
  4%|â–Ž         | 5066/138493 [00:06<02:18, 961.74it/s]
  4%|â–Ž         | 5163/138493 [00:06<02:22, 934.19it/s]
  4%|â–         | 5264/138493 [00:06<02:19, 955.80it/s]
  4%|â–         | 5360/138493 [00:06<02:25, 914.34it/s]
  4%|â–         | 5452/138493 [00:06<02:25, 913.38it/s]
  4%|â–         | 5544/138493 [00:06<02:36, 851.15it/s]
  4%|â–         | 5632/138493 [00:06<02:34, 858.67it/s]
  4%|â–         | 5729/138493 [00:06<02:29, 886.23it/s]
  4%|â–         | 5819/138493 [00:06<02:30, 883.07it/s]
  4%|â–         | 5911/138493 [00:07<02:28, 892.64it/s]
  4%|â–         | 6013/138493 [00:07<02:22, 928.04it/s]
  4%|â–         | 6107/138493 [00:07<02:26, 902.28it/s]
  4%|â–         | 6198/138493 [00:07<02:27, 894.04it/s]
  5%|â–         | 6308/138493 [00:07<02:19, 950.92it/s]
  5%|â–         | 6404/138493 [00:07<02:22, 924.41it/s]
  5%|â–         | 6507/138493 [00:07<02:18, 953.53it/s]
  5%|â–         | 6614/138493 [00:07<02:13, 984.99it/s]
  5%|â–         | 6718/138493 [00:07<02:11, 1000.87it/s]
  5%|â–         | 6819/138493 [00:07<02:11, 998.85it/s] 
  5%|â–         | 6920/138493 [00:08<02:11, 1000.96it/s]
  5%|â–Œ         | 7029/138493 [00:08<02:08, 1025.52it/s]
  5%|â–Œ         | 7132/138493 [00:08<02:08, 1019.49it/s]
  5%|â–Œ         | 7235/138493 [00:08<02:12, 986.96it/s] 
  5%|â–Œ         | 7344/138493 [00:08<02:08, 1016.69it/s]
  5%|â–Œ         | 7446/138493 [00:08<02:08, 1016.97it/s]
  5%|â–Œ         | 7548/138493 [00:08<02:10, 1006.97it/s]
  6%|â–Œ         | 7649/138493 [00:08<02:11, 993.52it/s] 
  6%|â–Œ         | 7749/138493 [00:09<02:53, 753.76it/s]
  6%|â–Œ         | 7834/138493 [00:09<02:48, 776.20it/s]
  6%|â–Œ         | 7939/138493 [00:09<02:35, 841.98it/s]
  6%|â–Œ         | 8044/138493 [00:09<02:25, 895.88it/s]
  6%|â–Œ         | 8139/138493 [00:09<02:23, 908.54it/s]
  6%|â–Œ         | 8234/138493 [00:09<02:25, 895.39it/s]
  6%|â–Œ         | 8337/138493 [00:09<02:19, 932.30it/s]
  6%|â–Œ         | 8433/138493 [00:09<02:28, 875.12it/s]
  6%|â–Œ         | 8523/138493 [00:09<02:28, 873.94it/s]
  6%|â–Œ         | 8612/138493 [00:09<02:30, 865.18it/s]
  6%|â–‹         | 8700/138493 [00:10<02:29, 866.61it/s]
  6%|â–‹         | 8794/138493 [00:10<02:26, 886.74it/s]
  6%|â–‹         | 8884/138493 [00:10<02:26, 883.36it/s]
  6%|â–‹         | 8973/138493 [00:10<02:34, 839.98it/s]
  7%|â–‹         | 9070/138493 [00:10<02:27, 875.56it/s]
  7%|â–‹         | 9159/138493 [00:10<02:35, 830.80it/s]
  7%|â–‹         | 9243/138493 [00:10<02:35, 831.57it/s]
  7%|â–‹         | 9327/138493 [00:10<02:36, 822.73it/s]
  7%|â–‹         | 9424/138493 [00:10<02:29, 861.83it/s]
  7%|â–‹         | 9511/138493 [00:11<02:31, 852.74it/s]
  7%|â–‹         | 9597/138493 [00:11<02:35, 826.94it/s]
  7%|â–‹         | 9693/138493 [00:11<02:29, 863.85it/s]
  7%|â–‹         | 9790/138493 [00:11<02:24, 888.15it/s]
  7%|â–‹         | 9880/138493 [00:11<02:26, 875.62it/s]
  7%|â–‹         | 9968/138493 [00:11<02:29, 860.33it/s]
  7%|â–‹         | 10056/138493 [00:11<02:28, 862.51it/s]
  7%|â–‹         | 10143/138493 [00:11<02:29, 855.89it/s]
  7%|â–‹         | 10229/138493 [00:11<02:30, 851.65it/s]
  7%|â–‹         | 10323/138493 [00:11<02:26, 875.76it/s]
  8%|â–Š         | 10430/138493 [00:12<02:17, 931.72it/s]
  8%|â–Š         | 10524/138493 [00:12<02:23, 893.45it/s]
  8%|â–Š         | 10620/138493 [00:12<02:20, 909.27it/s]
  8%|â–Š         | 10714/138493 [00:12<02:19, 917.67it/s]
  8%|â–Š         | 10807/138493 [00:12<02:20, 906.90it/s]
  8%|â–Š         | 10909/138493 [00:12<02:16, 936.70it/s]
  8%|â–Š         | 11003/138493 [00:12<02:17, 925.36it/s]
  8%|â–Š         | 11103/138493 [00:12<02:14, 943.68it/s]
  8%|â–Š         | 11198/138493 [00:12<02:14, 943.24it/s]
  8%|â–Š         | 11293/138493 [00:13<02:27, 862.08it/s]
  8%|â–Š         | 11390/138493 [00:13<02:22, 890.76it/s]
  8%|â–Š         | 11491/138493 [00:13<02:17, 921.55it/s]
  8%|â–Š         | 11585/138493 [00:13<02:26, 864.18it/s]
  8%|â–Š         | 11686/138493 [00:13<02:20, 903.56it/s]
  9%|â–Š         | 11778/138493 [00:13<02:22, 886.90it/s]
  9%|â–Š         | 11868/138493 [00:13<02:22, 888.71it/s]
  9%|â–Š         | 11958/138493 [00:13<02:22, 888.82it/s]
  9%|â–Š         | 12051/138493 [00:13<02:20, 900.04it/s]
  9%|â–‰         | 12142/138493 [00:13<02:28, 849.02it/s]
  9%|â–‰         | 12230/138493 [00:14<02:27, 856.89it/s]
  9%|â–‰         | 12325/138493 [00:14<02:22, 883.13it/s]
  9%|â–‰         | 12435/138493 [00:14<02:13, 945.44it/s]
  9%|â–‰         | 12539/138493 [00:14<02:09, 969.51it/s]
  9%|â–‰         | 12637/138493 [00:14<02:10, 963.90it/s]
  9%|â–‰         | 12734/138493 [00:14<02:11, 959.68it/s]
  9%|â–‰         | 12831/138493 [00:14<02:15, 930.33it/s]
  9%|â–‰         | 12925/138493 [00:14<02:17, 912.30it/s]
  9%|â–‰         | 13017/138493 [00:14<02:18, 905.46it/s]
  9%|â–‰         | 13108/138493 [00:15<02:19, 898.37it/s]
 10%|â–‰         | 13205/138493 [00:15<02:17, 913.13it/s]
 10%|â–‰         | 13297/138493 [00:15<02:17, 909.60it/s]
 10%|â–‰         | 13395/138493 [00:15<02:14, 928.77it/s]
 10%|â–‰         | 13491/138493 [00:15<02:13, 934.36it/s]
 10%|â–‰         | 13585/138493 [00:15<02:16, 915.33it/s]
 10%|â–‰         | 13677/138493 [00:15<02:22, 876.88it/s]
 10%|â–‰         | 13766/138493 [00:15<02:22, 874.30it/s]
 10%|â–ˆ         | 13871/138493 [00:15<02:14, 923.29it/s]
 10%|â–ˆ         | 13964/138493 [00:15<02:16, 909.78it/s]
 10%|â–ˆ         | 14056/138493 [00:16<02:19, 894.34it/s]
 10%|â–ˆ         | 14153/138493 [00:16<02:16, 912.75it/s]
 10%|â–ˆ         | 14253/138493 [00:16<02:12, 938.05it/s]
 10%|â–ˆ         | 14349/138493 [00:16<02:11, 941.47it/s]
 10%|â–ˆ         | 14449/138493 [00:16<02:09, 955.82it/s]
 11%|â–ˆ         | 14545/138493 [00:16<02:14, 920.88it/s]
 11%|â–ˆ         | 14638/138493 [00:16<03:16, 631.16it/s]
 11%|â–ˆ         | 14722/138493 [00:16<03:02, 676.85it/s]
 11%|â–ˆ         | 14821/138493 [00:17<02:44, 751.04it/s]
 11%|â–ˆ         | 14906/138493 [00:17<02:40, 772.07it/s]
 11%|â–ˆ         | 14992/138493 [00:17<02:35, 793.70it/s]
 11%|â–ˆ         | 15094/138493 [00:17<02:24, 853.38it/s]
 11%|â–ˆ         | 15196/138493 [00:17<02:17, 893.81it/s]
 11%|â–ˆ         | 15299/138493 [00:17<02:12, 928.54it/s]
 11%|â–ˆ         | 15395/138493 [00:17<02:12, 932.17it/s]
 11%|â–ˆ         | 15490/138493 [00:17<02:17, 893.82it/s]
 11%|â–ˆâ–        | 15581/138493 [00:17<02:18, 890.58it/s]
 11%|â–ˆâ–        | 15672/138493 [00:17<02:20, 875.40it/s]
 11%|â–ˆâ–        | 15761/138493 [00:18<02:20, 875.75it/s]
 11%|â–ˆâ–        | 15853/138493 [00:18<02:18, 887.69it/s]
 12%|â–ˆâ–        | 15943/138493 [00:18<02:18, 885.40it/s]
 12%|â–ˆâ–        | 16047/138493 [00:18<02:12, 925.28it/s]
 12%|â–ˆâ–        | 16140/138493 [00:18<02:16, 897.95it/s]
 12%|â–ˆâ–        | 16231/138493 [00:18<02:17, 890.57it/s]
 12%|â–ˆâ–        | 16327/138493 [00:18<02:14, 909.21it/s]
 12%|â–ˆâ–        | 16428/138493 [00:18<02:10, 938.55it/s]
 12%|â–ˆâ–        | 16530/138493 [00:18<02:06, 960.47it/s]
 12%|â–ˆâ–        | 16627/138493 [00:18<02:08, 946.40it/s]
 12%|â–ˆâ–        | 16722/138493 [00:19<02:10, 930.85it/s]
 12%|â–ˆâ–        | 16824/138493 [00:19<02:07, 954.39it/s]
 12%|â–ˆâ–        | 16927/138493 [00:19<02:04, 976.14it/s]
 12%|â–ˆâ–        | 17025/138493 [00:19<02:08, 943.37it/s]
 12%|â–ˆâ–        | 17120/138493 [00:19<02:10, 931.21it/s]
 12%|â–ˆâ–        | 17216/138493 [00:19<02:09, 938.46it/s]
 13%|â–ˆâ–Ž        | 17323/138493 [00:19<02:04, 974.39it/s]
 13%|â–ˆâ–Ž        | 17430/138493 [00:19<02:00, 1001.07it/s]
 13%|â–ˆâ–Ž        | 17531/138493 [00:19<02:06, 959.11it/s] 
 13%|â–ˆâ–Ž        | 17628/138493 [00:20<02:05, 961.69it/s]
 13%|â–ˆâ–Ž        | 17735/138493 [00:20<02:01, 991.90it/s]
 13%|â–ˆâ–Ž        | 17835/138493 [00:20<02:06, 956.96it/s]
 13%|â–ˆâ–Ž        | 17932/138493 [00:20<02:12, 912.23it/s]
 13%|â–ˆâ–Ž        | 18024/138493 [00:20<02:12, 908.73it/s]
 13%|â–ˆâ–Ž        | 18116/138493 [00:20<02:15, 888.86it/s]
 13%|â–ˆâ–Ž        | 18206/138493 [00:20<02:27, 817.17it/s]
 13%|â–ˆâ–Ž        | 18303/138493 [00:20<02:20, 857.56it/s]
 13%|â–ˆâ–Ž        | 18393/138493 [00:20<02:18, 867.23it/s]
 13%|â–ˆâ–Ž        | 18494/138493 [00:21<02:12, 903.73it/s]
 13%|â–ˆâ–Ž        | 18590/138493 [00:21<02:10, 917.98it/s]
 13%|â–ˆâ–Ž        | 18683/138493 [00:21<02:15, 886.85it/s]
 14%|â–ˆâ–Ž        | 18776/138493 [00:21<02:13, 896.81it/s]
 14%|â–ˆâ–Ž        | 18875/138493 [00:21<02:09, 923.72it/s]
 14%|â–ˆâ–Ž        | 18968/138493 [00:21<02:11, 907.06it/s]
 14%|â–ˆâ–        | 19065/138493 [00:21<02:09, 924.70it/s]
 14%|â–ˆâ–        | 19164/138493 [00:21<02:06, 941.31it/s]
 14%|â–ˆâ–        | 19262/138493 [00:21<02:05, 951.61it/s]
 14%|â–ˆâ–        | 19358/138493 [00:21<02:06, 941.15it/s]
 14%|â–ˆâ–        | 19469/138493 [00:22<02:00, 990.52it/s]
 14%|â–ˆâ–        | 19569/138493 [00:22<02:00, 987.92it/s]
 14%|â–ˆâ–        | 19668/138493 [00:22<02:03, 963.00it/s]
 14%|â–ˆâ–        | 19766/138493 [00:22<02:03, 961.14it/s]
 14%|â–ˆâ–        | 19864/138493 [00:22<02:03, 963.40it/s]
 14%|â–ˆâ–        | 19963/138493 [00:22<02:03, 962.01it/s]
 14%|â–ˆâ–        | 20066/138493 [00:22<02:01, 976.70it/s]
 15%|â–ˆâ–        | 20164/138493 [00:22<02:08, 921.33it/s]
 15%|â–ˆâ–        | 20257/138493 [00:22<02:09, 914.79it/s]
 15%|â–ˆâ–        | 20349/138493 [00:23<02:13, 885.53it/s]
 15%|â–ˆâ–        | 20453/138493 [00:23<02:07, 923.38it/s]
 15%|â–ˆâ–        | 20556/138493 [00:23<02:04, 950.72it/s]
 15%|â–ˆâ–        | 20661/138493 [00:23<02:01, 973.71it/s]
 15%|â–ˆâ–Œ        | 20782/138493 [00:23<01:53, 1038.66it/s]
 15%|â–ˆâ–Œ        | 20887/138493 [00:23<01:53, 1035.59it/s]
 15%|â–ˆâ–Œ        | 20991/138493 [00:23<01:56, 1009.37it/s]
 15%|â–ˆâ–Œ        | 21093/138493 [00:23<02:01, 965.26it/s] 
 15%|â–ˆâ–Œ        | 21191/138493 [00:23<02:11, 894.30it/s]
 15%|â–ˆâ–Œ        | 21287/138493 [00:23<02:08, 911.96it/s]
 15%|â–ˆâ–Œ        | 21380/138493 [00:24<02:14, 873.97it/s]
 16%|â–ˆâ–Œ        | 21474/138493 [00:24<02:11, 892.08it/s]
 16%|â–ˆâ–Œ        | 21585/138493 [00:24<02:02, 952.28it/s]
 16%|â–ˆâ–Œ        | 21682/138493 [00:24<02:03, 949.08it/s]
 16%|â–ˆâ–Œ        | 21789/138493 [00:24<01:58, 984.03it/s]
 16%|â–ˆâ–Œ        | 21888/138493 [00:24<02:05, 929.19it/s]
 16%|â–ˆâ–Œ        | 21983/138493 [00:24<02:05, 931.76it/s]
 16%|â–ˆâ–Œ        | 22089/138493 [00:24<02:00, 967.13it/s]
 16%|â–ˆâ–Œ        | 22187/138493 [00:24<02:01, 953.34it/s]
 16%|â–ˆâ–Œ        | 22283/138493 [00:25<02:06, 921.32it/s]
 16%|â–ˆâ–Œ        | 22376/138493 [00:25<02:10, 890.83it/s]
 16%|â–ˆâ–Œ        | 22477/138493 [00:25<02:05, 923.82it/s]
 16%|â–ˆâ–‹        | 22573/138493 [00:25<02:04, 931.16it/s]
 16%|â–ˆâ–‹        | 22674/138493 [00:25<02:01, 953.99it/s]
 16%|â–ˆâ–‹        | 22770/138493 [00:25<02:05, 925.03it/s]
 17%|â–ˆâ–‹        | 22878/138493 [00:25<01:59, 968.49it/s]
 17%|â–ˆâ–‹        | 22976/138493 [00:25<02:04, 930.00it/s]
 17%|â–ˆâ–‹        | 23070/138493 [00:25<02:08, 895.86it/s]
 17%|â–ˆâ–‹        | 23165/138493 [00:25<02:07, 904.09it/s]
 17%|â–ˆâ–‹        | 23256/138493 [00:26<02:10, 883.16it/s]
 17%|â–ˆâ–‹        | 23345/138493 [00:26<02:15, 849.18it/s]
 17%|â–ˆâ–‹        | 23431/138493 [00:26<03:43, 514.44it/s]
 17%|â–ˆâ–‹        | 23514/138493 [00:26<03:20, 574.61it/s]
 17%|â–ˆâ–‹        | 23606/138493 [00:26<02:56, 649.46it/s]
 17%|â–ˆâ–‹        | 23693/138493 [00:26<02:43, 700.47it/s]
 17%|â–ˆâ–‹        | 23790/138493 [00:26<02:29, 767.35it/s]
 17%|â–ˆâ–‹        | 23881/138493 [00:27<02:22, 803.49it/s]
 17%|â–ˆâ–‹        | 23974/138493 [00:27<02:16, 837.02it/s]
 17%|â–ˆâ–‹        | 24063/138493 [00:27<02:14, 850.37it/s]
 17%|â–ˆâ–‹        | 24152/138493 [00:27<02:19, 822.35it/s]
 18%|â–ˆâ–Š        | 24237/138493 [00:27<02:18, 824.21it/s]
 18%|â–ˆâ–Š        | 24336/138493 [00:27<02:11, 867.68it/s]
 18%|â–ˆâ–Š        | 24436/138493 [00:27<02:06, 905.14it/s]
 18%|â–ˆâ–Š        | 24550/138493 [00:27<01:57, 973.42it/s]
 18%|â–ˆâ–Š        | 24649/138493 [00:27<01:58, 960.96it/s]
 18%|â–ˆâ–Š        | 24746/138493 [00:28<02:07, 890.62it/s]
 18%|â–ˆâ–Š        | 24837/138493 [00:28<02:11, 867.43it/s]
 18%|â–ˆâ–Š        | 24929/138493 [00:28<02:08, 880.86it/s]
 18%|â–ˆâ–Š        | 25019/138493 [00:28<02:08, 883.84it/s]
 18%|â–ˆâ–Š        | 25115/138493 [00:28<02:05, 904.02it/s]
 18%|â–ˆâ–Š        | 25206/138493 [00:28<02:06, 892.48it/s]
 18%|â–ˆâ–Š        | 25296/138493 [00:28<02:09, 872.89it/s]
 18%|â–ˆâ–Š        | 25387/138493 [00:28<02:08, 882.14it/s]
 18%|â–ˆâ–Š        | 25476/138493 [00:28<02:08, 879.42it/s]
 18%|â–ˆâ–Š        | 25569/138493 [00:28<02:06, 894.13it/s]
 19%|â–ˆâ–Š        | 25664/138493 [00:29<02:04, 908.99it/s]
 19%|â–ˆâ–Š        | 25758/138493 [00:29<02:02, 917.82it/s]
 19%|â–ˆâ–Š        | 25870/138493 [00:29<01:55, 977.59it/s]
 19%|â–ˆâ–‰        | 25971/138493 [00:29<01:54, 984.65it/s]
 19%|â–ˆâ–‰        | 26070/138493 [00:29<01:56, 963.99it/s]
 19%|â–ˆâ–‰        | 26167/138493 [00:29<01:56, 963.90it/s]
 19%|â–ˆâ–‰        | 26264/138493 [00:29<01:59, 937.29it/s]
 19%|â–ˆâ–‰        | 26365/138493 [00:29<01:57, 955.20it/s]
 19%|â–ˆâ–‰        | 26470/138493 [00:29<01:54, 982.25it/s]
 19%|â–ˆâ–‰        | 26569/138493 [00:29<01:56, 959.72it/s]
 19%|â–ˆâ–‰        | 26670/138493 [00:30<01:54, 973.12it/s]
 19%|â–ˆâ–‰        | 26781/138493 [00:30<01:50, 1011.68it/s]
 19%|â–ˆâ–‰        | 26883/138493 [00:30<02:01, 918.36it/s] 
 19%|â–ˆâ–‰        | 26977/138493 [00:30<02:01, 915.37it/s]
 20%|â–ˆâ–‰        | 27070/138493 [00:30<02:06, 882.76it/s]
 20%|â–ˆâ–‰        | 27160/138493 [00:30<02:09, 862.77it/s]
 20%|â–ˆâ–‰        | 27247/138493 [00:30<02:10, 849.51it/s]
 20%|â–ˆâ–‰        | 27337/138493 [00:30<02:08, 862.10it/s]
 20%|â–ˆâ–‰        | 27429/138493 [00:30<02:06, 877.21it/s]
 20%|â–ˆâ–‰        | 27518/138493 [00:31<02:08, 863.18it/s]
 20%|â–ˆâ–‰        | 27609/138493 [00:31<02:06, 876.13it/s]
 20%|â–ˆâ–‰        | 27697/138493 [00:31<02:10, 851.09it/s]
 20%|â–ˆâ–ˆ        | 27803/138493 [00:31<02:01, 908.15it/s]
 20%|â–ˆâ–ˆ        | 27897/138493 [00:31<02:00, 915.84it/s]
 20%|â–ˆâ–ˆ        | 27994/138493 [00:31<01:58, 930.98it/s]
 20%|â–ˆâ–ˆ        | 28093/138493 [00:31<01:56, 946.18it/s]
 20%|â–ˆâ–ˆ        | 28197/138493 [00:31<01:53, 972.60it/s]
 20%|â–ˆâ–ˆ        | 28295/138493 [00:31<01:54, 963.91it/s]
 21%|â–ˆâ–ˆ        | 28396/138493 [00:31<01:52, 974.94it/s]
 21%|â–ˆâ–ˆ        | 28494/138493 [00:32<01:52, 975.46it/s]
 21%|â–ˆâ–ˆ        | 28596/138493 [00:32<01:51, 988.18it/s]
 21%|â–ˆâ–ˆ        | 28695/138493 [00:32<01:56, 946.43it/s]
 21%|â–ˆâ–ˆ        | 28791/138493 [00:32<01:56, 944.32it/s]
 21%|â–ˆâ–ˆ        | 28888/138493 [00:32<01:55, 950.94it/s]
 21%|â–ˆâ–ˆ        | 28994/138493 [00:32<01:51, 982.32it/s]
 21%|â–ˆâ–ˆ        | 29093/138493 [00:32<01:56, 940.83it/s]
 21%|â–ˆâ–ˆ        | 29192/138493 [00:32<01:54, 954.62it/s]
 21%|â–ˆâ–ˆ        | 29288/138493 [00:32<01:54, 954.87it/s]
 21%|â–ˆâ–ˆ        | 29384/138493 [00:33<01:57, 925.29it/s]
 21%|â–ˆâ–ˆâ–       | 29478/138493 [00:33<01:57, 926.47it/s]
 21%|â–ˆâ–ˆâ–       | 29571/138493 [00:33<01:58, 919.61it/s]
 21%|â–ˆâ–ˆâ–       | 29664/138493 [00:33<02:00, 901.50it/s]
 21%|â–ˆâ–ˆâ–       | 29761/138493 [00:33<01:58, 920.26it/s]
 22%|â–ˆâ–ˆâ–       | 29866/138493 [00:33<01:53, 956.87it/s]
 22%|â–ˆâ–ˆâ–       | 29962/138493 [00:33<01:54, 948.22it/s]
 22%|â–ˆâ–ˆâ–       | 30070/138493 [00:33<01:50, 983.78it/s]
 22%|â–ˆâ–ˆâ–       | 30169/138493 [00:33<01:54, 942.91it/s]
 22%|â–ˆâ–ˆâ–       | 30264/138493 [00:33<01:56, 927.02it/s]
 22%|â–ˆâ–ˆâ–       | 30360/138493 [00:34<01:55, 934.64it/s]
 22%|â–ˆâ–ˆâ–       | 30454/138493 [00:34<01:56, 926.79it/s]
 22%|â–ˆâ–ˆâ–       | 30547/138493 [00:34<02:01, 889.52it/s]
 22%|â–ˆâ–ˆâ–       | 30637/138493 [00:34<02:03, 872.52it/s]
 22%|â–ˆâ–ˆâ–       | 30725/138493 [00:34<02:07, 843.32it/s]
 22%|â–ˆâ–ˆâ–       | 30815/138493 [00:34<02:05, 858.10it/s]
 22%|â–ˆâ–ˆâ–       | 30911/138493 [00:34<02:01, 884.02it/s]
 22%|â–ˆâ–ˆâ–       | 31014/138493 [00:34<01:56, 924.65it/s]
 22%|â–ˆâ–ˆâ–       | 31121/138493 [00:34<01:51, 966.96it/s]
 23%|â–ˆâ–ˆâ–Ž       | 31219/138493 [00:35<01:57, 909.63it/s]
 23%|â–ˆâ–ˆâ–Ž       | 31318/138493 [00:35<01:55, 931.48it/s]
 23%|â–ˆâ–ˆâ–Ž       | 31412/138493 [00:35<01:56, 920.62it/s]
 23%|â–ˆâ–ˆâ–Ž       | 31521/138493 [00:35<01:50, 967.73it/s]
 23%|â–ˆâ–ˆâ–Ž       | 31624/138493 [00:35<01:48, 984.90it/s]
 23%|â–ˆâ–ˆâ–Ž       | 31723/138493 [00:35<01:53, 944.82it/s]
 23%|â–ˆâ–ˆâ–Ž       | 31824/138493 [00:35<01:50, 963.33it/s]
 23%|â–ˆâ–ˆâ–Ž       | 31921/138493 [00:35<01:52, 949.78it/s]
 23%|â–ˆâ–ˆâ–Ž       | 32032/138493 [00:35<01:47, 994.55it/s]
 23%|â–ˆâ–ˆâ–Ž       | 32132/138493 [00:35<01:49, 975.21it/s]
 23%|â–ˆâ–ˆâ–Ž       | 32230/138493 [00:36<01:50, 957.35it/s]
 23%|â–ˆâ–ˆâ–Ž       | 32329/138493 [00:36<01:49, 965.53it/s]
 23%|â–ˆâ–ˆâ–Ž       | 32426/138493 [00:36<01:51, 954.66it/s]
 23%|â–ˆâ–ˆâ–Ž       | 32530/138493 [00:36<01:48, 972.60it/s]
 24%|â–ˆâ–ˆâ–Ž       | 32628/138493 [00:36<01:53, 929.21it/s]
 24%|â–ˆâ–ˆâ–Ž       | 32722/138493 [00:36<01:59, 885.63it/s]
 24%|â–ˆâ–ˆâ–Ž       | 32814/138493 [00:36<01:58, 893.90it/s]
 24%|â–ˆâ–ˆâ–       | 32906/138493 [00:36<01:57, 895.68it/s]
 24%|â–ˆâ–ˆâ–       | 33001/138493 [00:36<01:55, 911.21it/s]
 24%|â–ˆâ–ˆâ–       | 33093/138493 [00:37<01:58, 886.89it/s]
 24%|â–ˆâ–ˆâ–       | 33185/138493 [00:37<01:58, 892.25it/s]
 24%|â–ˆâ–ˆâ–       | 33279/138493 [00:37<01:56, 905.45it/s]
 24%|â–ˆâ–ˆâ–       | 33370/138493 [00:37<01:59, 877.43it/s]
 24%|â–ˆâ–ˆâ–       | 33459/138493 [00:37<02:01, 863.27it/s]
 24%|â–ˆâ–ˆâ–       | 33546/138493 [00:37<02:08, 815.99it/s]
 24%|â–ˆâ–ˆâ–       | 33634/138493 [00:37<02:06, 831.69it/s]
 24%|â–ˆâ–ˆâ–       | 33718/138493 [00:37<02:07, 823.97it/s]
 24%|â–ˆâ–ˆâ–       | 33801/138493 [00:37<02:08, 812.29it/s]
 24%|â–ˆâ–ˆâ–       | 33889/138493 [00:37<02:05, 831.07it/s]
 25%|â–ˆâ–ˆâ–       | 33985/138493 [00:38<02:00, 865.05it/s]
 25%|â–ˆâ–ˆâ–       | 34080/138493 [00:38<01:57, 889.80it/s]
 25%|â–ˆâ–ˆâ–       | 34170/138493 [00:38<01:56, 891.87it/s]
 25%|â–ˆâ–ˆâ–       | 34260/138493 [00:38<01:59, 870.89it/s]
 25%|â–ˆâ–ˆâ–       | 34348/138493 [00:38<03:51, 449.28it/s]
 25%|â–ˆâ–ˆâ–       | 34426/138493 [00:38<03:25, 505.87it/s]
 25%|â–ˆâ–ˆâ–       | 34497/138493 [00:39<03:12, 539.29it/s]
 25%|â–ˆâ–ˆâ–       | 34576/138493 [00:39<02:55, 593.10it/s]
 25%|â–ˆâ–ˆâ–Œ       | 34653/138493 [00:39<02:43, 635.05it/s]
 25%|â–ˆâ–ˆâ–Œ       | 34728/138493 [00:39<02:36, 663.68it/s]
 25%|â–ˆâ–ˆâ–Œ       | 34813/138493 [00:39<02:26, 708.93it/s]
 25%|â–ˆâ–ˆâ–Œ       | 34898/138493 [00:39<02:18, 747.22it/s]
 25%|â–ˆâ–ˆâ–Œ       | 34999/138493 [00:39<02:07, 814.50it/s]
 25%|â–ˆâ–ˆâ–Œ       | 35084/138493 [00:39<02:05, 822.67it/s]
 25%|â–ˆâ–ˆâ–Œ       | 35169/138493 [00:39<02:08, 802.30it/s]
 25%|â–ˆâ–ˆâ–Œ       | 35257/138493 [00:39<02:05, 823.26it/s]
 26%|â–ˆâ–ˆâ–Œ       | 35350/138493 [00:40<02:00, 853.48it/s]
 26%|â–ˆâ–ˆâ–Œ       | 35445/138493 [00:40<01:57, 879.93it/s]
 26%|â–ˆâ–ˆâ–Œ       | 35534/138493 [00:40<01:58, 867.44it/s]
 26%|â–ˆâ–ˆâ–Œ       | 35629/138493 [00:40<01:55, 891.26it/s]
 26%|â–ˆâ–ˆâ–Œ       | 35719/138493 [00:40<01:56, 885.81it/s]
 26%|â–ˆâ–ˆâ–Œ       | 35816/138493 [00:40<01:52, 910.52it/s]
 26%|â–ˆâ–ˆâ–Œ       | 35908/138493 [00:40<01:53, 903.84it/s]
 26%|â–ˆâ–ˆâ–Œ       | 35999/138493 [00:40<01:58, 868.26it/s]
 26%|â–ˆâ–ˆâ–Œ       | 36087/138493 [00:40<02:01, 843.99it/s]
 26%|â–ˆâ–ˆâ–Œ       | 36178/138493 [00:40<01:59, 858.40it/s]
 26%|â–ˆâ–ˆâ–Œ       | 36267/138493 [00:41<01:58, 865.56it/s]
 26%|â–ˆâ–ˆâ–Œ       | 36354/138493 [00:41<02:03, 825.53it/s]
 26%|â–ˆâ–ˆâ–‹       | 36442/138493 [00:41<02:01, 839.31it/s]
 26%|â–ˆâ–ˆâ–‹       | 36527/138493 [00:41<02:03, 822.38it/s]
 26%|â–ˆâ–ˆâ–‹       | 36626/138493 [00:41<01:57, 868.32it/s]
 27%|â–ˆâ–ˆâ–‹       | 36725/138493 [00:41<01:53, 898.02it/s]
 27%|â–ˆâ–ˆâ–‹       | 36823/138493 [00:41<01:50, 919.80it/s]
 27%|â–ˆâ–ˆâ–‹       | 36931/138493 [00:41<01:45, 960.97it/s]
 27%|â–ˆâ–ˆâ–‹       | 37034/138493 [00:41<01:43, 979.70it/s]
 27%|â–ˆâ–ˆâ–‹       | 37133/138493 [00:42<01:47, 941.73it/s]
 27%|â–ˆâ–ˆâ–‹       | 37233/138493 [00:42<01:45, 957.82it/s]
 27%|â–ˆâ–ˆâ–‹       | 37330/138493 [00:42<01:48, 930.08it/s]
 27%|â–ˆâ–ˆâ–‹       | 37427/138493 [00:42<01:47, 939.59it/s]
 27%|â–ˆâ–ˆâ–‹       | 37532/138493 [00:42<01:44, 968.24it/s]
 27%|â–ˆâ–ˆâ–‹       | 37630/138493 [00:42<01:43, 970.88it/s]
 27%|â–ˆâ–ˆâ–‹       | 37734/138493 [00:42<01:41, 988.97it/s]
 27%|â–ˆâ–ˆâ–‹       | 37834/138493 [00:42<01:42, 979.46it/s]
 27%|â–ˆâ–ˆâ–‹       | 37933/138493 [00:42<01:45, 952.13it/s]
 27%|â–ˆâ–ˆâ–‹       | 38046/138493 [00:42<01:40, 1003.31it/s]
 28%|â–ˆâ–ˆâ–Š       | 38148/138493 [00:43<01:40, 1002.12it/s]
 28%|â–ˆâ–ˆâ–Š       | 38249/138493 [00:43<01:47, 935.98it/s] 
 28%|â–ˆâ–ˆâ–Š       | 38344/138493 [00:43<01:47, 933.39it/s]
 28%|â–ˆâ–ˆâ–Š       | 38446/138493 [00:43<01:44, 957.87it/s]
 28%|â–ˆâ–ˆâ–Š       | 38560/138493 [00:43<01:39, 1008.62it/s]
 28%|â–ˆâ–ˆâ–Š       | 38669/138493 [00:43<01:37, 1027.68it/s]
 28%|â–ˆâ–ˆâ–Š       | 38773/138493 [00:43<01:40, 991.52it/s] 
 28%|â–ˆâ–ˆâ–Š       | 38873/138493 [00:43<01:41, 983.73it/s]
 28%|â–ˆâ–ˆâ–Š       | 38972/138493 [00:43<01:42, 967.89it/s]
 28%|â–ˆâ–ˆâ–Š       | 39073/138493 [00:44<01:41, 979.91it/s]
 28%|â–ˆâ–ˆâ–Š       | 39172/138493 [00:44<01:44, 951.66it/s]
 28%|â–ˆâ–ˆâ–Š       | 39268/138493 [00:44<01:47, 923.39it/s]
 28%|â–ˆâ–ˆâ–Š       | 39379/138493 [00:44<01:41, 974.52it/s]
 29%|â–ˆâ–ˆâ–Š       | 39477/138493 [00:44<01:49, 904.98it/s]
 29%|â–ˆâ–ˆâ–Š       | 39575/138493 [00:44<01:46, 925.60it/s]
 29%|â–ˆâ–ˆâ–Š       | 39669/138493 [00:44<01:48, 912.03it/s]
 29%|â–ˆâ–ˆâ–Š       | 39774/138493 [00:44<01:44, 947.94it/s]
 29%|â–ˆâ–ˆâ–‰       | 39873/138493 [00:44<01:42, 959.18it/s]
 29%|â–ˆâ–ˆâ–‰       | 39970/138493 [00:44<01:45, 934.94it/s]
 29%|â–ˆâ–ˆâ–‰       | 40064/138493 [00:45<01:49, 899.50it/s]
 29%|â–ˆâ–ˆâ–‰       | 40155/138493 [00:45<01:50, 888.24it/s]
 29%|â–ˆâ–ˆâ–‰       | 40259/138493 [00:45<01:45, 930.17it/s]
 29%|â–ˆâ–ˆâ–‰       | 40353/138493 [00:45<01:46, 922.35it/s]
 29%|â–ˆâ–ˆâ–‰       | 40455/138493 [00:45<01:43, 945.90it/s]
 29%|â–ˆâ–ˆâ–‰       | 40550/138493 [00:45<01:45, 929.71it/s]
 29%|â–ˆâ–ˆâ–‰       | 40653/138493 [00:45<01:42, 958.16it/s]
 29%|â–ˆâ–ˆâ–‰       | 40758/138493 [00:45<01:39, 983.76it/s]
 30%|â–ˆâ–ˆâ–‰       | 40857/138493 [00:45<01:45, 928.36it/s]
 30%|â–ˆâ–ˆâ–‰       | 40951/138493 [00:46<01:49, 893.74it/s]
 30%|â–ˆâ–ˆâ–‰       | 41046/138493 [00:46<01:47, 908.80it/s]
 30%|â–ˆâ–ˆâ–‰       | 41138/138493 [00:46<01:57, 831.23it/s]
 30%|â–ˆâ–ˆâ–‰       | 41223/138493 [00:46<01:57, 824.87it/s]
 30%|â–ˆâ–ˆâ–‰       | 41310/138493 [00:46<01:56, 835.93it/s]
 30%|â–ˆâ–ˆâ–‰       | 41414/138493 [00:46<01:48, 891.98it/s]
 30%|â–ˆâ–ˆâ–‰       | 41505/138493 [00:46<01:50, 878.27it/s]
 30%|â–ˆâ–ˆâ–ˆ       | 41612/138493 [00:46<01:43, 932.32it/s]
 30%|â–ˆâ–ˆâ–ˆ       | 41706/138493 [00:46<01:43, 932.88it/s]
 30%|â–ˆâ–ˆâ–ˆ       | 41818/138493 [00:46<01:38, 984.45it/s]
 30%|â–ˆâ–ˆâ–ˆ       | 41919/138493 [00:47<01:37, 987.55it/s]
 30%|â–ˆâ–ˆâ–ˆ       | 42020/138493 [00:47<01:37, 993.27it/s]
 30%|â–ˆâ–ˆâ–ˆ       | 42120/138493 [00:47<01:41, 953.50it/s]
 30%|â–ˆâ–ˆâ–ˆ       | 42217/138493 [00:47<01:40, 957.84it/s]
 31%|â–ˆâ–ˆâ–ˆ       | 42314/138493 [00:47<01:40, 952.59it/s]
 31%|â–ˆâ–ˆâ–ˆ       | 42410/138493 [00:47<01:42, 936.06it/s]
 31%|â–ˆâ–ˆâ–ˆ       | 42504/138493 [00:47<01:47, 893.98it/s]
 31%|â–ˆâ–ˆâ–ˆ       | 42607/138493 [00:47<01:42, 931.35it/s]
 31%|â–ˆâ–ˆâ–ˆ       | 42701/138493 [00:47<01:44, 915.83it/s]
 31%|â–ˆâ–ˆâ–ˆ       | 42793/138493 [00:48<01:46, 902.03it/s]
 31%|â–ˆâ–ˆâ–ˆ       | 42884/138493 [00:48<01:49, 875.13it/s]
 31%|â–ˆâ–ˆâ–ˆ       | 42972/138493 [00:48<02:02, 781.14it/s]
 31%|â–ˆâ–ˆâ–ˆ       | 43062/138493 [00:48<01:57, 810.68it/s]
 31%|â–ˆâ–ˆâ–ˆ       | 43163/138493 [00:48<01:50, 864.77it/s]
 31%|â–ˆâ–ˆâ–ˆ       | 43252/138493 [00:48<01:53, 842.01it/s]
 31%|â–ˆâ–ˆâ–ˆâ–      | 43352/138493 [00:48<01:47, 885.60it/s]
 31%|â–ˆâ–ˆâ–ˆâ–      | 43451/138493 [00:48<01:44, 908.30it/s]
 31%|â–ˆâ–ˆâ–ˆâ–      | 43543/138493 [00:48<01:44, 910.16it/s]
 32%|â–ˆâ–ˆâ–ˆâ–      | 43635/138493 [00:49<01:46, 888.53it/s]
 32%|â–ˆâ–ˆâ–ˆâ–      | 43725/138493 [00:49<01:46, 891.38it/s]
 32%|â–ˆâ–ˆâ–ˆâ–      | 43816/138493 [00:49<01:45, 894.49it/s]
 32%|â–ˆâ–ˆâ–ˆâ–      | 43924/138493 [00:49<01:40, 945.00it/s]
 32%|â–ˆâ–ˆâ–ˆâ–      | 44024/138493 [00:49<01:38, 958.75it/s]
 32%|â–ˆâ–ˆâ–ˆâ–      | 44121/138493 [00:49<01:38, 955.53it/s]
 32%|â–ˆâ–ˆâ–ˆâ–      | 44217/138493 [00:49<01:38, 953.97it/s]
 32%|â–ˆâ–ˆâ–ˆâ–      | 44313/138493 [00:49<01:41, 930.29it/s]
 32%|â–ˆâ–ˆâ–ˆâ–      | 44407/138493 [00:49<01:41, 928.26it/s]
 32%|â–ˆâ–ˆâ–ˆâ–      | 44501/138493 [00:49<01:41, 926.05it/s]
 32%|â–ˆâ–ˆâ–ˆâ–      | 44603/138493 [00:50<01:38, 953.53it/s]
 32%|â–ˆâ–ˆâ–ˆâ–      | 44699/138493 [00:50<01:40, 934.00it/s]
 32%|â–ˆâ–ˆâ–ˆâ–      | 44796/138493 [00:50<01:39, 938.20it/s]
 32%|â–ˆâ–ˆâ–ˆâ–      | 44890/138493 [00:50<01:40, 933.56it/s]
 32%|â–ˆâ–ˆâ–ˆâ–      | 44998/138493 [00:50<01:35, 975.20it/s]
 33%|â–ˆâ–ˆâ–ˆâ–Ž      | 45096/138493 [00:50<01:43, 904.57it/s]
 33%|â–ˆâ–ˆâ–ˆâ–Ž      | 45188/138493 [00:50<01:48, 860.82it/s]
 33%|â–ˆâ–ˆâ–ˆâ–Ž      | 45281/138493 [00:50<01:45, 879.77it/s]
 33%|â–ˆâ–ˆâ–ˆâ–Ž      | 45384/138493 [00:50<01:40, 921.94it/s]
 33%|â–ˆâ–ˆâ–ˆâ–Ž      | 45478/138493 [00:51<01:44, 891.46it/s]
 33%|â–ˆâ–ˆâ–ˆâ–Ž      | 45580/138493 [00:51<01:40, 927.40it/s]
 33%|â–ˆâ–ˆâ–ˆâ–Ž      | 45674/138493 [00:51<01:43, 900.39it/s]
 33%|â–ˆâ–ˆâ–ˆâ–Ž      | 45771/138493 [00:51<01:41, 917.94it/s]
 33%|â–ˆâ–ˆâ–ˆâ–Ž      | 45866/138493 [00:51<01:39, 927.10it/s]
 33%|â–ˆâ–ˆâ–ˆâ–Ž      | 45960/138493 [00:51<01:44, 881.77it/s]
 33%|â–ˆâ–ˆâ–ˆâ–Ž      | 46049/138493 [00:51<01:51, 829.33it/s]
 33%|â–ˆâ–ˆâ–ˆâ–Ž      | 46136/138493 [00:51<01:50, 838.96it/s]
 33%|â–ˆâ–ˆâ–ˆâ–Ž      | 46231/138493 [00:51<01:46, 865.44it/s]
 33%|â–ˆâ–ˆâ–ˆâ–Ž      | 46319/138493 [00:51<01:47, 860.00it/s]
 34%|â–ˆâ–ˆâ–ˆâ–Ž      | 46406/138493 [00:52<01:47, 858.84it/s]
 34%|â–ˆâ–ˆâ–ˆâ–Ž      | 46493/138493 [00:52<01:52, 814.30it/s]
 34%|â–ˆâ–ˆâ–ˆâ–Ž      | 46579/138493 [00:52<01:51, 821.25it/s]
 34%|â–ˆâ–ˆâ–ˆâ–Ž      | 46668/138493 [00:52<01:49, 840.23it/s]
 34%|â–ˆâ–ˆâ–ˆâ–      | 46767/138493 [00:52<01:43, 883.35it/s]
 34%|â–ˆâ–ˆâ–ˆâ–      | 46859/138493 [00:52<01:42, 893.54it/s]
 34%|â–ˆâ–ˆâ–ˆâ–      | 46961/138493 [00:52<01:38, 927.14it/s]
 34%|â–ˆâ–ˆâ–ˆâ–      | 47054/138493 [00:52<01:39, 920.28it/s]
 34%|â–ˆâ–ˆâ–ˆâ–      | 47154/138493 [00:52<01:37, 937.02it/s]
 34%|â–ˆâ–ˆâ–ˆâ–      | 47249/138493 [00:53<01:37, 939.55it/s]
 34%|â–ˆâ–ˆâ–ˆâ–      | 47345/138493 [00:53<01:36, 944.45it/s]
 34%|â–ˆâ–ˆâ–ˆâ–      | 47440/138493 [00:53<01:41, 895.37it/s]
 34%|â–ˆâ–ˆâ–ˆâ–      | 47542/138493 [00:53<01:38, 927.64it/s]
 34%|â–ˆâ–ˆâ–ˆâ–      | 47636/138493 [00:53<01:41, 895.10it/s]
 34%|â–ˆâ–ˆâ–ˆâ–      | 47739/138493 [00:53<01:37, 931.07it/s]
 35%|â–ˆâ–ˆâ–ˆâ–      | 47839/138493 [00:53<01:35, 949.34it/s]
 35%|â–ˆâ–ˆâ–ˆâ–      | 47935/138493 [00:53<01:39, 914.05it/s]
 35%|â–ˆâ–ˆâ–ˆâ–      | 48032/138493 [00:53<01:37, 928.61it/s]
 35%|â–ˆâ–ˆâ–ˆâ–      | 48126/138493 [00:54<03:42, 405.45it/s]
 35%|â–ˆâ–ˆâ–ˆâ–      | 48235/138493 [00:54<02:57, 509.49it/s]
 35%|â–ˆâ–ˆâ–ˆâ–      | 48344/138493 [00:54<02:27, 609.52it/s]
 35%|â–ˆâ–ˆâ–ˆâ–      | 48438/138493 [00:54<02:13, 676.33it/s]
 35%|â–ˆâ–ˆâ–ˆâ–Œ      | 48531/138493 [00:54<02:02, 732.84it/s]
 35%|â–ˆâ–ˆâ–ˆâ–Œ      | 48623/138493 [00:54<01:56, 773.23it/s]
 35%|â–ˆâ–ˆâ–ˆâ–Œ      | 48714/138493 [00:55<01:51, 807.19it/s]
 35%|â–ˆâ–ˆâ–ˆâ–Œ      | 48822/138493 [00:55<01:42, 878.97it/s]
 35%|â–ˆâ–ˆâ–ˆâ–Œ      | 48919/138493 [00:55<01:39, 899.82it/s]
 35%|â–ˆâ–ˆâ–ˆâ–Œ      | 49021/138493 [00:55<01:36, 931.94it/s]
 35%|â–ˆâ–ˆâ–ˆâ–Œ      | 49120/138493 [00:55<01:34, 947.17it/s]
 36%|â–ˆâ–ˆâ–ˆâ–Œ      | 49218/138493 [00:55<01:39, 901.00it/s]
 36%|â–ˆâ–ˆâ–ˆâ–Œ      | 49311/138493 [00:55<01:42, 868.11it/s]
 36%|â–ˆâ–ˆâ–ˆâ–Œ      | 49416/138493 [00:55<01:37, 917.99it/s]
 36%|â–ˆâ–ˆâ–ˆâ–Œ      | 49515/138493 [00:55<01:34, 938.29it/s]
 36%|â–ˆâ–ˆâ–ˆâ–Œ      | 49611/138493 [00:55<01:34, 939.49it/s]
 36%|â–ˆâ–ˆâ–ˆâ–Œ      | 49719/138493 [00:56<01:30, 978.37it/s]
 36%|â–ˆâ–ˆâ–ˆâ–Œ      | 49818/138493 [00:56<01:31, 973.14it/s]
 36%|â–ˆâ–ˆâ–ˆâ–Œ      | 49916/138493 [00:56<01:31, 972.32it/s]
 36%|â–ˆâ–ˆâ–ˆâ–Œ      | 50024/138493 [00:56<01:28, 1000.79it/s]
 36%|â–ˆâ–ˆâ–ˆâ–Œ      | 50125/138493 [00:56<01:28, 1000.20it/s]
 36%|â–ˆâ–ˆâ–ˆâ–‹      | 50226/138493 [00:56<01:35, 919.70it/s] 
 36%|â–ˆâ–ˆâ–ˆâ–‹      | 50329/138493 [00:56<01:32, 948.30it/s]
 36%|â–ˆâ–ˆâ–ˆâ–‹      | 50425/138493 [00:56<01:32, 951.10it/s]
 36%|â–ˆâ–ˆâ–ˆâ–‹      | 50521/138493 [00:56<01:32, 948.70it/s]
 37%|â–ˆâ–ˆâ–ˆâ–‹      | 50617/138493 [00:57<01:42, 858.83it/s]
 37%|â–ˆâ–ˆâ–ˆâ–‹      | 50706/138493 [00:57<01:41, 866.75it/s]
 37%|â–ˆâ–ˆâ–ˆâ–‹      | 50795/138493 [00:57<01:43, 848.59it/s]
 37%|â–ˆâ–ˆâ–ˆâ–‹      | 50887/138493 [00:57<01:41, 867.18it/s]
 37%|â–ˆâ–ˆâ–ˆâ–‹      | 50975/138493 [00:57<01:46, 822.86it/s]
 37%|â–ˆâ–ˆâ–ˆâ–‹      | 51073/138493 [00:57<01:40, 866.16it/s]
 37%|â–ˆâ–ˆâ–ˆâ–‹      | 51163/138493 [00:57<01:39, 875.32it/s]
 37%|â–ˆâ–ˆâ–ˆâ–‹      | 51258/138493 [00:57<01:37, 891.63it/s]
 37%|â–ˆâ–ˆâ–ˆâ–‹      | 51364/138493 [00:57<01:32, 939.82it/s]
 37%|â–ˆâ–ˆâ–ˆâ–‹      | 51465/138493 [00:57<01:30, 960.28it/s]
 37%|â–ˆâ–ˆâ–ˆâ–‹      | 51562/138493 [00:58<01:34, 917.87it/s]
 37%|â–ˆâ–ˆâ–ˆâ–‹      | 51655/138493 [00:58<01:34, 918.26it/s]
 37%|â–ˆâ–ˆâ–ˆâ–‹      | 51748/138493 [00:58<01:34, 917.11it/s]
 37%|â–ˆâ–ˆâ–ˆâ–‹      | 51843/138493 [00:58<01:34, 921.34it/s]
 38%|â–ˆâ–ˆâ–ˆâ–Š      | 51941/138493 [00:58<01:32, 938.03it/s]
 38%|â–ˆâ–ˆâ–ˆâ–Š      | 52036/138493 [00:58<01:36, 895.78it/s]
 38%|â–ˆâ–ˆâ–ˆâ–Š      | 52127/138493 [00:58<01:39, 864.82it/s]
 38%|â–ˆâ–ˆâ–ˆâ–Š      | 52221/138493 [00:58<01:37, 881.51it/s]
 38%|â–ˆâ–ˆâ–ˆâ–Š      | 52310/138493 [00:58<01:43, 836.72it/s]
 38%|â–ˆâ–ˆâ–ˆâ–Š      | 52395/138493 [00:59<01:44, 826.87it/s]
 38%|â–ˆâ–ˆâ–ˆâ–Š      | 52479/138493 [00:59<01:47, 801.63it/s]
 38%|â–ˆâ–ˆâ–ˆâ–Š      | 52563/138493 [00:59<01:45, 811.29it/s]
 38%|â–ˆâ–ˆâ–ˆâ–Š      | 52655/138493 [00:59<01:41, 842.21it/s]
 38%|â–ˆâ–ˆâ–ˆâ–Š      | 52747/138493 [00:59<01:39, 864.54it/s]
 38%|â–ˆâ–ˆâ–ˆâ–Š      | 52844/138493 [00:59<01:35, 894.20it/s]
 38%|â–ˆâ–ˆâ–ˆâ–Š      | 52935/138493 [00:59<01:35, 896.97it/s]
 38%|â–ˆâ–ˆâ–ˆâ–Š      | 53037/138493 [00:59<01:31, 932.35it/s]
 38%|â–ˆâ–ˆâ–ˆâ–Š      | 53137/138493 [00:59<01:29, 951.60it/s]
 38%|â–ˆâ–ˆâ–ˆâ–Š      | 53244/138493 [00:59<01:26, 986.05it/s]
 39%|â–ˆâ–ˆâ–ˆâ–Š      | 53344/138493 [01:00<01:26, 988.82it/s]
 39%|â–ˆâ–ˆâ–ˆâ–Š      | 53443/138493 [01:00<01:27, 974.35it/s]
 39%|â–ˆâ–ˆâ–ˆâ–Š      | 53563/138493 [01:00<01:21, 1039.09it/s]
 39%|â–ˆâ–ˆâ–ˆâ–‰      | 53668/138493 [01:00<01:22, 1024.30it/s]
 39%|â–ˆâ–ˆâ–ˆâ–‰      | 53777/138493 [01:00<01:21, 1042.78it/s]
 39%|â–ˆâ–ˆâ–ˆâ–‰      | 53882/138493 [01:00<01:26, 982.48it/s] 
 39%|â–ˆâ–ˆâ–ˆâ–‰      | 53982/138493 [01:00<01:31, 926.60it/s]
 39%|â–ˆâ–ˆâ–ˆâ–‰      | 54076/138493 [01:00<01:31, 926.62it/s]
 39%|â–ˆâ–ˆâ–ˆâ–‰      | 54170/138493 [01:00<01:33, 905.23it/s]
 39%|â–ˆâ–ˆâ–ˆâ–‰      | 54269/138493 [01:01<01:30, 927.72it/s]
 39%|â–ˆâ–ˆâ–ˆâ–‰      | 54363/138493 [01:01<01:31, 920.77it/s]
 39%|â–ˆâ–ˆâ–ˆâ–‰      | 54456/138493 [01:01<01:31, 920.57it/s]
 39%|â–ˆâ–ˆâ–ˆâ–‰      | 54549/138493 [01:01<01:34, 889.89it/s]
 39%|â–ˆâ–ˆâ–ˆâ–‰      | 54645/138493 [01:01<01:32, 908.14it/s]
 40%|â–ˆâ–ˆâ–ˆâ–‰      | 54745/138493 [01:01<01:30, 929.75it/s]
 40%|â–ˆâ–ˆâ–ˆâ–‰      | 54846/138493 [01:01<01:27, 951.79it/s]
 40%|â–ˆâ–ˆâ–ˆâ–‰      | 54960/138493 [01:01<01:23, 1005.61it/s]
 40%|â–ˆâ–ˆâ–ˆâ–‰      | 55061/138493 [01:01<01:23, 1002.52it/s]
 40%|â–ˆâ–ˆâ–ˆâ–‰      | 55162/138493 [01:01<01:26, 962.51it/s] 
 40%|â–ˆâ–ˆâ–ˆâ–‰      | 55263/138493 [01:02<01:25, 972.25it/s]
 40%|â–ˆâ–ˆâ–ˆâ–‰      | 55361/138493 [01:02<01:30, 918.17it/s]
 40%|â–ˆâ–ˆâ–ˆâ–ˆ      | 55454/138493 [01:02<01:31, 906.91it/s]
 40%|â–ˆâ–ˆâ–ˆâ–ˆ      | 55546/138493 [01:02<01:31, 906.85it/s]
 40%|â–ˆâ–ˆâ–ˆâ–ˆ      | 55638/138493 [01:02<01:32, 895.21it/s]
 40%|â–ˆâ–ˆâ–ˆâ–ˆ      | 55729/138493 [01:02<01:32, 895.87it/s]
 40%|â–ˆâ–ˆâ–ˆâ–ˆ      | 55823/138493 [01:02<01:31, 907.95it/s]
 40%|â–ˆâ–ˆâ–ˆâ–ˆ      | 55924/138493 [01:02<01:28, 936.03it/s]
 40%|â–ˆâ–ˆâ–ˆâ–ˆ      | 56027/138493 [01:02<01:25, 963.32it/s]
 41%|â–ˆâ–ˆâ–ˆâ–ˆ      | 56127/138493 [01:03<01:24, 973.98it/s]
 41%|â–ˆâ–ˆâ–ˆâ–ˆ      | 56225/138493 [01:03<01:25, 964.96it/s]
 41%|â–ˆâ–ˆâ–ˆâ–ˆ      | 56328/138493 [01:03<01:23, 983.57it/s]
 41%|â–ˆâ–ˆâ–ˆâ–ˆ      | 56427/138493 [01:03<01:24, 969.15it/s]
 41%|â–ˆâ–ˆâ–ˆâ–ˆ      | 56525/138493 [01:03<01:27, 935.60it/s]
 41%|â–ˆâ–ˆâ–ˆâ–ˆ      | 56620/138493 [01:03<01:27, 939.26it/s]
 41%|â–ˆâ–ˆâ–ˆâ–ˆ      | 56729/138493 [01:03<01:23, 981.56it/s]
 41%|â–ˆâ–ˆâ–ˆâ–ˆ      | 56844/138493 [01:03<01:19, 1030.62it/s]
 41%|â–ˆâ–ˆâ–ˆâ–ˆ      | 56948/138493 [01:03<01:21, 1006.67it/s]
 41%|â–ˆâ–ˆâ–ˆâ–ˆ      | 57049/138493 [01:03<01:23, 981.11it/s] 
 41%|â–ˆâ–ˆâ–ˆâ–ˆâ–     | 57148/138493 [01:04<01:24, 957.68it/s]
 41%|â–ˆâ–ˆâ–ˆâ–ˆâ–     | 57245/138493 [01:04<01:25, 950.28it/s]
 41%|â–ˆâ–ˆâ–ˆâ–ˆâ–     | 57360/138493 [01:04<01:20, 1007.41it/s]
 41%|â–ˆâ–ˆâ–ˆâ–ˆâ–     | 57462/138493 [01:04<01:24, 956.18it/s] 
 42%|â–ˆâ–ˆâ–ˆâ–ˆâ–     | 57559/138493 [01:04<01:27, 928.21it/s]
 42%|â–ˆâ–ˆâ–ˆâ–ˆâ–     | 57654/138493 [01:04<01:27, 929.15it/s]
 42%|â–ˆâ–ˆâ–ˆâ–ˆâ–     | 57748/138493 [01:04<01:30, 893.65it/s]
 42%|â–ˆâ–ˆâ–ˆâ–ˆâ–     | 57856/138493 [01:04<01:25, 943.97it/s]
 42%|â–ˆâ–ˆâ–ˆâ–ˆâ–     | 57953/138493 [01:04<01:24, 950.35it/s]
 42%|â–ˆâ–ˆâ–ˆâ–ˆâ–     | 58050/138493 [01:05<01:24, 955.40it/s]
 42%|â–ˆâ–ˆâ–ˆâ–ˆâ–     | 58147/138493 [01:05<01:23, 958.72it/s]
 42%|â–ˆâ–ˆâ–ˆâ–ˆâ–     | 58244/138493 [01:05<01:27, 922.24it/s]
 42%|â–ˆâ–ˆâ–ˆâ–ˆâ–     | 58346/138493 [01:05<01:24, 946.97it/s]
 42%|â–ˆâ–ˆâ–ˆâ–ˆâ–     | 58445/138493 [01:05<01:23, 953.38it/s]
 42%|â–ˆâ–ˆâ–ˆâ–ˆâ–     | 58554/138493 [01:05<01:20, 991.71it/s]
 42%|â–ˆâ–ˆâ–ˆâ–ˆâ–     | 58654/138493 [01:05<01:23, 957.16it/s]
 42%|â–ˆâ–ˆâ–ˆâ–ˆâ–     | 58751/138493 [01:05<01:26, 920.03it/s]
 42%|â–ˆâ–ˆâ–ˆâ–ˆâ–     | 58855/138493 [01:05<01:23, 950.33it/s]
 43%|â–ˆâ–ˆâ–ˆâ–ˆâ–Ž     | 58951/138493 [01:05<01:23, 948.90it/s]
 43%|â–ˆâ–ˆâ–ˆâ–ˆâ–Ž     | 59047/138493 [01:06<01:28, 902.74it/s]
 43%|â–ˆâ–ˆâ–ˆâ–ˆâ–Ž     | 59148/138493 [01:06<01:25, 930.01it/s]
 43%|â–ˆâ–ˆâ–ˆâ–ˆâ–Ž     | 59242/138493 [01:06<01:26, 916.13it/s]
 43%|â–ˆâ–ˆâ–ˆâ–ˆâ–Ž     | 59344/138493 [01:06<01:23, 944.47it/s]
 43%|â–ˆâ–ˆâ–ˆâ–ˆâ–Ž     | 59439/138493 [01:06<01:27, 898.69it/s]
 43%|â–ˆâ–ˆâ–ˆâ–ˆâ–Ž     | 59530/138493 [01:06<01:29, 884.67it/s]
 43%|â–ˆâ–ˆâ–ˆâ–ˆâ–Ž     | 59634/138493 [01:06<01:24, 928.47it/s]
 43%|â–ˆâ–ˆâ–ˆâ–ˆâ–Ž     | 59743/138493 [01:06<01:20, 973.54it/s]
 43%|â–ˆâ–ˆâ–ˆâ–ˆâ–Ž     | 59846/138493 [01:06<01:19, 989.14it/s]
 43%|â–ˆâ–ˆâ–ˆâ–ˆâ–Ž     | 59946/138493 [01:07<01:23, 943.13it/s]
 43%|â–ˆâ–ˆâ–ˆâ–ˆâ–Ž     | 60042/138493 [01:07<01:24, 923.05it/s]
 43%|â–ˆâ–ˆâ–ˆâ–ˆâ–Ž     | 60143/138493 [01:07<01:23, 940.09it/s]
 43%|â–ˆâ–ˆâ–ˆâ–ˆâ–Ž     | 60238/138493 [01:07<01:23, 941.72it/s]
 44%|â–ˆâ–ˆâ–ˆâ–ˆâ–Ž     | 60357/138493 [01:07<01:17, 1013.65it/s]
 44%|â–ˆâ–ˆâ–ˆâ–ˆâ–Ž     | 60459/138493 [01:07<01:20, 969.91it/s] 
 44%|â–ˆâ–ˆâ–ˆâ–ˆâ–Ž     | 60557/138493 [01:07<01:20, 962.58it/s]
 44%|â–ˆâ–ˆâ–ˆâ–ˆâ–     | 60655/138493 [01:07<01:21, 957.18it/s]
 44%|â–ˆâ–ˆâ–ˆâ–ˆâ–     | 60754/138493 [01:07<01:20, 966.28it/s]
 44%|â–ˆâ–ˆâ–ˆâ–ˆâ–     | 60851/138493 [01:07<01:21, 946.94it/s]
 44%|â–ˆâ–ˆâ–ˆâ–ˆâ–     | 60950/138493 [01:08<01:21, 954.25it/s]
 44%|â–ˆâ–ˆâ–ˆâ–ˆâ–     | 61046/138493 [01:08<01:21, 951.28it/s]
 44%|â–ˆâ–ˆâ–ˆâ–ˆâ–     | 61142/138493 [01:08<01:26, 893.49it/s]
 44%|â–ˆâ–ˆâ–ˆâ–ˆâ–     | 61239/138493 [01:08<01:24, 914.94it/s]
 44%|â–ˆâ–ˆâ–ˆâ–ˆâ–     | 61342/138493 [01:08<01:21, 944.99it/s]
 44%|â–ˆâ–ˆâ–ˆâ–ˆâ–     | 61444/138493 [01:08<01:19, 965.61it/s]
 44%|â–ˆâ–ˆâ–ˆâ–ˆâ–     | 61542/138493 [01:08<01:21, 947.60it/s]
 45%|â–ˆâ–ˆâ–ˆâ–ˆâ–     | 61638/138493 [01:08<01:22, 929.94it/s]
 45%|â–ˆâ–ˆâ–ˆâ–ˆâ–     | 61732/138493 [01:08<01:24, 910.46it/s]
 45%|â–ˆâ–ˆâ–ˆâ–ˆâ–     | 61835/138493 [01:09<01:21, 941.79it/s]
 45%|â–ˆâ–ˆâ–ˆâ–ˆâ–     | 61930/138493 [01:09<01:22, 926.56it/s]
 45%|â–ˆâ–ˆâ–ˆâ–ˆâ–     | 62023/138493 [01:09<01:23, 915.41it/s]
 45%|â–ˆâ–ˆâ–ˆâ–ˆâ–     | 62115/138493 [01:09<01:24, 909.11it/s]
 45%|â–ˆâ–ˆâ–ˆâ–ˆâ–     | 62207/138493 [01:09<01:24, 907.30it/s]
 45%|â–ˆâ–ˆâ–ˆâ–ˆâ–     | 62308/138493 [01:09<01:21, 937.27it/s]
 45%|â–ˆâ–ˆâ–ˆâ–ˆâ–Œ     | 62403/138493 [01:09<01:21, 938.11it/s]
 45%|â–ˆâ–ˆâ–ˆâ–ˆâ–Œ     | 62505/138493 [01:09<01:19, 960.47it/s]
 45%|â–ˆâ–ˆâ–ˆâ–ˆâ–Œ     | 62607/138493 [01:09<01:17, 977.15it/s]
 45%|â–ˆâ–ˆâ–ˆâ–ˆâ–Œ     | 62705/138493 [01:09<01:18, 969.51it/s]
 45%|â–ˆâ–ˆâ–ˆâ–ˆâ–Œ     | 62803/138493 [01:10<01:21, 924.35it/s]
 45%|â–ˆâ–ˆâ–ˆâ–ˆâ–Œ     | 62896/138493 [01:10<01:22, 915.43it/s]
 45%|â–ˆâ–ˆâ–ˆâ–ˆâ–Œ     | 62988/138493 [01:10<01:23, 902.33it/s]
 46%|â–ˆâ–ˆâ–ˆâ–ˆâ–Œ     | 63079/138493 [01:10<01:24, 895.30it/s]
 46%|â–ˆâ–ˆâ–ˆâ–ˆâ–Œ     | 63169/138493 [01:10<01:25, 881.81it/s]
 46%|â–ˆâ–ˆâ–ˆâ–ˆâ–Œ     | 63258/138493 [01:10<01:26, 873.08it/s]
 46%|â–ˆâ–ˆâ–ˆâ–ˆâ–Œ     | 63363/138493 [01:10<01:21, 921.75it/s]
 46%|â–ˆâ–ˆâ–ˆâ–ˆâ–Œ     | 63458/138493 [01:10<01:20, 929.38it/s]
 46%|â–ˆâ–ˆâ–ˆâ–ˆâ–Œ     | 63552/138493 [01:10<01:20, 927.13it/s]
 46%|â–ˆâ–ˆâ–ˆâ–ˆâ–Œ     | 63645/138493 [01:11<01:22, 910.61it/s]
 46%|â–ˆâ–ˆâ–ˆâ–ˆâ–Œ     | 63756/138493 [01:11<01:17, 968.77it/s]
 46%|â–ˆâ–ˆâ–ˆâ–ˆâ–Œ     | 63854/138493 [01:11<01:21, 919.54it/s]
 46%|â–ˆâ–ˆâ–ˆâ–ˆâ–Œ     | 63947/138493 [01:11<01:22, 903.71it/s]
 46%|â–ˆâ–ˆâ–ˆâ–ˆâ–Œ     | 64048/138493 [01:11<01:19, 933.92it/s]
 46%|â–ˆâ–ˆâ–ˆâ–ˆâ–‹     | 64142/138493 [01:11<01:21, 914.36it/s]
 46%|â–ˆâ–ˆâ–ˆâ–ˆâ–‹     | 64234/138493 [01:11<01:21, 906.96it/s]
 46%|â–ˆâ–ˆâ–ˆâ–ˆâ–‹     | 64335/138493 [01:11<01:19, 935.50it/s]
 47%|â–ˆâ–ˆâ–ˆâ–ˆâ–‹     | 64429/138493 [01:11<01:19, 934.92it/s]
 47%|â–ˆâ–ˆâ–ˆâ–ˆâ–‹     | 64523/138493 [01:11<01:19, 927.66it/s]
 47%|â–ˆâ–ˆâ–ˆâ–ˆâ–‹     | 64616/138493 [01:12<01:20, 913.20it/s]
 47%|â–ˆâ–ˆâ–ˆâ–ˆâ–‹     | 64718/138493 [01:12<01:18, 935.63it/s]
 47%|â–ˆâ–ˆâ–ˆâ–ˆâ–‹     | 64812/138493 [01:12<01:19, 924.78it/s]
 47%|â–ˆâ–ˆâ–ˆâ–ˆâ–‹     | 64905/138493 [01:12<01:23, 886.43it/s]
 47%|â–ˆâ–ˆâ–ˆâ–ˆâ–‹     | 64994/138493 [01:12<01:23, 875.15it/s]
 47%|â–ˆâ–ˆâ–ˆâ–ˆâ–‹     | 65085/138493 [01:12<01:23, 883.95it/s]
 47%|â–ˆâ–ˆâ–ˆâ–ˆâ–‹     | 65174/138493 [01:13<03:36, 338.18it/s]
 47%|â–ˆâ–ˆâ–ˆâ–ˆâ–‹     | 65257/138493 [01:13<03:00, 404.98it/s]
 47%|â–ˆâ–ˆâ–ˆâ–ˆâ–‹     | 65328/138493 [01:13<02:43, 447.89it/s]
 47%|â–ˆâ–ˆâ–ˆâ–ˆâ–‹     | 65405/138493 [01:13<02:24, 506.08it/s]
 47%|â–ˆâ–ˆâ–ˆâ–ˆâ–‹     | 65489/138493 [01:13<02:07, 574.21it/s]
 47%|â–ˆâ–ˆâ–ˆâ–ˆâ–‹     | 65564/138493 [01:13<01:59, 612.10it/s]
 47%|â–ˆâ–ˆâ–ˆâ–ˆâ–‹     | 65664/138493 [01:13<01:42, 707.66it/s]
 47%|â–ˆâ–ˆâ–ˆâ–ˆâ–‹     | 65750/138493 [01:13<01:37, 747.24it/s]
 48%|â–ˆâ–ˆâ–ˆâ–ˆâ–Š     | 65841/138493 [01:14<01:31, 790.18it/s]
 48%|â–ˆâ–ˆâ–ˆâ–ˆâ–Š     | 65937/138493 [01:14<01:26, 834.14it/s]
 48%|â–ˆâ–ˆâ–ˆâ–ˆâ–Š     | 66026/138493 [01:14<01:28, 822.56it/s]
 48%|â–ˆâ–ˆâ–ˆâ–ˆâ–Š     | 66112/138493 [01:14<01:29, 808.69it/s]
 48%|â–ˆâ–ˆâ–ˆâ–ˆâ–Š     | 66196/138493 [01:14<01:31, 794.06it/s]
 48%|â–ˆâ–ˆâ–ˆâ–ˆâ–Š     | 66278/138493 [01:14<01:31, 787.09it/s]
 48%|â–ˆâ–ˆâ–ˆâ–ˆâ–Š     | 66364/138493 [01:14<01:29, 807.43it/s]
 48%|â–ˆâ–ˆâ–ˆâ–ˆâ–Š     | 66463/138493 [01:14<01:24, 856.99it/s]
 48%|â–ˆâ–ˆâ–ˆâ–ˆâ–Š     | 66550/138493 [01:14<01:24, 855.21it/s]
 48%|â–ˆâ–ˆâ–ˆâ–ˆâ–Š     | 66637/138493 [01:15<01:24, 852.63it/s]
 48%|â–ˆâ–ˆâ–ˆâ–ˆâ–Š     | 66731/138493 [01:15<01:21, 877.86it/s]
 48%|â–ˆâ–ˆâ–ˆâ–ˆâ–Š     | 66820/138493 [01:15<01:21, 880.34it/s]
 48%|â–ˆâ–ˆâ–ˆâ–ˆâ–Š     | 66909/138493 [01:15<01:23, 862.17it/s]
 48%|â–ˆâ–ˆâ–ˆâ–ˆâ–Š     | 67001/138493 [01:15<01:21, 877.26it/s]
 48%|â–ˆâ–ˆâ–ˆâ–ˆâ–Š     | 67089/138493 [01:15<01:23, 853.01it/s]
 49%|â–ˆâ–ˆâ–ˆâ–ˆâ–Š     | 67185/138493 [01:15<01:21, 880.18it/s]
 49%|â–ˆâ–ˆâ–ˆâ–ˆâ–Š     | 67277/138493 [01:15<01:19, 891.09it/s]
 49%|â–ˆâ–ˆâ–ˆâ–ˆâ–Š     | 67367/138493 [01:15<01:22, 862.54it/s]
 49%|â–ˆâ–ˆâ–ˆâ–ˆâ–Š     | 67458/138493 [01:15<01:21, 876.06it/s]
 49%|â–ˆâ–ˆâ–ˆâ–ˆâ–‰     | 67546/138493 [01:16<01:24, 842.47it/s]
 49%|â–ˆâ–ˆâ–ˆâ–ˆâ–‰     | 67631/138493 [01:16<01:27, 807.63it/s]
 49%|â–ˆâ–ˆâ–ˆâ–ˆâ–‰     | 67716/138493 [01:16<01:26, 819.29it/s]
 49%|â–ˆâ–ˆâ–ˆâ–ˆâ–‰     | 67825/138493 [01:16<01:19, 891.54it/s]
 49%|â–ˆâ–ˆâ–ˆâ–ˆâ–‰     | 67915/138493 [01:16<01:21, 866.69it/s]
 49%|â–ˆâ–ˆâ–ˆâ–ˆâ–‰     | 68003/138493 [01:16<01:23, 845.31it/s]
 49%|â–ˆâ–ˆâ–ˆâ–ˆâ–‰     | 68088/138493 [01:16<01:26, 813.31it/s]
 49%|â–ˆâ–ˆâ–ˆâ–ˆâ–‰     | 68172/138493 [01:16<01:25, 818.25it/s]
 49%|â–ˆâ–ˆâ–ˆâ–ˆâ–‰     | 68255/138493 [01:16<01:30, 775.95it/s]
 49%|â–ˆâ–ˆâ–ˆâ–ˆâ–‰     | 68346/138493 [01:17<01:26, 810.60it/s]
 49%|â–ˆâ–ˆâ–ˆâ–ˆâ–‰     | 68442/138493 [01:17<01:22, 850.70it/s]
 49%|â–ˆâ–ˆâ–ˆâ–ˆâ–‰     | 68536/138493 [01:17<01:19, 874.59it/s]
 50%|â–ˆâ–ˆâ–ˆâ–ˆâ–‰     | 68629/138493 [01:17<01:18, 887.20it/s]
 50%|â–ˆâ–ˆâ–ˆâ–ˆâ–‰     | 68722/138493 [01:17<01:17, 899.31it/s]
 50%|â–ˆâ–ˆâ–ˆâ–ˆâ–‰     | 68814/138493 [01:17<01:17, 903.89it/s]
 50%|â–ˆâ–ˆâ–ˆâ–ˆâ–‰     | 68905/138493 [01:17<01:18, 891.41it/s]
 50%|â–ˆâ–ˆâ–ˆâ–ˆâ–‰     | 68995/138493 [01:17<01:18, 882.16it/s]
 50%|â–ˆâ–ˆâ–ˆâ–ˆâ–‰     | 69084/138493 [01:17<01:19, 876.59it/s]
 50%|â–ˆâ–ˆâ–ˆâ–ˆâ–‰     | 69172/138493 [01:17<01:22, 838.80it/s]
 50%|â–ˆâ–ˆâ–ˆâ–ˆâ–ˆ     | 69263/138493 [01:18<01:20, 857.61it/s]
 50%|â–ˆâ–ˆâ–ˆâ–ˆâ–ˆ     | 69355/138493 [01:18<01:19, 873.43it/s]
 50%|â–ˆâ–ˆâ–ˆâ–ˆâ–ˆ     | 69458/138493 [01:18<01:15, 918.21it/s]
 50%|â–ˆâ–ˆâ–ˆâ–ˆâ–ˆ     | 69555/138493 [01:18<01:13, 932.96it/s]
 50%|â–ˆâ–ˆâ–ˆâ–ˆâ–ˆ     | 69649/138493 [01:18<01:13, 935.00it/s]
 50%|â–ˆâ–ˆâ–ˆâ–ˆâ–ˆ     | 69743/138493 [01:18<01:15, 906.46it/s]
 50%|â–ˆâ–ˆâ–ˆâ–ˆâ–ˆ     | 69842/138493 [01:18<01:14, 923.64it/s]
 50%|â–ˆâ–ˆâ–ˆâ–ˆâ–ˆ     | 69935/138493 [01:18<01:14, 919.05it/s]
 51%|â–ˆâ–ˆâ–ˆâ–ˆâ–ˆ     | 70036/138493 [01:18<01:12, 943.68it/s]
 51%|â–ˆâ–ˆâ–ˆâ–ˆâ–ˆ     | 70139/138493 [01:18<01:10, 966.70it/s]
 51%|â–ˆâ–ˆâ–ˆâ–ˆâ–ˆ     | 70236/138493 [01:19<01:12, 945.54it/s]
 51%|â–ˆâ–ˆâ–ˆâ–ˆâ–ˆ     | 70331/138493 [01:19<01:12, 945.58it/s]
 51%|â–ˆâ–ˆâ–ˆâ–ˆâ–ˆ     | 70426/138493 [01:19<01:15, 904.91it/s]
 51%|â–ˆâ–ˆâ–ˆâ–ˆâ–ˆ     | 70522/138493 [01:19<01:13, 919.81it/s]
 51%|â–ˆâ–ˆâ–ˆâ–ˆâ–ˆ     | 70618/138493 [01:19<01:12, 930.35it/s]
 51%|â–ˆâ–ˆâ–ˆâ–ˆâ–ˆ     | 70717/138493 [01:19<01:11, 947.47it/s]
 51%|â–ˆâ–ˆâ–ˆâ–ˆâ–ˆ     | 70812/138493 [01:19<01:13, 916.31it/s]
 51%|â–ˆâ–ˆâ–ˆâ–ˆâ–ˆ     | 70904/138493 [01:19<01:17, 871.37it/s]
 51%|â–ˆâ–ˆâ–ˆâ–ˆâ–ˆâ–    | 70992/138493 [01:19<01:20, 840.56it/s]
 51%|â–ˆâ–ˆâ–ˆâ–ˆâ–ˆâ–    | 71079/138493 [01:20<01:19, 845.98it/s]
 51%|â–ˆâ–ˆâ–ˆâ–ˆâ–ˆâ–    | 71165/138493 [01:20<01:19, 848.23it/s]
 51%|â–ˆâ–ˆâ–ˆâ–ˆâ–ˆâ–    | 71251/138493 [01:20<01:22, 817.73it/s]
 52%|â–ˆâ–ˆâ–ˆâ–ˆâ–ˆâ–    | 71334/138493 [01:20<01:23, 808.08it/s]
 52%|â–ˆâ–ˆâ–ˆâ–ˆâ–ˆâ–    | 71432/138493 [01:20<01:18, 852.39it/s]
 52%|â–ˆâ–ˆâ–ˆâ–ˆâ–ˆâ–    | 71530/138493 [01:20<01:15, 888.40it/s]
 52%|â–ˆâ–ˆâ–ˆâ–ˆâ–ˆâ–    | 71621/138493 [01:20<01:15, 891.50it/s]
 52%|â–ˆâ–ˆâ–ˆâ–ˆâ–ˆâ–    | 71713/138493 [01:20<01:14, 898.12it/s]
 52%|â–ˆâ–ˆâ–ˆâ–ˆâ–ˆâ–    | 71804/138493 [01:20<01:17, 864.22it/s]
 52%|â–ˆâ–ˆâ–ˆâ–ˆâ–ˆâ–    | 71903/138493 [01:21<01:14, 897.54it/s]
 52%|â–ˆâ–ˆâ–ˆâ–ˆâ–ˆâ–    | 71994/138493 [01:21<01:15, 878.45it/s]
 52%|â–ˆâ–ˆâ–ˆâ–ˆâ–ˆâ–    | 72092/138493 [01:21<01:13, 903.84it/s]
 52%|â–ˆâ–ˆâ–ˆâ–ˆâ–ˆâ–    | 72198/138493 [01:21<01:09, 947.95it/s]
 52%|â–ˆâ–ˆâ–ˆâ–ˆâ–ˆâ–    | 72294/138493 [01:21<01:09, 948.79it/s]
 52%|â–ˆâ–ˆâ–ˆâ–ˆâ–ˆâ–    | 72392/138493 [01:21<01:09, 957.42it/s]
 52%|â–ˆâ–ˆâ–ˆâ–ˆâ–ˆâ–    | 72488/138493 [01:21<01:09, 945.24it/s]
 52%|â–ˆâ–ˆâ–ˆâ–ˆâ–ˆâ–    | 72590/138493 [01:21<01:08, 966.26it/s]
 52%|â–ˆâ–ˆâ–ˆâ–ˆâ–ˆâ–    | 72687/138493 [01:21<01:08, 965.20it/s]
 53%|â–ˆâ–ˆâ–ˆâ–ˆâ–ˆâ–Ž    | 72791/138493 [01:21<01:06, 984.96it/s]
 53%|â–ˆâ–ˆâ–ˆâ–ˆâ–ˆâ–Ž    | 72890/138493 [01:22<01:08, 952.43it/s]
 53%|â–ˆâ–ˆâ–ˆâ–ˆâ–ˆâ–Ž    | 72986/138493 [01:22<01:10, 927.52it/s]
 53%|â–ˆâ–ˆâ–ˆâ–ˆâ–ˆâ–Ž    | 73080/138493 [01:22<01:12, 906.28it/s]
 53%|â–ˆâ–ˆâ–ˆâ–ˆâ–ˆâ–Ž    | 73188/138493 [01:22<01:08, 953.16it/s]
 53%|â–ˆâ–ˆâ–ˆâ–ˆâ–ˆâ–Ž    | 73290/138493 [01:22<01:07, 969.11it/s]
 53%|â–ˆâ–ˆâ–ˆâ–ˆâ–ˆâ–Ž    | 73388/138493 [01:22<01:08, 956.76it/s]
 53%|â–ˆâ–ˆâ–ˆâ–ˆâ–ˆâ–Ž    | 73494/138493 [01:22<01:05, 986.66it/s]
 53%|â–ˆâ–ˆâ–ˆâ–ˆâ–ˆâ–Ž    | 73596/138493 [01:22<01:05, 996.13it/s]
 53%|â–ˆâ–ˆâ–ˆâ–ˆâ–ˆâ–Ž    | 73696/138493 [01:22<01:06, 976.32it/s]
 53%|â–ˆâ–ˆâ–ˆâ–ˆâ–ˆâ–Ž    | 73797/138493 [01:22<01:05, 984.86it/s]
 53%|â–ˆâ–ˆâ–ˆâ–ˆâ–ˆâ–Ž    | 73896/138493 [01:23<01:06, 970.36it/s]
 53%|â–ˆâ–ˆâ–ˆâ–ˆâ–ˆâ–Ž    | 73995/138493 [01:23<01:06, 975.00it/s]
 53%|â–ˆâ–ˆâ–ˆâ–ˆâ–ˆâ–Ž    | 74093/138493 [01:23<01:06, 962.59it/s]
 54%|â–ˆâ–ˆâ–ˆâ–ˆâ–ˆâ–Ž    | 74190/138493 [01:23<01:13, 869.49it/s]
 54%|â–ˆâ–ˆâ–ˆâ–ˆâ–ˆâ–Ž    | 74279/138493 [01:23<01:14, 858.77it/s]
 54%|â–ˆâ–ˆâ–ˆâ–ˆâ–ˆâ–Ž    | 74367/138493 [01:23<01:17, 822.18it/s]
 54%|â–ˆâ–ˆâ–ˆâ–ˆâ–ˆâ–    | 74458/138493 [01:23<01:15, 844.89it/s]
 54%|â–ˆâ–ˆâ–ˆâ–ˆâ–ˆâ–    | 74545/138493 [01:23<01:15, 851.68it/s]
 54%|â–ˆâ–ˆâ–ˆâ–ˆâ–ˆâ–    | 74641/138493 [01:23<01:12, 880.42it/s]
 54%|â–ˆâ–ˆâ–ˆâ–ˆâ–ˆâ–    | 74740/138493 [01:24<01:09, 911.26it/s]
 54%|â–ˆâ–ˆâ–ˆâ–ˆâ–ˆâ–    | 74840/138493 [01:24<01:07, 936.67it/s]
 54%|â–ˆâ–ˆâ–ˆâ–ˆâ–ˆâ–    | 74941/138493 [01:24<01:06, 956.23it/s]
 54%|â–ˆâ–ˆâ–ˆâ–ˆâ–ˆâ–    | 75037/138493 [01:24<01:08, 928.01it/s]
 54%|â–ˆâ–ˆâ–ˆâ–ˆâ–ˆâ–    | 75131/138493 [01:24<01:12, 876.71it/s]
 54%|â–ˆâ–ˆâ–ˆâ–ˆâ–ˆâ–    | 75223/138493 [01:24<01:11, 886.33it/s]
 54%|â–ˆâ–ˆâ–ˆâ–ˆâ–ˆâ–    | 75320/138493 [01:24<01:09, 909.49it/s]
 54%|â–ˆâ–ˆâ–ˆâ–ˆâ–ˆâ–    | 75413/138493 [01:24<01:09, 912.42it/s]
 55%|â–ˆâ–ˆâ–ˆâ–ˆâ–ˆâ–    | 75505/138493 [01:24<01:10, 889.41it/s]
 55%|â–ˆâ–ˆâ–ˆâ–ˆâ–ˆâ–    | 75600/138493 [01:24<01:09, 905.98it/s]
 55%|â–ˆâ–ˆâ–ˆâ–ˆâ–ˆâ–    | 75693/138493 [01:25<01:08, 911.63it/s]
 55%|â–ˆâ–ˆâ–ˆâ–ˆâ–ˆâ–    | 75792/138493 [01:25<01:07, 933.27it/s]
 55%|â–ˆâ–ˆâ–ˆâ–ˆâ–ˆâ–    | 75886/138493 [01:25<01:09, 897.65it/s]
 55%|â–ˆâ–ˆâ–ˆâ–ˆâ–ˆâ–    | 75977/138493 [01:25<01:09, 893.78it/s]
 55%|â–ˆâ–ˆâ–ˆâ–ˆâ–ˆâ–    | 76075/138493 [01:25<01:07, 918.18it/s]
 55%|â–ˆâ–ˆâ–ˆâ–ˆâ–ˆâ–    | 76168/138493 [01:25<01:09, 897.37it/s]
 55%|â–ˆâ–ˆâ–ˆâ–ˆâ–ˆâ–Œ    | 76272/138493 [01:25<01:06, 934.96it/s]
 55%|â–ˆâ–ˆâ–ˆâ–ˆâ–ˆâ–Œ    | 76366/138493 [01:25<01:08, 907.36it/s]
 55%|â–ˆâ–ˆâ–ˆâ–ˆâ–ˆâ–Œ    | 76458/138493 [01:25<01:09, 899.03it/s]
 55%|â–ˆâ–ˆâ–ˆâ–ˆâ–ˆâ–Œ    | 76555/138493 [01:26<01:07, 917.62it/s]
 55%|â–ˆâ–ˆâ–ˆâ–ˆâ–ˆâ–Œ    | 76647/138493 [01:26<01:09, 893.95it/s]
 55%|â–ˆâ–ˆâ–ˆâ–ˆâ–ˆâ–Œ    | 76738/138493 [01:26<01:08, 896.47it/s]
 55%|â–ˆâ–ˆâ–ˆâ–ˆâ–ˆâ–Œ    | 76842/138493 [01:26<01:06, 930.16it/s]
 56%|â–ˆâ–ˆâ–ˆâ–ˆâ–ˆâ–Œ    | 76938/138493 [01:26<01:05, 937.48it/s]
 56%|â–ˆâ–ˆâ–ˆâ–ˆâ–ˆâ–Œ    | 77032/138493 [01:26<01:10, 870.96it/s]
 56%|â–ˆâ–ˆâ–ˆâ–ˆâ–ˆâ–Œ    | 77124/138493 [01:26<01:09, 878.58it/s]
 56%|â–ˆâ–ˆâ–ˆâ–ˆâ–ˆâ–Œ    | 77228/138493 [01:26<01:06, 919.03it/s]
 56%|â–ˆâ–ˆâ–ˆâ–ˆâ–ˆâ–Œ    | 77321/138493 [01:26<01:06, 916.21it/s]
 56%|â–ˆâ–ˆâ–ˆâ–ˆâ–ˆâ–Œ    | 77416/138493 [01:26<01:06, 925.28it/s]
 56%|â–ˆâ–ˆâ–ˆâ–ˆâ–ˆâ–Œ    | 77509/138493 [01:27<01:08, 888.55it/s]
 56%|â–ˆâ–ˆâ–ˆâ–ˆâ–ˆâ–Œ    | 77599/138493 [01:27<01:11, 848.70it/s]
 56%|â–ˆâ–ˆâ–ˆâ–ˆâ–ˆâ–Œ    | 77685/138493 [01:27<01:12, 839.57it/s]
 56%|â–ˆâ–ˆâ–ˆâ–ˆâ–ˆâ–Œ    | 77779/138493 [01:27<01:10, 866.97it/s]
 56%|â–ˆâ–ˆâ–ˆâ–ˆâ–ˆâ–Œ    | 77885/138493 [01:27<01:05, 919.68it/s]
 56%|â–ˆâ–ˆâ–ˆâ–ˆâ–ˆâ–‹    | 77988/138493 [01:27<01:03, 950.48it/s]
 56%|â–ˆâ–ˆâ–ˆâ–ˆâ–ˆâ–‹    | 78086/138493 [01:27<01:03, 958.54it/s]
 56%|â–ˆâ–ˆâ–ˆâ–ˆâ–ˆâ–‹    | 78183/138493 [01:27<01:05, 926.30it/s]
 57%|â–ˆâ–ˆâ–ˆâ–ˆâ–ˆâ–‹    | 78277/138493 [01:27<01:07, 897.39it/s]
 57%|â–ˆâ–ˆâ–ˆâ–ˆâ–ˆâ–‹    | 78368/138493 [01:28<01:09, 864.97it/s]
 57%|â–ˆâ–ˆâ–ˆâ–ˆâ–ˆâ–‹    | 78455/138493 [01:28<01:10, 852.44it/s]
 57%|â–ˆâ–ˆâ–ˆâ–ˆâ–ˆâ–‹    | 78541/138493 [01:28<01:10, 849.99it/s]
 57%|â–ˆâ–ˆâ–ˆâ–ˆâ–ˆâ–‹    | 78632/138493 [01:28<01:09, 865.57it/s]
 57%|â–ˆâ–ˆâ–ˆâ–ˆâ–ˆâ–‹    | 78730/138493 [01:28<01:06, 897.73it/s]
 57%|â–ˆâ–ˆâ–ˆâ–ˆâ–ˆâ–‹    | 78821/138493 [01:28<01:07, 878.14it/s]
 57%|â–ˆâ–ˆâ–ˆâ–ˆâ–ˆâ–‹    | 78914/138493 [01:28<01:06, 891.94it/s]
 57%|â–ˆâ–ˆâ–ˆâ–ˆâ–ˆâ–‹    | 79011/138493 [01:28<01:05, 909.67it/s]
 57%|â–ˆâ–ˆâ–ˆâ–ˆâ–ˆâ–‹    | 79121/138493 [01:28<01:01, 964.25it/s]
 57%|â–ˆâ–ˆâ–ˆâ–ˆâ–ˆâ–‹    | 79218/138493 [01:29<01:05, 909.33it/s]
 57%|â–ˆâ–ˆâ–ˆâ–ˆâ–ˆâ–‹    | 79318/138493 [01:29<01:03, 933.68it/s]
 57%|â–ˆâ–ˆâ–ˆâ–ˆâ–ˆâ–‹    | 79413/138493 [01:29<01:05, 903.64it/s]
 57%|â–ˆâ–ˆâ–ˆâ–ˆâ–ˆâ–‹    | 79504/138493 [01:29<01:05, 905.16it/s]
 57%|â–ˆâ–ˆâ–ˆâ–ˆâ–ˆâ–‹    | 79601/138493 [01:29<01:04, 915.62it/s]
 58%|â–ˆâ–ˆâ–ˆâ–ˆâ–ˆâ–Š    | 79693/138493 [01:29<01:04, 915.69it/s]
 58%|â–ˆâ–ˆâ–ˆâ–ˆâ–ˆâ–Š    | 79786/138493 [01:29<01:03, 919.20it/s]
 58%|â–ˆâ–ˆâ–ˆâ–ˆâ–ˆâ–Š    | 79887/138493 [01:29<01:01, 945.57it/s]
 58%|â–ˆâ–ˆâ–ˆâ–ˆâ–ˆâ–Š    | 79982/138493 [01:29<01:02, 938.71it/s]
 58%|â–ˆâ–ˆâ–ˆâ–ˆâ–ˆâ–Š    | 80081/138493 [01:29<01:01, 952.11it/s]
 58%|â–ˆâ–ˆâ–ˆâ–ˆâ–ˆâ–Š    | 80177/138493 [01:30<01:02, 935.63it/s]
 58%|â–ˆâ–ˆâ–ˆâ–ˆâ–ˆâ–Š    | 80271/138493 [01:30<01:02, 935.34it/s]
 58%|â–ˆâ–ˆâ–ˆâ–ˆâ–ˆâ–Š    | 80378/138493 [01:30<01:00, 965.87it/s]
 58%|â–ˆâ–ˆâ–ˆâ–ˆâ–ˆâ–Š    | 80475/138493 [01:30<01:01, 945.98it/s]
 58%|â–ˆâ–ˆâ–ˆâ–ˆâ–ˆâ–Š    | 80570/138493 [01:30<01:03, 910.79it/s]
 58%|â–ˆâ–ˆâ–ˆâ–ˆâ–ˆâ–Š    | 80662/138493 [01:30<01:04, 893.21it/s]
 58%|â–ˆâ–ˆâ–ˆâ–ˆâ–ˆâ–Š    | 80752/138493 [01:30<01:07, 855.51it/s]
 58%|â–ˆâ–ˆâ–ˆâ–ˆâ–ˆâ–Š    | 80844/138493 [01:30<01:06, 872.18it/s]
 58%|â–ˆâ–ˆâ–ˆâ–ˆâ–ˆâ–Š    | 80933/138493 [01:30<01:05, 876.97it/s]
 59%|â–ˆâ–ˆâ–ˆâ–ˆâ–ˆâ–Š    | 81022/138493 [01:30<01:05, 878.59it/s]
 59%|â–ˆâ–ˆâ–ˆâ–ˆâ–ˆâ–Š    | 81129/138493 [01:31<01:01, 933.43it/s]
 59%|â–ˆâ–ˆâ–ˆâ–ˆâ–ˆâ–Š    | 81223/138493 [01:31<01:02, 917.44it/s]
 59%|â–ˆâ–ˆâ–ˆâ–ˆâ–ˆâ–Š    | 81320/138493 [01:31<01:01, 931.44it/s]
 59%|â–ˆâ–ˆâ–ˆâ–ˆâ–ˆâ–‰    | 81414/138493 [01:31<01:03, 893.76it/s]
 59%|â–ˆâ–ˆâ–ˆâ–ˆâ–ˆâ–‰    | 81516/138493 [01:31<01:01, 926.92it/s]
 59%|â–ˆâ–ˆâ–ˆâ–ˆâ–ˆâ–‰    | 81610/138493 [01:31<01:02, 904.78it/s]
 59%|â–ˆâ–ˆâ–ˆâ–ˆâ–ˆâ–‰    | 81701/138493 [01:31<01:04, 883.43it/s]
 59%|â–ˆâ–ˆâ–ˆâ–ˆâ–ˆâ–‰    | 81790/138493 [01:31<01:05, 870.24it/s]
 59%|â–ˆâ–ˆâ–ˆâ–ˆâ–ˆâ–‰    | 81886/138493 [01:31<01:03, 893.51it/s]
 59%|â–ˆâ–ˆâ–ˆâ–ˆâ–ˆâ–‰    | 81993/138493 [01:32<00:59, 944.13it/s]
 59%|â–ˆâ–ˆâ–ˆâ–ˆâ–ˆâ–‰    | 82104/138493 [01:32<00:57, 984.10it/s]
 59%|â–ˆâ–ˆâ–ˆâ–ˆâ–ˆâ–‰    | 82203/138493 [01:32<00:57, 983.09it/s]
 59%|â–ˆâ–ˆâ–ˆâ–ˆâ–ˆâ–‰    | 82318/138493 [01:32<00:54, 1031.35it/s]
 60%|â–ˆâ–ˆâ–ˆâ–ˆâ–ˆâ–‰    | 82422/138493 [01:32<00:57, 978.13it/s] 
 60%|â–ˆâ–ˆâ–ˆâ–ˆâ–ˆâ–‰    | 82525/138493 [01:32<00:56, 992.01it/s]
 60%|â–ˆâ–ˆâ–ˆâ–ˆâ–ˆâ–‰    | 82626/138493 [01:32<00:56, 993.40it/s]
 60%|â–ˆâ–ˆâ–ˆâ–ˆâ–ˆâ–‰    | 82726/138493 [01:32<00:58, 954.61it/s]
 60%|â–ˆâ–ˆâ–ˆâ–ˆâ–ˆâ–‰    | 82822/138493 [01:32<00:59, 938.80it/s]
 60%|â–ˆâ–ˆâ–ˆâ–ˆâ–ˆâ–‰    | 82921/138493 [01:32<00:58, 950.75it/s]
 60%|â–ˆâ–ˆâ–ˆâ–ˆâ–ˆâ–‰    | 83019/138493 [01:33<00:57, 958.54it/s]
 60%|â–ˆâ–ˆâ–ˆâ–ˆâ–ˆâ–ˆ    | 83116/138493 [01:33<00:58, 941.57it/s]
 60%|â–ˆâ–ˆâ–ˆâ–ˆâ–ˆâ–ˆ    | 83219/138493 [01:33<00:57, 965.31it/s]
 60%|â–ˆâ–ˆâ–ˆâ–ˆâ–ˆâ–ˆ    | 83316/138493 [01:33<00:57, 960.03it/s]
 60%|â–ˆâ–ˆâ–ˆâ–ˆâ–ˆâ–ˆ    | 83413/138493 [01:33<00:57, 959.06it/s]
 60%|â–ˆâ–ˆâ–ˆâ–ˆâ–ˆâ–ˆ    | 83510/138493 [01:33<00:58, 939.46it/s]
 60%|â–ˆâ–ˆâ–ˆâ–ˆâ–ˆâ–ˆ    | 83605/138493 [01:33<01:00, 909.57it/s]
 60%|â–ˆâ–ˆâ–ˆâ–ˆâ–ˆâ–ˆ    | 83697/138493 [01:33<01:00, 909.41it/s]
 61%|â–ˆâ–ˆâ–ˆâ–ˆâ–ˆâ–ˆ    | 83789/138493 [01:33<01:01, 892.55it/s]
 61%|â–ˆâ–ˆâ–ˆâ–ˆâ–ˆâ–ˆ    | 83886/138493 [01:34<00:59, 914.82it/s]
 61%|â–ˆâ–ˆâ–ˆâ–ˆâ–ˆâ–ˆ    | 83978/138493 [01:34<01:02, 871.66it/s]
 61%|â–ˆâ–ˆâ–ˆâ–ˆâ–ˆâ–ˆ    | 84070/138493 [01:34<01:01, 884.65it/s]
 61%|â–ˆâ–ˆâ–ˆâ–ˆâ–ˆâ–ˆ    | 84163/138493 [01:34<01:00, 893.16it/s]
 61%|â–ˆâ–ˆâ–ˆâ–ˆâ–ˆâ–ˆ    | 84273/138493 [01:34<00:56, 951.92it/s]
 61%|â–ˆâ–ˆâ–ˆâ–ˆâ–ˆâ–ˆ    | 84375/138493 [01:34<00:55, 970.82it/s]
 61%|â–ˆâ–ˆâ–ˆâ–ˆâ–ˆâ–ˆ    | 84473/138493 [01:34<01:01, 884.41it/s]
 61%|â–ˆâ–ˆâ–ˆâ–ˆâ–ˆâ–ˆ    | 84564/138493 [01:34<01:01, 877.09it/s]
 61%|â–ˆâ–ˆâ–ˆâ–ˆâ–ˆâ–ˆ    | 84658/138493 [01:34<01:00, 894.63it/s]
 61%|â–ˆâ–ˆâ–ˆâ–ˆâ–ˆâ–ˆ    | 84752/138493 [01:34<01:00, 892.72it/s]
 61%|â–ˆâ–ˆâ–ˆâ–ˆâ–ˆâ–ˆâ–   | 84843/138493 [01:35<00:59, 895.30it/s]
 61%|â–ˆâ–ˆâ–ˆâ–ˆâ–ˆâ–ˆâ–   | 84933/138493 [01:35<01:00, 886.53it/s]
 61%|â–ˆâ–ˆâ–ˆâ–ˆâ–ˆâ–ˆâ–   | 85027/138493 [01:35<00:59, 900.71it/s]
 61%|â–ˆâ–ˆâ–ˆâ–ˆâ–ˆâ–ˆâ–   | 85124/138493 [01:35<00:58, 917.76it/s]
 62%|â–ˆâ–ˆâ–ˆâ–ˆâ–ˆâ–ˆâ–   | 85217/138493 [01:35<00:57, 919.95it/s]
 62%|â–ˆâ–ˆâ–ˆâ–ˆâ–ˆâ–ˆâ–   | 85319/138493 [01:35<00:56, 949.34it/s]
 62%|â–ˆâ–ˆâ–ˆâ–ˆâ–ˆâ–ˆâ–   | 85415/138493 [01:35<00:56, 933.41it/s]
 62%|â–ˆâ–ˆâ–ˆâ–ˆâ–ˆâ–ˆâ–   | 85515/138493 [01:35<00:55, 947.11it/s]
 62%|â–ˆâ–ˆâ–ˆâ–ˆâ–ˆâ–ˆâ–   | 85610/138493 [01:35<01:00, 876.66it/s]
 62%|â–ˆâ–ˆâ–ˆâ–ˆâ–ˆâ–ˆâ–   | 85699/138493 [01:36<01:00, 872.08it/s]
 62%|â–ˆâ–ˆâ–ˆâ–ˆâ–ˆâ–ˆâ–   | 85797/138493 [01:36<00:58, 899.88it/s]
 62%|â–ˆâ–ˆâ–ˆâ–ˆâ–ˆâ–ˆâ–   | 85894/138493 [01:36<00:57, 917.81it/s]
 62%|â–ˆâ–ˆâ–ˆâ–ˆâ–ˆâ–ˆâ–   | 85987/138493 [01:36<00:58, 904.85it/s]
 62%|â–ˆâ–ˆâ–ˆâ–ˆâ–ˆâ–ˆâ–   | 86087/138493 [01:36<00:56, 931.79it/s]
 62%|â–ˆâ–ˆâ–ˆâ–ˆâ–ˆâ–ˆâ–   | 86186/138493 [01:36<00:55, 947.02it/s]
 62%|â–ˆâ–ˆâ–ˆâ–ˆâ–ˆâ–ˆâ–   | 86281/138493 [01:36<00:56, 918.30it/s]
 62%|â–ˆâ–ˆâ–ˆâ–ˆâ–ˆâ–ˆâ–   | 86374/138493 [01:37<02:52, 302.22it/s]
 62%|â–ˆâ–ˆâ–ˆâ–ˆâ–ˆâ–ˆâ–   | 86462/138493 [01:37<02:20, 371.00it/s]
 62%|â–ˆâ–ˆâ–ˆâ–ˆâ–ˆâ–ˆâ–   | 86551/138493 [01:37<01:56, 446.50it/s]
 63%|â–ˆâ–ˆâ–ˆâ–ˆâ–ˆâ–ˆâ–Ž   | 86651/138493 [01:37<01:36, 539.71it/s]
 63%|â–ˆâ–ˆâ–ˆâ–ˆâ–ˆâ–ˆâ–Ž   | 86739/138493 [01:37<01:25, 606.02it/s]
 63%|â–ˆâ–ˆâ–ˆâ–ˆâ–ˆâ–ˆâ–Ž   | 86838/138493 [01:37<01:15, 687.96it/s]
 63%|â–ˆâ–ˆâ–ˆâ–ˆâ–ˆâ–ˆâ–Ž   | 86935/138493 [01:38<01:08, 752.01it/s]
 63%|â–ˆâ–ˆâ–ˆâ–ˆâ–ˆâ–ˆâ–Ž   | 87032/138493 [01:38<01:03, 805.89it/s]
 63%|â–ˆâ–ˆâ–ˆâ–ˆâ–ˆâ–ˆâ–Ž   | 87140/138493 [01:38<00:58, 877.05it/s]
 63%|â–ˆâ–ˆâ–ˆâ–ˆâ–ˆâ–ˆâ–Ž   | 87249/138493 [01:38<00:54, 934.01it/s]
 63%|â–ˆâ–ˆâ–ˆâ–ˆâ–ˆâ–ˆâ–Ž   | 87350/138493 [01:38<00:54, 937.34it/s]
 63%|â–ˆâ–ˆâ–ˆâ–ˆâ–ˆâ–ˆâ–Ž   | 87449/138493 [01:38<00:55, 924.89it/s]
 63%|â–ˆâ–ˆâ–ˆâ–ˆâ–ˆâ–ˆâ–Ž   | 87545/138493 [01:38<00:55, 920.40it/s]
 63%|â–ˆâ–ˆâ–ˆâ–ˆâ–ˆâ–ˆâ–Ž   | 87642/138493 [01:38<00:54, 931.59it/s]
 63%|â–ˆâ–ˆâ–ˆâ–ˆâ–ˆâ–ˆâ–Ž   | 87746/138493 [01:38<00:53, 952.91it/s]
 63%|â–ˆâ–ˆâ–ˆâ–ˆâ–ˆâ–ˆâ–Ž   | 87844/138493 [01:39<00:52, 960.60it/s]
 63%|â–ˆâ–ˆâ–ˆâ–ˆâ–ˆâ–ˆâ–Ž   | 87941/138493 [01:39<00:52, 955.02it/s]
 64%|â–ˆâ–ˆâ–ˆâ–ˆâ–ˆâ–ˆâ–Ž   | 88038/138493 [01:39<00:54, 930.10it/s]
 64%|â–ˆâ–ˆâ–ˆâ–ˆâ–ˆâ–ˆâ–Ž   | 88144/138493 [01:39<00:52, 961.81it/s]
 64%|â–ˆâ–ˆâ–ˆâ–ˆâ–ˆâ–ˆâ–Ž   | 88241/138493 [01:39<00:53, 941.26it/s]
 64%|â–ˆâ–ˆâ–ˆâ–ˆâ–ˆâ–ˆâ–   | 88342/138493 [01:39<00:52, 960.84it/s]
 64%|â–ˆâ–ˆâ–ˆâ–ˆâ–ˆâ–ˆâ–   | 88439/138493 [01:39<00:52, 960.07it/s]
 64%|â–ˆâ–ˆâ–ˆâ–ˆâ–ˆâ–ˆâ–   | 88544/138493 [01:39<00:50, 986.00it/s]
 64%|â–ˆâ–ˆâ–ˆâ–ˆâ–ˆâ–ˆâ–   | 88643/138493 [01:39<00:52, 943.34it/s]
 64%|â–ˆâ–ˆâ–ˆâ–ˆâ–ˆâ–ˆâ–   | 88740/138493 [01:39<00:52, 950.27it/s]
 64%|â–ˆâ–ˆâ–ˆâ–ˆâ–ˆâ–ˆâ–   | 88836/138493 [01:40<00:58, 849.01it/s]
 64%|â–ˆâ–ˆâ–ˆâ–ˆâ–ˆâ–ˆâ–   | 88937/138493 [01:40<00:55, 889.46it/s]
 64%|â–ˆâ–ˆâ–ˆâ–ˆâ–ˆâ–ˆâ–   | 89042/138493 [01:40<00:52, 933.61it/s]
 64%|â–ˆâ–ˆâ–ˆâ–ˆâ–ˆâ–ˆâ–   | 89138/138493 [01:40<00:54, 903.99it/s]
 64%|â–ˆâ–ˆâ–ˆâ–ˆâ–ˆâ–ˆâ–   | 89240/138493 [01:40<00:52, 936.09it/s]
 65%|â–ˆâ–ˆâ–ˆâ–ˆâ–ˆâ–ˆâ–   | 89335/138493 [01:40<00:55, 886.99it/s]
 65%|â–ˆâ–ˆâ–ˆâ–ˆâ–ˆâ–ˆâ–   | 89425/138493 [01:40<00:55, 879.02it/s]
 65%|â–ˆâ–ˆâ–ˆâ–ˆâ–ˆâ–ˆâ–   | 89514/138493 [01:40<00:58, 838.78it/s]
 65%|â–ˆâ–ˆâ–ˆâ–ˆâ–ˆâ–ˆâ–   | 89611/138493 [01:40<00:55, 873.82it/s]
 65%|â–ˆâ–ˆâ–ˆâ–ˆâ–ˆâ–ˆâ–   | 89714/138493 [01:41<00:53, 914.09it/s]
 65%|â–ˆâ–ˆâ–ˆâ–ˆâ–ˆâ–ˆâ–   | 89807/138493 [01:41<00:53, 905.59it/s]
 65%|â–ˆâ–ˆâ–ˆâ–ˆâ–ˆâ–ˆâ–   | 89903/138493 [01:41<00:52, 920.25it/s]
 65%|â–ˆâ–ˆâ–ˆâ–ˆâ–ˆâ–ˆâ–   | 90008/138493 [01:41<00:50, 957.82it/s]
 65%|â–ˆâ–ˆâ–ˆâ–ˆâ–ˆâ–ˆâ–Œ   | 90105/138493 [01:41<00:53, 909.81it/s]
 65%|â–ˆâ–ˆâ–ˆâ–ˆâ–ˆâ–ˆâ–Œ   | 90199/138493 [01:41<00:52, 917.16it/s]
 65%|â–ˆâ–ˆâ–ˆâ–ˆâ–ˆâ–ˆâ–Œ   | 90297/138493 [01:41<00:51, 933.04it/s]
 65%|â–ˆâ–ˆâ–ˆâ–ˆâ–ˆâ–ˆâ–Œ   | 90409/138493 [01:41<00:48, 986.13it/s]
 65%|â–ˆâ–ˆâ–ˆâ–ˆâ–ˆâ–ˆâ–Œ   | 90516/138493 [01:41<00:47, 1008.72it/s]
 65%|â–ˆâ–ˆâ–ˆâ–ˆâ–ˆâ–ˆâ–Œ   | 90618/138493 [01:41<00:49, 971.29it/s] 
 66%|â–ˆâ–ˆâ–ˆâ–ˆâ–ˆâ–ˆâ–Œ   | 90728/138493 [01:42<00:47, 1006.91it/s]
 66%|â–ˆâ–ˆâ–ˆâ–ˆâ–ˆâ–ˆâ–Œ   | 90836/138493 [01:42<00:46, 1026.65it/s]
 66%|â–ˆâ–ˆâ–ˆâ–ˆâ–ˆâ–ˆâ–Œ   | 90940/138493 [01:42<00:48, 979.22it/s] 
 66%|â–ˆâ–ˆâ–ˆâ–ˆâ–ˆâ–ˆâ–Œ   | 91041/138493 [01:42<00:48, 987.56it/s]
 66%|â–ˆâ–ˆâ–ˆâ–ˆâ–ˆâ–ˆâ–Œ   | 91141/138493 [01:42<00:47, 986.88it/s]
 66%|â–ˆâ–ˆâ–ˆâ–ˆâ–ˆâ–ˆâ–Œ   | 91241/138493 [01:42<00:50, 932.20it/s]
 66%|â–ˆâ–ˆâ–ˆâ–ˆâ–ˆâ–ˆâ–Œ   | 91353/138493 [01:42<00:47, 983.10it/s]
 66%|â–ˆâ–ˆâ–ˆâ–ˆâ–ˆâ–ˆâ–Œ   | 91453/138493 [01:42<00:47, 983.12it/s]
 66%|â–ˆâ–ˆâ–ˆâ–ˆâ–ˆâ–ˆâ–Œ   | 91553/138493 [01:42<00:47, 987.28it/s]
 66%|â–ˆâ–ˆâ–ˆâ–ˆâ–ˆâ–ˆâ–Œ   | 91653/138493 [01:43<00:49, 947.64it/s]
 66%|â–ˆâ–ˆâ–ˆâ–ˆâ–ˆâ–ˆâ–‹   | 91756/138493 [01:43<00:48, 971.01it/s]
 66%|â–ˆâ–ˆâ–ˆâ–ˆâ–ˆâ–ˆâ–‹   | 91864/138493 [01:43<00:46, 1001.93it/s]
 66%|â–ˆâ–ˆâ–ˆâ–ˆâ–ˆâ–ˆâ–‹   | 91965/138493 [01:43<00:48, 955.03it/s] 
 66%|â–ˆâ–ˆâ–ˆâ–ˆâ–ˆâ–ˆâ–‹   | 92062/138493 [01:43<00:49, 934.05it/s]
 67%|â–ˆâ–ˆâ–ˆâ–ˆâ–ˆâ–ˆâ–‹   | 92160/138493 [01:43<00:49, 945.56it/s]
 67%|â–ˆâ–ˆâ–ˆâ–ˆâ–ˆâ–ˆâ–‹   | 92267/138493 [01:43<00:47, 976.23it/s]
 67%|â–ˆâ–ˆâ–ˆâ–ˆâ–ˆâ–ˆâ–‹   | 92366/138493 [01:43<00:49, 940.35it/s]
 67%|â–ˆâ–ˆâ–ˆâ–ˆâ–ˆâ–ˆâ–‹   | 92478/138493 [01:43<00:46, 990.86it/s]
 67%|â–ˆâ–ˆâ–ˆâ–ˆâ–ˆâ–ˆâ–‹   | 92578/138493 [01:44<00:48, 947.49it/s]
 67%|â–ˆâ–ˆâ–ˆâ–ˆâ–ˆâ–ˆâ–‹   | 92677/138493 [01:44<00:47, 955.97it/s]
 67%|â–ˆâ–ˆâ–ˆâ–ˆâ–ˆâ–ˆâ–‹   | 92774/138493 [01:44<00:49, 919.24it/s]
 67%|â–ˆâ–ˆâ–ˆâ–ˆâ–ˆâ–ˆâ–‹   | 92867/138493 [01:44<00:52, 870.51it/s]
 67%|â–ˆâ–ˆâ–ˆâ–ˆâ–ˆâ–ˆâ–‹   | 92955/138493 [01:44<00:54, 834.05it/s]
 67%|â–ˆâ–ˆâ–ˆâ–ˆâ–ˆâ–ˆâ–‹   | 93040/138493 [01:44<00:54, 826.96it/s]
 67%|â–ˆâ–ˆâ–ˆâ–ˆâ–ˆâ–ˆâ–‹   | 93133/138493 [01:44<00:53, 853.35it/s]
 67%|â–ˆâ–ˆâ–ˆâ–ˆâ–ˆâ–ˆâ–‹   | 93226/138493 [01:44<00:51, 873.69it/s]
 67%|â–ˆâ–ˆâ–ˆâ–ˆâ–ˆâ–ˆâ–‹   | 93314/138493 [01:44<00:52, 866.33it/s]
 67%|â–ˆâ–ˆâ–ˆâ–ˆâ–ˆâ–ˆâ–‹   | 93401/138493 [01:44<00:52, 851.80it/s]
 68%|â–ˆâ–ˆâ–ˆâ–ˆâ–ˆâ–ˆâ–Š   | 93502/138493 [01:45<00:50, 895.82it/s]
 68%|â–ˆâ–ˆâ–ˆâ–ˆâ–ˆâ–ˆâ–Š   | 93595/138493 [01:45<00:49, 901.26it/s]
 68%|â–ˆâ–ˆâ–ˆâ–ˆâ–ˆâ–ˆâ–Š   | 93686/138493 [01:45<00:50, 887.41it/s]
 68%|â–ˆâ–ˆâ–ˆâ–ˆâ–ˆâ–ˆâ–Š   | 93775/138493 [01:45<00:52, 858.13it/s]
 68%|â–ˆâ–ˆâ–ˆâ–ˆâ–ˆâ–ˆâ–Š   | 93879/138493 [01:45<00:49, 909.03it/s]
 68%|â–ˆâ–ˆâ–ˆâ–ˆâ–ˆâ–ˆâ–Š   | 93971/138493 [01:45<00:49, 908.30it/s]
 68%|â–ˆâ–ˆâ–ˆâ–ˆâ–ˆâ–ˆâ–Š   | 94067/138493 [01:45<00:48, 919.60it/s]
 68%|â–ˆâ–ˆâ–ˆâ–ˆâ–ˆâ–ˆâ–Š   | 94160/138493 [01:45<00:48, 921.63it/s]
 68%|â–ˆâ–ˆâ–ˆâ–ˆâ–ˆâ–ˆâ–Š   | 94276/138493 [01:45<00:44, 991.17it/s]
 68%|â–ˆâ–ˆâ–ˆâ–ˆâ–ˆâ–ˆâ–Š   | 94376/138493 [01:46<00:45, 969.71it/s]
 68%|â–ˆâ–ˆâ–ˆâ–ˆâ–ˆâ–ˆâ–Š   | 94474/138493 [01:46<00:45, 966.98it/s]
 68%|â–ˆâ–ˆâ–ˆâ–ˆâ–ˆâ–ˆâ–Š   | 94578/138493 [01:46<00:44, 987.12it/s]
 68%|â–ˆâ–ˆâ–ˆâ–ˆâ–ˆâ–ˆâ–Š   | 94684/138493 [01:46<00:43, 1007.31it/s]
 68%|â–ˆâ–ˆâ–ˆâ–ˆâ–ˆâ–ˆâ–Š   | 94785/138493 [01:46<00:45, 967.64it/s] 
 69%|â–ˆâ–ˆâ–ˆâ–ˆâ–ˆâ–ˆâ–Š   | 94883/138493 [01:46<00:44, 969.40it/s]
 69%|â–ˆâ–ˆâ–ˆâ–ˆâ–ˆâ–ˆâ–Š   | 94981/138493 [01:46<00:47, 918.97it/s]
 69%|â–ˆâ–ˆâ–ˆâ–ˆâ–ˆâ–ˆâ–Š   | 95077/138493 [01:46<00:46, 930.38it/s]
 69%|â–ˆâ–ˆâ–ˆâ–ˆâ–ˆâ–ˆâ–Š   | 95179/138493 [01:46<00:45, 954.00it/s]
 69%|â–ˆâ–ˆâ–ˆâ–ˆâ–ˆâ–ˆâ–‰   | 95275/138493 [01:46<00:46, 920.70it/s]
 69%|â–ˆâ–ˆâ–ˆâ–ˆâ–ˆâ–ˆâ–‰   | 95368/138493 [01:47<00:47, 912.05it/s]
 69%|â–ˆâ–ˆâ–ˆâ–ˆâ–ˆâ–ˆâ–‰   | 95468/138493 [01:47<00:45, 936.94it/s]
 69%|â–ˆâ–ˆâ–ˆâ–ˆâ–ˆâ–ˆâ–‰   | 95563/138493 [01:47<00:46, 920.19it/s]
 69%|â–ˆâ–ˆâ–ˆâ–ˆâ–ˆâ–ˆâ–‰   | 95656/138493 [01:47<00:46, 918.16it/s]
 69%|â–ˆâ–ˆâ–ˆâ–ˆâ–ˆâ–ˆâ–‰   | 95758/138493 [01:47<00:45, 946.38it/s]
 69%|â–ˆâ–ˆâ–ˆâ–ˆâ–ˆâ–ˆâ–‰   | 95858/138493 [01:47<00:44, 959.46it/s]
 69%|â–ˆâ–ˆâ–ˆâ–ˆâ–ˆâ–ˆâ–‰   | 95955/138493 [01:47<00:49, 866.64it/s]
 69%|â–ˆâ–ˆâ–ˆâ–ˆâ–ˆâ–ˆâ–‰   | 96044/138493 [01:47<00:51, 823.43it/s]
 69%|â–ˆâ–ˆâ–ˆâ–ˆâ–ˆâ–ˆâ–‰   | 96128/138493 [01:47<00:51, 816.54it/s]
 69%|â–ˆâ–ˆâ–ˆâ–ˆâ–ˆâ–ˆâ–‰   | 96211/138493 [01:48<00:52, 799.29it/s]
 70%|â–ˆâ–ˆâ–ˆâ–ˆâ–ˆâ–ˆâ–‰   | 96311/138493 [01:48<00:49, 854.47it/s]
 70%|â–ˆâ–ˆâ–ˆâ–ˆâ–ˆâ–ˆâ–‰   | 96403/138493 [01:48<00:48, 872.20it/s]
 70%|â–ˆâ–ˆâ–ˆâ–ˆâ–ˆâ–ˆâ–‰   | 96510/138493 [01:48<00:45, 928.56it/s]
 70%|â–ˆâ–ˆâ–ˆâ–ˆâ–ˆâ–ˆâ–‰   | 96604/138493 [01:48<00:46, 908.41it/s]
 70%|â–ˆâ–ˆâ–ˆâ–ˆâ–ˆâ–ˆâ–‰   | 96697/138493 [01:48<00:45, 911.70it/s]
 70%|â–ˆâ–ˆâ–ˆâ–ˆâ–ˆâ–ˆâ–‰   | 96789/138493 [01:48<00:45, 912.96it/s]
 70%|â–ˆâ–ˆâ–ˆâ–ˆâ–ˆâ–ˆâ–‰   | 96888/138493 [01:48<00:44, 935.06it/s]
 70%|â–ˆâ–ˆâ–ˆâ–ˆâ–ˆâ–ˆâ–ˆ   | 96982/138493 [01:48<00:44, 935.64it/s]
 70%|â–ˆâ–ˆâ–ˆâ–ˆâ–ˆâ–ˆâ–ˆ   | 97080/138493 [01:48<00:43, 948.04it/s]
 70%|â–ˆâ–ˆâ–ˆâ–ˆâ–ˆâ–ˆâ–ˆ   | 97175/138493 [01:49<00:44, 937.17it/s]
 70%|â–ˆâ–ˆâ–ˆâ–ˆâ–ˆâ–ˆâ–ˆ   | 97269/138493 [01:49<00:45, 900.84it/s]
 70%|â–ˆâ–ˆâ–ˆâ–ˆâ–ˆâ–ˆâ–ˆ   | 97360/138493 [01:49<00:46, 880.10it/s]
 70%|â–ˆâ–ˆâ–ˆâ–ˆâ–ˆâ–ˆâ–ˆ   | 97456/138493 [01:49<00:45, 902.15it/s]
 70%|â–ˆâ–ˆâ–ˆâ–ˆâ–ˆâ–ˆâ–ˆ   | 97559/138493 [01:49<00:43, 936.82it/s]
 71%|â–ˆâ–ˆâ–ˆâ–ˆâ–ˆâ–ˆâ–ˆ   | 97656/138493 [01:49<00:43, 943.57it/s]
 71%|â–ˆâ–ˆâ–ˆâ–ˆâ–ˆâ–ˆâ–ˆ   | 97751/138493 [01:49<00:43, 936.79it/s]
 71%|â–ˆâ–ˆâ–ˆâ–ˆâ–ˆâ–ˆâ–ˆ   | 97845/138493 [01:49<00:44, 916.04it/s]
 71%|â–ˆâ–ˆâ–ˆâ–ˆâ–ˆâ–ˆâ–ˆ   | 97937/138493 [01:49<00:44, 902.14it/s]
 71%|â–ˆâ–ˆâ–ˆâ–ˆâ–ˆâ–ˆâ–ˆ   | 98030/138493 [01:50<00:44, 909.05it/s]
 71%|â–ˆâ–ˆâ–ˆâ–ˆâ–ˆâ–ˆâ–ˆ   | 98128/138493 [01:50<00:43, 929.47it/s]
 71%|â–ˆâ–ˆâ–ˆâ–ˆâ–ˆâ–ˆâ–ˆ   | 98228/138493 [01:50<00:42, 946.85it/s]
 71%|â–ˆâ–ˆâ–ˆâ–ˆâ–ˆâ–ˆâ–ˆ   | 98331/138493 [01:50<00:41, 968.61it/s]
 71%|â–ˆâ–ˆâ–ˆâ–ˆâ–ˆâ–ˆâ–ˆ   | 98428/138493 [01:50<00:41, 959.91it/s]
 71%|â–ˆâ–ˆâ–ˆâ–ˆâ–ˆâ–ˆâ–ˆ   | 98525/138493 [01:50<00:42, 944.33it/s]
 71%|â–ˆâ–ˆâ–ˆâ–ˆâ–ˆâ–ˆâ–ˆ   | 98620/138493 [01:50<00:42, 945.89it/s]
 71%|â–ˆâ–ˆâ–ˆâ–ˆâ–ˆâ–ˆâ–ˆâ–  | 98718/138493 [01:50<00:41, 955.04it/s]
 71%|â–ˆâ–ˆâ–ˆâ–ˆâ–ˆâ–ˆâ–ˆâ–  | 98814/138493 [01:50<00:42, 939.22it/s]
 71%|â–ˆâ–ˆâ–ˆâ–ˆâ–ˆâ–ˆâ–ˆâ–  | 98910/138493 [01:50<00:41, 943.08it/s]
 71%|â–ˆâ–ˆâ–ˆâ–ˆâ–ˆâ–ˆâ–ˆâ–  | 99009/138493 [01:51<00:41, 955.80it/s]
 72%|â–ˆâ–ˆâ–ˆâ–ˆâ–ˆâ–ˆâ–ˆâ–  | 99107/138493 [01:51<00:41, 959.48it/s]
 72%|â–ˆâ–ˆâ–ˆâ–ˆâ–ˆâ–ˆâ–ˆâ–  | 99203/138493 [01:51<00:42, 928.95it/s]
 72%|â–ˆâ–ˆâ–ˆâ–ˆâ–ˆâ–ˆâ–ˆâ–  | 99305/138493 [01:51<00:41, 955.09it/s]
 72%|â–ˆâ–ˆâ–ˆâ–ˆâ–ˆâ–ˆâ–ˆâ–  | 99401/138493 [01:51<00:42, 921.88it/s]
 72%|â–ˆâ–ˆâ–ˆâ–ˆâ–ˆâ–ˆâ–ˆâ–  | 99494/138493 [01:51<00:42, 913.85it/s]
 72%|â–ˆâ–ˆâ–ˆâ–ˆâ–ˆâ–ˆâ–ˆâ–  | 99586/138493 [01:51<00:43, 900.83it/s]
 72%|â–ˆâ–ˆâ–ˆâ–ˆâ–ˆâ–ˆâ–ˆâ–  | 99706/138493 [01:51<00:39, 983.34it/s]
 72%|â–ˆâ–ˆâ–ˆâ–ˆâ–ˆâ–ˆâ–ˆâ–  | 99805/138493 [01:51<00:42, 917.38it/s]
 72%|â–ˆâ–ˆâ–ˆâ–ˆâ–ˆâ–ˆâ–ˆâ–  | 99912/138493 [01:51<00:40, 959.75it/s]
 72%|â–ˆâ–ˆâ–ˆâ–ˆâ–ˆâ–ˆâ–ˆâ–  | 100016/138493 [01:52<00:39, 982.15it/s]
 72%|â–ˆâ–ˆâ–ˆâ–ˆâ–ˆâ–ˆâ–ˆâ–  | 100122/138493 [01:52<00:38, 1004.41it/s]
 72%|â–ˆâ–ˆâ–ˆâ–ˆâ–ˆâ–ˆâ–ˆâ–  | 100224/138493 [01:52<00:39, 976.36it/s] 
 72%|â–ˆâ–ˆâ–ˆâ–ˆâ–ˆâ–ˆâ–ˆâ–  | 100325/138493 [01:52<00:38, 985.59it/s]
 73%|â–ˆâ–ˆâ–ˆâ–ˆâ–ˆâ–ˆâ–ˆâ–Ž  | 100425/138493 [01:52<00:41, 912.08it/s]
 73%|â–ˆâ–ˆâ–ˆâ–ˆâ–ˆâ–ˆâ–ˆâ–Ž  | 100518/138493 [01:52<00:42, 901.33it/s]
 73%|â–ˆâ–ˆâ–ˆâ–ˆâ–ˆâ–ˆâ–ˆâ–Ž  | 100610/138493 [01:52<00:41, 903.48it/s]
 73%|â–ˆâ–ˆâ–ˆâ–ˆâ–ˆâ–ˆâ–ˆâ–Ž  | 100701/138493 [01:52<00:43, 876.33it/s]
 73%|â–ˆâ–ˆâ–ˆâ–ˆâ–ˆâ–ˆâ–ˆâ–Ž  | 100798/138493 [01:52<00:41, 902.44it/s]
 73%|â–ˆâ–ˆâ–ˆâ–ˆâ–ˆâ–ˆâ–ˆâ–Ž  | 100901/138493 [01:53<00:40, 937.26it/s]
 73%|â–ˆâ–ˆâ–ˆâ–ˆâ–ˆâ–ˆâ–ˆâ–Ž  | 100999/138493 [01:53<00:39, 947.09it/s]
 73%|â–ˆâ–ˆâ–ˆâ–ˆâ–ˆâ–ˆâ–ˆâ–Ž  | 101095/138493 [01:53<00:40, 923.52it/s]
 73%|â–ˆâ–ˆâ–ˆâ–ˆâ–ˆâ–ˆâ–ˆâ–Ž  | 101188/138493 [01:53<00:42, 882.70it/s]
 73%|â–ˆâ–ˆâ–ˆâ–ˆâ–ˆâ–ˆâ–ˆâ–Ž  | 101285/138493 [01:53<00:41, 907.17it/s]
 73%|â–ˆâ–ˆâ–ˆâ–ˆâ–ˆâ–ˆâ–ˆâ–Ž  | 101378/138493 [01:53<00:40, 911.83it/s]
 73%|â–ˆâ–ˆâ–ˆâ–ˆâ–ˆâ–ˆâ–ˆâ–Ž  | 101470/138493 [01:53<00:41, 886.80it/s]
 73%|â–ˆâ–ˆâ–ˆâ–ˆâ–ˆâ–ˆâ–ˆâ–Ž  | 101566/138493 [01:53<00:40, 906.04it/s]
 73%|â–ˆâ–ˆâ–ˆâ–ˆâ–ˆâ–ˆâ–ˆâ–Ž  | 101657/138493 [01:53<00:41, 898.29it/s]
 73%|â–ˆâ–ˆâ–ˆâ–ˆâ–ˆâ–ˆâ–ˆâ–Ž  | 101748/138493 [01:54<00:40, 900.40it/s]
 74%|â–ˆâ–ˆâ–ˆâ–ˆâ–ˆâ–ˆâ–ˆâ–Ž  | 101843/138493 [01:54<00:40, 913.88it/s]
 74%|â–ˆâ–ˆâ–ˆâ–ˆâ–ˆâ–ˆâ–ˆâ–Ž  | 101935/138493 [01:54<00:39, 914.08it/s]
 74%|â–ˆâ–ˆâ–ˆâ–ˆâ–ˆâ–ˆâ–ˆâ–Ž  | 102027/138493 [01:54<00:40, 892.20it/s]
 74%|â–ˆâ–ˆâ–ˆâ–ˆâ–ˆâ–ˆâ–ˆâ–Ž  | 102117/138493 [01:54<00:41, 882.66it/s]
 74%|â–ˆâ–ˆâ–ˆâ–ˆâ–ˆâ–ˆâ–ˆâ–  | 102220/138493 [01:54<00:39, 925.33it/s]
 74%|â–ˆâ–ˆâ–ˆâ–ˆâ–ˆâ–ˆâ–ˆâ–  | 102313/138493 [01:54<00:40, 902.59it/s]
 74%|â–ˆâ–ˆâ–ˆâ–ˆâ–ˆâ–ˆâ–ˆâ–  | 102418/138493 [01:54<00:38, 943.31it/s]
 74%|â–ˆâ–ˆâ–ˆâ–ˆâ–ˆâ–ˆâ–ˆâ–  | 102513/138493 [01:54<00:38, 924.03it/s]
 74%|â–ˆâ–ˆâ–ˆâ–ˆâ–ˆâ–ˆâ–ˆâ–  | 102606/138493 [01:54<00:40, 886.76it/s]
 74%|â–ˆâ–ˆâ–ˆâ–ˆâ–ˆâ–ˆâ–ˆâ–  | 102696/138493 [01:55<00:41, 872.24it/s]
 74%|â–ˆâ–ˆâ–ˆâ–ˆâ–ˆâ–ˆâ–ˆâ–  | 102797/138493 [01:55<00:39, 910.75it/s]
 74%|â–ˆâ–ˆâ–ˆâ–ˆâ–ˆâ–ˆâ–ˆâ–  | 102889/138493 [01:55<00:39, 894.55it/s]
 74%|â–ˆâ–ˆâ–ˆâ–ˆâ–ˆâ–ˆâ–ˆâ–  | 102979/138493 [01:55<00:39, 895.82it/s]
 74%|â–ˆâ–ˆâ–ˆâ–ˆâ–ˆâ–ˆâ–ˆâ–  | 103069/138493 [01:55<00:39, 887.50it/s]
 74%|â–ˆâ–ˆâ–ˆâ–ˆâ–ˆâ–ˆâ–ˆâ–  | 103158/138493 [01:55<00:40, 876.21it/s]
 75%|â–ˆâ–ˆâ–ˆâ–ˆâ–ˆâ–ˆâ–ˆâ–  | 103246/138493 [01:55<00:42, 826.99it/s]
 75%|â–ˆâ–ˆâ–ˆâ–ˆâ–ˆâ–ˆâ–ˆâ–  | 103331/138493 [01:55<00:42, 832.92it/s]
 75%|â–ˆâ–ˆâ–ˆâ–ˆâ–ˆâ–ˆâ–ˆâ–  | 103435/138493 [01:55<00:39, 891.41it/s]
 75%|â–ˆâ–ˆâ–ˆâ–ˆâ–ˆâ–ˆâ–ˆâ–  | 103525/138493 [01:55<00:39, 891.95it/s]
 75%|â–ˆâ–ˆâ–ˆâ–ˆâ–ˆâ–ˆâ–ˆâ–  | 103629/138493 [01:56<00:37, 934.57it/s]
 75%|â–ˆâ–ˆâ–ˆâ–ˆâ–ˆâ–ˆâ–ˆâ–  | 103723/138493 [01:56<00:39, 887.29it/s]
 75%|â–ˆâ–ˆâ–ˆâ–ˆâ–ˆâ–ˆâ–ˆâ–  | 103817/138493 [01:56<00:38, 901.37it/s]
 75%|â–ˆâ–ˆâ–ˆâ–ˆâ–ˆâ–ˆâ–ˆâ–Œ  | 103908/138493 [01:56<00:38, 888.87it/s]
 75%|â–ˆâ–ˆâ–ˆâ–ˆâ–ˆâ–ˆâ–ˆâ–Œ  | 104000/138493 [01:56<00:38, 896.69it/s]
 75%|â–ˆâ–ˆâ–ˆâ–ˆâ–ˆâ–ˆâ–ˆâ–Œ  | 104090/138493 [01:56<00:38, 884.74it/s]
 75%|â–ˆâ–ˆâ–ˆâ–ˆâ–ˆâ–ˆâ–ˆâ–Œ  | 104193/138493 [01:56<00:37, 926.16it/s]
 75%|â–ˆâ–ˆâ–ˆâ–ˆâ–ˆâ–ˆâ–ˆâ–Œ  | 104299/138493 [01:56<00:35, 964.03it/s]
 75%|â–ˆâ–ˆâ–ˆâ–ˆâ–ˆâ–ˆâ–ˆâ–Œ  | 104396/138493 [01:56<00:36, 937.96it/s]
 75%|â–ˆâ–ˆâ–ˆâ–ˆâ–ˆâ–ˆâ–ˆâ–Œ  | 104508/138493 [01:57<00:34, 985.03it/s]
 76%|â–ˆâ–ˆâ–ˆâ–ˆâ–ˆâ–ˆâ–ˆâ–Œ  | 104628/138493 [01:57<00:32, 1043.75it/s]
 76%|â–ˆâ–ˆâ–ˆâ–ˆâ–ˆâ–ˆâ–ˆâ–Œ  | 104733/138493 [01:57<00:33, 1020.35it/s]
 76%|â–ˆâ–ˆâ–ˆâ–ˆâ–ˆâ–ˆâ–ˆâ–Œ  | 104838/138493 [01:57<00:32, 1028.40it/s]
 76%|â–ˆâ–ˆâ–ˆâ–ˆâ–ˆâ–ˆâ–ˆâ–Œ  | 104944/138493 [01:57<00:32, 1035.16it/s]
 76%|â–ˆâ–ˆâ–ˆâ–ˆâ–ˆâ–ˆâ–ˆâ–Œ  | 105048/138493 [01:57<00:33, 1012.54it/s]
 76%|â–ˆâ–ˆâ–ˆâ–ˆâ–ˆâ–ˆâ–ˆâ–Œ  | 105150/138493 [01:57<00:34, 955.47it/s] 
 76%|â–ˆâ–ˆâ–ˆâ–ˆâ–ˆâ–ˆâ–ˆâ–Œ  | 105247/138493 [01:57<00:35, 945.30it/s]
 76%|â–ˆâ–ˆâ–ˆâ–ˆâ–ˆâ–ˆâ–ˆâ–Œ  | 105345/138493 [01:57<00:34, 951.97it/s]
 76%|â–ˆâ–ˆâ–ˆâ–ˆâ–ˆâ–ˆâ–ˆâ–Œ  | 105441/138493 [01:57<00:35, 937.43it/s]
 76%|â–ˆâ–ˆâ–ˆâ–ˆâ–ˆâ–ˆâ–ˆâ–Œ  | 105535/138493 [01:58<00:35, 919.51it/s]
 76%|â–ˆâ–ˆâ–ˆâ–ˆâ–ˆâ–ˆâ–ˆâ–‹  | 105628/138493 [01:58<00:37, 879.98it/s]
 76%|â–ˆâ–ˆâ–ˆâ–ˆâ–ˆâ–ˆâ–ˆâ–‹  | 105721/138493 [01:58<00:36, 892.65it/s]
 76%|â–ˆâ–ˆâ–ˆâ–ˆâ–ˆâ–ˆâ–ˆâ–‹  | 105839/138493 [01:58<00:33, 974.03it/s]
 77%|â–ˆâ–ˆâ–ˆâ–ˆâ–ˆâ–ˆâ–ˆâ–‹  | 105950/138493 [01:58<00:32, 1012.22it/s]
 77%|â–ˆâ–ˆâ–ˆâ–ˆâ–ˆâ–ˆâ–ˆâ–‹  | 106052/138493 [01:58<00:32, 1007.93it/s]
 77%|â–ˆâ–ˆâ–ˆâ–ˆâ–ˆâ–ˆâ–ˆâ–‹  | 106154/138493 [01:58<00:32, 1010.55it/s]
 77%|â–ˆâ–ˆâ–ˆâ–ˆâ–ˆâ–ˆâ–ˆâ–‹  | 106256/138493 [01:58<00:33, 964.12it/s] 
 77%|â–ˆâ–ˆâ–ˆâ–ˆâ–ˆâ–ˆâ–ˆâ–‹  | 106354/138493 [01:58<00:33, 954.66it/s]
 77%|â–ˆâ–ˆâ–ˆâ–ˆâ–ˆâ–ˆâ–ˆâ–‹  | 106464/138493 [01:59<00:32, 988.46it/s]
 77%|â–ˆâ–ˆâ–ˆâ–ˆâ–ˆâ–ˆâ–ˆâ–‹  | 106564/138493 [01:59<00:32, 977.92it/s]
 77%|â–ˆâ–ˆâ–ˆâ–ˆâ–ˆâ–ˆâ–ˆâ–‹  | 106669/138493 [01:59<00:32, 994.03it/s]
 77%|â–ˆâ–ˆâ–ˆâ–ˆâ–ˆâ–ˆâ–ˆâ–‹  | 106769/138493 [01:59<00:33, 960.08it/s]
 77%|â–ˆâ–ˆâ–ˆâ–ˆâ–ˆâ–ˆâ–ˆâ–‹  | 106874/138493 [01:59<00:32, 985.24it/s]
 77%|â–ˆâ–ˆâ–ˆâ–ˆâ–ˆâ–ˆâ–ˆâ–‹  | 106973/138493 [01:59<00:33, 933.00it/s]
 77%|â–ˆâ–ˆâ–ˆâ–ˆâ–ˆâ–ˆâ–ˆâ–‹  | 107073/138493 [01:59<00:33, 950.74it/s]
 77%|â–ˆâ–ˆâ–ˆâ–ˆâ–ˆâ–ˆâ–ˆâ–‹  | 107169/138493 [01:59<00:34, 908.80it/s]
 77%|â–ˆâ–ˆâ–ˆâ–ˆâ–ˆâ–ˆâ–ˆâ–‹  | 107268/138493 [01:59<00:33, 928.85it/s]
 78%|â–ˆâ–ˆâ–ˆâ–ˆâ–ˆâ–ˆâ–ˆâ–Š  | 107362/138493 [02:00<00:35, 879.51it/s]
 78%|â–ˆâ–ˆâ–ˆâ–ˆâ–ˆâ–ˆâ–ˆâ–Š  | 107457/138493 [02:00<00:34, 896.50it/s]
 78%|â–ˆâ–ˆâ–ˆâ–ˆâ–ˆâ–ˆâ–ˆâ–Š  | 107560/138493 [02:00<00:33, 927.41it/s]
 78%|â–ˆâ–ˆâ–ˆâ–ˆâ–ˆâ–ˆâ–ˆâ–Š  | 107654/138493 [02:00<00:33, 907.54it/s]
 78%|â–ˆâ–ˆâ–ˆâ–ˆâ–ˆâ–ˆâ–ˆâ–Š  | 107759/138493 [02:00<00:32, 946.73it/s]
 78%|â–ˆâ–ˆâ–ˆâ–ˆâ–ˆâ–ˆâ–ˆâ–Š  | 107861/138493 [02:00<00:32, 957.07it/s]
 78%|â–ˆâ–ˆâ–ˆâ–ˆâ–ˆâ–ˆâ–ˆâ–Š  | 107958/138493 [02:00<00:31, 956.57it/s]
 78%|â–ˆâ–ˆâ–ˆâ–ˆâ–ˆâ–ˆâ–ˆâ–Š  | 108054/138493 [02:00<00:32, 928.28it/s]
 78%|â–ˆâ–ˆâ–ˆâ–ˆâ–ˆâ–ˆâ–ˆâ–Š  | 108148/138493 [02:00<00:33, 895.25it/s]
 78%|â–ˆâ–ˆâ–ˆâ–ˆâ–ˆâ–ˆâ–ˆâ–Š  | 108238/138493 [02:00<00:34, 866.45it/s]
 78%|â–ˆâ–ˆâ–ˆâ–ˆâ–ˆâ–ˆâ–ˆâ–Š  | 108339/138493 [02:01<00:33, 904.07it/s]
 78%|â–ˆâ–ˆâ–ˆâ–ˆâ–ˆâ–ˆâ–ˆâ–Š  | 108430/138493 [02:01<00:33, 893.20it/s]
 78%|â–ˆâ–ˆâ–ˆâ–ˆâ–ˆâ–ˆâ–ˆâ–Š  | 108534/138493 [02:01<00:32, 934.39it/s]
 78%|â–ˆâ–ˆâ–ˆâ–ˆâ–ˆâ–ˆâ–ˆâ–Š  | 108628/138493 [02:01<00:32, 913.71it/s]
 79%|â–ˆâ–ˆâ–ˆâ–ˆâ–ˆâ–ˆâ–ˆâ–Š  | 108722/138493 [02:01<00:32, 919.99it/s]
 79%|â–ˆâ–ˆâ–ˆâ–ˆâ–ˆâ–ˆâ–ˆâ–Š  | 108819/138493 [02:01<00:31, 930.70it/s]
 79%|â–ˆâ–ˆâ–ˆâ–ˆâ–ˆâ–ˆâ–ˆâ–Š  | 108913/138493 [02:01<00:33, 887.89it/s]
 79%|â–ˆâ–ˆâ–ˆâ–ˆâ–ˆâ–ˆâ–ˆâ–Š  | 109003/138493 [02:01<00:33, 879.15it/s]
 79%|â–ˆâ–ˆâ–ˆâ–ˆâ–ˆâ–ˆâ–ˆâ–‰  | 109096/138493 [02:01<00:33, 890.33it/s]
 79%|â–ˆâ–ˆâ–ˆâ–ˆâ–ˆâ–ˆâ–ˆâ–‰  | 109188/138493 [02:02<00:32, 898.41it/s]
 79%|â–ˆâ–ˆâ–ˆâ–ˆâ–ˆâ–ˆâ–ˆâ–‰  | 109291/138493 [02:02<00:31, 930.91it/s]
 79%|â–ˆâ–ˆâ–ˆâ–ˆâ–ˆâ–ˆâ–ˆâ–‰  | 109392/138493 [02:02<00:30, 952.79it/s]
 79%|â–ˆâ–ˆâ–ˆâ–ˆâ–ˆâ–ˆâ–ˆâ–‰  | 109491/138493 [02:02<00:30, 958.95it/s]
 79%|â–ˆâ–ˆâ–ˆâ–ˆâ–ˆâ–ˆâ–ˆâ–‰  | 109594/138493 [02:02<00:29, 977.78it/s]
 79%|â–ˆâ–ˆâ–ˆâ–ˆâ–ˆâ–ˆâ–ˆâ–‰  | 109701/138493 [02:02<00:28, 1001.92it/s]
 79%|â–ˆâ–ˆâ–ˆâ–ˆâ–ˆâ–ˆâ–ˆâ–‰  | 109802/138493 [02:02<00:30, 932.60it/s] 
 79%|â–ˆâ–ˆâ–ˆâ–ˆâ–ˆâ–ˆâ–ˆâ–‰  | 109910/138493 [02:02<00:29, 972.53it/s]
 79%|â–ˆâ–ˆâ–ˆâ–ˆâ–ˆâ–ˆâ–ˆâ–‰  | 110009/138493 [02:02<00:30, 935.51it/s]
 80%|â–ˆâ–ˆâ–ˆâ–ˆâ–ˆâ–ˆâ–ˆâ–‰  | 110114/138493 [02:02<00:29, 966.52it/s]
 80%|â–ˆâ–ˆâ–ˆâ–ˆâ–ˆâ–ˆâ–ˆâ–‰  | 110212/138493 [02:03<00:29, 956.40it/s]
 80%|â–ˆâ–ˆâ–ˆâ–ˆâ–ˆâ–ˆâ–ˆâ–‰  | 110315/138493 [02:03<00:28, 976.17it/s]
 80%|â–ˆâ–ˆâ–ˆâ–ˆâ–ˆâ–ˆâ–ˆâ–‰  | 110420/138493 [02:03<00:28, 995.16it/s]
 80%|â–ˆâ–ˆâ–ˆâ–ˆâ–ˆâ–ˆâ–ˆâ–‰  | 110520/138493 [02:03<00:28, 967.03it/s]
 80%|â–ˆâ–ˆâ–ˆâ–ˆâ–ˆâ–ˆâ–ˆâ–‰  | 110625/138493 [02:03<00:28, 990.50it/s]
 80%|â–ˆâ–ˆâ–ˆâ–ˆâ–ˆâ–ˆâ–ˆâ–‰  | 110725/138493 [02:03<00:28, 961.68it/s]
 80%|â–ˆâ–ˆâ–ˆâ–ˆâ–ˆâ–ˆâ–ˆâ–ˆ  | 110822/138493 [02:03<00:28, 959.65it/s]
 80%|â–ˆâ–ˆâ–ˆâ–ˆâ–ˆâ–ˆâ–ˆâ–ˆ  | 110919/138493 [02:03<00:29, 920.66it/s]
 80%|â–ˆâ–ˆâ–ˆâ–ˆâ–ˆâ–ˆâ–ˆâ–ˆ  | 111031/138493 [02:03<00:28, 974.79it/s]
 80%|â–ˆâ–ˆâ–ˆâ–ˆâ–ˆâ–ˆâ–ˆâ–ˆ  | 111130/138493 [02:04<00:28, 960.04it/s]
 80%|â–ˆâ–ˆâ–ˆâ–ˆâ–ˆâ–ˆâ–ˆâ–ˆ  | 111227/138493 [02:04<00:29, 909.57it/s]
 80%|â–ˆâ–ˆâ–ˆâ–ˆâ–ˆâ–ˆâ–ˆâ–ˆ  | 111333/138493 [02:04<00:28, 946.49it/s]
 80%|â–ˆâ–ˆâ–ˆâ–ˆâ–ˆâ–ˆâ–ˆâ–ˆ  | 111433/138493 [02:04<00:28, 958.38it/s]
 81%|â–ˆâ–ˆâ–ˆâ–ˆâ–ˆâ–ˆâ–ˆâ–ˆ  | 111535/138493 [02:04<00:27, 974.87it/s]
 81%|â–ˆâ–ˆâ–ˆâ–ˆâ–ˆâ–ˆâ–ˆâ–ˆ  | 111633/138493 [02:04<00:27, 969.21it/s]
 81%|â–ˆâ–ˆâ–ˆâ–ˆâ–ˆâ–ˆâ–ˆâ–ˆ  | 111731/138493 [02:04<00:27, 966.24it/s]
 81%|â–ˆâ–ˆâ–ˆâ–ˆâ–ˆâ–ˆâ–ˆâ–ˆ  | 111833/138493 [02:04<00:27, 980.56it/s]
 81%|â–ˆâ–ˆâ–ˆâ–ˆâ–ˆâ–ˆâ–ˆâ–ˆ  | 111932/138493 [02:04<00:28, 928.56it/s]
 81%|â–ˆâ–ˆâ–ˆâ–ˆâ–ˆâ–ˆâ–ˆâ–ˆ  | 112026/138493 [02:04<00:29, 886.10it/s]
 81%|â–ˆâ–ˆâ–ˆâ–ˆâ–ˆâ–ˆâ–ˆâ–ˆ  | 112116/138493 [02:05<00:29, 881.87it/s]
 81%|â–ˆâ–ˆâ–ˆâ–ˆâ–ˆâ–ˆâ–ˆâ–ˆ  | 112205/138493 [02:05<00:30, 849.30it/s]
 81%|â–ˆâ–ˆâ–ˆâ–ˆâ–ˆâ–ˆâ–ˆâ–ˆ  | 112291/138493 [02:05<00:31, 836.70it/s]
 81%|â–ˆâ–ˆâ–ˆâ–ˆâ–ˆâ–ˆâ–ˆâ–ˆ  | 112375/138493 [02:05<00:31, 819.24it/s]
 81%|â–ˆâ–ˆâ–ˆâ–ˆâ–ˆâ–ˆâ–ˆâ–ˆ  | 112478/138493 [02:05<00:29, 878.48it/s]
 81%|â–ˆâ–ˆâ–ˆâ–ˆâ–ˆâ–ˆâ–ˆâ–ˆâ– | 112586/138493 [02:05<00:27, 931.78it/s]
 81%|â–ˆâ–ˆâ–ˆâ–ˆâ–ˆâ–ˆâ–ˆâ–ˆâ– | 112681/138493 [02:05<00:27, 936.24it/s]
 81%|â–ˆâ–ˆâ–ˆâ–ˆâ–ˆâ–ˆâ–ˆâ–ˆâ– | 112775/138493 [02:06<01:42, 251.95it/s]
 81%|â–ˆâ–ˆâ–ˆâ–ˆâ–ˆâ–ˆâ–ˆâ–ˆâ– | 112864/138493 [02:06<01:21, 316.30it/s]
 82%|â–ˆâ–ˆâ–ˆâ–ˆâ–ˆâ–ˆâ–ˆâ–ˆâ– | 112962/138493 [02:06<01:03, 399.99it/s]
 82%|â–ˆâ–ˆâ–ˆâ–ˆâ–ˆâ–ˆâ–ˆâ–ˆâ– | 113056/138493 [02:07<00:52, 482.22it/s]
 82%|â–ˆâ–ˆâ–ˆâ–ˆâ–ˆâ–ˆâ–ˆâ–ˆâ– | 113150/138493 [02:07<00:44, 564.09it/s]
 82%|â–ˆâ–ˆâ–ˆâ–ˆâ–ˆâ–ˆâ–ˆâ–ˆâ– | 113249/138493 [02:07<00:38, 649.00it/s]
 82%|â–ˆâ–ˆâ–ˆâ–ˆâ–ˆâ–ˆâ–ˆâ–ˆâ– | 113354/138493 [02:07<00:34, 738.36it/s]
 82%|â–ˆâ–ˆâ–ˆâ–ˆâ–ˆâ–ˆâ–ˆâ–ˆâ– | 113449/138493 [02:07<00:31, 789.19it/s]
 82%|â–ˆâ–ˆâ–ˆâ–ˆâ–ˆâ–ˆâ–ˆâ–ˆâ– | 113551/138493 [02:07<00:29, 848.34it/s]
 82%|â–ˆâ–ˆâ–ˆâ–ˆâ–ˆâ–ˆâ–ˆâ–ˆâ– | 113648/138493 [02:07<00:28, 865.17it/s]
 82%|â–ˆâ–ˆâ–ˆâ–ˆâ–ˆâ–ˆâ–ˆâ–ˆâ– | 113744/138493 [02:07<00:28, 874.76it/s]
 82%|â–ˆâ–ˆâ–ˆâ–ˆâ–ˆâ–ˆâ–ˆâ–ˆâ– | 113839/138493 [02:07<00:27, 893.57it/s]
 82%|â–ˆâ–ˆâ–ˆâ–ˆâ–ˆâ–ˆâ–ˆâ–ˆâ– | 113933/138493 [02:07<00:28, 870.33it/s]
 82%|â–ˆâ–ˆâ–ˆâ–ˆâ–ˆâ–ˆâ–ˆâ–ˆâ– | 114024/138493 [02:08<00:28, 858.44it/s]
 82%|â–ˆâ–ˆâ–ˆâ–ˆâ–ˆâ–ˆâ–ˆâ–ˆâ– | 114123/138493 [02:08<00:27, 894.38it/s]
 82%|â–ˆâ–ˆâ–ˆâ–ˆâ–ˆâ–ˆâ–ˆâ–ˆâ– | 114217/138493 [02:08<00:26, 905.89it/s]
 83%|â–ˆâ–ˆâ–ˆâ–ˆâ–ˆâ–ˆâ–ˆâ–ˆâ–Ž | 114309/138493 [02:08<00:26, 909.35it/s]
 83%|â–ˆâ–ˆâ–ˆâ–ˆâ–ˆâ–ˆâ–ˆâ–ˆâ–Ž | 114412/138493 [02:08<00:25, 933.39it/s]
 83%|â–ˆâ–ˆâ–ˆâ–ˆâ–ˆâ–ˆâ–ˆâ–ˆâ–Ž | 114506/138493 [02:08<00:26, 912.14it/s]
 83%|â–ˆâ–ˆâ–ˆâ–ˆâ–ˆâ–ˆâ–ˆâ–ˆâ–Ž | 114598/138493 [02:08<00:27, 880.85it/s]
 83%|â–ˆâ–ˆâ–ˆâ–ˆâ–ˆâ–ˆâ–ˆâ–ˆâ–Ž | 114692/138493 [02:08<00:26, 896.87it/s]
 83%|â–ˆâ–ˆâ–ˆâ–ˆâ–ˆâ–ˆâ–ˆâ–ˆâ–Ž | 114785/138493 [02:08<00:26, 905.56it/s]
 83%|â–ˆâ–ˆâ–ˆâ–ˆâ–ˆâ–ˆâ–ˆâ–ˆâ–Ž | 114897/138493 [02:09<00:24, 963.11it/s]
 83%|â–ˆâ–ˆâ–ˆâ–ˆâ–ˆâ–ˆâ–ˆâ–ˆâ–Ž | 114994/138493 [02:09<00:24, 961.89it/s]
 83%|â–ˆâ–ˆâ–ˆâ–ˆâ–ˆâ–ˆâ–ˆâ–ˆâ–Ž | 115091/138493 [02:09<00:24, 950.08it/s]
 83%|â–ˆâ–ˆâ–ˆâ–ˆâ–ˆâ–ˆâ–ˆâ–ˆâ–Ž | 115190/138493 [02:09<00:24, 960.13it/s]
 83%|â–ˆâ–ˆâ–ˆâ–ˆâ–ˆâ–ˆâ–ˆâ–ˆâ–Ž | 115287/138493 [02:09<00:24, 937.41it/s]
 83%|â–ˆâ–ˆâ–ˆâ–ˆâ–ˆâ–ˆâ–ˆâ–ˆâ–Ž | 115381/138493 [02:09<00:24, 931.93it/s]
 83%|â–ˆâ–ˆâ–ˆâ–ˆâ–ˆâ–ˆâ–ˆâ–ˆâ–Ž | 115475/138493 [02:09<00:24, 924.26it/s]
 83%|â–ˆâ–ˆâ–ˆâ–ˆâ–ˆâ–ˆâ–ˆâ–ˆâ–Ž | 115572/138493 [02:09<00:24, 935.60it/s]
 84%|â–ˆâ–ˆâ–ˆâ–ˆâ–ˆâ–ˆâ–ˆâ–ˆâ–Ž | 115666/138493 [02:09<00:25, 898.65it/s]
 84%|â–ˆâ–ˆâ–ˆâ–ˆâ–ˆâ–ˆâ–ˆâ–ˆâ–Ž | 115771/138493 [02:09<00:24, 941.01it/s]
 84%|â–ˆâ–ˆâ–ˆâ–ˆâ–ˆâ–ˆâ–ˆâ–ˆâ–Ž | 115866/138493 [02:10<00:25, 896.00it/s]
 84%|â–ˆâ–ˆâ–ˆâ–ˆâ–ˆâ–ˆâ–ˆâ–ˆâ–Ž | 115978/138493 [02:10<00:23, 956.90it/s]
 84%|â–ˆâ–ˆâ–ˆâ–ˆâ–ˆâ–ˆâ–ˆâ–ˆâ– | 116077/138493 [02:10<00:23, 965.20it/s]
 84%|â–ˆâ–ˆâ–ˆâ–ˆâ–ˆâ–ˆâ–ˆâ–ˆâ– | 116185/138493 [02:10<00:22, 993.98it/s]
 84%|â–ˆâ–ˆâ–ˆâ–ˆâ–ˆâ–ˆâ–ˆâ–ˆâ– | 116285/138493 [02:10<00:23, 937.85it/s]
 84%|â–ˆâ–ˆâ–ˆâ–ˆâ–ˆâ–ˆâ–ˆâ–ˆâ– | 116380/138493 [02:10<00:24, 890.36it/s]
 84%|â–ˆâ–ˆâ–ˆâ–ˆâ–ˆâ–ˆâ–ˆâ–ˆâ– | 116481/138493 [02:10<00:23, 919.32it/s]
 84%|â–ˆâ–ˆâ–ˆâ–ˆâ–ˆâ–ˆâ–ˆâ–ˆâ– | 116574/138493 [02:10<00:24, 884.92it/s]
 84%|â–ˆâ–ˆâ–ˆâ–ˆâ–ˆâ–ˆâ–ˆâ–ˆâ– | 116665/138493 [02:10<00:24, 890.65it/s]
 84%|â–ˆâ–ˆâ–ˆâ–ˆâ–ˆâ–ˆâ–ˆâ–ˆâ– | 116775/138493 [02:11<00:22, 948.19it/s]
 84%|â–ˆâ–ˆâ–ˆâ–ˆâ–ˆâ–ˆâ–ˆâ–ˆâ– | 116893/138493 [02:11<00:21, 1011.71it/s]
 84%|â–ˆâ–ˆâ–ˆâ–ˆâ–ˆâ–ˆâ–ˆâ–ˆâ– | 116995/138493 [02:11<00:21, 987.75it/s] 
 85%|â–ˆâ–ˆâ–ˆâ–ˆâ–ˆâ–ˆâ–ˆâ–ˆâ– | 117095/138493 [02:11<00:21, 973.23it/s]
 85%|â–ˆâ–ˆâ–ˆâ–ˆâ–ˆâ–ˆâ–ˆâ–ˆâ– | 117193/138493 [02:11<00:22, 933.84it/s]
 85%|â–ˆâ–ˆâ–ˆâ–ˆâ–ˆâ–ˆâ–ˆâ–ˆâ– | 117295/138493 [02:11<00:22, 957.31it/s]
 85%|â–ˆâ–ˆâ–ˆâ–ˆâ–ˆâ–ˆâ–ˆâ–ˆâ– | 117392/138493 [02:11<00:22, 942.29it/s]
 85%|â–ˆâ–ˆâ–ˆâ–ˆâ–ˆâ–ˆâ–ˆâ–ˆâ– | 117493/138493 [02:11<00:21, 958.27it/s]
 85%|â–ˆâ–ˆâ–ˆâ–ˆâ–ˆâ–ˆâ–ˆâ–ˆâ– | 117590/138493 [02:11<00:23, 904.34it/s]
 85%|â–ˆâ–ˆâ–ˆâ–ˆâ–ˆâ–ˆâ–ˆâ–ˆâ– | 117682/138493 [02:12<00:23, 870.98it/s]
 85%|â–ˆâ–ˆâ–ˆâ–ˆâ–ˆâ–ˆâ–ˆâ–ˆâ–Œ | 117772/138493 [02:12<00:23, 874.25it/s]
 85%|â–ˆâ–ˆâ–ˆâ–ˆâ–ˆâ–ˆâ–ˆâ–ˆâ–Œ | 117861/138493 [02:12<00:23, 874.53it/s]
 85%|â–ˆâ–ˆâ–ˆâ–ˆâ–ˆâ–ˆâ–ˆâ–ˆâ–Œ | 117956/138493 [02:12<00:22, 896.09it/s]
 85%|â–ˆâ–ˆâ–ˆâ–ˆâ–ˆâ–ˆâ–ˆâ–ˆâ–Œ | 118054/138493 [02:12<00:22, 914.09it/s]
 85%|â–ˆâ–ˆâ–ˆâ–ˆâ–ˆâ–ˆâ–ˆâ–ˆâ–Œ | 118155/138493 [02:12<00:21, 933.15it/s]
 85%|â–ˆâ–ˆâ–ˆâ–ˆâ–ˆâ–ˆâ–ˆâ–ˆâ–Œ | 118249/138493 [02:12<00:22, 886.59it/s]
 85%|â–ˆâ–ˆâ–ˆâ–ˆâ–ˆâ–ˆâ–ˆâ–ˆâ–Œ | 118343/138493 [02:12<00:22, 900.09it/s]
 86%|â–ˆâ–ˆâ–ˆâ–ˆâ–ˆâ–ˆâ–ˆâ–ˆâ–Œ | 118442/138493 [02:12<00:21, 923.82it/s]
 86%|â–ˆâ–ˆâ–ˆâ–ˆâ–ˆâ–ˆâ–ˆâ–ˆâ–Œ | 118541/138493 [02:12<00:21, 940.66it/s]
 86%|â–ˆâ–ˆâ–ˆâ–ˆâ–ˆâ–ˆâ–ˆâ–ˆâ–Œ | 118646/138493 [02:13<00:20, 972.38it/s]
 86%|â–ˆâ–ˆâ–ˆâ–ˆâ–ˆâ–ˆâ–ˆâ–ˆâ–Œ | 118755/138493 [02:13<00:19, 1004.49it/s]
 86%|â–ˆâ–ˆâ–ˆâ–ˆâ–ˆâ–ˆâ–ˆâ–ˆâ–Œ | 118860/138493 [02:13<00:19, 1008.68it/s]
 86%|â–ˆâ–ˆâ–ˆâ–ˆâ–ˆâ–ˆâ–ˆâ–ˆâ–Œ | 118962/138493 [02:13<00:19, 1006.30it/s]
 86%|â–ˆâ–ˆâ–ˆâ–ˆâ–ˆâ–ˆâ–ˆâ–ˆâ–Œ | 119063/138493 [02:13<00:20, 967.69it/s] 
 86%|â–ˆâ–ˆâ–ˆâ–ˆâ–ˆâ–ˆâ–ˆâ–ˆâ–Œ | 119161/138493 [02:13<00:20, 952.87it/s]
 86%|â–ˆâ–ˆâ–ˆâ–ˆâ–ˆâ–ˆâ–ˆâ–ˆâ–Œ | 119259/138493 [02:13<00:20, 956.58it/s]
 86%|â–ˆâ–ˆâ–ˆâ–ˆâ–ˆâ–ˆâ–ˆâ–ˆâ–Œ | 119364/138493 [02:13<00:19, 980.27it/s]
 86%|â–ˆâ–ˆâ–ˆâ–ˆâ–ˆâ–ˆâ–ˆâ–ˆâ–‹ | 119463/138493 [02:13<00:19, 961.13it/s]
 86%|â–ˆâ–ˆâ–ˆâ–ˆâ–ˆâ–ˆâ–ˆâ–ˆâ–‹ | 119560/138493 [02:13<00:19, 953.35it/s]
 86%|â–ˆâ–ˆâ–ˆâ–ˆâ–ˆâ–ˆâ–ˆâ–ˆâ–‹ | 119663/138493 [02:14<00:19, 973.64it/s]
 86%|â–ˆâ–ˆâ–ˆâ–ˆâ–ˆâ–ˆâ–ˆâ–ˆâ–‹ | 119761/138493 [02:14<00:19, 949.90it/s]
 87%|â–ˆâ–ˆâ–ˆâ–ˆâ–ˆâ–ˆâ–ˆâ–ˆâ–‹ | 119859/138493 [02:14<00:19, 957.85it/s]
 87%|â–ˆâ–ˆâ–ˆâ–ˆâ–ˆâ–ˆâ–ˆâ–ˆâ–‹ | 119964/138493 [02:14<00:18, 984.39it/s]
 87%|â–ˆâ–ˆâ–ˆâ–ˆâ–ˆâ–ˆâ–ˆâ–ˆâ–‹ | 120070/138493 [02:14<00:18, 1005.14it/s]
 87%|â–ˆâ–ˆâ–ˆâ–ˆâ–ˆâ–ˆâ–ˆâ–ˆâ–‹ | 120171/138493 [02:14<00:18, 999.66it/s] 
 87%|â–ˆâ–ˆâ–ˆâ–ˆâ–ˆâ–ˆâ–ˆâ–ˆâ–‹ | 120276/138493 [02:14<00:17, 1014.34it/s]
 87%|â–ˆâ–ˆâ–ˆâ–ˆâ–ˆâ–ˆâ–ˆâ–ˆâ–‹ | 120378/138493 [02:14<00:18, 996.79it/s] 
 87%|â–ˆâ–ˆâ–ˆâ–ˆâ–ˆâ–ˆâ–ˆâ–ˆâ–‹ | 120478/138493 [02:14<00:18, 958.01it/s]
 87%|â–ˆâ–ˆâ–ˆâ–ˆâ–ˆâ–ˆâ–ˆâ–ˆâ–‹ | 120575/138493 [02:15<00:19, 936.63it/s]
 87%|â–ˆâ–ˆâ–ˆâ–ˆâ–ˆâ–ˆâ–ˆâ–ˆâ–‹ | 120674/138493 [02:15<00:18, 950.65it/s]
 87%|â–ˆâ–ˆâ–ˆâ–ˆâ–ˆâ–ˆâ–ˆâ–ˆâ–‹ | 120770/138493 [02:15<00:18, 936.12it/s]
 87%|â–ˆâ–ˆâ–ˆâ–ˆâ–ˆâ–ˆâ–ˆâ–ˆâ–‹ | 120864/138493 [02:15<00:19, 921.46it/s]
 87%|â–ˆâ–ˆâ–ˆâ–ˆâ–ˆâ–ˆâ–ˆâ–ˆâ–‹ | 120957/138493 [02:15<00:19, 879.92it/s]
 87%|â–ˆâ–ˆâ–ˆâ–ˆâ–ˆâ–ˆâ–ˆâ–ˆâ–‹ | 121049/138493 [02:15<00:19, 890.62it/s]
 87%|â–ˆâ–ˆâ–ˆâ–ˆâ–ˆâ–ˆâ–ˆâ–ˆâ–‹ | 121152/138493 [02:15<00:18, 928.95it/s]
 88%|â–ˆâ–ˆâ–ˆâ–ˆâ–ˆâ–ˆâ–ˆâ–ˆâ–Š | 121262/138493 [02:15<00:17, 976.98it/s]
 88%|â–ˆâ–ˆâ–ˆâ–ˆâ–ˆâ–ˆâ–ˆâ–ˆâ–Š | 121365/138493 [02:15<00:17, 992.26it/s]
 88%|â–ˆâ–ˆâ–ˆâ–ˆâ–ˆâ–ˆâ–ˆâ–ˆâ–Š | 121466/138493 [02:15<00:17, 989.39it/s]
 88%|â–ˆâ–ˆâ–ˆâ–ˆâ–ˆâ–ˆâ–ˆâ–ˆâ–Š | 121566/138493 [02:16<00:18, 927.81it/s]
 88%|â–ˆâ–ˆâ–ˆâ–ˆâ–ˆâ–ˆâ–ˆâ–ˆâ–Š | 121665/138493 [02:16<00:17, 944.15it/s]
 88%|â–ˆâ–ˆâ–ˆâ–ˆâ–ˆâ–ˆâ–ˆâ–ˆâ–Š | 121761/138493 [02:16<00:18, 908.25it/s]
 88%|â–ˆâ–ˆâ–ˆâ–ˆâ–ˆâ–ˆâ–ˆâ–ˆâ–Š | 121862/138493 [02:16<00:17, 936.03it/s]
 88%|â–ˆâ–ˆâ–ˆâ–ˆâ–ˆâ–ˆâ–ˆâ–ˆâ–Š | 121957/138493 [02:16<00:17, 930.29it/s]
 88%|â–ˆâ–ˆâ–ˆâ–ˆâ–ˆâ–ˆâ–ˆâ–ˆâ–Š | 122051/138493 [02:16<00:17, 928.06it/s]
 88%|â–ˆâ–ˆâ–ˆâ–ˆâ–ˆâ–ˆâ–ˆâ–ˆâ–Š | 122145/138493 [02:16<00:17, 928.82it/s]
 88%|â–ˆâ–ˆâ–ˆâ–ˆâ–ˆâ–ˆâ–ˆâ–ˆâ–Š | 122239/138493 [02:16<00:17, 916.40it/s]
 88%|â–ˆâ–ˆâ–ˆâ–ˆâ–ˆâ–ˆâ–ˆâ–ˆâ–Š | 122332/138493 [02:16<00:17, 919.43it/s]
 88%|â–ˆâ–ˆâ–ˆâ–ˆâ–ˆâ–ˆâ–ˆâ–ˆâ–Š | 122425/138493 [02:17<00:17, 904.40it/s]
 88%|â–ˆâ–ˆâ–ˆâ–ˆâ–ˆâ–ˆâ–ˆâ–ˆâ–Š | 122520/138493 [02:17<00:17, 914.19it/s]
 89%|â–ˆâ–ˆâ–ˆâ–ˆâ–ˆâ–ˆâ–ˆâ–ˆâ–Š | 122612/138493 [02:17<00:18, 879.56it/s]
 89%|â–ˆâ–ˆâ–ˆâ–ˆâ–ˆâ–ˆâ–ˆâ–ˆâ–Š | 122704/138493 [02:17<00:17, 884.48it/s]
 89%|â–ˆâ–ˆâ–ˆâ–ˆâ–ˆâ–ˆâ–ˆâ–ˆâ–Š | 122805/138493 [02:17<00:17, 919.69it/s]
 89%|â–ˆâ–ˆâ–ˆâ–ˆâ–ˆâ–ˆâ–ˆâ–ˆâ–Š | 122902/138493 [02:17<00:16, 932.64it/s]
 89%|â–ˆâ–ˆâ–ˆâ–ˆâ–ˆâ–ˆâ–ˆâ–ˆâ–‰ | 122996/138493 [02:17<00:16, 926.47it/s]
 89%|â–ˆâ–ˆâ–ˆâ–ˆâ–ˆâ–ˆâ–ˆâ–ˆâ–‰ | 123092/138493 [02:17<00:16, 934.82it/s]
 89%|â–ˆâ–ˆâ–ˆâ–ˆâ–ˆâ–ˆâ–ˆâ–ˆâ–‰ | 123207/138493 [02:17<00:15, 995.33it/s]
 89%|â–ˆâ–ˆâ–ˆâ–ˆâ–ˆâ–ˆâ–ˆâ–ˆâ–‰ | 123309/138493 [02:17<00:15, 1000.65it/s]
 89%|â–ˆâ–ˆâ–ˆâ–ˆâ–ˆâ–ˆâ–ˆâ–ˆâ–‰ | 123410/138493 [02:18<00:15, 949.28it/s] 
 89%|â–ˆâ–ˆâ–ˆâ–ˆâ–ˆâ–ˆâ–ˆâ–ˆâ–‰ | 123516/138493 [02:18<00:15, 979.72it/s]
 89%|â–ˆâ–ˆâ–ˆâ–ˆâ–ˆâ–ˆâ–ˆâ–ˆâ–‰ | 123615/138493 [02:18<00:15, 976.13it/s]
 89%|â–ˆâ–ˆâ–ˆâ–ˆâ–ˆâ–ˆâ–ˆâ–ˆâ–‰ | 123717/138493 [02:18<00:15, 984.62it/s]
 89%|â–ˆâ–ˆâ–ˆâ–ˆâ–ˆâ–ˆâ–ˆâ–ˆâ–‰ | 123816/138493 [02:18<00:14, 980.05it/s]
 89%|â–ˆâ–ˆâ–ˆâ–ˆâ–ˆâ–ˆâ–ˆâ–ˆâ–‰ | 123924/138493 [02:18<00:14, 1007.49it/s]
 90%|â–ˆâ–ˆâ–ˆâ–ˆâ–ˆâ–ˆâ–ˆâ–ˆâ–‰ | 124025/138493 [02:18<00:15, 961.24it/s] 
 90%|â–ˆâ–ˆâ–ˆâ–ˆâ–ˆâ–ˆâ–ˆâ–ˆâ–‰ | 124122/138493 [02:18<00:15, 957.77it/s]
 90%|â–ˆâ–ˆâ–ˆâ–ˆâ–ˆâ–ˆâ–ˆâ–ˆâ–‰ | 124219/138493 [02:18<00:15, 912.05it/s]
 90%|â–ˆâ–ˆâ–ˆâ–ˆâ–ˆâ–ˆâ–ˆâ–ˆâ–‰ | 124311/138493 [02:19<00:15, 901.68it/s]
 90%|â–ˆâ–ˆâ–ˆâ–ˆâ–ˆâ–ˆâ–ˆâ–ˆâ–‰ | 124402/138493 [02:19<00:15, 894.37it/s]
 90%|â–ˆâ–ˆâ–ˆâ–ˆâ–ˆâ–ˆâ–ˆâ–ˆâ–‰ | 124492/138493 [02:19<00:16, 873.28it/s]
 90%|â–ˆâ–ˆâ–ˆâ–ˆâ–ˆâ–ˆâ–ˆâ–ˆâ–‰ | 124588/138493 [02:19<00:15, 897.92it/s]
 90%|â–ˆâ–ˆâ–ˆâ–ˆâ–ˆâ–ˆâ–ˆâ–ˆâ–ˆ | 124693/138493 [02:19<00:14, 941.26it/s]
 90%|â–ˆâ–ˆâ–ˆâ–ˆâ–ˆâ–ˆâ–ˆâ–ˆâ–ˆ | 124794/138493 [02:19<00:14, 959.62it/s]
 90%|â–ˆâ–ˆâ–ˆâ–ˆâ–ˆâ–ˆâ–ˆâ–ˆâ–ˆ | 124891/138493 [02:19<00:14, 950.67it/s]
 90%|â–ˆâ–ˆâ–ˆâ–ˆâ–ˆâ–ˆâ–ˆâ–ˆâ–ˆ | 124987/138493 [02:19<00:14, 950.31it/s]
 90%|â–ˆâ–ˆâ–ˆâ–ˆâ–ˆâ–ˆâ–ˆâ–ˆâ–ˆ | 125083/138493 [02:19<00:14, 948.23it/s]
 90%|â–ˆâ–ˆâ–ˆâ–ˆâ–ˆâ–ˆâ–ˆâ–ˆâ–ˆ | 125178/138493 [02:19<00:14, 939.67it/s]
 90%|â–ˆâ–ˆâ–ˆâ–ˆâ–ˆâ–ˆâ–ˆâ–ˆâ–ˆ | 125273/138493 [02:20<00:14, 930.68it/s]
 91%|â–ˆâ–ˆâ–ˆâ–ˆâ–ˆâ–ˆâ–ˆâ–ˆâ–ˆ | 125382/138493 [02:20<00:13, 976.08it/s]
 91%|â–ˆâ–ˆâ–ˆâ–ˆâ–ˆâ–ˆâ–ˆâ–ˆâ–ˆ | 125493/138493 [02:20<00:12, 1007.36it/s]
 91%|â–ˆâ–ˆâ–ˆâ–ˆâ–ˆâ–ˆâ–ˆâ–ˆâ–ˆ | 125594/138493 [02:20<00:13, 985.45it/s] 
 91%|â–ˆâ–ˆâ–ˆâ–ˆâ–ˆâ–ˆâ–ˆâ–ˆâ–ˆ | 125693/138493 [02:20<00:14, 905.92it/s]
 91%|â–ˆâ–ˆâ–ˆâ–ˆâ–ˆâ–ˆâ–ˆâ–ˆâ–ˆ | 125785/138493 [02:20<00:14, 906.18it/s]
 91%|â–ˆâ–ˆâ–ˆâ–ˆâ–ˆâ–ˆâ–ˆâ–ˆâ–ˆ | 125877/138493 [02:20<00:14, 845.02it/s]
 91%|â–ˆâ–ˆâ–ˆâ–ˆâ–ˆâ–ˆâ–ˆâ–ˆâ–ˆ | 125969/138493 [02:20<00:14, 861.42it/s]
 91%|â–ˆâ–ˆâ–ˆâ–ˆâ–ˆâ–ˆâ–ˆâ–ˆâ–ˆ | 126057/138493 [02:20<00:14, 865.68it/s]
 91%|â–ˆâ–ˆâ–ˆâ–ˆâ–ˆâ–ˆâ–ˆâ–ˆâ–ˆ | 126156/138493 [02:21<00:13, 899.95it/s]
 91%|â–ˆâ–ˆâ–ˆâ–ˆâ–ˆâ–ˆâ–ˆâ–ˆâ–ˆ | 126259/138493 [02:21<00:13, 936.59it/s]
 91%|â–ˆâ–ˆâ–ˆâ–ˆâ–ˆâ–ˆâ–ˆâ–ˆâ–ˆ | 126362/138493 [02:21<00:12, 963.51it/s]
 91%|â–ˆâ–ˆâ–ˆâ–ˆâ–ˆâ–ˆâ–ˆâ–ˆâ–ˆâ–| 126471/138493 [02:21<00:12, 998.62it/s]
 91%|â–ˆâ–ˆâ–ˆâ–ˆâ–ˆâ–ˆâ–ˆâ–ˆâ–ˆâ–| 126572/138493 [02:21<00:12, 977.00it/s]
 91%|â–ˆâ–ˆâ–ˆâ–ˆâ–ˆâ–ˆâ–ˆâ–ˆâ–ˆâ–| 126672/138493 [02:21<00:12, 979.28it/s]
 92%|â–ˆâ–ˆâ–ˆâ–ˆâ–ˆâ–ˆâ–ˆâ–ˆâ–ˆâ–| 126771/138493 [02:21<00:12, 976.40it/s]
 92%|â–ˆâ–ˆâ–ˆâ–ˆâ–ˆâ–ˆâ–ˆâ–ˆâ–ˆâ–| 126878/138493 [02:21<00:11, 1003.39it/s]
 92%|â–ˆâ–ˆâ–ˆâ–ˆâ–ˆâ–ˆâ–ˆâ–ˆâ–ˆâ–| 126979/138493 [02:21<00:12, 944.02it/s] 
 92%|â–ˆâ–ˆâ–ˆâ–ˆâ–ˆâ–ˆâ–ˆâ–ˆâ–ˆâ–| 127085/138493 [02:21<00:11, 976.82it/s]
 92%|â–ˆâ–ˆâ–ˆâ–ˆâ–ˆâ–ˆâ–ˆâ–ˆâ–ˆâ–| 127184/138493 [02:22<00:11, 951.74it/s]
 92%|â–ˆâ–ˆâ–ˆâ–ˆâ–ˆâ–ˆâ–ˆâ–ˆâ–ˆâ–| 127280/138493 [02:22<00:11, 938.87it/s]
 92%|â–ˆâ–ˆâ–ˆâ–ˆâ–ˆâ–ˆâ–ˆâ–ˆâ–ˆâ–| 127375/138493 [02:22<00:12, 910.44it/s]
 92%|â–ˆâ–ˆâ–ˆâ–ˆâ–ˆâ–ˆâ–ˆâ–ˆâ–ˆâ–| 127467/138493 [02:22<00:12, 868.28it/s]
 92%|â–ˆâ–ˆâ–ˆâ–ˆâ–ˆâ–ˆâ–ˆâ–ˆâ–ˆâ–| 127555/138493 [02:22<00:12, 854.09it/s]
 92%|â–ˆâ–ˆâ–ˆâ–ˆâ–ˆâ–ˆâ–ˆâ–ˆâ–ˆâ–| 127649/138493 [02:22<00:12, 873.81it/s]
 92%|â–ˆâ–ˆâ–ˆâ–ˆâ–ˆâ–ˆâ–ˆâ–ˆâ–ˆâ–| 127737/138493 [02:22<00:12, 869.98it/s]
 92%|â–ˆâ–ˆâ–ˆâ–ˆâ–ˆâ–ˆâ–ˆâ–ˆâ–ˆâ–| 127825/138493 [02:22<00:12, 868.31it/s]
 92%|â–ˆâ–ˆâ–ˆâ–ˆâ–ˆâ–ˆâ–ˆâ–ˆâ–ˆâ–| 127912/138493 [02:22<00:12, 845.12it/s]
 92%|â–ˆâ–ˆâ–ˆâ–ˆâ–ˆâ–ˆâ–ˆâ–ˆâ–ˆâ–| 128000/138493 [02:23<00:12, 854.07it/s]
 92%|â–ˆâ–ˆâ–ˆâ–ˆâ–ˆâ–ˆâ–ˆâ–ˆâ–ˆâ–| 128086/138493 [02:23<00:12, 823.84it/s]
 93%|â–ˆâ–ˆâ–ˆâ–ˆâ–ˆâ–ˆâ–ˆâ–ˆâ–ˆâ–Ž| 128184/138493 [02:23<00:11, 863.44it/s]
 93%|â–ˆâ–ˆâ–ˆâ–ˆâ–ˆâ–ˆâ–ˆâ–ˆâ–ˆâ–Ž| 128271/138493 [02:23<00:12, 828.28it/s]
 93%|â–ˆâ–ˆâ–ˆâ–ˆâ–ˆâ–ˆâ–ˆâ–ˆâ–ˆâ–Ž| 128355/138493 [02:23<00:12, 799.34it/s]
 93%|â–ˆâ–ˆâ–ˆâ–ˆâ–ˆâ–ˆâ–ˆâ–ˆâ–ˆâ–Ž| 128443/138493 [02:23<00:12, 820.46it/s]
 93%|â–ˆâ–ˆâ–ˆâ–ˆâ–ˆâ–ˆâ–ˆâ–ˆâ–ˆâ–Ž| 128535/138493 [02:23<00:11, 848.11it/s]
 93%|â–ˆâ–ˆâ–ˆâ–ˆâ–ˆâ–ˆâ–ˆâ–ˆâ–ˆâ–Ž| 128621/138493 [02:23<00:11, 840.44it/s]
 93%|â–ˆâ–ˆâ–ˆâ–ˆâ–ˆâ–ˆâ–ˆâ–ˆâ–ˆâ–Ž| 128712/138493 [02:23<00:11, 858.26it/s]
 93%|â–ˆâ–ˆâ–ˆâ–ˆâ–ˆâ–ˆâ–ˆâ–ˆâ–ˆâ–Ž| 128805/138493 [02:23<00:11, 876.82it/s]
 93%|â–ˆâ–ˆâ–ˆâ–ˆâ–ˆâ–ˆâ–ˆâ–ˆâ–ˆâ–Ž| 128899/138493 [02:24<00:10, 894.35it/s]
 93%|â–ˆâ–ˆâ–ˆâ–ˆâ–ˆâ–ˆâ–ˆâ–ˆâ–ˆâ–Ž| 129005/138493 [02:24<00:10, 940.09it/s]
 93%|â–ˆâ–ˆâ–ˆâ–ˆâ–ˆâ–ˆâ–ˆâ–ˆâ–ˆâ–Ž| 129100/138493 [02:24<00:10, 901.45it/s]
 93%|â–ˆâ–ˆâ–ˆâ–ˆâ–ˆâ–ˆâ–ˆâ–ˆâ–ˆâ–Ž| 129192/138493 [02:24<00:10, 905.59it/s]
 93%|â–ˆâ–ˆâ–ˆâ–ˆâ–ˆâ–ˆâ–ˆâ–ˆâ–ˆâ–Ž| 129285/138493 [02:24<00:10, 910.21it/s]
 93%|â–ˆâ–ˆâ–ˆâ–ˆâ–ˆâ–ˆâ–ˆâ–ˆâ–ˆâ–Ž| 129378/138493 [02:24<00:09, 915.66it/s]
 93%|â–ˆâ–ˆâ–ˆâ–ˆâ–ˆâ–ˆâ–ˆâ–ˆâ–ˆâ–Ž| 129478/138493 [02:24<00:09, 938.32it/s]
 94%|â–ˆâ–ˆâ–ˆâ–ˆâ–ˆâ–ˆâ–ˆâ–ˆâ–ˆâ–Ž| 129572/138493 [02:24<00:11, 779.65it/s]
 94%|â–ˆâ–ˆâ–ˆâ–ˆâ–ˆâ–ˆâ–ˆâ–ˆâ–ˆâ–Ž| 129655/138493 [02:24<00:11, 757.81it/s]
 94%|â–ˆâ–ˆâ–ˆâ–ˆâ–ˆâ–ˆâ–ˆâ–ˆâ–ˆâ–Ž| 129743/138493 [02:25<00:11, 788.89it/s]
 94%|â–ˆâ–ˆâ–ˆâ–ˆâ–ˆâ–ˆâ–ˆâ–ˆâ–ˆâ–Ž| 129825/138493 [02:25<00:11, 784.26it/s]
 94%|â–ˆâ–ˆâ–ˆâ–ˆâ–ˆâ–ˆâ–ˆâ–ˆâ–ˆâ–| 129906/138493 [02:25<00:10, 788.08it/s]
 94%|â–ˆâ–ˆâ–ˆâ–ˆâ–ˆâ–ˆâ–ˆâ–ˆâ–ˆâ–| 130000/138493 [02:25<00:10, 828.83it/s]
 94%|â–ˆâ–ˆâ–ˆâ–ˆâ–ˆâ–ˆâ–ˆâ–ˆâ–ˆâ–| 130096/138493 [02:25<00:09, 865.37it/s]
 94%|â–ˆâ–ˆâ–ˆâ–ˆâ–ˆâ–ˆâ–ˆâ–ˆâ–ˆâ–| 130184/138493 [02:25<00:09, 866.89it/s]
 94%|â–ˆâ–ˆâ–ˆâ–ˆâ–ˆâ–ˆâ–ˆâ–ˆâ–ˆâ–| 130272/138493 [02:25<00:09, 863.82it/s]
 94%|â–ˆâ–ˆâ–ˆâ–ˆâ–ˆâ–ˆâ–ˆâ–ˆâ–ˆâ–| 130363/138493 [02:25<00:09, 876.64it/s]
 94%|â–ˆâ–ˆâ–ˆâ–ˆâ–ˆâ–ˆâ–ˆâ–ˆâ–ˆâ–| 130452/138493 [02:25<00:09, 842.01it/s]
 94%|â–ˆâ–ˆâ–ˆâ–ˆâ–ˆâ–ˆâ–ˆâ–ˆâ–ˆâ–| 130537/138493 [02:26<00:10, 766.28it/s]
 94%|â–ˆâ–ˆâ–ˆâ–ˆâ–ˆâ–ˆâ–ˆâ–ˆâ–ˆâ–| 130624/138493 [02:26<00:09, 794.07it/s]
 94%|â–ˆâ–ˆâ–ˆâ–ˆâ–ˆâ–ˆâ–ˆâ–ˆâ–ˆâ–| 130716/138493 [02:26<00:09, 826.42it/s]
 94%|â–ˆâ–ˆâ–ˆâ–ˆâ–ˆâ–ˆâ–ˆâ–ˆâ–ˆâ–| 130800/138493 [02:26<00:09, 817.72it/s]
 95%|â–ˆâ–ˆâ–ˆâ–ˆâ–ˆâ–ˆâ–ˆâ–ˆâ–ˆâ–| 130883/138493 [02:26<00:09, 801.30it/s]
 95%|â–ˆâ–ˆâ–ˆâ–ˆâ–ˆâ–ˆâ–ˆâ–ˆâ–ˆâ–| 130988/138493 [02:26<00:08, 867.79it/s]
 95%|â–ˆâ–ˆâ–ˆâ–ˆâ–ˆâ–ˆâ–ˆâ–ˆâ–ˆâ–| 131077/138493 [02:26<00:08, 870.73it/s]
 95%|â–ˆâ–ˆâ–ˆâ–ˆâ–ˆâ–ˆâ–ˆâ–ˆâ–ˆâ–| 131166/138493 [02:26<00:08, 875.97it/s]
 95%|â–ˆâ–ˆâ–ˆâ–ˆâ–ˆâ–ˆâ–ˆâ–ˆâ–ˆâ–| 131254/138493 [02:26<00:08, 874.56it/s]
 95%|â–ˆâ–ˆâ–ˆâ–ˆâ–ˆâ–ˆâ–ˆâ–ˆâ–ˆâ–| 131342/138493 [02:26<00:08, 869.20it/s]
 95%|â–ˆâ–ˆâ–ˆâ–ˆâ–ˆâ–ˆâ–ˆâ–ˆâ–ˆâ–| 131430/138493 [02:27<00:08, 845.81it/s]
 95%|â–ˆâ–ˆâ–ˆâ–ˆâ–ˆâ–ˆâ–ˆâ–ˆâ–ˆâ–| 131520/138493 [02:27<00:08, 860.63it/s]
 95%|â–ˆâ–ˆâ–ˆâ–ˆâ–ˆâ–ˆâ–ˆâ–ˆâ–ˆâ–Œ| 131623/138493 [02:27<00:07, 908.61it/s]
 95%|â–ˆâ–ˆâ–ˆâ–ˆâ–ˆâ–ˆâ–ˆâ–ˆâ–ˆâ–Œ| 131720/138493 [02:27<00:07, 924.40it/s]
 95%|â–ˆâ–ˆâ–ˆâ–ˆâ–ˆâ–ˆâ–ˆâ–ˆâ–ˆâ–Œ| 131813/138493 [02:27<00:07, 920.01it/s]
 95%|â–ˆâ–ˆâ–ˆâ–ˆâ–ˆâ–ˆâ–ˆâ–ˆâ–ˆâ–Œ| 131906/138493 [02:27<00:07, 874.37it/s]
 95%|â–ˆâ–ˆâ–ˆâ–ˆâ–ˆâ–ˆâ–ˆâ–ˆâ–ˆâ–Œ| 131994/138493 [02:27<00:07, 864.71it/s]
 95%|â–ˆâ–ˆâ–ˆâ–ˆâ–ˆâ–ˆâ–ˆâ–ˆâ–ˆâ–Œ| 132082/138493 [02:27<00:07, 864.33it/s]
 95%|â–ˆâ–ˆâ–ˆâ–ˆâ–ˆâ–ˆâ–ˆâ–ˆâ–ˆâ–Œ| 132177/138493 [02:27<00:07, 888.74it/s]
 96%|â–ˆâ–ˆâ–ˆâ–ˆâ–ˆâ–ˆâ–ˆâ–ˆâ–ˆâ–Œ| 132267/138493 [02:28<00:07, 861.19it/s]
 96%|â–ˆâ–ˆâ–ˆâ–ˆâ–ˆâ–ˆâ–ˆâ–ˆâ–ˆâ–Œ| 132357/138493 [02:28<00:07, 870.79it/s]
 96%|â–ˆâ–ˆâ–ˆâ–ˆâ–ˆâ–ˆâ–ˆâ–ˆâ–ˆâ–Œ| 132445/138493 [02:28<00:07, 855.95it/s]
 96%|â–ˆâ–ˆâ–ˆâ–ˆâ–ˆâ–ˆâ–ˆâ–ˆâ–ˆâ–Œ| 132541/138493 [02:28<00:06, 884.41it/s]
 96%|â–ˆâ–ˆâ–ˆâ–ˆâ–ˆâ–ˆâ–ˆâ–ˆâ–ˆâ–Œ| 132630/138493 [02:28<00:06, 868.72it/s]
 96%|â–ˆâ–ˆâ–ˆâ–ˆâ–ˆâ–ˆâ–ˆâ–ˆâ–ˆâ–Œ| 132727/138493 [02:28<00:06, 897.99it/s]
 96%|â–ˆâ–ˆâ–ˆâ–ˆâ–ˆâ–ˆâ–ˆâ–ˆâ–ˆâ–Œ| 132828/138493 [02:28<00:06, 926.87it/s]
 96%|â–ˆâ–ˆâ–ˆâ–ˆâ–ˆâ–ˆâ–ˆâ–ˆâ–ˆâ–Œ| 132925/138493 [02:28<00:05, 938.48it/s]
 96%|â–ˆâ–ˆâ–ˆâ–ˆâ–ˆâ–ˆâ–ˆâ–ˆâ–ˆâ–Œ| 133022/138493 [02:28<00:05, 943.63it/s]
 96%|â–ˆâ–ˆâ–ˆâ–ˆâ–ˆâ–ˆâ–ˆâ–ˆâ–ˆâ–Œ| 133117/138493 [02:28<00:05, 930.59it/s]
 96%|â–ˆâ–ˆâ–ˆâ–ˆâ–ˆâ–ˆâ–ˆâ–ˆâ–ˆâ–Œ| 133212/138493 [02:29<00:05, 934.38it/s]
 96%|â–ˆâ–ˆâ–ˆâ–ˆâ–ˆâ–ˆâ–ˆâ–ˆâ–ˆâ–‹| 133309/138493 [02:29<00:05, 942.70it/s]
 96%|â–ˆâ–ˆâ–ˆâ–ˆâ–ˆâ–ˆâ–ˆâ–ˆâ–ˆâ–‹| 133404/138493 [02:29<00:05, 897.54it/s]
 96%|â–ˆâ–ˆâ–ˆâ–ˆâ–ˆâ–ˆâ–ˆâ–ˆâ–ˆâ–‹| 133495/138493 [02:29<00:05, 901.10it/s]
 96%|â–ˆâ–ˆâ–ˆâ–ˆâ–ˆâ–ˆâ–ˆâ–ˆâ–ˆâ–‹| 133586/138493 [02:29<00:05, 890.47it/s]
 97%|â–ˆâ–ˆâ–ˆâ–ˆâ–ˆâ–ˆâ–ˆâ–ˆâ–ˆâ–‹| 133680/138493 [02:29<00:05, 902.86it/s]
 97%|â–ˆâ–ˆâ–ˆâ–ˆâ–ˆâ–ˆâ–ˆâ–ˆâ–ˆâ–‹| 133771/138493 [02:29<00:05, 881.57it/s]
 97%|â–ˆâ–ˆâ–ˆâ–ˆâ–ˆâ–ˆâ–ˆâ–ˆâ–ˆâ–‹| 133860/138493 [02:29<00:05, 882.33it/s]
 97%|â–ˆâ–ˆâ–ˆâ–ˆâ–ˆâ–ˆâ–ˆâ–ˆâ–ˆâ–‹| 133954/138493 [02:29<00:05, 898.35it/s]
 97%|â–ˆâ–ˆâ–ˆâ–ˆâ–ˆâ–ˆâ–ˆâ–ˆâ–ˆâ–‹| 134044/138493 [02:29<00:05, 885.03it/s]
 97%|â–ˆâ–ˆâ–ˆâ–ˆâ–ˆâ–ˆâ–ˆâ–ˆâ–ˆâ–‹| 134136/138493 [02:30<00:04, 893.97it/s]
 97%|â–ˆâ–ˆâ–ˆâ–ˆâ–ˆâ–ˆâ–ˆâ–ˆâ–ˆâ–‹| 134226/138493 [02:30<00:04, 877.55it/s]
 97%|â–ˆâ–ˆâ–ˆâ–ˆâ–ˆâ–ˆâ–ˆâ–ˆâ–ˆâ–‹| 134322/138493 [02:30<00:04, 900.56it/s]
 97%|â–ˆâ–ˆâ–ˆâ–ˆâ–ˆâ–ˆâ–ˆâ–ˆâ–ˆâ–‹| 134413/138493 [02:30<00:04, 856.80it/s]
 97%|â–ˆâ–ˆâ–ˆâ–ˆâ–ˆâ–ˆâ–ˆâ–ˆâ–ˆâ–‹| 134502/138493 [02:30<00:04, 864.01it/s]
 97%|â–ˆâ–ˆâ–ˆâ–ˆâ–ˆâ–ˆâ–ˆâ–ˆâ–ˆâ–‹| 134589/138493 [02:30<00:04, 865.45it/s]
 97%|â–ˆâ–ˆâ–ˆâ–ˆâ–ˆâ–ˆâ–ˆâ–ˆâ–ˆâ–‹| 134676/138493 [02:30<00:04, 849.58it/s]
 97%|â–ˆâ–ˆâ–ˆâ–ˆâ–ˆâ–ˆâ–ˆâ–ˆâ–ˆâ–‹| 134773/138493 [02:30<00:04, 878.44it/s]
 97%|â–ˆâ–ˆâ–ˆâ–ˆâ–ˆâ–ˆâ–ˆâ–ˆâ–ˆâ–‹| 134862/138493 [02:30<00:04, 872.21it/s]
 97%|â–ˆâ–ˆâ–ˆâ–ˆâ–ˆâ–ˆâ–ˆâ–ˆâ–ˆâ–‹| 134960/138493 [02:31<00:03, 903.32it/s]
 98%|â–ˆâ–ˆâ–ˆâ–ˆâ–ˆâ–ˆâ–ˆâ–ˆâ–ˆâ–Š| 135051/138493 [02:31<00:03, 902.18it/s]
 98%|â–ˆâ–ˆâ–ˆâ–ˆâ–ˆâ–ˆâ–ˆâ–ˆâ–ˆâ–Š| 135142/138493 [02:31<00:03, 881.78it/s]
 98%|â–ˆâ–ˆâ–ˆâ–ˆâ–ˆâ–ˆâ–ˆâ–ˆâ–ˆâ–Š| 135236/138493 [02:31<00:03, 898.35it/s]
 98%|â–ˆâ–ˆâ–ˆâ–ˆâ–ˆâ–ˆâ–ˆâ–ˆâ–ˆâ–Š| 135353/138493 [02:31<00:03, 976.14it/s]
 98%|â–ˆâ–ˆâ–ˆâ–ˆâ–ˆâ–ˆâ–ˆâ–ˆâ–ˆâ–Š| 135451/138493 [02:31<00:03, 967.06it/s]
 98%|â–ˆâ–ˆâ–ˆâ–ˆâ–ˆâ–ˆâ–ˆâ–ˆâ–ˆâ–Š| 135550/138493 [02:31<00:03, 970.79it/s]
 98%|â–ˆâ–ˆâ–ˆâ–ˆâ–ˆâ–ˆâ–ˆâ–ˆâ–ˆâ–Š| 135649/138493 [02:31<00:02, 975.84it/s]
 98%|â–ˆâ–ˆâ–ˆâ–ˆâ–ˆâ–ˆâ–ˆâ–ˆâ–ˆâ–Š| 135747/138493 [02:31<00:02, 970.27it/s]
 98%|â–ˆâ–ˆâ–ˆâ–ˆâ–ˆâ–ˆâ–ˆâ–ˆâ–ˆâ–Š| 135845/138493 [02:31<00:02, 912.98it/s]
 98%|â–ˆâ–ˆâ–ˆâ–ˆâ–ˆâ–ˆâ–ˆâ–ˆâ–ˆâ–Š| 135947/138493 [02:32<00:02, 942.96it/s]
 98%|â–ˆâ–ˆâ–ˆâ–ˆâ–ˆâ–ˆâ–ˆâ–ˆâ–ˆâ–Š| 136042/138493 [02:32<00:02, 920.39it/s]
 98%|â–ˆâ–ˆâ–ˆâ–ˆâ–ˆâ–ˆâ–ˆâ–ˆâ–ˆâ–Š| 136135/138493 [02:32<00:02, 903.38it/s]
 98%|â–ˆâ–ˆâ–ˆâ–ˆâ–ˆâ–ˆâ–ˆâ–ˆâ–ˆâ–Š| 136226/138493 [02:32<00:02, 897.61it/s]
 98%|â–ˆâ–ˆâ–ˆâ–ˆâ–ˆâ–ˆâ–ˆâ–ˆâ–ˆâ–Š| 136318/138493 [02:32<00:02, 903.07it/s]
 99%|â–ˆâ–ˆâ–ˆâ–ˆâ–ˆâ–ˆâ–ˆâ–ˆâ–ˆâ–Š| 136420/138493 [02:32<00:02, 933.17it/s]
 99%|â–ˆâ–ˆâ–ˆâ–ˆâ–ˆâ–ˆâ–ˆâ–ˆâ–ˆâ–Š| 136514/138493 [02:32<00:02, 900.19it/s]
 99%|â–ˆâ–ˆâ–ˆâ–ˆâ–ˆâ–ˆâ–ˆâ–ˆâ–ˆâ–Š| 136605/138493 [02:32<00:02, 860.50it/s]
 99%|â–ˆâ–ˆâ–ˆâ–ˆâ–ˆâ–ˆâ–ˆâ–ˆâ–ˆâ–Š| 136692/138493 [02:32<00:02, 854.04it/s]
 99%|â–ˆâ–ˆâ–ˆâ–ˆâ–ˆâ–ˆâ–ˆâ–ˆâ–ˆâ–‰| 136785/138493 [02:33<00:01, 874.28it/s]
 99%|â–ˆâ–ˆâ–ˆâ–ˆâ–ˆâ–ˆâ–ˆâ–ˆâ–ˆâ–‰| 136877/138493 [02:33<00:01, 883.96it/s]
 99%|â–ˆâ–ˆâ–ˆâ–ˆâ–ˆâ–ˆâ–ˆâ–ˆâ–ˆâ–‰| 136966/138493 [02:33<00:01, 873.74it/s]
 99%|â–ˆâ–ˆâ–ˆâ–ˆâ–ˆâ–ˆâ–ˆâ–ˆâ–ˆâ–‰| 137054/138493 [02:33<00:01, 849.20it/s]
 99%|â–ˆâ–ˆâ–ˆâ–ˆâ–ˆâ–ˆâ–ˆâ–ˆâ–ˆâ–‰| 137149/138493 [02:33<00:01, 877.46it/s]
 99%|â–ˆâ–ˆâ–ˆâ–ˆâ–ˆâ–ˆâ–ˆâ–ˆâ–ˆâ–‰| 137242/138493 [02:33<00:01, 888.83it/s]
 99%|â–ˆâ–ˆâ–ˆâ–ˆâ–ˆâ–ˆâ–ˆâ–ˆâ–ˆâ–‰| 137332/138493 [02:33<00:01, 890.82it/s]
 99%|â–ˆâ–ˆâ–ˆâ–ˆâ–ˆâ–ˆâ–ˆâ–ˆâ–ˆâ–‰| 137423/138493 [02:33<00:01, 893.00it/s]
 99%|â–ˆâ–ˆâ–ˆâ–ˆâ–ˆâ–ˆâ–ˆâ–ˆâ–ˆâ–‰| 137525/138493 [02:33<00:01, 927.92it/s]
 99%|â–ˆâ–ˆâ–ˆâ–ˆâ–ˆâ–ˆâ–ˆâ–ˆâ–ˆâ–‰| 137622/138493 [02:33<00:00, 939.14it/s]
 99%|â–ˆâ–ˆâ–ˆâ–ˆâ–ˆâ–ˆâ–ˆâ–ˆâ–ˆâ–‰| 137717/138493 [02:34<00:00, 910.33it/s]
100%|â–ˆâ–ˆâ–ˆâ–ˆâ–ˆâ–ˆâ–ˆâ–ˆâ–ˆâ–‰| 137814/138493 [02:34<00:00, 926.21it/s]
100%|â–ˆâ–ˆâ–ˆâ–ˆâ–ˆâ–ˆâ–ˆâ–ˆâ–ˆâ–‰| 137907/138493 [02:34<00:00, 879.85it/s]
100%|â–ˆâ–ˆâ–ˆâ–ˆâ–ˆâ–ˆâ–ˆâ–ˆâ–ˆâ–‰| 137996/138493 [02:34<00:00, 875.56it/s]
100%|â–ˆâ–ˆâ–ˆâ–ˆâ–ˆâ–ˆâ–ˆâ–ˆâ–ˆâ–‰| 138100/138493 [02:34<00:00, 920.40it/s]
100%|â–ˆâ–ˆâ–ˆâ–ˆâ–ˆâ–ˆâ–ˆâ–ˆâ–ˆâ–‰| 138193/138493 [02:34<00:00, 874.71it/s]
100%|â–ˆâ–ˆâ–ˆâ–ˆâ–ˆâ–ˆâ–ˆâ–ˆâ–ˆâ–‰| 138282/138493 [02:34<00:00, 866.55it/s]
100%|â–ˆâ–ˆâ–ˆâ–ˆâ–ˆâ–ˆâ–ˆâ–ˆâ–ˆâ–‰| 138385/138493 [02:34<00:00, 912.60it/s]
100%|â–ˆâ–ˆâ–ˆâ–ˆâ–ˆâ–ˆâ–ˆâ–ˆâ–ˆâ–‰| 138477/138493 [02:34<00:00, 903.87it/s]
100%|â–ˆâ–ˆâ–ˆâ–ˆâ–ˆâ–ˆâ–ˆâ–ˆâ–ˆâ–ˆ| 138493/138493 [02:34<00:00, 893.89it/s]
2025-06-02 08:00:57,360 - __main__ - INFO - âœ… movies_matrix.csv gespeichert unter: data/processed/movies_matrix.csv

[2025-06-02T08:00:58.485+0000] {python.py:201} INFO - Done. Returned value was: None
[2025-06-02T08:00:58.503+0000] {taskinstance.py:1138} INFO - Marking task as SUCCESS. dag_id=movie_recommendation_pipeline, task_id=make_dataset, execution_date=20250602T075550, start_date=20250602T075552, end_date=20250602T080058
[2025-06-02T08:00:58.558+0000] {local_task_job_runner.py:234} INFO - Task exited with return code 0
[2025-06-02T08:00:58.600+0000] {taskinstance.py:3280} INFO - 1 downstream tasks scheduled from follow-on schedule check
