[2025-06-04T07:25:38.722+0000] {taskinstance.py:1956} INFO - Dependencies all met for dep_context=non-requeueable deps ti=<TaskInstance: movie_recommendation_pipeline.cleanup_all manual__2025-06-04T07:25:11.152002+00:00 [queued]>
[2025-06-04T07:25:38.736+0000] {taskinstance.py:1956} INFO - Dependencies all met for dep_context=requeueable deps ti=<TaskInstance: movie_recommendation_pipeline.cleanup_all manual__2025-06-04T07:25:11.152002+00:00 [queued]>
[2025-06-04T07:25:38.737+0000] {taskinstance.py:2170} INFO - Starting attempt 1 of 3
[2025-06-04T07:25:38.750+0000] {taskinstance.py:2191} INFO - Executing <Task(PythonOperator): cleanup_all> on 2025-06-04 07:25:11.152002+00:00
[2025-06-04T07:25:38.757+0000] {standard_task_runner.py:60} INFO - Started process 2419 to run task
[2025-06-04T07:25:38.759+0000] {standard_task_runner.py:87} INFO - Running: ['***', 'tasks', 'run', 'movie_recommendation_pipeline', 'cleanup_all', 'manual__2025-06-04T07:25:11.152002+00:00', '--job-id', '1830', '--raw', '--subdir', 'DAGS_FOLDER/mlops_movie_dag.py', '--cfg-path', '/tmp/tmpbcopkgcp']
[2025-06-04T07:25:38.761+0000] {standard_task_runner.py:88} INFO - Job 1830: Subtask cleanup_all
[2025-06-04T07:25:38.799+0000] {task_command.py:423} INFO - Running <TaskInstance: movie_recommendation_pipeline.cleanup_all manual__2025-06-04T07:25:11.152002+00:00 [running]> on host e71253cfdb88
[2025-06-04T07:25:38.883+0000] {taskinstance.py:2480} INFO - Exporting env vars: AIRFLOW_CTX_DAG_OWNER='***' AIRFLOW_CTX_DAG_ID='movie_recommendation_pipeline' AIRFLOW_CTX_TASK_ID='cleanup_all' AIRFLOW_CTX_EXECUTION_DATE='2025-06-04T07:25:11.152002+00:00' AIRFLOW_CTX_TRY_NUMBER='1' AIRFLOW_CTX_DAG_RUN_ID='manual__2025-06-04T07:25:11.152002+00:00'
[2025-06-04T07:25:38.908+0000] {mlops_movie_dag.py:12} INFO - 🟦 Running command: dvc remove /opt/***/models/hybrid_model.pkl.dvc
[2025-06-04T07:25:39.392+0000] {mlops_movie_dag.py:19} INFO - 🟩 [stdout]:

[2025-06-04T07:25:39.393+0000] {mlops_movie_dag.py:21} WARNING - 🟨 [stderr]:
ERROR: '/opt/***/models/hybrid_model.pkl.dvc' does not exist

[2025-06-04T07:25:39.394+0000] {mlops_movie_dag.py:28} ERROR - ❌ Subprozess-Fehler (exit code 1): dvc remove /opt/***/models/hybrid_model.pkl.dvc
[2025-06-04T07:25:39.395+0000] {mlops_movie_dag.py:31} ERROR - ❌ Subprozess-Ausnahme: Command '['dvc', 'remove', '/opt/***/models/hybrid_model.pkl.dvc']' returned non-zero exit status 1.
[2025-06-04T07:25:39.395+0000] {mlops_movie_dag.py:119} WARNING - Ignoriere Fehler bei dvc remove für /opt/***/models/hybrid_model.pkl.dvc: Command '['dvc', 'remove', '/opt/***/models/hybrid_model.pkl.dvc']' returned non-zero exit status 1.
[2025-06-04T07:25:39.438+0000] {mlops_movie_dag.py:12} INFO - 🟦 Running command: dvc remove /opt/***/data/processed/hybrid_matrix.csv.dvc
[2025-06-04T07:25:39.888+0000] {mlops_movie_dag.py:19} INFO - 🟩 [stdout]:

[2025-06-04T07:25:39.889+0000] {mlops_movie_dag.py:21} WARNING - 🟨 [stderr]:
ERROR: '/opt/***/data/processed/hybrid_matrix.csv.dvc' does not exist

[2025-06-04T07:25:39.890+0000] {mlops_movie_dag.py:28} ERROR - ❌ Subprozess-Fehler (exit code 1): dvc remove /opt/***/data/processed/hybrid_matrix.csv.dvc
[2025-06-04T07:25:39.890+0000] {mlops_movie_dag.py:31} ERROR - ❌ Subprozess-Ausnahme: Command '['dvc', 'remove', '/opt/***/data/processed/hybrid_matrix.csv.dvc']' returned non-zero exit status 1.
[2025-06-04T07:25:39.891+0000] {mlops_movie_dag.py:119} WARNING - Ignoriere Fehler bei dvc remove für /opt/***/data/processed/hybrid_matrix.csv.dvc: Command '['dvc', 'remove', '/opt/***/data/processed/hybrid_matrix.csv.dvc']' returned non-zero exit status 1.
[2025-06-04T07:25:39.898+0000] {mlops_movie_dag.py:12} INFO - 🟦 Running command: dvc remove /opt/***/data/processed/hybrid_matrix_features.txt.dvc
[2025-06-04T07:25:40.313+0000] {mlops_movie_dag.py:19} INFO - 🟩 [stdout]:

[2025-06-04T07:25:40.314+0000] {mlops_movie_dag.py:21} WARNING - 🟨 [stderr]:
ERROR: '/opt/***/data/processed/hybrid_matrix_features.txt.dvc' does not exist

[2025-06-04T07:25:40.315+0000] {mlops_movie_dag.py:28} ERROR - ❌ Subprozess-Fehler (exit code 1): dvc remove /opt/***/data/processed/hybrid_matrix_features.txt.dvc
[2025-06-04T07:25:40.315+0000] {mlops_movie_dag.py:31} ERROR - ❌ Subprozess-Ausnahme: Command '['dvc', 'remove', '/opt/***/data/processed/hybrid_matrix_features.txt.dvc']' returned non-zero exit status 1.
[2025-06-04T07:25:40.316+0000] {mlops_movie_dag.py:119} WARNING - Ignoriere Fehler bei dvc remove für /opt/***/data/processed/hybrid_matrix_features.txt.dvc: Command '['dvc', 'remove', '/opt/***/data/processed/hybrid_matrix_features.txt.dvc']' returned non-zero exit status 1.
[2025-06-04T07:25:40.328+0000] {mlops_movie_dag.py:12} INFO - 🟦 Running command: dvc remove /opt/***/models/user_model.pkl.dvc
[2025-06-04T07:25:40.743+0000] {mlops_movie_dag.py:19} INFO - 🟩 [stdout]:

[2025-06-04T07:25:40.744+0000] {mlops_movie_dag.py:21} WARNING - 🟨 [stderr]:
ERROR: '/opt/***/models/user_model.pkl.dvc' does not exist

[2025-06-04T07:25:40.745+0000] {mlops_movie_dag.py:28} ERROR - ❌ Subprozess-Fehler (exit code 1): dvc remove /opt/***/models/user_model.pkl.dvc
[2025-06-04T07:25:40.745+0000] {mlops_movie_dag.py:31} ERROR - ❌ Subprozess-Ausnahme: Command '['dvc', 'remove', '/opt/***/models/user_model.pkl.dvc']' returned non-zero exit status 1.
[2025-06-04T07:25:40.745+0000] {mlops_movie_dag.py:119} WARNING - Ignoriere Fehler bei dvc remove für /opt/***/models/user_model.pkl.dvc: Command '['dvc', 'remove', '/opt/***/models/user_model.pkl.dvc']' returned non-zero exit status 1.
[2025-06-04T07:25:40.760+0000] {mlops_movie_dag.py:12} INFO - 🟦 Running command: dvc remove /opt/***/data/processed/user_matrix.csv.dvc
[2025-06-04T07:25:41.202+0000] {mlops_movie_dag.py:19} INFO - 🟩 [stdout]:

[2025-06-04T07:25:41.202+0000] {mlops_movie_dag.py:21} WARNING - 🟨 [stderr]:
ERROR: '/opt/***/data/processed/user_matrix.csv.dvc' does not exist

[2025-06-04T07:25:41.203+0000] {mlops_movie_dag.py:28} ERROR - ❌ Subprozess-Fehler (exit code 1): dvc remove /opt/***/data/processed/user_matrix.csv.dvc
[2025-06-04T07:25:41.203+0000] {mlops_movie_dag.py:31} ERROR - ❌ Subprozess-Ausnahme: Command '['dvc', 'remove', '/opt/***/data/processed/user_matrix.csv.dvc']' returned non-zero exit status 1.
[2025-06-04T07:25:41.204+0000] {mlops_movie_dag.py:119} WARNING - Ignoriere Fehler bei dvc remove für /opt/***/data/processed/user_matrix.csv.dvc: Command '['dvc', 'remove', '/opt/***/data/processed/user_matrix.csv.dvc']' returned non-zero exit status 1.
[2025-06-04T07:25:41.212+0000] {mlops_movie_dag.py:12} INFO - 🟦 Running command: dvc remove /opt/***/data/processed/user_matrix_features.txt.dvc
[2025-06-04T07:25:41.689+0000] {mlops_movie_dag.py:19} INFO - 🟩 [stdout]:

[2025-06-04T07:25:41.690+0000] {mlops_movie_dag.py:21} WARNING - 🟨 [stderr]:
ERROR: '/opt/***/data/processed/user_matrix_features.txt.dvc' does not exist

[2025-06-04T07:25:41.690+0000] {mlops_movie_dag.py:28} ERROR - ❌ Subprozess-Fehler (exit code 1): dvc remove /opt/***/data/processed/user_matrix_features.txt.dvc
[2025-06-04T07:25:41.691+0000] {mlops_movie_dag.py:31} ERROR - ❌ Subprozess-Ausnahme: Command '['dvc', 'remove', '/opt/***/data/processed/user_matrix_features.txt.dvc']' returned non-zero exit status 1.
[2025-06-04T07:25:41.692+0000] {mlops_movie_dag.py:119} WARNING - Ignoriere Fehler bei dvc remove für /opt/***/data/processed/user_matrix_features.txt.dvc: Command '['dvc', 'remove', '/opt/***/data/processed/user_matrix_features.txt.dvc']' returned non-zero exit status 1.
[2025-06-04T07:25:41.693+0000] {python.py:201} INFO - Done. Returned value was: None
[2025-06-04T07:25:41.703+0000] {taskinstance.py:1138} INFO - Marking task as SUCCESS. dag_id=movie_recommendation_pipeline, task_id=cleanup_all, execution_date=20250604T072511, start_date=20250604T072538, end_date=20250604T072541
[2025-06-04T07:25:41.746+0000] {local_task_job_runner.py:234} INFO - Task exited with return code 0
[2025-06-04T07:25:41.776+0000] {taskinstance.py:3280} INFO - 3 downstream tasks scheduled from follow-on schedule check
