[2025-06-06T20:51:29.214+0000] {taskinstance.py:1956} INFO - Dependencies all met for dep_context=non-requeueable deps ti=<TaskInstance: deep_models_pipeline.predict_best_model manual__2025-06-06T20:49:49.950126+00:00 [queued]>
[2025-06-06T20:51:29.230+0000] {taskinstance.py:1956} INFO - Dependencies all met for dep_context=requeueable deps ti=<TaskInstance: deep_models_pipeline.predict_best_model manual__2025-06-06T20:49:49.950126+00:00 [queued]>
[2025-06-06T20:51:29.231+0000] {taskinstance.py:2170} INFO - Starting attempt 1 of 3
[2025-06-06T20:51:29.246+0000] {taskinstance.py:2191} INFO - Executing <Task(PythonOperator): predict_best_model> on 2025-06-06 20:49:49.950126+00:00
[2025-06-06T20:51:29.253+0000] {standard_task_runner.py:60} INFO - Started process 1387 to run task
[2025-06-06T20:51:29.255+0000] {standard_task_runner.py:87} INFO - Running: ['***', 'tasks', 'run', 'deep_models_pipeline', 'predict_best_model', 'manual__2025-06-06T20:49:49.950126+00:00', '--job-id', '2280', '--raw', '--subdir', 'DAGS_FOLDER/train_deep_model_dag.py', '--cfg-path', '/tmp/tmp0jehujp1']
[2025-06-06T20:51:29.257+0000] {standard_task_runner.py:88} INFO - Job 2280: Subtask predict_best_model
[2025-06-06T20:51:29.291+0000] {task_command.py:423} INFO - Running <TaskInstance: deep_models_pipeline.predict_best_model manual__2025-06-06T20:49:49.950126+00:00 [running]> on host e69802a76489
[2025-06-06T20:51:29.358+0000] {taskinstance.py:2480} INFO - Exporting env vars: AIRFLOW_CTX_DAG_OWNER='***' AIRFLOW_CTX_DAG_ID='deep_models_pipeline' AIRFLOW_CTX_TASK_ID='predict_best_model' AIRFLOW_CTX_EXECUTION_DATE='2025-06-06T20:49:49.950126+00:00' AIRFLOW_CTX_TRY_NUMBER='1' AIRFLOW_CTX_DAG_RUN_ID='manual__2025-06-06T20:49:49.950126+00:00'
[2025-06-06T20:51:29.359+0000] {train_deep_model_dag.py:13} INFO - 🟦 Running command: python /opt/***/src/models/predict_best_model.py
[2025-06-06T20:51:53.810+0000] {train_deep_model_dag.py:20} INFO - 🟩 [stdout]:
🏃 View run predict_best_model_hybrid_deep at: https://dagshub.com/sacer11/MLOps_movie_rec_apr25.mlflow/#/experiments/11/runs/b80d1cc690e5406cbb4a6c171c1af459
🧪 View experiment at: https://dagshub.com/sacer11/MLOps_movie_rec_apr25.mlflow/#/experiments/11

[2025-06-06T20:51:53.811+0000] {train_deep_model_dag.py:22} WARNING - 🟨 [stderr]:
2025-06-06 20:51:31,196 - INFO - 🚀 Starte Prediction für hybrid_deep_model über MLflow Registry
2025-06-06 20:51:31,196 - INFO - 📦 Lade Modell: models:/hybrid_deep_model@best_model

Downloading artifacts:   0%|          | 0/8 [00:00<?, ?it/s]
Downloading artifacts:  12%|█▎        | 1/8 [00:00<00:00, 11586.48it/s]
Downloading artifacts:  25%|██▌       | 2/8 [00:00<00:02,  2.30it/s]   
Downloading artifacts:  25%|██▌       | 2/8 [00:00<00:02,  2.30it/s]
Downloading artifacts:  38%|███▊      | 3/8 [00:01<00:03,  1.48it/s]
Downloading artifacts:  38%|███▊      | 3/8 [00:01<00:03,  1.48it/s]
Downloading artifacts:  50%|█████     | 4/8 [00:02<00:03,  1.26it/s]
Downloading artifacts:  50%|█████     | 4/8 [00:02<00:03,  1.26it/s]
Downloading artifacts:  62%|██████▎   | 5/8 [00:03<00:02,  1.15it/s]
Downloading artifacts:  62%|██████▎   | 5/8 [00:03<00:02,  1.15it/s]
Downloading artifacts:  75%|███████▌  | 6/8 [00:05<00:01,  1.00it/s]
Downloading artifacts:  75%|███████▌  | 6/8 [00:05<00:01,  1.00it/s]
Downloading artifacts:  88%|████████▊ | 7/8 [00:06<00:01,  1.15s/it]
Downloading artifacts:  88%|████████▊ | 7/8 [00:06<00:01,  1.15s/it]
Downloading artifacts: 100%|██████████| 8/8 [00:06<00:00,  1.14it/s]
Downloading artifacts: 100%|██████████| 8/8 [00:06<00:00,  1.14it/s]
Downloading artifacts: 100%|██████████| 8/8 [00:06<00:00,  1.16it/s]
2025-06-06 20:51:44,173 - INFO - 📥 Embedding geladen: /opt/***/data/processed/hybrid_deep_embedding.csv – Shape: (10381, 40)
2025-06-06 20:51:44,281 - INFO - 💾 Vorhersagen gespeichert unter: /opt/***/data/processed/predictions_hybrid_deep_model.csv
2025-06-06 20:51:53,265 - INFO - ✅ Predictions erfolgreich in MLflow geloggt

[2025-06-06T20:51:53.812+0000] {python.py:201} INFO - Done. Returned value was: None
[2025-06-06T20:51:53.821+0000] {taskinstance.py:1138} INFO - Marking task as SUCCESS. dag_id=deep_models_pipeline, task_id=predict_best_model, execution_date=20250606T204949, start_date=20250606T205129, end_date=20250606T205153
[2025-06-06T20:51:53.858+0000] {local_task_job_runner.py:234} INFO - Task exited with return code 0
[2025-06-06T20:51:53.873+0000] {taskinstance.py:3280} INFO - 0 downstream tasks scheduled from follow-on schedule check
