[2025-06-02T08:01:24.457+0000] {taskinstance.py:1956} INFO - Dependencies all met for dep_context=non-requeueable deps ti=<TaskInstance: movie_recommendation_pipeline.train_hybrid_model manual__2025-06-02T07:55:50.533186+00:00 [queued]>
[2025-06-02T08:01:24.467+0000] {taskinstance.py:1956} INFO - Dependencies all met for dep_context=requeueable deps ti=<TaskInstance: movie_recommendation_pipeline.train_hybrid_model manual__2025-06-02T07:55:50.533186+00:00 [queued]>
[2025-06-02T08:01:24.467+0000] {taskinstance.py:2170} INFO - Starting attempt 1 of 3
[2025-06-02T08:01:24.479+0000] {taskinstance.py:2191} INFO - Executing <Task(PythonOperator): train_hybrid_model> on 2025-06-02 07:55:50.533186+00:00
[2025-06-02T08:01:24.486+0000] {standard_task_runner.py:60} INFO - Started process 573 to run task
[2025-06-02T08:01:24.488+0000] {standard_task_runner.py:87} INFO - Running: ['***', 'tasks', 'run', 'movie_recommendation_pipeline', 'train_hybrid_model', 'manual__2025-06-02T07:55:50.533186+00:00', '--job-id', '1589', '--raw', '--subdir', 'DAGS_FOLDER/mlops_movie_dag.py', '--cfg-path', '/tmp/tmpxpnq8vfo']
[2025-06-02T08:01:24.489+0000] {standard_task_runner.py:88} INFO - Job 1589: Subtask train_hybrid_model
[2025-06-02T08:01:24.527+0000] {task_command.py:423} INFO - Running <TaskInstance: movie_recommendation_pipeline.train_hybrid_model manual__2025-06-02T07:55:50.533186+00:00 [running]> on host db2b0a85f52a
[2025-06-02T08:01:24.607+0000] {taskinstance.py:2480} INFO - Exporting env vars: AIRFLOW_CTX_DAG_OWNER='***' AIRFLOW_CTX_DAG_ID='movie_recommendation_pipeline' AIRFLOW_CTX_TASK_ID='train_hybrid_model' AIRFLOW_CTX_EXECUTION_DATE='2025-06-02T07:55:50.533186+00:00' AIRFLOW_CTX_TRY_NUMBER='1' AIRFLOW_CTX_DAG_RUN_ID='manual__2025-06-02T07:55:50.533186+00:00'
[2025-06-02T08:01:24.608+0000] {mlops_movie_dag.py:12} INFO - 🟦 Running command: python /opt/***/src/models/train_hybrid_model.py --n_neighbors=10 --tfidf_features=300
[2025-06-02T08:04:00.687+0000] {mlops_movie_dag.py:19} INFO - 🟩 [stdout]:
🏃 View run train_hybrid_model at: https://dagshub.com/sacer11/MLOps_movie_rec_apr25.mlflow/#/experiments/4/runs/c3163bfef1274da096cef3820d0f01df
🧪 View experiment at: https://dagshub.com/sacer11/MLOps_movie_rec_apr25.mlflow/#/experiments/4

[2025-06-02T08:04:00.689+0000] {mlops_movie_dag.py:21} WARNING - 🟨 [stderr]:
2025-06-02 08:01:27,379 - __main__ - INFO - 🚀 Starte Hybrid-Modelltraining
2025-06-02 08:01:32,811 - __main__ - INFO - 📥 Rohdaten erfolgreich geladen
2025-06-02 08:01:35,554 - __main__ - INFO - 📐 Hybrid-Matrix erstellt mit Shape: (10381, 1429), Feature-Namen: 1429
2025-06-02 08:01:35,574 - __main__ - INFO - 🤖 KNN-Modell trainiert
2025-06-02 08:01:47,459 - __main__ - INFO - ✅ Feature-Schema gespeichert unter /opt/***/data/processed/hybrid_matrix_features.txt
2025/06/02 08:02:00 INFO mlflow.pyfunc: Validating input example against model signature

Downloading artifacts:   0%|          | 0/1 [00:00<?, ?it/s]
Downloading artifacts: 100%|██████████| 1/1 [00:01<00:00,  1.00s/it]
Downloading artifacts: 100%|██████████| 1/1 [00:01<00:00,  1.00s/it]
Downloading artifacts: 100%|██████████| 1/1 [00:01<00:00,  1.00s/it]
Registered model 'movie_model' already exists. Creating a new version of this model...
2025/06/02 08:03:02 INFO mlflow.store.model_registry.abstract_store: Waiting up to 300 seconds for model version to finish creation. Model name: movie_model, version 102
Created version '102' of model 'movie_model'.
2025-06-02 08:04:00,147 - __main__ - INFO - ✅ Modell & Matrix erfolgreich gespeichert und in MLflow geloggt

[2025-06-02T08:04:00.691+0000] {python.py:201} INFO - Done. Returned value was: None
[2025-06-02T08:04:00.706+0000] {taskinstance.py:1138} INFO - Marking task as SUCCESS. dag_id=movie_recommendation_pipeline, task_id=train_hybrid_model, execution_date=20250602T075550, start_date=20250602T080124, end_date=20250602T080400
[2025-06-02T08:04:00.762+0000] {local_task_job_runner.py:234} INFO - Task exited with return code 0
[2025-06-02T08:04:00.784+0000] {taskinstance.py:3280} INFO - 0 downstream tasks scheduled from follow-on schedule check
