[2025-06-01T23:44:38.888+0000] {taskinstance.py:1956} INFO - Dependencies all met for dep_context=non-requeueable deps ti=<TaskInstance: movie_recommendation_pipeline.train_hybrid_model manual__2025-06-01T23:44:14.374363+00:00 [queued]>
[2025-06-01T23:44:38.895+0000] {taskinstance.py:1956} INFO - Dependencies all met for dep_context=requeueable deps ti=<TaskInstance: movie_recommendation_pipeline.train_hybrid_model manual__2025-06-01T23:44:14.374363+00:00 [queued]>
[2025-06-01T23:44:38.895+0000] {taskinstance.py:2170} INFO - Starting attempt 1 of 3
[2025-06-01T23:44:38.905+0000] {taskinstance.py:2191} INFO - Executing <Task(PythonOperator): train_hybrid_model> on 2025-06-01 23:44:14.374363+00:00
[2025-06-01T23:44:38.911+0000] {standard_task_runner.py:60} INFO - Started process 305 to run task
[2025-06-01T23:44:38.913+0000] {standard_task_runner.py:87} INFO - Running: ['***', 'tasks', 'run', 'movie_recommendation_pipeline', 'train_hybrid_model', 'manual__2025-06-01T23:44:14.374363+00:00', '--job-id', '1320', '--raw', '--subdir', 'DAGS_FOLDER/mlops_movie_dag.py', '--cfg-path', '/tmp/tmpfvv89ncy']
[2025-06-01T23:44:38.914+0000] {standard_task_runner.py:88} INFO - Job 1320: Subtask train_hybrid_model
[2025-06-01T23:44:38.947+0000] {task_command.py:423} INFO - Running <TaskInstance: movie_recommendation_pipeline.train_hybrid_model manual__2025-06-01T23:44:14.374363+00:00 [running]> on host 54bab892aaa8
[2025-06-01T23:44:39.007+0000] {taskinstance.py:2480} INFO - Exporting env vars: AIRFLOW_CTX_DAG_OWNER='***' AIRFLOW_CTX_DAG_ID='movie_recommendation_pipeline' AIRFLOW_CTX_TASK_ID='train_hybrid_model' AIRFLOW_CTX_EXECUTION_DATE='2025-06-01T23:44:14.374363+00:00' AIRFLOW_CTX_TRY_NUMBER='1' AIRFLOW_CTX_DAG_RUN_ID='manual__2025-06-01T23:44:14.374363+00:00'
[2025-06-01T23:44:39.009+0000] {mlops_movie_dag.py:12} INFO - 🟦 Running command: python /opt/***/src/models/train_hybrid_model.py
[2025-06-01T23:47:12.943+0000] {mlops_movie_dag.py:18} INFO - 🟩 [stdout]:
🚀 Starte Hybrid-Modelltraining
📥 Rohdaten erfolgreich geladen
📐 Hybrid-Matrix erstellt mit Shape: (10381, 1428), Feature-Namen: 1428
🤖 KNN-Modell trainiert
✅ Feature-Schema gespeichert unter /opt/***/data/processed/hybrid_matrix_features.txt
🏃 View run train_hybrid_model at: https://dagshub.com/sacer11/MLOps_movie_rec_apr25.mlflow/#/experiments/4/runs/bae3a3d03b084fe7bac51ef5f52da549
🧪 View experiment at: https://dagshub.com/sacer11/MLOps_movie_rec_apr25.mlflow/#/experiments/4
✅ Modell & Matrix erfolgreich gespeichert und in MLflow geloggt

[2025-06-01T23:47:12.944+0000] {mlops_movie_dag.py:20} WARNING - 🟨 [stderr]:
2025/06/01 23:45:13 INFO mlflow.pyfunc: Validating input example against model signature

Downloading artifacts:   0%|          | 0/1 [00:00<?, ?it/s]
Downloading artifacts: 100%|██████████| 1/1 [00:01<00:00,  1.10s/it]
Downloading artifacts: 100%|██████████| 1/1 [00:01<00:00,  1.10s/it]
Downloading artifacts: 100%|██████████| 1/1 [00:01<00:00,  1.10s/it]

[2025-06-01T23:47:12.945+0000] {python.py:201} INFO - Done. Returned value was: None
[2025-06-01T23:47:12.955+0000] {taskinstance.py:1138} INFO - Marking task as SUCCESS. dag_id=movie_recommendation_pipeline, task_id=train_hybrid_model, execution_date=20250601T234414, start_date=20250601T234438, end_date=20250601T234712
[2025-06-01T23:47:12.996+0000] {local_task_job_runner.py:234} INFO - Task exited with return code 0
[2025-06-01T23:47:13.014+0000] {taskinstance.py:3280} INFO - 0 downstream tasks scheduled from follow-on schedule check
