[2025-06-04T07:31:05.155+0000] {taskinstance.py:1956} INFO - Dependencies all met for dep_context=non-requeueable deps ti=<TaskInstance: movie_recommendation_pipeline.dvc_pull_all manual__2025-06-04T07:25:11.152002+00:00 [queued]>
[2025-06-04T07:31:05.162+0000] {taskinstance.py:1956} INFO - Dependencies all met for dep_context=requeueable deps ti=<TaskInstance: movie_recommendation_pipeline.dvc_pull_all manual__2025-06-04T07:25:11.152002+00:00 [queued]>
[2025-06-04T07:31:05.162+0000] {taskinstance.py:2170} INFO - Starting attempt 1 of 3
[2025-06-04T07:31:05.170+0000] {taskinstance.py:2191} INFO - Executing <Task(PythonOperator): dvc_pull_all> on 2025-06-04 07:25:11.152002+00:00
[2025-06-04T07:31:05.176+0000] {standard_task_runner.py:60} INFO - Started process 3176 to run task
[2025-06-04T07:31:05.178+0000] {standard_task_runner.py:87} INFO - Running: ['***', 'tasks', 'run', 'movie_recommendation_pipeline', 'dvc_pull_all', 'manual__2025-06-04T07:25:11.152002+00:00', '--job-id', '1836', '--raw', '--subdir', 'DAGS_FOLDER/mlops_movie_dag.py', '--cfg-path', '/tmp/tmp1pfhwwff']
[2025-06-04T07:31:05.180+0000] {standard_task_runner.py:88} INFO - Job 1836: Subtask dvc_pull_all
[2025-06-04T07:31:05.211+0000] {task_command.py:423} INFO - Running <TaskInstance: movie_recommendation_pipeline.dvc_pull_all manual__2025-06-04T07:25:11.152002+00:00 [running]> on host e71253cfdb88
[2025-06-04T07:31:05.267+0000] {taskinstance.py:2480} INFO - Exporting env vars: AIRFLOW_CTX_DAG_OWNER='***' AIRFLOW_CTX_DAG_ID='movie_recommendation_pipeline' AIRFLOW_CTX_TASK_ID='dvc_pull_all' AIRFLOW_CTX_EXECUTION_DATE='2025-06-04T07:25:11.152002+00:00' AIRFLOW_CTX_TRY_NUMBER='1' AIRFLOW_CTX_DAG_RUN_ID='manual__2025-06-04T07:25:11.152002+00:00'
[2025-06-04T07:31:05.268+0000] {mlops_movie_dag.py:12} INFO - 游릱 Running command: dvc pull /opt/***/models/hybrid_model.pkl
[2025-06-04T07:31:17.652+0000] {mlops_movie_dag.py:19} INFO - 游릴 [stdout]:
Everything is up to date.

[2025-06-04T07:31:17.653+0000] {mlops_movie_dag.py:12} INFO - 游릱 Running command: dvc pull /opt/***/data/processed/hybrid_matrix.csv
[2025-06-04T07:31:30.057+0000] {mlops_movie_dag.py:19} INFO - 游릴 [stdout]:
Everything is up to date.

[2025-06-04T07:31:30.058+0000] {mlops_movie_dag.py:12} INFO - 游릱 Running command: dvc pull /opt/***/data/processed/hybrid_matrix_features.txt
[2025-06-04T07:31:42.155+0000] {mlops_movie_dag.py:19} INFO - 游릴 [stdout]:
Everything is up to date.

[2025-06-04T07:31:42.156+0000] {mlops_movie_dag.py:12} INFO - 游릱 Running command: dvc pull /opt/***/models/user_model.pkl
[2025-06-04T07:31:54.588+0000] {mlops_movie_dag.py:19} INFO - 游릴 [stdout]:
Everything is up to date.

[2025-06-04T07:31:54.589+0000] {mlops_movie_dag.py:12} INFO - 游릱 Running command: dvc pull /opt/***/data/processed/user_matrix.csv
[2025-06-04T07:32:06.935+0000] {mlops_movie_dag.py:19} INFO - 游릴 [stdout]:
Everything is up to date.

[2025-06-04T07:32:06.935+0000] {mlops_movie_dag.py:12} INFO - 游릱 Running command: dvc pull /opt/***/data/processed/user_matrix_features.txt
[2025-06-04T07:32:19.097+0000] {mlops_movie_dag.py:19} INFO - 游릴 [stdout]:
Everything is up to date.

[2025-06-04T07:32:19.098+0000] {python.py:201} INFO - Done. Returned value was: None
[2025-06-04T07:32:19.107+0000] {taskinstance.py:1138} INFO - Marking task as SUCCESS. dag_id=movie_recommendation_pipeline, task_id=dvc_pull_all, execution_date=20250604T072511, start_date=20250604T073105, end_date=20250604T073219
[2025-06-04T07:32:19.143+0000] {local_task_job_runner.py:234} INFO - Task exited with return code 0
[2025-06-04T07:32:19.163+0000] {taskinstance.py:3280} INFO - 1 downstream tasks scheduled from follow-on schedule check
