[2025-06-04T05:02:49.776+0000] {taskinstance.py:1956} INFO - Dependencies all met for dep_context=non-requeueable deps ti=<TaskInstance: movie_recommendation_pipeline.dvc_pull_all manual__2025-06-04T04:56:49.379738+00:00 [queued]>
[2025-06-04T05:02:49.784+0000] {taskinstance.py:1956} INFO - Dependencies all met for dep_context=requeueable deps ti=<TaskInstance: movie_recommendation_pipeline.dvc_pull_all manual__2025-06-04T04:56:49.379738+00:00 [queued]>
[2025-06-04T05:02:49.785+0000] {taskinstance.py:2170} INFO - Starting attempt 1 of 3
[2025-06-04T05:02:49.795+0000] {taskinstance.py:2191} INFO - Executing <Task(PythonOperator): dvc_pull_all> on 2025-06-04 04:56:49.379738+00:00
[2025-06-04T05:02:49.801+0000] {standard_task_runner.py:60} INFO - Started process 2136 to run task
[2025-06-04T05:02:49.802+0000] {standard_task_runner.py:87} INFO - Running: ['***', 'tasks', 'run', 'movie_recommendation_pipeline', 'dvc_pull_all', 'manual__2025-06-04T04:56:49.379738+00:00', '--job-id', '1768', '--raw', '--subdir', 'DAGS_FOLDER/mlops_movie_dag.py', '--cfg-path', '/tmp/tmpg3ro8sav']
[2025-06-04T05:02:49.804+0000] {standard_task_runner.py:88} INFO - Job 1768: Subtask dvc_pull_all
[2025-06-04T05:02:49.836+0000] {task_command.py:423} INFO - Running <TaskInstance: movie_recommendation_pipeline.dvc_pull_all manual__2025-06-04T04:56:49.379738+00:00 [running]> on host 2271837a197c
[2025-06-04T05:02:49.893+0000] {taskinstance.py:2480} INFO - Exporting env vars: AIRFLOW_CTX_DAG_OWNER='***' AIRFLOW_CTX_DAG_ID='movie_recommendation_pipeline' AIRFLOW_CTX_TASK_ID='dvc_pull_all' AIRFLOW_CTX_EXECUTION_DATE='2025-06-04T04:56:49.379738+00:00' AIRFLOW_CTX_TRY_NUMBER='1' AIRFLOW_CTX_DAG_RUN_ID='manual__2025-06-04T04:56:49.379738+00:00'
[2025-06-04T05:02:49.894+0000] {mlops_movie_dag.py:12} INFO - 游릱 Running command: dvc pull /opt/***/models/hybrid_model.pkl
[2025-06-04T05:03:01.764+0000] {mlops_movie_dag.py:19} INFO - 游릴 [stdout]:
Everything is up to date.

[2025-06-04T05:03:01.764+0000] {mlops_movie_dag.py:12} INFO - 游릱 Running command: dvc pull /opt/***/data/processed/hybrid_matrix.csv
[2025-06-04T05:03:13.472+0000] {mlops_movie_dag.py:19} INFO - 游릴 [stdout]:
Everything is up to date.

[2025-06-04T05:03:13.473+0000] {mlops_movie_dag.py:12} INFO - 游릱 Running command: dvc pull /opt/***/data/processed/hybrid_matrix_features.txt
[2025-06-04T05:03:25.338+0000] {mlops_movie_dag.py:19} INFO - 游릴 [stdout]:
Everything is up to date.

[2025-06-04T05:03:25.339+0000] {mlops_movie_dag.py:12} INFO - 游릱 Running command: dvc pull /opt/***/models/user_model.pkl
[2025-06-04T05:03:36.877+0000] {mlops_movie_dag.py:19} INFO - 游릴 [stdout]:
Everything is up to date.

[2025-06-04T05:03:36.878+0000] {mlops_movie_dag.py:12} INFO - 游릱 Running command: dvc pull /opt/***/data/processed/user_matrix.csv
[2025-06-04T05:03:48.157+0000] {mlops_movie_dag.py:19} INFO - 游릴 [stdout]:
Everything is up to date.

[2025-06-04T05:03:48.158+0000] {mlops_movie_dag.py:12} INFO - 游릱 Running command: dvc pull /opt/***/data/processed/user_matrix_features.txt
[2025-06-04T05:03:59.904+0000] {mlops_movie_dag.py:19} INFO - 游릴 [stdout]:
Everything is up to date.

[2025-06-04T05:03:59.904+0000] {python.py:201} INFO - Done. Returned value was: None
[2025-06-04T05:03:59.914+0000] {taskinstance.py:1138} INFO - Marking task as SUCCESS. dag_id=movie_recommendation_pipeline, task_id=dvc_pull_all, execution_date=20250604T045649, start_date=20250604T050249, end_date=20250604T050359
[2025-06-04T05:03:59.930+0000] {local_task_job_runner.py:234} INFO - Task exited with return code 0
[2025-06-04T05:03:59.948+0000] {taskinstance.py:3280} INFO - 2 downstream tasks scheduled from follow-on schedule check
