[2025-06-04T05:27:28.267+0000] {taskinstance.py:1956} INFO - Dependencies all met for dep_context=non-requeueable deps ti=<TaskInstance: movie_recommendation_pipeline.train_hybrid_model manual__2025-06-04T05:26:59.474168+00:00 [queued]>
[2025-06-04T05:27:28.274+0000] {taskinstance.py:1956} INFO - Dependencies all met for dep_context=requeueable deps ti=<TaskInstance: movie_recommendation_pipeline.train_hybrid_model manual__2025-06-04T05:26:59.474168+00:00 [queued]>
[2025-06-04T05:27:28.275+0000] {taskinstance.py:2170} INFO - Starting attempt 1 of 3
[2025-06-04T05:27:28.286+0000] {taskinstance.py:2191} INFO - Executing <Task(PythonOperator): train_hybrid_model> on 2025-06-04 05:26:59.474168+00:00
[2025-06-04T05:27:28.292+0000] {standard_task_runner.py:60} INFO - Started process 445 to run task
[2025-06-04T05:27:28.295+0000] {standard_task_runner.py:87} INFO - Running: ['***', 'tasks', 'run', 'movie_recommendation_pipeline', 'train_hybrid_model', 'manual__2025-06-04T05:26:59.474168+00:00', '--job-id', '1782', '--raw', '--subdir', 'DAGS_FOLDER/mlops_movie_dag.py', '--cfg-path', '/tmp/tmpcyrjyusb']
[2025-06-04T05:27:28.296+0000] {standard_task_runner.py:88} INFO - Job 1782: Subtask train_hybrid_model
[2025-06-04T05:27:28.332+0000] {task_command.py:423} INFO - Running <TaskInstance: movie_recommendation_pipeline.train_hybrid_model manual__2025-06-04T05:26:59.474168+00:00 [running]> on host e2c85b369801
[2025-06-04T05:27:28.399+0000] {taskinstance.py:2480} INFO - Exporting env vars: AIRFLOW_CTX_DAG_OWNER='***' AIRFLOW_CTX_DAG_ID='movie_recommendation_pipeline' AIRFLOW_CTX_TASK_ID='train_hybrid_model' AIRFLOW_CTX_EXECUTION_DATE='2025-06-04T05:26:59.474168+00:00' AIRFLOW_CTX_TRY_NUMBER='1' AIRFLOW_CTX_DAG_RUN_ID='manual__2025-06-04T05:26:59.474168+00:00'
[2025-06-04T05:27:28.400+0000] {mlops_movie_dag.py:12} INFO - 🟦 Running command: python /opt/***/src/models/train_hybrid_model.py --n_neighbors=10 --tfidf_features=300
[2025-06-04T05:29:56.909+0000] {mlops_movie_dag.py:19} INFO - 🟩 [stdout]:
🏃 View run train_hybrid_model at: https://dagshub.com/sacer11/MLOps_movie_rec_apr25.mlflow/#/experiments/9/runs/cc4c3732b72b40dda2ae4a2a566c197b
🧪 View experiment at: https://dagshub.com/sacer11/MLOps_movie_rec_apr25.mlflow/#/experiments/9

[2025-06-04T05:29:56.910+0000] {mlops_movie_dag.py:21} WARNING - 🟨 [stderr]:
2025-06-04 05:27:30,948 - __main__ - INFO - 🚀 Starte Hybrid-Modelltraining
2025-06-04 05:27:35,930 - __main__ - INFO - 📥 Rohdaten erfolgreich geladen
2025-06-04 05:27:38,404 - __main__ - INFO - 📐 Hybrid-Matrix erstellt mit Shape: (10381, 1429), Feature-Namen: 1429
2025-06-04 05:27:38,431 - __main__ - INFO - 🤖 KNN-Modell trainiert
2025-06-04 05:27:49,667 - __main__ - INFO - ✅ Feature-Schema gespeichert unter /opt/***/data/processed/hybrid_matrix_features.txt
2025/06/04 05:28:01 INFO mlflow.pyfunc: Validating input example against model signature

Downloading artifacts:   0%|          | 0/1 [00:00<?, ?it/s]
Downloading artifacts: 100%|██████████| 1/1 [00:01<00:00,  1.10s/it]
Downloading artifacts: 100%|██████████| 1/1 [00:01<00:00,  1.10s/it]
Downloading artifacts: 100%|██████████| 1/1 [00:01<00:00,  1.10s/it]
Registered model 'hybrid_model' already exists. Creating a new version of this model...
2025/06/04 05:29:01 INFO mlflow.store.model_registry.abstract_store: Waiting up to 300 seconds for model version to finish creation. Model name: hybrid_model, version 2
Created version '2' of model 'hybrid_model'.
2025-06-04 05:29:56,064 - __main__ - WARNING - ⚠️ Konnte Modellversion für Tagging nicht bestimmen.
2025-06-04 05:29:56,433 - __main__ - INFO - ✅ Modell & Matrix erfolgreich gespeichert und in MLflow geloggt

[2025-06-04T05:29:56.910+0000] {python.py:201} INFO - Done. Returned value was: None
[2025-06-04T05:29:56.919+0000] {taskinstance.py:1138} INFO - Marking task as SUCCESS. dag_id=movie_recommendation_pipeline, task_id=train_hybrid_model, execution_date=20250604T052659, start_date=20250604T052728, end_date=20250604T052956
[2025-06-04T05:29:57.045+0000] {local_task_job_runner.py:234} INFO - Task exited with return code 0
[2025-06-04T05:29:57.067+0000] {taskinstance.py:3280} INFO - 0 downstream tasks scheduled from follow-on schedule check
