[2025-06-05T21:16:00.934+0000] {taskinstance.py:1956} INFO - Dependencies all met for dep_context=non-requeueable deps ti=<TaskInstance: deep_models_pipeline.train_deep_hybrid_model manual__2025-06-05T21:15:55.562459+00:00 [queued]>
[2025-06-05T21:16:00.942+0000] {taskinstance.py:1956} INFO - Dependencies all met for dep_context=requeueable deps ti=<TaskInstance: deep_models_pipeline.train_deep_hybrid_model manual__2025-06-05T21:15:55.562459+00:00 [queued]>
[2025-06-05T21:16:00.943+0000] {taskinstance.py:2170} INFO - Starting attempt 1 of 3
[2025-06-05T21:16:00.953+0000] {taskinstance.py:2191} INFO - Executing <Task(PythonOperator): train_deep_hybrid_model> on 2025-06-05 21:15:55.562459+00:00
[2025-06-05T21:16:00.960+0000] {standard_task_runner.py:60} INFO - Started process 4257 to run task
[2025-06-05T21:16:00.962+0000] {standard_task_runner.py:87} INFO - Running: ['***', 'tasks', 'run', 'deep_models_pipeline', 'train_deep_hybrid_model', 'manual__2025-06-05T21:15:55.562459+00:00', '--job-id', '2021', '--raw', '--subdir', 'DAGS_FOLDER/train_deep_model_dag.py', '--cfg-path', '/tmp/tmpgfzhkx35']
[2025-06-05T21:16:00.963+0000] {standard_task_runner.py:88} INFO - Job 2021: Subtask train_deep_hybrid_model
[2025-06-05T21:16:00.997+0000] {task_command.py:423} INFO - Running <TaskInstance: deep_models_pipeline.train_deep_hybrid_model manual__2025-06-05T21:15:55.562459+00:00 [running]> on host 3f2696f940ac
[2025-06-05T21:16:01.057+0000] {taskinstance.py:2480} INFO - Exporting env vars: AIRFLOW_CTX_DAG_OWNER='***' AIRFLOW_CTX_DAG_ID='deep_models_pipeline' AIRFLOW_CTX_TASK_ID='train_deep_hybrid_model' AIRFLOW_CTX_EXECUTION_DATE='2025-06-05T21:15:55.562459+00:00' AIRFLOW_CTX_TRY_NUMBER='1' AIRFLOW_CTX_DAG_RUN_ID='manual__2025-06-05T21:15:55.562459+00:00'
[2025-06-05T21:16:01.058+0000] {train_deep_model_dag.py:13} INFO - 🟦 Running command: python /opt/***/src/models/train_hybrid_deep_model.py --n_neighbors=10 --latent_dim=32
[2025-06-05T21:16:47.356+0000] {train_deep_model_dag.py:20} INFO - 🟩 [stdout]:
🏃 View run train_hybrid_deep_model at: https://dagshub.com/sacer11/MLOps_movie_rec_apr25.mlflow/#/experiments/7/runs/ff5ee315326a4c58a8b79a759c77c984
🧪 View experiment at: https://dagshub.com/sacer11/MLOps_movie_rec_apr25.mlflow/#/experiments/7

[2025-06-05T21:16:47.358+0000] {train_deep_model_dag.py:22} WARNING - 🟨 [stderr]:
/home/***/.local/lib/python3.10/site-packages/mlflow/pyfunc/utils/data_validation.py:186: UserWarning: [33mAdd type hints to the `predict` method to enable data validation and automatic signature inference during model logging. Check https://mlflow.org/docs/latest/model/python_model.html#type-hint-usage-in-pythonmodel for more details.[0m
  color_warning(
2025-06-05 21:16:10,330 - __main__ - INFO - Epoch 1/30: Loss = 0.0121
2025-06-05 21:16:10,757 - __main__ - INFO - Epoch 2/30: Loss = 0.0070
2025-06-05 21:16:11,165 - __main__ - INFO - Epoch 3/30: Loss = 0.0061
2025-06-05 21:16:11,513 - __main__ - INFO - Epoch 4/30: Loss = 0.0057
2025-06-05 21:16:11,908 - __main__ - INFO - Epoch 5/30: Loss = 0.0054
2025-06-05 21:16:12,288 - __main__ - INFO - Epoch 6/30: Loss = 0.0052
2025-06-05 21:16:12,681 - __main__ - INFO - Epoch 7/30: Loss = 0.0051
2025-06-05 21:16:13,073 - __main__ - INFO - Epoch 8/30: Loss = 0.0050
2025-06-05 21:16:13,484 - __main__ - INFO - Epoch 9/30: Loss = 0.0049
2025-06-05 21:16:13,894 - __main__ - INFO - Epoch 10/30: Loss = 0.0048
2025-06-05 21:16:14,366 - __main__ - INFO - Epoch 11/30: Loss = 0.0048
2025-06-05 21:16:14,807 - __main__ - INFO - Epoch 12/30: Loss = 0.0047
2025-06-05 21:16:15,229 - __main__ - INFO - Epoch 13/30: Loss = 0.0047
2025-06-05 21:16:15,638 - __main__ - INFO - Epoch 14/30: Loss = 0.0046
2025-06-05 21:16:16,049 - __main__ - INFO - Epoch 15/30: Loss = 0.0046
2025-06-05 21:16:16,461 - __main__ - INFO - Epoch 16/30: Loss = 0.0046
2025-06-05 21:16:16,825 - __main__ - INFO - Epoch 17/30: Loss = 0.0046
2025-06-05 21:16:17,180 - __main__ - INFO - Epoch 18/30: Loss = 0.0045
2025-06-05 21:16:17,518 - __main__ - INFO - Epoch 19/30: Loss = 0.0045
2025-06-05 21:16:17,882 - __main__ - INFO - Epoch 20/30: Loss = 0.0045
2025-06-05 21:16:18,235 - __main__ - INFO - Epoch 21/30: Loss = 0.0045
2025-06-05 21:16:18,631 - __main__ - INFO - Epoch 22/30: Loss = 0.0045
2025-06-05 21:16:18,967 - __main__ - INFO - Epoch 23/30: Loss = 0.0044
2025-06-05 21:16:19,300 - __main__ - INFO - Epoch 24/30: Loss = 0.0044
2025-06-05 21:16:19,643 - __main__ - INFO - Epoch 25/30: Loss = 0.0044
2025-06-05 21:16:20,008 - __main__ - INFO - Epoch 26/30: Loss = 0.0044
2025-06-05 21:16:20,345 - __main__ - INFO - Epoch 27/30: Loss = 0.0044
2025-06-05 21:16:20,720 - __main__ - INFO - Epoch 28/30: Loss = 0.0044
2025-06-05 21:16:21,051 - __main__ - INFO - Epoch 29/30: Loss = 0.0044
2025-06-05 21:16:21,394 - __main__ - INFO - Epoch 30/30: Loss = 0.0043
2025-06-05 21:16:21,648 - __main__ - INFO - ✅ Hybrid-Embeddings gespeichert unter /opt/***/data/processed/hybrid_deep_embedding.csv
2025-06-05 21:16:21,660 - __main__ - INFO - ✅ Deep KNN Modell gespeichert unter /opt/***/models/hybrid_deep_knn.pkl
2025-06-05 21:16:21,663 - __main__ - INFO - ✅ Parameter als JSON gespeichert: /opt/***/models/hybrid_deep_model_params.json
2025/06/05 21:16:26 INFO mlflow.pyfunc: Validating input example against model signature

Downloading artifacts:   0%|          | 0/1 [00:00<?, ?it/s]
Downloading artifacts: 100%|██████████| 1/1 [00:00<00:00, 87.89it/s]
Downloading artifacts: 100%|██████████| 1/1 [00:00<00:00, 86.68it/s]
Registered model 'hybrid_deep_model' already exists. Creating a new version of this model...
2025/06/05 21:16:36 INFO mlflow.store.model_registry.abstract_store: Waiting up to 300 seconds for model version to finish creation. Model name: hybrid_deep_model, version 10
Created version '10' of model 'hybrid_deep_model'.
2025-06-05 21:16:43,959 - __main__ - INFO - 📝 Tags für Modellversion 10 gesetzt: n_neighbors=10, latent_dim=32
2025-06-05 21:16:45,972 - __main__ - INFO - 🏁 Deep Hybrid-Model Training abgeschlossen und geloggt.

[2025-06-05T21:16:47.359+0000] {python.py:201} INFO - Done. Returned value was: None
[2025-06-05T21:16:47.370+0000] {taskinstance.py:1138} INFO - Marking task as SUCCESS. dag_id=deep_models_pipeline, task_id=train_deep_hybrid_model, execution_date=20250605T211555, start_date=20250605T211600, end_date=20250605T211647
[2025-06-05T21:16:47.420+0000] {local_task_job_runner.py:234} INFO - Task exited with return code 0
[2025-06-05T21:16:47.447+0000] {taskinstance.py:3280} INFO - 0 downstream tasks scheduled from follow-on schedule check
