[2025-06-09T00:21:42.914+0000] {taskinstance.py:1956} INFO - Dependencies all met for dep_context=non-requeueable deps ti=<TaskInstance: deep_models_pipeline.train_deep_hybrid_model manual__2025-06-09T00:21:38.655079+00:00 [queued]>
[2025-06-09T00:21:42.920+0000] {taskinstance.py:1956} INFO - Dependencies all met for dep_context=requeueable deps ti=<TaskInstance: deep_models_pipeline.train_deep_hybrid_model manual__2025-06-09T00:21:38.655079+00:00 [queued]>
[2025-06-09T00:21:42.920+0000] {taskinstance.py:2170} INFO - Starting attempt 1 of 3
[2025-06-09T00:21:42.929+0000] {taskinstance.py:2191} INFO - Executing <Task(PythonOperator): train_deep_hybrid_model> on 2025-06-09 00:21:38.655079+00:00
[2025-06-09T00:21:42.934+0000] {standard_task_runner.py:60} INFO - Started process 315 to run task
[2025-06-09T00:21:42.936+0000] {standard_task_runner.py:87} INFO - Running: ['***', 'tasks', 'run', 'deep_models_pipeline', 'train_deep_hybrid_model', 'manual__2025-06-09T00:21:38.655079+00:00', '--job-id', '3642', '--raw', '--subdir', 'DAGS_FOLDER/train_deep_model_dag.py', '--cfg-path', '/tmp/tmp2yavtg4d']
[2025-06-09T00:21:42.938+0000] {standard_task_runner.py:88} INFO - Job 3642: Subtask train_deep_hybrid_model
[2025-06-09T00:21:42.966+0000] {task_command.py:423} INFO - Running <TaskInstance: deep_models_pipeline.train_deep_hybrid_model manual__2025-06-09T00:21:38.655079+00:00 [running]> on host 515eee4ca7b5
[2025-06-09T00:21:43.021+0000] {taskinstance.py:2480} INFO - Exporting env vars: AIRFLOW_CTX_DAG_OWNER='***' AIRFLOW_CTX_DAG_ID='deep_models_pipeline' AIRFLOW_CTX_TASK_ID='train_deep_hybrid_model' AIRFLOW_CTX_EXECUTION_DATE='2025-06-09T00:21:38.655079+00:00' AIRFLOW_CTX_TRY_NUMBER='1' AIRFLOW_CTX_DAG_RUN_ID='manual__2025-06-09T00:21:38.655079+00:00'
[2025-06-09T00:21:43.022+0000] {train_deep_model_dag.py:13} INFO - 🟦 Running command: python /opt/***/src/models/train_hybrid_deep_model.py --n_neighbors=10 --latent_dim=64 --epochs=30 --tfidf_features=300
[2025-06-09T00:22:42.051+0000] {train_deep_model_dag.py:20} INFO - 🟩 [stdout]:
🏃 View run train_hybrid_deep_model at: https://dagshub.com/sacer11/MLOps_movie_rec_apr25.mlflow/#/experiments/10/runs/90bb9c09155843c3a6e1cfaf161ec705
🧪 View experiment at: https://dagshub.com/sacer11/MLOps_movie_rec_apr25.mlflow/#/experiments/10

[2025-06-09T00:22:42.052+0000] {train_deep_model_dag.py:22} WARNING - 🟨 [stderr]:
2025-06-09 00:21:47,518 - __main__ - INFO - 📥 Lade Rohdaten und baue Hybrid-Feature-Matrix ...
2025-06-09 00:21:52,404 - __main__ - INFO - 📐 Hybrid-Matrix erstellt mit Shape: (10381, 1429), Feature-Namen: 1429
2025-06-09 00:22:02,011 - __main__ - INFO - 💾 Hybrid-Matrix gespeichert unter /opt/***/data/processed/hybrid_matrix.csv
2025-06-09 00:22:02,103 - __main__ - INFO - 🚀 Starte Training Autoencoder ...
2025-06-09 00:22:03,130 - __main__ - INFO - Epoch 1/30: Loss = 0.0121
2025-06-09 00:22:03,404 - __main__ - INFO - Epoch 2/30: Loss = 0.0070
2025-06-09 00:22:03,672 - __main__ - INFO - Epoch 3/30: Loss = 0.0060
2025-06-09 00:22:03,941 - __main__ - INFO - Epoch 4/30: Loss = 0.0056
2025-06-09 00:22:04,207 - __main__ - INFO - Epoch 5/30: Loss = 0.0053
2025-06-09 00:22:04,444 - __main__ - INFO - Epoch 6/30: Loss = 0.0050
2025-06-09 00:22:04,672 - __main__ - INFO - Epoch 7/30: Loss = 0.0049
2025-06-09 00:22:04,911 - __main__ - INFO - Epoch 8/30: Loss = 0.0047
2025-06-09 00:22:05,138 - __main__ - INFO - Epoch 9/30: Loss = 0.0046
2025-06-09 00:22:05,408 - __main__ - INFO - Epoch 10/30: Loss = 0.0045
2025-06-09 00:22:05,675 - __main__ - INFO - Epoch 11/30: Loss = 0.0044
2025-06-09 00:22:05,923 - __main__ - INFO - Epoch 12/30: Loss = 0.0044
2025-06-09 00:22:06,165 - __main__ - INFO - Epoch 13/30: Loss = 0.0043
2025-06-09 00:22:06,398 - __main__ - INFO - Epoch 14/30: Loss = 0.0043
2025-06-09 00:22:06,630 - __main__ - INFO - Epoch 15/30: Loss = 0.0042
2025-06-09 00:22:06,851 - __main__ - INFO - Epoch 16/30: Loss = 0.0042
2025-06-09 00:22:07,101 - __main__ - INFO - Epoch 17/30: Loss = 0.0041
2025-06-09 00:22:07,349 - __main__ - INFO - Epoch 18/30: Loss = 0.0041
2025-06-09 00:22:07,598 - __main__ - INFO - Epoch 19/30: Loss = 0.0041
2025-06-09 00:22:07,845 - __main__ - INFO - Epoch 20/30: Loss = 0.0040
2025-06-09 00:22:08,087 - __main__ - INFO - Epoch 21/30: Loss = 0.0040
2025-06-09 00:22:08,322 - __main__ - INFO - Epoch 22/30: Loss = 0.0040
2025-06-09 00:22:08,552 - __main__ - INFO - Epoch 23/30: Loss = 0.0040
2025-06-09 00:22:08,779 - __main__ - INFO - Epoch 24/30: Loss = 0.0040
2025-06-09 00:22:09,022 - __main__ - INFO - Epoch 25/30: Loss = 0.0039
2025-06-09 00:22:09,274 - __main__ - INFO - Epoch 26/30: Loss = 0.0039
2025-06-09 00:22:09,524 - __main__ - INFO - Epoch 27/30: Loss = 0.0039
2025-06-09 00:22:09,787 - __main__ - INFO - Epoch 28/30: Loss = 0.0039
2025-06-09 00:22:10,037 - __main__ - INFO - Epoch 29/30: Loss = 0.0039
2025-06-09 00:22:10,267 - __main__ - INFO - Epoch 30/30: Loss = 0.0039
2025-06-09 00:22:10,686 - __main__ - INFO - ✅ Hybrid-Embeddings gespeichert unter /opt/***/data/processed/hybrid_deep_embedding.csv
2025-06-09 00:22:10,687 - __main__ - INFO - ✅ Hybrid-Embeddings gespeichert unter /opt/***/data/processed/hybrid_deep_embedding.csv
2025-06-09 00:22:10,703 - __main__ - INFO - ✅ Deep KNN Modell gespeichert unter /opt/***/models/hybrid_deep_knn.pkl
2025/06/09 00:22:16 INFO mlflow.pyfunc: Validating input example against model signature

Downloading artifacts:   0%|          | 0/1 [00:00<?, ?it/s]
Downloading artifacts: 100%|██████████| 1/1 [00:00<00:00, 51.31it/s]
Downloading artifacts: 100%|██████████| 1/1 [00:00<00:00, 50.80it/s]
Registered model 'hybrid_deep_model' already exists. Creating a new version of this model...
2025/06/09 00:22:27 INFO mlflow.store.model_registry.abstract_store: Waiting up to 300 seconds for model version to finish creation. Model name: hybrid_deep_model, version 67
Created version '67' of model 'hybrid_deep_model'.
2025-06-09 00:22:39,020 - __main__ - INFO - 📝 Tags für Modellversion 67 gesetzt: n_neighbors=10, latent_dim=64, tfidf_features=300, epochs=30
2025-06-09 00:22:41,032 - __main__ - INFO - 🏁 Deep Hybrid-Model Training abgeschlossen und geloggt.

[2025-06-09T00:22:42.053+0000] {python.py:201} INFO - Done. Returned value was: None
[2025-06-09T00:22:42.060+0000] {taskinstance.py:1138} INFO - Marking task as SUCCESS. dag_id=deep_models_pipeline, task_id=train_deep_hybrid_model, execution_date=20250609T002138, start_date=20250609T002142, end_date=20250609T002242
[2025-06-09T00:22:42.114+0000] {local_task_job_runner.py:234} INFO - Task exited with return code 0
[2025-06-09T00:22:42.132+0000] {taskinstance.py:3280} INFO - 1 downstream tasks scheduled from follow-on schedule check
