[2025-06-18T12:18:25.667+0000] {taskinstance.py:1956} INFO - Dependencies all met for dep_context=non-requeueable deps ti=<TaskInstance: drift_monitoring_dag.analyze_snapshot_drift manual__2025-06-18T12:18:23.006136+00:00 [queued]>
[2025-06-18T12:18:25.674+0000] {taskinstance.py:1956} INFO - Dependencies all met for dep_context=requeueable deps ti=<TaskInstance: drift_monitoring_dag.analyze_snapshot_drift manual__2025-06-18T12:18:23.006136+00:00 [queued]>
[2025-06-18T12:18:25.675+0000] {taskinstance.py:2170} INFO - Starting attempt 1 of 2
[2025-06-18T12:18:25.686+0000] {taskinstance.py:2191} INFO - Executing <Task(BashOperator): analyze_snapshot_drift> on 2025-06-18 12:18:23.006136+00:00
[2025-06-18T12:18:25.694+0000] {standard_task_runner.py:60} INFO - Started process 1056 to run task
[2025-06-18T12:18:25.696+0000] {standard_task_runner.py:87} INFO - Running: ['***', 'tasks', 'run', 'drift_monitoring_dag', 'analyze_snapshot_drift', 'manual__2025-06-18T12:18:23.006136+00:00', '--job-id', '578', '--raw', '--subdir', 'DAGS_FOLDER/drift_monitoring_dag.py', '--cfg-path', '/tmp/tmpmyxqhy09']
[2025-06-18T12:18:25.697+0000] {standard_task_runner.py:88} INFO - Job 578: Subtask analyze_snapshot_drift
[2025-06-18T12:18:25.735+0000] {task_command.py:423} INFO - Running <TaskInstance: drift_monitoring_dag.analyze_snapshot_drift manual__2025-06-18T12:18:23.006136+00:00 [running]> on host 6699b5c3cbca
[2025-06-18T12:18:25.814+0000] {taskinstance.py:2480} INFO - Exporting env vars: AIRFLOW_CTX_DAG_OWNER='***' AIRFLOW_CTX_DAG_ID='drift_monitoring_dag' AIRFLOW_CTX_TASK_ID='analyze_snapshot_drift' AIRFLOW_CTX_EXECUTION_DATE='2025-06-18T12:18:23.006136+00:00' AIRFLOW_CTX_TRY_NUMBER='1' AIRFLOW_CTX_DAG_RUN_ID='manual__2025-06-18T12:18:23.006136+00:00'
[2025-06-18T12:18:25.815+0000] {subprocess.py:63} INFO - Tmp dir root location: /tmp
[2025-06-18T12:18:25.817+0000] {subprocess.py:75} INFO - Running command: ['/usr/bin/bash', '-c', 'python /opt/***/src/monitoring/analyze_drift.py']
[2025-06-18T12:18:25.828+0000] {subprocess.py:86} INFO - Output:
[2025-06-18T12:18:30.009+0000] {subprocess.py:93} INFO - 2025/06/18 12:18:30 INFO mlflow.tracking.fluent: Experiment with name 'hybrid_deep_model' does not exist. Creating a new experiment.
[2025-06-18T12:18:30.010+0000] {subprocess.py:93} INFO - [2025-06-18 12:18:30,010] WARNING - ⚠️ Failed to load configuration – using default – Default: [Errno 2] No such file or directory: '/opt/***/data/monitoring/monitoring_conf.json'
[2025-06-18T12:18:30.058+0000] {subprocess.py:93} INFO - [2025-06-18 12:18:30,058] INFO - ✅ Training and test data loaded
[2025-06-18T12:18:32.903+0000] {subprocess.py:93} INFO - [2025-06-18 12:18:32,903] INFO - 📊 Evidently report saved: /opt/***/reports/drift_report.html
[2025-06-18T12:18:32.904+0000] {subprocess.py:93} INFO - INFO:***.task:📊 Evidently report saved: /opt/***/reports/drift_report.html
[2025-06-18T12:18:32.918+0000] {subprocess.py:93} INFO - [2025-06-18 12:18:32,918] INFO - ✅ Prometheus metrics saved: /opt/***/reports/drift_metrics.prom
[2025-06-18T12:18:32.919+0000] {subprocess.py:93} INFO - INFO:***.task:✅ Prometheus metrics saved: /opt/***/reports/drift_metrics.prom
[2025-06-18T12:18:33.016+0000] {subprocess.py:93} INFO - [2025-06-18 12:18:33,016] INFO - 📥 Embedding files successfully loaded.
[2025-06-18T12:18:33.017+0000] {subprocess.py:93} INFO - INFO:***.task:📥 Embedding files successfully loaded.
[2025-06-18T12:18:33.018+0000] {subprocess.py:93} INFO - [2025-06-18 12:18:33,018] INFO - ✅ 33 common columns for drift analysis.
[2025-06-18T12:18:33.018+0000] {subprocess.py:93} INFO - INFO:***.task:✅ 33 common columns for drift analysis.
[2025-06-18T12:18:33.684+0000] {subprocess.py:93} INFO - [2025-06-18 12:18:33,684] INFO - 📈 Classic Prometheus metrics saved.
[2025-06-18T12:18:33.685+0000] {subprocess.py:93} INFO - INFO:***.task:📈 Classic Prometheus metrics saved.
[2025-06-18T12:18:34.407+0000] {subprocess.py:93} INFO - [2025-06-18 12:18:34,406] WARNING - ⚠️ No model versions found – trying fallback to training run.
[2025-06-18T12:18:34.407+0000] {subprocess.py:93} INFO - WARNING:***.task:⚠️ No model versions found – trying fallback to training run.
[2025-06-18T12:18:34.411+0000] {subprocess.py:93} INFO - [2025-06-18 12:18:34,411] ERROR - ❌ No fallback training run found – cannot log metrics.
[2025-06-18T12:18:34.412+0000] {subprocess.py:93} INFO - ERROR:***.task:❌ No fallback training run found – cannot log metrics.
[2025-06-18T12:18:34.417+0000] {subprocess.py:93} INFO - [2025-06-18 12:18:34,417] INFO - 🔍  Drift detected in 50.00% of features (Alert=1)
[2025-06-18T12:18:34.418+0000] {subprocess.py:93} INFO - INFO:***.task:🔍  Drift detected in 50.00% of features (Alert=1)
[2025-06-18T12:18:34.425+0000] {subprocess.py:93} INFO - [2025-06-18 12:18:34,425] INFO - 📄 Drift metrics saved as JSON: /opt/***/reports/drift_metrics.json
[2025-06-18T12:18:34.426+0000] {subprocess.py:93} INFO - INFO:***.task:📄 Drift metrics saved as JSON: /opt/***/reports/drift_metrics.json
[2025-06-18T12:18:35.496+0000] {subprocess.py:97} INFO - Command exited with return code 0
[2025-06-18T12:18:35.508+0000] {taskinstance.py:1138} INFO - Marking task as SUCCESS. dag_id=drift_monitoring_dag, task_id=analyze_snapshot_drift, execution_date=20250618T121823, start_date=20250618T121825, end_date=20250618T121835
[2025-06-18T12:18:35.539+0000] {local_task_job_runner.py:234} INFO - Task exited with return code 0
[2025-06-18T12:18:35.559+0000] {taskinstance.py:3280} INFO - 1 downstream tasks scheduled from follow-on schedule check
