[2025-06-01T18:04:19.157+0000] {taskinstance.py:1956} INFO - Dependencies all met for dep_context=non-requeueable deps ti=<TaskInstance: movie_recommendation_pipeline.train_user_model manual__2025-06-01T18:03:53.067488+00:00 [queued]>
[2025-06-01T18:04:19.164+0000] {taskinstance.py:1956} INFO - Dependencies all met for dep_context=requeueable deps ti=<TaskInstance: movie_recommendation_pipeline.train_user_model manual__2025-06-01T18:03:53.067488+00:00 [queued]>
[2025-06-01T18:04:19.165+0000] {taskinstance.py:2170} INFO - Starting attempt 1 of 3
[2025-06-01T18:04:19.173+0000] {taskinstance.py:2191} INFO - Executing <Task(PythonOperator): train_user_model> on 2025-06-01 18:03:53.067488+00:00
[2025-06-01T18:04:19.179+0000] {standard_task_runner.py:60} INFO - Started process 305 to run task
[2025-06-01T18:04:19.180+0000] {standard_task_runner.py:87} INFO - Running: ['***', 'tasks', 'run', 'movie_recommendation_pipeline', 'train_user_model', 'manual__2025-06-01T18:03:53.067488+00:00', '--job-id', '1204', '--raw', '--subdir', 'DAGS_FOLDER/mlops_movie_dag.py', '--cfg-path', '/tmp/tmp4hi0tnmo']
[2025-06-01T18:04:19.182+0000] {standard_task_runner.py:88} INFO - Job 1204: Subtask train_user_model
[2025-06-01T18:04:19.212+0000] {task_command.py:423} INFO - Running <TaskInstance: movie_recommendation_pipeline.train_user_model manual__2025-06-01T18:03:53.067488+00:00 [running]> on host 8f4e8908d028
[2025-06-01T18:04:19.271+0000] {taskinstance.py:2480} INFO - Exporting env vars: AIRFLOW_CTX_DAG_OWNER='***' AIRFLOW_CTX_DAG_ID='movie_recommendation_pipeline' AIRFLOW_CTX_TASK_ID='train_user_model' AIRFLOW_CTX_EXECUTION_DATE='2025-06-01T18:03:53.067488+00:00' AIRFLOW_CTX_TRY_NUMBER='1' AIRFLOW_CTX_DAG_RUN_ID='manual__2025-06-01T18:03:53.067488+00:00'
[2025-06-01T18:08:02.136+0000] {mlops_movie_dag.py:13} INFO - /home/***/.local/lib/python3.10/site-packages/mlflow/pyfunc/utils/data_validation.py:186: UserWarning: [33mAdd type hints to the `predict` method to enable data validation and automatic signature inference during model logging. Check https://mlflow.org/docs/latest/model/python_model.html#type-hint-usage-in-pythonmodel for more details.[0m
  color_warning(
2025/06/01 18:07:43 INFO mlflow.pyfunc: Validating input example against model signature
ðŸš€ Starte Training des user_model
ðŸ“¥ Lade Bewertungen und Movie-Embeddings
ðŸ”„ Erstelle User-Vektoren
âœ… 138493 User-Vektoren gespeichert unter /opt/***/data/processed/user_matrix.csv
ðŸ“Š Trainiere NearestNeighbors-Modell
âœ… Modell gespeichert unter /opt/***/models/user_model.pkl
ðŸ“¡ Starte MLflow-Tracking

Downloading artifacts:   0%|          | 0/1 [00:00<?, ?it/s]
Downloading artifacts: 100%|â–ˆâ–ˆâ–ˆâ–ˆâ–ˆâ–ˆâ–ˆâ–ˆâ–ˆâ–ˆ| 1/1 [00:00<00:00,  4.14it/s]
Downloading artifacts: 100%|â–ˆâ–ˆâ–ˆâ–ˆâ–ˆâ–ˆâ–ˆâ–ˆâ–ˆâ–ˆ| 1/1 [00:00<00:00,  4.14it/s]
Downloading artifacts: 100%|â–ˆâ–ˆâ–ˆâ–ˆâ–ˆâ–ˆâ–ˆâ–ˆâ–ˆâ–ˆ| 1/1 [00:00<00:00,  4.13it/s]
ðŸƒ View run train_user_model at: https://dagshub.com/sacer11/MLOps_movie_rec_apr25.mlflow/#/experiments/2/runs/926b72f2c1584290b81d2ee3fd2b4376
ðŸ§ª View experiment at: https://dagshub.com/sacer11/MLOps_movie_rec_apr25.mlflow/#/experiments/2
ðŸ Training abgeschlossen und geloggt.

[2025-06-01T18:08:02.137+0000] {python.py:201} INFO - Done. Returned value was: None
[2025-06-01T18:08:02.147+0000] {taskinstance.py:1138} INFO - Marking task as SUCCESS. dag_id=movie_recommendation_pipeline, task_id=train_user_model, execution_date=20250601T180353, start_date=20250601T180419, end_date=20250601T180802
[2025-06-01T18:08:02.164+0000] {local_task_job_runner.py:234} INFO - Task exited with return code 0
[2025-06-01T18:08:02.186+0000] {taskinstance.py:3280} INFO - 1 downstream tasks scheduled from follow-on schedule check
