[2025-06-12T15:59:42.630+0000] {taskinstance.py:1956} INFO - Dependencies all met for dep_context=non-requeueable deps ti=<TaskInstance: deep_models_pipeline.train_deep_hybrid_model manual__2025-06-12T15:59:38.048725+00:00 [queued]>
[2025-06-12T15:59:42.636+0000] {taskinstance.py:1956} INFO - Dependencies all met for dep_context=requeueable deps ti=<TaskInstance: deep_models_pipeline.train_deep_hybrid_model manual__2025-06-12T15:59:38.048725+00:00 [queued]>
[2025-06-12T15:59:42.637+0000] {taskinstance.py:2170} INFO - Starting attempt 1 of 3
[2025-06-12T15:59:42.646+0000] {taskinstance.py:2191} INFO - Executing <Task(PythonOperator): train_deep_hybrid_model> on 2025-06-12 15:59:38.048725+00:00
[2025-06-12T15:59:42.651+0000] {standard_task_runner.py:60} INFO - Started process 393 to run task
[2025-06-12T15:59:42.653+0000] {standard_task_runner.py:87} INFO - Running: ['***', 'tasks', 'run', 'deep_models_pipeline', 'train_deep_hybrid_model', 'manual__2025-06-12T15:59:38.048725+00:00', '--job-id', '54', '--raw', '--subdir', 'DAGS_FOLDER/train_deep_model_dag.py', '--cfg-path', '/tmp/tmpchbvwj5n']
[2025-06-12T15:59:42.655+0000] {standard_task_runner.py:88} INFO - Job 54: Subtask train_deep_hybrid_model
[2025-06-12T15:59:42.691+0000] {task_command.py:423} INFO - Running <TaskInstance: deep_models_pipeline.train_deep_hybrid_model manual__2025-06-12T15:59:38.048725+00:00 [running]> on host a54be0beda27
[2025-06-12T15:59:42.747+0000] {taskinstance.py:2480} INFO - Exporting env vars: AIRFLOW_CTX_DAG_OWNER='***' AIRFLOW_CTX_DAG_ID='deep_models_pipeline' AIRFLOW_CTX_TASK_ID='train_deep_hybrid_model' AIRFLOW_CTX_EXECUTION_DATE='2025-06-12T15:59:38.048725+00:00' AIRFLOW_CTX_TRY_NUMBER='1' AIRFLOW_CTX_DAG_RUN_ID='manual__2025-06-12T15:59:38.048725+00:00'
[2025-06-12T15:59:42.748+0000] {train_deep_model_dag.py:13} INFO - 🟦 Running command: python /opt/***/src/models/train_hybrid_deep_model.py
[2025-06-12T16:01:06.071+0000] {train_deep_model_dag.py:20} INFO - 🟩 [stdout]:
🏃 View run train_hybrid_deep_model at: https://dagshub.com/sacer11/MLOps_movie_rec_apr25.mlflow/#/experiments/10/runs/5d22b0f2de6340f1bfdb626f9d9dd756
🧪 View experiment at: https://dagshub.com/sacer11/MLOps_movie_rec_apr25.mlflow/#/experiments/10

[2025-06-12T16:01:06.072+0000] {train_deep_model_dag.py:22} WARNING - 🟨 [stderr]:
2025-06-12 15:59:47,118 - __main__ - INFO - 📥 Lade Rohdaten und baue Hybrid-Feature-Matrix ...
2025-06-12 15:59:52,033 - __main__ - INFO - 📐 Hybrid-Matrix erstellt mit Shape: (10381, 1429), Feature-Namen: 1429
2025-06-12 16:00:02,117 - __main__ - INFO - 💾 Hybrid-Matrix gespeichert unter /opt/***/data/processed/hybrid_matrix.csv
2025-06-12 16:00:02,206 - __main__ - INFO - 🚀 Starte Training Autoencoder ...
2025-06-12 16:00:03,314 - __main__ - INFO - Epoch 1/30: Loss = 0.0031
2025-06-12 16:00:03,578 - __main__ - INFO - Epoch 2/30: Loss = 0.0018
2025-06-12 16:00:03,879 - __main__ - INFO - Epoch 3/30: Loss = 0.0015
2025-06-12 16:00:04,188 - __main__ - INFO - Epoch 4/30: Loss = 0.0014
2025-06-12 16:00:04,489 - __main__ - INFO - Epoch 5/30: Loss = 0.0013
2025-06-12 16:00:04,758 - __main__ - INFO - Epoch 6/30: Loss = 0.0013
2025-06-12 16:00:05,013 - __main__ - INFO - Epoch 7/30: Loss = 0.0012
2025-06-12 16:00:05,269 - __main__ - INFO - Epoch 8/30: Loss = 0.0012
2025-06-12 16:00:05,530 - __main__ - INFO - Epoch 9/30: Loss = 0.0012
2025-06-12 16:00:05,813 - __main__ - INFO - Epoch 10/30: Loss = 0.0011
2025-06-12 16:00:06,109 - __main__ - INFO - Epoch 11/30: Loss = 0.0011
2025-06-12 16:00:06,398 - __main__ - INFO - Epoch 12/30: Loss = 0.0011
2025-06-12 16:00:06,668 - __main__ - INFO - Epoch 13/30: Loss = 0.0011
2025-06-12 16:00:06,914 - __main__ - INFO - Epoch 14/30: Loss = 0.0011
2025-06-12 16:00:07,168 - __main__ - INFO - Epoch 15/30: Loss = 0.0011
2025-06-12 16:00:07,427 - __main__ - INFO - Epoch 16/30: Loss = 0.0010
2025-06-12 16:00:07,704 - __main__ - INFO - Epoch 17/30: Loss = 0.0010
2025-06-12 16:00:07,987 - __main__ - INFO - Epoch 18/30: Loss = 0.0010
2025-06-12 16:00:08,294 - __main__ - INFO - Epoch 19/30: Loss = 0.0010
2025-06-12 16:00:08,582 - __main__ - INFO - Epoch 20/30: Loss = 0.0010
2025-06-12 16:00:08,823 - __main__ - INFO - Epoch 21/30: Loss = 0.0010
2025-06-12 16:00:09,087 - __main__ - INFO - Epoch 22/30: Loss = 0.0010
2025-06-12 16:00:09,342 - __main__ - INFO - Epoch 23/30: Loss = 0.0010
2025-06-12 16:00:09,604 - __main__ - INFO - Epoch 24/30: Loss = 0.0010
2025-06-12 16:00:09,906 - __main__ - INFO - Epoch 25/30: Loss = 0.0010
2025-06-12 16:00:10,205 - __main__ - INFO - Epoch 26/30: Loss = 0.0010
2025-06-12 16:00:10,503 - __main__ - INFO - Epoch 27/30: Loss = 0.0010
2025-06-12 16:00:10,772 - __main__ - INFO - Epoch 28/30: Loss = 0.0010
2025-06-12 16:00:11,013 - __main__ - INFO - Epoch 29/30: Loss = 0.0010
2025-06-12 16:00:11,262 - __main__ - INFO - Epoch 30/30: Loss = 0.0010
2025-06-12 16:00:11,729 - __main__ - INFO - ✅ Hybrid-Embeddings gespeichert unter /opt/***/data/processed/hybrid_deep_embedding.csv
2025-06-12 16:00:11,747 - __main__ - INFO - ✅ Deep KNN Modell gespeichert unter /opt/***/models/hybrid_deep_knn.pkl
2025/06/12 16:00:24 INFO mlflow.pyfunc: Validating input example against model signature

Downloading artifacts:   0%|          | 0/1 [00:00<?, ?it/s]
Downloading artifacts: 100%|██████████| 1/1 [00:00<00:00, 45.92it/s]
Downloading artifacts: 100%|██████████| 1/1 [00:00<00:00, 45.56it/s]
Successfully registered model 'hybrid_deep_model'.
2025/06/12 16:00:36 INFO mlflow.store.model_registry.abstract_store: Waiting up to 300 seconds for model version to finish creation. Model name: hybrid_deep_model, version 1
Created version '1' of model 'hybrid_deep_model'.
2025-06-12 16:01:03,008 - __main__ - INFO - 📝 Tags gesetzt für Modellversion 1: n_neighbors=10, latent_dim=64, hidden_dim=256, tfidf_features=300, epochs=30, lr=0.001, batch_size=128, metric=cosine, content_weight=0.5, collab_weight=0.5, power_factor=1.0, precision_10=0.0
2025-06-12 16:01:05,022 - __main__ - INFO - 🏁 Deep Hybrid-Model Training abgeschlossen und geloggt.

[2025-06-12T16:01:06.073+0000] {python.py:201} INFO - Done. Returned value was: None
[2025-06-12T16:01:06.080+0000] {taskinstance.py:1138} INFO - Marking task as SUCCESS. dag_id=deep_models_pipeline, task_id=train_deep_hybrid_model, execution_date=20250612T155938, start_date=20250612T155942, end_date=20250612T160106
[2025-06-12T16:01:06.117+0000] {local_task_job_runner.py:234} INFO - Task exited with return code 0
[2025-06-12T16:01:06.135+0000] {taskinstance.py:3280} INFO - 1 downstream tasks scheduled from follow-on schedule check
