[2025-06-11T12:10:54.424+0000] {taskinstance.py:1956} INFO - Dependencies all met for dep_context=non-requeueable deps ti=<TaskInstance: deep_models_pipeline.predict_best_model manual__2025-06-11T12:09:02.500162+00:00 [queued]>
[2025-06-11T12:10:54.432+0000] {taskinstance.py:1956} INFO - Dependencies all met for dep_context=requeueable deps ti=<TaskInstance: deep_models_pipeline.predict_best_model manual__2025-06-11T12:09:02.500162+00:00 [queued]>
[2025-06-11T12:10:54.432+0000] {taskinstance.py:2170} INFO - Starting attempt 1 of 3
[2025-06-11T12:10:54.442+0000] {taskinstance.py:2191} INFO - Executing <Task(PythonOperator): predict_best_model> on 2025-06-11 12:09:02.500162+00:00
[2025-06-11T12:10:54.449+0000] {standard_task_runner.py:60} INFO - Started process 775 to run task
[2025-06-11T12:10:54.451+0000] {standard_task_runner.py:87} INFO - Running: ['***', 'tasks', 'run', 'deep_models_pipeline', 'predict_best_model', 'manual__2025-06-11T12:09:02.500162+00:00', '--job-id', '3754', '--raw', '--subdir', 'DAGS_FOLDER/train_deep_model_dag.py', '--cfg-path', '/tmp/tmpkchhszy6']
[2025-06-11T12:10:54.452+0000] {standard_task_runner.py:88} INFO - Job 3754: Subtask predict_best_model
[2025-06-11T12:10:54.488+0000] {task_command.py:423} INFO - Running <TaskInstance: deep_models_pipeline.predict_best_model manual__2025-06-11T12:09:02.500162+00:00 [running]> on host a4ec9985653c
[2025-06-11T12:10:54.550+0000] {taskinstance.py:2480} INFO - Exporting env vars: AIRFLOW_CTX_DAG_OWNER='***' AIRFLOW_CTX_DAG_ID='deep_models_pipeline' AIRFLOW_CTX_TASK_ID='predict_best_model' AIRFLOW_CTX_EXECUTION_DATE='2025-06-11T12:09:02.500162+00:00' AIRFLOW_CTX_TRY_NUMBER='1' AIRFLOW_CTX_DAG_RUN_ID='manual__2025-06-11T12:09:02.500162+00:00'
[2025-06-11T12:10:54.551+0000] {train_deep_model_dag.py:13} INFO - 🟦 Running command: python /opt/***/src/models/predict_best_model.py
[2025-06-11T12:11:13.347+0000] {train_deep_model_dag.py:20} INFO - 🟩 [stdout]:
   user_id                                    recommendations
0        1  [0, 4331, 2064, 2769, 5445, 7994, 9847, 9070, ...
1        2  [1, 1790, 2138, 8359, 1591, 5551, 2805, 7680, ...
2        3  [2, 407, 390, 1886, 4, 3042, 6098, 1584, 5155,...
3        4  [3, 1889, 4651, 1379, 1207, 8642, 1627, 45, 93...
4        5  [4, 5834, 2, 7635, 7232, 1497, 5049, 173, 834,...

[2025-06-11T12:11:13.347+0000] {train_deep_model_dag.py:22} WARNING - 🟨 [stderr]:
2025-06-11 12:10:56,543 - INFO - 🚀 Starte Prediction für hybrid_deep_model über MLflow Registry

Downloading artifacts:   0%|          | 0/8 [00:00<?, ?it/s]
Downloading artifacts:  12%|█▎        | 1/8 [00:00<00:00, 13934.56it/s]
Downloading artifacts:  25%|██▌       | 2/8 [00:01<00:04,  1.26it/s]   
Downloading artifacts:  25%|██▌       | 2/8 [00:01<00:04,  1.26it/s]
Downloading artifacts:  38%|███▊      | 3/8 [00:02<00:03,  1.41it/s]
Downloading artifacts:  38%|███▊      | 3/8 [00:02<00:03,  1.41it/s]
Downloading artifacts:  50%|█████     | 4/8 [00:02<00:02,  1.35it/s]
Downloading artifacts:  50%|█████     | 4/8 [00:02<00:02,  1.35it/s]
Downloading artifacts:  62%|██████▎   | 5/8 [00:03<00:02,  1.21it/s]
Downloading artifacts:  62%|██████▎   | 5/8 [00:03<00:02,  1.21it/s]
Downloading artifacts:  75%|███████▌  | 6/8 [00:04<00:01,  1.13it/s]
Downloading artifacts:  75%|███████▌  | 6/8 [00:04<00:01,  1.13it/s]
Downloading artifacts:  88%|████████▊ | 7/8 [00:05<00:00,  1.09it/s]
Downloading artifacts:  88%|████████▊ | 7/8 [00:05<00:00,  1.09it/s]
Downloading artifacts: 100%|██████████| 8/8 [00:07<00:00,  1.01s/it]
Downloading artifacts: 100%|██████████| 8/8 [00:07<00:00,  1.01s/it]
Downloading artifacts: 100%|██████████| 8/8 [00:07<00:00,  1.12it/s]

Downloading artifacts:   0%|          | 0/1 [00:00<?, ?it/s]
Downloading artifacts: 100%|██████████| 1/1 [00:01<00:00,  1.23s/it]
Downloading artifacts: 100%|██████████| 1/1 [00:01<00:00,  1.23s/it]
Downloading artifacts: 100%|██████████| 1/1 [00:01<00:00,  1.23s/it]
2025-06-11 12:11:12,727 - INFO - 📥 Embedding geladen (direkt aus Registry): Shape: (10381, 32)
2025-06-11 12:11:12,811 - INFO - ✅ Prediction erfolgreich – keine Speicherung auf Disk, nur im RAM.

[2025-06-11T12:11:13.348+0000] {python.py:201} INFO - Done. Returned value was: None
[2025-06-11T12:11:13.356+0000] {taskinstance.py:1138} INFO - Marking task as SUCCESS. dag_id=deep_models_pipeline, task_id=predict_best_model, execution_date=20250611T120902, start_date=20250611T121054, end_date=20250611T121113
[2025-06-11T12:11:13.402+0000] {local_task_job_runner.py:234} INFO - Task exited with return code 0
[2025-06-11T12:11:13.416+0000] {taskinstance.py:3280} INFO - 0 downstream tasks scheduled from follow-on schedule check
