[2025-06-12T21:03:39.244+0000] {taskinstance.py:1956} INFO - Dependencies all met for dep_context=non-requeueable deps ti=<TaskInstance: deep_models_pipeline.train_deep_hybrid_model manual__2025-06-12T21:03:33.585782+00:00 [queued]>
[2025-06-12T21:03:39.251+0000] {taskinstance.py:1956} INFO - Dependencies all met for dep_context=requeueable deps ti=<TaskInstance: deep_models_pipeline.train_deep_hybrid_model manual__2025-06-12T21:03:33.585782+00:00 [queued]>
[2025-06-12T21:03:39.251+0000] {taskinstance.py:2170} INFO - Starting attempt 1 of 3
[2025-06-12T21:03:39.260+0000] {taskinstance.py:2191} INFO - Executing <Task(PythonOperator): train_deep_hybrid_model> on 2025-06-12 21:03:33.585782+00:00
[2025-06-12T21:03:39.266+0000] {standard_task_runner.py:60} INFO - Started process 514 to run task
[2025-06-12T21:03:39.268+0000] {standard_task_runner.py:87} INFO - Running: ['***', 'tasks', 'run', 'deep_models_pipeline', 'train_deep_hybrid_model', 'manual__2025-06-12T21:03:33.585782+00:00', '--job-id', '99', '--raw', '--subdir', 'DAGS_FOLDER/train_deep_model_dag.py', '--cfg-path', '/tmp/tmpckhqmxgt']
[2025-06-12T21:03:39.269+0000] {standard_task_runner.py:88} INFO - Job 99: Subtask train_deep_hybrid_model
[2025-06-12T21:03:39.306+0000] {task_command.py:423} INFO - Running <TaskInstance: deep_models_pipeline.train_deep_hybrid_model manual__2025-06-12T21:03:33.585782+00:00 [running]> on host 39fe028a69c8
[2025-06-12T21:03:39.364+0000] {taskinstance.py:2480} INFO - Exporting env vars: AIRFLOW_CTX_DAG_OWNER='***' AIRFLOW_CTX_DAG_ID='deep_models_pipeline' AIRFLOW_CTX_TASK_ID='train_deep_hybrid_model' AIRFLOW_CTX_EXECUTION_DATE='2025-06-12T21:03:33.585782+00:00' AIRFLOW_CTX_TRY_NUMBER='1' AIRFLOW_CTX_DAG_RUN_ID='manual__2025-06-12T21:03:33.585782+00:00'
[2025-06-12T21:03:39.364+0000] {train_deep_model_dag.py:13} INFO - 🟦 Running command: python /opt/***/src/models/train_hybrid_deep_model.py
[2025-06-12T21:05:03.613+0000] {train_deep_model_dag.py:20} INFO - 🟩 [stdout]:
🏃 View run train_hybrid_deep_model at: https://dagshub.com/sacer11/MLOps_movie_rec_apr25.mlflow/#/experiments/10/runs/0749551e61634500adfd3255880443ac
🧪 View experiment at: https://dagshub.com/sacer11/MLOps_movie_rec_apr25.mlflow/#/experiments/10

[2025-06-12T21:05:03.615+0000] {train_deep_model_dag.py:22} WARNING - 🟨 [stderr]:
2025-06-12 21:03:43,904 - __main__ - INFO - 📥 Lade Rohdaten und baue Hybrid-Feature-Matrix ...
2025-06-12 21:03:49,774 - __main__ - INFO - 📐 Hybrid-Matrix erstellt mit Shape: (10381, 1429), Feature-Namen: 1429
2025-06-12 21:03:59,548 - __main__ - INFO - 💾 Hybrid-Matrix gespeichert unter /opt/***/data/processed/hybrid_matrix.csv
2025-06-12 21:03:59,654 - __main__ - INFO - 🚀 Starte Training Autoencoder ...
2025-06-12 21:04:00,774 - __main__ - INFO - Epoch 1/30: Loss = 0.0092
2025-06-12 21:04:01,041 - __main__ - INFO - Epoch 2/30: Loss = 0.0051
2025-06-12 21:04:01,299 - __main__ - INFO - Epoch 3/30: Loss = 0.0044
2025-06-12 21:04:01,568 - __main__ - INFO - Epoch 4/30: Loss = 0.0041
2025-06-12 21:04:01,864 - __main__ - INFO - Epoch 5/30: Loss = 0.0039
2025-06-12 21:04:02,152 - __main__ - INFO - Epoch 6/30: Loss = 0.0037
2025-06-12 21:04:02,457 - __main__ - INFO - Epoch 7/30: Loss = 0.0036
2025-06-12 21:04:02,748 - __main__ - INFO - Epoch 8/30: Loss = 0.0035
2025-06-12 21:04:03,022 - __main__ - INFO - Epoch 9/30: Loss = 0.0035
2025-06-12 21:04:03,289 - __main__ - INFO - Epoch 10/30: Loss = 0.0034
2025-06-12 21:04:03,586 - __main__ - INFO - Epoch 11/30: Loss = 0.0034
2025-06-12 21:04:03,874 - __main__ - INFO - Epoch 12/30: Loss = 0.0034
2025-06-12 21:04:04,156 - __main__ - INFO - Epoch 13/30: Loss = 0.0033
2025-06-12 21:04:04,451 - __main__ - INFO - Epoch 14/30: Loss = 0.0033
2025-06-12 21:04:04,734 - __main__ - INFO - Epoch 15/30: Loss = 0.0033
2025-06-12 21:04:04,981 - __main__ - INFO - Epoch 16/30: Loss = 0.0032
2025-06-12 21:04:05,239 - __main__ - INFO - Epoch 17/30: Loss = 0.0032
2025-06-12 21:04:05,505 - __main__ - INFO - Epoch 18/30: Loss = 0.0032
2025-06-12 21:04:05,795 - __main__ - INFO - Epoch 19/30: Loss = 0.0032
2025-06-12 21:04:06,076 - __main__ - INFO - Epoch 20/30: Loss = 0.0032
2025-06-12 21:04:06,361 - __main__ - INFO - Epoch 21/30: Loss = 0.0031
2025-06-12 21:04:06,653 - __main__ - INFO - Epoch 22/30: Loss = 0.0031
2025-06-12 21:04:06,940 - __main__ - INFO - Epoch 23/30: Loss = 0.0031
2025-06-12 21:04:07,202 - __main__ - INFO - Epoch 24/30: Loss = 0.0031
2025-06-12 21:04:07,487 - __main__ - INFO - Epoch 25/30: Loss = 0.0031
2025-06-12 21:04:07,806 - __main__ - INFO - Epoch 26/30: Loss = 0.0031
2025-06-12 21:04:08,087 - __main__ - INFO - Epoch 27/30: Loss = 0.0030
2025-06-12 21:04:08,388 - __main__ - INFO - Epoch 28/30: Loss = 0.0030
2025-06-12 21:04:08,690 - __main__ - INFO - Epoch 29/30: Loss = 0.0030
2025-06-12 21:04:08,959 - __main__ - INFO - Epoch 30/30: Loss = 0.0030
2025-06-12 21:04:09,194 - __main__ - INFO - ✅ Hybrid-Embeddings gespeichert unter /opt/***/data/processed/hybrid_deep_embedding.csv
2025-06-12 21:04:09,203 - __main__ - INFO - ✅ Deep KNN Modell gespeichert unter /opt/***/models/hybrid_deep_knn.pkl
2025/06/12 21:04:21 INFO mlflow.pyfunc: Validating input example against model signature

Downloading artifacts:   0%|          | 0/1 [00:00<?, ?it/s]
Downloading artifacts: 100%|██████████| 1/1 [00:00<00:00, 80.07it/s]
Downloading artifacts: 100%|██████████| 1/1 [00:00<00:00, 78.65it/s]
Registered model 'hybrid_deep_model' already exists. Creating a new version of this model...
2025/06/12 21:04:34 INFO mlflow.store.model_registry.abstract_store: Waiting up to 300 seconds for model version to finish creation. Model name: hybrid_deep_model, version 6
Created version '6' of model 'hybrid_deep_model'.
2025-06-12 21:05:00,463 - __main__ - INFO - 📝 Tags gesetzt für Modellversion 6: n_neighbors=12, latent_dim=32, hidden_dim=256, tfidf_features=300, epochs=30, lr=0.001, batch_size=128, metric=cosine, content_weight=0.1, collab_weight=0.9, power_factor=1.0, precision_10=0.0
2025-06-12 21:05:02,465 - __main__ - INFO - 🏁 Deep Hybrid-Model Training abgeschlossen und geloggt.

[2025-06-12T21:05:03.615+0000] {python.py:201} INFO - Done. Returned value was: None
[2025-06-12T21:05:03.624+0000] {taskinstance.py:1138} INFO - Marking task as SUCCESS. dag_id=deep_models_pipeline, task_id=train_deep_hybrid_model, execution_date=20250612T210333, start_date=20250612T210339, end_date=20250612T210503
[2025-06-12T21:05:03.665+0000] {local_task_job_runner.py:234} INFO - Task exited with return code 0
[2025-06-12T21:05:03.684+0000] {taskinstance.py:3280} INFO - 1 downstream tasks scheduled from follow-on schedule check
