[2025-06-08T19:33:17.286+0000] {taskinstance.py:1956} INFO - Dependencies all met for dep_context=non-requeueable deps ti=<TaskInstance: deep_models_pipeline.train_deep_hybrid_model manual__2025-06-08T19:32:47.009930+00:00 [queued]>
[2025-06-08T19:33:17.293+0000] {taskinstance.py:1956} INFO - Dependencies all met for dep_context=requeueable deps ti=<TaskInstance: deep_models_pipeline.train_deep_hybrid_model manual__2025-06-08T19:32:47.009930+00:00 [queued]>
[2025-06-08T19:33:17.293+0000] {taskinstance.py:2170} INFO - Starting attempt 1 of 3
[2025-06-08T19:33:17.303+0000] {taskinstance.py:2191} INFO - Executing <Task(PythonOperator): train_deep_hybrid_model> on 2025-06-08 19:32:47.009930+00:00
[2025-06-08T19:33:17.308+0000] {standard_task_runner.py:60} INFO - Started process 940 to run task
[2025-06-08T19:33:17.312+0000] {standard_task_runner.py:87} INFO - Running: ['***', 'tasks', 'run', 'deep_models_pipeline', 'train_deep_hybrid_model', 'manual__2025-06-08T19:32:47.009930+00:00', '--job-id', '3387', '--raw', '--subdir', 'DAGS_FOLDER/train_deep_model_dag.py', '--cfg-path', '/tmp/tmp_8fg4xvl']
[2025-06-08T19:33:17.313+0000] {standard_task_runner.py:88} INFO - Job 3387: Subtask train_deep_hybrid_model
[2025-06-08T19:33:17.343+0000] {task_command.py:423} INFO - Running <TaskInstance: deep_models_pipeline.train_deep_hybrid_model manual__2025-06-08T19:32:47.009930+00:00 [running]> on host dbf42b316bce
[2025-06-08T19:33:17.397+0000] {taskinstance.py:2480} INFO - Exporting env vars: AIRFLOW_CTX_DAG_OWNER='***' AIRFLOW_CTX_DAG_ID='deep_models_pipeline' AIRFLOW_CTX_TASK_ID='train_deep_hybrid_model' AIRFLOW_CTX_EXECUTION_DATE='2025-06-08T19:32:47.009930+00:00' AIRFLOW_CTX_TRY_NUMBER='1' AIRFLOW_CTX_DAG_RUN_ID='manual__2025-06-08T19:32:47.009930+00:00'
[2025-06-08T19:33:17.398+0000] {train_deep_model_dag.py:13} INFO - 🟦 Running command: python /opt/***/src/models/train_hybrid_deep_model.py --n_neighbors=15 --latent_dim=32 --epochs=30 --tfidf_features=300
[2025-06-08T19:34:15.332+0000] {train_deep_model_dag.py:20} INFO - 🟩 [stdout]:
🏃 View run train_hybrid_deep_model at: https://dagshub.com/sacer11/MLOps_movie_rec_apr25.mlflow/#/experiments/10/runs/31811af2aa6142ed8f7eda769517115a
🧪 View experiment at: https://dagshub.com/sacer11/MLOps_movie_rec_apr25.mlflow/#/experiments/10

[2025-06-08T19:34:15.333+0000] {train_deep_model_dag.py:22} WARNING - 🟨 [stderr]:
2025-06-08 19:33:21,211 - __main__ - INFO - 📥 Lade Rohdaten und baue Hybrid-Feature-Matrix ...
2025-06-08 19:33:26,074 - __main__ - INFO - 📐 Hybrid-Matrix erstellt mit Shape: (10381, 1429), Feature-Namen: 1429
2025-06-08 19:33:35,712 - __main__ - INFO - 💾 Hybrid-Matrix gespeichert unter /opt/***/data/processed/hybrid_matrix.csv
2025-06-08 19:33:35,799 - __main__ - INFO - 🚀 Starte Training Autoencoder ...
2025-06-08 19:33:36,489 - __main__ - INFO - Epoch 1/30: Loss = 0.0123
2025-06-08 19:33:36,721 - __main__ - INFO - Epoch 2/30: Loss = 0.0072
2025-06-08 19:33:36,980 - __main__ - INFO - Epoch 3/30: Loss = 0.0062
2025-06-08 19:33:37,234 - __main__ - INFO - Epoch 4/30: Loss = 0.0058
2025-06-08 19:33:37,492 - __main__ - INFO - Epoch 5/30: Loss = 0.0055
2025-06-08 19:33:37,745 - __main__ - INFO - Epoch 6/30: Loss = 0.0053
2025-06-08 19:33:38,006 - __main__ - INFO - Epoch 7/30: Loss = 0.0051
2025-06-08 19:33:38,234 - __main__ - INFO - Epoch 8/30: Loss = 0.0050
2025-06-08 19:33:38,485 - __main__ - INFO - Epoch 9/30: Loss = 0.0049
2025-06-08 19:33:38,732 - __main__ - INFO - Epoch 10/30: Loss = 0.0049
2025-06-08 19:33:39,009 - __main__ - INFO - Epoch 11/30: Loss = 0.0048
2025-06-08 19:33:39,287 - __main__ - INFO - Epoch 12/30: Loss = 0.0047
2025-06-08 19:33:39,554 - __main__ - INFO - Epoch 13/30: Loss = 0.0047
2025-06-08 19:33:39,819 - __main__ - INFO - Epoch 14/30: Loss = 0.0047
2025-06-08 19:33:40,049 - __main__ - INFO - Epoch 15/30: Loss = 0.0046
2025-06-08 19:33:40,291 - __main__ - INFO - Epoch 16/30: Loss = 0.0046
2025-06-08 19:33:40,516 - __main__ - INFO - Epoch 17/30: Loss = 0.0046
2025-06-08 19:33:40,741 - __main__ - INFO - Epoch 18/30: Loss = 0.0045
2025-06-08 19:33:40,976 - __main__ - INFO - Epoch 19/30: Loss = 0.0045
2025-06-08 19:33:41,202 - __main__ - INFO - Epoch 20/30: Loss = 0.0045
2025-06-08 19:33:41,440 - __main__ - INFO - Epoch 21/30: Loss = 0.0045
2025-06-08 19:33:41,677 - __main__ - INFO - Epoch 22/30: Loss = 0.0045
2025-06-08 19:33:41,906 - __main__ - INFO - Epoch 23/30: Loss = 0.0045
2025-06-08 19:33:42,124 - __main__ - INFO - Epoch 24/30: Loss = 0.0044
2025-06-08 19:33:42,362 - __main__ - INFO - Epoch 25/30: Loss = 0.0044
2025-06-08 19:33:42,612 - __main__ - INFO - Epoch 26/30: Loss = 0.0044
2025-06-08 19:33:42,858 - __main__ - INFO - Epoch 27/30: Loss = 0.0044
2025-06-08 19:33:43,160 - __main__ - INFO - Epoch 28/30: Loss = 0.0044
2025-06-08 19:33:43,450 - __main__ - INFO - Epoch 29/30: Loss = 0.0044
2025-06-08 19:33:43,773 - __main__ - INFO - Epoch 30/30: Loss = 0.0043
2025-06-08 19:33:44,024 - __main__ - INFO - ✅ Hybrid-Embeddings gespeichert unter /opt/***/data/processed/hybrid_deep_embedding.csv
2025-06-08 19:33:44,024 - __main__ - INFO - ✅ Hybrid-Embeddings gespeichert unter /opt/***/data/processed/hybrid_deep_embedding.csv
2025-06-08 19:33:44,035 - __main__ - INFO - ✅ Deep KNN Modell gespeichert unter /opt/***/models/hybrid_deep_knn.pkl
2025/06/08 19:33:48 INFO mlflow.pyfunc: Validating input example against model signature

Downloading artifacts:   0%|          | 0/1 [00:00<?, ?it/s]
Downloading artifacts: 100%|██████████| 1/1 [00:00<00:00, 89.63it/s]
Downloading artifacts: 100%|██████████| 1/1 [00:00<00:00, 88.75it/s]
Registered model 'hybrid_deep_model' already exists. Creating a new version of this model...
2025/06/08 19:33:59 INFO mlflow.store.model_registry.abstract_store: Waiting up to 300 seconds for model version to finish creation. Model name: hybrid_deep_model, version 39
Created version '39' of model 'hybrid_deep_model'.
2025-06-08 19:34:12,322 - __main__ - INFO - 📝 Tags für Modellversion 39 gesetzt: n_neighbors=15, latent_dim=32, tfidf_features=300, epochs=30
2025-06-08 19:34:14,322 - __main__ - INFO - 🏁 Deep Hybrid-Model Training abgeschlossen und geloggt.

[2025-06-08T19:34:15.334+0000] {python.py:201} INFO - Done. Returned value was: None
[2025-06-08T19:34:15.346+0000] {taskinstance.py:1138} INFO - Marking task as SUCCESS. dag_id=deep_models_pipeline, task_id=train_deep_hybrid_model, execution_date=20250608T193247, start_date=20250608T193317, end_date=20250608T193415
[2025-06-08T19:34:15.396+0000] {local_task_job_runner.py:234} INFO - Task exited with return code 0
[2025-06-08T19:34:15.417+0000] {taskinstance.py:3280} INFO - 1 downstream tasks scheduled from follow-on schedule check
