[2025-05-30T14:38:26.219+0000] {taskinstance.py:1956} INFO - Dependencies all met for dep_context=non-requeueable deps ti=<TaskInstance: movie_recommendation_pipeline.check_structure manual__2025-05-30T14:33:21.956770+00:00 [queued]>
[2025-05-30T14:38:26.229+0000] {taskinstance.py:1956} INFO - Dependencies all met for dep_context=requeueable deps ti=<TaskInstance: movie_recommendation_pipeline.check_structure manual__2025-05-30T14:33:21.956770+00:00 [queued]>
[2025-05-30T14:38:26.230+0000] {taskinstance.py:2170} INFO - Starting attempt 2 of 2
[2025-05-30T14:38:26.244+0000] {taskinstance.py:2191} INFO - Executing <Task(PythonOperator): check_structure> on 2025-05-30 14:33:21.956770+00:00
[2025-05-30T14:38:26.254+0000] {standard_task_runner.py:60} INFO - Started process 295 to run task
[2025-05-30T14:38:26.257+0000] {standard_task_runner.py:87} INFO - Running: ['***', 'tasks', 'run', 'movie_recommendation_pipeline', 'check_structure', 'manual__2025-05-30T14:33:21.956770+00:00', '--job-id', '17', '--raw', '--subdir', 'DAGS_FOLDER/mlops_movie_dag.py', '--cfg-path', '/tmp/tmpvit3k2hi']
[2025-05-30T14:38:26.259+0000] {standard_task_runner.py:88} INFO - Job 17: Subtask check_structure
[2025-05-30T14:38:26.315+0000] {task_command.py:423} INFO - Running <TaskInstance: movie_recommendation_pipeline.check_structure manual__2025-05-30T14:33:21.956770+00:00 [running]> on host dd1e0d709e48
[2025-05-30T14:38:26.393+0000] {taskinstance.py:2480} INFO - Exporting env vars: AIRFLOW_CTX_DAG_OWNER='***' AIRFLOW_CTX_DAG_ID='movie_recommendation_pipeline' AIRFLOW_CTX_TASK_ID='check_structure' AIRFLOW_CTX_EXECUTION_DATE='2025-05-30T14:33:21.956770+00:00' AIRFLOW_CTX_TRY_NUMBER='2' AIRFLOW_CTX_DAG_RUN_ID='manual__2025-05-30T14:33:21.956770+00:00'
[2025-05-30T14:38:26.394+0000] {taskinstance.py:2698} ERROR - Task failed with exception
Traceback (most recent call last):
  File "/home/airflow/.local/lib/python3.10/site-packages/airflow/models/taskinstance.py", line 433, in _execute_task
    result = execute_callable(context=context, **execute_callable_kwargs)
  File "/home/airflow/.local/lib/python3.10/site-packages/airflow/operators/python.py", line 199, in execute
    return_value = self.execute_callable()
  File "/home/airflow/.local/lib/python3.10/site-packages/airflow/operators/python.py", line 216, in execute_callable
    return self.python_callable(*self.op_args, **self.op_kwargs)
  File "/opt/airflow/dags/mlops_movie_dag.py", line 23, in run_check_structure
    check_existing_file("/opt/airflow/data/raw", "movies.csv")
TypeError: check_existing_file() takes 1 positional argument but 2 were given
[2025-05-30T14:38:26.405+0000] {taskinstance.py:1138} INFO - Marking task as FAILED. dag_id=movie_recommendation_pipeline, task_id=check_structure, execution_date=20250530T143321, start_date=20250530T143826, end_date=20250530T143826
[2025-05-30T14:38:26.415+0000] {standard_task_runner.py:107} ERROR - Failed to execute job 17 for task check_structure (check_existing_file() takes 1 positional argument but 2 were given; 295)
[2025-05-30T14:38:26.430+0000] {local_task_job_runner.py:234} INFO - Task exited with return code 1
[2025-05-30T14:38:26.451+0000] {taskinstance.py:3280} INFO - 0 downstream tasks scheduled from follow-on schedule check
