[2025-06-09T01:16:22.182+0000] {taskinstance.py:1956} INFO - Dependencies all met for dep_context=non-requeueable deps ti=<TaskInstance: deep_models_pipeline.train_deep_hybrid_model manual__2025-06-09T01:16:17.386642+00:00 [queued]>
[2025-06-09T01:16:22.187+0000] {taskinstance.py:1956} INFO - Dependencies all met for dep_context=requeueable deps ti=<TaskInstance: deep_models_pipeline.train_deep_hybrid_model manual__2025-06-09T01:16:17.386642+00:00 [queued]>
[2025-06-09T01:16:22.187+0000] {taskinstance.py:2170} INFO - Starting attempt 1 of 3
[2025-06-09T01:16:22.197+0000] {taskinstance.py:2191} INFO - Executing <Task(PythonOperator): train_deep_hybrid_model> on 2025-06-09 01:16:17.386642+00:00
[2025-06-09T01:16:22.203+0000] {standard_task_runner.py:60} INFO - Started process 925 to run task
[2025-06-09T01:16:22.204+0000] {standard_task_runner.py:87} INFO - Running: ['***', 'tasks', 'run', 'deep_models_pipeline', 'train_deep_hybrid_model', 'manual__2025-06-09T01:16:17.386642+00:00', '--job-id', '3675', '--raw', '--subdir', 'DAGS_FOLDER/train_deep_model_dag.py', '--cfg-path', '/tmp/tmp7_9og_2g']
[2025-06-09T01:16:22.205+0000] {standard_task_runner.py:88} INFO - Job 3675: Subtask train_deep_hybrid_model
[2025-06-09T01:16:22.233+0000] {task_command.py:423} INFO - Running <TaskInstance: deep_models_pipeline.train_deep_hybrid_model manual__2025-06-09T01:16:17.386642+00:00 [running]> on host 5e3f8e40fa89
[2025-06-09T01:16:22.284+0000] {taskinstance.py:2480} INFO - Exporting env vars: AIRFLOW_CTX_DAG_OWNER='***' AIRFLOW_CTX_DAG_ID='deep_models_pipeline' AIRFLOW_CTX_TASK_ID='train_deep_hybrid_model' AIRFLOW_CTX_EXECUTION_DATE='2025-06-09T01:16:17.386642+00:00' AIRFLOW_CTX_TRY_NUMBER='1' AIRFLOW_CTX_DAG_RUN_ID='manual__2025-06-09T01:16:17.386642+00:00'
[2025-06-09T01:16:22.285+0000] {train_deep_model_dag.py:13} INFO - 🟦 Running command: python /opt/***/src/models/train_hybrid_deep_model.py --n_neighbors=10 --latent_dim=64 --epochs=30 --tfidf_features=300
[2025-06-09T01:17:20.630+0000] {train_deep_model_dag.py:20} INFO - 🟩 [stdout]:
🏃 View run train_hybrid_deep_model at: https://dagshub.com/sacer11/MLOps_movie_rec_apr25.mlflow/#/experiments/10/runs/b72cb99eba1647bdb1db51d01bb2f09b
🧪 View experiment at: https://dagshub.com/sacer11/MLOps_movie_rec_apr25.mlflow/#/experiments/10

[2025-06-09T01:17:20.631+0000] {train_deep_model_dag.py:22} WARNING - 🟨 [stderr]:
2025-06-09 01:16:25,873 - __main__ - INFO - 📥 Lade Rohdaten und baue Hybrid-Feature-Matrix ...
2025-06-09 01:16:30,706 - __main__ - INFO - 📐 Hybrid-Matrix erstellt mit Shape: (10381, 1429), Feature-Namen: 1429
2025-06-09 01:16:40,666 - __main__ - INFO - 💾 Hybrid-Matrix gespeichert unter /opt/***/data/processed/hybrid_matrix.csv
2025-06-09 01:16:40,756 - __main__ - INFO - 🚀 Starte Training Autoencoder ...
2025-06-09 01:16:41,570 - __main__ - INFO - Epoch 1/30: Loss = 0.0120
2025-06-09 01:16:41,860 - __main__ - INFO - Epoch 2/30: Loss = 0.0069
2025-06-09 01:16:42,115 - __main__ - INFO - Epoch 3/30: Loss = 0.0059
2025-06-09 01:16:42,361 - __main__ - INFO - Epoch 4/30: Loss = 0.0054
2025-06-09 01:16:42,614 - __main__ - INFO - Epoch 5/30: Loss = 0.0052
2025-06-09 01:16:42,875 - __main__ - INFO - Epoch 6/30: Loss = 0.0049
2025-06-09 01:16:43,138 - __main__ - INFO - Epoch 7/30: Loss = 0.0048
2025-06-09 01:16:43,383 - __main__ - INFO - Epoch 8/30: Loss = 0.0047
2025-06-09 01:16:43,644 - __main__ - INFO - Epoch 9/30: Loss = 0.0046
2025-06-09 01:16:43,889 - __main__ - INFO - Epoch 10/30: Loss = 0.0045
2025-06-09 01:16:44,130 - __main__ - INFO - Epoch 11/30: Loss = 0.0044
2025-06-09 01:16:44,375 - __main__ - INFO - Epoch 12/30: Loss = 0.0043
2025-06-09 01:16:44,611 - __main__ - INFO - Epoch 13/30: Loss = 0.0043
2025-06-09 01:16:44,864 - __main__ - INFO - Epoch 14/30: Loss = 0.0042
2025-06-09 01:16:45,110 - __main__ - INFO - Epoch 15/30: Loss = 0.0042
2025-06-09 01:16:45,353 - __main__ - INFO - Epoch 16/30: Loss = 0.0041
2025-06-09 01:16:45,593 - __main__ - INFO - Epoch 17/30: Loss = 0.0041
2025-06-09 01:16:45,830 - __main__ - INFO - Epoch 18/30: Loss = 0.0041
2025-06-09 01:16:46,063 - __main__ - INFO - Epoch 19/30: Loss = 0.0041
2025-06-09 01:16:46,324 - __main__ - INFO - Epoch 20/30: Loss = 0.0040
2025-06-09 01:16:46,580 - __main__ - INFO - Epoch 21/30: Loss = 0.0040
2025-06-09 01:16:46,853 - __main__ - INFO - Epoch 22/30: Loss = 0.0040
2025-06-09 01:16:47,137 - __main__ - INFO - Epoch 23/30: Loss = 0.0040
2025-06-09 01:16:47,436 - __main__ - INFO - Epoch 24/30: Loss = 0.0039
2025-06-09 01:16:47,726 - __main__ - INFO - Epoch 25/30: Loss = 0.0039
2025-06-09 01:16:47,960 - __main__ - INFO - Epoch 26/30: Loss = 0.0039
2025-06-09 01:16:48,194 - __main__ - INFO - Epoch 27/30: Loss = 0.0039
2025-06-09 01:16:48,430 - __main__ - INFO - Epoch 28/30: Loss = 0.0039
2025-06-09 01:16:48,691 - __main__ - INFO - Epoch 29/30: Loss = 0.0039
2025-06-09 01:16:48,938 - __main__ - INFO - Epoch 30/30: Loss = 0.0039
2025-06-09 01:16:49,385 - __main__ - INFO - ✅ Hybrid-Embeddings gespeichert unter /opt/***/data/processed/hybrid_deep_embedding.csv
2025-06-09 01:16:49,385 - __main__ - INFO - ✅ Hybrid-Embeddings gespeichert unter /opt/***/data/processed/hybrid_deep_embedding.csv
2025-06-09 01:16:49,402 - __main__ - INFO - ✅ Deep KNN Modell gespeichert unter /opt/***/models/hybrid_deep_knn.pkl
2025/06/09 01:16:55 INFO mlflow.pyfunc: Validating input example against model signature

Downloading artifacts:   0%|          | 0/1 [00:00<?, ?it/s]
Downloading artifacts: 100%|██████████| 1/1 [00:00<00:00, 49.00it/s]
Downloading artifacts: 100%|██████████| 1/1 [00:00<00:00, 48.59it/s]
Registered model 'hybrid_deep_model' already exists. Creating a new version of this model...
2025/06/09 01:17:07 INFO mlflow.store.model_registry.abstract_store: Waiting up to 300 seconds for model version to finish creation. Model name: hybrid_deep_model, version 76
Created version '76' of model 'hybrid_deep_model'.
2025-06-09 01:17:17,691 - __main__ - INFO - 📝 Tags für Modellversion 76 gesetzt: n_neighbors=10, latent_dim=64, tfidf_features=300, epochs=30
2025-06-09 01:17:19,695 - __main__ - INFO - 🏁 Deep Hybrid-Model Training abgeschlossen und geloggt.

[2025-06-09T01:17:20.631+0000] {python.py:201} INFO - Done. Returned value was: None
[2025-06-09T01:17:20.638+0000] {taskinstance.py:1138} INFO - Marking task as SUCCESS. dag_id=deep_models_pipeline, task_id=train_deep_hybrid_model, execution_date=20250609T011617, start_date=20250609T011622, end_date=20250609T011720
[2025-06-09T01:17:20.671+0000] {local_task_job_runner.py:234} INFO - Task exited with return code 0
[2025-06-09T01:17:20.688+0000] {taskinstance.py:3280} INFO - 1 downstream tasks scheduled from follow-on schedule check
