[2025-06-05T23:50:14.261+0000] {taskinstance.py:1956} INFO - Dependencies all met for dep_context=non-requeueable deps ti=<TaskInstance: deep_models_pipeline.dvc_pull_bestmodels manual__2025-06-05T23:48:00.014235+00:00 [queued]>
[2025-06-05T23:50:14.267+0000] {taskinstance.py:1956} INFO - Dependencies all met for dep_context=requeueable deps ti=<TaskInstance: deep_models_pipeline.dvc_pull_bestmodels manual__2025-06-05T23:48:00.014235+00:00 [queued]>
[2025-06-05T23:50:14.268+0000] {taskinstance.py:2170} INFO - Starting attempt 2 of 3
[2025-06-05T23:50:14.277+0000] {taskinstance.py:2191} INFO - Executing <Task(PythonOperator): dvc_pull_bestmodels> on 2025-06-05 23:48:00.014235+00:00
[2025-06-05T23:50:14.283+0000] {standard_task_runner.py:60} INFO - Started process 1360 to run task
[2025-06-05T23:50:14.284+0000] {standard_task_runner.py:87} INFO - Running: ['***', 'tasks', 'run', 'deep_models_pipeline', 'dvc_pull_bestmodels', 'manual__2025-06-05T23:48:00.014235+00:00', '--job-id', '2074', '--raw', '--subdir', 'DAGS_FOLDER/train_deep_model_dag.py', '--cfg-path', '/tmp/tmpp_gqmcyw']
[2025-06-05T23:50:14.286+0000] {standard_task_runner.py:88} INFO - Job 2074: Subtask dvc_pull_bestmodels
[2025-06-05T23:50:14.316+0000] {task_command.py:423} INFO - Running <TaskInstance: deep_models_pipeline.dvc_pull_bestmodels manual__2025-06-05T23:48:00.014235+00:00 [running]> on host c3c6a9191588
[2025-06-05T23:50:14.368+0000] {taskinstance.py:2480} INFO - Exporting env vars: AIRFLOW_CTX_DAG_OWNER='***' AIRFLOW_CTX_DAG_ID='deep_models_pipeline' AIRFLOW_CTX_TASK_ID='dvc_pull_bestmodels' AIRFLOW_CTX_EXECUTION_DATE='2025-06-05T23:48:00.014235+00:00' AIRFLOW_CTX_TRY_NUMBER='2' AIRFLOW_CTX_DAG_RUN_ID='manual__2025-06-05T23:48:00.014235+00:00'
[2025-06-05T23:50:14.369+0000] {train_deep_model_dag.py:13} INFO - 🟦 Running command: dvc pull /opt/***/models/hybrid_deep_model.pkl
[2025-06-05T23:50:27.548+0000] {train_deep_model_dag.py:20} INFO - 🟩 [stdout]:

[2025-06-05T23:50:27.549+0000] {train_deep_model_dag.py:22} WARNING - 🟨 [stderr]:
WARNING: failed to collect 'workspace', skipping
ERROR: failed to pull data from the cloud - '/opt/***/models/hybrid_deep_model.pkl' does not exist as an output or a stage name in 'dvc.yaml': 'dvc.yaml' does not exist

[2025-06-05T23:50:27.549+0000] {train_deep_model_dag.py:29} ERROR - ❌ Subprozess-Fehler (exit code 1): dvc pull /opt/***/models/hybrid_deep_model.pkl
[2025-06-05T23:50:27.550+0000] {train_deep_model_dag.py:32} ERROR - ❌ Subprozess-Ausnahme: Command '['dvc', 'pull', '/opt/***/models/hybrid_deep_model.pkl']' returned non-zero exit status 1.
[2025-06-05T23:50:27.550+0000] {train_deep_model_dag.py:84} ERROR - ❌ Unerwarteter Fehler beim DVC-Pull für /opt/***/models/hybrid_deep_model.pkl: Command '['dvc', 'pull', '/opt/***/models/hybrid_deep_model.pkl']' returned non-zero exit status 1.
[2025-06-05T23:50:27.551+0000] {taskinstance.py:2698} ERROR - Task failed with exception
Traceback (most recent call last):
  File "/home/airflow/.local/lib/python3.10/site-packages/airflow/models/taskinstance.py", line 433, in _execute_task
    result = execute_callable(context=context, **execute_callable_kwargs)
  File "/home/airflow/.local/lib/python3.10/site-packages/airflow/operators/python.py", line 199, in execute
    return_value = self.execute_callable()
  File "/home/airflow/.local/lib/python3.10/site-packages/airflow/operators/python.py", line 216, in execute_callable
    return self.python_callable(*self.op_args, **self.op_kwargs)
  File "/opt/airflow/dags/train_deep_model_dag.py", line 74, in dvc_pull_bestmodels_dl
    run_and_log(["dvc", "pull", art])
  File "/opt/airflow/dags/train_deep_model_dag.py", line 30, in run_and_log
    raise subprocess.CalledProcessError(result.returncode, command)
subprocess.CalledProcessError: Command '['dvc', 'pull', '/opt/airflow/models/hybrid_deep_model.pkl']' returned non-zero exit status 1.
[2025-06-05T23:50:27.563+0000] {taskinstance.py:1138} INFO - Marking task as UP_FOR_RETRY. dag_id=deep_models_pipeline, task_id=dvc_pull_bestmodels, execution_date=20250605T234800, start_date=20250605T235014, end_date=20250605T235027
[2025-06-05T23:50:27.572+0000] {standard_task_runner.py:107} ERROR - Failed to execute job 2074 for task dvc_pull_bestmodels (Command '['dvc', 'pull', '/opt/airflow/models/hybrid_deep_model.pkl']' returned non-zero exit status 1.; 1360)
[2025-06-05T23:50:27.596+0000] {local_task_job_runner.py:234} INFO - Task exited with return code 1
[2025-06-05T23:50:27.608+0000] {taskinstance.py:3280} INFO - 0 downstream tasks scheduled from follow-on schedule check
