[2025-06-02T05:53:46.871+0000] {taskinstance.py:1956} INFO - Dependencies all met for dep_context=non-requeueable deps ti=<TaskInstance: movie_recommendation_pipeline.dvc_add_and_push_all manual__2025-06-02T05:49:25.287870+00:00 [queued]>
[2025-06-02T05:53:46.877+0000] {taskinstance.py:1956} INFO - Dependencies all met for dep_context=requeueable deps ti=<TaskInstance: movie_recommendation_pipeline.dvc_add_and_push_all manual__2025-06-02T05:49:25.287870+00:00 [queued]>
[2025-06-02T05:53:46.877+0000] {taskinstance.py:2170} INFO - Starting attempt 1 of 3
[2025-06-02T05:53:46.887+0000] {taskinstance.py:2191} INFO - Executing <Task(PythonOperator): dvc_add_and_push_all> on 2025-06-02 05:49:25.287870+00:00
[2025-06-02T05:53:46.892+0000] {standard_task_runner.py:60} INFO - Started process 887 to run task
[2025-06-02T05:53:46.894+0000] {standard_task_runner.py:87} INFO - Running: ['***', 'tasks', 'run', 'movie_recommendation_pipeline', 'dvc_add_and_push_all', 'manual__2025-06-02T05:49:25.287870+00:00', '--job-id', '1510', '--raw', '--subdir', 'DAGS_FOLDER/mlops_movie_dag.py', '--cfg-path', '/tmp/tmpyu_foojz']
[2025-06-02T05:53:46.895+0000] {standard_task_runner.py:88} INFO - Job 1510: Subtask dvc_add_and_push_all
[2025-06-02T05:53:46.929+0000] {task_command.py:423} INFO - Running <TaskInstance: movie_recommendation_pipeline.dvc_add_and_push_all manual__2025-06-02T05:49:25.287870+00:00 [running]> on host 0e6e1ff1f8df
[2025-06-02T05:53:46.982+0000] {taskinstance.py:2480} INFO - Exporting env vars: AIRFLOW_CTX_DAG_OWNER='***' AIRFLOW_CTX_DAG_ID='movie_recommendation_pipeline' AIRFLOW_CTX_TASK_ID='dvc_add_and_push_all' AIRFLOW_CTX_EXECUTION_DATE='2025-06-02T05:49:25.287870+00:00' AIRFLOW_CTX_TRY_NUMBER='1' AIRFLOW_CTX_DAG_RUN_ID='manual__2025-06-02T05:49:25.287870+00:00'
[2025-06-02T05:53:46.984+0000] {mlops_movie_dag.py:12} INFO - 🟦 Running command: git config --global --add safe.directory /opt/***
[2025-06-02T05:53:46.998+0000] {mlops_movie_dag.py:19} INFO - 🟩 [stdout]:

[2025-06-02T05:53:46.998+0000] {mlops_movie_dag.py:12} INFO - 🟦 Running command: git config --global user.email ***@mlops.local
[2025-06-02T05:53:47.013+0000] {mlops_movie_dag.py:19} INFO - 🟩 [stdout]:

[2025-06-02T05:53:47.013+0000] {mlops_movie_dag.py:12} INFO - 🟦 Running command: git config --global user.name Airflow
[2025-06-02T05:53:47.027+0000] {mlops_movie_dag.py:19} INFO - 🟩 [stdout]:

[2025-06-02T05:53:47.028+0000] {mlops_movie_dag.py:12} INFO - 🟦 Running command: dvc add /opt/***/models/hybrid_model.pkl
[2025-06-02T05:53:59.026+0000] {mlops_movie_dag.py:19} INFO - 🟩 [stdout]:

To track the changes with git, run:

	git add models/hybrid_model.pkl.dvc

To enable auto staging, run:

	dvc config core.autostage true

[2025-06-02T05:53:59.027+0000] {mlops_movie_dag.py:12} INFO - 🟦 Running command: dvc add /opt/***/data/processed/hybrid_matrix.csv
[2025-06-02T05:54:12.455+0000] {mlops_movie_dag.py:19} INFO - 🟩 [stdout]:

To track the changes with git, run:

	git add data/processed/hybrid_matrix.csv.dvc

To enable auto staging, run:

	dvc config core.autostage true

[2025-06-02T05:54:12.456+0000] {mlops_movie_dag.py:12} INFO - 🟦 Running command: dvc add /opt/***/data/processed/hybrid_matrix_features.txt
[2025-06-02T05:54:21.783+0000] {mlops_movie_dag.py:19} INFO - 🟩 [stdout]:

To track the changes with git, run:

	git add data/processed/hybrid_matrix_features.txt.dvc

To enable auto staging, run:

	dvc config core.autostage true

[2025-06-02T05:54:21.784+0000] {mlops_movie_dag.py:12} INFO - 🟦 Running command: dvc add /opt/***/models/user_model.pkl
[2025-06-02T05:54:32.025+0000] {mlops_movie_dag.py:19} INFO - 🟩 [stdout]:

To track the changes with git, run:

	git add models/user_model.pkl.dvc

To enable auto staging, run:

	dvc config core.autostage true

[2025-06-02T05:54:32.025+0000] {mlops_movie_dag.py:12} INFO - 🟦 Running command: dvc add /opt/***/data/processed/user_matrix.csv
[2025-06-02T05:54:42.352+0000] {mlops_movie_dag.py:19} INFO - 🟩 [stdout]:

To track the changes with git, run:

	git add data/processed/user_matrix.csv.dvc

To enable auto staging, run:

	dvc config core.autostage true

[2025-06-02T05:54:42.353+0000] {mlops_movie_dag.py:12} INFO - 🟦 Running command: dvc add /opt/***/data/processed/user_matrix_features.txt
[2025-06-02T05:54:51.830+0000] {mlops_movie_dag.py:19} INFO - 🟩 [stdout]:

To track the changes with git, run:

	git add data/processed/user_matrix_features.txt.dvc

To enable auto staging, run:

	dvc config core.autostage true

[2025-06-02T05:54:51.831+0000] {mlops_movie_dag.py:12} INFO - 🟦 Running command: git add /opt/***/models/hybrid_model.pkl.dvc /opt/***/data/processed/hybrid_matrix.csv.dvc /opt/***/data/processed/hybrid_matrix_features.txt.dvc /opt/***/models/user_model.pkl.dvc /opt/***/data/processed/user_matrix.csv.dvc /opt/***/data/processed/user_matrix_features.txt.dvc
[2025-06-02T05:54:51.944+0000] {mlops_movie_dag.py:19} INFO - 🟩 [stdout]:

[2025-06-02T05:54:52.022+0000] {mlops_movie_dag.py:95} INFO - ✅ Nichts zu committen (Skip git commit)
[2025-06-02T05:54:52.023+0000] {mlops_movie_dag.py:12} INFO - 🟦 Running command: dvc push
[2025-06-02T05:55:01.907+0000] {mlops_movie_dag.py:19} INFO - 🟩 [stdout]:
Everything is up to date.

[2025-06-02T05:55:01.908+0000] {python.py:201} INFO - Done. Returned value was: None
[2025-06-02T05:55:01.918+0000] {taskinstance.py:1138} INFO - Marking task as SUCCESS. dag_id=movie_recommendation_pipeline, task_id=dvc_add_and_push_all, execution_date=20250602T054925, start_date=20250602T055346, end_date=20250602T055501
[2025-06-02T05:55:01.963+0000] {local_task_job_runner.py:234} INFO - Task exited with return code 0
[2025-06-02T05:55:01.983+0000] {taskinstance.py:3280} INFO - 1 downstream tasks scheduled from follow-on schedule check
