[2025-06-07T02:38:13.686+0000] {taskinstance.py:1956} INFO - Dependencies all met for dep_context=non-requeueable deps ti=<TaskInstance: deep_models_pipeline.import_raw_data manual__2025-06-07T02:38:12.394617+00:00 [queued]>
[2025-06-07T02:38:13.695+0000] {taskinstance.py:1956} INFO - Dependencies all met for dep_context=requeueable deps ti=<TaskInstance: deep_models_pipeline.import_raw_data manual__2025-06-07T02:38:12.394617+00:00 [queued]>
[2025-06-07T02:38:13.696+0000] {taskinstance.py:2170} INFO - Starting attempt 1 of 3
[2025-06-07T02:38:13.710+0000] {taskinstance.py:2191} INFO - Executing <Task(PythonOperator): import_raw_data> on 2025-06-07 02:38:12.394617+00:00
[2025-06-07T02:38:13.717+0000] {standard_task_runner.py:60} INFO - Started process 698 to run task
[2025-06-07T02:38:13.721+0000] {standard_task_runner.py:87} INFO - Running: ['***', 'tasks', 'run', 'deep_models_pipeline', 'import_raw_data', 'manual__2025-06-07T02:38:12.394617+00:00', '--job-id', '2380', '--raw', '--subdir', 'DAGS_FOLDER/train_deep_model_dag.py', '--cfg-path', '/tmp/tmp_b_tw9on']
[2025-06-07T02:38:13.723+0000] {standard_task_runner.py:88} INFO - Job 2380: Subtask import_raw_data
[2025-06-07T02:38:13.778+0000] {task_command.py:423} INFO - Running <TaskInstance: deep_models_pipeline.import_raw_data manual__2025-06-07T02:38:12.394617+00:00 [running]> on host 406d35c75796
[2025-06-07T02:38:13.862+0000] {taskinstance.py:2480} INFO - Exporting env vars: AIRFLOW_CTX_DAG_OWNER='***' AIRFLOW_CTX_DAG_ID='deep_models_pipeline' AIRFLOW_CTX_TASK_ID='import_raw_data' AIRFLOW_CTX_EXECUTION_DATE='2025-06-07T02:38:12.394617+00:00' AIRFLOW_CTX_TRY_NUMBER='1' AIRFLOW_CTX_DAG_RUN_ID='manual__2025-06-07T02:38:12.394617+00:00'
[2025-06-07T02:38:13.864+0000] {train_deep_model_dag.py:13} INFO - 🟦 Running command: python /opt/***/src/data/import_raw_data.py
[2025-06-07T02:38:14.112+0000] {train_deep_model_dag.py:20} INFO - 🟩 [stdout]:
✅ Datei bereits vorhanden, überspringe: genome-scores.csv
✅ Datei bereits vorhanden, überspringe: genome-tags.csv
✅ Datei bereits vorhanden, überspringe: links.csv
✅ Datei bereits vorhanden, überspringe: movies.csv
✅ Datei bereits vorhanden, überspringe: ratings.csv
✅ Datei bereits vorhanden, überspringe: README.txt
✅ Datei bereits vorhanden, überspringe: tags.csv

[2025-06-07T02:38:14.113+0000] {train_deep_model_dag.py:22} WARNING - 🟨 [stderr]:
2025-06-07 02:38:14,095 - __main__ - INFO - ✅ Rohdatenprüfung abgeschlossen.

[2025-06-07T02:38:14.114+0000] {python.py:201} INFO - Done. Returned value was: None
[2025-06-07T02:38:14.124+0000] {taskinstance.py:1138} INFO - Marking task as SUCCESS. dag_id=deep_models_pipeline, task_id=import_raw_data, execution_date=20250607T023812, start_date=20250607T023813, end_date=20250607T023814
[2025-06-07T02:38:14.176+0000] {local_task_job_runner.py:234} INFO - Task exited with return code 0
[2025-06-07T02:38:14.202+0000] {taskinstance.py:3280} INFO - 1 downstream tasks scheduled from follow-on schedule check
