[2025-06-01T13:31:57.302+0000] {taskinstance.py:1956} INFO - Dependencies all met for dep_context=non-requeueable deps ti=<TaskInstance: movie_recommendation_pipeline.train_user_model manual__2025-06-01T13:31:31.047616+00:00 [queued]>
[2025-06-01T13:31:57.308+0000] {taskinstance.py:1956} INFO - Dependencies all met for dep_context=requeueable deps ti=<TaskInstance: movie_recommendation_pipeline.train_user_model manual__2025-06-01T13:31:31.047616+00:00 [queued]>
[2025-06-01T13:31:57.309+0000] {taskinstance.py:2170} INFO - Starting attempt 1 of 3
[2025-06-01T13:31:57.327+0000] {taskinstance.py:2191} INFO - Executing <Task(PythonOperator): train_user_model> on 2025-06-01 13:31:31.047616+00:00
[2025-06-01T13:31:57.331+0000] {standard_task_runner.py:60} INFO - Started process 307 to run task
[2025-06-01T13:31:57.333+0000] {standard_task_runner.py:87} INFO - Running: ['***', 'tasks', 'run', 'movie_recommendation_pipeline', 'train_user_model', 'manual__2025-06-01T13:31:31.047616+00:00', '--job-id', '1034', '--raw', '--subdir', 'DAGS_FOLDER/mlops_movie_dag.py', '--cfg-path', '/tmp/tmpchn2ni4k']
[2025-06-01T13:31:57.334+0000] {standard_task_runner.py:88} INFO - Job 1034: Subtask train_user_model
[2025-06-01T13:31:57.367+0000] {task_command.py:423} INFO - Running <TaskInstance: movie_recommendation_pipeline.train_user_model manual__2025-06-01T13:31:31.047616+00:00 [running]> on host b9fe32b2c3f2
[2025-06-01T13:31:57.417+0000] {taskinstance.py:2480} INFO - Exporting env vars: AIRFLOW_CTX_DAG_OWNER='***' AIRFLOW_CTX_DAG_ID='movie_recommendation_pipeline' AIRFLOW_CTX_TASK_ID='train_user_model' AIRFLOW_CTX_EXECUTION_DATE='2025-06-01T13:31:31.047616+00:00' AIRFLOW_CTX_TRY_NUMBER='1' AIRFLOW_CTX_DAG_RUN_ID='manual__2025-06-01T13:31:31.047616+00:00'
[2025-06-01T13:35:23.892+0000] {mlops_movie_dag.py:15} INFO - ðŸš€ Starte Training des user_model
ðŸ“¥ Lade Bewertungen und Movie-Embeddings
ðŸ”„ Erstelle User-Vektoren
ðŸ’¾ Featureliste gespeichert unter /opt/***/data/processed/user_features.csv
âœ… 138493 User-Vektoren gespeichert unter /opt/***/data/processed/user_matrix.csv
ðŸ“Š Trainiere NearestNeighbors-Modell
âœ… Modell gespeichert unter /opt/***/models/user_model.pkl
ðŸ“¡ Starte MLflow-Tracking

Downloading artifacts:   0%|          | 0/1 [00:00<?, ?it/s]
Downloading artifacts: 100%|â–ˆâ–ˆâ–ˆâ–ˆâ–ˆâ–ˆâ–ˆâ–ˆâ–ˆâ–ˆ| 1/1 [00:00<00:00,  4.78it/s]
Downloading artifacts: 100%|â–ˆâ–ˆâ–ˆâ–ˆâ–ˆâ–ˆâ–ˆâ–ˆâ–ˆâ–ˆ| 1/1 [00:00<00:00,  4.78it/s]
Downloading artifacts: 100%|â–ˆâ–ˆâ–ˆâ–ˆâ–ˆâ–ˆâ–ˆâ–ˆâ–ˆâ–ˆ| 1/1 [00:00<00:00,  4.77it/s]
ðŸ Training abgeschlossen und geloggt.

[2025-06-01T13:35:23.894+0000] {python.py:201} INFO - Done. Returned value was: None
[2025-06-01T13:35:23.909+0000] {taskinstance.py:1138} INFO - Marking task as SUCCESS. dag_id=movie_recommendation_pipeline, task_id=train_user_model, execution_date=20250601T133131, start_date=20250601T133157, end_date=20250601T133523
[2025-06-01T13:35:23.963+0000] {local_task_job_runner.py:234} INFO - Task exited with return code 0
[2025-06-01T13:35:23.986+0000] {taskinstance.py:3280} INFO - 1 downstream tasks scheduled from follow-on schedule check
