[2025-06-08T21:29:36.463+0000] {taskinstance.py:1956} INFO - Dependencies all met for dep_context=non-requeueable deps ti=<TaskInstance: deep_models_pipeline.predict_best_model manual__2025-06-08T21:14:03.448219+00:00 [queued]>
[2025-06-08T21:29:36.468+0000] {taskinstance.py:1956} INFO - Dependencies all met for dep_context=requeueable deps ti=<TaskInstance: deep_models_pipeline.predict_best_model manual__2025-06-08T21:14:03.448219+00:00 [queued]>
[2025-06-08T21:29:36.468+0000] {taskinstance.py:2170} INFO - Starting attempt 3 of 3
[2025-06-08T21:29:36.477+0000] {taskinstance.py:2191} INFO - Executing <Task(PythonOperator): predict_best_model> on 2025-06-08 21:14:03.448219+00:00
[2025-06-08T21:29:36.483+0000] {standard_task_runner.py:60} INFO - Started process 4818 to run task
[2025-06-08T21:29:36.484+0000] {standard_task_runner.py:87} INFO - Running: ['***', 'tasks', 'run', 'deep_models_pipeline', 'predict_best_model', 'manual__2025-06-08T21:14:03.448219+00:00', '--job-id', '3546', '--raw', '--subdir', 'DAGS_FOLDER/train_deep_model_dag.py', '--cfg-path', '/tmp/tmp_u3awx58']
[2025-06-08T21:29:36.486+0000] {standard_task_runner.py:88} INFO - Job 3546: Subtask predict_best_model
[2025-06-08T21:29:36.521+0000] {task_command.py:423} INFO - Running <TaskInstance: deep_models_pipeline.predict_best_model manual__2025-06-08T21:14:03.448219+00:00 [running]> on host 2049a80cedbe
[2025-06-08T21:29:36.572+0000] {taskinstance.py:2480} INFO - Exporting env vars: AIRFLOW_CTX_DAG_OWNER='***' AIRFLOW_CTX_DAG_ID='deep_models_pipeline' AIRFLOW_CTX_TASK_ID='predict_best_model' AIRFLOW_CTX_EXECUTION_DATE='2025-06-08T21:14:03.448219+00:00' AIRFLOW_CTX_TRY_NUMBER='3' AIRFLOW_CTX_DAG_RUN_ID='manual__2025-06-08T21:14:03.448219+00:00'
[2025-06-08T21:29:36.573+0000] {train_deep_model_dag.py:13} INFO - 🟦 Running command: python /opt/***/src/models/predict_best_model.py
[2025-06-08T21:30:26.335+0000] {train_deep_model_dag.py:20} INFO - 🟩 [stdout]:
🏃 View run predict_best_model_hybrid_deep at: https://dagshub.com/sacer11/MLOps_movie_rec_apr25.mlflow/#/experiments/11/runs/a38a8fcd00c945cab10378044a076360
🧪 View experiment at: https://dagshub.com/sacer11/MLOps_movie_rec_apr25.mlflow/#/experiments/11

[2025-06-08T21:30:26.336+0000] {train_deep_model_dag.py:22} WARNING - 🟨 [stderr]:

Downloading artifacts:   0%|          | 0/1 [00:00<?, ?it/s]
Downloading artifacts: 100%|██████████| 1/1 [00:02<00:00,  2.64s/it]
Downloading artifacts: 100%|██████████| 1/1 [00:02<00:00,  2.64s/it]
Downloading artifacts: 100%|██████████| 1/1 [00:02<00:00,  2.64s/it]
2025-06-08 21:29:51,673 - INFO - ✅ Best-Embedding aus MLflow geladen: /opt/***/data/processed/hybrid_deep_embedding_best.csv
2025-06-08 21:29:51,674 - INFO - 🚀 Starte Prediction für hybrid_deep_model über MLflow Registry
2025-06-08 21:29:51,674 - INFO - 📦 Lade Modell: models:/hybrid_deep_model@best_model

Downloading artifacts:   0%|          | 0/8 [00:00<?, ?it/s]
Downloading artifacts:  12%|█▎        | 1/8 [00:01<00:07,  1.03s/it]
Downloading artifacts:  12%|█▎        | 1/8 [00:01<00:07,  1.03s/it]
Downloading artifacts:  25%|██▌       | 2/8 [00:04<00:14,  2.42s/it]
Downloading artifacts:  25%|██▌       | 2/8 [00:04<00:14,  2.42s/it]
Downloading artifacts:  38%|███▊      | 3/8 [00:05<00:08,  1.61s/it]
Downloading artifacts:  38%|███▊      | 3/8 [00:05<00:08,  1.61s/it]
Downloading artifacts:  50%|█████     | 4/8 [00:06<00:05,  1.37s/it]
Downloading artifacts:  50%|█████     | 4/8 [00:06<00:05,  1.37s/it]
Downloading artifacts:  62%|██████▎   | 5/8 [00:07<00:03,  1.27s/it]
Downloading artifacts:  62%|██████▎   | 5/8 [00:07<00:03,  1.27s/it]
Downloading artifacts:  75%|███████▌  | 6/8 [00:08<00:02,  1.14s/it]
Downloading artifacts:  75%|███████▌  | 6/8 [00:08<00:02,  1.14s/it]
Downloading artifacts:  88%|████████▊ | 7/8 [00:09<00:01,  1.17s/it]
Downloading artifacts:  88%|████████▊ | 7/8 [00:09<00:01,  1.17s/it]
Downloading artifacts: 100%|██████████| 8/8 [00:10<00:00,  1.04s/it]
Downloading artifacts: 100%|██████████| 8/8 [00:10<00:00,  1.04s/it]
Downloading artifacts: 100%|██████████| 8/8 [00:10<00:00,  1.25s/it]
2025-06-08 21:30:15,226 - INFO - 📥 Embedding geladen: /opt/***/data/processed/hybrid_deep_embedding_best.csv – Shape: (10381, 32)
2025-06-08 21:30:15,334 - INFO - 💾 Vorhersagen gespeichert unter: /opt/***/data/processed/predictions_hybrid_deep_model.csv
2025-06-08 21:30:25,923 - INFO - ✅ Predictions erfolgreich in MLflow geloggt

[2025-06-08T21:30:26.337+0000] {python.py:201} INFO - Done. Returned value was: None
[2025-06-08T21:30:26.347+0000] {taskinstance.py:1138} INFO - Marking task as SUCCESS. dag_id=deep_models_pipeline, task_id=predict_best_model, execution_date=20250608T211403, start_date=20250608T212936, end_date=20250608T213026
[2025-06-08T21:30:26.365+0000] {local_task_job_runner.py:234} INFO - Task exited with return code 0
[2025-06-08T21:30:26.380+0000] {taskinstance.py:3280} INFO - 0 downstream tasks scheduled from follow-on schedule check
