[2025-06-04T05:31:05.776+0000] {taskinstance.py:1956} INFO - Dependencies all met for dep_context=non-requeueable deps ti=<TaskInstance: movie_recommendation_pipeline.dvc_add_and_push_all manual__2025-06-04T05:26:59.474168+00:00 [queued]>
[2025-06-04T05:31:05.783+0000] {taskinstance.py:1956} INFO - Dependencies all met for dep_context=requeueable deps ti=<TaskInstance: movie_recommendation_pipeline.dvc_add_and_push_all manual__2025-06-04T05:26:59.474168+00:00 [queued]>
[2025-06-04T05:31:05.783+0000] {taskinstance.py:2170} INFO - Starting attempt 1 of 3
[2025-06-04T05:31:05.794+0000] {taskinstance.py:2191} INFO - Executing <Task(PythonOperator): dvc_add_and_push_all> on 2025-06-04 05:26:59.474168+00:00
[2025-06-04T05:31:05.801+0000] {standard_task_runner.py:60} INFO - Started process 856 to run task
[2025-06-04T05:31:05.803+0000] {standard_task_runner.py:87} INFO - Running: ['***', 'tasks', 'run', 'movie_recommendation_pipeline', 'dvc_add_and_push_all', 'manual__2025-06-04T05:26:59.474168+00:00', '--job-id', '1783', '--raw', '--subdir', 'DAGS_FOLDER/mlops_movie_dag.py', '--cfg-path', '/tmp/tmpwlvs5hu1']
[2025-06-04T05:31:05.804+0000] {standard_task_runner.py:88} INFO - Job 1783: Subtask dvc_add_and_push_all
[2025-06-04T05:31:05.842+0000] {task_command.py:423} INFO - Running <TaskInstance: movie_recommendation_pipeline.dvc_add_and_push_all manual__2025-06-04T05:26:59.474168+00:00 [running]> on host e2c85b369801
[2025-06-04T05:31:05.900+0000] {taskinstance.py:2480} INFO - Exporting env vars: AIRFLOW_CTX_DAG_OWNER='***' AIRFLOW_CTX_DAG_ID='movie_recommendation_pipeline' AIRFLOW_CTX_TASK_ID='dvc_add_and_push_all' AIRFLOW_CTX_EXECUTION_DATE='2025-06-04T05:26:59.474168+00:00' AIRFLOW_CTX_TRY_NUMBER='1' AIRFLOW_CTX_DAG_RUN_ID='manual__2025-06-04T05:26:59.474168+00:00'
[2025-06-04T05:31:05.905+0000] {mlops_movie_dag.py:12} INFO - 🟦 Running command: git config --global --add safe.directory /opt/***
[2025-06-04T05:31:05.915+0000] {mlops_movie_dag.py:19} INFO - 🟩 [stdout]:

[2025-06-04T05:31:05.915+0000] {mlops_movie_dag.py:12} INFO - 🟦 Running command: git config --global user.email ***@mlops.local
[2025-06-04T05:31:05.926+0000] {mlops_movie_dag.py:19} INFO - 🟩 [stdout]:

[2025-06-04T05:31:05.927+0000] {mlops_movie_dag.py:12} INFO - 🟦 Running command: git config --global user.name Airflow
[2025-06-04T05:31:05.940+0000] {mlops_movie_dag.py:19} INFO - 🟩 [stdout]:

[2025-06-04T05:31:05.940+0000] {mlops_movie_dag.py:12} INFO - 🟦 Running command: dvc add /opt/***/models/hybrid_model.pkl
[2025-06-04T05:31:21.339+0000] {mlops_movie_dag.py:19} INFO - 🟩 [stdout]:

To track the changes with git, run:

	git add models/hybrid_model.pkl.dvc

To enable auto staging, run:

	dvc config core.autostage true

[2025-06-04T05:31:21.340+0000] {mlops_movie_dag.py:12} INFO - 🟦 Running command: dvc add /opt/***/data/processed/hybrid_matrix.csv
[2025-06-04T05:31:38.917+0000] {mlops_movie_dag.py:19} INFO - 🟩 [stdout]:

To track the changes with git, run:

	git add data/processed/hybrid_matrix.csv.dvc

To enable auto staging, run:

	dvc config core.autostage true

[2025-06-04T05:31:38.918+0000] {mlops_movie_dag.py:12} INFO - 🟦 Running command: dvc add /opt/***/data/processed/hybrid_matrix_features.txt
[2025-06-04T05:31:50.217+0000] {mlops_movie_dag.py:19} INFO - 🟩 [stdout]:

To track the changes with git, run:

	git add data/processed/hybrid_matrix_features.txt.dvc

To enable auto staging, run:

	dvc config core.autostage true

[2025-06-04T05:31:50.218+0000] {mlops_movie_dag.py:12} INFO - 🟦 Running command: dvc add /opt/***/models/user_model.pkl
[2025-06-04T05:32:04.220+0000] {mlops_movie_dag.py:19} INFO - 🟩 [stdout]:

To track the changes with git, run:

	git add models/user_model.pkl.dvc

To enable auto staging, run:

	dvc config core.autostage true

[2025-06-04T05:32:04.221+0000] {mlops_movie_dag.py:12} INFO - 🟦 Running command: dvc add /opt/***/data/processed/user_matrix.csv
[2025-06-04T05:33:21.902+0000] {mlops_movie_dag.py:19} INFO - 🟩 [stdout]:

To track the changes with git, run:

	git add data/processed/user_matrix.csv.dvc

To enable auto staging, run:

	dvc config core.autostage true

[2025-06-04T05:33:21.903+0000] {mlops_movie_dag.py:12} INFO - 🟦 Running command: dvc add /opt/***/data/processed/user_matrix_features.txt
[2025-06-04T05:33:34.614+0000] {mlops_movie_dag.py:19} INFO - 🟩 [stdout]:

To track the changes with git, run:

	git add data/processed/user_matrix_features.txt.dvc

To enable auto staging, run:

	dvc config core.autostage true

[2025-06-04T05:33:34.615+0000] {mlops_movie_dag.py:12} INFO - 🟦 Running command: git add /opt/***/models/hybrid_model.pkl.dvc /opt/***/data/processed/hybrid_matrix.csv.dvc /opt/***/data/processed/hybrid_matrix_features.txt.dvc /opt/***/models/user_model.pkl.dvc /opt/***/data/processed/user_matrix.csv.dvc /opt/***/data/processed/user_matrix_features.txt.dvc
[2025-06-04T05:33:34.734+0000] {mlops_movie_dag.py:19} INFO - 🟩 [stdout]:

[2025-06-04T05:33:34.816+0000] {mlops_movie_dag.py:138} INFO - ✅ Nichts zu committen (Skip git commit)
[2025-06-04T05:33:34.817+0000] {mlops_movie_dag.py:12} INFO - 🟦 Running command: dvc push
[2025-06-04T05:33:46.982+0000] {mlops_movie_dag.py:19} INFO - 🟩 [stdout]:
Everything is up to date.

[2025-06-04T05:33:46.983+0000] {python.py:201} INFO - Done. Returned value was: None
[2025-06-04T05:33:46.993+0000] {taskinstance.py:1138} INFO - Marking task as SUCCESS. dag_id=movie_recommendation_pipeline, task_id=dvc_add_and_push_all, execution_date=20250604T052659, start_date=20250604T053105, end_date=20250604T053346
[2025-06-04T05:33:47.021+0000] {local_task_job_runner.py:234} INFO - Task exited with return code 0
[2025-06-04T05:33:47.043+0000] {taskinstance.py:3280} INFO - 1 downstream tasks scheduled from follow-on schedule check
