[2025-06-02T09:08:56.533+0000] {taskinstance.py:1956} INFO - Dependencies all met for dep_context=non-requeueable deps ti=<TaskInstance: movie_recommendation_pipeline.dvc_pull_all manual__2025-06-02T09:00:54.986418+00:00 [queued]>
[2025-06-02T09:08:56.539+0000] {taskinstance.py:1956} INFO - Dependencies all met for dep_context=requeueable deps ti=<TaskInstance: movie_recommendation_pipeline.dvc_pull_all manual__2025-06-02T09:00:54.986418+00:00 [queued]>
[2025-06-02T09:08:56.540+0000] {taskinstance.py:2170} INFO - Starting attempt 1 of 3
[2025-06-02T09:08:56.553+0000] {taskinstance.py:2191} INFO - Executing <Task(PythonOperator): dvc_pull_all> on 2025-06-02 09:00:54.986418+00:00
[2025-06-02T09:08:56.561+0000] {standard_task_runner.py:60} INFO - Started process 3401 to run task
[2025-06-02T09:08:56.563+0000] {standard_task_runner.py:87} INFO - Running: ['***', 'tasks', 'run', 'movie_recommendation_pipeline', 'dvc_pull_all', 'manual__2025-06-02T09:00:54.986418+00:00', '--job-id', '1629', '--raw', '--subdir', 'DAGS_FOLDER/mlops_movie_dag.py', '--cfg-path', '/tmp/tmpz39iw6lf']
[2025-06-02T09:08:56.564+0000] {standard_task_runner.py:88} INFO - Job 1629: Subtask dvc_pull_all
[2025-06-02T09:08:56.600+0000] {task_command.py:423} INFO - Running <TaskInstance: movie_recommendation_pipeline.dvc_pull_all manual__2025-06-02T09:00:54.986418+00:00 [running]> on host 3bd360313a9c
[2025-06-02T09:08:56.659+0000] {taskinstance.py:2480} INFO - Exporting env vars: AIRFLOW_CTX_DAG_OWNER='***' AIRFLOW_CTX_DAG_ID='movie_recommendation_pipeline' AIRFLOW_CTX_TASK_ID='dvc_pull_all' AIRFLOW_CTX_EXECUTION_DATE='2025-06-02T09:00:54.986418+00:00' AIRFLOW_CTX_TRY_NUMBER='1' AIRFLOW_CTX_DAG_RUN_ID='manual__2025-06-02T09:00:54.986418+00:00'
[2025-06-02T09:08:56.660+0000] {mlops_movie_dag.py:12} INFO - 游릱 Running command: dvc pull /opt/***/models/hybrid_model.pkl
[2025-06-02T09:09:07.858+0000] {mlops_movie_dag.py:19} INFO - 游릴 [stdout]:
Everything is up to date.

[2025-06-02T09:09:07.859+0000] {mlops_movie_dag.py:12} INFO - 游릱 Running command: dvc pull /opt/***/data/processed/hybrid_matrix.csv
[2025-06-02T09:09:18.741+0000] {mlops_movie_dag.py:19} INFO - 游릴 [stdout]:
Everything is up to date.

[2025-06-02T09:09:18.742+0000] {mlops_movie_dag.py:12} INFO - 游릱 Running command: dvc pull /opt/***/data/processed/hybrid_matrix_features.txt
[2025-06-02T09:09:29.765+0000] {mlops_movie_dag.py:19} INFO - 游릴 [stdout]:
Everything is up to date.

[2025-06-02T09:09:29.766+0000] {mlops_movie_dag.py:12} INFO - 游릱 Running command: dvc pull /opt/***/models/user_model.pkl
[2025-06-02T09:09:40.738+0000] {mlops_movie_dag.py:19} INFO - 游릴 [stdout]:
Everything is up to date.

[2025-06-02T09:09:40.740+0000] {mlops_movie_dag.py:12} INFO - 游릱 Running command: dvc pull /opt/***/data/processed/user_matrix.csv
[2025-06-02T09:09:51.834+0000] {mlops_movie_dag.py:19} INFO - 游릴 [stdout]:
Everything is up to date.

[2025-06-02T09:09:51.835+0000] {mlops_movie_dag.py:12} INFO - 游릱 Running command: dvc pull /opt/***/data/processed/user_matrix_features.txt
[2025-06-02T09:10:03.040+0000] {mlops_movie_dag.py:19} INFO - 游릴 [stdout]:
Everything is up to date.

[2025-06-02T09:10:03.041+0000] {python.py:201} INFO - Done. Returned value was: None
[2025-06-02T09:10:03.052+0000] {taskinstance.py:1138} INFO - Marking task as SUCCESS. dag_id=movie_recommendation_pipeline, task_id=dvc_pull_all, execution_date=20250602T090054, start_date=20250602T090856, end_date=20250602T091003
[2025-06-02T09:10:03.106+0000] {local_task_job_runner.py:234} INFO - Task exited with return code 0
[2025-06-02T09:10:03.133+0000] {taskinstance.py:3280} INFO - 1 downstream tasks scheduled from follow-on schedule check
