[2025-06-02T07:52:40.557+0000] {taskinstance.py:1956} INFO - Dependencies all met for dep_context=non-requeueable deps ti=<TaskInstance: movie_recommendation_pipeline.cleanup_all manual__2025-06-02T07:43:05.592633+00:00 [queued]>
[2025-06-02T07:52:40.563+0000] {taskinstance.py:1956} INFO - Dependencies all met for dep_context=requeueable deps ti=<TaskInstance: movie_recommendation_pipeline.cleanup_all manual__2025-06-02T07:43:05.592633+00:00 [queued]>
[2025-06-02T07:52:40.564+0000] {taskinstance.py:2170} INFO - Starting attempt 1 of 3
[2025-06-02T07:52:40.575+0000] {taskinstance.py:2191} INFO - Executing <Task(PythonOperator): cleanup_all> on 2025-06-02 07:43:05.592633+00:00
[2025-06-02T07:52:40.581+0000] {standard_task_runner.py:60} INFO - Started process 526 to run task
[2025-06-02T07:52:40.583+0000] {standard_task_runner.py:87} INFO - Running: ['***', 'tasks', 'run', 'movie_recommendation_pipeline', 'cleanup_all', 'manual__2025-06-02T07:43:05.592633+00:00', '--job-id', '1576', '--raw', '--subdir', 'DAGS_FOLDER/mlops_movie_dag.py', '--cfg-path', '/tmp/tmp5z6qbvwy']
[2025-06-02T07:52:40.584+0000] {standard_task_runner.py:88} INFO - Job 1576: Subtask cleanup_all
[2025-06-02T07:52:40.620+0000] {task_command.py:423} INFO - Running <TaskInstance: movie_recommendation_pipeline.cleanup_all manual__2025-06-02T07:43:05.592633+00:00 [running]> on host 799e7d5ce072
[2025-06-02T07:52:40.681+0000] {taskinstance.py:2480} INFO - Exporting env vars: AIRFLOW_CTX_DAG_OWNER='***' AIRFLOW_CTX_DAG_ID='movie_recommendation_pipeline' AIRFLOW_CTX_TASK_ID='cleanup_all' AIRFLOW_CTX_EXECUTION_DATE='2025-06-02T07:43:05.592633+00:00' AIRFLOW_CTX_TRY_NUMBER='1' AIRFLOW_CTX_DAG_RUN_ID='manual__2025-06-02T07:43:05.592633+00:00'
[2025-06-02T07:52:40.690+0000] {mlops_movie_dag.py:12} INFO - 🟦 Running command: dvc remove /opt/***/models/hybrid_model.pkl.dvc
[2025-06-02T07:52:41.372+0000] {mlops_movie_dag.py:19} INFO - 🟩 [stdout]:

[2025-06-02T07:52:41.373+0000] {mlops_movie_dag.py:21} WARNING - 🟨 [stderr]:
ERROR: '/opt/***/models/hybrid_model.pkl.dvc' does not exist

[2025-06-02T07:52:41.374+0000] {mlops_movie_dag.py:28} ERROR - ❌ Subprozess-Fehler (exit code 1): dvc remove /opt/***/models/hybrid_model.pkl.dvc
[2025-06-02T07:52:41.374+0000] {mlops_movie_dag.py:31} ERROR - ❌ Subprozess-Ausnahme: Command '['dvc', 'remove', '/opt/***/models/hybrid_model.pkl.dvc']' returned non-zero exit status 1.
[2025-06-02T07:52:41.375+0000] {mlops_movie_dag.py:99} WARNING - Ignoriere Fehler bei dvc remove für /opt/***/models/hybrid_model.pkl.dvc: Command '['dvc', 'remove', '/opt/***/models/hybrid_model.pkl.dvc']' returned non-zero exit status 1.
[2025-06-02T07:52:41.382+0000] {mlops_movie_dag.py:12} INFO - 🟦 Running command: dvc remove /opt/***/data/processed/hybrid_matrix.csv.dvc
[2025-06-02T07:52:41.795+0000] {mlops_movie_dag.py:19} INFO - 🟩 [stdout]:

[2025-06-02T07:52:41.796+0000] {mlops_movie_dag.py:21} WARNING - 🟨 [stderr]:
ERROR: '/opt/***/data/processed/hybrid_matrix.csv.dvc' does not exist

[2025-06-02T07:52:41.796+0000] {mlops_movie_dag.py:28} ERROR - ❌ Subprozess-Fehler (exit code 1): dvc remove /opt/***/data/processed/hybrid_matrix.csv.dvc
[2025-06-02T07:52:41.797+0000] {mlops_movie_dag.py:31} ERROR - ❌ Subprozess-Ausnahme: Command '['dvc', 'remove', '/opt/***/data/processed/hybrid_matrix.csv.dvc']' returned non-zero exit status 1.
[2025-06-02T07:52:41.797+0000] {mlops_movie_dag.py:99} WARNING - Ignoriere Fehler bei dvc remove für /opt/***/data/processed/hybrid_matrix.csv.dvc: Command '['dvc', 'remove', '/opt/***/data/processed/hybrid_matrix.csv.dvc']' returned non-zero exit status 1.
[2025-06-02T07:52:41.805+0000] {mlops_movie_dag.py:12} INFO - 🟦 Running command: dvc remove /opt/***/data/processed/hybrid_matrix_features.txt.dvc
[2025-06-02T07:52:42.233+0000] {mlops_movie_dag.py:19} INFO - 🟩 [stdout]:

[2025-06-02T07:52:42.234+0000] {mlops_movie_dag.py:21} WARNING - 🟨 [stderr]:
ERROR: '/opt/***/data/processed/hybrid_matrix_features.txt.dvc' does not exist

[2025-06-02T07:52:42.235+0000] {mlops_movie_dag.py:28} ERROR - ❌ Subprozess-Fehler (exit code 1): dvc remove /opt/***/data/processed/hybrid_matrix_features.txt.dvc
[2025-06-02T07:52:42.235+0000] {mlops_movie_dag.py:31} ERROR - ❌ Subprozess-Ausnahme: Command '['dvc', 'remove', '/opt/***/data/processed/hybrid_matrix_features.txt.dvc']' returned non-zero exit status 1.
[2025-06-02T07:52:42.236+0000] {mlops_movie_dag.py:99} WARNING - Ignoriere Fehler bei dvc remove für /opt/***/data/processed/hybrid_matrix_features.txt.dvc: Command '['dvc', 'remove', '/opt/***/data/processed/hybrid_matrix_features.txt.dvc']' returned non-zero exit status 1.
[2025-06-02T07:52:42.240+0000] {mlops_movie_dag.py:12} INFO - 🟦 Running command: dvc remove /opt/***/models/user_model.pkl.dvc
[2025-06-02T07:52:42.627+0000] {mlops_movie_dag.py:19} INFO - 🟩 [stdout]:

[2025-06-02T07:52:42.628+0000] {mlops_movie_dag.py:21} WARNING - 🟨 [stderr]:
ERROR: '/opt/***/models/user_model.pkl.dvc' does not exist

[2025-06-02T07:52:42.629+0000] {mlops_movie_dag.py:28} ERROR - ❌ Subprozess-Fehler (exit code 1): dvc remove /opt/***/models/user_model.pkl.dvc
[2025-06-02T07:52:42.629+0000] {mlops_movie_dag.py:31} ERROR - ❌ Subprozess-Ausnahme: Command '['dvc', 'remove', '/opt/***/models/user_model.pkl.dvc']' returned non-zero exit status 1.
[2025-06-02T07:52:42.630+0000] {mlops_movie_dag.py:99} WARNING - Ignoriere Fehler bei dvc remove für /opt/***/models/user_model.pkl.dvc: Command '['dvc', 'remove', '/opt/***/models/user_model.pkl.dvc']' returned non-zero exit status 1.
[2025-06-02T07:52:42.643+0000] {mlops_movie_dag.py:12} INFO - 🟦 Running command: dvc remove /opt/***/data/processed/user_matrix.csv.dvc
[2025-06-02T07:52:43.041+0000] {mlops_movie_dag.py:19} INFO - 🟩 [stdout]:

[2025-06-02T07:52:43.042+0000] {mlops_movie_dag.py:21} WARNING - 🟨 [stderr]:
ERROR: '/opt/***/data/processed/user_matrix.csv.dvc' does not exist

[2025-06-02T07:52:43.043+0000] {mlops_movie_dag.py:28} ERROR - ❌ Subprozess-Fehler (exit code 1): dvc remove /opt/***/data/processed/user_matrix.csv.dvc
[2025-06-02T07:52:43.043+0000] {mlops_movie_dag.py:31} ERROR - ❌ Subprozess-Ausnahme: Command '['dvc', 'remove', '/opt/***/data/processed/user_matrix.csv.dvc']' returned non-zero exit status 1.
[2025-06-02T07:52:43.043+0000] {mlops_movie_dag.py:99} WARNING - Ignoriere Fehler bei dvc remove für /opt/***/data/processed/user_matrix.csv.dvc: Command '['dvc', 'remove', '/opt/***/data/processed/user_matrix.csv.dvc']' returned non-zero exit status 1.
[2025-06-02T07:52:43.050+0000] {mlops_movie_dag.py:12} INFO - 🟦 Running command: dvc remove /opt/***/data/processed/user_matrix_features.txt.dvc
[2025-06-02T07:52:43.432+0000] {mlops_movie_dag.py:19} INFO - 🟩 [stdout]:

[2025-06-02T07:52:43.433+0000] {mlops_movie_dag.py:21} WARNING - 🟨 [stderr]:
ERROR: '/opt/***/data/processed/user_matrix_features.txt.dvc' does not exist

[2025-06-02T07:52:43.433+0000] {mlops_movie_dag.py:28} ERROR - ❌ Subprozess-Fehler (exit code 1): dvc remove /opt/***/data/processed/user_matrix_features.txt.dvc
[2025-06-02T07:52:43.434+0000] {mlops_movie_dag.py:31} ERROR - ❌ Subprozess-Ausnahme: Command '['dvc', 'remove', '/opt/***/data/processed/user_matrix_features.txt.dvc']' returned non-zero exit status 1.
[2025-06-02T07:52:43.434+0000] {mlops_movie_dag.py:99} WARNING - Ignoriere Fehler bei dvc remove für /opt/***/data/processed/user_matrix_features.txt.dvc: Command '['dvc', 'remove', '/opt/***/data/processed/user_matrix_features.txt.dvc']' returned non-zero exit status 1.
[2025-06-02T07:52:43.435+0000] {python.py:201} INFO - Done. Returned value was: None
[2025-06-02T07:52:43.443+0000] {taskinstance.py:1138} INFO - Marking task as SUCCESS. dag_id=movie_recommendation_pipeline, task_id=cleanup_all, execution_date=20250602T074305, start_date=20250602T075240, end_date=20250602T075243
[2025-06-02T07:52:43.486+0000] {local_task_job_runner.py:234} INFO - Task exited with return code 0
[2025-06-02T07:52:43.506+0000] {taskinstance.py:3280} INFO - 3 downstream tasks scheduled from follow-on schedule check
