[2025-06-05T23:48:06.617+0000] {taskinstance.py:1956} INFO - Dependencies all met for dep_context=non-requeueable deps ti=<TaskInstance: deep_models_pipeline.train_deep_hybrid_model manual__2025-06-05T23:48:00.014235+00:00 [queued]>
[2025-06-05T23:48:06.625+0000] {taskinstance.py:1956} INFO - Dependencies all met for dep_context=requeueable deps ti=<TaskInstance: deep_models_pipeline.train_deep_hybrid_model manual__2025-06-05T23:48:00.014235+00:00 [queued]>
[2025-06-05T23:48:06.626+0000] {taskinstance.py:2170} INFO - Starting attempt 1 of 3
[2025-06-05T23:48:06.636+0000] {taskinstance.py:2191} INFO - Executing <Task(PythonOperator): train_deep_hybrid_model> on 2025-06-05 23:48:00.014235+00:00
[2025-06-05T23:48:06.642+0000] {standard_task_runner.py:60} INFO - Started process 857 to run task
[2025-06-05T23:48:06.644+0000] {standard_task_runner.py:87} INFO - Running: ['***', 'tasks', 'run', 'deep_models_pipeline', 'train_deep_hybrid_model', 'manual__2025-06-05T23:48:00.014235+00:00', '--job-id', '2069', '--raw', '--subdir', 'DAGS_FOLDER/train_deep_model_dag.py', '--cfg-path', '/tmp/tmpc1d1u5si']
[2025-06-05T23:48:06.646+0000] {standard_task_runner.py:88} INFO - Job 2069: Subtask train_deep_hybrid_model
[2025-06-05T23:48:06.679+0000] {task_command.py:423} INFO - Running <TaskInstance: deep_models_pipeline.train_deep_hybrid_model manual__2025-06-05T23:48:00.014235+00:00 [running]> on host c3c6a9191588
[2025-06-05T23:48:06.748+0000] {taskinstance.py:2480} INFO - Exporting env vars: AIRFLOW_CTX_DAG_OWNER='***' AIRFLOW_CTX_DAG_ID='deep_models_pipeline' AIRFLOW_CTX_TASK_ID='train_deep_hybrid_model' AIRFLOW_CTX_EXECUTION_DATE='2025-06-05T23:48:00.014235+00:00' AIRFLOW_CTX_TRY_NUMBER='1' AIRFLOW_CTX_DAG_RUN_ID='manual__2025-06-05T23:48:00.014235+00:00'
[2025-06-05T23:48:06.749+0000] {train_deep_model_dag.py:13} INFO - 🟦 Running command: python /opt/***/src/models/train_hybrid_deep_model.py --n_neighbors=10 --latent_dim=32
[2025-06-05T23:49:23.383+0000] {train_deep_model_dag.py:20} INFO - 🟩 [stdout]:
🏃 View run train_hybrid_deep_model at: https://dagshub.com/sacer11/MLOps_movie_rec_apr25.mlflow/#/experiments/7/runs/78baf2e706164ce5afd95f416cad0055
🧪 View experiment at: https://dagshub.com/sacer11/MLOps_movie_rec_apr25.mlflow/#/experiments/7

[2025-06-05T23:49:23.384+0000] {train_deep_model_dag.py:22} WARNING - 🟨 [stderr]:
/home/***/.local/lib/python3.10/site-packages/mlflow/pyfunc/utils/data_validation.py:186: UserWarning: [33mAdd type hints to the `predict` method to enable data validation and automatic signature inference during model logging. Check https://mlflow.org/docs/latest/model/python_model.html#type-hint-usage-in-pythonmodel for more details.[0m
  color_warning(
2025-06-05 23:48:17,517 - __main__ - INFO - Epoch 1/30: Loss = 0.0121
2025-06-05 23:48:17,881 - __main__ - INFO - Epoch 2/30: Loss = 0.0071
2025-06-05 23:48:18,224 - __main__ - INFO - Epoch 3/30: Loss = 0.0061
2025-06-05 23:48:18,577 - __main__ - INFO - Epoch 4/30: Loss = 0.0057
2025-06-05 23:48:19,021 - __main__ - INFO - Epoch 5/30: Loss = 0.0054
2025-06-05 23:48:19,435 - __main__ - INFO - Epoch 6/30: Loss = 0.0053
2025-06-05 23:48:19,820 - __main__ - INFO - Epoch 7/30: Loss = 0.0051
2025-06-05 23:48:20,257 - __main__ - INFO - Epoch 8/30: Loss = 0.0050
2025-06-05 23:48:20,834 - __main__ - INFO - Epoch 9/30: Loss = 0.0050
2025-06-05 23:48:21,188 - __main__ - INFO - Epoch 10/30: Loss = 0.0049
2025-06-05 23:48:21,565 - __main__ - INFO - Epoch 11/30: Loss = 0.0049
2025-06-05 23:48:21,921 - __main__ - INFO - Epoch 12/30: Loss = 0.0048
2025-06-05 23:48:22,270 - __main__ - INFO - Epoch 13/30: Loss = 0.0047
2025-06-05 23:48:22,623 - __main__ - INFO - Epoch 14/30: Loss = 0.0047
2025-06-05 23:48:23,103 - __main__ - INFO - Epoch 15/30: Loss = 0.0047
2025-06-05 23:48:23,448 - __main__ - INFO - Epoch 16/30: Loss = 0.0047
2025-06-05 23:48:23,786 - __main__ - INFO - Epoch 17/30: Loss = 0.0046
2025-06-05 23:48:24,154 - __main__ - INFO - Epoch 18/30: Loss = 0.0046
2025-06-05 23:48:24,478 - __main__ - INFO - Epoch 19/30: Loss = 0.0046
2025-06-05 23:48:24,820 - __main__ - INFO - Epoch 20/30: Loss = 0.0045
2025-06-05 23:48:25,150 - __main__ - INFO - Epoch 21/30: Loss = 0.0045
2025-06-05 23:48:25,476 - __main__ - INFO - Epoch 22/30: Loss = 0.0045
2025-06-05 23:48:25,822 - __main__ - INFO - Epoch 23/30: Loss = 0.0045
2025-06-05 23:48:26,166 - __main__ - INFO - Epoch 24/30: Loss = 0.0045
2025-06-05 23:48:26,513 - __main__ - INFO - Epoch 25/30: Loss = 0.0045
2025-06-05 23:48:26,848 - __main__ - INFO - Epoch 26/30: Loss = 0.0044
2025-06-05 23:48:27,140 - __main__ - INFO - Epoch 27/30: Loss = 0.0044
2025-06-05 23:48:27,463 - __main__ - INFO - Epoch 28/30: Loss = 0.0044
2025-06-05 23:48:27,833 - __main__ - INFO - Epoch 29/30: Loss = 0.0044
2025-06-05 23:48:28,192 - __main__ - INFO - Epoch 30/30: Loss = 0.0044
2025-06-05 23:48:28,432 - __main__ - INFO - ✅ Hybrid-Embeddings gespeichert unter /opt/***/data/processed/hybrid_deep_embedding.csv
2025-06-05 23:48:28,443 - __main__ - INFO - ✅ Deep KNN Modell gespeichert unter /opt/***/models/hybrid_deep_knn.pkl
2025/06/05 23:49:01 INFO mlflow.pyfunc: Validating input example against model signature

Downloading artifacts:   0%|          | 0/1 [00:00<?, ?it/s]
Downloading artifacts: 100%|██████████| 1/1 [00:00<00:00, 70.63it/s]
Downloading artifacts: 100%|██████████| 1/1 [00:00<00:00, 69.67it/s]
Registered model 'hybrid_deep_model' already exists. Creating a new version of this model...
2025/06/05 23:49:13 INFO mlflow.store.model_registry.abstract_store: Waiting up to 300 seconds for model version to finish creation. Model name: hybrid_deep_model, version 11
Created version '11' of model 'hybrid_deep_model'.
2025-06-05 23:49:20,236 - __main__ - INFO - 📝 Tags für Modellversion 11 gesetzt: n_neighbors=10, latent_dim=32
2025-06-05 23:49:20,239 - __main__ - INFO - 💾 Persistiere Modell-Metadaten unter /opt/***/models/hybrid_deep_model_meta.json: {'model_type': 'hybrid_deep_knn', 'n_neighbors': 10, 'latent_dim': 32, 'algorithm': 'cosine', 'epochs': 30, 'run_id': '78baf2e706164ce5afd95f416cad0055', 'version': '11', 'persisted_at': '2025-06-05T23:49:20.236380'}
2025-06-05 23:49:22,237 - __main__ - INFO - 🏁 Deep Hybrid-Model Training abgeschlossen und geloggt.

[2025-06-05T23:49:23.385+0000] {python.py:201} INFO - Done. Returned value was: None
[2025-06-05T23:49:23.393+0000] {taskinstance.py:1138} INFO - Marking task as SUCCESS. dag_id=deep_models_pipeline, task_id=train_deep_hybrid_model, execution_date=20250605T234800, start_date=20250605T234806, end_date=20250605T234923
[2025-06-05T23:49:23.425+0000] {local_task_job_runner.py:234} INFO - Task exited with return code 0
[2025-06-05T23:49:23.442+0000] {taskinstance.py:3280} INFO - 0 downstream tasks scheduled from follow-on schedule check
