[2025-06-02T20:26:27.384+0000] {taskinstance.py:1956} INFO - Dependencies all met for dep_context=non-requeueable deps ti=<TaskInstance: deep_models_pipeline.train_deep_user_model manual__2025-06-02T20:26:26.457075+00:00 [queued]>
[2025-06-02T20:26:27.392+0000] {taskinstance.py:1956} INFO - Dependencies all met for dep_context=requeueable deps ti=<TaskInstance: deep_models_pipeline.train_deep_user_model manual__2025-06-02T20:26:26.457075+00:00 [queued]>
[2025-06-02T20:26:27.392+0000] {taskinstance.py:2170} INFO - Starting attempt 1 of 1
[2025-06-02T20:26:27.411+0000] {taskinstance.py:2191} INFO - Executing <Task(BashOperator): train_deep_user_model> on 2025-06-02 20:26:26.457075+00:00
[2025-06-02T20:26:27.419+0000] {standard_task_runner.py:60} INFO - Started process 481 to run task
[2025-06-02T20:26:27.421+0000] {standard_task_runner.py:87} INFO - Running: ['***', 'tasks', 'run', 'deep_models_pipeline', 'train_deep_user_model', 'manual__2025-06-02T20:26:26.457075+00:00', '--job-id', '1723', '--raw', '--subdir', 'DAGS_FOLDER/train_deep_model_dag.py', '--cfg-path', '/tmp/tmpcyrf2lb3']
[2025-06-02T20:26:27.423+0000] {standard_task_runner.py:88} INFO - Job 1723: Subtask train_deep_user_model
[2025-06-02T20:26:27.464+0000] {task_command.py:423} INFO - Running <TaskInstance: deep_models_pipeline.train_deep_user_model manual__2025-06-02T20:26:26.457075+00:00 [running]> on host 01f7ed3412b0
[2025-06-02T20:26:27.532+0000] {taskinstance.py:2480} INFO - Exporting env vars: AIRFLOW_CTX_DAG_OWNER='***' AIRFLOW_CTX_DAG_ID='deep_models_pipeline' AIRFLOW_CTX_TASK_ID='train_deep_user_model' AIRFLOW_CTX_EXECUTION_DATE='2025-06-02T20:26:26.457075+00:00' AIRFLOW_CTX_TRY_NUMBER='1' AIRFLOW_CTX_DAG_RUN_ID='manual__2025-06-02T20:26:26.457075+00:00'
[2025-06-02T20:26:27.533+0000] {subprocess.py:63} INFO - Tmp dir root location: /tmp
[2025-06-02T20:26:27.535+0000] {subprocess.py:75} INFO - Running command: ['/usr/bin/bash', '-c', 'python /opt/***/src/models/train_user_deep_model.py']
[2025-06-02T20:26:27.546+0000] {subprocess.py:86} INFO - Output:
[2025-06-02T20:26:32.342+0000] {subprocess.py:93} INFO - /home/***/.local/lib/python3.10/site-packages/mlflow/pyfunc/utils/data_validation.py:186: UserWarning: [33mAdd type hints to the `predict` method to enable data validation and automatic signature inference during model logging. Check https://mlflow.org/docs/latest/model/python_model.html#type-hint-usage-in-pythonmodel for more details.[0m
[2025-06-02T20:26:32.343+0000] {subprocess.py:93} INFO -   color_warning(
[2025-06-02T20:33:16.261+0000] {local_task_job_runner.py:302} WARNING - State of this instance has been externally set to failed. Terminating instance.
[2025-06-02T20:33:16.263+0000] {process_utils.py:131} INFO - Sending 15 to group 481. PIDs of all processes in the group: [483, 481]
[2025-06-02T20:33:16.263+0000] {process_utils.py:86} INFO - Sending the signal 15 to group 481
[2025-06-02T20:33:16.265+0000] {taskinstance.py:2450} ERROR - Received SIGTERM. Terminating subprocesses.
[2025-06-02T20:33:16.266+0000] {subprocess.py:104} INFO - Sending SIGTERM signal to process group
[2025-06-02T20:33:16.358+0000] {process_utils.py:79} INFO - Process psutil.Process(pid=483, status='terminated', started='20:26:26') (483) terminated with exit code None
[2025-06-02T20:33:16.358+0000] {process_utils.py:79} INFO - Process psutil.Process(pid=481, status='terminated', exitcode=0, started='20:26:26') (481) terminated with exit code 0
