[2025-06-02T02:47:18.822+0000] {taskinstance.py:1956} INFO - Dependencies all met for dep_context=non-requeueable deps ti=<TaskInstance: movie_recommendation_pipeline.dvc_add_and_push_all manual__2025-06-02T02:40:25.193001+00:00 [queued]>
[2025-06-02T02:47:18.830+0000] {taskinstance.py:1956} INFO - Dependencies all met for dep_context=requeueable deps ti=<TaskInstance: movie_recommendation_pipeline.dvc_add_and_push_all manual__2025-06-02T02:40:25.193001+00:00 [queued]>
[2025-06-02T02:47:18.830+0000] {taskinstance.py:2170} INFO - Starting attempt 2 of 3
[2025-06-02T02:47:18.841+0000] {taskinstance.py:2191} INFO - Executing <Task(PythonOperator): dvc_add_and_push_all> on 2025-06-02 02:40:25.193001+00:00
[2025-06-02T02:47:18.849+0000] {standard_task_runner.py:60} INFO - Started process 2561 to run task
[2025-06-02T02:47:18.851+0000] {standard_task_runner.py:87} INFO - Running: ['***', 'tasks', 'run', 'movie_recommendation_pipeline', 'dvc_add_and_push_all', 'manual__2025-06-02T02:40:25.193001+00:00', '--job-id', '1422', '--raw', '--subdir', 'DAGS_FOLDER/mlops_movie_dag.py', '--cfg-path', '/tmp/tmphe9ulmud']
[2025-06-02T02:47:18.852+0000] {standard_task_runner.py:88} INFO - Job 1422: Subtask dvc_add_and_push_all
[2025-06-02T02:47:18.886+0000] {task_command.py:423} INFO - Running <TaskInstance: movie_recommendation_pipeline.dvc_add_and_push_all manual__2025-06-02T02:40:25.193001+00:00 [running]> on host 69f945629b06
[2025-06-02T02:47:18.953+0000] {taskinstance.py:2480} INFO - Exporting env vars: AIRFLOW_CTX_DAG_OWNER='***' AIRFLOW_CTX_DAG_ID='movie_recommendation_pipeline' AIRFLOW_CTX_TASK_ID='dvc_add_and_push_all' AIRFLOW_CTX_EXECUTION_DATE='2025-06-02T02:40:25.193001+00:00' AIRFLOW_CTX_TRY_NUMBER='2' AIRFLOW_CTX_DAG_RUN_ID='manual__2025-06-02T02:40:25.193001+00:00'
[2025-06-02T02:47:18.959+0000] {mlops_movie_dag.py:12} INFO - 🟦 Running command: git config --global --add safe.directory /opt/***
[2025-06-02T02:47:18.977+0000] {mlops_movie_dag.py:18} INFO - 🟩 [stdout]:

[2025-06-02T02:47:18.977+0000] {mlops_movie_dag.py:12} INFO - 🟦 Running command: git config --global user.email ***@mlops.local
[2025-06-02T02:47:18.992+0000] {mlops_movie_dag.py:18} INFO - 🟩 [stdout]:

[2025-06-02T02:47:18.993+0000] {mlops_movie_dag.py:12} INFO - 🟦 Running command: git config --global user.name Airflow
[2025-06-02T02:47:19.009+0000] {mlops_movie_dag.py:18} INFO - 🟩 [stdout]:

[2025-06-02T02:47:19.009+0000] {mlops_movie_dag.py:12} INFO - 🟦 Running command: dvc add /opt/***/models/hybrid_model.pkl
[2025-06-02T02:47:33.112+0000] {mlops_movie_dag.py:18} INFO - 🟩 [stdout]:

To track the changes with git, run:

	git add models/hybrid_model.pkl.dvc

To enable auto staging, run:

	dvc config core.autostage true

[2025-06-02T02:47:33.112+0000] {mlops_movie_dag.py:12} INFO - 🟦 Running command: dvc add /opt/***/data/processed/hybrid_matrix.csv
[2025-06-02T02:47:49.076+0000] {mlops_movie_dag.py:18} INFO - 🟩 [stdout]:

To track the changes with git, run:

	git add data/processed/hybrid_matrix.csv.dvc

To enable auto staging, run:

	dvc config core.autostage true

[2025-06-02T02:47:49.077+0000] {mlops_movie_dag.py:12} INFO - 🟦 Running command: dvc add /opt/***/data/processed/hybrid_matrix_features.txt
[2025-06-02T02:47:59.066+0000] {mlops_movie_dag.py:18} INFO - 🟩 [stdout]:

To track the changes with git, run:

	git add data/processed/hybrid_matrix_features.txt.dvc

To enable auto staging, run:

	dvc config core.autostage true

[2025-06-02T02:47:59.067+0000] {mlops_movie_dag.py:12} INFO - 🟦 Running command: dvc add /opt/***/models/user_model.pkl
[2025-06-02T02:48:09.173+0000] {mlops_movie_dag.py:18} INFO - 🟩 [stdout]:

[2025-06-02T02:48:09.174+0000] {mlops_movie_dag.py:20} WARNING - 🟨 [stderr]:
ERROR: output 'models/user_model.pkl' does not exist: [Errno 2] No such file or directory: '/opt/***/models/user_model.pkl'

[2025-06-02T02:48:09.174+0000] {mlops_movie_dag.py:22} ERROR - ❌ Subprozess-Fehler (exit code 1): dvc add /opt/***/models/user_model.pkl
[2025-06-02T02:48:09.175+0000] {mlops_movie_dag.py:25} ERROR - ❌ Subprozess-Ausnahme: Command '['dvc', 'add', '/opt/***/models/user_model.pkl']' returned non-zero exit status 1.
[2025-06-02T02:48:09.176+0000] {taskinstance.py:2698} ERROR - Task failed with exception
Traceback (most recent call last):
  File "/home/airflow/.local/lib/python3.10/site-packages/airflow/models/taskinstance.py", line 433, in _execute_task
    result = execute_callable(context=context, **execute_callable_kwargs)
  File "/home/airflow/.local/lib/python3.10/site-packages/airflow/operators/python.py", line 199, in execute
    return_value = self.execute_callable()
  File "/home/airflow/.local/lib/python3.10/site-packages/airflow/operators/python.py", line 216, in execute_callable
    return self.python_callable(*self.op_args, **self.op_kwargs)
  File "/opt/airflow/dags/mlops_movie_dag.py", line 73, in dvc_add_and_push_all
    run_and_log(["dvc", "add", art])
  File "/opt/airflow/dags/mlops_movie_dag.py", line 23, in run_and_log
    raise subprocess.CalledProcessError(result.returncode, command)
subprocess.CalledProcessError: Command '['dvc', 'add', '/opt/airflow/models/user_model.pkl']' returned non-zero exit status 1.
[2025-06-02T02:48:09.192+0000] {taskinstance.py:1138} INFO - Marking task as UP_FOR_RETRY. dag_id=movie_recommendation_pipeline, task_id=dvc_add_and_push_all, execution_date=20250602T024025, start_date=20250602T024718, end_date=20250602T024809
[2025-06-02T02:48:09.207+0000] {standard_task_runner.py:107} ERROR - Failed to execute job 1422 for task dvc_add_and_push_all (Command '['dvc', 'add', '/opt/airflow/models/user_model.pkl']' returned non-zero exit status 1.; 2561)
[2025-06-02T02:48:09.226+0000] {local_task_job_runner.py:234} INFO - Task exited with return code 1
[2025-06-02T02:48:09.246+0000] {taskinstance.py:3280} INFO - 0 downstream tasks scheduled from follow-on schedule check
