[2025-05-31T20:01:06.191+0000] {taskinstance.py:1956} INFO - Dependencies all met for dep_context=non-requeueable deps ti=<TaskInstance: movie_recommendation_pipeline.train_hybrid_model manual__2025-05-31T20:00:41.642781+00:00 [queued]>
[2025-05-31T20:01:06.199+0000] {taskinstance.py:1956} INFO - Dependencies all met for dep_context=requeueable deps ti=<TaskInstance: movie_recommendation_pipeline.train_hybrid_model manual__2025-05-31T20:00:41.642781+00:00 [queued]>
[2025-05-31T20:01:06.199+0000] {taskinstance.py:2170} INFO - Starting attempt 1 of 3
[2025-05-31T20:01:06.213+0000] {taskinstance.py:2191} INFO - Executing <Task(PythonOperator): train_hybrid_model> on 2025-05-31 20:00:41.642781+00:00
[2025-05-31T20:01:06.230+0000] {standard_task_runner.py:60} INFO - Started process 305 to run task
[2025-05-31T20:01:06.268+0000] {standard_task_runner.py:87} INFO - Running: ['***', 'tasks', 'run', 'movie_recommendation_pipeline', 'train_hybrid_model', 'manual__2025-05-31T20:00:41.642781+00:00', '--job-id', '376', '--raw', '--subdir', 'DAGS_FOLDER/mlops_movie_dag.py', '--cfg-path', '/tmp/tmptq9sj5u5']
[2025-05-31T20:01:06.270+0000] {standard_task_runner.py:88} INFO - Job 376: Subtask train_hybrid_model
[2025-05-31T20:01:06.310+0000] {task_command.py:423} INFO - Running <TaskInstance: movie_recommendation_pipeline.train_hybrid_model manual__2025-05-31T20:00:41.642781+00:00 [running]> on host cd0854728ea0
[2025-05-31T20:01:06.370+0000] {taskinstance.py:2480} INFO - Exporting env vars: AIRFLOW_CTX_DAG_OWNER='***' AIRFLOW_CTX_DAG_ID='movie_recommendation_pipeline' AIRFLOW_CTX_TASK_ID='train_hybrid_model' AIRFLOW_CTX_EXECUTION_DATE='2025-05-31T20:00:41.642781+00:00' AIRFLOW_CTX_TRY_NUMBER='1' AIRFLOW_CTX_DAG_RUN_ID='manual__2025-05-31T20:00:41.642781+00:00'
[2025-05-31T20:02:01.862+0000] {mlops_movie_dag.py:12} INFO - 🚀 Starte Hybrid-Modelltraining
📥 Rohdaten erfolgreich geladen
📐 Hybrid-Matrix erstellt mit Shape: (10381, 1428)
🤖 KNN-Modell trainiert

Downloading artifacts:   0%|          | 0/1 [00:00<?, ?it/s]
Downloading artifacts: 100%|██████████| 1/1 [00:00<00:00,  1.11it/s]
Downloading artifacts: 100%|██████████| 1/1 [00:00<00:00,  1.11it/s]
Downloading artifacts: 100%|██████████| 1/1 [00:00<00:00,  1.11it/s]
✅ Modell & Matrix erfolgreich gespeichert und in MLflow geloggt

[2025-05-31T20:02:01.863+0000] {python.py:201} INFO - Done. Returned value was: None
[2025-05-31T20:02:01.877+0000] {taskinstance.py:1138} INFO - Marking task as SUCCESS. dag_id=movie_recommendation_pipeline, task_id=train_hybrid_model, execution_date=20250531T200041, start_date=20250531T200106, end_date=20250531T200201
[2025-05-31T20:02:01.931+0000] {local_task_job_runner.py:234} INFO - Task exited with return code 0
[2025-05-31T20:02:01.951+0000] {taskinstance.py:3280} INFO - 0 downstream tasks scheduled from follow-on schedule check
