[2025-06-06T12:06:02.522+0000] {taskinstance.py:1956} INFO - Dependencies all met for dep_context=non-requeueable deps ti=<TaskInstance: deep_models_pipeline.train_deep_user_model manual__2025-06-06T12:05:57.486817+00:00 [queued]>
[2025-06-06T12:06:02.528+0000] {taskinstance.py:1956} INFO - Dependencies all met for dep_context=requeueable deps ti=<TaskInstance: deep_models_pipeline.train_deep_user_model manual__2025-06-06T12:05:57.486817+00:00 [queued]>
[2025-06-06T12:06:02.529+0000] {taskinstance.py:2170} INFO - Starting attempt 1 of 3
[2025-06-06T12:06:02.537+0000] {taskinstance.py:2191} INFO - Executing <Task(PythonOperator): train_deep_user_model> on 2025-06-06 12:05:57.486817+00:00
[2025-06-06T12:06:02.542+0000] {standard_task_runner.py:60} INFO - Started process 1418 to run task
[2025-06-06T12:06:02.545+0000] {standard_task_runner.py:87} INFO - Running: ['***', 'tasks', 'run', 'deep_models_pipeline', 'train_deep_user_model', 'manual__2025-06-06T12:05:57.486817+00:00', '--job-id', '2180', '--raw', '--subdir', 'DAGS_FOLDER/train_deep_model_dag.py', '--cfg-path', '/tmp/tmpyv4sl5d9']
[2025-06-06T12:06:02.546+0000] {standard_task_runner.py:88} INFO - Job 2180: Subtask train_deep_user_model
[2025-06-06T12:06:02.579+0000] {task_command.py:423} INFO - Running <TaskInstance: deep_models_pipeline.train_deep_user_model manual__2025-06-06T12:05:57.486817+00:00 [running]> on host 9ad8faa7a938
[2025-06-06T12:06:02.632+0000] {taskinstance.py:2480} INFO - Exporting env vars: AIRFLOW_CTX_DAG_OWNER='***' AIRFLOW_CTX_DAG_ID='deep_models_pipeline' AIRFLOW_CTX_TASK_ID='train_deep_user_model' AIRFLOW_CTX_EXECUTION_DATE='2025-06-06T12:05:57.486817+00:00' AIRFLOW_CTX_TRY_NUMBER='1' AIRFLOW_CTX_DAG_RUN_ID='manual__2025-06-06T12:05:57.486817+00:00'
[2025-06-06T12:06:02.633+0000] {train_deep_model_dag.py:13} INFO - 🟦 Running command: python /opt/***/src/models/train_user_deep_model.py --n_neighbors=10 --latent_dim=32
[2025-06-06T12:11:01.261+0000] {train_deep_model_dag.py:20} INFO - 🟩 [stdout]:
🏃 View run train_user_deep_model at: https://dagshub.com/sacer11/MLOps_movie_rec_apr25.mlflow/#/experiments/6/runs/ea1174a4d894410dac01e4462b2d4e15
🧪 View experiment at: https://dagshub.com/sacer11/MLOps_movie_rec_apr25.mlflow/#/experiments/6

[2025-06-06T12:11:01.262+0000] {train_deep_model_dag.py:22} WARNING - 🟨 [stderr]:
/home/***/.local/lib/python3.10/site-packages/mlflow/pyfunc/utils/data_validation.py:186: UserWarning: [33mAdd type hints to the `predict` method to enable data validation and automatic signature inference during model logging. Check https://mlflow.org/docs/latest/model/python_model.html#type-hint-usage-in-pythonmodel for more details.[0m
  color_warning(
2025-06-06 12:08:59,448 - __main__ - INFO - Epoch 1/25: Loss = 0.0006
2025-06-06 12:09:01,563 - __main__ - INFO - Epoch 2/25: Loss = 0.0000
2025-06-06 12:09:03,744 - __main__ - INFO - Epoch 3/25: Loss = 0.0000
2025-06-06 12:09:05,856 - __main__ - INFO - Epoch 4/25: Loss = 0.0000
2025-06-06 12:09:08,013 - __main__ - INFO - Epoch 5/25: Loss = 0.0000
2025-06-06 12:09:10,195 - __main__ - INFO - Epoch 6/25: Loss = 0.0000
2025-06-06 12:09:12,383 - __main__ - INFO - Epoch 7/25: Loss = 0.0000
2025-06-06 12:09:14,610 - __main__ - INFO - Epoch 8/25: Loss = 0.0000
2025-06-06 12:09:16,767 - __main__ - INFO - Epoch 9/25: Loss = 0.0000
2025-06-06 12:09:19,035 - __main__ - INFO - Epoch 10/25: Loss = 0.0000
2025-06-06 12:09:21,229 - __main__ - INFO - Epoch 11/25: Loss = 0.0000
2025-06-06 12:09:23,463 - __main__ - INFO - Epoch 12/25: Loss = 0.0000
2025-06-06 12:09:25,693 - __main__ - INFO - Epoch 13/25: Loss = 0.0000
2025-06-06 12:09:27,894 - __main__ - INFO - Epoch 14/25: Loss = 0.0000
2025-06-06 12:09:30,094 - __main__ - INFO - Epoch 15/25: Loss = 0.0000
2025-06-06 12:09:32,286 - __main__ - INFO - Epoch 16/25: Loss = 0.0000
2025-06-06 12:09:34,459 - __main__ - INFO - Epoch 17/25: Loss = 0.0000
2025-06-06 12:09:36,706 - __main__ - INFO - Epoch 18/25: Loss = 0.0000
2025-06-06 12:09:38,954 - __main__ - INFO - Epoch 19/25: Loss = 0.0000
2025-06-06 12:09:41,080 - __main__ - INFO - Epoch 20/25: Loss = 0.0000
2025-06-06 12:09:43,312 - __main__ - INFO - Epoch 21/25: Loss = 0.0000
2025-06-06 12:09:45,477 - __main__ - INFO - Epoch 22/25: Loss = 0.0000
2025-06-06 12:09:47,640 - __main__ - INFO - Epoch 23/25: Loss = 0.0000
2025-06-06 12:09:49,840 - __main__ - INFO - Epoch 24/25: Loss = 0.0000
2025-06-06 12:09:52,034 - __main__ - INFO - Epoch 25/25: Loss = 0.0000
2025-06-06 12:09:54,802 - __main__ - INFO - ✅ User-Embeddings gespeichert unter /opt/***/data/processed/user_deep_embedding.csv
2025-06-06 12:09:55,370 - __main__ - INFO - ✅ Deep KNN Modell gespeichert unter /opt/***/models/user_deep_knn.pkl
2025/06/06 12:10:24 INFO mlflow.pyfunc: Validating input example against model signature

Downloading artifacts:   0%|          | 0/1 [00:00<?, ?it/s]
Downloading artifacts: 100%|██████████| 1/1 [00:00<00:00,  2.60it/s]
Downloading artifacts: 100%|██████████| 1/1 [00:00<00:00,  2.60it/s]
Downloading artifacts: 100%|██████████| 1/1 [00:00<00:00,  2.60it/s]
Registered model 'user_deep_model' already exists. Creating a new version of this model...
2025/06/06 12:10:56 INFO mlflow.store.model_registry.abstract_store: Waiting up to 300 seconds for model version to finish creation. Model name: user_deep_model, version 13
Created version '13' of model 'user_deep_model'.
2025-06-06 12:10:58,156 - __main__ - INFO - 📝 Tags für Modellversion 13 gesetzt: n_neighbors=10, latent_dim=32
2025-06-06 12:10:58,160 - __main__ - INFO - 💾 Persistiere Modell-Metadaten unter /opt/***/models/user_deep_model_meta.json: {'model_type': 'user_deep_knn', 'n_neighbors': 10, 'latent_dim': 32, 'algorithm': 'ball_tree', 'epochs': 25, 'run_id': 'ea1174a4d894410dac01e4462b2d4e15', 'version': '13', 'persisted_at': '2025-06-06T12:10:58.156237'}
2025-06-06 12:10:59,485 - __main__ - INFO - 🏁 Deep User-Model Training abgeschlossen und geloggt.

[2025-06-06T12:11:01.263+0000] {python.py:201} INFO - Done. Returned value was: None
[2025-06-06T12:11:01.277+0000] {taskinstance.py:1138} INFO - Marking task as SUCCESS. dag_id=deep_models_pipeline, task_id=train_deep_user_model, execution_date=20250606T120557, start_date=20250606T120602, end_date=20250606T121101
[2025-06-06T12:11:01.299+0000] {local_task_job_runner.py:234} INFO - Task exited with return code 0
[2025-06-06T12:11:01.324+0000] {taskinstance.py:3280} INFO - 1 downstream tasks scheduled from follow-on schedule check
