[2025-06-06T01:27:07.915+0000] {taskinstance.py:1956} INFO - Dependencies all met for dep_context=non-requeueable deps ti=<TaskInstance: deep_models_pipeline.train_deep_user_model manual__2025-06-06T01:26:39.800917+00:00 [queued]>
[2025-06-06T01:27:07.924+0000] {taskinstance.py:1956} INFO - Dependencies all met for dep_context=requeueable deps ti=<TaskInstance: deep_models_pipeline.train_deep_user_model manual__2025-06-06T01:26:39.800917+00:00 [queued]>
[2025-06-06T01:27:07.925+0000] {taskinstance.py:2170} INFO - Starting attempt 1 of 3
[2025-06-06T01:27:07.941+0000] {taskinstance.py:2191} INFO - Executing <Task(PythonOperator): train_deep_user_model> on 2025-06-06 01:26:39.800917+00:00
[2025-06-06T01:27:07.949+0000] {standard_task_runner.py:60} INFO - Started process 551 to run task
[2025-06-06T01:27:07.951+0000] {standard_task_runner.py:87} INFO - Running: ['***', 'tasks', 'run', 'deep_models_pipeline', 'train_deep_user_model', 'manual__2025-06-06T01:26:39.800917+00:00', '--job-id', '2153', '--raw', '--subdir', 'DAGS_FOLDER/train_deep_model_dag.py', '--cfg-path', '/tmp/tmp2rgmzpl8']
[2025-06-06T01:27:07.953+0000] {standard_task_runner.py:88} INFO - Job 2153: Subtask train_deep_user_model
[2025-06-06T01:27:07.993+0000] {task_command.py:423} INFO - Running <TaskInstance: deep_models_pipeline.train_deep_user_model manual__2025-06-06T01:26:39.800917+00:00 [running]> on host b3491b3cd118
[2025-06-06T01:27:08.070+0000] {taskinstance.py:2480} INFO - Exporting env vars: AIRFLOW_CTX_DAG_OWNER='***' AIRFLOW_CTX_DAG_ID='deep_models_pipeline' AIRFLOW_CTX_TASK_ID='train_deep_user_model' AIRFLOW_CTX_EXECUTION_DATE='2025-06-06T01:26:39.800917+00:00' AIRFLOW_CTX_TRY_NUMBER='1' AIRFLOW_CTX_DAG_RUN_ID='manual__2025-06-06T01:26:39.800917+00:00'
[2025-06-06T01:27:08.071+0000] {train_deep_model_dag.py:13} INFO - 🟦 Running command: python /opt/***/src/models/train_user_deep_model.py --n_neighbors=10 --latent_dim=32
[2025-06-06T01:32:25.824+0000] {train_deep_model_dag.py:20} INFO - 🟩 [stdout]:
🏃 View run train_user_deep_model at: https://dagshub.com/sacer11/MLOps_movie_rec_apr25.mlflow/#/experiments/6/runs/ef6198afee7d4240a6ed5366057a5452
🧪 View experiment at: https://dagshub.com/sacer11/MLOps_movie_rec_apr25.mlflow/#/experiments/6

[2025-06-06T01:32:25.825+0000] {train_deep_model_dag.py:22} WARNING - 🟨 [stderr]:
/home/***/.local/lib/python3.10/site-packages/mlflow/pyfunc/utils/data_validation.py:186: UserWarning: [33mAdd type hints to the `predict` method to enable data validation and automatic signature inference during model logging. Check https://mlflow.org/docs/latest/model/python_model.html#type-hint-usage-in-pythonmodel for more details.[0m
  color_warning(
2025-06-06 01:30:17,967 - __main__ - INFO - Epoch 1/25: Loss = 0.0004
2025-06-06 01:30:20,399 - __main__ - INFO - Epoch 2/25: Loss = 0.0000
2025-06-06 01:30:22,820 - __main__ - INFO - Epoch 3/25: Loss = 0.0000
2025-06-06 01:30:25,251 - __main__ - INFO - Epoch 4/25: Loss = 0.0000
2025-06-06 01:30:27,598 - __main__ - INFO - Epoch 5/25: Loss = 0.0000
2025-06-06 01:30:29,941 - __main__ - INFO - Epoch 6/25: Loss = 0.0000
2025-06-06 01:30:32,255 - __main__ - INFO - Epoch 7/25: Loss = 0.0000
2025-06-06 01:30:34,623 - __main__ - INFO - Epoch 8/25: Loss = 0.0000
2025-06-06 01:30:36,979 - __main__ - INFO - Epoch 9/25: Loss = 0.0000
2025-06-06 01:30:39,319 - __main__ - INFO - Epoch 10/25: Loss = 0.0000
2025-06-06 01:30:41,634 - __main__ - INFO - Epoch 11/25: Loss = 0.0000
2025-06-06 01:30:43,970 - __main__ - INFO - Epoch 12/25: Loss = 0.0000
2025-06-06 01:30:46,432 - __main__ - INFO - Epoch 13/25: Loss = 0.0000
2025-06-06 01:30:48,883 - __main__ - INFO - Epoch 14/25: Loss = 0.0000
2025-06-06 01:30:51,339 - __main__ - INFO - Epoch 15/25: Loss = 0.0000
2025-06-06 01:30:53,725 - __main__ - INFO - Epoch 16/25: Loss = 0.0000
2025-06-06 01:30:56,051 - __main__ - INFO - Epoch 17/25: Loss = 0.0000
2025-06-06 01:30:58,562 - __main__ - INFO - Epoch 18/25: Loss = 0.0000
2025-06-06 01:31:00,874 - __main__ - INFO - Epoch 19/25: Loss = 0.0000
2025-06-06 01:31:03,312 - __main__ - INFO - Epoch 20/25: Loss = 0.0000
2025-06-06 01:31:05,763 - __main__ - INFO - Epoch 21/25: Loss = 0.0000
2025-06-06 01:31:08,190 - __main__ - INFO - Epoch 22/25: Loss = 0.0000
2025-06-06 01:31:10,803 - __main__ - INFO - Epoch 23/25: Loss = 0.0000
2025-06-06 01:31:13,233 - __main__ - INFO - Epoch 24/25: Loss = 0.0000
2025-06-06 01:31:15,693 - __main__ - INFO - Epoch 25/25: Loss = 0.0000
2025-06-06 01:31:18,815 - __main__ - INFO - ✅ User-Embeddings gespeichert unter /opt/***/data/processed/user_deep_embedding.csv
2025-06-06 01:31:19,461 - __main__ - INFO - ✅ Deep KNN Modell gespeichert unter /opt/***/models/user_deep_knn.pkl
2025/06/06 01:31:48 INFO mlflow.pyfunc: Validating input example against model signature

Downloading artifacts:   0%|          | 0/1 [00:00<?, ?it/s]
Downloading artifacts: 100%|██████████| 1/1 [00:00<00:00,  2.32it/s]
Downloading artifacts: 100%|██████████| 1/1 [00:00<00:00,  2.32it/s]
Downloading artifacts: 100%|██████████| 1/1 [00:00<00:00,  2.32it/s]
Registered model 'user_deep_model' already exists. Creating a new version of this model...
2025/06/06 01:32:20 INFO mlflow.store.model_registry.abstract_store: Waiting up to 300 seconds for model version to finish creation. Model name: user_deep_model, version 12
Created version '12' of model 'user_deep_model'.
2025-06-06 01:32:21,978 - __main__ - INFO - 📝 Tags für Modellversion 12 gesetzt: n_neighbors=10, latent_dim=32
2025-06-06 01:32:21,983 - __main__ - INFO - 💾 Persistiere Modell-Metadaten unter /opt/***/models/user_deep_model_meta.json: {'model_type': 'user_deep_knn', 'n_neighbors': 10, 'latent_dim': 32, 'algorithm': 'ball_tree', 'epochs': 25, 'run_id': 'ef6198afee7d4240a6ed5366057a5452', 'version': '12', 'persisted_at': '2025-06-06T01:32:21.979089'}
2025-06-06 01:32:23,823 - __main__ - INFO - 🏁 Deep User-Model Training abgeschlossen und geloggt.

[2025-06-06T01:32:25.826+0000] {python.py:201} INFO - Done. Returned value was: None
[2025-06-06T01:32:25.835+0000] {taskinstance.py:1138} INFO - Marking task as SUCCESS. dag_id=deep_models_pipeline, task_id=train_deep_user_model, execution_date=20250606T012639, start_date=20250606T012707, end_date=20250606T013225
[2025-06-06T01:32:25.873+0000] {local_task_job_runner.py:234} INFO - Task exited with return code 0
[2025-06-06T01:32:25.893+0000] {taskinstance.py:3280} INFO - 0 downstream tasks scheduled from follow-on schedule check
