[2025-06-04T07:16:09.686+0000] {taskinstance.py:1956} INFO - Dependencies all met for dep_context=non-requeueable deps ti=<TaskInstance: movie_recommendation_pipeline.dvc_add_and_push_all manual__2025-06-04T07:12:00.425638+00:00 [queued]>
[2025-06-04T07:16:09.693+0000] {taskinstance.py:1956} INFO - Dependencies all met for dep_context=requeueable deps ti=<TaskInstance: movie_recommendation_pipeline.dvc_add_and_push_all manual__2025-06-04T07:12:00.425638+00:00 [queued]>
[2025-06-04T07:16:09.694+0000] {taskinstance.py:2170} INFO - Starting attempt 1 of 3
[2025-06-04T07:16:09.705+0000] {taskinstance.py:2191} INFO - Executing <Task(PythonOperator): dvc_add_and_push_all> on 2025-06-04 07:12:00.425638+00:00
[2025-06-04T07:16:09.711+0000] {standard_task_runner.py:60} INFO - Started process 1593 to run task
[2025-06-04T07:16:09.713+0000] {standard_task_runner.py:87} INFO - Running: ['***', 'tasks', 'run', 'movie_recommendation_pipeline', 'dvc_add_and_push_all', 'manual__2025-06-04T07:12:00.425638+00:00', '--job-id', '1821', '--raw', '--subdir', 'DAGS_FOLDER/mlops_movie_dag.py', '--cfg-path', '/tmp/tmp_cthtv7d']
[2025-06-04T07:16:09.714+0000] {standard_task_runner.py:88} INFO - Job 1821: Subtask dvc_add_and_push_all
[2025-06-04T07:16:09.745+0000] {task_command.py:423} INFO - Running <TaskInstance: movie_recommendation_pipeline.dvc_add_and_push_all manual__2025-06-04T07:12:00.425638+00:00 [running]> on host e71253cfdb88
[2025-06-04T07:16:09.797+0000] {taskinstance.py:2480} INFO - Exporting env vars: AIRFLOW_CTX_DAG_OWNER='***' AIRFLOW_CTX_DAG_ID='movie_recommendation_pipeline' AIRFLOW_CTX_TASK_ID='dvc_add_and_push_all' AIRFLOW_CTX_EXECUTION_DATE='2025-06-04T07:12:00.425638+00:00' AIRFLOW_CTX_TRY_NUMBER='1' AIRFLOW_CTX_DAG_RUN_ID='manual__2025-06-04T07:12:00.425638+00:00'
[2025-06-04T07:16:09.801+0000] {mlops_movie_dag.py:12} INFO - 🟦 Running command: git config --global --add safe.directory /opt/***
[2025-06-04T07:16:09.810+0000] {mlops_movie_dag.py:19} INFO - 🟩 [stdout]:

[2025-06-04T07:16:09.810+0000] {mlops_movie_dag.py:12} INFO - 🟦 Running command: git config --global user.email ***@mlops.local
[2025-06-04T07:16:09.822+0000] {mlops_movie_dag.py:19} INFO - 🟩 [stdout]:

[2025-06-04T07:16:09.823+0000] {mlops_movie_dag.py:12} INFO - 🟦 Running command: git config --global user.name Airflow
[2025-06-04T07:16:09.834+0000] {mlops_movie_dag.py:19} INFO - 🟩 [stdout]:

[2025-06-04T07:16:09.835+0000] {mlops_movie_dag.py:12} INFO - 🟦 Running command: dvc add /opt/***/models/hybrid_model.pkl
[2025-06-04T07:16:25.608+0000] {mlops_movie_dag.py:19} INFO - 🟩 [stdout]:

To track the changes with git, run:

	git add models/hybrid_model.pkl.dvc

To enable auto staging, run:

	dvc config core.autostage true

[2025-06-04T07:16:25.609+0000] {mlops_movie_dag.py:12} INFO - 🟦 Running command: dvc add /opt/***/data/processed/hybrid_matrix.csv
[2025-06-04T07:16:43.512+0000] {mlops_movie_dag.py:19} INFO - 🟩 [stdout]:

To track the changes with git, run:

	git add data/processed/hybrid_matrix.csv.dvc

To enable auto staging, run:

	dvc config core.autostage true

[2025-06-04T07:16:43.513+0000] {mlops_movie_dag.py:12} INFO - 🟦 Running command: dvc add /opt/***/data/processed/hybrid_matrix_features.txt
[2025-06-04T07:16:55.103+0000] {mlops_movie_dag.py:19} INFO - 🟩 [stdout]:

To track the changes with git, run:

	git add data/processed/hybrid_matrix_features.txt.dvc

To enable auto staging, run:

	dvc config core.autostage true

[2025-06-04T07:16:55.104+0000] {mlops_movie_dag.py:12} INFO - 🟦 Running command: dvc add /opt/***/models/user_model.pkl
[2025-06-04T07:17:07.410+0000] {mlops_movie_dag.py:19} INFO - 🟩 [stdout]:

To track the changes with git, run:

	git add models/user_model.pkl.dvc

To enable auto staging, run:

	dvc config core.autostage true

[2025-06-04T07:17:07.412+0000] {mlops_movie_dag.py:12} INFO - 🟦 Running command: dvc add /opt/***/data/processed/user_matrix.csv
[2025-06-04T07:17:20.075+0000] {mlops_movie_dag.py:19} INFO - 🟩 [stdout]:

To track the changes with git, run:

	git add data/processed/user_matrix.csv.dvc

To enable auto staging, run:

	dvc config core.autostage true

[2025-06-04T07:17:20.076+0000] {mlops_movie_dag.py:12} INFO - 🟦 Running command: dvc add /opt/***/data/processed/user_matrix_features.txt
[2025-06-04T07:17:31.653+0000] {mlops_movie_dag.py:19} INFO - 🟩 [stdout]:

To track the changes with git, run:

	git add data/processed/user_matrix_features.txt.dvc

To enable auto staging, run:

	dvc config core.autostage true

[2025-06-04T07:17:31.654+0000] {mlops_movie_dag.py:12} INFO - 🟦 Running command: git add /opt/***/models/hybrid_model.pkl.dvc /opt/***/data/processed/hybrid_matrix.csv.dvc /opt/***/data/processed/hybrid_matrix_features.txt.dvc /opt/***/models/user_model.pkl.dvc /opt/***/data/processed/user_matrix.csv.dvc /opt/***/data/processed/user_matrix_features.txt.dvc
[2025-06-04T07:17:31.784+0000] {mlops_movie_dag.py:19} INFO - 🟩 [stdout]:

[2025-06-04T07:17:31.869+0000] {mlops_movie_dag.py:142} INFO - ✅ Nichts zu committen (Skip git commit)
[2025-06-04T07:17:31.870+0000] {mlops_movie_dag.py:12} INFO - 🟦 Running command: dvc push
[2025-06-04T07:17:43.870+0000] {mlops_movie_dag.py:19} INFO - 🟩 [stdout]:
Everything is up to date.

[2025-06-04T07:17:43.871+0000] {python.py:201} INFO - Done. Returned value was: None
[2025-06-04T07:17:43.881+0000] {taskinstance.py:1138} INFO - Marking task as SUCCESS. dag_id=movie_recommendation_pipeline, task_id=dvc_add_and_push_all, execution_date=20250604T071200, start_date=20250604T071609, end_date=20250604T071743
[2025-06-04T07:17:43.910+0000] {local_task_job_runner.py:234} INFO - Task exited with return code 0
[2025-06-04T07:17:43.933+0000] {taskinstance.py:3280} INFO - 1 downstream tasks scheduled from follow-on schedule check
