[2025-06-02T06:16:24.952+0000] {taskinstance.py:1956} INFO - Dependencies all met for dep_context=non-requeueable deps ti=<TaskInstance: movie_recommendation_pipeline.predict_best_model manual__2025-06-02T06:09:18.136269+00:00 [queued]>
[2025-06-02T06:16:24.959+0000] {taskinstance.py:1956} INFO - Dependencies all met for dep_context=requeueable deps ti=<TaskInstance: movie_recommendation_pipeline.predict_best_model manual__2025-06-02T06:09:18.136269+00:00 [queued]>
[2025-06-02T06:16:24.960+0000] {taskinstance.py:2170} INFO - Starting attempt 1 of 3
[2025-06-02T06:16:24.970+0000] {taskinstance.py:2191} INFO - Executing <Task(PythonOperator): predict_best_model> on 2025-06-02 06:09:18.136269+00:00
[2025-06-02T06:16:24.977+0000] {standard_task_runner.py:60} INFO - Started process 1307 to run task
[2025-06-02T06:16:24.979+0000] {standard_task_runner.py:87} INFO - Running: ['***', 'tasks', 'run', 'movie_recommendation_pipeline', 'predict_best_model', 'manual__2025-06-02T06:09:18.136269+00:00', '--job-id', '1552', '--raw', '--subdir', 'DAGS_FOLDER/mlops_movie_dag.py', '--cfg-path', '/tmp/tmp51r_6oq9']
[2025-06-02T06:16:24.981+0000] {standard_task_runner.py:88} INFO - Job 1552: Subtask predict_best_model
[2025-06-02T06:16:25.016+0000] {task_command.py:423} INFO - Running <TaskInstance: movie_recommendation_pipeline.predict_best_model manual__2025-06-02T06:09:18.136269+00:00 [running]> on host 3b111735b1ac
[2025-06-02T06:16:25.077+0000] {taskinstance.py:2480} INFO - Exporting env vars: AIRFLOW_CTX_DAG_OWNER='***' AIRFLOW_CTX_DAG_ID='movie_recommendation_pipeline' AIRFLOW_CTX_TASK_ID='predict_best_model' AIRFLOW_CTX_EXECUTION_DATE='2025-06-02T06:09:18.136269+00:00' AIRFLOW_CTX_TRY_NUMBER='1' AIRFLOW_CTX_DAG_RUN_ID='manual__2025-06-02T06:09:18.136269+00:00'
[2025-06-02T06:16:25.079+0000] {mlops_movie_dag.py:12} INFO - 🟦 Running command: python /opt/***/src/models/predict_best_model.py
[2025-06-02T06:16:36.547+0000] {mlops_movie_dag.py:19} INFO - 🟩 [stdout]:
🏃 View run predict_best_model at: https://dagshub.com/sacer11/MLOps_movie_rec_apr25.mlflow/#/experiments/3/runs/5e8e80b862b24cc7941c17f07b84804b
🧪 View experiment at: https://dagshub.com/sacer11/MLOps_movie_rec_apr25.mlflow/#/experiments/3

[2025-06-02T06:16:36.547+0000] {mlops_movie_dag.py:21} WARNING - 🟨 [stderr]:
2025-06-02 06:16:26,829 - INFO - 🚀 Starte Vorhersage mit MLflow Registry & DVC-Modell
2025-06-02 06:16:27,061 - INFO - 🔎 Bestes Modell laut Registry: Typ='hybrid', Version=97
2025-06-02 06:16:28,005 - INFO - 📦 Modell geladen: /opt/***/models/hybrid_model.pkl
2025-06-02 06:16:30,684 - INFO - 📥 Eingabematrix geladen: /opt/***/data/processed/hybrid_matrix.csv – Shape: (10381, 1428)
/home/***/.local/lib/python3.10/site-packages/sklearn/base.py:458: UserWarning: X has feature names, but NearestNeighbors was fitted without feature names
  warnings.warn(
2025-06-02 06:16:30,800 - INFO - 💾 Vorhersagen gespeichert unter: /opt/***/data/predictions.csv
2025-06-02 06:16:36,231 - INFO - ✅ Predictions erfolgreich in MLflow geloggt

[2025-06-02T06:16:36.548+0000] {python.py:201} INFO - Done. Returned value was: None
[2025-06-02T06:16:36.557+0000] {taskinstance.py:1138} INFO - Marking task as SUCCESS. dag_id=movie_recommendation_pipeline, task_id=predict_best_model, execution_date=20250602T060918, start_date=20250602T061624, end_date=20250602T061636
[2025-06-02T06:16:36.573+0000] {local_task_job_runner.py:234} INFO - Task exited with return code 0
[2025-06-02T06:16:36.586+0000] {taskinstance.py:3280} INFO - 0 downstream tasks scheduled from follow-on schedule check
