[2025-06-07T22:21:10.598+0000] {taskinstance.py:1956} INFO - Dependencies all met for dep_context=non-requeueable deps ti=<TaskInstance: deep_models_pipeline.predict_best_model manual__2025-06-07T22:18:22.474330+00:00 [queued]>
[2025-06-07T22:21:10.605+0000] {taskinstance.py:1956} INFO - Dependencies all met for dep_context=requeueable deps ti=<TaskInstance: deep_models_pipeline.predict_best_model manual__2025-06-07T22:18:22.474330+00:00 [queued]>
[2025-06-07T22:21:10.605+0000] {taskinstance.py:2170} INFO - Starting attempt 1 of 3
[2025-06-07T22:21:10.614+0000] {taskinstance.py:2191} INFO - Executing <Task(PythonOperator): predict_best_model> on 2025-06-07 22:18:22.474330+00:00
[2025-06-07T22:21:10.621+0000] {standard_task_runner.py:60} INFO - Started process 2849 to run task
[2025-06-07T22:21:10.623+0000] {standard_task_runner.py:87} INFO - Running: ['***', 'tasks', 'run', 'deep_models_pipeline', 'predict_best_model', 'manual__2025-06-07T22:18:22.474330+00:00', '--job-id', '2774', '--raw', '--subdir', 'DAGS_FOLDER/train_deep_model_dag.py', '--cfg-path', '/tmp/tmph0b032oi']
[2025-06-07T22:21:10.624+0000] {standard_task_runner.py:88} INFO - Job 2774: Subtask predict_best_model
[2025-06-07T22:21:10.659+0000] {task_command.py:423} INFO - Running <TaskInstance: deep_models_pipeline.predict_best_model manual__2025-06-07T22:18:22.474330+00:00 [running]> on host e4801a74e885
[2025-06-07T22:21:10.711+0000] {taskinstance.py:2480} INFO - Exporting env vars: AIRFLOW_CTX_DAG_OWNER='***' AIRFLOW_CTX_DAG_ID='deep_models_pipeline' AIRFLOW_CTX_TASK_ID='predict_best_model' AIRFLOW_CTX_EXECUTION_DATE='2025-06-07T22:18:22.474330+00:00' AIRFLOW_CTX_TRY_NUMBER='1' AIRFLOW_CTX_DAG_RUN_ID='manual__2025-06-07T22:18:22.474330+00:00'
[2025-06-07T22:21:10.712+0000] {train_deep_model_dag.py:13} INFO - 🟦 Running command: python /opt/***/src/models/predict_best_model.py
[2025-06-07T22:21:38.129+0000] {train_deep_model_dag.py:20} INFO - 🟩 [stdout]:
🏃 View run predict_best_model_hybrid_deep at: https://dagshub.com/sacer11/MLOps_movie_rec_apr25.mlflow/#/experiments/11/runs/f22caf92980e4034be01be245f41cab7
🧪 View experiment at: https://dagshub.com/sacer11/MLOps_movie_rec_apr25.mlflow/#/experiments/11

[2025-06-07T22:21:38.130+0000] {train_deep_model_dag.py:22} WARNING - 🟨 [stderr]:
2025-06-07 22:21:12,520 - INFO - 🚀 Starte Prediction für hybrid_deep_model über MLflow Registry
2025-06-07 22:21:12,520 - INFO - 📦 Lade Modell: models:/hybrid_deep_model@best_model

Downloading artifacts:   0%|          | 0/8 [00:00<?, ?it/s]
Downloading artifacts:  12%|█▎        | 1/8 [00:00<00:00, 11275.01it/s]
Downloading artifacts:  25%|██▌       | 2/8 [00:00<00:02,  2.01it/s]   
Downloading artifacts:  25%|██▌       | 2/8 [00:00<00:02,  2.01it/s]
Downloading artifacts:  38%|███▊      | 3/8 [00:02<00:04,  1.17it/s]
Downloading artifacts:  38%|███▊      | 3/8 [00:02<00:04,  1.17it/s]
Downloading artifacts:  50%|█████     | 4/8 [00:03<00:04,  1.15s/it]
Downloading artifacts:  50%|█████     | 4/8 [00:03<00:04,  1.15s/it]
Downloading artifacts:  62%|██████▎   | 5/8 [00:04<00:03,  1.06s/it]
Downloading artifacts:  62%|██████▎   | 5/8 [00:04<00:03,  1.06s/it]
Downloading artifacts:  75%|███████▌  | 6/8 [00:06<00:02,  1.13s/it]
Downloading artifacts:  75%|███████▌  | 6/8 [00:06<00:02,  1.13s/it]
Downloading artifacts:  88%|████████▊ | 7/8 [00:06<00:01,  1.02s/it]
Downloading artifacts:  88%|████████▊ | 7/8 [00:06<00:01,  1.02s/it]
Downloading artifacts: 100%|██████████| 8/8 [00:07<00:00,  1.01it/s]
Downloading artifacts: 100%|██████████| 8/8 [00:07<00:00,  1.01it/s]
Downloading artifacts: 100%|██████████| 8/8 [00:07<00:00,  1.01it/s]
2025-06-07 22:21:24,944 - INFO - 📥 Embedding geladen: /opt/***/data/processed/hybrid_deep_embedding_best.csv – Shape: (10381, 32)
2025-06-07 22:21:25,094 - INFO - 💾 Vorhersagen gespeichert unter: /opt/***/data/processed/predictions_hybrid_deep_model.csv
2025-06-07 22:21:37,686 - INFO - ✅ Predictions erfolgreich in MLflow geloggt

[2025-06-07T22:21:38.130+0000] {python.py:201} INFO - Done. Returned value was: None
[2025-06-07T22:21:38.140+0000] {taskinstance.py:1138} INFO - Marking task as SUCCESS. dag_id=deep_models_pipeline, task_id=predict_best_model, execution_date=20250607T221822, start_date=20250607T222110, end_date=20250607T222138
[2025-06-07T22:21:38.167+0000] {local_task_job_runner.py:234} INFO - Task exited with return code 0
[2025-06-07T22:21:38.184+0000] {taskinstance.py:3280} INFO - 0 downstream tasks scheduled from follow-on schedule check
