[2025-06-02T05:56:38.405+0000] {taskinstance.py:1956} INFO - Dependencies all met for dep_context=non-requeueable deps ti=<TaskInstance: movie_recommendation_pipeline.dvc_pull_all manual__2025-06-02T05:37:26.854773+00:00 [queued]>
[2025-06-02T05:56:38.412+0000] {taskinstance.py:1956} INFO - Dependencies all met for dep_context=requeueable deps ti=<TaskInstance: movie_recommendation_pipeline.dvc_pull_all manual__2025-06-02T05:37:26.854773+00:00 [queued]>
[2025-06-02T05:56:38.412+0000] {taskinstance.py:2170} INFO - Starting attempt 1 of 3
[2025-06-02T05:56:38.422+0000] {taskinstance.py:2191} INFO - Executing <Task(PythonOperator): dvc_pull_all> on 2025-06-02 05:37:26.854773+00:00
[2025-06-02T05:56:38.427+0000] {standard_task_runner.py:60} INFO - Started process 1372 to run task
[2025-06-02T05:56:38.429+0000] {standard_task_runner.py:87} INFO - Running: ['***', 'tasks', 'run', 'movie_recommendation_pipeline', 'dvc_pull_all', 'manual__2025-06-02T05:37:26.854773+00:00', '--job-id', '1515', '--raw', '--subdir', 'DAGS_FOLDER/mlops_movie_dag.py', '--cfg-path', '/tmp/tmpbyim4i_l']
[2025-06-02T05:56:38.430+0000] {standard_task_runner.py:88} INFO - Job 1515: Subtask dvc_pull_all
[2025-06-02T05:56:38.462+0000] {task_command.py:423} INFO - Running <TaskInstance: movie_recommendation_pipeline.dvc_pull_all manual__2025-06-02T05:37:26.854773+00:00 [running]> on host 0e6e1ff1f8df
[2025-06-02T05:56:38.515+0000] {taskinstance.py:2480} INFO - Exporting env vars: AIRFLOW_CTX_DAG_OWNER='***' AIRFLOW_CTX_DAG_ID='movie_recommendation_pipeline' AIRFLOW_CTX_TASK_ID='dvc_pull_all' AIRFLOW_CTX_EXECUTION_DATE='2025-06-02T05:37:26.854773+00:00' AIRFLOW_CTX_TRY_NUMBER='1' AIRFLOW_CTX_DAG_RUN_ID='manual__2025-06-02T05:37:26.854773+00:00'
[2025-06-02T05:56:38.516+0000] {mlops_movie_dag.py:12} INFO - 游릱 Running command: dvc pull /opt/***/models/hybrid_model.pkl
[2025-06-02T05:56:48.186+0000] {mlops_movie_dag.py:19} INFO - 游릴 [stdout]:
Everything is up to date.

[2025-06-02T05:56:48.187+0000] {mlops_movie_dag.py:12} INFO - 游릱 Running command: dvc pull /opt/***/data/processed/hybrid_matrix.csv
[2025-06-02T05:56:58.055+0000] {mlops_movie_dag.py:19} INFO - 游릴 [stdout]:
Everything is up to date.

[2025-06-02T05:56:58.056+0000] {mlops_movie_dag.py:12} INFO - 游릱 Running command: dvc pull /opt/***/data/processed/hybrid_matrix_features.txt
[2025-06-02T05:57:07.795+0000] {mlops_movie_dag.py:19} INFO - 游릴 [stdout]:
Everything is up to date.

[2025-06-02T05:57:07.796+0000] {mlops_movie_dag.py:12} INFO - 游릱 Running command: dvc pull /opt/***/models/user_model.pkl
[2025-06-02T05:57:17.250+0000] {mlops_movie_dag.py:19} INFO - 游릴 [stdout]:
Everything is up to date.

[2025-06-02T05:57:17.251+0000] {mlops_movie_dag.py:12} INFO - 游릱 Running command: dvc pull /opt/***/data/processed/user_matrix.csv
[2025-06-02T05:57:26.843+0000] {mlops_movie_dag.py:19} INFO - 游릴 [stdout]:
Everything is up to date.

[2025-06-02T05:57:26.844+0000] {mlops_movie_dag.py:12} INFO - 游릱 Running command: dvc pull /opt/***/data/processed/user_matrix_features.txt
[2025-06-02T05:57:36.714+0000] {mlops_movie_dag.py:19} INFO - 游릴 [stdout]:
Everything is up to date.

[2025-06-02T05:57:36.715+0000] {python.py:201} INFO - Done. Returned value was: None
[2025-06-02T05:57:36.724+0000] {taskinstance.py:1138} INFO - Marking task as SUCCESS. dag_id=movie_recommendation_pipeline, task_id=dvc_pull_all, execution_date=20250602T053726, start_date=20250602T055638, end_date=20250602T055736
[2025-06-02T05:57:36.776+0000] {local_task_job_runner.py:234} INFO - Task exited with return code 0
[2025-06-02T05:57:36.796+0000] {taskinstance.py:3280} INFO - 1 downstream tasks scheduled from follow-on schedule check
