[2025-06-02T16:53:34.585+0000] {taskinstance.py:1956} INFO - Dependencies all met for dep_context=non-requeueable deps ti=<TaskInstance: deep_models_pipeline.train_deep_user_model manual__2025-06-02T16:53:34.182118+00:00 [queued]>
[2025-06-02T16:53:34.591+0000] {taskinstance.py:1956} INFO - Dependencies all met for dep_context=requeueable deps ti=<TaskInstance: deep_models_pipeline.train_deep_user_model manual__2025-06-02T16:53:34.182118+00:00 [queued]>
[2025-06-02T16:53:34.592+0000] {taskinstance.py:2170} INFO - Starting attempt 1 of 1
[2025-06-02T16:53:34.602+0000] {taskinstance.py:2191} INFO - Executing <Task(BashOperator): train_deep_user_model> on 2025-06-02 16:53:34.182118+00:00
[2025-06-02T16:53:34.608+0000] {standard_task_runner.py:60} INFO - Started process 210 to run task
[2025-06-02T16:53:34.611+0000] {standard_task_runner.py:87} INFO - Running: ['***', 'tasks', 'run', 'deep_models_pipeline', 'train_deep_user_model', 'manual__2025-06-02T16:53:34.182118+00:00', '--job-id', '1707', '--raw', '--subdir', 'DAGS_FOLDER/train_deep_model_dag.py', '--cfg-path', '/tmp/tmp5_tvlcui']
[2025-06-02T16:53:34.613+0000] {standard_task_runner.py:88} INFO - Job 1707: Subtask train_deep_user_model
[2025-06-02T16:53:34.651+0000] {task_command.py:423} INFO - Running <TaskInstance: deep_models_pipeline.train_deep_user_model manual__2025-06-02T16:53:34.182118+00:00 [running]> on host 85a65436d518
[2025-06-02T16:53:34.710+0000] {taskinstance.py:2480} INFO - Exporting env vars: AIRFLOW_CTX_DAG_OWNER='***' AIRFLOW_CTX_DAG_ID='deep_models_pipeline' AIRFLOW_CTX_TASK_ID='train_deep_user_model' AIRFLOW_CTX_EXECUTION_DATE='2025-06-02T16:53:34.182118+00:00' AIRFLOW_CTX_TRY_NUMBER='1' AIRFLOW_CTX_DAG_RUN_ID='manual__2025-06-02T16:53:34.182118+00:00'
[2025-06-02T16:53:34.711+0000] {subprocess.py:63} INFO - Tmp dir root location: /tmp
[2025-06-02T16:53:34.712+0000] {subprocess.py:75} INFO - Running command: ['/usr/bin/bash', '-c', 'python /opt/***/src/models/train_user_deep_model.py']
[2025-06-02T16:53:34.720+0000] {subprocess.py:86} INFO - Output:
[2025-06-02T16:56:52.950+0000] {local_task_job_runner.py:121} ERROR - Received SIGTERM. Terminating subprocesses
[2025-06-02T16:56:52.953+0000] {process_utils.py:131} INFO - Sending 15 to group 210. PIDs of all processes in the group: [213, 210]
[2025-06-02T16:56:52.953+0000] {process_utils.py:86} INFO - Sending the signal 15 to group 210
[2025-06-02T16:56:52.954+0000] {taskinstance.py:2450} ERROR - Received SIGTERM. Terminating subprocesses.
[2025-06-02T16:56:52.955+0000] {subprocess.py:104} INFO - Sending SIGTERM signal to process group
[2025-06-02T16:56:52.969+0000] {taskinstance.py:2698} ERROR - Task failed with exception
Traceback (most recent call last):
  File "/home/airflow/.local/lib/python3.10/site-packages/airflow/models/taskinstance.py", line 433, in _execute_task
    result = execute_callable(context=context, **execute_callable_kwargs)
  File "/home/airflow/.local/lib/python3.10/site-packages/airflow/operators/bash.py", line 203, in execute
    result = self.subprocess_hook.run_command(
  File "/home/airflow/.local/lib/python3.10/site-packages/airflow/hooks/subprocess.py", line 91, in run_command
    for raw_line in iter(self.sub_process.stdout.readline, b""):
  File "/home/airflow/.local/lib/python3.10/site-packages/airflow/models/taskinstance.py", line 2452, in signal_handler
    raise AirflowException("Task received SIGTERM signal")
airflow.exceptions.AirflowException: Task received SIGTERM signal
[2025-06-02T16:56:52.972+0000] {taskinstance.py:1138} INFO - Marking task as FAILED. dag_id=deep_models_pipeline, task_id=train_deep_user_model, execution_date=20250602T165334, start_date=20250602T165334, end_date=20250602T165652
[2025-06-02T16:56:52.986+0000] {standard_task_runner.py:107} ERROR - Failed to execute job 1707 for task train_deep_user_model (Task received SIGTERM signal; 210)
[2025-06-02T16:56:53.007+0000] {process_utils.py:79} INFO - Process psutil.Process(pid=213, status='terminated', started='16:53:33') (213) terminated with exit code None
[2025-06-02T16:56:53.008+0000] {process_utils.py:79} INFO - Process psutil.Process(pid=210, status='terminated', exitcode=1, started='16:53:33') (210) terminated with exit code 1
[2025-06-02T16:56:53.009+0000] {local_task_job_runner.py:234} INFO - Task exited with return code 143
[2025-06-02T16:56:53.026+0000] {taskinstance.py:3280} INFO - 0 downstream tasks scheduled from follow-on schedule check
