[2025-06-09T01:08:58.799+0000] {taskinstance.py:1956} INFO - Dependencies all met for dep_context=non-requeueable deps ti=<TaskInstance: deep_models_pipeline.import_raw_data manual__2025-06-09T01:08:57.902270+00:00 [queued]>
[2025-06-09T01:08:58.805+0000] {taskinstance.py:1956} INFO - Dependencies all met for dep_context=requeueable deps ti=<TaskInstance: deep_models_pipeline.import_raw_data manual__2025-06-09T01:08:57.902270+00:00 [queued]>
[2025-06-09T01:08:58.806+0000] {taskinstance.py:2170} INFO - Starting attempt 1 of 3
[2025-06-09T01:08:58.814+0000] {taskinstance.py:2191} INFO - Executing <Task(PythonOperator): import_raw_data> on 2025-06-09 01:08:57.902270+00:00
[2025-06-09T01:08:58.820+0000] {standard_task_runner.py:60} INFO - Started process 199 to run task
[2025-06-09T01:08:58.822+0000] {standard_task_runner.py:87} INFO - Running: ['***', 'tasks', 'run', 'deep_models_pipeline', 'import_raw_data', 'manual__2025-06-09T01:08:57.902270+00:00', '--job-id', '3663', '--raw', '--subdir', 'DAGS_FOLDER/train_deep_model_dag.py', '--cfg-path', '/tmp/tmprjr9qoxm']
[2025-06-09T01:08:58.823+0000] {standard_task_runner.py:88} INFO - Job 3663: Subtask import_raw_data
[2025-06-09T01:08:58.859+0000] {task_command.py:423} INFO - Running <TaskInstance: deep_models_pipeline.import_raw_data manual__2025-06-09T01:08:57.902270+00:00 [running]> on host 5e3f8e40fa89
[2025-06-09T01:08:58.921+0000] {taskinstance.py:2480} INFO - Exporting env vars: AIRFLOW_CTX_DAG_OWNER='***' AIRFLOW_CTX_DAG_ID='deep_models_pipeline' AIRFLOW_CTX_TASK_ID='import_raw_data' AIRFLOW_CTX_EXECUTION_DATE='2025-06-09T01:08:57.902270+00:00' AIRFLOW_CTX_TRY_NUMBER='1' AIRFLOW_CTX_DAG_RUN_ID='manual__2025-06-09T01:08:57.902270+00:00'
[2025-06-09T01:08:58.922+0000] {train_deep_model_dag.py:13} INFO - 🟦 Running command: python /opt/***/src/data/import_raw_data.py
[2025-06-09T01:08:59.114+0000] {train_deep_model_dag.py:20} INFO - 🟩 [stdout]:

[2025-06-09T01:08:59.115+0000] {train_deep_model_dag.py:22} WARNING - 🟨 [stderr]:
2025-06-09 01:08:59,098 - root - INFO - ✅ Datei bereits vorhanden, überspringe: genome-scores.csv
2025-06-09 01:08:59,099 - root - INFO - ✅ Datei bereits vorhanden, überspringe: genome-tags.csv
2025-06-09 01:08:59,100 - root - INFO - ✅ Datei bereits vorhanden, überspringe: links.csv
2025-06-09 01:08:59,101 - root - INFO - ✅ Datei bereits vorhanden, überspringe: movies.csv
2025-06-09 01:08:59,102 - root - INFO - ✅ Datei bereits vorhanden, überspringe: ratings.csv
2025-06-09 01:08:59,103 - root - INFO - ✅ Datei bereits vorhanden, überspringe: README.txt
2025-06-09 01:08:59,104 - root - INFO - ✅ Datei bereits vorhanden, überspringe: tags.csv
2025-06-09 01:08:59,104 - root - INFO - ✅ Rohdatenprüfung abgeschlossen.

[2025-06-09T01:08:59.116+0000] {python.py:201} INFO - Done. Returned value was: None
[2025-06-09T01:08:59.123+0000] {taskinstance.py:1138} INFO - Marking task as SUCCESS. dag_id=deep_models_pipeline, task_id=import_raw_data, execution_date=20250609T010857, start_date=20250609T010858, end_date=20250609T010859
[2025-06-09T01:08:59.155+0000] {local_task_job_runner.py:234} INFO - Task exited with return code 0
[2025-06-09T01:08:59.172+0000] {taskinstance.py:3280} INFO - 1 downstream tasks scheduled from follow-on schedule check
