[2025-06-06T18:17:52.418+0000] {taskinstance.py:1956} INFO - Dependencies all met for dep_context=non-requeueable deps ti=<TaskInstance: deep_models_pipeline.predict_best_model manual__2025-06-06T18:16:20.041051+00:00 [queued]>
[2025-06-06T18:17:52.426+0000] {taskinstance.py:1956} INFO - Dependencies all met for dep_context=requeueable deps ti=<TaskInstance: deep_models_pipeline.predict_best_model manual__2025-06-06T18:16:20.041051+00:00 [queued]>
[2025-06-06T18:17:52.427+0000] {taskinstance.py:2170} INFO - Starting attempt 1 of 3
[2025-06-06T18:17:52.437+0000] {taskinstance.py:2191} INFO - Executing <Task(PythonOperator): predict_best_model> on 2025-06-06 18:16:20.041051+00:00
[2025-06-06T18:17:52.443+0000] {standard_task_runner.py:60} INFO - Started process 608 to run task
[2025-06-06T18:17:52.445+0000] {standard_task_runner.py:87} INFO - Running: ['***', 'tasks', 'run', 'deep_models_pipeline', 'predict_best_model', 'manual__2025-06-06T18:16:20.041051+00:00', '--job-id', '2219', '--raw', '--subdir', 'DAGS_FOLDER/train_deep_model_dag.py', '--cfg-path', '/tmp/tmppa3xjakt']
[2025-06-06T18:17:52.446+0000] {standard_task_runner.py:88} INFO - Job 2219: Subtask predict_best_model
[2025-06-06T18:17:52.484+0000] {task_command.py:423} INFO - Running <TaskInstance: deep_models_pipeline.predict_best_model manual__2025-06-06T18:16:20.041051+00:00 [running]> on host ad6b6abc6237
[2025-06-06T18:17:52.540+0000] {taskinstance.py:2480} INFO - Exporting env vars: AIRFLOW_CTX_DAG_OWNER='***' AIRFLOW_CTX_DAG_ID='deep_models_pipeline' AIRFLOW_CTX_TASK_ID='predict_best_model' AIRFLOW_CTX_EXECUTION_DATE='2025-06-06T18:16:20.041051+00:00' AIRFLOW_CTX_TRY_NUMBER='1' AIRFLOW_CTX_DAG_RUN_ID='manual__2025-06-06T18:16:20.041051+00:00'
[2025-06-06T18:17:52.541+0000] {train_deep_model_dag.py:13} INFO - 🟦 Running command: python /opt/***/src/models/predict_best_model.py
[2025-06-06T18:17:55.082+0000] {train_deep_model_dag.py:20} INFO - 🟩 [stdout]:

[2025-06-06T18:17:55.083+0000] {train_deep_model_dag.py:22} WARNING - 🟨 [stderr]:
2025-06-06 18:17:54,493 - INFO - 🚀 Starte Prediction für hybrid_deep_model über MLflow Registry
2025-06-06 18:17:54,494 - INFO - 📦 Lade Modell: models:/hybrid_deep_model@best_model
2025-06-06 18:17:54,807 - ERROR - ❌ Konnte Modell nicht laden: INVALID_PARAMETER_VALUE: Response: {'error_code': 'INVALID_PARAMETER_VALUE'}
Traceback (most recent call last):
  File "/opt/***/src/models/predict_best_model.py", line 69, in <module>
    predict_best_model(n_users=args.n_users)
  File "/opt/***/src/models/predict_best_model.py", line 25, in predict_best_model
    model = mlflow.pyfunc.load_model(model_uri)
  File "/home/***/.local/lib/python3.10/site-packages/mlflow/tracing/provider.py", line 422, in wrapper
    is_func_called, result = True, f(*args, **kwargs)
  File "/home/***/.local/lib/python3.10/site-packages/mlflow/pyfunc/__init__.py", line 1099, in load_model
    local_path = _download_artifact_from_uri(
  File "/home/***/.local/lib/python3.10/site-packages/mlflow/tracking/artifact_utils.py", line 108, in _download_artifact_from_uri
    repo = get_artifact_repository(artifact_uri=root_uri)
  File "/home/***/.local/lib/python3.10/site-packages/mlflow/store/artifact/artifact_repository_registry.py", line 133, in get_artifact_repository
    return _artifact_repository_registry.get_artifact_repository(artifact_uri)
  File "/home/***/.local/lib/python3.10/site-packages/mlflow/store/artifact/artifact_repository_registry.py", line 77, in get_artifact_repository
    return repository(artifact_uri)
  File "/home/***/.local/lib/python3.10/site-packages/mlflow/store/artifact/models_artifact_repo.py", line 69, in __init__
    ) = ModelsArtifactRepository._get_model_uri_infos(artifact_uri)
  File "/home/***/.local/lib/python3.10/site-packages/mlflow/store/artifact/models_artifact_repo.py", line 112, in _get_model_uri_infos
    name, version = get_model_name_and_version(client, uri)
  File "/home/***/.local/lib/python3.10/site-packages/mlflow/store/artifact/utils/models.py", line 97, in get_model_name_and_version
    mv = client.get_model_version_by_alias(model_name, model_alias)
  File "/home/***/.local/lib/python3.10/site-packages/mlflow/tracking/_model_registry/client.py", line 433, in get_model_version_by_alias
    return self.store.get_model_version_by_alias(name, alias)
  File "/home/***/.local/lib/python3.10/site-packages/mlflow/store/model_registry/rest_store.py", line 473, in get_model_version_by_alias
    response_proto = self._call_endpoint(GetModelVersionByAlias, req_body)
  File "/home/***/.local/lib/python3.10/site-packages/mlflow/store/model_registry/base_rest_store.py", line 44, in _call_endpoint
    return call_endpoint(
  File "/home/***/.local/lib/python3.10/site-packages/mlflow/utils/rest_utils.py", line 402, in call_endpoint
    response = verify_rest_response(response, endpoint)
  File "/home/***/.local/lib/python3.10/site-packages/mlflow/utils/rest_utils.py", line 259, in verify_rest_response
    raise RestException(json.loads(response.text))
mlflow.exceptions.RestException: INVALID_PARAMETER_VALUE: Response: {'error_code': 'INVALID_PARAMETER_VALUE'}

[2025-06-06T18:17:55.084+0000] {train_deep_model_dag.py:29} ERROR - ❌ Subprozess-Fehler (exit code 1): python /opt/***/src/models/predict_best_model.py
[2025-06-06T18:17:55.084+0000] {train_deep_model_dag.py:32} ERROR - ❌ Subprozess-Ausnahme: Command '['python', '/opt/***/src/models/predict_best_model.py']' returned non-zero exit status 1.
[2025-06-06T18:17:55.084+0000] {taskinstance.py:2698} ERROR - Task failed with exception
Traceback (most recent call last):
  File "/home/airflow/.local/lib/python3.10/site-packages/airflow/models/taskinstance.py", line 433, in _execute_task
    result = execute_callable(context=context, **execute_callable_kwargs)
  File "/home/airflow/.local/lib/python3.10/site-packages/airflow/operators/python.py", line 199, in execute
    return_value = self.execute_callable()
  File "/home/airflow/.local/lib/python3.10/site-packages/airflow/operators/python.py", line 216, in execute_callable
    return self.python_callable(*self.op_args, **self.op_kwargs)
  File "/opt/airflow/dags/train_deep_model_dag.py", line 71, in run_predict_best_model
    run_and_log(["python", "/opt/airflow/src/models/predict_best_model.py"])
  File "/opt/airflow/dags/train_deep_model_dag.py", line 30, in run_and_log
    raise subprocess.CalledProcessError(result.returncode, command)
subprocess.CalledProcessError: Command '['python', '/opt/airflow/src/models/predict_best_model.py']' returned non-zero exit status 1.
[2025-06-06T18:17:55.094+0000] {taskinstance.py:1138} INFO - Marking task as UP_FOR_RETRY. dag_id=deep_models_pipeline, task_id=predict_best_model, execution_date=20250606T181620, start_date=20250606T181752, end_date=20250606T181755
[2025-06-06T18:17:55.106+0000] {standard_task_runner.py:107} ERROR - Failed to execute job 2219 for task predict_best_model (Command '['python', '/opt/airflow/src/models/predict_best_model.py']' returned non-zero exit status 1.; 608)
[2025-06-06T18:17:55.144+0000] {local_task_job_runner.py:234} INFO - Task exited with return code 1
[2025-06-06T18:17:55.156+0000] {taskinstance.py:3280} INFO - 0 downstream tasks scheduled from follow-on schedule check
