[2025-06-18T13:51:57.010+0000] {taskinstance.py:1956} INFO - Dependencies all met for dep_context=non-requeueable deps ti=<TaskInstance: deep_models_pipeline.import_raw_data manual__2025-06-18T13:51:55.830370+00:00 [queued]>
[2025-06-18T13:51:57.017+0000] {taskinstance.py:1956} INFO - Dependencies all met for dep_context=requeueable deps ti=<TaskInstance: deep_models_pipeline.import_raw_data manual__2025-06-18T13:51:55.830370+00:00 [queued]>
[2025-06-18T13:51:57.018+0000] {taskinstance.py:2170} INFO - Starting attempt 1 of 3
[2025-06-18T13:51:57.027+0000] {taskinstance.py:2191} INFO - Executing <Task(PythonOperator): import_raw_data> on 2025-06-18 13:51:55.830370+00:00
[2025-06-18T13:51:57.034+0000] {standard_task_runner.py:60} INFO - Started process 3630 to run task
[2025-06-18T13:51:57.036+0000] {standard_task_runner.py:87} INFO - Running: ['***', 'tasks', 'run', 'deep_models_pipeline', 'import_raw_data', 'manual__2025-06-18T13:51:55.830370+00:00', '--job-id', '625', '--raw', '--subdir', 'DAGS_FOLDER/train_deep_model_dag.py', '--cfg-path', '/tmp/tmpwtn5ssbo']
[2025-06-18T13:51:57.037+0000] {standard_task_runner.py:88} INFO - Job 625: Subtask import_raw_data
[2025-06-18T13:51:57.070+0000] {task_command.py:423} INFO - Running <TaskInstance: deep_models_pipeline.import_raw_data manual__2025-06-18T13:51:55.830370+00:00 [running]> on host 3cef70cd7501
[2025-06-18T13:51:57.135+0000] {taskinstance.py:2480} INFO - Exporting env vars: AIRFLOW_CTX_DAG_OWNER='***' AIRFLOW_CTX_DAG_ID='deep_models_pipeline' AIRFLOW_CTX_TASK_ID='import_raw_data' AIRFLOW_CTX_EXECUTION_DATE='2025-06-18T13:51:55.830370+00:00' AIRFLOW_CTX_TRY_NUMBER='1' AIRFLOW_CTX_DAG_RUN_ID='manual__2025-06-18T13:51:55.830370+00:00'
[2025-06-18T13:51:57.136+0000] {train_deep_model_dag.py:14} INFO - 🟦 Running command: python /opt/***/src/movie/data/import_raw_data.py
[2025-06-18T13:51:57.136+0000] {train_deep_model_dag.py:15} INFO - 🟦 Working directory: /opt/***
[2025-06-18T13:51:57.136+0000] {train_deep_model_dag.py:16} INFO - MLflow Tracking URI: https://dagshub.com/sacer11/MLOps_movie_rec_apr25.mlflow
[2025-06-18T13:51:57.137+0000] {train_deep_model_dag.py:17} INFO - User: Klemp.Thomas
[2025-06-18T13:51:57.137+0000] {train_deep_model_dag.py:18} INFO - Password: 24a59c66cf
[2025-06-18T13:51:57.476+0000] {train_deep_model_dag.py:25} INFO - 🟩 [stdout]:

[2025-06-18T13:51:57.477+0000] {train_deep_model_dag.py:27} WARNING - 🟨 [stderr]:
2025-06-18 13:51:57,445 - root - INFO - ✅ Data already exists, skip: genome-scores.csv
2025-06-18 13:51:57,446 - root - INFO - ✅ Data already exists, skip: genome-tags.csv
2025-06-18 13:51:57,447 - root - INFO - ✅ Data already exists, skip: links.csv
2025-06-18 13:51:57,448 - root - INFO - ✅ Data already exists, skip: movies.csv
2025-06-18 13:51:57,450 - root - INFO - ✅ Data already exists, skip: ratings.csv
2025-06-18 13:51:57,451 - root - INFO - ✅ Data already exists, skip: README.txt
2025-06-18 13:51:57,453 - root - INFO - ✅ Data already exists, skip: tags.csv
2025-06-18 13:51:57,453 - root - INFO - ✅ Raw Data created.

[2025-06-18T13:51:57.477+0000] {python.py:201} INFO - Done. Returned value was: None
[2025-06-18T13:51:57.487+0000] {taskinstance.py:1138} INFO - Marking task as SUCCESS. dag_id=deep_models_pipeline, task_id=import_raw_data, execution_date=20250618T135155, start_date=20250618T135157, end_date=20250618T135157
[2025-06-18T13:51:57.530+0000] {local_task_job_runner.py:234} INFO - Task exited with return code 0
[2025-06-18T13:51:57.552+0000] {taskinstance.py:3280} INFO - 1 downstream tasks scheduled from follow-on schedule check
