[2025-06-13T00:00:02.253+0000] {processor.py:161} INFO - Started process (PID=251) to work on /opt/airflow/dags/bento_api_pipeline.py
[2025-06-13T00:00:02.254+0000] {processor.py:830} INFO - Processing file /opt/airflow/dags/bento_api_pipeline.py for tasks to queue
[2025-06-13T00:00:02.255+0000] {logging_mixin.py:188} INFO - [2025-06-13T00:00:02.255+0000] {dagbag.py:538} INFO - Filling up the DagBag from /opt/airflow/dags/bento_api_pipeline.py
[2025-06-13T00:00:02.276+0000] {processor.py:840} INFO - DAG(s) 'bento_api_pipeline' retrieved from /opt/airflow/dags/bento_api_pipeline.py
[2025-06-13T00:00:02.397+0000] {logging_mixin.py:188} INFO - [2025-06-13T00:00:02.396+0000] {dag.py:3036} INFO - Sync 1 DAGs
[2025-06-13T00:00:02.420+0000] {logging_mixin.py:188} INFO - [2025-06-13T00:00:02.420+0000] {dag.py:3823} INFO - Setting next_dagrun for bento_api_pipeline to None, run_after=None
[2025-06-13T00:00:02.455+0000] {processor.py:183} INFO - Processing /opt/airflow/dags/bento_api_pipeline.py took 0.203 seconds
[2025-06-13T00:00:32.686+0000] {processor.py:161} INFO - Started process (PID=261) to work on /opt/airflow/dags/bento_api_pipeline.py
[2025-06-13T00:00:32.686+0000] {processor.py:830} INFO - Processing file /opt/airflow/dags/bento_api_pipeline.py for tasks to queue
[2025-06-13T00:00:32.687+0000] {logging_mixin.py:188} INFO - [2025-06-13T00:00:32.687+0000] {dagbag.py:538} INFO - Filling up the DagBag from /opt/airflow/dags/bento_api_pipeline.py
[2025-06-13T00:00:32.707+0000] {processor.py:840} INFO - DAG(s) 'bento_api_pipeline' retrieved from /opt/airflow/dags/bento_api_pipeline.py
[2025-06-13T00:00:32.735+0000] {logging_mixin.py:188} INFO - [2025-06-13T00:00:32.735+0000] {dag.py:3036} INFO - Sync 1 DAGs
[2025-06-13T00:00:32.748+0000] {logging_mixin.py:188} INFO - [2025-06-13T00:00:32.748+0000] {dag.py:3823} INFO - Setting next_dagrun for bento_api_pipeline to None, run_after=None
[2025-06-13T00:00:32.767+0000] {processor.py:183} INFO - Processing /opt/airflow/dags/bento_api_pipeline.py took 0.084 seconds
[2025-06-13T00:01:03.013+0000] {processor.py:161} INFO - Started process (PID=271) to work on /opt/airflow/dags/bento_api_pipeline.py
[2025-06-13T00:01:03.013+0000] {processor.py:830} INFO - Processing file /opt/airflow/dags/bento_api_pipeline.py for tasks to queue
[2025-06-13T00:01:03.014+0000] {logging_mixin.py:188} INFO - [2025-06-13T00:01:03.014+0000] {dagbag.py:538} INFO - Filling up the DagBag from /opt/airflow/dags/bento_api_pipeline.py
[2025-06-13T00:01:03.041+0000] {processor.py:840} INFO - DAG(s) 'bento_api_pipeline' retrieved from /opt/airflow/dags/bento_api_pipeline.py
[2025-06-13T00:01:03.067+0000] {logging_mixin.py:188} INFO - [2025-06-13T00:01:03.066+0000] {dag.py:3036} INFO - Sync 1 DAGs
[2025-06-13T00:01:03.080+0000] {logging_mixin.py:188} INFO - [2025-06-13T00:01:03.080+0000] {dag.py:3823} INFO - Setting next_dagrun for bento_api_pipeline to None, run_after=None
[2025-06-13T00:01:03.100+0000] {processor.py:183} INFO - Processing /opt/airflow/dags/bento_api_pipeline.py took 0.089 seconds
[2025-06-13T00:01:33.250+0000] {processor.py:161} INFO - Started process (PID=281) to work on /opt/airflow/dags/bento_api_pipeline.py
[2025-06-13T00:01:33.250+0000] {processor.py:830} INFO - Processing file /opt/airflow/dags/bento_api_pipeline.py for tasks to queue
[2025-06-13T00:01:33.251+0000] {logging_mixin.py:188} INFO - [2025-06-13T00:01:33.251+0000] {dagbag.py:538} INFO - Filling up the DagBag from /opt/airflow/dags/bento_api_pipeline.py
[2025-06-13T00:01:33.270+0000] {processor.py:840} INFO - DAG(s) 'bento_api_pipeline' retrieved from /opt/airflow/dags/bento_api_pipeline.py
[2025-06-13T00:01:33.297+0000] {logging_mixin.py:188} INFO - [2025-06-13T00:01:33.297+0000] {dag.py:3036} INFO - Sync 1 DAGs
[2025-06-13T00:01:33.311+0000] {logging_mixin.py:188} INFO - [2025-06-13T00:01:33.310+0000] {dag.py:3823} INFO - Setting next_dagrun for bento_api_pipeline to None, run_after=None
[2025-06-13T00:01:33.329+0000] {processor.py:183} INFO - Processing /opt/airflow/dags/bento_api_pipeline.py took 0.082 seconds
[2025-06-13T00:02:03.542+0000] {processor.py:161} INFO - Started process (PID=291) to work on /opt/airflow/dags/bento_api_pipeline.py
[2025-06-13T00:02:03.542+0000] {processor.py:830} INFO - Processing file /opt/airflow/dags/bento_api_pipeline.py for tasks to queue
[2025-06-13T00:02:03.543+0000] {logging_mixin.py:188} INFO - [2025-06-13T00:02:03.543+0000] {dagbag.py:538} INFO - Filling up the DagBag from /opt/airflow/dags/bento_api_pipeline.py
[2025-06-13T00:02:03.563+0000] {processor.py:840} INFO - DAG(s) 'bento_api_pipeline' retrieved from /opt/airflow/dags/bento_api_pipeline.py
[2025-06-13T00:02:03.586+0000] {logging_mixin.py:188} INFO - [2025-06-13T00:02:03.586+0000] {dag.py:3036} INFO - Sync 1 DAGs
[2025-06-13T00:02:03.599+0000] {logging_mixin.py:188} INFO - [2025-06-13T00:02:03.599+0000] {dag.py:3823} INFO - Setting next_dagrun for bento_api_pipeline to None, run_after=None
[2025-06-13T00:02:03.621+0000] {processor.py:183} INFO - Processing /opt/airflow/dags/bento_api_pipeline.py took 0.081 seconds
[2025-06-13T00:02:33.780+0000] {processor.py:161} INFO - Started process (PID=301) to work on /opt/airflow/dags/bento_api_pipeline.py
[2025-06-13T00:02:33.781+0000] {processor.py:830} INFO - Processing file /opt/airflow/dags/bento_api_pipeline.py for tasks to queue
[2025-06-13T00:02:33.782+0000] {logging_mixin.py:188} INFO - [2025-06-13T00:02:33.781+0000] {dagbag.py:538} INFO - Filling up the DagBag from /opt/airflow/dags/bento_api_pipeline.py
[2025-06-13T00:02:33.803+0000] {processor.py:840} INFO - DAG(s) 'bento_api_pipeline' retrieved from /opt/airflow/dags/bento_api_pipeline.py
[2025-06-13T00:02:33.833+0000] {logging_mixin.py:188} INFO - [2025-06-13T00:02:33.833+0000] {dag.py:3036} INFO - Sync 1 DAGs
[2025-06-13T00:02:33.846+0000] {logging_mixin.py:188} INFO - [2025-06-13T00:02:33.845+0000] {dag.py:3823} INFO - Setting next_dagrun for bento_api_pipeline to None, run_after=None
[2025-06-13T00:02:33.864+0000] {processor.py:183} INFO - Processing /opt/airflow/dags/bento_api_pipeline.py took 0.086 seconds
[2025-06-13T00:03:04.093+0000] {processor.py:161} INFO - Started process (PID=311) to work on /opt/airflow/dags/bento_api_pipeline.py
[2025-06-13T00:03:04.094+0000] {processor.py:830} INFO - Processing file /opt/airflow/dags/bento_api_pipeline.py for tasks to queue
[2025-06-13T00:03:04.095+0000] {logging_mixin.py:188} INFO - [2025-06-13T00:03:04.094+0000] {dagbag.py:538} INFO - Filling up the DagBag from /opt/airflow/dags/bento_api_pipeline.py
[2025-06-13T00:03:04.109+0000] {processor.py:840} INFO - DAG(s) 'bento_api_pipeline' retrieved from /opt/airflow/dags/bento_api_pipeline.py
[2025-06-13T00:03:04.128+0000] {logging_mixin.py:188} INFO - [2025-06-13T00:03:04.128+0000] {dag.py:3036} INFO - Sync 1 DAGs
[2025-06-13T00:03:04.138+0000] {logging_mixin.py:188} INFO - [2025-06-13T00:03:04.138+0000] {dag.py:3823} INFO - Setting next_dagrun for bento_api_pipeline to None, run_after=None
[2025-06-13T00:03:04.153+0000] {processor.py:183} INFO - Processing /opt/airflow/dags/bento_api_pipeline.py took 0.061 seconds
[2025-06-13T00:03:34.314+0000] {processor.py:161} INFO - Started process (PID=321) to work on /opt/airflow/dags/bento_api_pipeline.py
[2025-06-13T00:03:34.314+0000] {processor.py:830} INFO - Processing file /opt/airflow/dags/bento_api_pipeline.py for tasks to queue
[2025-06-13T00:03:34.315+0000] {logging_mixin.py:188} INFO - [2025-06-13T00:03:34.315+0000] {dagbag.py:538} INFO - Filling up the DagBag from /opt/airflow/dags/bento_api_pipeline.py
[2025-06-13T00:03:34.329+0000] {processor.py:840} INFO - DAG(s) 'bento_api_pipeline' retrieved from /opt/airflow/dags/bento_api_pipeline.py
[2025-06-13T00:03:34.348+0000] {logging_mixin.py:188} INFO - [2025-06-13T00:03:34.347+0000] {dag.py:3036} INFO - Sync 1 DAGs
[2025-06-13T00:03:34.357+0000] {logging_mixin.py:188} INFO - [2025-06-13T00:03:34.357+0000] {dag.py:3823} INFO - Setting next_dagrun for bento_api_pipeline to None, run_after=None
[2025-06-13T00:03:34.371+0000] {processor.py:183} INFO - Processing /opt/airflow/dags/bento_api_pipeline.py took 0.059 seconds
[2025-06-13T00:04:04.539+0000] {processor.py:161} INFO - Started process (PID=331) to work on /opt/airflow/dags/bento_api_pipeline.py
[2025-06-13T00:04:04.540+0000] {processor.py:830} INFO - Processing file /opt/airflow/dags/bento_api_pipeline.py for tasks to queue
[2025-06-13T00:04:04.540+0000] {logging_mixin.py:188} INFO - [2025-06-13T00:04:04.540+0000] {dagbag.py:538} INFO - Filling up the DagBag from /opt/airflow/dags/bento_api_pipeline.py
[2025-06-13T00:04:04.554+0000] {processor.py:840} INFO - DAG(s) 'bento_api_pipeline' retrieved from /opt/airflow/dags/bento_api_pipeline.py
[2025-06-13T00:04:04.571+0000] {logging_mixin.py:188} INFO - [2025-06-13T00:04:04.571+0000] {dag.py:3036} INFO - Sync 1 DAGs
[2025-06-13T00:04:04.580+0000] {logging_mixin.py:188} INFO - [2025-06-13T00:04:04.580+0000] {dag.py:3823} INFO - Setting next_dagrun for bento_api_pipeline to None, run_after=None
[2025-06-13T00:04:04.594+0000] {processor.py:183} INFO - Processing /opt/airflow/dags/bento_api_pipeline.py took 0.056 seconds
[2025-06-13T00:25:24.995+0000] {processor.py:161} INFO - Started process (PID=341) to work on /opt/airflow/dags/bento_api_pipeline.py
[2025-06-13T00:25:24.996+0000] {processor.py:830} INFO - Processing file /opt/airflow/dags/bento_api_pipeline.py for tasks to queue
[2025-06-13T00:25:24.997+0000] {logging_mixin.py:188} INFO - [2025-06-13T00:25:24.997+0000] {dagbag.py:538} INFO - Filling up the DagBag from /opt/airflow/dags/bento_api_pipeline.py
[2025-06-13T00:25:25.015+0000] {processor.py:840} INFO - DAG(s) 'bento_api_pipeline' retrieved from /opt/airflow/dags/bento_api_pipeline.py
[2025-06-13T00:25:25.040+0000] {logging_mixin.py:188} INFO - [2025-06-13T00:25:25.039+0000] {dag.py:3036} INFO - Sync 1 DAGs
[2025-06-13T00:25:25.053+0000] {logging_mixin.py:188} INFO - [2025-06-13T00:25:25.053+0000] {dag.py:3823} INFO - Setting next_dagrun for bento_api_pipeline to None, run_after=None
[2025-06-13T00:25:25.072+0000] {processor.py:183} INFO - Processing /opt/airflow/dags/bento_api_pipeline.py took 0.079 seconds
[2025-06-13T00:25:55.238+0000] {processor.py:161} INFO - Started process (PID=351) to work on /opt/airflow/dags/bento_api_pipeline.py
[2025-06-13T00:25:55.239+0000] {processor.py:830} INFO - Processing file /opt/airflow/dags/bento_api_pipeline.py for tasks to queue
[2025-06-13T00:25:55.240+0000] {logging_mixin.py:188} INFO - [2025-06-13T00:25:55.240+0000] {dagbag.py:538} INFO - Filling up the DagBag from /opt/airflow/dags/bento_api_pipeline.py
[2025-06-13T00:25:55.267+0000] {processor.py:840} INFO - DAG(s) 'bento_api_pipeline' retrieved from /opt/airflow/dags/bento_api_pipeline.py
[2025-06-13T00:25:55.297+0000] {logging_mixin.py:188} INFO - [2025-06-13T00:25:55.296+0000] {dag.py:3036} INFO - Sync 1 DAGs
[2025-06-13T00:25:55.311+0000] {logging_mixin.py:188} INFO - [2025-06-13T00:25:55.310+0000] {dag.py:3823} INFO - Setting next_dagrun for bento_api_pipeline to None, run_after=None
[2025-06-13T00:25:55.333+0000] {processor.py:183} INFO - Processing /opt/airflow/dags/bento_api_pipeline.py took 0.098 seconds
[2025-06-13T00:26:25.496+0000] {processor.py:161} INFO - Started process (PID=361) to work on /opt/airflow/dags/bento_api_pipeline.py
[2025-06-13T00:26:25.497+0000] {processor.py:830} INFO - Processing file /opt/airflow/dags/bento_api_pipeline.py for tasks to queue
[2025-06-13T00:26:25.498+0000] {logging_mixin.py:188} INFO - [2025-06-13T00:26:25.498+0000] {dagbag.py:538} INFO - Filling up the DagBag from /opt/airflow/dags/bento_api_pipeline.py
[2025-06-13T00:26:25.521+0000] {processor.py:840} INFO - DAG(s) 'bento_api_pipeline' retrieved from /opt/airflow/dags/bento_api_pipeline.py
[2025-06-13T00:26:25.547+0000] {logging_mixin.py:188} INFO - [2025-06-13T00:26:25.546+0000] {dag.py:3036} INFO - Sync 1 DAGs
[2025-06-13T00:26:25.558+0000] {logging_mixin.py:188} INFO - [2025-06-13T00:26:25.558+0000] {dag.py:3823} INFO - Setting next_dagrun for bento_api_pipeline to None, run_after=None
[2025-06-13T00:26:25.576+0000] {processor.py:183} INFO - Processing /opt/airflow/dags/bento_api_pipeline.py took 0.082 seconds
[2025-06-13T00:26:55.745+0000] {processor.py:161} INFO - Started process (PID=371) to work on /opt/airflow/dags/bento_api_pipeline.py
[2025-06-13T00:26:55.746+0000] {processor.py:830} INFO - Processing file /opt/airflow/dags/bento_api_pipeline.py for tasks to queue
[2025-06-13T00:26:55.747+0000] {logging_mixin.py:188} INFO - [2025-06-13T00:26:55.747+0000] {dagbag.py:538} INFO - Filling up the DagBag from /opt/airflow/dags/bento_api_pipeline.py
[2025-06-13T00:26:55.769+0000] {processor.py:840} INFO - DAG(s) 'bento_api_pipeline' retrieved from /opt/airflow/dags/bento_api_pipeline.py
[2025-06-13T00:26:55.797+0000] {logging_mixin.py:188} INFO - [2025-06-13T00:26:55.797+0000] {dag.py:3036} INFO - Sync 1 DAGs
[2025-06-13T00:26:55.810+0000] {logging_mixin.py:188} INFO - [2025-06-13T00:26:55.810+0000] {dag.py:3823} INFO - Setting next_dagrun for bento_api_pipeline to None, run_after=None
[2025-06-13T00:26:55.829+0000] {processor.py:183} INFO - Processing /opt/airflow/dags/bento_api_pipeline.py took 0.086 seconds
[2025-06-13T00:27:25.988+0000] {processor.py:161} INFO - Started process (PID=381) to work on /opt/airflow/dags/bento_api_pipeline.py
[2025-06-13T00:27:25.988+0000] {processor.py:830} INFO - Processing file /opt/airflow/dags/bento_api_pipeline.py for tasks to queue
[2025-06-13T00:27:25.989+0000] {logging_mixin.py:188} INFO - [2025-06-13T00:27:25.989+0000] {dagbag.py:538} INFO - Filling up the DagBag from /opt/airflow/dags/bento_api_pipeline.py
[2025-06-13T00:27:26.009+0000] {processor.py:840} INFO - DAG(s) 'bento_api_pipeline' retrieved from /opt/airflow/dags/bento_api_pipeline.py
[2025-06-13T00:27:26.035+0000] {logging_mixin.py:188} INFO - [2025-06-13T00:27:26.035+0000] {dag.py:3036} INFO - Sync 1 DAGs
[2025-06-13T00:27:26.048+0000] {logging_mixin.py:188} INFO - [2025-06-13T00:27:26.047+0000] {dag.py:3823} INFO - Setting next_dagrun for bento_api_pipeline to None, run_after=None
[2025-06-13T00:27:26.066+0000] {processor.py:183} INFO - Processing /opt/airflow/dags/bento_api_pipeline.py took 0.081 seconds
[2025-06-13T00:27:56.237+0000] {processor.py:161} INFO - Started process (PID=391) to work on /opt/airflow/dags/bento_api_pipeline.py
[2025-06-13T00:27:56.238+0000] {processor.py:830} INFO - Processing file /opt/airflow/dags/bento_api_pipeline.py for tasks to queue
[2025-06-13T00:27:56.239+0000] {logging_mixin.py:188} INFO - [2025-06-13T00:27:56.239+0000] {dagbag.py:538} INFO - Filling up the DagBag from /opt/airflow/dags/bento_api_pipeline.py
[2025-06-13T00:27:56.260+0000] {processor.py:840} INFO - DAG(s) 'bento_api_pipeline' retrieved from /opt/airflow/dags/bento_api_pipeline.py
[2025-06-13T00:27:56.288+0000] {logging_mixin.py:188} INFO - [2025-06-13T00:27:56.288+0000] {dag.py:3036} INFO - Sync 1 DAGs
[2025-06-13T00:27:56.301+0000] {logging_mixin.py:188} INFO - [2025-06-13T00:27:56.301+0000] {dag.py:3823} INFO - Setting next_dagrun for bento_api_pipeline to None, run_after=None
[2025-06-13T00:27:56.321+0000] {processor.py:183} INFO - Processing /opt/airflow/dags/bento_api_pipeline.py took 0.088 seconds
[2025-06-13T00:28:26.557+0000] {processor.py:161} INFO - Started process (PID=401) to work on /opt/airflow/dags/bento_api_pipeline.py
[2025-06-13T00:28:26.557+0000] {processor.py:830} INFO - Processing file /opt/airflow/dags/bento_api_pipeline.py for tasks to queue
[2025-06-13T00:28:26.558+0000] {logging_mixin.py:188} INFO - [2025-06-13T00:28:26.558+0000] {dagbag.py:538} INFO - Filling up the DagBag from /opt/airflow/dags/bento_api_pipeline.py
[2025-06-13T00:28:26.573+0000] {processor.py:840} INFO - DAG(s) 'bento_api_pipeline' retrieved from /opt/airflow/dags/bento_api_pipeline.py
[2025-06-13T00:28:26.597+0000] {logging_mixin.py:188} INFO - [2025-06-13T00:28:26.597+0000] {dag.py:3036} INFO - Sync 1 DAGs
[2025-06-13T00:28:26.605+0000] {logging_mixin.py:188} INFO - [2025-06-13T00:28:26.605+0000] {dag.py:3823} INFO - Setting next_dagrun for bento_api_pipeline to None, run_after=None
[2025-06-13T00:28:26.619+0000] {processor.py:183} INFO - Processing /opt/airflow/dags/bento_api_pipeline.py took 0.065 seconds
[2025-06-13T00:28:56.794+0000] {processor.py:161} INFO - Started process (PID=411) to work on /opt/airflow/dags/bento_api_pipeline.py
[2025-06-13T00:28:56.794+0000] {processor.py:830} INFO - Processing file /opt/airflow/dags/bento_api_pipeline.py for tasks to queue
[2025-06-13T00:28:56.795+0000] {logging_mixin.py:188} INFO - [2025-06-13T00:28:56.795+0000] {dagbag.py:538} INFO - Filling up the DagBag from /opt/airflow/dags/bento_api_pipeline.py
[2025-06-13T00:28:56.815+0000] {processor.py:840} INFO - DAG(s) 'bento_api_pipeline' retrieved from /opt/airflow/dags/bento_api_pipeline.py
[2025-06-13T00:28:56.843+0000] {logging_mixin.py:188} INFO - [2025-06-13T00:28:56.842+0000] {dag.py:3036} INFO - Sync 1 DAGs
[2025-06-13T00:28:56.855+0000] {logging_mixin.py:188} INFO - [2025-06-13T00:28:56.855+0000] {dag.py:3823} INFO - Setting next_dagrun for bento_api_pipeline to None, run_after=None
[2025-06-13T00:28:56.873+0000] {processor.py:183} INFO - Processing /opt/airflow/dags/bento_api_pipeline.py took 0.081 seconds
