[2025-06-13T00:00:02.246+0000] {processor.py:161} INFO - Started process (PID=248) to work on /opt/airflow/dags/train_deep_model_dag.py
[2025-06-13T00:00:02.247+0000] {processor.py:830} INFO - Processing file /opt/airflow/dags/train_deep_model_dag.py for tasks to queue
[2025-06-13T00:00:02.248+0000] {logging_mixin.py:188} INFO - [2025-06-13T00:00:02.248+0000] {dagbag.py:538} INFO - Filling up the DagBag from /opt/airflow/dags/train_deep_model_dag.py
[2025-06-13T00:00:02.267+0000] {processor.py:840} INFO - DAG(s) 'deep_models_pipeline' retrieved from /opt/airflow/dags/train_deep_model_dag.py
[2025-06-13T00:00:02.393+0000] {logging_mixin.py:188} INFO - [2025-06-13T00:00:02.393+0000] {dag.py:3036} INFO - Sync 1 DAGs
[2025-06-13T00:00:02.418+0000] {logging_mixin.py:188} INFO - [2025-06-13T00:00:02.418+0000] {dag.py:3823} INFO - Setting next_dagrun for deep_models_pipeline to None, run_after=None
[2025-06-13T00:00:02.455+0000] {processor.py:183} INFO - Processing /opt/airflow/dags/train_deep_model_dag.py took 0.210 seconds
[2025-06-13T00:00:32.675+0000] {processor.py:161} INFO - Started process (PID=258) to work on /opt/airflow/dags/train_deep_model_dag.py
[2025-06-13T00:00:32.676+0000] {processor.py:830} INFO - Processing file /opt/airflow/dags/train_deep_model_dag.py for tasks to queue
[2025-06-13T00:00:32.677+0000] {logging_mixin.py:188} INFO - [2025-06-13T00:00:32.676+0000] {dagbag.py:538} INFO - Filling up the DagBag from /opt/airflow/dags/train_deep_model_dag.py
[2025-06-13T00:00:32.697+0000] {processor.py:840} INFO - DAG(s) 'deep_models_pipeline' retrieved from /opt/airflow/dags/train_deep_model_dag.py
[2025-06-13T00:00:32.725+0000] {logging_mixin.py:188} INFO - [2025-06-13T00:00:32.725+0000] {dag.py:3036} INFO - Sync 1 DAGs
[2025-06-13T00:00:32.738+0000] {logging_mixin.py:188} INFO - [2025-06-13T00:00:32.738+0000] {dag.py:3823} INFO - Setting next_dagrun for deep_models_pipeline to None, run_after=None
[2025-06-13T00:00:32.757+0000] {processor.py:183} INFO - Processing /opt/airflow/dags/train_deep_model_dag.py took 0.084 seconds
[2025-06-13T00:01:03.004+0000] {processor.py:161} INFO - Started process (PID=268) to work on /opt/airflow/dags/train_deep_model_dag.py
[2025-06-13T00:01:03.005+0000] {processor.py:830} INFO - Processing file /opt/airflow/dags/train_deep_model_dag.py for tasks to queue
[2025-06-13T00:01:03.006+0000] {logging_mixin.py:188} INFO - [2025-06-13T00:01:03.006+0000] {dagbag.py:538} INFO - Filling up the DagBag from /opt/airflow/dags/train_deep_model_dag.py
[2025-06-13T00:01:03.033+0000] {processor.py:840} INFO - DAG(s) 'deep_models_pipeline' retrieved from /opt/airflow/dags/train_deep_model_dag.py
[2025-06-13T00:01:03.067+0000] {logging_mixin.py:188} INFO - [2025-06-13T00:01:03.066+0000] {dag.py:3036} INFO - Sync 1 DAGs
[2025-06-13T00:01:03.080+0000] {logging_mixin.py:188} INFO - [2025-06-13T00:01:03.080+0000] {dag.py:3823} INFO - Setting next_dagrun for deep_models_pipeline to None, run_after=None
[2025-06-13T00:01:03.099+0000] {processor.py:183} INFO - Processing /opt/airflow/dags/train_deep_model_dag.py took 0.098 seconds
[2025-06-13T00:01:33.241+0000] {processor.py:161} INFO - Started process (PID=278) to work on /opt/airflow/dags/train_deep_model_dag.py
[2025-06-13T00:01:33.242+0000] {processor.py:830} INFO - Processing file /opt/airflow/dags/train_deep_model_dag.py for tasks to queue
[2025-06-13T00:01:33.243+0000] {logging_mixin.py:188} INFO - [2025-06-13T00:01:33.243+0000] {dagbag.py:538} INFO - Filling up the DagBag from /opt/airflow/dags/train_deep_model_dag.py
[2025-06-13T00:01:33.266+0000] {processor.py:840} INFO - DAG(s) 'deep_models_pipeline' retrieved from /opt/airflow/dags/train_deep_model_dag.py
[2025-06-13T00:01:33.297+0000] {logging_mixin.py:188} INFO - [2025-06-13T00:01:33.297+0000] {dag.py:3036} INFO - Sync 1 DAGs
[2025-06-13T00:01:33.310+0000] {logging_mixin.py:188} INFO - [2025-06-13T00:01:33.310+0000] {dag.py:3823} INFO - Setting next_dagrun for deep_models_pipeline to None, run_after=None
[2025-06-13T00:01:33.330+0000] {processor.py:183} INFO - Processing /opt/airflow/dags/train_deep_model_dag.py took 0.092 seconds
[2025-06-13T00:02:03.533+0000] {processor.py:161} INFO - Started process (PID=288) to work on /opt/airflow/dags/train_deep_model_dag.py
[2025-06-13T00:02:03.534+0000] {processor.py:830} INFO - Processing file /opt/airflow/dags/train_deep_model_dag.py for tasks to queue
[2025-06-13T00:02:03.535+0000] {logging_mixin.py:188} INFO - [2025-06-13T00:02:03.535+0000] {dagbag.py:538} INFO - Filling up the DagBag from /opt/airflow/dags/train_deep_model_dag.py
[2025-06-13T00:02:03.557+0000] {processor.py:840} INFO - DAG(s) 'deep_models_pipeline' retrieved from /opt/airflow/dags/train_deep_model_dag.py
[2025-06-13T00:02:03.586+0000] {logging_mixin.py:188} INFO - [2025-06-13T00:02:03.585+0000] {dag.py:3036} INFO - Sync 1 DAGs
[2025-06-13T00:02:03.599+0000] {logging_mixin.py:188} INFO - [2025-06-13T00:02:03.599+0000] {dag.py:3823} INFO - Setting next_dagrun for deep_models_pipeline to None, run_after=None
[2025-06-13T00:02:03.621+0000] {processor.py:183} INFO - Processing /opt/airflow/dags/train_deep_model_dag.py took 0.090 seconds
[2025-06-13T00:02:33.769+0000] {processor.py:161} INFO - Started process (PID=298) to work on /opt/airflow/dags/train_deep_model_dag.py
[2025-06-13T00:02:33.770+0000] {processor.py:830} INFO - Processing file /opt/airflow/dags/train_deep_model_dag.py for tasks to queue
[2025-06-13T00:02:33.771+0000] {logging_mixin.py:188} INFO - [2025-06-13T00:02:33.770+0000] {dagbag.py:538} INFO - Filling up the DagBag from /opt/airflow/dags/train_deep_model_dag.py
[2025-06-13T00:02:33.792+0000] {processor.py:840} INFO - DAG(s) 'deep_models_pipeline' retrieved from /opt/airflow/dags/train_deep_model_dag.py
[2025-06-13T00:02:33.822+0000] {logging_mixin.py:188} INFO - [2025-06-13T00:02:33.822+0000] {dag.py:3036} INFO - Sync 1 DAGs
[2025-06-13T00:02:33.835+0000] {logging_mixin.py:188} INFO - [2025-06-13T00:02:33.835+0000] {dag.py:3823} INFO - Setting next_dagrun for deep_models_pipeline to None, run_after=None
[2025-06-13T00:02:33.855+0000] {processor.py:183} INFO - Processing /opt/airflow/dags/train_deep_model_dag.py took 0.089 seconds
[2025-06-13T00:03:04.087+0000] {processor.py:161} INFO - Started process (PID=308) to work on /opt/airflow/dags/train_deep_model_dag.py
[2025-06-13T00:03:04.087+0000] {processor.py:830} INFO - Processing file /opt/airflow/dags/train_deep_model_dag.py for tasks to queue
[2025-06-13T00:03:04.088+0000] {logging_mixin.py:188} INFO - [2025-06-13T00:03:04.088+0000] {dagbag.py:538} INFO - Filling up the DagBag from /opt/airflow/dags/train_deep_model_dag.py
[2025-06-13T00:03:04.105+0000] {processor.py:840} INFO - DAG(s) 'deep_models_pipeline' retrieved from /opt/airflow/dags/train_deep_model_dag.py
[2025-06-13T00:03:04.128+0000] {logging_mixin.py:188} INFO - [2025-06-13T00:03:04.128+0000] {dag.py:3036} INFO - Sync 1 DAGs
[2025-06-13T00:03:04.138+0000] {logging_mixin.py:188} INFO - [2025-06-13T00:03:04.138+0000] {dag.py:3823} INFO - Setting next_dagrun for deep_models_pipeline to None, run_after=None
[2025-06-13T00:03:04.153+0000] {processor.py:183} INFO - Processing /opt/airflow/dags/train_deep_model_dag.py took 0.068 seconds
[2025-06-13T00:03:34.308+0000] {processor.py:161} INFO - Started process (PID=318) to work on /opt/airflow/dags/train_deep_model_dag.py
[2025-06-13T00:03:34.309+0000] {processor.py:830} INFO - Processing file /opt/airflow/dags/train_deep_model_dag.py for tasks to queue
[2025-06-13T00:03:34.309+0000] {logging_mixin.py:188} INFO - [2025-06-13T00:03:34.309+0000] {dagbag.py:538} INFO - Filling up the DagBag from /opt/airflow/dags/train_deep_model_dag.py
[2025-06-13T00:03:34.325+0000] {processor.py:840} INFO - DAG(s) 'deep_models_pipeline' retrieved from /opt/airflow/dags/train_deep_model_dag.py
[2025-06-13T00:03:34.347+0000] {logging_mixin.py:188} INFO - [2025-06-13T00:03:34.347+0000] {dag.py:3036} INFO - Sync 1 DAGs
[2025-06-13T00:03:34.357+0000] {logging_mixin.py:188} INFO - [2025-06-13T00:03:34.357+0000] {dag.py:3823} INFO - Setting next_dagrun for deep_models_pipeline to None, run_after=None
[2025-06-13T00:03:34.372+0000] {processor.py:183} INFO - Processing /opt/airflow/dags/train_deep_model_dag.py took 0.065 seconds
[2025-06-13T00:04:04.534+0000] {processor.py:161} INFO - Started process (PID=328) to work on /opt/airflow/dags/train_deep_model_dag.py
[2025-06-13T00:04:04.534+0000] {processor.py:830} INFO - Processing file /opt/airflow/dags/train_deep_model_dag.py for tasks to queue
[2025-06-13T00:04:04.535+0000] {logging_mixin.py:188} INFO - [2025-06-13T00:04:04.535+0000] {dagbag.py:538} INFO - Filling up the DagBag from /opt/airflow/dags/train_deep_model_dag.py
[2025-06-13T00:04:04.551+0000] {processor.py:840} INFO - DAG(s) 'deep_models_pipeline' retrieved from /opt/airflow/dags/train_deep_model_dag.py
[2025-06-13T00:04:04.571+0000] {logging_mixin.py:188} INFO - [2025-06-13T00:04:04.570+0000] {dag.py:3036} INFO - Sync 1 DAGs
[2025-06-13T00:04:04.580+0000] {logging_mixin.py:188} INFO - [2025-06-13T00:04:04.580+0000] {dag.py:3823} INFO - Setting next_dagrun for deep_models_pipeline to None, run_after=None
[2025-06-13T00:04:04.594+0000] {processor.py:183} INFO - Processing /opt/airflow/dags/train_deep_model_dag.py took 0.063 seconds
[2025-06-13T00:25:24.985+0000] {processor.py:161} INFO - Started process (PID=338) to work on /opt/airflow/dags/train_deep_model_dag.py
[2025-06-13T00:25:24.986+0000] {processor.py:830} INFO - Processing file /opt/airflow/dags/train_deep_model_dag.py for tasks to queue
[2025-06-13T00:25:24.987+0000] {logging_mixin.py:188} INFO - [2025-06-13T00:25:24.987+0000] {dagbag.py:538} INFO - Filling up the DagBag from /opt/airflow/dags/train_deep_model_dag.py
[2025-06-13T00:25:25.007+0000] {processor.py:840} INFO - DAG(s) 'deep_models_pipeline' retrieved from /opt/airflow/dags/train_deep_model_dag.py
[2025-06-13T00:25:25.038+0000] {logging_mixin.py:188} INFO - [2025-06-13T00:25:25.038+0000] {dag.py:3036} INFO - Sync 1 DAGs
[2025-06-13T00:25:25.052+0000] {logging_mixin.py:188} INFO - [2025-06-13T00:25:25.052+0000] {dag.py:3823} INFO - Setting next_dagrun for deep_models_pipeline to None, run_after=None
[2025-06-13T00:25:25.072+0000] {processor.py:183} INFO - Processing /opt/airflow/dags/train_deep_model_dag.py took 0.089 seconds
[2025-06-13T00:25:55.226+0000] {processor.py:161} INFO - Started process (PID=348) to work on /opt/airflow/dags/train_deep_model_dag.py
[2025-06-13T00:25:55.227+0000] {processor.py:830} INFO - Processing file /opt/airflow/dags/train_deep_model_dag.py for tasks to queue
[2025-06-13T00:25:55.228+0000] {logging_mixin.py:188} INFO - [2025-06-13T00:25:55.228+0000] {dagbag.py:538} INFO - Filling up the DagBag from /opt/airflow/dags/train_deep_model_dag.py
[2025-06-13T00:25:55.257+0000] {processor.py:840} INFO - DAG(s) 'deep_models_pipeline' retrieved from /opt/airflow/dags/train_deep_model_dag.py
[2025-06-13T00:25:55.296+0000] {logging_mixin.py:188} INFO - [2025-06-13T00:25:55.296+0000] {dag.py:3036} INFO - Sync 1 DAGs
[2025-06-13T00:25:55.311+0000] {logging_mixin.py:188} INFO - [2025-06-13T00:25:55.310+0000] {dag.py:3823} INFO - Setting next_dagrun for deep_models_pipeline to None, run_after=None
[2025-06-13T00:25:55.333+0000] {processor.py:183} INFO - Processing /opt/airflow/dags/train_deep_model_dag.py took 0.110 seconds
[2025-06-13T00:26:25.489+0000] {processor.py:161} INFO - Started process (PID=358) to work on /opt/airflow/dags/train_deep_model_dag.py
[2025-06-13T00:26:25.490+0000] {processor.py:830} INFO - Processing file /opt/airflow/dags/train_deep_model_dag.py for tasks to queue
[2025-06-13T00:26:25.491+0000] {logging_mixin.py:188} INFO - [2025-06-13T00:26:25.490+0000] {dagbag.py:538} INFO - Filling up the DagBag from /opt/airflow/dags/train_deep_model_dag.py
[2025-06-13T00:26:25.512+0000] {processor.py:840} INFO - DAG(s) 'deep_models_pipeline' retrieved from /opt/airflow/dags/train_deep_model_dag.py
[2025-06-13T00:26:25.544+0000] {logging_mixin.py:188} INFO - [2025-06-13T00:26:25.544+0000] {dag.py:3036} INFO - Sync 1 DAGs
[2025-06-13T00:26:25.557+0000] {logging_mixin.py:188} INFO - [2025-06-13T00:26:25.557+0000] {dag.py:3823} INFO - Setting next_dagrun for deep_models_pipeline to None, run_after=None
[2025-06-13T00:26:25.576+0000] {processor.py:183} INFO - Processing /opt/airflow/dags/train_deep_model_dag.py took 0.089 seconds
[2025-06-13T00:26:55.736+0000] {processor.py:161} INFO - Started process (PID=368) to work on /opt/airflow/dags/train_deep_model_dag.py
[2025-06-13T00:26:55.737+0000] {processor.py:830} INFO - Processing file /opt/airflow/dags/train_deep_model_dag.py for tasks to queue
[2025-06-13T00:26:55.738+0000] {logging_mixin.py:188} INFO - [2025-06-13T00:26:55.738+0000] {dagbag.py:538} INFO - Filling up the DagBag from /opt/airflow/dags/train_deep_model_dag.py
[2025-06-13T00:26:55.760+0000] {processor.py:840} INFO - DAG(s) 'deep_models_pipeline' retrieved from /opt/airflow/dags/train_deep_model_dag.py
[2025-06-13T00:26:55.794+0000] {logging_mixin.py:188} INFO - [2025-06-13T00:26:55.794+0000] {dag.py:3036} INFO - Sync 1 DAGs
[2025-06-13T00:26:55.808+0000] {logging_mixin.py:188} INFO - [2025-06-13T00:26:55.807+0000] {dag.py:3823} INFO - Setting next_dagrun for deep_models_pipeline to None, run_after=None
[2025-06-13T00:26:55.827+0000] {processor.py:183} INFO - Processing /opt/airflow/dags/train_deep_model_dag.py took 0.095 seconds
[2025-06-13T00:27:25.975+0000] {processor.py:161} INFO - Started process (PID=378) to work on /opt/airflow/dags/train_deep_model_dag.py
[2025-06-13T00:27:25.976+0000] {processor.py:830} INFO - Processing file /opt/airflow/dags/train_deep_model_dag.py for tasks to queue
[2025-06-13T00:27:25.977+0000] {logging_mixin.py:188} INFO - [2025-06-13T00:27:25.977+0000] {dagbag.py:538} INFO - Filling up the DagBag from /opt/airflow/dags/train_deep_model_dag.py
[2025-06-13T00:27:26.001+0000] {processor.py:840} INFO - DAG(s) 'deep_models_pipeline' retrieved from /opt/airflow/dags/train_deep_model_dag.py
[2025-06-13T00:27:26.032+0000] {logging_mixin.py:188} INFO - [2025-06-13T00:27:26.032+0000] {dag.py:3036} INFO - Sync 1 DAGs
[2025-06-13T00:27:26.045+0000] {logging_mixin.py:188} INFO - [2025-06-13T00:27:26.045+0000] {dag.py:3823} INFO - Setting next_dagrun for deep_models_pipeline to None, run_after=None
[2025-06-13T00:27:26.065+0000] {processor.py:183} INFO - Processing /opt/airflow/dags/train_deep_model_dag.py took 0.094 seconds
[2025-06-13T00:27:56.223+0000] {processor.py:161} INFO - Started process (PID=388) to work on /opt/airflow/dags/train_deep_model_dag.py
[2025-06-13T00:27:56.223+0000] {processor.py:830} INFO - Processing file /opt/airflow/dags/train_deep_model_dag.py for tasks to queue
[2025-06-13T00:27:56.225+0000] {logging_mixin.py:188} INFO - [2025-06-13T00:27:56.224+0000] {dagbag.py:538} INFO - Filling up the DagBag from /opt/airflow/dags/train_deep_model_dag.py
[2025-06-13T00:27:56.249+0000] {processor.py:840} INFO - DAG(s) 'deep_models_pipeline' retrieved from /opt/airflow/dags/train_deep_model_dag.py
[2025-06-13T00:27:56.279+0000] {logging_mixin.py:188} INFO - [2025-06-13T00:27:56.278+0000] {dag.py:3036} INFO - Sync 1 DAGs
[2025-06-13T00:27:56.292+0000] {logging_mixin.py:188} INFO - [2025-06-13T00:27:56.292+0000] {dag.py:3823} INFO - Setting next_dagrun for deep_models_pipeline to None, run_after=None
[2025-06-13T00:27:56.314+0000] {processor.py:183} INFO - Processing /opt/airflow/dags/train_deep_model_dag.py took 0.095 seconds
[2025-06-13T00:28:26.547+0000] {processor.py:161} INFO - Started process (PID=398) to work on /opt/airflow/dags/train_deep_model_dag.py
[2025-06-13T00:28:26.548+0000] {processor.py:830} INFO - Processing file /opt/airflow/dags/train_deep_model_dag.py for tasks to queue
[2025-06-13T00:28:26.549+0000] {logging_mixin.py:188} INFO - [2025-06-13T00:28:26.548+0000] {dagbag.py:538} INFO - Filling up the DagBag from /opt/airflow/dags/train_deep_model_dag.py
[2025-06-13T00:28:26.571+0000] {processor.py:840} INFO - DAG(s) 'deep_models_pipeline' retrieved from /opt/airflow/dags/train_deep_model_dag.py
[2025-06-13T00:28:26.597+0000] {logging_mixin.py:188} INFO - [2025-06-13T00:28:26.597+0000] {dag.py:3036} INFO - Sync 1 DAGs
[2025-06-13T00:28:26.605+0000] {logging_mixin.py:188} INFO - [2025-06-13T00:28:26.605+0000] {dag.py:3823} INFO - Setting next_dagrun for deep_models_pipeline to None, run_after=None
[2025-06-13T00:28:26.619+0000] {processor.py:183} INFO - Processing /opt/airflow/dags/train_deep_model_dag.py took 0.074 seconds
[2025-06-13T00:28:56.783+0000] {processor.py:161} INFO - Started process (PID=408) to work on /opt/airflow/dags/train_deep_model_dag.py
[2025-06-13T00:28:56.784+0000] {processor.py:830} INFO - Processing file /opt/airflow/dags/train_deep_model_dag.py for tasks to queue
[2025-06-13T00:28:56.785+0000] {logging_mixin.py:188} INFO - [2025-06-13T00:28:56.785+0000] {dagbag.py:538} INFO - Filling up the DagBag from /opt/airflow/dags/train_deep_model_dag.py
[2025-06-13T00:28:56.805+0000] {processor.py:840} INFO - DAG(s) 'deep_models_pipeline' retrieved from /opt/airflow/dags/train_deep_model_dag.py
[2025-06-13T00:28:56.835+0000] {logging_mixin.py:188} INFO - [2025-06-13T00:28:56.834+0000] {dag.py:3036} INFO - Sync 1 DAGs
[2025-06-13T00:28:56.848+0000] {logging_mixin.py:188} INFO - [2025-06-13T00:28:56.847+0000] {dag.py:3823} INFO - Setting next_dagrun for deep_models_pipeline to None, run_after=None
[2025-06-13T00:28:56.867+0000] {processor.py:183} INFO - Processing /opt/airflow/dags/train_deep_model_dag.py took 0.086 seconds
