[2025-06-02T00:07:36.349+0000] {taskinstance.py:1956} INFO - Dependencies all met for dep_context=non-requeueable deps ti=<TaskInstance: movie_recommendation_pipeline.train_hybrid_model manual__2025-06-02T00:07:10.719562+00:00 [queued]>
[2025-06-02T00:07:36.356+0000] {taskinstance.py:1956} INFO - Dependencies all met for dep_context=requeueable deps ti=<TaskInstance: movie_recommendation_pipeline.train_hybrid_model manual__2025-06-02T00:07:10.719562+00:00 [queued]>
[2025-06-02T00:07:36.356+0000] {taskinstance.py:2170} INFO - Starting attempt 1 of 3
[2025-06-02T00:07:36.366+0000] {taskinstance.py:2191} INFO - Executing <Task(PythonOperator): train_hybrid_model> on 2025-06-02 00:07:10.719562+00:00
[2025-06-02T00:07:36.372+0000] {standard_task_runner.py:60} INFO - Started process 304 to run task
[2025-06-02T00:07:36.374+0000] {standard_task_runner.py:87} INFO - Running: ['***', 'tasks', 'run', 'movie_recommendation_pipeline', 'train_hybrid_model', 'manual__2025-06-02T00:07:10.719562+00:00', '--job-id', '1329', '--raw', '--subdir', 'DAGS_FOLDER/mlops_movie_dag.py', '--cfg-path', '/tmp/tmptygmxmgy']
[2025-06-02T00:07:36.375+0000] {standard_task_runner.py:88} INFO - Job 1329: Subtask train_hybrid_model
[2025-06-02T00:07:36.403+0000] {task_command.py:423} INFO - Running <TaskInstance: movie_recommendation_pipeline.train_hybrid_model manual__2025-06-02T00:07:10.719562+00:00 [running]> on host 2db812b1b691
[2025-06-02T00:07:36.455+0000] {taskinstance.py:2480} INFO - Exporting env vars: AIRFLOW_CTX_DAG_OWNER='***' AIRFLOW_CTX_DAG_ID='movie_recommendation_pipeline' AIRFLOW_CTX_TASK_ID='train_hybrid_model' AIRFLOW_CTX_EXECUTION_DATE='2025-06-02T00:07:10.719562+00:00' AIRFLOW_CTX_TRY_NUMBER='1' AIRFLOW_CTX_DAG_RUN_ID='manual__2025-06-02T00:07:10.719562+00:00'
[2025-06-02T00:07:36.456+0000] {mlops_movie_dag.py:12} INFO - 🟦 Running command: python /opt/***/src/models/train_hybrid_model.py
[2025-06-02T00:07:47.421+0000] {mlops_movie_dag.py:18} INFO - 🟩 [stdout]:
🚀 Starte Hybrid-Modelltraining
📥 Rohdaten erfolgreich geladen
📐 Hybrid-Matrix erstellt mit Shape: (10381, 1429), Feature-Namen: 1429
🤖 KNN-Modell trainiert
❌ Fehler im Hybrid-Training: [Errno 13] Permission denied: '/opt/***/data/processed/hybrid_matrix.csv'

[2025-06-02T00:07:47.422+0000] {mlops_movie_dag.py:20} WARNING - 🟨 [stderr]:
Traceback (most recent call last):
  File "/opt/***/src/models/train_hybrid_model.py", line 93, in train_hybrid_model
    hybrid_df.to_csv(matrix_path, index=False)
  File "/home/***/.local/lib/python3.10/site-packages/pandas/util/_decorators.py", line 211, in wrapper
    return func(*args, **kwargs)
  File "/home/***/.local/lib/python3.10/site-packages/pandas/core/generic.py", line 3720, in to_csv
    return DataFrameRenderer(formatter).to_csv(
  File "/home/***/.local/lib/python3.10/site-packages/pandas/util/_decorators.py", line 211, in wrapper
    return func(*args, **kwargs)
  File "/home/***/.local/lib/python3.10/site-packages/pandas/io/formats/format.py", line 1189, in to_csv
    csv_formatter.save()
  File "/home/***/.local/lib/python3.10/site-packages/pandas/io/formats/csvs.py", line 241, in save
    with get_handle(
  File "/home/***/.local/lib/python3.10/site-packages/pandas/io/common.py", line 856, in get_handle
    handle = open(
PermissionError: [Errno 13] Permission denied: '/opt/***/data/processed/hybrid_matrix.csv'

[2025-06-02T00:07:47.423+0000] {python.py:201} INFO - Done. Returned value was: None
[2025-06-02T00:07:47.432+0000] {taskinstance.py:1138} INFO - Marking task as SUCCESS. dag_id=movie_recommendation_pipeline, task_id=train_hybrid_model, execution_date=20250602T000710, start_date=20250602T000736, end_date=20250602T000747
[2025-06-02T00:07:47.450+0000] {local_task_job_runner.py:234} INFO - Task exited with return code 0
[2025-06-02T00:07:47.465+0000] {taskinstance.py:3280} INFO - 0 downstream tasks scheduled from follow-on schedule check
