[2025-06-04T07:33:01.511+0000] {taskinstance.py:1956} INFO - Dependencies all met for dep_context=non-requeueable deps ti=<TaskInstance: movie_recommendation_pipeline.predict_best_model_hybrid manual__2025-06-04T07:25:11.152002+00:00 [queued]>
[2025-06-04T07:33:01.518+0000] {taskinstance.py:1956} INFO - Dependencies all met for dep_context=requeueable deps ti=<TaskInstance: movie_recommendation_pipeline.predict_best_model_hybrid manual__2025-06-04T07:25:11.152002+00:00 [queued]>
[2025-06-04T07:33:01.519+0000] {taskinstance.py:2170} INFO - Starting attempt 1 of 3
[2025-06-04T07:33:01.529+0000] {taskinstance.py:2191} INFO - Executing <Task(PythonOperator): predict_best_model_hybrid> on 2025-06-04 07:25:11.152002+00:00
[2025-06-04T07:33:01.535+0000] {standard_task_runner.py:60} INFO - Started process 3434 to run task
[2025-06-04T07:33:01.537+0000] {standard_task_runner.py:87} INFO - Running: ['***', 'tasks', 'run', 'movie_recommendation_pipeline', 'predict_best_model_hybrid', 'manual__2025-06-04T07:25:11.152002+00:00', '--job-id', '1839', '--raw', '--subdir', 'DAGS_FOLDER/mlops_movie_dag.py', '--cfg-path', '/tmp/tmpd_qwpgws']
[2025-06-04T07:33:01.539+0000] {standard_task_runner.py:88} INFO - Job 1839: Subtask predict_best_model_hybrid
[2025-06-04T07:33:01.573+0000] {task_command.py:423} INFO - Running <TaskInstance: movie_recommendation_pipeline.predict_best_model_hybrid manual__2025-06-04T07:25:11.152002+00:00 [running]> on host e71253cfdb88
[2025-06-04T07:33:01.629+0000] {taskinstance.py:2480} INFO - Exporting env vars: AIRFLOW_CTX_DAG_OWNER='***' AIRFLOW_CTX_DAG_ID='movie_recommendation_pipeline' AIRFLOW_CTX_TASK_ID='predict_best_model_hybrid' AIRFLOW_CTX_EXECUTION_DATE='2025-06-04T07:25:11.152002+00:00' AIRFLOW_CTX_TRY_NUMBER='1' AIRFLOW_CTX_DAG_RUN_ID='manual__2025-06-04T07:25:11.152002+00:00'
[2025-06-04T07:33:01.630+0000] {mlops_movie_dag.py:12} INFO - 🟦 Running command: python /opt/***/src/models/predict_best_model.py --model_type=hybrid --pipeline_type=classic --n_users=100
[2025-06-04T07:33:22.540+0000] {mlops_movie_dag.py:19} INFO - 🟩 [stdout]:
🏃 View run predict_best_model_hybrid at: https://dagshub.com/sacer11/MLOps_movie_rec_apr25.mlflow/#/experiments/3/runs/9b1528e0195c48d4a87c5d1ce4352bc2
🧪 View experiment at: https://dagshub.com/sacer11/MLOps_movie_rec_apr25.mlflow/#/experiments/3

[2025-06-04T07:33:22.541+0000] {mlops_movie_dag.py:21} WARNING - 🟨 [stderr]:
2025-06-04 07:33:03,452 - INFO - 🚀 Starte Prediction – Typ: hybrid, Pipeline: classic
2025-06-04 07:33:07,289 - INFO - 📥 Eingabematrix geladen: /opt/***/data/processed/hybrid_matrix.csv – Shape: (10381, 1428)
/home/***/.local/lib/python3.10/site-packages/sklearn/base.py:458: UserWarning: X has feature names, but NearestNeighbors was fitted without feature names
  warnings.warn(
2025-06-04 07:33:07,438 - INFO - 💾 Vorhersagen gespeichert unter: /opt/***/data/processed/predictions_hybrid.csv
2025-06-04 07:33:22,211 - INFO - ✅ Predictions erfolgreich in MLflow geloggt

[2025-06-04T07:33:22.541+0000] {python.py:201} INFO - Done. Returned value was: None
[2025-06-04T07:33:22.550+0000] {taskinstance.py:1138} INFO - Marking task as SUCCESS. dag_id=movie_recommendation_pipeline, task_id=predict_best_model_hybrid, execution_date=20250604T072511, start_date=20250604T073301, end_date=20250604T073322
[2025-06-04T07:33:22.584+0000] {local_task_job_runner.py:234} INFO - Task exited with return code 0
[2025-06-04T07:33:22.598+0000] {taskinstance.py:3280} INFO - 0 downstream tasks scheduled from follow-on schedule check
