[2025-06-04T07:25:42.209+0000] {taskinstance.py:1956} INFO - Dependencies all met for dep_context=non-requeueable deps ti=<TaskInstance: movie_recommendation_pipeline.train_hybrid_model manual__2025-06-04T07:25:11.152002+00:00 [queued]>
[2025-06-04T07:25:42.216+0000] {taskinstance.py:1956} INFO - Dependencies all met for dep_context=requeueable deps ti=<TaskInstance: movie_recommendation_pipeline.train_hybrid_model manual__2025-06-04T07:25:11.152002+00:00 [queued]>
[2025-06-04T07:25:42.216+0000] {taskinstance.py:2170} INFO - Starting attempt 1 of 3
[2025-06-04T07:25:42.227+0000] {taskinstance.py:2191} INFO - Executing <Task(PythonOperator): train_hybrid_model> on 2025-06-04 07:25:11.152002+00:00
[2025-06-04T07:25:42.234+0000] {standard_task_runner.py:60} INFO - Started process 2550 to run task
[2025-06-04T07:25:42.236+0000] {standard_task_runner.py:87} INFO - Running: ['***', 'tasks', 'run', 'movie_recommendation_pipeline', 'train_hybrid_model', 'manual__2025-06-04T07:25:11.152002+00:00', '--job-id', '1832', '--raw', '--subdir', 'DAGS_FOLDER/mlops_movie_dag.py', '--cfg-path', '/tmp/tmpa_pv4216']
[2025-06-04T07:25:42.237+0000] {standard_task_runner.py:88} INFO - Job 1832: Subtask train_hybrid_model
[2025-06-04T07:25:42.274+0000] {task_command.py:423} INFO - Running <TaskInstance: movie_recommendation_pipeline.train_hybrid_model manual__2025-06-04T07:25:11.152002+00:00 [running]> on host e71253cfdb88
[2025-06-04T07:25:42.341+0000] {taskinstance.py:2480} INFO - Exporting env vars: AIRFLOW_CTX_DAG_OWNER='***' AIRFLOW_CTX_DAG_ID='movie_recommendation_pipeline' AIRFLOW_CTX_TASK_ID='train_hybrid_model' AIRFLOW_CTX_EXECUTION_DATE='2025-06-04T07:25:11.152002+00:00' AIRFLOW_CTX_TRY_NUMBER='1' AIRFLOW_CTX_DAG_RUN_ID='manual__2025-06-04T07:25:11.152002+00:00'
[2025-06-04T07:25:42.342+0000] {mlops_movie_dag.py:12} INFO - 🟦 Running command: python /opt/***/src/models/train_hybrid_model.py --n_neighbors=10 --tfidf_features=300
[2025-06-04T07:28:14.117+0000] {mlops_movie_dag.py:19} INFO - 🟩 [stdout]:
🏃 View run train_hybrid_model at: https://dagshub.com/sacer11/MLOps_movie_rec_apr25.mlflow/#/experiments/9/runs/9fbf0f9b5f8b493c9a66cfedd3431921
🧪 View experiment at: https://dagshub.com/sacer11/MLOps_movie_rec_apr25.mlflow/#/experiments/9

[2025-06-04T07:28:14.120+0000] {mlops_movie_dag.py:21} WARNING - 🟨 [stderr]:
2025-06-04 07:25:44,788 - __main__ - INFO - 🚀 Starte Hybrid-Modelltraining
2025-06-04 07:25:49,269 - __main__ - INFO - 📥 Rohdaten erfolgreich geladen
2025-06-04 07:25:51,691 - __main__ - INFO - 📐 Hybrid-Matrix erstellt mit Shape: (10381, 1429), Feature-Namen: 1429
2025-06-04 07:25:51,764 - __main__ - INFO - 🤖 KNN-Modell trainiert
2025-06-04 07:26:03,990 - __main__ - INFO - ✅ Feature-Schema gespeichert unter /opt/***/data/processed/hybrid_matrix_features.txt
2025/06/04 07:26:17 INFO mlflow.pyfunc: Validating input example against model signature

Downloading artifacts:   0%|          | 0/1 [00:00<?, ?it/s]
Downloading artifacts: 100%|██████████| 1/1 [00:01<00:00,  1.20s/it]
Downloading artifacts: 100%|██████████| 1/1 [00:01<00:00,  1.20s/it]
Downloading artifacts: 100%|██████████| 1/1 [00:01<00:00,  1.20s/it]
Registered model 'hybrid_model' already exists. Creating a new version of this model...
2025/06/04 07:27:18 INFO mlflow.store.model_registry.abstract_store: Waiting up to 300 seconds for model version to finish creation. Model name: hybrid_model, version 5
Created version '5' of model 'hybrid_model'.
2025-06-04 07:28:13,211 - __main__ - WARNING - ⚠️ Konnte Modellversion für Tagging nicht bestimmen.
2025-06-04 07:28:13,593 - __main__ - INFO - ✅ Modell & Matrix erfolgreich gespeichert und in MLflow geloggt

[2025-06-04T07:28:14.121+0000] {python.py:201} INFO - Done. Returned value was: None
[2025-06-04T07:28:14.135+0000] {taskinstance.py:1138} INFO - Marking task as SUCCESS. dag_id=movie_recommendation_pipeline, task_id=train_hybrid_model, execution_date=20250604T072511, start_date=20250604T072542, end_date=20250604T072814
[2025-06-04T07:28:14.176+0000] {local_task_job_runner.py:234} INFO - Task exited with return code 0
[2025-06-04T07:28:14.202+0000] {taskinstance.py:3280} INFO - 0 downstream tasks scheduled from follow-on schedule check
