[2025-06-04T07:02:00.558+0000] {taskinstance.py:1956} INFO - Dependencies all met for dep_context=non-requeueable deps ti=<TaskInstance: deep_models_pipeline.train_deep_user_model manual__2025-06-04T07:01:59.316458+00:00 [queued]>
[2025-06-04T07:02:00.564+0000] {taskinstance.py:1956} INFO - Dependencies all met for dep_context=requeueable deps ti=<TaskInstance: deep_models_pipeline.train_deep_user_model manual__2025-06-04T07:01:59.316458+00:00 [queued]>
[2025-06-04T07:02:00.564+0000] {taskinstance.py:2170} INFO - Starting attempt 1 of 1
[2025-06-04T07:02:00.575+0000] {taskinstance.py:2191} INFO - Executing <Task(PythonOperator): train_deep_user_model> on 2025-06-04 07:01:59.316458+00:00
[2025-06-04T07:02:00.580+0000] {standard_task_runner.py:60} INFO - Started process 221 to run task
[2025-06-04T07:02:00.582+0000] {standard_task_runner.py:87} INFO - Running: ['***', 'tasks', 'run', 'deep_models_pipeline', 'train_deep_user_model', 'manual__2025-06-04T07:01:59.316458+00:00', '--job-id', '1810', '--raw', '--subdir', 'DAGS_FOLDER/train_deep_model_dag.py', '--cfg-path', '/tmp/tmp3h3o7fxm']
[2025-06-04T07:02:00.583+0000] {standard_task_runner.py:88} INFO - Job 1810: Subtask train_deep_user_model
[2025-06-04T07:02:00.617+0000] {task_command.py:423} INFO - Running <TaskInstance: deep_models_pipeline.train_deep_user_model manual__2025-06-04T07:01:59.316458+00:00 [running]> on host e71253cfdb88
[2025-06-04T07:02:00.678+0000] {taskinstance.py:2480} INFO - Exporting env vars: AIRFLOW_CTX_DAG_OWNER='***' AIRFLOW_CTX_DAG_ID='deep_models_pipeline' AIRFLOW_CTX_TASK_ID='train_deep_user_model' AIRFLOW_CTX_EXECUTION_DATE='2025-06-04T07:01:59.316458+00:00' AIRFLOW_CTX_TRY_NUMBER='1' AIRFLOW_CTX_DAG_RUN_ID='manual__2025-06-04T07:01:59.316458+00:00'
[2025-06-04T07:02:00.680+0000] {train_deep_model_dag.py:13} INFO - 🟦 Running command: python /opt/***/src/models/train_user_deep_model.py --n_neighbors=10 --latent_dim=32
[2025-06-04T07:06:57.217+0000] {train_deep_model_dag.py:20} INFO - 🟩 [stdout]:
Epoch 1/25: Loss = 0.0005
Epoch 2/25: Loss = 0.0000
Epoch 3/25: Loss = 0.0000
Epoch 4/25: Loss = 0.0000
Epoch 5/25: Loss = 0.0000
Epoch 6/25: Loss = 0.0000
Epoch 7/25: Loss = 0.0000
Epoch 8/25: Loss = 0.0000
Epoch 9/25: Loss = 0.0000
Epoch 10/25: Loss = 0.0000
Epoch 11/25: Loss = 0.0000
Epoch 12/25: Loss = 0.0000
Epoch 13/25: Loss = 0.0000
Epoch 14/25: Loss = 0.0000
Epoch 15/25: Loss = 0.0000
Epoch 16/25: Loss = 0.0000
Epoch 17/25: Loss = 0.0000
Epoch 18/25: Loss = 0.0000
Epoch 19/25: Loss = 0.0000
Epoch 20/25: Loss = 0.0000
Epoch 21/25: Loss = 0.0000
Epoch 22/25: Loss = 0.0000
Epoch 23/25: Loss = 0.0000
Epoch 24/25: Loss = 0.0000
Epoch 25/25: Loss = 0.0000
✅ User-Embeddings gespeichert unter /opt/***/data/processed/user_deep_embedding.csv
✅ Deep KNN Modell gespeichert unter /opt/***/models/user_deep_knn.pkl
📝 Tags für Modellversion 3 gesetzt: n_neighbors=10, latent_dim=32
🏃 View run train_user_deep_model at: https://dagshub.com/sacer11/MLOps_movie_rec_apr25.mlflow/#/experiments/6/runs/c411fb7aa82c47baaa8b09fc085c99c9
🧪 View experiment at: https://dagshub.com/sacer11/MLOps_movie_rec_apr25.mlflow/#/experiments/6
🏁 Deep User-Model Training abgeschlossen und geloggt.

[2025-06-04T07:06:57.218+0000] {train_deep_model_dag.py:22} WARNING - 🟨 [stderr]:
/home/***/.local/lib/python3.10/site-packages/mlflow/pyfunc/utils/data_validation.py:186: UserWarning: [33mAdd type hints to the `predict` method to enable data validation and automatic signature inference during model logging. Check https://mlflow.org/docs/latest/model/python_model.html#type-hint-usage-in-pythonmodel for more details.[0m
  color_warning(
2025/06/04 07:06:22 INFO mlflow.pyfunc: Validating input example against model signature

Downloading artifacts:   0%|          | 0/1 [00:00<?, ?it/s]
Downloading artifacts: 100%|██████████| 1/1 [00:00<00:00,  2.02it/s]
Downloading artifacts: 100%|██████████| 1/1 [00:00<00:00,  2.02it/s]
Downloading artifacts: 100%|██████████| 1/1 [00:00<00:00,  2.02it/s]
Registered model 'user_deep_model' already exists. Creating a new version of this model...
2025/06/04 07:06:54 INFO mlflow.store.model_registry.abstract_store: Waiting up to 300 seconds for model version to finish creation. Model name: user_deep_model, version 3
Created version '3' of model 'user_deep_model'.

[2025-06-04T07:06:57.218+0000] {python.py:201} INFO - Done. Returned value was: None
[2025-06-04T07:06:57.231+0000] {taskinstance.py:1138} INFO - Marking task as SUCCESS. dag_id=deep_models_pipeline, task_id=train_deep_user_model, execution_date=20250604T070159, start_date=20250604T070200, end_date=20250604T070657
[2025-06-04T07:06:57.266+0000] {local_task_job_runner.py:234} INFO - Task exited with return code 0
[2025-06-04T07:06:57.288+0000] {taskinstance.py:3280} INFO - 1 downstream tasks scheduled from follow-on schedule check
