[2025-06-18T12:02:12.242+0000] {taskinstance.py:1956} INFO - Dependencies all met for dep_context=non-requeueable deps ti=<TaskInstance: drift_monitoring_dag.analyze_snapshot_drift scheduled__2025-06-18T11:00:00+00:00 [queued]>
[2025-06-18T12:02:12.250+0000] {taskinstance.py:1956} INFO - Dependencies all met for dep_context=requeueable deps ti=<TaskInstance: drift_monitoring_dag.analyze_snapshot_drift scheduled__2025-06-18T11:00:00+00:00 [queued]>
[2025-06-18T12:02:12.251+0000] {taskinstance.py:2170} INFO - Starting attempt 2 of 2
[2025-06-18T12:02:12.268+0000] {taskinstance.py:2191} INFO - Executing <Task(BashOperator): analyze_snapshot_drift> on 2025-06-18 11:00:00+00:00
[2025-06-18T12:02:12.276+0000] {standard_task_runner.py:60} INFO - Started process 654 to run task
[2025-06-18T12:02:12.278+0000] {standard_task_runner.py:87} INFO - Running: ['***', 'tasks', 'run', 'drift_monitoring_dag', 'analyze_snapshot_drift', 'scheduled__2025-06-18T11:00:00+00:00', '--job-id', '567', '--raw', '--subdir', 'DAGS_FOLDER/drift_monitoring_dag.py', '--cfg-path', '/tmp/tmpuquy9dru']
[2025-06-18T12:02:12.280+0000] {standard_task_runner.py:88} INFO - Job 567: Subtask analyze_snapshot_drift
[2025-06-18T12:02:12.315+0000] {task_command.py:423} INFO - Running <TaskInstance: drift_monitoring_dag.analyze_snapshot_drift scheduled__2025-06-18T11:00:00+00:00 [running]> on host b50ef10c1330
[2025-06-18T12:02:12.387+0000] {taskinstance.py:2480} INFO - Exporting env vars: AIRFLOW_CTX_DAG_OWNER='***' AIRFLOW_CTX_DAG_ID='drift_monitoring_dag' AIRFLOW_CTX_TASK_ID='analyze_snapshot_drift' AIRFLOW_CTX_EXECUTION_DATE='2025-06-18T11:00:00+00:00' AIRFLOW_CTX_TRY_NUMBER='2' AIRFLOW_CTX_DAG_RUN_ID='scheduled__2025-06-18T11:00:00+00:00'
[2025-06-18T12:02:12.388+0000] {subprocess.py:63} INFO - Tmp dir root location: /tmp
[2025-06-18T12:02:12.389+0000] {subprocess.py:75} INFO - Running command: ['/usr/bin/bash', '-c', 'python /opt/***/src/monitoring/analyze_drift.py']
[2025-06-18T12:02:12.401+0000] {subprocess.py:86} INFO - Output:
[2025-06-18T12:02:16.483+0000] {subprocess.py:93} INFO - 2025/06/18 12:02:16 INFO mlflow.tracking.fluent: Experiment with name 'hybrid_deep_model' does not exist. Creating a new experiment.
[2025-06-18T12:02:16.484+0000] {subprocess.py:93} INFO - [2025-06-18 12:02:16,483] WARNING - ⚠️ Failed to load configuration – using default – Default: [Errno 2] No such file or directory: '/opt/***/data/monitoring/monitoring_conf.json'
[2025-06-18T12:02:16.537+0000] {subprocess.py:93} INFO - [2025-06-18 12:02:16,537] INFO - ✅ Training and test data loaded
[2025-06-18T12:02:19.408+0000] {subprocess.py:93} INFO - [2025-06-18 12:02:19,408] INFO - 📊 Evidently report saved: /opt/***/reports/drift_report.html
[2025-06-18T12:02:19.409+0000] {subprocess.py:93} INFO - INFO:***.task:📊 Evidently report saved: /opt/***/reports/drift_report.html
[2025-06-18T12:02:19.421+0000] {subprocess.py:93} INFO - [2025-06-18 12:02:19,421] INFO - ✅ Prometheus metrics saved: /opt/***/reports/drift_metrics.prom
[2025-06-18T12:02:19.422+0000] {subprocess.py:93} INFO - INFO:***.task:✅ Prometheus metrics saved: /opt/***/reports/drift_metrics.prom
[2025-06-18T12:02:19.422+0000] {subprocess.py:93} INFO - [2025-06-18 12:02:19,422] ERROR - ❌ Error loading embedding files: [Errno 2] No such file or directory: '/opt/***/data/processed/hybrid_deep_embedding_best.csv'
[2025-06-18T12:02:19.423+0000] {subprocess.py:93} INFO - ERROR:***.task:❌ Error loading embedding files: [Errno 2] No such file or directory: '/opt/***/data/processed/hybrid_deep_embedding_best.csv'
[2025-06-18T12:02:19.423+0000] {subprocess.py:93} INFO - Traceback (most recent call last):
[2025-06-18T12:02:19.423+0000] {subprocess.py:93} INFO -   File "/opt/***/src/monitoring/analyze_drift.py", line 166, in <module>
[2025-06-18T12:02:19.424+0000] {subprocess.py:93} INFO -     reference_df = pd.read_csv(BEST_EMBEDDING_PATH)
[2025-06-18T12:02:19.424+0000] {subprocess.py:93} INFO -   File "/home/***/.local/lib/python3.10/site-packages/pandas/io/parsers/readers.py", line 1026, in read_csv
[2025-06-18T12:02:19.425+0000] {subprocess.py:93} INFO -     return _read(filepath_or_buffer, kwds)
[2025-06-18T12:02:19.425+0000] {subprocess.py:93} INFO -   File "/home/***/.local/lib/python3.10/site-packages/pandas/io/parsers/readers.py", line 620, in _read
[2025-06-18T12:02:19.425+0000] {subprocess.py:93} INFO -     parser = TextFileReader(filepath_or_buffer, **kwds)
[2025-06-18T12:02:19.426+0000] {subprocess.py:93} INFO -   File "/home/***/.local/lib/python3.10/site-packages/pandas/io/parsers/readers.py", line 1620, in __init__
[2025-06-18T12:02:19.426+0000] {subprocess.py:93} INFO -     self._engine = self._make_engine(f, self.engine)
[2025-06-18T12:02:19.426+0000] {subprocess.py:93} INFO -   File "/home/***/.local/lib/python3.10/site-packages/pandas/io/parsers/readers.py", line 1880, in _make_engine
[2025-06-18T12:02:19.426+0000] {subprocess.py:93} INFO -     self.handles = get_handle(
[2025-06-18T12:02:19.427+0000] {subprocess.py:93} INFO -   File "/home/***/.local/lib/python3.10/site-packages/pandas/io/common.py", line 873, in get_handle
[2025-06-18T12:02:19.427+0000] {subprocess.py:93} INFO -     handle = open(
[2025-06-18T12:02:19.427+0000] {subprocess.py:93} INFO - FileNotFoundError: [Errno 2] No such file or directory: '/opt/***/data/processed/hybrid_deep_embedding_best.csv'
[2025-06-18T12:02:20.551+0000] {subprocess.py:97} INFO - Command exited with return code 1
[2025-06-18T12:02:20.561+0000] {taskinstance.py:2698} ERROR - Task failed with exception
Traceback (most recent call last):
  File "/home/airflow/.local/lib/python3.10/site-packages/airflow/models/taskinstance.py", line 433, in _execute_task
    result = execute_callable(context=context, **execute_callable_kwargs)
  File "/home/airflow/.local/lib/python3.10/site-packages/airflow/operators/bash.py", line 212, in execute
    raise AirflowException(
airflow.exceptions.AirflowException: Bash command failed. The command returned a non-zero exit code 1.
[2025-06-18T12:02:20.565+0000] {taskinstance.py:1138} INFO - Marking task as FAILED. dag_id=drift_monitoring_dag, task_id=analyze_snapshot_drift, execution_date=20250618T110000, start_date=20250618T120212, end_date=20250618T120220
[2025-06-18T12:02:20.578+0000] {standard_task_runner.py:107} ERROR - Failed to execute job 567 for task analyze_snapshot_drift (Bash command failed. The command returned a non-zero exit code 1.; 654)
[2025-06-18T12:02:20.609+0000] {local_task_job_runner.py:234} INFO - Task exited with return code 1
[2025-06-18T12:02:20.634+0000] {taskinstance.py:3280} INFO - 0 downstream tasks scheduled from follow-on schedule check
