[2025-06-07T17:52:38.780+0000] {taskinstance.py:1956} INFO - Dependencies all met for dep_context=non-requeueable deps ti=<TaskInstance: deep_models_pipeline.predict_best_model manual__2025-06-07T17:52:37.753545+00:00 [queued]>
[2025-06-07T17:52:38.788+0000] {taskinstance.py:1956} INFO - Dependencies all met for dep_context=requeueable deps ti=<TaskInstance: deep_models_pipeline.predict_best_model manual__2025-06-07T17:52:37.753545+00:00 [queued]>
[2025-06-07T17:52:38.789+0000] {taskinstance.py:2170} INFO - Starting attempt 1 of 3
[2025-06-07T17:52:38.803+0000] {taskinstance.py:2191} INFO - Executing <Task(PythonOperator): predict_best_model> on 2025-06-07 17:52:37.753545+00:00
[2025-06-07T17:52:38.811+0000] {standard_task_runner.py:60} INFO - Started process 200 to run task
[2025-06-07T17:52:38.817+0000] {standard_task_runner.py:87} INFO - Running: ['***', 'tasks', 'run', 'deep_models_pipeline', 'predict_best_model', 'manual__2025-06-07T17:52:37.753545+00:00', '--job-id', '2536', '--raw', '--subdir', 'DAGS_FOLDER/train_deep_model_dag.py', '--cfg-path', '/tmp/tmpnanj19u7']
[2025-06-07T17:52:38.819+0000] {standard_task_runner.py:88} INFO - Job 2536: Subtask predict_best_model
[2025-06-07T17:52:38.863+0000] {task_command.py:423} INFO - Running <TaskInstance: deep_models_pipeline.predict_best_model manual__2025-06-07T17:52:37.753545+00:00 [running]> on host cd4ea1a0aa51
[2025-06-07T17:52:38.961+0000] {taskinstance.py:2480} INFO - Exporting env vars: AIRFLOW_CTX_DAG_OWNER='***' AIRFLOW_CTX_DAG_ID='deep_models_pipeline' AIRFLOW_CTX_TASK_ID='predict_best_model' AIRFLOW_CTX_EXECUTION_DATE='2025-06-07T17:52:37.753545+00:00' AIRFLOW_CTX_TRY_NUMBER='1' AIRFLOW_CTX_DAG_RUN_ID='manual__2025-06-07T17:52:37.753545+00:00'
[2025-06-07T17:52:38.962+0000] {train_deep_model_dag.py:13} INFO - 🟦 Running command: python /opt/***/src/models/predict_best_model.py
[2025-06-07T17:52:57.996+0000] {train_deep_model_dag.py:20} INFO - 🟩 [stdout]:
🏃 View run predict_best_model_hybrid_deep at: https://dagshub.com/sacer11/MLOps_movie_rec_apr25.mlflow/#/experiments/11/runs/7e9e12b55fab467ea4c6d9657be9ee0e
🧪 View experiment at: https://dagshub.com/sacer11/MLOps_movie_rec_apr25.mlflow/#/experiments/11

[2025-06-07T17:52:57.997+0000] {train_deep_model_dag.py:22} WARNING - 🟨 [stderr]:
2025-06-07 17:52:41,374 - INFO - 🚀 Starte Prediction für hybrid_deep_model über MLflow Registry
2025-06-07 17:52:41,374 - INFO - 📦 Lade Modell: models:/hybrid_deep_model@best_model

Downloading artifacts:   0%|          | 0/8 [00:00<?, ?it/s]
Downloading artifacts:  12%|█▎        | 1/8 [00:00<00:00, 975.87it/s]
Downloading artifacts:  25%|██▌       | 2/8 [00:00<00:00,  6.86it/s] 
Downloading artifacts:  25%|██▌       | 2/8 [00:00<00:00,  6.86it/s]
Downloading artifacts:  38%|███▊      | 3/8 [00:00<00:00,  6.86it/s]
Downloading artifacts:  50%|█████     | 4/8 [00:00<00:00,  6.86it/s]
Downloading artifacts:  62%|██████▎   | 5/8 [00:01<00:00,  3.76it/s]
Downloading artifacts:  62%|██████▎   | 5/8 [00:01<00:00,  3.76it/s]
Downloading artifacts:  75%|███████▌  | 6/8 [00:02<00:01,  1.88it/s]
Downloading artifacts:  75%|███████▌  | 6/8 [00:02<00:01,  1.88it/s]
Downloading artifacts:  88%|████████▊ | 7/8 [00:03<00:00,  1.76it/s]
Downloading artifacts:  88%|████████▊ | 7/8 [00:03<00:00,  1.76it/s]
Downloading artifacts: 100%|██████████| 8/8 [00:04<00:00,  1.44it/s]
Downloading artifacts: 100%|██████████| 8/8 [00:04<00:00,  1.44it/s]
Downloading artifacts: 100%|██████████| 8/8 [00:04<00:00,  1.85it/s]
2025-06-07 17:52:48,930 - INFO - 📥 Embedding geladen: /opt/***/data/processed/hybrid_deep_embedding_best.csv – Shape: (10381, 32)
2025-06-07 17:52:48,992 - INFO - 💾 Vorhersagen gespeichert unter: /opt/***/data/processed/predictions_hybrid_deep_model.csv
2025-06-07 17:52:57,388 - INFO - ✅ Predictions erfolgreich in MLflow geloggt

[2025-06-07T17:52:57.997+0000] {python.py:201} INFO - Done. Returned value was: None
[2025-06-07T17:52:58.008+0000] {taskinstance.py:1138} INFO - Marking task as SUCCESS. dag_id=deep_models_pipeline, task_id=predict_best_model, execution_date=20250607T175237, start_date=20250607T175238, end_date=20250607T175258
[2025-06-07T17:52:58.040+0000] {local_task_job_runner.py:234} INFO - Task exited with return code 0
[2025-06-07T17:52:58.061+0000] {taskinstance.py:3280} INFO - 0 downstream tasks scheduled from follow-on schedule check
