[2025-06-04T05:33:49.259+0000] {taskinstance.py:1956} INFO - Dependencies all met for dep_context=non-requeueable deps ti=<TaskInstance: movie_recommendation_pipeline.dvc_pull_all manual__2025-06-04T05:26:59.474168+00:00 [queued]>
[2025-06-04T05:33:49.265+0000] {taskinstance.py:1956} INFO - Dependencies all met for dep_context=requeueable deps ti=<TaskInstance: movie_recommendation_pipeline.dvc_pull_all manual__2025-06-04T05:26:59.474168+00:00 [queued]>
[2025-06-04T05:33:49.265+0000] {taskinstance.py:2170} INFO - Starting attempt 1 of 3
[2025-06-04T05:33:49.275+0000] {taskinstance.py:2191} INFO - Executing <Task(PythonOperator): dvc_pull_all> on 2025-06-04 05:26:59.474168+00:00
[2025-06-04T05:33:49.282+0000] {standard_task_runner.py:60} INFO - Started process 1081 to run task
[2025-06-04T05:33:49.284+0000] {standard_task_runner.py:87} INFO - Running: ['***', 'tasks', 'run', 'movie_recommendation_pipeline', 'dvc_pull_all', 'manual__2025-06-04T05:26:59.474168+00:00', '--job-id', '1785', '--raw', '--subdir', 'DAGS_FOLDER/mlops_movie_dag.py', '--cfg-path', '/tmp/tmp4j2lm7vl']
[2025-06-04T05:33:49.285+0000] {standard_task_runner.py:88} INFO - Job 1785: Subtask dvc_pull_all
[2025-06-04T05:33:49.315+0000] {task_command.py:423} INFO - Running <TaskInstance: movie_recommendation_pipeline.dvc_pull_all manual__2025-06-04T05:26:59.474168+00:00 [running]> on host e2c85b369801
[2025-06-04T05:33:49.365+0000] {taskinstance.py:2480} INFO - Exporting env vars: AIRFLOW_CTX_DAG_OWNER='***' AIRFLOW_CTX_DAG_ID='movie_recommendation_pipeline' AIRFLOW_CTX_TASK_ID='dvc_pull_all' AIRFLOW_CTX_EXECUTION_DATE='2025-06-04T05:26:59.474168+00:00' AIRFLOW_CTX_TRY_NUMBER='1' AIRFLOW_CTX_DAG_RUN_ID='manual__2025-06-04T05:26:59.474168+00:00'
[2025-06-04T05:33:49.366+0000] {mlops_movie_dag.py:12} INFO - 游릱 Running command: dvc pull /opt/***/models/hybrid_model.pkl
[2025-06-04T05:34:01.117+0000] {mlops_movie_dag.py:19} INFO - 游릴 [stdout]:
Everything is up to date.

[2025-06-04T05:34:01.117+0000] {mlops_movie_dag.py:12} INFO - 游릱 Running command: dvc pull /opt/***/data/processed/hybrid_matrix.csv
[2025-06-04T05:34:13.295+0000] {mlops_movie_dag.py:19} INFO - 游릴 [stdout]:
Everything is up to date.

[2025-06-04T05:34:13.296+0000] {mlops_movie_dag.py:12} INFO - 游릱 Running command: dvc pull /opt/***/data/processed/hybrid_matrix_features.txt
[2025-06-04T05:34:25.160+0000] {mlops_movie_dag.py:19} INFO - 游릴 [stdout]:
Everything is up to date.

[2025-06-04T05:34:25.161+0000] {mlops_movie_dag.py:12} INFO - 游릱 Running command: dvc pull /opt/***/models/user_model.pkl
[2025-06-04T05:34:36.761+0000] {mlops_movie_dag.py:19} INFO - 游릴 [stdout]:
Everything is up to date.

[2025-06-04T05:34:36.762+0000] {mlops_movie_dag.py:12} INFO - 游릱 Running command: dvc pull /opt/***/data/processed/user_matrix.csv
[2025-06-04T05:34:48.092+0000] {mlops_movie_dag.py:19} INFO - 游릴 [stdout]:
Everything is up to date.

[2025-06-04T05:34:48.093+0000] {mlops_movie_dag.py:12} INFO - 游릱 Running command: dvc pull /opt/***/data/processed/user_matrix_features.txt
[2025-06-04T05:34:59.643+0000] {mlops_movie_dag.py:19} INFO - 游릴 [stdout]:
Everything is up to date.

[2025-06-04T05:34:59.644+0000] {python.py:201} INFO - Done. Returned value was: None
[2025-06-04T05:34:59.654+0000] {taskinstance.py:1138} INFO - Marking task as SUCCESS. dag_id=movie_recommendation_pipeline, task_id=dvc_pull_all, execution_date=20250604T052659, start_date=20250604T053349, end_date=20250604T053459
[2025-06-04T05:34:59.672+0000] {local_task_job_runner.py:234} INFO - Task exited with return code 0
[2025-06-04T05:34:59.692+0000] {taskinstance.py:3280} INFO - 1 downstream tasks scheduled from follow-on schedule check
