[2025-06-12T22:04:54.892+0000] {taskinstance.py:1956} INFO - Dependencies all met for dep_context=non-requeueable deps ti=<TaskInstance: deep_models_pipeline.train_deep_hybrid_model manual__2025-06-12T22:04:49.868862+00:00 [queued]>
[2025-06-12T22:04:54.898+0000] {taskinstance.py:1956} INFO - Dependencies all met for dep_context=requeueable deps ti=<TaskInstance: deep_models_pipeline.train_deep_hybrid_model manual__2025-06-12T22:04:49.868862+00:00 [queued]>
[2025-06-12T22:04:54.898+0000] {taskinstance.py:2170} INFO - Starting attempt 1 of 3
[2025-06-12T22:04:54.908+0000] {taskinstance.py:2191} INFO - Executing <Task(PythonOperator): train_deep_hybrid_model> on 2025-06-12 22:04:49.868862+00:00
[2025-06-12T22:04:54.914+0000] {standard_task_runner.py:60} INFO - Started process 355 to run task
[2025-06-12T22:04:54.916+0000] {standard_task_runner.py:87} INFO - Running: ['***', 'tasks', 'run', 'deep_models_pipeline', 'train_deep_hybrid_model', 'manual__2025-06-12T22:04:49.868862+00:00', '--job-id', '119', '--raw', '--subdir', 'DAGS_FOLDER/train_deep_model_dag.py', '--cfg-path', '/tmp/tmpx4tw18os']
[2025-06-12T22:04:54.917+0000] {standard_task_runner.py:88} INFO - Job 119: Subtask train_deep_hybrid_model
[2025-06-12T22:04:54.945+0000] {task_command.py:423} INFO - Running <TaskInstance: deep_models_pipeline.train_deep_hybrid_model manual__2025-06-12T22:04:49.868862+00:00 [running]> on host 1b5a75728537
[2025-06-12T22:04:54.993+0000] {taskinstance.py:2480} INFO - Exporting env vars: AIRFLOW_CTX_DAG_OWNER='***' AIRFLOW_CTX_DAG_ID='deep_models_pipeline' AIRFLOW_CTX_TASK_ID='train_deep_hybrid_model' AIRFLOW_CTX_EXECUTION_DATE='2025-06-12T22:04:49.868862+00:00' AIRFLOW_CTX_TRY_NUMBER='1' AIRFLOW_CTX_DAG_RUN_ID='manual__2025-06-12T22:04:49.868862+00:00'
[2025-06-12T22:04:54.994+0000] {train_deep_model_dag.py:13} INFO - 🟦 Running command: python /opt/***/src/models/train_hybrid_deep_model.py
[2025-06-12T22:06:12.119+0000] {train_deep_model_dag.py:20} INFO - 🟩 [stdout]:
🏃 View run train_hybrid_deep_model at: https://dagshub.com/sacer11/MLOps_movie_rec_apr25.mlflow/#/experiments/10/runs/8c5bbc76f0ba4316bd279080ce1eab7d
🧪 View experiment at: https://dagshub.com/sacer11/MLOps_movie_rec_apr25.mlflow/#/experiments/10

[2025-06-12T22:06:12.120+0000] {train_deep_model_dag.py:22} WARNING - 🟨 [stderr]:
2025-06-12 22:04:59,481 - __main__ - INFO - 📥 Lade Rohdaten und baue Hybrid-Feature-Matrix ...
2025-06-12 22:05:04,656 - __main__ - INFO - 📐 Hybrid-Matrix erstellt mit Shape: (10381, 803), Feature-Namen: 803
2025-06-12 22:05:09,912 - __main__ - INFO - 💾 Hybrid-Matrix gespeichert unter /opt/***/data/processed/hybrid_matrix.csv
2025-06-12 22:05:09,965 - __main__ - INFO - 🚀 Starte Training Autoencoder ...
2025-06-12 22:05:11,035 - __main__ - INFO - Epoch 1/30: Loss = 0.0131
2025-06-12 22:05:11,255 - __main__ - INFO - Epoch 2/30: Loss = 0.0068
2025-06-12 22:05:11,460 - __main__ - INFO - Epoch 3/30: Loss = 0.0055
2025-06-12 22:05:11,655 - __main__ - INFO - Epoch 4/30: Loss = 0.0050
2025-06-12 22:05:11,836 - __main__ - INFO - Epoch 5/30: Loss = 0.0047
2025-06-12 22:05:12,019 - __main__ - INFO - Epoch 6/30: Loss = 0.0044
2025-06-12 22:05:12,239 - __main__ - INFO - Epoch 7/30: Loss = 0.0043
2025-06-12 22:05:12,449 - __main__ - INFO - Epoch 8/30: Loss = 0.0042
2025-06-12 22:05:12,648 - __main__ - INFO - Epoch 9/30: Loss = 0.0041
2025-06-12 22:05:12,849 - __main__ - INFO - Epoch 10/30: Loss = 0.0040
2025-06-12 22:05:13,094 - __main__ - INFO - Epoch 11/30: Loss = 0.0039
2025-06-12 22:05:13,291 - __main__ - INFO - Epoch 12/30: Loss = 0.0039
2025-06-12 22:05:13,499 - __main__ - INFO - Epoch 13/30: Loss = 0.0038
2025-06-12 22:05:13,679 - __main__ - INFO - Epoch 14/30: Loss = 0.0038
2025-06-12 22:05:13,867 - __main__ - INFO - Epoch 15/30: Loss = 0.0038
2025-06-12 22:05:14,061 - __main__ - INFO - Epoch 16/30: Loss = 0.0037
2025-06-12 22:05:14,251 - __main__ - INFO - Epoch 17/30: Loss = 0.0037
2025-06-12 22:05:14,479 - __main__ - INFO - Epoch 18/30: Loss = 0.0037
2025-06-12 22:05:14,694 - __main__ - INFO - Epoch 19/30: Loss = 0.0037
2025-06-12 22:05:14,918 - __main__ - INFO - Epoch 20/30: Loss = 0.0037
2025-06-12 22:05:15,117 - __main__ - INFO - Epoch 21/30: Loss = 0.0036
2025-06-12 22:05:15,341 - __main__ - INFO - Epoch 22/30: Loss = 0.0036
2025-06-12 22:05:15,545 - __main__ - INFO - Epoch 23/30: Loss = 0.0036
2025-06-12 22:05:15,727 - __main__ - INFO - Epoch 24/30: Loss = 0.0036
2025-06-12 22:05:15,903 - __main__ - INFO - Epoch 25/30: Loss = 0.0036
2025-06-12 22:05:16,091 - __main__ - INFO - Epoch 26/30: Loss = 0.0036
2025-06-12 22:05:16,284 - __main__ - INFO - Epoch 27/30: Loss = 0.0036
2025-06-12 22:05:16,478 - __main__ - INFO - Epoch 28/30: Loss = 0.0035
2025-06-12 22:05:16,679 - __main__ - INFO - Epoch 29/30: Loss = 0.0035
2025-06-12 22:05:16,892 - __main__ - INFO - Epoch 30/30: Loss = 0.0035
2025-06-12 22:05:17,135 - __main__ - INFO - ✅ Hybrid-Embeddings gespeichert unter /opt/***/data/processed/hybrid_deep_embedding.csv
2025-06-12 22:05:17,146 - __main__ - INFO - ✅ Deep KNN Modell gespeichert unter /opt/***/models/hybrid_deep_knn.pkl
2025/06/12 22:05:29 INFO mlflow.pyfunc: Validating input example against model signature

Downloading artifacts:   0%|          | 0/1 [00:00<?, ?it/s]
Downloading artifacts: 100%|██████████| 1/1 [00:00<00:00, 94.97it/s]
Downloading artifacts: 100%|██████████| 1/1 [00:00<00:00, 92.73it/s]
Registered model 'hybrid_deep_model' already exists. Creating a new version of this model...
2025/06/12 22:05:42 INFO mlflow.store.model_registry.abstract_store: Waiting up to 300 seconds for model version to finish creation. Model name: hybrid_deep_model, version 8
Created version '8' of model 'hybrid_deep_model'.
2025-06-12 22:06:09,048 - __main__ - INFO - 📝 Tags gesetzt für Modellversion 8: n_neighbors=12, latent_dim=32, hidden_dim=256, tfidf_features=300, epochs=30, lr=0.001, batch_size=128, metric=cosine, content_weight=0.05, collab_weight=0.95, power_factor=1.0, precision_10=0.0
2025-06-12 22:06:11,049 - __main__ - INFO - 🏁 Deep Hybrid-Model Training abgeschlossen und geloggt.

[2025-06-12T22:06:12.120+0000] {python.py:201} INFO - Done. Returned value was: None
[2025-06-12T22:06:12.129+0000] {taskinstance.py:1138} INFO - Marking task as SUCCESS. dag_id=deep_models_pipeline, task_id=train_deep_hybrid_model, execution_date=20250612T220449, start_date=20250612T220454, end_date=20250612T220612
[2025-06-12T22:06:12.167+0000] {local_task_job_runner.py:234} INFO - Task exited with return code 0
[2025-06-12T22:06:12.188+0000] {taskinstance.py:3280} INFO - 1 downstream tasks scheduled from follow-on schedule check
