[2025-06-08T20:47:07.704+0000] {taskinstance.py:1956} INFO - Dependencies all met for dep_context=non-requeueable deps ti=<TaskInstance: deep_models_pipeline.train_deep_hybrid_model manual__2025-06-08T20:47:02.975115+00:00 [queued]>
[2025-06-08T20:47:07.710+0000] {taskinstance.py:1956} INFO - Dependencies all met for dep_context=requeueable deps ti=<TaskInstance: deep_models_pipeline.train_deep_hybrid_model manual__2025-06-08T20:47:02.975115+00:00 [queued]>
[2025-06-08T20:47:07.710+0000] {taskinstance.py:2170} INFO - Starting attempt 1 of 3
[2025-06-08T20:47:07.720+0000] {taskinstance.py:2191} INFO - Executing <Task(PythonOperator): train_deep_hybrid_model> on 2025-06-08 20:47:02.975115+00:00
[2025-06-08T20:47:07.727+0000] {standard_task_runner.py:60} INFO - Started process 3296 to run task
[2025-06-08T20:47:07.728+0000] {standard_task_runner.py:87} INFO - Running: ['***', 'tasks', 'run', 'deep_models_pipeline', 'train_deep_hybrid_model', 'manual__2025-06-08T20:47:02.975115+00:00', '--job-id', '3441', '--raw', '--subdir', 'DAGS_FOLDER/train_deep_model_dag.py', '--cfg-path', '/tmp/tmp9m3z_pfj']
[2025-06-08T20:47:07.730+0000] {standard_task_runner.py:88} INFO - Job 3441: Subtask train_deep_hybrid_model
[2025-06-08T20:47:07.761+0000] {task_command.py:423} INFO - Running <TaskInstance: deep_models_pipeline.train_deep_hybrid_model manual__2025-06-08T20:47:02.975115+00:00 [running]> on host 6b572a9ca403
[2025-06-08T20:47:07.817+0000] {taskinstance.py:2480} INFO - Exporting env vars: AIRFLOW_CTX_DAG_OWNER='***' AIRFLOW_CTX_DAG_ID='deep_models_pipeline' AIRFLOW_CTX_TASK_ID='train_deep_hybrid_model' AIRFLOW_CTX_EXECUTION_DATE='2025-06-08T20:47:02.975115+00:00' AIRFLOW_CTX_TRY_NUMBER='1' AIRFLOW_CTX_DAG_RUN_ID='manual__2025-06-08T20:47:02.975115+00:00'
[2025-06-08T20:47:07.818+0000] {train_deep_model_dag.py:13} INFO - 🟦 Running command: python /opt/***/src/models/train_hybrid_deep_model.py --n_neighbors=50 --latent_dim=32 --epochs=60 --tfidf_features=1991
[2025-06-08T20:48:39.292+0000] {train_deep_model_dag.py:20} INFO - 🟩 [stdout]:
🏃 View run train_hybrid_deep_model at: https://dagshub.com/sacer11/MLOps_movie_rec_apr25.mlflow/#/experiments/10/runs/79add08ad9634e74a936c093f76fe197
🧪 View experiment at: https://dagshub.com/sacer11/MLOps_movie_rec_apr25.mlflow/#/experiments/10

[2025-06-08T20:48:39.293+0000] {train_deep_model_dag.py:22} WARNING - 🟨 [stderr]:
2025-06-08 20:47:11,265 - __main__ - INFO - 📥 Lade Rohdaten und baue Hybrid-Feature-Matrix ...
2025-06-08 20:47:16,350 - __main__ - INFO - 📐 Hybrid-Matrix erstellt mit Shape: (10381, 3120), Feature-Namen: 3120
2025-06-08 20:47:30,193 - __main__ - INFO - 💾 Hybrid-Matrix gespeichert unter /opt/***/data/processed/hybrid_matrix.csv
2025-06-08 20:47:30,398 - __main__ - INFO - 🚀 Starte Training Autoencoder ...
2025-06-08 20:47:31,462 - __main__ - INFO - Epoch 1/60: Loss = 0.0064
2025-06-08 20:47:31,935 - __main__ - INFO - Epoch 2/60: Loss = 0.0039
2025-06-08 20:47:32,376 - __main__ - INFO - Epoch 3/60: Loss = 0.0033
2025-06-08 20:47:32,823 - __main__ - INFO - Epoch 4/60: Loss = 0.0031
2025-06-08 20:47:33,262 - __main__ - INFO - Epoch 5/60: Loss = 0.0029
2025-06-08 20:47:33,705 - __main__ - INFO - Epoch 6/60: Loss = 0.0028
2025-06-08 20:47:34,149 - __main__ - INFO - Epoch 7/60: Loss = 0.0027
2025-06-08 20:47:34,593 - __main__ - INFO - Epoch 8/60: Loss = 0.0027
2025-06-08 20:47:35,043 - __main__ - INFO - Epoch 9/60: Loss = 0.0026
2025-06-08 20:47:35,513 - __main__ - INFO - Epoch 10/60: Loss = 0.0026
2025-06-08 20:47:35,980 - __main__ - INFO - Epoch 11/60: Loss = 0.0026
2025-06-08 20:47:36,436 - __main__ - INFO - Epoch 12/60: Loss = 0.0025
2025-06-08 20:47:36,896 - __main__ - INFO - Epoch 13/60: Loss = 0.0025
2025-06-08 20:47:37,347 - __main__ - INFO - Epoch 14/60: Loss = 0.0025
2025-06-08 20:47:37,804 - __main__ - INFO - Epoch 15/60: Loss = 0.0025
2025-06-08 20:47:38,256 - __main__ - INFO - Epoch 16/60: Loss = 0.0025
2025-06-08 20:47:38,684 - __main__ - INFO - Epoch 17/60: Loss = 0.0025
2025-06-08 20:47:39,149 - __main__ - INFO - Epoch 18/60: Loss = 0.0024
2025-06-08 20:47:39,643 - __main__ - INFO - Epoch 19/60: Loss = 0.0024
2025-06-08 20:47:40,141 - __main__ - INFO - Epoch 20/60: Loss = 0.0024
2025-06-08 20:47:40,595 - __main__ - INFO - Epoch 21/60: Loss = 0.0024
2025-06-08 20:47:41,072 - __main__ - INFO - Epoch 22/60: Loss = 0.0024
2025-06-08 20:47:41,520 - __main__ - INFO - Epoch 23/60: Loss = 0.0024
2025-06-08 20:47:41,997 - __main__ - INFO - Epoch 24/60: Loss = 0.0024
2025-06-08 20:47:42,456 - __main__ - INFO - Epoch 25/60: Loss = 0.0024
2025-06-08 20:47:42,906 - __main__ - INFO - Epoch 26/60: Loss = 0.0024
2025-06-08 20:47:43,357 - __main__ - INFO - Epoch 27/60: Loss = 0.0024
2025-06-08 20:47:43,833 - __main__ - INFO - Epoch 28/60: Loss = 0.0024
2025-06-08 20:47:44,320 - __main__ - INFO - Epoch 29/60: Loss = 0.0023
2025-06-08 20:47:44,798 - __main__ - INFO - Epoch 30/60: Loss = 0.0023
2025-06-08 20:47:45,240 - __main__ - INFO - Epoch 31/60: Loss = 0.0023
2025-06-08 20:47:45,687 - __main__ - INFO - Epoch 32/60: Loss = 0.0023
2025-06-08 20:47:46,154 - __main__ - INFO - Epoch 33/60: Loss = 0.0023
2025-06-08 20:47:46,596 - __main__ - INFO - Epoch 34/60: Loss = 0.0023
2025-06-08 20:47:47,048 - __main__ - INFO - Epoch 35/60: Loss = 0.0023
2025-06-08 20:47:47,490 - __main__ - INFO - Epoch 36/60: Loss = 0.0023
2025-06-08 20:47:47,942 - __main__ - INFO - Epoch 37/60: Loss = 0.0023
2025-06-08 20:47:48,422 - __main__ - INFO - Epoch 38/60: Loss = 0.0023
2025-06-08 20:47:48,898 - __main__ - INFO - Epoch 39/60: Loss = 0.0023
2025-06-08 20:47:49,351 - __main__ - INFO - Epoch 40/60: Loss = 0.0023
2025-06-08 20:47:49,797 - __main__ - INFO - Epoch 41/60: Loss = 0.0023
2025-06-08 20:47:50,247 - __main__ - INFO - Epoch 42/60: Loss = 0.0023
2025-06-08 20:47:50,707 - __main__ - INFO - Epoch 43/60: Loss = 0.0023
2025-06-08 20:47:51,150 - __main__ - INFO - Epoch 44/60: Loss = 0.0023
2025-06-08 20:47:51,582 - __main__ - INFO - Epoch 45/60: Loss = 0.0023
2025-06-08 20:47:52,027 - __main__ - INFO - Epoch 46/60: Loss = 0.0022
2025-06-08 20:47:52,518 - __main__ - INFO - Epoch 47/60: Loss = 0.0022
2025-06-08 20:47:53,022 - __main__ - INFO - Epoch 48/60: Loss = 0.0022
2025-06-08 20:47:53,514 - __main__ - INFO - Epoch 49/60: Loss = 0.0022
2025-06-08 20:47:53,979 - __main__ - INFO - Epoch 50/60: Loss = 0.0022
2025-06-08 20:47:54,448 - __main__ - INFO - Epoch 51/60: Loss = 0.0022
2025-06-08 20:47:54,913 - __main__ - INFO - Epoch 52/60: Loss = 0.0022
2025-06-08 20:47:55,369 - __main__ - INFO - Epoch 53/60: Loss = 0.0022
2025-06-08 20:47:55,841 - __main__ - INFO - Epoch 54/60: Loss = 0.0022
2025-06-08 20:47:56,339 - __main__ - INFO - Epoch 55/60: Loss = 0.0022
2025-06-08 20:47:56,857 - __main__ - INFO - Epoch 56/60: Loss = 0.0022
2025-06-08 20:47:57,375 - __main__ - INFO - Epoch 57/60: Loss = 0.0022
2025-06-08 20:47:57,950 - __main__ - INFO - Epoch 58/60: Loss = 0.0022
2025-06-08 20:47:58,388 - __main__ - INFO - Epoch 59/60: Loss = 0.0022
2025-06-08 20:47:58,856 - __main__ - INFO - Epoch 60/60: Loss = 0.0022
2025-06-08 20:47:59,096 - __main__ - INFO - ✅ Hybrid-Embeddings gespeichert unter /opt/***/data/processed/hybrid_deep_embedding.csv
2025-06-08 20:47:59,096 - __main__ - INFO - ✅ Hybrid-Embeddings gespeichert unter /opt/***/data/processed/hybrid_deep_embedding.csv
2025-06-08 20:47:59,105 - __main__ - INFO - ✅ Deep KNN Modell gespeichert unter /opt/***/models/hybrid_deep_knn.pkl
2025/06/08 20:48:08 INFO mlflow.pyfunc: Validating input example against model signature

Downloading artifacts:   0%|          | 0/1 [00:00<?, ?it/s]
Downloading artifacts: 100%|██████████| 1/1 [00:00<00:00, 78.27it/s]
Downloading artifacts: 100%|██████████| 1/1 [00:00<00:00, 77.33it/s]
Registered model 'hybrid_deep_model' already exists. Creating a new version of this model...
2025/06/08 20:48:22 INFO mlflow.store.model_registry.abstract_store: Waiting up to 300 seconds for model version to finish creation. Model name: hybrid_deep_model, version 46
Created version '46' of model 'hybrid_deep_model'.
2025-06-08 20:48:35,384 - __main__ - INFO - 📝 Tags für Modellversion 46 gesetzt: n_neighbors=50, latent_dim=32, tfidf_features=1991, epochs=60
2025-06-08 20:48:38,397 - __main__ - INFO - 🏁 Deep Hybrid-Model Training abgeschlossen und geloggt.

[2025-06-08T20:48:39.294+0000] {python.py:201} INFO - Done. Returned value was: None
[2025-06-08T20:48:39.303+0000] {taskinstance.py:1138} INFO - Marking task as SUCCESS. dag_id=deep_models_pipeline, task_id=train_deep_hybrid_model, execution_date=20250608T204702, start_date=20250608T204707, end_date=20250608T204839
[2025-06-08T20:48:39.352+0000] {local_task_job_runner.py:234} INFO - Task exited with return code 0
[2025-06-08T20:48:39.369+0000] {taskinstance.py:3280} INFO - 1 downstream tasks scheduled from follow-on schedule check
