[2025-06-07T16:12:22.452+0000] {taskinstance.py:1956} INFO - Dependencies all met for dep_context=non-requeueable deps ti=<TaskInstance: deep_models_pipeline.train_deep_hybrid_model manual__2025-06-07T16:12:17.677167+00:00 [queued]>
[2025-06-07T16:12:22.458+0000] {taskinstance.py:1956} INFO - Dependencies all met for dep_context=requeueable deps ti=<TaskInstance: deep_models_pipeline.train_deep_hybrid_model manual__2025-06-07T16:12:17.677167+00:00 [queued]>
[2025-06-07T16:12:22.458+0000] {taskinstance.py:2170} INFO - Starting attempt 1 of 3
[2025-06-07T16:12:22.467+0000] {taskinstance.py:2191} INFO - Executing <Task(PythonOperator): train_deep_hybrid_model> on 2025-06-07 16:12:17.677167+00:00
[2025-06-07T16:12:22.473+0000] {standard_task_runner.py:60} INFO - Started process 304 to run task
[2025-06-07T16:12:22.475+0000] {standard_task_runner.py:87} INFO - Running: ['***', 'tasks', 'run', 'deep_models_pipeline', 'train_deep_hybrid_model', 'manual__2025-06-07T16:12:17.677167+00:00', '--job-id', '2489', '--raw', '--subdir', 'DAGS_FOLDER/train_deep_model_dag.py', '--cfg-path', '/tmp/tmp6jdu51se']
[2025-06-07T16:12:22.477+0000] {standard_task_runner.py:88} INFO - Job 2489: Subtask train_deep_hybrid_model
[2025-06-07T16:12:22.517+0000] {task_command.py:423} INFO - Running <TaskInstance: deep_models_pipeline.train_deep_hybrid_model manual__2025-06-07T16:12:17.677167+00:00 [running]> on host c6fd3903e1a9
[2025-06-07T16:12:22.578+0000] {taskinstance.py:2480} INFO - Exporting env vars: AIRFLOW_CTX_DAG_OWNER='***' AIRFLOW_CTX_DAG_ID='deep_models_pipeline' AIRFLOW_CTX_TASK_ID='train_deep_hybrid_model' AIRFLOW_CTX_EXECUTION_DATE='2025-06-07T16:12:17.677167+00:00' AIRFLOW_CTX_TRY_NUMBER='1' AIRFLOW_CTX_DAG_RUN_ID='manual__2025-06-07T16:12:17.677167+00:00'
[2025-06-07T16:12:22.579+0000] {train_deep_model_dag.py:13} INFO - 🟦 Running command: python /opt/***/src/models/train_hybrid_deep_model.py --n_neighbors=20 --latent_dim=32 --epochs=30 --tfidf_features=1301
[2025-06-07T16:13:25.515+0000] {train_deep_model_dag.py:20} INFO - 🟩 [stdout]:
🏃 View run train_hybrid_deep_model at: https://dagshub.com/sacer11/MLOps_movie_rec_apr25.mlflow/#/experiments/10/runs/8aa353ca235548b8b11ae91067e19ab3
🧪 View experiment at: https://dagshub.com/sacer11/MLOps_movie_rec_apr25.mlflow/#/experiments/10

[2025-06-07T16:13:25.516+0000] {train_deep_model_dag.py:22} WARNING - 🟨 [stderr]:
/home/***/.local/lib/python3.10/site-packages/mlflow/pyfunc/utils/data_validation.py:186: UserWarning: [33mAdd type hints to the `predict` method to enable data validation and automatic signature inference during model logging. Check https://mlflow.org/docs/latest/model/python_model.html#type-hint-usage-in-pythonmodel for more details.[0m
  color_warning(
2025-06-07 16:12:26,971 - __main__ - INFO - 📥 Lade Rohdaten und baue Hybrid-Feature-Matrix ...
2025-06-07 16:12:31,972 - __main__ - INFO - 📐 Hybrid-Matrix erstellt mit Shape: (10381, 2430), Feature-Namen: 2430
2025-06-07 16:12:44,179 - __main__ - INFO - 💾 Hybrid-Matrix gespeichert unter /opt/***/data/processed/hybrid_matrix.csv
2025-06-07 16:12:44,337 - __main__ - INFO - 🚀 Starte Training Autoencoder ...
2025-06-07 16:12:45,593 - __main__ - INFO - Epoch 1/30: Loss = 0.0077
2025-06-07 16:12:45,971 - __main__ - INFO - Epoch 2/30: Loss = 0.0047
2025-06-07 16:12:46,358 - __main__ - INFO - Epoch 3/30: Loss = 0.0040
2025-06-07 16:12:46,733 - __main__ - INFO - Epoch 4/30: Loss = 0.0038
2025-06-07 16:12:47,100 - __main__ - INFO - Epoch 5/30: Loss = 0.0036
2025-06-07 16:12:47,463 - __main__ - INFO - Epoch 6/30: Loss = 0.0035
2025-06-07 16:12:47,817 - __main__ - INFO - Epoch 7/30: Loss = 0.0034
2025-06-07 16:12:48,163 - __main__ - INFO - Epoch 8/30: Loss = 0.0033
2025-06-07 16:12:48,513 - __main__ - INFO - Epoch 9/30: Loss = 0.0033
2025-06-07 16:12:48,865 - __main__ - INFO - Epoch 10/30: Loss = 0.0032
2025-06-07 16:12:49,202 - __main__ - INFO - Epoch 11/30: Loss = 0.0032
2025-06-07 16:12:49,545 - __main__ - INFO - Epoch 12/30: Loss = 0.0031
2025-06-07 16:12:49,873 - __main__ - INFO - Epoch 13/30: Loss = 0.0031
2025-06-07 16:12:50,192 - __main__ - INFO - Epoch 14/30: Loss = 0.0031
2025-06-07 16:12:50,529 - __main__ - INFO - Epoch 15/30: Loss = 0.0031
2025-06-07 16:12:50,880 - __main__ - INFO - Epoch 16/30: Loss = 0.0031
2025-06-07 16:12:51,223 - __main__ - INFO - Epoch 17/30: Loss = 0.0030
2025-06-07 16:12:51,636 - __main__ - INFO - Epoch 18/30: Loss = 0.0030
2025-06-07 16:12:51,986 - __main__ - INFO - Epoch 19/30: Loss = 0.0030
2025-06-07 16:12:52,333 - __main__ - INFO - Epoch 20/30: Loss = 0.0030
2025-06-07 16:12:52,660 - __main__ - INFO - Epoch 21/30: Loss = 0.0030
2025-06-07 16:12:53,009 - __main__ - INFO - Epoch 22/30: Loss = 0.0030
2025-06-07 16:12:53,363 - __main__ - INFO - Epoch 23/30: Loss = 0.0029
2025-06-07 16:12:53,738 - __main__ - INFO - Epoch 24/30: Loss = 0.0029
2025-06-07 16:12:54,101 - __main__ - INFO - Epoch 25/30: Loss = 0.0029
2025-06-07 16:12:54,440 - __main__ - INFO - Epoch 26/30: Loss = 0.0029
2025-06-07 16:12:54,803 - __main__ - INFO - Epoch 27/30: Loss = 0.0029
2025-06-07 16:12:55,205 - __main__ - INFO - Epoch 28/30: Loss = 0.0029
2025-06-07 16:12:55,561 - __main__ - INFO - Epoch 29/30: Loss = 0.0029
2025-06-07 16:12:55,906 - __main__ - INFO - Epoch 30/30: Loss = 0.0029
2025-06-07 16:12:56,138 - __main__ - INFO - ✅ Hybrid-Embeddings gespeichert unter /opt/***/data/processed/hybrid_deep_embedding.csv
2025-06-07 16:12:56,138 - __main__ - INFO - ✅ Hybrid-Embeddings gespeichert unter /opt/***/data/processed/hybrid_deep_embedding.csv
2025-06-07 16:12:56,149 - __main__ - INFO - ✅ Deep KNN Modell gespeichert unter /opt/***/models/hybrid_deep_knn.pkl
2025/06/07 16:13:01 INFO mlflow.pyfunc: Validating input example against model signature

Downloading artifacts:   0%|          | 0/1 [00:00<?, ?it/s]
Downloading artifacts: 100%|██████████| 1/1 [00:00<00:00, 80.77it/s]
Downloading artifacts: 100%|██████████| 1/1 [00:00<00:00, 79.59it/s]
Registered model 'hybrid_deep_model' already exists. Creating a new version of this model...
2025/06/07 16:13:11 INFO mlflow.store.model_registry.abstract_store: Waiting up to 300 seconds for model version to finish creation. Model name: hybrid_deep_model, version 9
Created version '9' of model 'hybrid_deep_model'.
2025-06-07 16:13:22,429 - __main__ - INFO - 📝 Tags für Modellversion 9 gesetzt: n_neighbors=20, latent_dim=32
2025-06-07 16:13:24,429 - __main__ - INFO - 🏁 Deep Hybrid-Model Training abgeschlossen und geloggt.

[2025-06-07T16:13:25.517+0000] {python.py:201} INFO - Done. Returned value was: None
[2025-06-07T16:13:25.527+0000] {taskinstance.py:1138} INFO - Marking task as SUCCESS. dag_id=deep_models_pipeline, task_id=train_deep_hybrid_model, execution_date=20250607T161217, start_date=20250607T161222, end_date=20250607T161325
[2025-06-07T16:13:25.580+0000] {local_task_job_runner.py:234} INFO - Task exited with return code 0
[2025-06-07T16:13:25.598+0000] {taskinstance.py:3280} INFO - 1 downstream tasks scheduled from follow-on schedule check
