[2025-06-08T20:42:44.813+0000] {taskinstance.py:1956} INFO - Dependencies all met for dep_context=non-requeueable deps ti=<TaskInstance: deep_models_pipeline.train_deep_hybrid_model manual__2025-06-08T20:42:39.958025+00:00 [queued]>
[2025-06-08T20:42:44.820+0000] {taskinstance.py:1956} INFO - Dependencies all met for dep_context=requeueable deps ti=<TaskInstance: deep_models_pipeline.train_deep_hybrid_model manual__2025-06-08T20:42:39.958025+00:00 [queued]>
[2025-06-08T20:42:44.820+0000] {taskinstance.py:2170} INFO - Starting attempt 1 of 3
[2025-06-08T20:42:44.834+0000] {taskinstance.py:2191} INFO - Executing <Task(PythonOperator): train_deep_hybrid_model> on 2025-06-08 20:42:39.958025+00:00
[2025-06-08T20:42:44.837+0000] {standard_task_runner.py:60} INFO - Started process 2609 to run task
[2025-06-08T20:42:44.839+0000] {standard_task_runner.py:87} INFO - Running: ['***', 'tasks', 'run', 'deep_models_pipeline', 'train_deep_hybrid_model', 'manual__2025-06-08T20:42:39.958025+00:00', '--job-id', '3432', '--raw', '--subdir', 'DAGS_FOLDER/train_deep_model_dag.py', '--cfg-path', '/tmp/tmpzyzl5jro']
[2025-06-08T20:42:44.841+0000] {standard_task_runner.py:88} INFO - Job 3432: Subtask train_deep_hybrid_model
[2025-06-08T20:42:44.879+0000] {task_command.py:423} INFO - Running <TaskInstance: deep_models_pipeline.train_deep_hybrid_model manual__2025-06-08T20:42:39.958025+00:00 [running]> on host 6b572a9ca403
[2025-06-08T20:42:44.943+0000] {taskinstance.py:2480} INFO - Exporting env vars: AIRFLOW_CTX_DAG_OWNER='***' AIRFLOW_CTX_DAG_ID='deep_models_pipeline' AIRFLOW_CTX_TASK_ID='train_deep_hybrid_model' AIRFLOW_CTX_EXECUTION_DATE='2025-06-08T20:42:39.958025+00:00' AIRFLOW_CTX_TRY_NUMBER='1' AIRFLOW_CTX_DAG_RUN_ID='manual__2025-06-08T20:42:39.958025+00:00'
[2025-06-08T20:42:44.944+0000] {train_deep_model_dag.py:13} INFO - 🟦 Running command: python /opt/***/src/models/train_hybrid_deep_model.py --n_neighbors=49 --latent_dim=32 --epochs=50 --tfidf_features=1991
[2025-06-08T20:44:05.892+0000] {train_deep_model_dag.py:20} INFO - 🟩 [stdout]:
🏃 View run train_hybrid_deep_model at: https://dagshub.com/sacer11/MLOps_movie_rec_apr25.mlflow/#/experiments/10/runs/601e9b1a1f604fe990be182797302b90
🧪 View experiment at: https://dagshub.com/sacer11/MLOps_movie_rec_apr25.mlflow/#/experiments/10

[2025-06-08T20:44:05.894+0000] {train_deep_model_dag.py:22} WARNING - 🟨 [stderr]:
2025-06-08 20:42:48,607 - __main__ - INFO - 📥 Lade Rohdaten und baue Hybrid-Feature-Matrix ...
2025-06-08 20:42:53,898 - __main__ - INFO - 📐 Hybrid-Matrix erstellt mit Shape: (10381, 3120), Feature-Namen: 3120
2025-06-08 20:43:08,042 - __main__ - INFO - 💾 Hybrid-Matrix gespeichert unter /opt/***/data/processed/hybrid_matrix.csv
2025-06-08 20:43:08,305 - __main__ - INFO - 🚀 Starte Training Autoencoder ...
2025-06-08 20:43:09,427 - __main__ - INFO - Epoch 1/50: Loss = 0.0064
2025-06-08 20:43:09,936 - __main__ - INFO - Epoch 2/50: Loss = 0.0040
2025-06-08 20:43:10,400 - __main__ - INFO - Epoch 3/50: Loss = 0.0034
2025-06-08 20:43:10,878 - __main__ - INFO - Epoch 4/50: Loss = 0.0031
2025-06-08 20:43:11,346 - __main__ - INFO - Epoch 5/50: Loss = 0.0030
2025-06-08 20:43:11,822 - __main__ - INFO - Epoch 6/50: Loss = 0.0029
2025-06-08 20:43:12,351 - __main__ - INFO - Epoch 7/50: Loss = 0.0028
2025-06-08 20:43:12,842 - __main__ - INFO - Epoch 8/50: Loss = 0.0027
2025-06-08 20:43:13,301 - __main__ - INFO - Epoch 9/50: Loss = 0.0027
2025-06-08 20:43:13,780 - __main__ - INFO - Epoch 10/50: Loss = 0.0026
2025-06-08 20:43:14,253 - __main__ - INFO - Epoch 11/50: Loss = 0.0026
2025-06-08 20:43:14,760 - __main__ - INFO - Epoch 12/50: Loss = 0.0026
2025-06-08 20:43:15,253 - __main__ - INFO - Epoch 13/50: Loss = 0.0025
2025-06-08 20:43:15,757 - __main__ - INFO - Epoch 14/50: Loss = 0.0025
2025-06-08 20:43:16,256 - __main__ - INFO - Epoch 15/50: Loss = 0.0025
2025-06-08 20:43:16,736 - __main__ - INFO - Epoch 16/50: Loss = 0.0025
2025-06-08 20:43:17,246 - __main__ - INFO - Epoch 17/50: Loss = 0.0025
2025-06-08 20:43:17,734 - __main__ - INFO - Epoch 18/50: Loss = 0.0025
2025-06-08 20:43:18,234 - __main__ - INFO - Epoch 19/50: Loss = 0.0024
2025-06-08 20:43:18,725 - __main__ - INFO - Epoch 20/50: Loss = 0.0024
2025-06-08 20:43:19,251 - __main__ - INFO - Epoch 21/50: Loss = 0.0024
2025-06-08 20:43:19,755 - __main__ - INFO - Epoch 22/50: Loss = 0.0024
2025-06-08 20:43:20,213 - __main__ - INFO - Epoch 23/50: Loss = 0.0024
2025-06-08 20:43:20,705 - __main__ - INFO - Epoch 24/50: Loss = 0.0024
2025-06-08 20:43:21,205 - __main__ - INFO - Epoch 25/50: Loss = 0.0024
2025-06-08 20:43:21,716 - __main__ - INFO - Epoch 26/50: Loss = 0.0024
2025-06-08 20:43:22,166 - __main__ - INFO - Epoch 27/50: Loss = 0.0024
2025-06-08 20:43:22,643 - __main__ - INFO - Epoch 28/50: Loss = 0.0024
2025-06-08 20:43:23,117 - __main__ - INFO - Epoch 29/50: Loss = 0.0023
2025-06-08 20:43:23,576 - __main__ - INFO - Epoch 30/50: Loss = 0.0023
2025-06-08 20:43:24,014 - __main__ - INFO - Epoch 31/50: Loss = 0.0023
2025-06-08 20:43:24,507 - __main__ - INFO - Epoch 32/50: Loss = 0.0023
2025-06-08 20:43:25,010 - __main__ - INFO - Epoch 33/50: Loss = 0.0023
2025-06-08 20:43:25,553 - __main__ - INFO - Epoch 34/50: Loss = 0.0023
2025-06-08 20:43:26,020 - __main__ - INFO - Epoch 35/50: Loss = 0.0023
2025-06-08 20:43:26,507 - __main__ - INFO - Epoch 36/50: Loss = 0.0023
2025-06-08 20:43:26,975 - __main__ - INFO - Epoch 37/50: Loss = 0.0023
2025-06-08 20:43:27,470 - __main__ - INFO - Epoch 38/50: Loss = 0.0023
2025-06-08 20:43:27,940 - __main__ - INFO - Epoch 39/50: Loss = 0.0023
2025-06-08 20:43:28,401 - __main__ - INFO - Epoch 40/50: Loss = 0.0023
2025-06-08 20:43:28,853 - __main__ - INFO - Epoch 41/50: Loss = 0.0023
2025-06-08 20:43:29,321 - __main__ - INFO - Epoch 42/50: Loss = 0.0023
2025-06-08 20:43:29,791 - __main__ - INFO - Epoch 43/50: Loss = 0.0023
2025-06-08 20:43:30,294 - __main__ - INFO - Epoch 44/50: Loss = 0.0023
2025-06-08 20:43:30,781 - __main__ - INFO - Epoch 45/50: Loss = 0.0023
2025-06-08 20:43:31,234 - __main__ - INFO - Epoch 46/50: Loss = 0.0022
2025-06-08 20:43:31,691 - __main__ - INFO - Epoch 47/50: Loss = 0.0022
2025-06-08 20:43:32,155 - __main__ - INFO - Epoch 48/50: Loss = 0.0022
2025-06-08 20:43:32,633 - __main__ - INFO - Epoch 49/50: Loss = 0.0022
2025-06-08 20:43:33,104 - __main__ - INFO - Epoch 50/50: Loss = 0.0022
2025-06-08 20:43:33,346 - __main__ - INFO - ✅ Hybrid-Embeddings gespeichert unter /opt/***/data/processed/hybrid_deep_embedding.csv
2025-06-08 20:43:33,347 - __main__ - INFO - ✅ Hybrid-Embeddings gespeichert unter /opt/***/data/processed/hybrid_deep_embedding.csv
2025-06-08 20:43:33,357 - __main__ - INFO - ✅ Deep KNN Modell gespeichert unter /opt/***/models/hybrid_deep_knn.pkl
2025/06/08 20:43:38 INFO mlflow.pyfunc: Validating input example against model signature

Downloading artifacts:   0%|          | 0/1 [00:00<?, ?it/s]
Downloading artifacts: 100%|██████████| 1/1 [00:00<00:00, 78.52it/s]
Downloading artifacts: 100%|██████████| 1/1 [00:00<00:00, 77.23it/s]
Registered model 'hybrid_deep_model' already exists. Creating a new version of this model...
2025/06/08 20:43:48 INFO mlflow.store.model_registry.abstract_store: Waiting up to 300 seconds for model version to finish creation. Model name: hybrid_deep_model, version 45
Created version '45' of model 'hybrid_deep_model'.
2025-06-08 20:44:02,643 - __main__ - INFO - 📝 Tags für Modellversion 45 gesetzt: n_neighbors=49, latent_dim=32, tfidf_features=1991, epochs=50
2025-06-08 20:44:04,662 - __main__ - INFO - 🏁 Deep Hybrid-Model Training abgeschlossen und geloggt.

[2025-06-08T20:44:05.894+0000] {python.py:201} INFO - Done. Returned value was: None
[2025-06-08T20:44:05.905+0000] {taskinstance.py:1138} INFO - Marking task as SUCCESS. dag_id=deep_models_pipeline, task_id=train_deep_hybrid_model, execution_date=20250608T204239, start_date=20250608T204244, end_date=20250608T204405
[2025-06-08T20:44:05.945+0000] {local_task_job_runner.py:234} INFO - Task exited with return code 0
[2025-06-08T20:44:05.970+0000] {taskinstance.py:3280} INFO - 1 downstream tasks scheduled from follow-on schedule check
