[2025-06-18T12:54:35.481+0000] {taskinstance.py:1956} INFO - Dependencies all met for dep_context=non-requeueable deps ti=<TaskInstance: deep_models_pipeline.import_raw_data manual__2025-06-18T12:54:33.587776+00:00 [queued]>
[2025-06-18T12:54:35.489+0000] {taskinstance.py:1956} INFO - Dependencies all met for dep_context=requeueable deps ti=<TaskInstance: deep_models_pipeline.import_raw_data manual__2025-06-18T12:54:33.587776+00:00 [queued]>
[2025-06-18T12:54:35.490+0000] {taskinstance.py:2170} INFO - Starting attempt 1 of 3
[2025-06-18T12:54:35.502+0000] {taskinstance.py:2191} INFO - Executing <Task(PythonOperator): import_raw_data> on 2025-06-18 12:54:33.587776+00:00
[2025-06-18T12:54:35.510+0000] {standard_task_runner.py:60} INFO - Started process 294 to run task
[2025-06-18T12:54:35.513+0000] {standard_task_runner.py:87} INFO - Running: ['***', 'tasks', 'run', 'deep_models_pipeline', 'import_raw_data', 'manual__2025-06-18T12:54:33.587776+00:00', '--job-id', '597', '--raw', '--subdir', 'DAGS_FOLDER/train_deep_model_dag.py', '--cfg-path', '/tmp/tmpozuxqt_4']
[2025-06-18T12:54:35.515+0000] {standard_task_runner.py:88} INFO - Job 597: Subtask import_raw_data
[2025-06-18T12:54:35.562+0000] {task_command.py:423} INFO - Running <TaskInstance: deep_models_pipeline.import_raw_data manual__2025-06-18T12:54:33.587776+00:00 [running]> on host 3cef70cd7501
[2025-06-18T12:54:35.640+0000] {taskinstance.py:2480} INFO - Exporting env vars: AIRFLOW_CTX_DAG_OWNER='***' AIRFLOW_CTX_DAG_ID='deep_models_pipeline' AIRFLOW_CTX_TASK_ID='import_raw_data' AIRFLOW_CTX_EXECUTION_DATE='2025-06-18T12:54:33.587776+00:00' AIRFLOW_CTX_TRY_NUMBER='1' AIRFLOW_CTX_DAG_RUN_ID='manual__2025-06-18T12:54:33.587776+00:00'
[2025-06-18T12:54:35.642+0000] {train_deep_model_dag.py:14} INFO - 🟦 Running command: python /opt/***/src/movie/data/import_raw_data.py
[2025-06-18T12:54:35.642+0000] {train_deep_model_dag.py:15} INFO - 🟦 Working directory: /opt/***
[2025-06-18T12:54:35.642+0000] {train_deep_model_dag.py:16} INFO - MLflow Tracking URI: https://dagshub.com/sacer11/MLOps_movie_rec_apr25.mlflow
[2025-06-18T12:54:35.643+0000] {train_deep_model_dag.py:17} INFO - User: Klemp.Thomas
[2025-06-18T12:54:35.643+0000] {train_deep_model_dag.py:18} INFO - Password: 24a59c66cf
[2025-06-18T12:54:35.886+0000] {train_deep_model_dag.py:25} INFO - 🟩 [stdout]:

[2025-06-18T12:54:35.887+0000] {train_deep_model_dag.py:27} WARNING - 🟨 [stderr]:
2025-06-18 12:54:35,859 - root - INFO - ✅ Data already exists, skip: genome-scores.csv
2025-06-18 12:54:35,860 - root - INFO - ✅ Data already exists, skip: genome-tags.csv
2025-06-18 12:54:35,861 - root - INFO - ✅ Data already exists, skip: links.csv
2025-06-18 12:54:35,863 - root - INFO - ✅ Data already exists, skip: movies.csv
2025-06-18 12:54:35,864 - root - INFO - ✅ Data already exists, skip: ratings.csv
2025-06-18 12:54:35,866 - root - INFO - ✅ Data already exists, skip: README.txt
2025-06-18 12:54:35,867 - root - INFO - ✅ Data already exists, skip: tags.csv
2025-06-18 12:54:35,867 - root - INFO - ✅ Raw Data created.

[2025-06-18T12:54:35.888+0000] {python.py:201} INFO - Done. Returned value was: None
[2025-06-18T12:54:35.897+0000] {taskinstance.py:1138} INFO - Marking task as SUCCESS. dag_id=deep_models_pipeline, task_id=import_raw_data, execution_date=20250618T125433, start_date=20250618T125435, end_date=20250618T125435
[2025-06-18T12:54:35.927+0000] {local_task_job_runner.py:234} INFO - Task exited with return code 0
[2025-06-18T12:54:35.949+0000] {taskinstance.py:3280} INFO - 1 downstream tasks scheduled from follow-on schedule check
