[2025-06-08T20:53:22.319+0000] {taskinstance.py:1956} INFO - Dependencies all met for dep_context=non-requeueable deps ti=<TaskInstance: deep_models_pipeline.import_raw_data manual__2025-06-08T20:53:21.918692+00:00 [queued]>
[2025-06-08T20:53:22.323+0000] {taskinstance.py:1956} INFO - Dependencies all met for dep_context=requeueable deps ti=<TaskInstance: deep_models_pipeline.import_raw_data manual__2025-06-08T20:53:21.918692+00:00 [queued]>
[2025-06-08T20:53:22.324+0000] {taskinstance.py:2170} INFO - Starting attempt 1 of 3
[2025-06-08T20:53:22.333+0000] {taskinstance.py:2191} INFO - Executing <Task(PythonOperator): import_raw_data> on 2025-06-08 20:53:21.918692+00:00
[2025-06-08T20:53:22.340+0000] {standard_task_runner.py:60} INFO - Started process 4511 to run task
[2025-06-08T20:53:22.341+0000] {standard_task_runner.py:87} INFO - Running: ['***', 'tasks', 'run', 'deep_models_pipeline', 'import_raw_data', 'manual__2025-06-08T20:53:21.918692+00:00', '--job-id', '3456', '--raw', '--subdir', 'DAGS_FOLDER/train_deep_model_dag.py', '--cfg-path', '/tmp/tmpmnkbj902']
[2025-06-08T20:53:22.343+0000] {standard_task_runner.py:88} INFO - Job 3456: Subtask import_raw_data
[2025-06-08T20:53:22.376+0000] {task_command.py:423} INFO - Running <TaskInstance: deep_models_pipeline.import_raw_data manual__2025-06-08T20:53:21.918692+00:00 [running]> on host 6b572a9ca403
[2025-06-08T20:53:22.429+0000] {taskinstance.py:2480} INFO - Exporting env vars: AIRFLOW_CTX_DAG_OWNER='***' AIRFLOW_CTX_DAG_ID='deep_models_pipeline' AIRFLOW_CTX_TASK_ID='import_raw_data' AIRFLOW_CTX_EXECUTION_DATE='2025-06-08T20:53:21.918692+00:00' AIRFLOW_CTX_TRY_NUMBER='1' AIRFLOW_CTX_DAG_RUN_ID='manual__2025-06-08T20:53:21.918692+00:00'
[2025-06-08T20:53:22.430+0000] {train_deep_model_dag.py:13} INFO - 🟦 Running command: python /opt/***/src/data/import_raw_data.py
[2025-06-08T20:53:22.617+0000] {train_deep_model_dag.py:20} INFO - 🟩 [stdout]:

[2025-06-08T20:53:22.618+0000] {train_deep_model_dag.py:22} WARNING - 🟨 [stderr]:
2025-06-08 20:53:22,598 - root - INFO - ✅ Datei bereits vorhanden, überspringe: genome-scores.csv
2025-06-08 20:53:22,599 - root - INFO - ✅ Datei bereits vorhanden, überspringe: genome-tags.csv
2025-06-08 20:53:22,600 - root - INFO - ✅ Datei bereits vorhanden, überspringe: links.csv
2025-06-08 20:53:22,601 - root - INFO - ✅ Datei bereits vorhanden, überspringe: movies.csv
2025-06-08 20:53:22,602 - root - INFO - ✅ Datei bereits vorhanden, überspringe: ratings.csv
2025-06-08 20:53:22,603 - root - INFO - ✅ Datei bereits vorhanden, überspringe: README.txt
2025-06-08 20:53:22,604 - root - INFO - ✅ Datei bereits vorhanden, überspringe: tags.csv
2025-06-08 20:53:22,604 - root - INFO - ✅ Rohdatenprüfung abgeschlossen.

[2025-06-08T20:53:22.619+0000] {python.py:201} INFO - Done. Returned value was: None
[2025-06-08T20:53:22.626+0000] {taskinstance.py:1138} INFO - Marking task as SUCCESS. dag_id=deep_models_pipeline, task_id=import_raw_data, execution_date=20250608T205321, start_date=20250608T205322, end_date=20250608T205322
[2025-06-08T20:53:22.675+0000] {local_task_job_runner.py:234} INFO - Task exited with return code 0
[2025-06-08T20:53:22.695+0000] {taskinstance.py:3280} INFO - 1 downstream tasks scheduled from follow-on schedule check
