[2025-06-02T04:25:22.985+0000] {taskinstance.py:1956} INFO - Dependencies all met for dep_context=non-requeueable deps ti=<TaskInstance: movie_recommendation_pipeline.cleanup_all manual__2025-06-02T04:24:55.733559+00:00 [queued]>
[2025-06-02T04:25:22.994+0000] {taskinstance.py:1956} INFO - Dependencies all met for dep_context=requeueable deps ti=<TaskInstance: movie_recommendation_pipeline.cleanup_all manual__2025-06-02T04:24:55.733559+00:00 [queued]>
[2025-06-02T04:25:22.994+0000] {taskinstance.py:2170} INFO - Starting attempt 1 of 3
[2025-06-02T04:25:23.003+0000] {taskinstance.py:2191} INFO - Executing <Task(PythonOperator): cleanup_all> on 2025-06-02 04:24:55.733559+00:00
[2025-06-02T04:25:23.010+0000] {standard_task_runner.py:60} INFO - Started process 303 to run task
[2025-06-02T04:25:23.011+0000] {standard_task_runner.py:87} INFO - Running: ['***', 'tasks', 'run', 'movie_recommendation_pipeline', 'cleanup_all', 'manual__2025-06-02T04:24:55.733559+00:00', '--job-id', '1467', '--raw', '--subdir', 'DAGS_FOLDER/mlops_movie_dag.py', '--cfg-path', '/tmp/tmp95mow4jd']
[2025-06-02T04:25:23.013+0000] {standard_task_runner.py:88} INFO - Job 1467: Subtask cleanup_all
[2025-06-02T04:25:23.043+0000] {task_command.py:423} INFO - Running <TaskInstance: movie_recommendation_pipeline.cleanup_all manual__2025-06-02T04:24:55.733559+00:00 [running]> on host e67dce26d45c
[2025-06-02T04:25:23.095+0000] {taskinstance.py:2480} INFO - Exporting env vars: AIRFLOW_CTX_DAG_OWNER='***' AIRFLOW_CTX_DAG_ID='movie_recommendation_pipeline' AIRFLOW_CTX_TASK_ID='cleanup_all' AIRFLOW_CTX_EXECUTION_DATE='2025-06-02T04:24:55.733559+00:00' AIRFLOW_CTX_TRY_NUMBER='1' AIRFLOW_CTX_DAG_RUN_ID='manual__2025-06-02T04:24:55.733559+00:00'
[2025-06-02T04:25:23.105+0000] {mlops_movie_dag.py:12} INFO - 🟦 Running command: dvc remove /opt/***/models/hybrid_model.pkl.dvc
[2025-06-02T04:25:23.673+0000] {mlops_movie_dag.py:19} INFO - 🟩 [stdout]:

[2025-06-02T04:25:23.674+0000] {mlops_movie_dag.py:21} WARNING - 🟨 [stderr]:
ERROR: '/opt/***/models/hybrid_model.pkl.dvc' does not exist

[2025-06-02T04:25:23.675+0000] {mlops_movie_dag.py:29} ERROR - ❌ Subprozess-Fehler (exit code 1): dvc remove /opt/***/models/hybrid_model.pkl.dvc
[2025-06-02T04:25:23.675+0000] {mlops_movie_dag.py:32} ERROR - ❌ Subprozess-Ausnahme: Command '['dvc', 'remove', '/opt/***/models/hybrid_model.pkl.dvc']' returned non-zero exit status 1.
[2025-06-02T04:25:23.675+0000] {mlops_movie_dag.py:69} WARNING - Ignoriere Fehler bei dvc remove für /opt/***/models/hybrid_model.pkl.dvc: Command '['dvc', 'remove', '/opt/***/models/hybrid_model.pkl.dvc']' returned non-zero exit status 1.
[2025-06-02T04:25:23.683+0000] {mlops_movie_dag.py:12} INFO - 🟦 Running command: dvc remove /opt/***/data/processed/hybrid_matrix.csv.dvc
[2025-06-02T04:25:24.058+0000] {mlops_movie_dag.py:19} INFO - 🟩 [stdout]:

[2025-06-02T04:25:24.059+0000] {mlops_movie_dag.py:21} WARNING - 🟨 [stderr]:
ERROR: '/opt/***/data/processed/hybrid_matrix.csv.dvc' does not exist

[2025-06-02T04:25:24.060+0000] {mlops_movie_dag.py:29} ERROR - ❌ Subprozess-Fehler (exit code 1): dvc remove /opt/***/data/processed/hybrid_matrix.csv.dvc
[2025-06-02T04:25:24.060+0000] {mlops_movie_dag.py:32} ERROR - ❌ Subprozess-Ausnahme: Command '['dvc', 'remove', '/opt/***/data/processed/hybrid_matrix.csv.dvc']' returned non-zero exit status 1.
[2025-06-02T04:25:24.061+0000] {mlops_movie_dag.py:69} WARNING - Ignoriere Fehler bei dvc remove für /opt/***/data/processed/hybrid_matrix.csv.dvc: Command '['dvc', 'remove', '/opt/***/data/processed/hybrid_matrix.csv.dvc']' returned non-zero exit status 1.
[2025-06-02T04:25:24.068+0000] {mlops_movie_dag.py:12} INFO - 🟦 Running command: dvc remove /opt/***/data/processed/hybrid_matrix_features.txt.dvc
[2025-06-02T04:25:24.566+0000] {mlops_movie_dag.py:19} INFO - 🟩 [stdout]:

[2025-06-02T04:25:24.567+0000] {mlops_movie_dag.py:21} WARNING - 🟨 [stderr]:
ERROR: '/opt/***/data/processed/hybrid_matrix_features.txt.dvc' does not exist

[2025-06-02T04:25:24.568+0000] {mlops_movie_dag.py:29} ERROR - ❌ Subprozess-Fehler (exit code 1): dvc remove /opt/***/data/processed/hybrid_matrix_features.txt.dvc
[2025-06-02T04:25:24.568+0000] {mlops_movie_dag.py:32} ERROR - ❌ Subprozess-Ausnahme: Command '['dvc', 'remove', '/opt/***/data/processed/hybrid_matrix_features.txt.dvc']' returned non-zero exit status 1.
[2025-06-02T04:25:24.568+0000] {mlops_movie_dag.py:69} WARNING - Ignoriere Fehler bei dvc remove für /opt/***/data/processed/hybrid_matrix_features.txt.dvc: Command '['dvc', 'remove', '/opt/***/data/processed/hybrid_matrix_features.txt.dvc']' returned non-zero exit status 1.
[2025-06-02T04:25:24.573+0000] {mlops_movie_dag.py:12} INFO - 🟦 Running command: dvc remove /opt/***/models/user_model.pkl.dvc
[2025-06-02T04:25:24.979+0000] {mlops_movie_dag.py:19} INFO - 🟩 [stdout]:

[2025-06-02T04:25:24.980+0000] {mlops_movie_dag.py:21} WARNING - 🟨 [stderr]:
ERROR: '/opt/***/models/user_model.pkl.dvc' does not exist

[2025-06-02T04:25:24.981+0000] {mlops_movie_dag.py:29} ERROR - ❌ Subprozess-Fehler (exit code 1): dvc remove /opt/***/models/user_model.pkl.dvc
[2025-06-02T04:25:24.981+0000] {mlops_movie_dag.py:32} ERROR - ❌ Subprozess-Ausnahme: Command '['dvc', 'remove', '/opt/***/models/user_model.pkl.dvc']' returned non-zero exit status 1.
[2025-06-02T04:25:24.981+0000] {mlops_movie_dag.py:69} WARNING - Ignoriere Fehler bei dvc remove für /opt/***/models/user_model.pkl.dvc: Command '['dvc', 'remove', '/opt/***/models/user_model.pkl.dvc']' returned non-zero exit status 1.
[2025-06-02T04:25:24.994+0000] {mlops_movie_dag.py:12} INFO - 🟦 Running command: dvc remove /opt/***/data/processed/user_matrix.csv.dvc
[2025-06-02T04:25:25.387+0000] {mlops_movie_dag.py:19} INFO - 🟩 [stdout]:

[2025-06-02T04:25:25.388+0000] {mlops_movie_dag.py:21} WARNING - 🟨 [stderr]:
ERROR: '/opt/***/data/processed/user_matrix.csv.dvc' does not exist

[2025-06-02T04:25:25.388+0000] {mlops_movie_dag.py:29} ERROR - ❌ Subprozess-Fehler (exit code 1): dvc remove /opt/***/data/processed/user_matrix.csv.dvc
[2025-06-02T04:25:25.389+0000] {mlops_movie_dag.py:32} ERROR - ❌ Subprozess-Ausnahme: Command '['dvc', 'remove', '/opt/***/data/processed/user_matrix.csv.dvc']' returned non-zero exit status 1.
[2025-06-02T04:25:25.389+0000] {mlops_movie_dag.py:69} WARNING - Ignoriere Fehler bei dvc remove für /opt/***/data/processed/user_matrix.csv.dvc: Command '['dvc', 'remove', '/opt/***/data/processed/user_matrix.csv.dvc']' returned non-zero exit status 1.
[2025-06-02T04:25:25.396+0000] {mlops_movie_dag.py:12} INFO - 🟦 Running command: dvc remove /opt/***/data/processed/user_matrix_features.txt.dvc
[2025-06-02T04:25:25.807+0000] {mlops_movie_dag.py:19} INFO - 🟩 [stdout]:

[2025-06-02T04:25:25.808+0000] {mlops_movie_dag.py:21} WARNING - 🟨 [stderr]:
ERROR: '/opt/***/data/processed/user_matrix_features.txt.dvc' does not exist

[2025-06-02T04:25:25.809+0000] {mlops_movie_dag.py:29} ERROR - ❌ Subprozess-Fehler (exit code 1): dvc remove /opt/***/data/processed/user_matrix_features.txt.dvc
[2025-06-02T04:25:25.809+0000] {mlops_movie_dag.py:32} ERROR - ❌ Subprozess-Ausnahme: Command '['dvc', 'remove', '/opt/***/data/processed/user_matrix_features.txt.dvc']' returned non-zero exit status 1.
[2025-06-02T04:25:25.810+0000] {mlops_movie_dag.py:69} WARNING - Ignoriere Fehler bei dvc remove für /opt/***/data/processed/user_matrix_features.txt.dvc: Command '['dvc', 'remove', '/opt/***/data/processed/user_matrix_features.txt.dvc']' returned non-zero exit status 1.
[2025-06-02T04:25:25.810+0000] {python.py:201} INFO - Done. Returned value was: None
[2025-06-02T04:25:25.819+0000] {taskinstance.py:1138} INFO - Marking task as SUCCESS. dag_id=movie_recommendation_pipeline, task_id=cleanup_all, execution_date=20250602T042455, start_date=20250602T042522, end_date=20250602T042525
[2025-06-02T04:25:25.834+0000] {local_task_job_runner.py:234} INFO - Task exited with return code 0
[2025-06-02T04:25:25.853+0000] {taskinstance.py:3280} INFO - 3 downstream tasks scheduled from follow-on schedule check
