[2025-06-18T12:41:20.174+0000] {taskinstance.py:1956} INFO - Dependencies all met for dep_context=non-requeueable deps ti=<TaskInstance: drift_monitoring_dag.generate_drift_report_extended manual__2025-06-18T12:41:02.039675+00:00 [queued]>
[2025-06-18T12:41:20.181+0000] {taskinstance.py:1956} INFO - Dependencies all met for dep_context=requeueable deps ti=<TaskInstance: drift_monitoring_dag.generate_drift_report_extended manual__2025-06-18T12:41:02.039675+00:00 [queued]>
[2025-06-18T12:41:20.182+0000] {taskinstance.py:2170} INFO - Starting attempt 1 of 2
[2025-06-18T12:41:20.195+0000] {taskinstance.py:2191} INFO - Executing <Task(PythonOperator): generate_drift_report_extended> on 2025-06-18 12:41:02.039675+00:00
[2025-06-18T12:41:20.202+0000] {standard_task_runner.py:60} INFO - Started process 1024 to run task
[2025-06-18T12:41:20.204+0000] {standard_task_runner.py:87} INFO - Running: ['***', 'tasks', 'run', 'drift_monitoring_dag', 'generate_drift_report_extended', 'manual__2025-06-18T12:41:02.039675+00:00', '--job-id', '595', '--raw', '--subdir', 'DAGS_FOLDER/drift_monitoring_dag.py', '--cfg-path', '/tmp/tmpxnpimvfz']
[2025-06-18T12:41:20.206+0000] {standard_task_runner.py:88} INFO - Job 595: Subtask generate_drift_report_extended
[2025-06-18T12:41:20.242+0000] {task_command.py:423} INFO - Running <TaskInstance: drift_monitoring_dag.generate_drift_report_extended manual__2025-06-18T12:41:02.039675+00:00 [running]> on host 2218a87e1a23
[2025-06-18T12:41:20.309+0000] {taskinstance.py:2480} INFO - Exporting env vars: AIRFLOW_CTX_DAG_OWNER='***' AIRFLOW_CTX_DAG_ID='drift_monitoring_dag' AIRFLOW_CTX_TASK_ID='generate_drift_report_extended' AIRFLOW_CTX_EXECUTION_DATE='2025-06-18T12:41:02.039675+00:00' AIRFLOW_CTX_TRY_NUMBER='1' AIRFLOW_CTX_DAG_RUN_ID='manual__2025-06-18T12:41:02.039675+00:00'
[2025-06-18T12:41:20.310+0000] {drift_monitoring_dag.py:63} INFO - 📊 generate ext. Drift-Report...
[2025-06-18T12:41:26.004+0000] {drift_monitoring_dag.py:70} INFO - ✅ Extended Report ready with code 0
[2025-06-18T12:41:26.005+0000] {drift_monitoring_dag.py:74} WARNING - [2025-06-18 12:41:22,993] INFO - ✨ Loading reference data from /opt/***/data/processed/hybrid_deep_embedding_best.csv
[2025-06-18 12:41:23,044] INFO - ✨ Loading current data from /opt/***/data/processed/hybrid_deep_embedding.csv
[2025-06-18 12:41:23,092] INFO - ✨ Loading metrics from /opt/***/data/monitoring/metrics_from_mlflow.csv
[2025-06-18 12:41:23,096] INFO - 📊 Generating Evidently report
[2025-06-18 12:41:25,010] INFO - ✅ Drift report saved to: /opt/***/reports/drift_report_extended.html
INFO:drift_report_extended:✅ Drift report saved to: /opt/***/reports/drift_report_extended.html
[2025-06-18 12:41:25,102] INFO - 📈 Precision@10 plottet
INFO:drift_report_extended:📈 Precision@10 plottet
[2025-06-18 12:41:25,172] INFO - 📈 Drift Score lottet
INFO:drift_report_extended:📈 Drift Score lottet
[2025-06-18 12:41:25,246] INFO - 📈 Latency plottet
INFO:drift_report_extended:📈 Latency plottet

[2025-06-18T12:41:26.005+0000] {python.py:201} INFO - Done. Returned value was: None
[2025-06-18T12:41:26.013+0000] {taskinstance.py:1138} INFO - Marking task as SUCCESS. dag_id=drift_monitoring_dag, task_id=generate_drift_report_extended, execution_date=20250618T124102, start_date=20250618T124120, end_date=20250618T124126
[2025-06-18T12:41:26.062+0000] {local_task_job_runner.py:234} INFO - Task exited with return code 0
[2025-06-18T12:41:26.076+0000] {taskinstance.py:3280} INFO - 0 downstream tasks scheduled from follow-on schedule check
