[2025-06-08T19:30:20.753+0000] {taskinstance.py:1956} INFO - Dependencies all met for dep_context=non-requeueable deps ti=<TaskInstance: deep_models_pipeline.train_deep_hybrid_model manual__2025-06-08T19:29:21.714237+00:00 [queued]>
[2025-06-08T19:30:20.760+0000] {taskinstance.py:1956} INFO - Dependencies all met for dep_context=requeueable deps ti=<TaskInstance: deep_models_pipeline.train_deep_hybrid_model manual__2025-06-08T19:29:21.714237+00:00 [queued]>
[2025-06-08T19:30:20.760+0000] {taskinstance.py:2170} INFO - Starting attempt 1 of 3
[2025-06-08T19:30:20.771+0000] {taskinstance.py:2191} INFO - Executing <Task(PythonOperator): train_deep_hybrid_model> on 2025-06-08 19:29:21.714237+00:00
[2025-06-08T19:30:20.777+0000] {standard_task_runner.py:60} INFO - Started process 381 to run task
[2025-06-08T19:30:20.779+0000] {standard_task_runner.py:87} INFO - Running: ['***', 'tasks', 'run', 'deep_models_pipeline', 'train_deep_hybrid_model', 'manual__2025-06-08T19:29:21.714237+00:00', '--job-id', '3380', '--raw', '--subdir', 'DAGS_FOLDER/train_deep_model_dag.py', '--cfg-path', '/tmp/tmpd2jj9nz9']
[2025-06-08T19:30:20.780+0000] {standard_task_runner.py:88} INFO - Job 3380: Subtask train_deep_hybrid_model
[2025-06-08T19:30:20.814+0000] {task_command.py:423} INFO - Running <TaskInstance: deep_models_pipeline.train_deep_hybrid_model manual__2025-06-08T19:29:21.714237+00:00 [running]> on host dbf42b316bce
[2025-06-08T19:30:20.877+0000] {taskinstance.py:2480} INFO - Exporting env vars: AIRFLOW_CTX_DAG_OWNER='***' AIRFLOW_CTX_DAG_ID='deep_models_pipeline' AIRFLOW_CTX_TASK_ID='train_deep_hybrid_model' AIRFLOW_CTX_EXECUTION_DATE='2025-06-08T19:29:21.714237+00:00' AIRFLOW_CTX_TRY_NUMBER='1' AIRFLOW_CTX_DAG_RUN_ID='manual__2025-06-08T19:29:21.714237+00:00'
[2025-06-08T19:30:20.878+0000] {train_deep_model_dag.py:13} INFO - 🟦 Running command: python /opt/***/src/models/train_hybrid_deep_model.py --n_neighbors=15 --latent_dim=32 --epochs=30 --tfidf_features=300
[2025-06-08T19:31:19.640+0000] {train_deep_model_dag.py:20} INFO - 🟩 [stdout]:
🏃 View run train_hybrid_deep_model at: https://dagshub.com/sacer11/MLOps_movie_rec_apr25.mlflow/#/experiments/10/runs/acef71845fe944b084141f7c5f1dc0bc
🧪 View experiment at: https://dagshub.com/sacer11/MLOps_movie_rec_apr25.mlflow/#/experiments/10

[2025-06-08T19:31:19.641+0000] {train_deep_model_dag.py:22} WARNING - 🟨 [stderr]:
2025-06-08 19:30:24,486 - __main__ - INFO - 📥 Lade Rohdaten und baue Hybrid-Feature-Matrix ...
2025-06-08 19:30:29,732 - __main__ - INFO - 📐 Hybrid-Matrix erstellt mit Shape: (10381, 1429), Feature-Namen: 1429
2025-06-08 19:30:39,600 - __main__ - INFO - 💾 Hybrid-Matrix gespeichert unter /opt/***/data/processed/hybrid_matrix.csv
2025-06-08 19:30:39,685 - __main__ - INFO - 🚀 Starte Training Autoencoder ...
2025-06-08 19:30:40,488 - __main__ - INFO - Epoch 1/30: Loss = 0.0123
2025-06-08 19:30:40,772 - __main__ - INFO - Epoch 2/30: Loss = 0.0072
2025-06-08 19:30:41,024 - __main__ - INFO - Epoch 3/30: Loss = 0.0062
2025-06-08 19:30:41,282 - __main__ - INFO - Epoch 4/30: Loss = 0.0057
2025-06-08 19:30:41,547 - __main__ - INFO - Epoch 5/30: Loss = 0.0055
2025-06-08 19:30:41,821 - __main__ - INFO - Epoch 6/30: Loss = 0.0053
2025-06-08 19:30:42,070 - __main__ - INFO - Epoch 7/30: Loss = 0.0052
2025-06-08 19:30:42,372 - __main__ - INFO - Epoch 8/30: Loss = 0.0051
2025-06-08 19:30:42,620 - __main__ - INFO - Epoch 9/30: Loss = 0.0050
2025-06-08 19:30:42,859 - __main__ - INFO - Epoch 10/30: Loss = 0.0049
2025-06-08 19:30:43,146 - __main__ - INFO - Epoch 11/30: Loss = 0.0049
2025-06-08 19:30:43,409 - __main__ - INFO - Epoch 12/30: Loss = 0.0048
2025-06-08 19:30:43,660 - __main__ - INFO - Epoch 13/30: Loss = 0.0048
2025-06-08 19:30:43,938 - __main__ - INFO - Epoch 14/30: Loss = 0.0047
2025-06-08 19:30:44,166 - __main__ - INFO - Epoch 15/30: Loss = 0.0047
2025-06-08 19:30:44,404 - __main__ - INFO - Epoch 16/30: Loss = 0.0046
2025-06-08 19:30:44,651 - __main__ - INFO - Epoch 17/30: Loss = 0.0046
2025-06-08 19:30:44,897 - __main__ - INFO - Epoch 18/30: Loss = 0.0046
2025-06-08 19:30:45,132 - __main__ - INFO - Epoch 19/30: Loss = 0.0046
2025-06-08 19:30:45,344 - __main__ - INFO - Epoch 20/30: Loss = 0.0045
2025-06-08 19:30:45,570 - __main__ - INFO - Epoch 21/30: Loss = 0.0045
2025-06-08 19:30:45,852 - __main__ - INFO - Epoch 22/30: Loss = 0.0045
2025-06-08 19:30:46,112 - __main__ - INFO - Epoch 23/30: Loss = 0.0045
2025-06-08 19:30:46,350 - __main__ - INFO - Epoch 24/30: Loss = 0.0044
2025-06-08 19:30:46,587 - __main__ - INFO - Epoch 25/30: Loss = 0.0044
2025-06-08 19:30:46,838 - __main__ - INFO - Epoch 26/30: Loss = 0.0044
2025-06-08 19:30:47,125 - __main__ - INFO - Epoch 27/30: Loss = 0.0044
2025-06-08 19:30:47,427 - __main__ - INFO - Epoch 28/30: Loss = 0.0044
2025-06-08 19:30:47,748 - __main__ - INFO - Epoch 29/30: Loss = 0.0044
2025-06-08 19:30:48,039 - __main__ - INFO - Epoch 30/30: Loss = 0.0044
2025-06-08 19:30:48,292 - __main__ - INFO - ✅ Hybrid-Embeddings gespeichert unter /opt/***/data/processed/hybrid_deep_embedding.csv
2025-06-08 19:30:48,292 - __main__ - INFO - ✅ Hybrid-Embeddings gespeichert unter /opt/***/data/processed/hybrid_deep_embedding.csv
2025-06-08 19:30:48,303 - __main__ - INFO - ✅ Deep KNN Modell gespeichert unter /opt/***/models/hybrid_deep_knn.pkl
2025/06/08 19:30:53 INFO mlflow.pyfunc: Validating input example against model signature

Downloading artifacts:   0%|          | 0/1 [00:00<?, ?it/s]
Downloading artifacts: 100%|██████████| 1/1 [00:00<00:00, 73.90it/s]
Downloading artifacts: 100%|██████████| 1/1 [00:00<00:00, 72.61it/s]
Registered model 'hybrid_deep_model' already exists. Creating a new version of this model...
2025/06/08 19:31:03 INFO mlflow.store.model_registry.abstract_store: Waiting up to 300 seconds for model version to finish creation. Model name: hybrid_deep_model, version 38
Created version '38' of model 'hybrid_deep_model'.
2025-06-08 19:31:16,604 - __main__ - INFO - 📝 Tags für Modellversion 38 gesetzt: n_neighbors=15, latent_dim=32, tfidf_features=300, epochs=30
2025-06-08 19:31:18,602 - __main__ - INFO - 🏁 Deep Hybrid-Model Training abgeschlossen und geloggt.

[2025-06-08T19:31:19.641+0000] {python.py:201} INFO - Done. Returned value was: None
[2025-06-08T19:31:19.650+0000] {taskinstance.py:1138} INFO - Marking task as SUCCESS. dag_id=deep_models_pipeline, task_id=train_deep_hybrid_model, execution_date=20250608T192921, start_date=20250608T193020, end_date=20250608T193119
[2025-06-08T19:31:19.676+0000] {local_task_job_runner.py:234} INFO - Task exited with return code 0
[2025-06-08T19:31:19.698+0000] {taskinstance.py:3280} INFO - 1 downstream tasks scheduled from follow-on schedule check
