[2025-06-02T06:13:19.359+0000] {taskinstance.py:1956} INFO - Dependencies all met for dep_context=non-requeueable deps ti=<TaskInstance: movie_recommendation_pipeline.dvc_add_and_push_all manual__2025-06-02T06:09:18.136269+00:00 [queued]>
[2025-06-02T06:13:19.367+0000] {taskinstance.py:1956} INFO - Dependencies all met for dep_context=requeueable deps ti=<TaskInstance: movie_recommendation_pipeline.dvc_add_and_push_all manual__2025-06-02T06:09:18.136269+00:00 [queued]>
[2025-06-02T06:13:19.367+0000] {taskinstance.py:2170} INFO - Starting attempt 1 of 3
[2025-06-02T06:13:19.377+0000] {taskinstance.py:2191} INFO - Executing <Task(PythonOperator): dvc_add_and_push_all> on 2025-06-02 06:09:18.136269+00:00
[2025-06-02T06:13:19.384+0000] {standard_task_runner.py:60} INFO - Started process 889 to run task
[2025-06-02T06:13:19.386+0000] {standard_task_runner.py:87} INFO - Running: ['***', 'tasks', 'run', 'movie_recommendation_pipeline', 'dvc_add_and_push_all', 'manual__2025-06-02T06:09:18.136269+00:00', '--job-id', '1548', '--raw', '--subdir', 'DAGS_FOLDER/mlops_movie_dag.py', '--cfg-path', '/tmp/tmp1oefkmk4']
[2025-06-02T06:13:19.387+0000] {standard_task_runner.py:88} INFO - Job 1548: Subtask dvc_add_and_push_all
[2025-06-02T06:13:19.418+0000] {task_command.py:423} INFO - Running <TaskInstance: movie_recommendation_pipeline.dvc_add_and_push_all manual__2025-06-02T06:09:18.136269+00:00 [running]> on host 3b111735b1ac
[2025-06-02T06:13:19.470+0000] {taskinstance.py:2480} INFO - Exporting env vars: AIRFLOW_CTX_DAG_OWNER='***' AIRFLOW_CTX_DAG_ID='movie_recommendation_pipeline' AIRFLOW_CTX_TASK_ID='dvc_add_and_push_all' AIRFLOW_CTX_EXECUTION_DATE='2025-06-02T06:09:18.136269+00:00' AIRFLOW_CTX_TRY_NUMBER='1' AIRFLOW_CTX_DAG_RUN_ID='manual__2025-06-02T06:09:18.136269+00:00'
[2025-06-02T06:13:19.472+0000] {mlops_movie_dag.py:12} INFO - 🟦 Running command: git config --global --add safe.directory /opt/***
[2025-06-02T06:13:19.480+0000] {mlops_movie_dag.py:19} INFO - 🟩 [stdout]:

[2025-06-02T06:13:19.480+0000] {mlops_movie_dag.py:12} INFO - 🟦 Running command: git config --global user.email ***@mlops.local
[2025-06-02T06:13:19.493+0000] {mlops_movie_dag.py:19} INFO - 🟩 [stdout]:

[2025-06-02T06:13:19.493+0000] {mlops_movie_dag.py:12} INFO - 🟦 Running command: git config --global user.name Airflow
[2025-06-02T06:13:19.505+0000] {mlops_movie_dag.py:19} INFO - 🟩 [stdout]:

[2025-06-02T06:13:19.505+0000] {mlops_movie_dag.py:12} INFO - 🟦 Running command: dvc add /opt/***/models/hybrid_model.pkl
[2025-06-02T06:13:33.254+0000] {mlops_movie_dag.py:19} INFO - 🟩 [stdout]:

To track the changes with git, run:

	git add models/hybrid_model.pkl.dvc

To enable auto staging, run:

	dvc config core.autostage true

[2025-06-02T06:13:33.255+0000] {mlops_movie_dag.py:12} INFO - 🟦 Running command: dvc add /opt/***/data/processed/hybrid_matrix.csv
[2025-06-02T06:13:49.393+0000] {mlops_movie_dag.py:19} INFO - 🟩 [stdout]:

To track the changes with git, run:

	git add data/processed/hybrid_matrix.csv.dvc

To enable auto staging, run:

	dvc config core.autostage true

[2025-06-02T06:13:49.394+0000] {mlops_movie_dag.py:12} INFO - 🟦 Running command: dvc add /opt/***/data/processed/hybrid_matrix_features.txt
[2025-06-02T06:13:59.444+0000] {mlops_movie_dag.py:19} INFO - 🟩 [stdout]:

To track the changes with git, run:

	git add data/processed/hybrid_matrix_features.txt.dvc

To enable auto staging, run:

	dvc config core.autostage true

[2025-06-02T06:13:59.445+0000] {mlops_movie_dag.py:12} INFO - 🟦 Running command: dvc add /opt/***/models/user_model.pkl
[2025-06-02T06:14:10.088+0000] {mlops_movie_dag.py:19} INFO - 🟩 [stdout]:

To track the changes with git, run:

	git add models/user_model.pkl.dvc

To enable auto staging, run:

	dvc config core.autostage true

[2025-06-02T06:14:10.089+0000] {mlops_movie_dag.py:12} INFO - 🟦 Running command: dvc add /opt/***/data/processed/user_matrix.csv
[2025-06-02T06:14:20.922+0000] {mlops_movie_dag.py:19} INFO - 🟩 [stdout]:

To track the changes with git, run:

	git add data/processed/user_matrix.csv.dvc

To enable auto staging, run:

	dvc config core.autostage true

[2025-06-02T06:14:20.923+0000] {mlops_movie_dag.py:12} INFO - 🟦 Running command: dvc add /opt/***/data/processed/user_matrix_features.txt
[2025-06-02T06:14:30.620+0000] {mlops_movie_dag.py:19} INFO - 🟩 [stdout]:

To track the changes with git, run:

	git add data/processed/user_matrix_features.txt.dvc

To enable auto staging, run:

	dvc config core.autostage true

[2025-06-02T06:14:30.621+0000] {mlops_movie_dag.py:12} INFO - 🟦 Running command: git add /opt/***/models/hybrid_model.pkl.dvc /opt/***/data/processed/hybrid_matrix.csv.dvc /opt/***/data/processed/hybrid_matrix_features.txt.dvc /opt/***/models/user_model.pkl.dvc /opt/***/data/processed/user_matrix.csv.dvc /opt/***/data/processed/user_matrix_features.txt.dvc
[2025-06-02T06:14:30.735+0000] {mlops_movie_dag.py:19} INFO - 🟩 [stdout]:

[2025-06-02T06:14:30.813+0000] {mlops_movie_dag.py:95} INFO - ✅ Nichts zu committen (Skip git commit)
[2025-06-02T06:14:30.814+0000] {mlops_movie_dag.py:12} INFO - 🟦 Running command: dvc push
[2025-06-02T06:14:40.691+0000] {mlops_movie_dag.py:19} INFO - 🟩 [stdout]:
Everything is up to date.

[2025-06-02T06:14:40.692+0000] {python.py:201} INFO - Done. Returned value was: None
[2025-06-02T06:14:40.701+0000] {taskinstance.py:1138} INFO - Marking task as SUCCESS. dag_id=movie_recommendation_pipeline, task_id=dvc_add_and_push_all, execution_date=20250602T060918, start_date=20250602T061319, end_date=20250602T061440
[2025-06-02T06:14:40.744+0000] {local_task_job_runner.py:234} INFO - Task exited with return code 0
[2025-06-02T06:14:40.763+0000] {taskinstance.py:3280} INFO - 1 downstream tasks scheduled from follow-on schedule check
