[2025-06-07T22:12:48.515+0000] {taskinstance.py:1956} INFO - Dependencies all met for dep_context=non-requeueable deps ti=<TaskInstance: deep_models_pipeline.import_raw_data manual__2025-06-07T22:12:48.218794+00:00 [queued]>
[2025-06-07T22:12:48.522+0000] {taskinstance.py:1956} INFO - Dependencies all met for dep_context=requeueable deps ti=<TaskInstance: deep_models_pipeline.import_raw_data manual__2025-06-07T22:12:48.218794+00:00 [queued]>
[2025-06-07T22:12:48.523+0000] {taskinstance.py:2170} INFO - Starting attempt 1 of 3
[2025-06-07T22:12:48.534+0000] {taskinstance.py:2191} INFO - Executing <Task(PythonOperator): import_raw_data> on 2025-06-07 22:12:48.218794+00:00
[2025-06-07T22:12:48.542+0000] {standard_task_runner.py:60} INFO - Started process 1841 to run task
[2025-06-07T22:12:48.544+0000] {standard_task_runner.py:87} INFO - Running: ['***', 'tasks', 'run', 'deep_models_pipeline', 'import_raw_data', 'manual__2025-06-07T22:12:48.218794+00:00', '--job-id', '2761', '--raw', '--subdir', 'DAGS_FOLDER/train_deep_model_dag.py', '--cfg-path', '/tmp/tmpqbhv67s1']
[2025-06-07T22:12:48.545+0000] {standard_task_runner.py:88} INFO - Job 2761: Subtask import_raw_data
[2025-06-07T22:12:48.585+0000] {task_command.py:423} INFO - Running <TaskInstance: deep_models_pipeline.import_raw_data manual__2025-06-07T22:12:48.218794+00:00 [running]> on host e4801a74e885
[2025-06-07T22:12:48.659+0000] {taskinstance.py:2480} INFO - Exporting env vars: AIRFLOW_CTX_DAG_OWNER='***' AIRFLOW_CTX_DAG_ID='deep_models_pipeline' AIRFLOW_CTX_TASK_ID='import_raw_data' AIRFLOW_CTX_EXECUTION_DATE='2025-06-07T22:12:48.218794+00:00' AIRFLOW_CTX_TRY_NUMBER='1' AIRFLOW_CTX_DAG_RUN_ID='manual__2025-06-07T22:12:48.218794+00:00'
[2025-06-07T22:12:48.660+0000] {train_deep_model_dag.py:13} INFO - 🟦 Running command: python /opt/***/src/data/import_raw_data.py
[2025-06-07T22:12:48.883+0000] {train_deep_model_dag.py:20} INFO - 🟩 [stdout]:

[2025-06-07T22:12:48.884+0000] {train_deep_model_dag.py:22} WARNING - 🟨 [stderr]:
2025-06-07 22:12:48,864 - root - INFO - ✅ Datei bereits vorhanden, überspringe: genome-scores.csv
2025-06-07 22:12:48,865 - root - INFO - ✅ Datei bereits vorhanden, überspringe: genome-tags.csv
2025-06-07 22:12:48,866 - root - INFO - ✅ Datei bereits vorhanden, überspringe: links.csv
2025-06-07 22:12:48,867 - root - INFO - ✅ Datei bereits vorhanden, überspringe: movies.csv
2025-06-07 22:12:48,868 - root - INFO - ✅ Datei bereits vorhanden, überspringe: ratings.csv
2025-06-07 22:12:48,869 - root - INFO - ✅ Datei bereits vorhanden, überspringe: README.txt
2025-06-07 22:12:48,870 - root - INFO - ✅ Datei bereits vorhanden, überspringe: tags.csv
2025-06-07 22:12:48,870 - root - INFO - ✅ Rohdatenprüfung abgeschlossen.

[2025-06-07T22:12:48.884+0000] {python.py:201} INFO - Done. Returned value was: None
[2025-06-07T22:12:48.892+0000] {taskinstance.py:1138} INFO - Marking task as SUCCESS. dag_id=deep_models_pipeline, task_id=import_raw_data, execution_date=20250607T221248, start_date=20250607T221248, end_date=20250607T221248
[2025-06-07T22:12:48.917+0000] {local_task_job_runner.py:234} INFO - Task exited with return code 0
[2025-06-07T22:12:48.936+0000] {taskinstance.py:3280} INFO - 1 downstream tasks scheduled from follow-on schedule check
