[2025-06-07T01:42:51.467+0000] {taskinstance.py:1956} INFO - Dependencies all met for dep_context=non-requeueable deps ti=<TaskInstance: deep_models_pipeline.predict_best_model manual__2025-06-07T01:41:12.143069+00:00 [queued]>
[2025-06-07T01:42:51.478+0000] {taskinstance.py:1956} INFO - Dependencies all met for dep_context=requeueable deps ti=<TaskInstance: deep_models_pipeline.predict_best_model manual__2025-06-07T01:41:12.143069+00:00 [queued]>
[2025-06-07T01:42:51.479+0000] {taskinstance.py:2170} INFO - Starting attempt 1 of 3
[2025-06-07T01:42:51.494+0000] {taskinstance.py:2191} INFO - Executing <Task(PythonOperator): predict_best_model> on 2025-06-07 01:41:12.143069+00:00
[2025-06-07T01:42:51.503+0000] {standard_task_runner.py:60} INFO - Started process 618 to run task
[2025-06-07T01:42:51.506+0000] {standard_task_runner.py:87} INFO - Running: ['***', 'tasks', 'run', 'deep_models_pipeline', 'predict_best_model', 'manual__2025-06-07T01:41:12.143069+00:00', '--job-id', '2347', '--raw', '--subdir', 'DAGS_FOLDER/train_deep_model_dag.py', '--cfg-path', '/tmp/tmprfcqinds']
[2025-06-07T01:42:51.508+0000] {standard_task_runner.py:88} INFO - Job 2347: Subtask predict_best_model
[2025-06-07T01:42:51.566+0000] {task_command.py:423} INFO - Running <TaskInstance: deep_models_pipeline.predict_best_model manual__2025-06-07T01:41:12.143069+00:00 [running]> on host dee92465d5b1
[2025-06-07T01:42:51.648+0000] {taskinstance.py:2480} INFO - Exporting env vars: AIRFLOW_CTX_DAG_OWNER='***' AIRFLOW_CTX_DAG_ID='deep_models_pipeline' AIRFLOW_CTX_TASK_ID='predict_best_model' AIRFLOW_CTX_EXECUTION_DATE='2025-06-07T01:41:12.143069+00:00' AIRFLOW_CTX_TRY_NUMBER='1' AIRFLOW_CTX_DAG_RUN_ID='manual__2025-06-07T01:41:12.143069+00:00'
[2025-06-07T01:42:51.649+0000] {train_deep_model_dag.py:13} INFO - 🟦 Running command: python /opt/***/src/models/predict_best_model.py
[2025-06-07T01:43:15.883+0000] {train_deep_model_dag.py:20} INFO - 🟩 [stdout]:
🏃 View run predict_best_model_hybrid_deep at: https://dagshub.com/sacer11/MLOps_movie_rec_apr25.mlflow/#/experiments/11/runs/6901f1cd6d084d83b3d08c341f89df8f
🧪 View experiment at: https://dagshub.com/sacer11/MLOps_movie_rec_apr25.mlflow/#/experiments/11

[2025-06-07T01:43:15.884+0000] {train_deep_model_dag.py:22} WARNING - 🟨 [stderr]:
2025-06-07 01:42:53,561 - INFO - 🚀 Starte Prediction für hybrid_deep_model über MLflow Registry
2025-06-07 01:42:53,561 - INFO - 📦 Lade Modell: models:/hybrid_deep_model@best_model

Downloading artifacts:   0%|          | 0/8 [00:00<?, ?it/s]
Downloading artifacts:  12%|█▎        | 1/8 [00:00<00:00, 14315.03it/s]
Downloading artifacts:  25%|██▌       | 2/8 [00:00<00:02,  2.12it/s]   
Downloading artifacts:  25%|██▌       | 2/8 [00:00<00:02,  2.12it/s]
Downloading artifacts:  38%|███▊      | 3/8 [00:01<00:03,  1.46it/s]
Downloading artifacts:  38%|███▊      | 3/8 [00:01<00:03,  1.46it/s]
Downloading artifacts:  50%|█████     | 4/8 [00:02<00:03,  1.25it/s]
Downloading artifacts:  50%|█████     | 4/8 [00:02<00:03,  1.25it/s]
Downloading artifacts:  62%|██████▎   | 5/8 [00:04<00:03,  1.07s/it]
Downloading artifacts:  62%|██████▎   | 5/8 [00:04<00:03,  1.07s/it]
Downloading artifacts:  75%|███████▌  | 6/8 [00:05<00:02,  1.08s/it]
Downloading artifacts:  75%|███████▌  | 6/8 [00:05<00:02,  1.08s/it]
Downloading artifacts:  88%|████████▊ | 7/8 [00:05<00:00,  1.19it/s]
Downloading artifacts:  88%|████████▊ | 7/8 [00:05<00:00,  1.19it/s]
Downloading artifacts: 100%|██████████| 8/8 [00:06<00:00,  1.12it/s]
Downloading artifacts: 100%|██████████| 8/8 [00:06<00:00,  1.12it/s]
Downloading artifacts: 100%|██████████| 8/8 [00:06<00:00,  1.15it/s]
2025-06-07 01:43:06,491 - INFO - 📥 Embedding geladen: /opt/***/data/processed/hybrid_deep_embedding.csv – Shape: (10381, 32)
2025-06-07 01:43:06,666 - INFO - 💾 Vorhersagen gespeichert unter: /opt/***/data/processed/predictions_hybrid_deep_model.csv
2025-06-07 01:43:15,434 - INFO - ✅ Predictions erfolgreich in MLflow geloggt

[2025-06-07T01:43:15.885+0000] {python.py:201} INFO - Done. Returned value was: None
[2025-06-07T01:43:15.895+0000] {taskinstance.py:1138} INFO - Marking task as SUCCESS. dag_id=deep_models_pipeline, task_id=predict_best_model, execution_date=20250607T014112, start_date=20250607T014251, end_date=20250607T014315
[2025-06-07T01:43:15.919+0000] {local_task_job_runner.py:234} INFO - Task exited with return code 0
[2025-06-07T01:43:15.935+0000] {taskinstance.py:3280} INFO - 0 downstream tasks scheduled from follow-on schedule check
