[2025-06-12T22:06:54.154+0000] {taskinstance.py:1956} INFO - Dependencies all met for dep_context=non-requeueable deps ti=<TaskInstance: deep_models_pipeline.predict_best_model manual__2025-06-12T22:04:49.868862+00:00 [queued]>
[2025-06-12T22:06:54.161+0000] {taskinstance.py:1956} INFO - Dependencies all met for dep_context=requeueable deps ti=<TaskInstance: deep_models_pipeline.predict_best_model manual__2025-06-12T22:04:49.868862+00:00 [queued]>
[2025-06-12T22:06:54.161+0000] {taskinstance.py:2170} INFO - Starting attempt 1 of 3
[2025-06-12T22:06:54.171+0000] {taskinstance.py:2191} INFO - Executing <Task(PythonOperator): predict_best_model> on 2025-06-12 22:04:49.868862+00:00
[2025-06-12T22:06:54.177+0000] {standard_task_runner.py:60} INFO - Started process 681 to run task
[2025-06-12T22:06:54.179+0000] {standard_task_runner.py:87} INFO - Running: ['***', 'tasks', 'run', 'deep_models_pipeline', 'predict_best_model', 'manual__2025-06-12T22:04:49.868862+00:00', '--job-id', '121', '--raw', '--subdir', 'DAGS_FOLDER/train_deep_model_dag.py', '--cfg-path', '/tmp/tmpvpj_mkzg']
[2025-06-12T22:06:54.180+0000] {standard_task_runner.py:88} INFO - Job 121: Subtask predict_best_model
[2025-06-12T22:06:54.214+0000] {task_command.py:423} INFO - Running <TaskInstance: deep_models_pipeline.predict_best_model manual__2025-06-12T22:04:49.868862+00:00 [running]> on host 1b5a75728537
[2025-06-12T22:06:54.267+0000] {taskinstance.py:2480} INFO - Exporting env vars: AIRFLOW_CTX_DAG_OWNER='***' AIRFLOW_CTX_DAG_ID='deep_models_pipeline' AIRFLOW_CTX_TASK_ID='predict_best_model' AIRFLOW_CTX_EXECUTION_DATE='2025-06-12T22:04:49.868862+00:00' AIRFLOW_CTX_TRY_NUMBER='1' AIRFLOW_CTX_DAG_RUN_ID='manual__2025-06-12T22:04:49.868862+00:00'
[2025-06-12T22:06:54.268+0000] {train_deep_model_dag.py:13} INFO - 🟦 Running command: python /opt/***/src/models/predict_best_model.py
[2025-06-12T22:07:16.519+0000] {train_deep_model_dag.py:20} INFO - 🟩 [stdout]:
   user_id                                    recommendations
0        1  [0, 4331, 2064, 2769, 5445, 7994, 8885, 2009, ...
1        2  [1, 1790, 4946, 7811, 1591, 7600, 1783, 301, 9...
2        3  [2, 407, 1886, 390, 4, 1584, 2114, 2179, 1258,...
3        4  [3, 4651, 1889, 45, 1379, 1571, 1627, 205, 120...
4        5  [4, 5834, 1216, 2, 1886, 4142, 5883, 1497, 467...

[2025-06-12T22:07:16.520+0000] {train_deep_model_dag.py:22} WARNING - 🟨 [stderr]:
2025-06-12 22:06:56,174 - INFO - 🚀 Starte Prediction für hybrid_deep_model über MLflow Registry

Downloading artifacts:   0%|          | 0/8 [00:00<?, ?it/s]
Downloading artifacts:  12%|█▎        | 1/8 [00:00<00:00, 14463.12it/s]
Downloading artifacts:  25%|██▌       | 2/8 [00:00<00:02,  2.16it/s]   
Downloading artifacts:  25%|██▌       | 2/8 [00:00<00:02,  2.16it/s]
Downloading artifacts:  38%|███▊      | 3/8 [00:01<00:03,  1.46it/s]
Downloading artifacts:  38%|███▊      | 3/8 [00:01<00:03,  1.46it/s]
Downloading artifacts:  50%|█████     | 4/8 [00:03<00:03,  1.13it/s]
Downloading artifacts:  50%|█████     | 4/8 [00:03<00:03,  1.13it/s]
Downloading artifacts:  62%|██████▎   | 5/8 [00:04<00:02,  1.04it/s]
Downloading artifacts:  62%|██████▎   | 5/8 [00:04<00:02,  1.04it/s]
Downloading artifacts:  75%|███████▌  | 6/8 [00:04<00:01,  1.14it/s]
Downloading artifacts:  75%|███████▌  | 6/8 [00:04<00:01,  1.14it/s]
Downloading artifacts:  88%|████████▊ | 7/8 [00:05<00:00,  1.09it/s]
Downloading artifacts:  88%|████████▊ | 7/8 [00:05<00:00,  1.09it/s]
Downloading artifacts: 100%|██████████| 8/8 [00:06<00:00,  1.06it/s]
Downloading artifacts: 100%|██████████| 8/8 [00:06<00:00,  1.06it/s]
Downloading artifacts: 100%|██████████| 8/8 [00:06<00:00,  1.15it/s]

Downloading artifacts:   0%|          | 0/1 [00:00<?, ?it/s]
Downloading artifacts: 100%|██████████| 1/1 [00:01<00:00,  1.28s/it]
Downloading artifacts: 100%|██████████| 1/1 [00:01<00:00,  1.28s/it]
Downloading artifacts: 100%|██████████| 1/1 [00:01<00:00,  1.28s/it]
2025-06-12 22:07:13,240 - INFO - 📥 Embedding geladen (direkt aus Registry): Shape: (10381, 32)

Downloading artifacts:   0%|          | 0/1 [00:00<?, ?it/s]
Downloading artifacts: 100%|██████████| 1/1 [00:01<00:00,  1.03s/it]
Downloading artifacts: 100%|██████████| 1/1 [00:01<00:00,  1.03s/it]
Downloading artifacts: 100%|██████████| 1/1 [00:01<00:00,  1.03s/it]
2025-06-12 22:07:15,972 - INFO - 📄 Konfiguration geladen aus Registry:
2025-06-12 22:07:15,972 - INFO -  - n_neighbors: 12
2025-06-12 22:07:15,972 - INFO -  - latent_dim: 32
2025-06-12 22:07:15,972 - INFO -  - hidden_dim: 256
2025-06-12 22:07:15,972 - INFO -  - tfidf_features: 300
2025-06-12 22:07:15,972 - INFO -  - epochs: 30
2025-06-12 22:07:15,972 - INFO -  - lr: 0.001
2025-06-12 22:07:15,972 - INFO -  - batch_size: 128
2025-06-12 22:07:15,973 - INFO -  - metric: cosine
2025-06-12 22:07:15,973 - INFO -  - content_weight: 0.05
2025-06-12 22:07:15,973 - INFO -  - collab_weight: 0.95
2025-06-12 22:07:15,973 - INFO -  - power_factor: 1.0
2025-06-12 22:07:15,973 - INFO -  - drop_threshold: 0.1
2025-06-12 22:07:16,044 - INFO - ✅ Prediction erfolgreich – keine Speicherung auf Disk, nur im RAM.

[2025-06-12T22:07:16.521+0000] {python.py:201} INFO - Done. Returned value was: None
[2025-06-12T22:07:16.528+0000] {taskinstance.py:1138} INFO - Marking task as SUCCESS. dag_id=deep_models_pipeline, task_id=predict_best_model, execution_date=20250612T220449, start_date=20250612T220654, end_date=20250612T220716
[2025-06-12T22:07:16.576+0000] {local_task_job_runner.py:234} INFO - Task exited with return code 0
[2025-06-12T22:07:16.589+0000] {taskinstance.py:3280} INFO - 0 downstream tasks scheduled from follow-on schedule check
