[2025-05-31T22:57:05.488+0000] {taskinstance.py:1956} INFO - Dependencies all met for dep_context=non-requeueable deps ti=<TaskInstance: movie_recommendation_pipeline.check_model_registry manual__2025-05-31T22:51:25.084600+00:00 [queued]>
[2025-05-31T22:57:05.496+0000] {taskinstance.py:1956} INFO - Dependencies all met for dep_context=requeueable deps ti=<TaskInstance: movie_recommendation_pipeline.check_model_registry manual__2025-05-31T22:51:25.084600+00:00 [queued]>
[2025-05-31T22:57:05.496+0000] {taskinstance.py:2170} INFO - Starting attempt 2 of 3
[2025-05-31T22:57:05.509+0000] {taskinstance.py:2191} INFO - Executing <Task(PythonOperator): check_model_registry> on 2025-05-31 22:51:25.084600+00:00
[2025-05-31T22:57:05.516+0000] {standard_task_runner.py:60} INFO - Started process 769 to run task
[2025-05-31T22:57:05.518+0000] {standard_task_runner.py:87} INFO - Running: ['***', 'tasks', 'run', 'movie_recommendation_pipeline', 'check_model_registry', 'manual__2025-05-31T22:51:25.084600+00:00', '--job-id', '461', '--raw', '--subdir', 'DAGS_FOLDER/mlops_movie_dag.py', '--cfg-path', '/tmp/tmpyqy__eqw']
[2025-05-31T22:57:05.519+0000] {standard_task_runner.py:88} INFO - Job 461: Subtask check_model_registry
[2025-05-31T22:57:05.557+0000] {task_command.py:423} INFO - Running <TaskInstance: movie_recommendation_pipeline.check_model_registry manual__2025-05-31T22:51:25.084600+00:00 [running]> on host 90d82ed3199e
[2025-05-31T22:57:05.621+0000] {taskinstance.py:2480} INFO - Exporting env vars: AIRFLOW_CTX_DAG_OWNER='***' AIRFLOW_CTX_DAG_ID='movie_recommendation_pipeline' AIRFLOW_CTX_TASK_ID='check_model_registry' AIRFLOW_CTX_EXECUTION_DATE='2025-05-31T22:51:25.084600+00:00' AIRFLOW_CTX_TRY_NUMBER='2' AIRFLOW_CTX_DAG_RUN_ID='manual__2025-05-31T22:51:25.084600+00:00'
[2025-05-31T22:57:05.642+0000] {taskinstance.py:2698} ERROR - Task failed with exception
Traceback (most recent call last):
  File "/home/airflow/.local/lib/python3.10/site-packages/airflow/models/taskinstance.py", line 433, in _execute_task
    result = execute_callable(context=context, **execute_callable_kwargs)
  File "/home/airflow/.local/lib/python3.10/site-packages/airflow/operators/python.py", line 199, in execute
    return_value = self.execute_callable()
  File "/home/airflow/.local/lib/python3.10/site-packages/airflow/operators/python.py", line 216, in execute_callable
    return self.python_callable(*self.op_args, **self.op_kwargs)
  File "/opt/airflow/dags/mlops_movie_dag.py", line 39, in airflow_check_registry
    from src.models.checkreg import check_registry
ModuleNotFoundError: No module named 'src.models.checkreg'
[2025-05-31T22:57:05.652+0000] {taskinstance.py:1138} INFO - Marking task as UP_FOR_RETRY. dag_id=movie_recommendation_pipeline, task_id=check_model_registry, execution_date=20250531T225125, start_date=20250531T225705, end_date=20250531T225705
[2025-05-31T22:57:05.663+0000] {standard_task_runner.py:107} ERROR - Failed to execute job 461 for task check_model_registry (No module named 'src.models.checkreg'; 769)
[2025-05-31T22:57:05.691+0000] {local_task_job_runner.py:234} INFO - Task exited with return code 1
[2025-05-31T22:57:05.711+0000] {taskinstance.py:3280} INFO - 0 downstream tasks scheduled from follow-on schedule check
