[2025-06-07T05:20:59.565+0000] {taskinstance.py:1956} INFO - Dependencies all met for dep_context=non-requeueable deps ti=<TaskInstance: deep_models_pipeline.predict_best_model manual__2025-06-07T05:19:23.755325+00:00 [queued]>
[2025-06-07T05:20:59.573+0000] {taskinstance.py:1956} INFO - Dependencies all met for dep_context=requeueable deps ti=<TaskInstance: deep_models_pipeline.predict_best_model manual__2025-06-07T05:19:23.755325+00:00 [queued]>
[2025-06-07T05:20:59.573+0000] {taskinstance.py:2170} INFO - Starting attempt 1 of 3
[2025-06-07T05:20:59.584+0000] {taskinstance.py:2191} INFO - Executing <Task(PythonOperator): predict_best_model> on 2025-06-07 05:19:23.755325+00:00
[2025-06-07T05:20:59.591+0000] {standard_task_runner.py:60} INFO - Started process 618 to run task
[2025-06-07T05:20:59.593+0000] {standard_task_runner.py:87} INFO - Running: ['***', 'tasks', 'run', 'deep_models_pipeline', 'predict_best_model', 'manual__2025-06-07T05:19:23.755325+00:00', '--job-id', '2456', '--raw', '--subdir', 'DAGS_FOLDER/train_deep_model_dag.py', '--cfg-path', '/tmp/tmp6xwr5ka_']
[2025-06-07T05:20:59.594+0000] {standard_task_runner.py:88} INFO - Job 2456: Subtask predict_best_model
[2025-06-07T05:20:59.626+0000] {task_command.py:423} INFO - Running <TaskInstance: deep_models_pipeline.predict_best_model manual__2025-06-07T05:19:23.755325+00:00 [running]> on host 44e19f67b28d
[2025-06-07T05:20:59.685+0000] {taskinstance.py:2480} INFO - Exporting env vars: AIRFLOW_CTX_DAG_OWNER='***' AIRFLOW_CTX_DAG_ID='deep_models_pipeline' AIRFLOW_CTX_TASK_ID='predict_best_model' AIRFLOW_CTX_EXECUTION_DATE='2025-06-07T05:19:23.755325+00:00' AIRFLOW_CTX_TRY_NUMBER='1' AIRFLOW_CTX_DAG_RUN_ID='manual__2025-06-07T05:19:23.755325+00:00'
[2025-06-07T05:20:59.686+0000] {train_deep_model_dag.py:13} INFO - 🟦 Running command: python /opt/***/src/models/predict_best_model.py
[2025-06-07T05:21:23.408+0000] {train_deep_model_dag.py:20} INFO - 🟩 [stdout]:
A       data/processed/hybrid_deep_embedding_best.csv
1 file added
🏃 View run predict_best_model_hybrid_deep at: https://dagshub.com/sacer11/MLOps_movie_rec_apr25.mlflow/#/experiments/11/runs/6cea5990794941de80b2e397dab3d889
🧪 View experiment at: https://dagshub.com/sacer11/MLOps_movie_rec_apr25.mlflow/#/experiments/11

[2025-06-07T05:21:23.409+0000] {train_deep_model_dag.py:22} WARNING - 🟨 [stderr]:
2025-06-07 05:21:01,596 - WARNING - Best-Embedding fehlt: /opt/***/data/processed/hybrid_deep_embedding_best.csv – Starte dvc pull ...
2025-06-07 05:21:05,687 - INFO - DVC pull abgeschlossen.
2025-06-07 05:21:05,689 - INFO - 🚀 Starte Prediction für hybrid_deep_model über MLflow Registry
2025-06-07 05:21:05,689 - INFO - 📦 Lade Modell: models:/hybrid_deep_model@best_model

Downloading artifacts:   0%|          | 0/8 [00:00<?, ?it/s]
Downloading artifacts:  12%|█▎        | 1/8 [00:00<00:00, 1571.49it/s]
Downloading artifacts:  25%|██▌       | 2/8 [00:00<00:00,  9.63it/s]  
Downloading artifacts:  25%|██▌       | 2/8 [00:00<00:00,  9.63it/s]
Downloading artifacts:  38%|███▊      | 3/8 [00:00<00:01,  3.21it/s]
Downloading artifacts:  38%|███▊      | 3/8 [00:00<00:01,  3.21it/s]
Downloading artifacts:  50%|█████     | 4/8 [00:02<00:03,  1.24it/s]
Downloading artifacts:  50%|█████     | 4/8 [00:02<00:03,  1.24it/s]
Downloading artifacts:  62%|██████▎   | 5/8 [00:02<00:01,  1.57it/s]
Downloading artifacts:  62%|██████▎   | 5/8 [00:02<00:01,  1.57it/s]
Downloading artifacts:  75%|███████▌  | 6/8 [00:03<00:01,  1.29it/s]
Downloading artifacts:  75%|███████▌  | 6/8 [00:03<00:01,  1.29it/s]
Downloading artifacts:  88%|████████▊ | 7/8 [00:05<00:01,  1.05s/it]
Downloading artifacts:  88%|████████▊ | 7/8 [00:05<00:01,  1.05s/it]
Downloading artifacts: 100%|██████████| 8/8 [00:05<00:00,  1.21it/s]
Downloading artifacts: 100%|██████████| 8/8 [00:05<00:00,  1.21it/s]
Downloading artifacts: 100%|██████████| 8/8 [00:05<00:00,  1.38it/s]
2025-06-07 05:21:14,255 - INFO - 📥 Embedding geladen: /opt/***/data/processed/hybrid_deep_embedding_best.csv – Shape: (10381, 32)
2025-06-07 05:21:14,340 - INFO - 💾 Vorhersagen gespeichert unter: /opt/***/data/processed/predictions_hybrid_deep_model.csv
2025-06-07 05:21:22,928 - INFO - ✅ Predictions erfolgreich in MLflow geloggt

[2025-06-07T05:21:23.410+0000] {python.py:201} INFO - Done. Returned value was: None
[2025-06-07T05:21:23.419+0000] {taskinstance.py:1138} INFO - Marking task as SUCCESS. dag_id=deep_models_pipeline, task_id=predict_best_model, execution_date=20250607T051923, start_date=20250607T052059, end_date=20250607T052123
[2025-06-07T05:21:23.466+0000] {local_task_job_runner.py:234} INFO - Task exited with return code 0
[2025-06-07T05:21:23.479+0000] {taskinstance.py:3280} INFO - 0 downstream tasks scheduled from follow-on schedule check
