[2025-06-08T19:32:47.880+0000] {taskinstance.py:1956} INFO - Dependencies all met for dep_context=non-requeueable deps ti=<TaskInstance: deep_models_pipeline.import_raw_data manual__2025-06-08T19:32:47.009930+00:00 [queued]>
[2025-06-08T19:32:47.887+0000] {taskinstance.py:1956} INFO - Dependencies all met for dep_context=requeueable deps ti=<TaskInstance: deep_models_pipeline.import_raw_data manual__2025-06-08T19:32:47.009930+00:00 [queued]>
[2025-06-08T19:32:47.887+0000] {taskinstance.py:2170} INFO - Starting attempt 1 of 3
[2025-06-08T19:32:47.897+0000] {taskinstance.py:2191} INFO - Executing <Task(PythonOperator): import_raw_data> on 2025-06-08 19:32:47.009930+00:00
[2025-06-08T19:32:47.904+0000] {standard_task_runner.py:60} INFO - Started process 802 to run task
[2025-06-08T19:32:47.906+0000] {standard_task_runner.py:87} INFO - Running: ['***', 'tasks', 'run', 'deep_models_pipeline', 'import_raw_data', 'manual__2025-06-08T19:32:47.009930+00:00', '--job-id', '3383', '--raw', '--subdir', 'DAGS_FOLDER/train_deep_model_dag.py', '--cfg-path', '/tmp/tmpi39dr0dg']
[2025-06-08T19:32:47.907+0000] {standard_task_runner.py:88} INFO - Job 3383: Subtask import_raw_data
[2025-06-08T19:32:47.939+0000] {task_command.py:423} INFO - Running <TaskInstance: deep_models_pipeline.import_raw_data manual__2025-06-08T19:32:47.009930+00:00 [running]> on host dbf42b316bce
[2025-06-08T19:32:47.997+0000] {taskinstance.py:2480} INFO - Exporting env vars: AIRFLOW_CTX_DAG_OWNER='***' AIRFLOW_CTX_DAG_ID='deep_models_pipeline' AIRFLOW_CTX_TASK_ID='import_raw_data' AIRFLOW_CTX_EXECUTION_DATE='2025-06-08T19:32:47.009930+00:00' AIRFLOW_CTX_TRY_NUMBER='1' AIRFLOW_CTX_DAG_RUN_ID='manual__2025-06-08T19:32:47.009930+00:00'
[2025-06-08T19:32:47.998+0000] {train_deep_model_dag.py:13} INFO - 🟦 Running command: python /opt/***/src/data/import_raw_data.py
[2025-06-08T19:33:13.115+0000] {train_deep_model_dag.py:20} INFO - 🟩 [stdout]:

[2025-06-08T19:33:13.116+0000] {train_deep_model_dag.py:22} WARNING - 🟨 [stderr]:
ERROR: output 'data/processed/hybrid_deep_embedding_best.csv' does not exist: [Errno 2] No such file or directory: '/opt/***/data/processed/hybrid_deep_embedding_best.csv'
2025-06-08 19:33:13,089 - root - ERROR - ❌ Fehler beim DVC push und Entfernen der _best-Embedding-Datei: Command '['dvc', 'add', '/opt/***/data/processed/hybrid_deep_embedding_best.csv']' returned non-zero exit status 1.
2025-06-08 19:33:13,091 - root - INFO - ✅ Datei bereits vorhanden, überspringe: genome-scores.csv
2025-06-08 19:33:13,092 - root - INFO - ✅ Datei bereits vorhanden, überspringe: genome-tags.csv
2025-06-08 19:33:13,093 - root - INFO - ✅ Datei bereits vorhanden, überspringe: links.csv
2025-06-08 19:33:13,095 - root - INFO - ✅ Datei bereits vorhanden, überspringe: movies.csv
2025-06-08 19:33:13,095 - root - INFO - ✅ Datei bereits vorhanden, überspringe: ratings.csv
2025-06-08 19:33:13,096 - root - INFO - ✅ Datei bereits vorhanden, überspringe: README.txt
2025-06-08 19:33:13,097 - root - INFO - ✅ Datei bereits vorhanden, überspringe: tags.csv
2025-06-08 19:33:13,097 - root - INFO - ✅ Rohdatenprüfung abgeschlossen.

[2025-06-08T19:33:13.117+0000] {python.py:201} INFO - Done. Returned value was: None
[2025-06-08T19:33:13.125+0000] {taskinstance.py:1138} INFO - Marking task as SUCCESS. dag_id=deep_models_pipeline, task_id=import_raw_data, execution_date=20250608T193247, start_date=20250608T193247, end_date=20250608T193313
[2025-06-08T19:33:13.144+0000] {local_task_job_runner.py:234} INFO - Task exited with return code 0
[2025-06-08T19:33:13.164+0000] {taskinstance.py:3280} INFO - 1 downstream tasks scheduled from follow-on schedule check
