[2025-06-08T21:36:04.113+0000] {taskinstance.py:1956} INFO - Dependencies all met for dep_context=non-requeueable deps ti=<TaskInstance: deep_models_pipeline.predict_best_model manual__2025-06-08T21:19:57.701863+00:00 [queued]>
[2025-06-08T21:36:04.120+0000] {taskinstance.py:1956} INFO - Dependencies all met for dep_context=requeueable deps ti=<TaskInstance: deep_models_pipeline.predict_best_model manual__2025-06-08T21:19:57.701863+00:00 [queued]>
[2025-06-08T21:36:04.121+0000] {taskinstance.py:2170} INFO - Starting attempt 3 of 3
[2025-06-08T21:36:04.133+0000] {taskinstance.py:2191} INFO - Executing <Task(PythonOperator): predict_best_model> on 2025-06-08 21:19:57.701863+00:00
[2025-06-08T21:36:04.140+0000] {standard_task_runner.py:60} INFO - Started process 5199 to run task
[2025-06-08T21:36:04.142+0000] {standard_task_runner.py:87} INFO - Running: ['***', 'tasks', 'run', 'deep_models_pipeline', 'predict_best_model', 'manual__2025-06-08T21:19:57.701863+00:00', '--job-id', '3549', '--raw', '--subdir', 'DAGS_FOLDER/train_deep_model_dag.py', '--cfg-path', '/tmp/tmppf2rwahp']
[2025-06-08T21:36:04.143+0000] {standard_task_runner.py:88} INFO - Job 3549: Subtask predict_best_model
[2025-06-08T21:36:04.182+0000] {task_command.py:423} INFO - Running <TaskInstance: deep_models_pipeline.predict_best_model manual__2025-06-08T21:19:57.701863+00:00 [running]> on host 2049a80cedbe
[2025-06-08T21:36:04.251+0000] {taskinstance.py:2480} INFO - Exporting env vars: AIRFLOW_CTX_DAG_OWNER='***' AIRFLOW_CTX_DAG_ID='deep_models_pipeline' AIRFLOW_CTX_TASK_ID='predict_best_model' AIRFLOW_CTX_EXECUTION_DATE='2025-06-08T21:19:57.701863+00:00' AIRFLOW_CTX_TRY_NUMBER='3' AIRFLOW_CTX_DAG_RUN_ID='manual__2025-06-08T21:19:57.701863+00:00'
[2025-06-08T21:36:04.252+0000] {train_deep_model_dag.py:13} INFO - 🟦 Running command: python /opt/***/src/models/predict_best_model.py
[2025-06-08T21:36:24.648+0000] {train_deep_model_dag.py:20} INFO - 🟩 [stdout]:
🏃 View run predict_best_model_hybrid_deep at: https://dagshub.com/sacer11/MLOps_movie_rec_apr25.mlflow/#/experiments/11/runs/9f9d354114ee45b789db54ff3700edc8
🧪 View experiment at: https://dagshub.com/sacer11/MLOps_movie_rec_apr25.mlflow/#/experiments/11

[2025-06-08T21:36:24.649+0000] {train_deep_model_dag.py:22} WARNING - 🟨 [stderr]:

Downloading artifacts:   0%|          | 0/1 [00:00<?, ?it/s]
Downloading artifacts: 100%|██████████| 1/1 [00:00<00:00,  1.99it/s]
Downloading artifacts: 100%|██████████| 1/1 [00:00<00:00,  1.99it/s]
Downloading artifacts: 100%|██████████| 1/1 [00:00<00:00,  1.98it/s]
2025-06-08 21:36:07,379 - INFO - ✅ Best-Embedding aus MLflow geladen: /opt/***/data/processed/hybrid_deep_embedding_best.csv
2025-06-08 21:36:07,380 - INFO - 🚀 Starte Prediction für hybrid_deep_model über MLflow Registry
2025-06-08 21:36:07,380 - INFO - 📦 Lade Modell: models:/hybrid_deep_model@best_model

Downloading artifacts:   0%|          | 0/8 [00:00<?, ?it/s]
Downloading artifacts:  12%|█▎        | 1/8 [00:00<00:00, 12945.38it/s]
Downloading artifacts:  25%|██▌       | 2/8 [00:00<00:01,  5.94it/s]   
Downloading artifacts:  25%|██▌       | 2/8 [00:00<00:01,  5.94it/s]
Downloading artifacts:  38%|███▊      | 3/8 [00:01<00:01,  2.55it/s]
Downloading artifacts:  38%|███▊      | 3/8 [00:01<00:01,  2.55it/s]
Downloading artifacts:  50%|█████     | 4/8 [00:01<00:01,  2.74it/s]
Downloading artifacts:  50%|█████     | 4/8 [00:01<00:01,  2.74it/s]
Downloading artifacts:  62%|██████▎   | 5/8 [00:02<00:02,  1.27it/s]
Downloading artifacts:  62%|██████▎   | 5/8 [00:02<00:02,  1.27it/s]
Downloading artifacts:  75%|███████▌  | 6/8 [00:03<00:01,  1.50it/s]
Downloading artifacts:  75%|███████▌  | 6/8 [00:03<00:01,  1.50it/s]
Downloading artifacts:  88%|████████▊ | 7/8 [00:04<00:00,  1.29it/s]
Downloading artifacts:  88%|████████▊ | 7/8 [00:04<00:00,  1.29it/s]
Downloading artifacts: 100%|██████████| 8/8 [00:05<00:00,  1.18it/s]
Downloading artifacts: 100%|██████████| 8/8 [00:05<00:00,  1.18it/s]
Downloading artifacts: 100%|██████████| 8/8 [00:05<00:00,  1.49it/s]
2025-06-08 21:36:15,506 - INFO - 📥 Embedding geladen: /opt/***/data/processed/hybrid_deep_embedding_best.csv – Shape: (10381, 32)
2025-06-08 21:36:15,619 - INFO - 💾 Vorhersagen gespeichert unter: /opt/***/data/processed/predictions_hybrid_deep_model.csv
2025-06-08 21:36:24,164 - INFO - ✅ Predictions erfolgreich in MLflow geloggt

[2025-06-08T21:36:24.650+0000] {python.py:201} INFO - Done. Returned value was: None
[2025-06-08T21:36:24.659+0000] {taskinstance.py:1138} INFO - Marking task as SUCCESS. dag_id=deep_models_pipeline, task_id=predict_best_model, execution_date=20250608T211957, start_date=20250608T213604, end_date=20250608T213624
[2025-06-08T21:36:24.697+0000] {local_task_job_runner.py:234} INFO - Task exited with return code 0
[2025-06-08T21:36:24.712+0000] {taskinstance.py:3280} INFO - 0 downstream tasks scheduled from follow-on schedule check
