[2025-06-02T07:18:17.554+0000] {taskinstance.py:1956} INFO - Dependencies all met for dep_context=non-requeueable deps ti=<TaskInstance: movie_recommendation_pipeline.make_dataset manual__2025-06-02T07:18:15.804905+00:00 [queued]>
[2025-06-02T07:18:17.561+0000] {taskinstance.py:1956} INFO - Dependencies all met for dep_context=requeueable deps ti=<TaskInstance: movie_recommendation_pipeline.make_dataset manual__2025-06-02T07:18:15.804905+00:00 [queued]>
[2025-06-02T07:18:17.561+0000] {taskinstance.py:2170} INFO - Starting attempt 1 of 3
[2025-06-02T07:18:17.573+0000] {taskinstance.py:2191} INFO - Executing <Task(PythonOperator): make_dataset> on 2025-06-02 07:18:15.804905+00:00
[2025-06-02T07:18:17.579+0000] {standard_task_runner.py:60} INFO - Started process 197 to run task
[2025-06-02T07:18:17.581+0000] {standard_task_runner.py:87} INFO - Running: ['***', 'tasks', 'run', 'movie_recommendation_pipeline', 'make_dataset', 'manual__2025-06-02T07:18:15.804905+00:00', '--job-id', '1560', '--raw', '--subdir', 'DAGS_FOLDER/mlops_movie_dag.py', '--cfg-path', '/tmp/tmp862bkana']
[2025-06-02T07:18:17.582+0000] {standard_task_runner.py:88} INFO - Job 1560: Subtask make_dataset
[2025-06-02T07:18:17.615+0000] {task_command.py:423} INFO - Running <TaskInstance: movie_recommendation_pipeline.make_dataset manual__2025-06-02T07:18:15.804905+00:00 [running]> on host ca665a44bb45
[2025-06-02T07:18:17.677+0000] {taskinstance.py:2480} INFO - Exporting env vars: AIRFLOW_CTX_DAG_OWNER='***' AIRFLOW_CTX_DAG_ID='movie_recommendation_pipeline' AIRFLOW_CTX_TASK_ID='make_dataset' AIRFLOW_CTX_EXECUTION_DATE='2025-06-02T07:18:15.804905+00:00' AIRFLOW_CTX_TRY_NUMBER='1' AIRFLOW_CTX_DAG_RUN_ID='manual__2025-06-02T07:18:15.804905+00:00'
[2025-06-02T07:18:17.678+0000] {mlops_movie_dag.py:12} INFO - 🟦 Running command: python /opt/***/src/data/make_dataset.py --force_rebuild=True
[2025-06-02T07:18:56.011+0000] {mlops_movie_dag.py:19} INFO - 🟩 [stdout]:

[2025-06-02T07:18:56.012+0000] {mlops_movie_dag.py:21} WARNING - 🟨 [stderr]:
2025-06-02 07:18:18,176 - __main__ - INFO - 📦 Starte Verarbeitung der Rohdaten…
2025-06-02 07:18:28,997 - __main__ - INFO - ✅ movies_matrix.csv gespeichert unter: data/processed
2025-06-02 07:18:55,874 - __main__ - INFO - ✅ user_ratings.csv gespeichert unter: data/processed
2025-06-02 07:18:55,961 - __main__ - INFO - ✅ movies_clean.csv gespeichert unter: data/processed

[2025-06-02T07:18:56.013+0000] {python.py:201} INFO - Done. Returned value was: None
[2025-06-02T07:18:56.022+0000] {taskinstance.py:1138} INFO - Marking task as SUCCESS. dag_id=movie_recommendation_pipeline, task_id=make_dataset, execution_date=20250602T071815, start_date=20250602T071817, end_date=20250602T071856
[2025-06-02T07:18:56.088+0000] {local_task_job_runner.py:234} INFO - Task exited with return code 0
[2025-06-02T07:18:56.109+0000] {taskinstance.py:3280} INFO - 1 downstream tasks scheduled from follow-on schedule check
