[2025-06-07T03:28:39.147+0000] {taskinstance.py:1956} INFO - Dependencies all met for dep_context=non-requeueable deps ti=<TaskInstance: deep_models_pipeline.train_deep_hybrid_model manual__2025-06-07T03:28:33.725888+00:00 [queued]>
[2025-06-07T03:28:39.155+0000] {taskinstance.py:1956} INFO - Dependencies all met for dep_context=requeueable deps ti=<TaskInstance: deep_models_pipeline.train_deep_hybrid_model manual__2025-06-07T03:28:33.725888+00:00 [queued]>
[2025-06-07T03:28:39.156+0000] {taskinstance.py:2170} INFO - Starting attempt 1 of 3
[2025-06-07T03:28:39.167+0000] {taskinstance.py:2191} INFO - Executing <Task(PythonOperator): train_deep_hybrid_model> on 2025-06-07 03:28:33.725888+00:00
[2025-06-07T03:28:39.174+0000] {standard_task_runner.py:60} INFO - Started process 818 to run task
[2025-06-07T03:28:39.176+0000] {standard_task_runner.py:87} INFO - Running: ['***', 'tasks', 'run', 'deep_models_pipeline', 'train_deep_hybrid_model', 'manual__2025-06-07T03:28:33.725888+00:00', '--job-id', '2417', '--raw', '--subdir', 'DAGS_FOLDER/train_deep_model_dag.py', '--cfg-path', '/tmp/tmp4hsf2byw']
[2025-06-07T03:28:39.178+0000] {standard_task_runner.py:88} INFO - Job 2417: Subtask train_deep_hybrid_model
[2025-06-07T03:28:39.217+0000] {task_command.py:423} INFO - Running <TaskInstance: deep_models_pipeline.train_deep_hybrid_model manual__2025-06-07T03:28:33.725888+00:00 [running]> on host 894920149c26
[2025-06-07T03:28:39.286+0000] {taskinstance.py:2480} INFO - Exporting env vars: AIRFLOW_CTX_DAG_OWNER='***' AIRFLOW_CTX_DAG_ID='deep_models_pipeline' AIRFLOW_CTX_TASK_ID='train_deep_hybrid_model' AIRFLOW_CTX_EXECUTION_DATE='2025-06-07T03:28:33.725888+00:00' AIRFLOW_CTX_TRY_NUMBER='1' AIRFLOW_CTX_DAG_RUN_ID='manual__2025-06-07T03:28:33.725888+00:00'
[2025-06-07T03:28:39.287+0000] {train_deep_model_dag.py:13} INFO - 🟦 Running command: python /opt/***/src/models/train_hybrid_deep_model.py --n_neighbors=16 --latent_dim=40 --epochs=35 --tfidf_features=501
[2025-06-07T03:29:38.162+0000] {train_deep_model_dag.py:20} INFO - 🟩 [stdout]:
🏃 View run train_hybrid_deep_model at: https://dagshub.com/sacer11/MLOps_movie_rec_apr25.mlflow/#/experiments/10/runs/e621776ac5a84e3f816d91657083f820
🧪 View experiment at: https://dagshub.com/sacer11/MLOps_movie_rec_apr25.mlflow/#/experiments/10

[2025-06-07T03:29:38.163+0000] {train_deep_model_dag.py:22} WARNING - 🟨 [stderr]:
/home/***/.local/lib/python3.10/site-packages/mlflow/pyfunc/utils/data_validation.py:186: UserWarning: [33mAdd type hints to the `predict` method to enable data validation and automatic signature inference during model logging. Check https://mlflow.org/docs/latest/model/python_model.html#type-hint-usage-in-pythonmodel for more details.[0m
  color_warning(
2025-06-07 03:28:42,860 - __main__ - INFO - 📥 Lade Rohdaten und baue Hybrid-Feature-Matrix ...
2025-06-07 03:28:47,755 - __main__ - INFO - 📐 Hybrid-Matrix erstellt mit Shape: (10381, 1630), Feature-Namen: 1630
2025-06-07 03:28:57,975 - __main__ - INFO - 💾 Hybrid-Matrix gespeichert unter /opt/***/data/processed/hybrid_matrix.csv
2025-06-07 03:28:58,093 - __main__ - INFO - 🚀 Starte Training Autoencoder ...
2025-06-07 03:28:58,952 - __main__ - INFO - Epoch 1/35: Loss = 0.0108
2025-06-07 03:28:59,240 - __main__ - INFO - Epoch 2/35: Loss = 0.0064
2025-06-07 03:28:59,518 - __main__ - INFO - Epoch 3/35: Loss = 0.0055
2025-06-07 03:28:59,799 - __main__ - INFO - Epoch 4/35: Loss = 0.0051
2025-06-07 03:29:00,063 - __main__ - INFO - Epoch 5/35: Loss = 0.0049
2025-06-07 03:29:00,330 - __main__ - INFO - Epoch 6/35: Loss = 0.0047
2025-06-07 03:29:00,590 - __main__ - INFO - Epoch 7/35: Loss = 0.0046
2025-06-07 03:29:00,854 - __main__ - INFO - Epoch 8/35: Loss = 0.0045
2025-06-07 03:29:01,114 - __main__ - INFO - Epoch 9/35: Loss = 0.0044
2025-06-07 03:29:01,398 - __main__ - INFO - Epoch 10/35: Loss = 0.0043
2025-06-07 03:29:01,726 - __main__ - INFO - Epoch 11/35: Loss = 0.0043
2025-06-07 03:29:02,017 - __main__ - INFO - Epoch 12/35: Loss = 0.0042
2025-06-07 03:29:02,293 - __main__ - INFO - Epoch 13/35: Loss = 0.0042
2025-06-07 03:29:02,569 - __main__ - INFO - Epoch 14/35: Loss = 0.0041
2025-06-07 03:29:02,838 - __main__ - INFO - Epoch 15/35: Loss = 0.0041
2025-06-07 03:29:03,116 - __main__ - INFO - Epoch 16/35: Loss = 0.0041
2025-06-07 03:29:03,385 - __main__ - INFO - Epoch 17/35: Loss = 0.0040
2025-06-07 03:29:03,646 - __main__ - INFO - Epoch 18/35: Loss = 0.0040
2025-06-07 03:29:03,922 - __main__ - INFO - Epoch 19/35: Loss = 0.0040
2025-06-07 03:29:04,184 - __main__ - INFO - Epoch 20/35: Loss = 0.0040
2025-06-07 03:29:04,454 - __main__ - INFO - Epoch 21/35: Loss = 0.0039
2025-06-07 03:29:04,731 - __main__ - INFO - Epoch 22/35: Loss = 0.0039
2025-06-07 03:29:05,024 - __main__ - INFO - Epoch 23/35: Loss = 0.0039
2025-06-07 03:29:05,340 - __main__ - INFO - Epoch 24/35: Loss = 0.0039
2025-06-07 03:29:05,613 - __main__ - INFO - Epoch 25/35: Loss = 0.0039
2025-06-07 03:29:05,895 - __main__ - INFO - Epoch 26/35: Loss = 0.0039
2025-06-07 03:29:06,231 - __main__ - INFO - Epoch 27/35: Loss = 0.0039
2025-06-07 03:29:06,564 - __main__ - INFO - Epoch 28/35: Loss = 0.0038
2025-06-07 03:29:06,841 - __main__ - INFO - Epoch 29/35: Loss = 0.0038
2025-06-07 03:29:07,118 - __main__ - INFO - Epoch 30/35: Loss = 0.0038
2025-06-07 03:29:07,397 - __main__ - INFO - Epoch 31/35: Loss = 0.0038
2025-06-07 03:29:07,686 - __main__ - INFO - Epoch 32/35: Loss = 0.0038
2025-06-07 03:29:07,971 - __main__ - INFO - Epoch 33/35: Loss = 0.0038
2025-06-07 03:29:08,298 - __main__ - INFO - Epoch 34/35: Loss = 0.0038
2025-06-07 03:29:08,591 - __main__ - INFO - Epoch 35/35: Loss = 0.0038
2025-06-07 03:29:08,894 - __main__ - INFO - ✅ Hybrid-Embeddings gespeichert unter /opt/***/data/processed/hybrid_deep_embedding.csv
2025-06-07 03:29:08,894 - __main__ - INFO - ✅ Hybrid-Embeddings gespeichert unter /opt/***/data/processed/hybrid_deep_embedding.csv
2025-06-07 03:29:08,906 - __main__ - INFO - ✅ Deep KNN Modell gespeichert unter /opt/***/models/hybrid_deep_knn.pkl
2025/06/07 03:29:13 INFO mlflow.pyfunc: Validating input example against model signature

Downloading artifacts:   0%|          | 0/1 [00:00<?, ?it/s]
Downloading artifacts: 100%|██████████| 1/1 [00:00<00:00, 69.53it/s]
Downloading artifacts: 100%|██████████| 1/1 [00:00<00:00, 68.96it/s]
Registered model 'hybrid_deep_model' already exists. Creating a new version of this model...
2025/06/07 03:29:24 INFO mlflow.store.model_registry.abstract_store: Waiting up to 300 seconds for model version to finish creation. Model name: hybrid_deep_model, version 3
Created version '3' of model 'hybrid_deep_model'.
2025-06-07 03:29:35,141 - __main__ - INFO - 📝 Tags für Modellversion 3 gesetzt: n_neighbors=16, latent_dim=40
2025-06-07 03:29:37,157 - __main__ - INFO - 🏁 Deep Hybrid-Model Training abgeschlossen und geloggt.

[2025-06-07T03:29:38.164+0000] {python.py:201} INFO - Done. Returned value was: None
[2025-06-07T03:29:38.174+0000] {taskinstance.py:1138} INFO - Marking task as SUCCESS. dag_id=deep_models_pipeline, task_id=train_deep_hybrid_model, execution_date=20250607T032833, start_date=20250607T032839, end_date=20250607T032938
[2025-06-07T03:29:38.227+0000] {local_task_job_runner.py:234} INFO - Task exited with return code 0
[2025-06-07T03:29:38.249+0000] {taskinstance.py:3280} INFO - 1 downstream tasks scheduled from follow-on schedule check
