[2025-06-07T21:44:20.822+0000] {taskinstance.py:1956} INFO - Dependencies all met for dep_context=non-requeueable deps ti=<TaskInstance: deep_models_pipeline.train_deep_hybrid_model manual__2025-06-07T21:44:19.855318+00:00 [queued]>
[2025-06-07T21:44:20.830+0000] {taskinstance.py:1956} INFO - Dependencies all met for dep_context=requeueable deps ti=<TaskInstance: deep_models_pipeline.train_deep_hybrid_model manual__2025-06-07T21:44:19.855318+00:00 [queued]>
[2025-06-07T21:44:20.831+0000] {taskinstance.py:2170} INFO - Starting attempt 1 of 3
[2025-06-07T21:44:20.843+0000] {taskinstance.py:2191} INFO - Executing <Task(PythonOperator): train_deep_hybrid_model> on 2025-06-07 21:44:19.855318+00:00
[2025-06-07T21:44:20.852+0000] {standard_task_runner.py:60} INFO - Started process 1380 to run task
[2025-06-07T21:44:20.854+0000] {standard_task_runner.py:87} INFO - Running: ['***', 'tasks', 'run', 'deep_models_pipeline', 'train_deep_hybrid_model', 'manual__2025-06-07T21:44:19.855318+00:00', '--job-id', '2682', '--raw', '--subdir', 'DAGS_FOLDER/train_deep_model_dag.py', '--cfg-path', '/tmp/tmpzi14_vkg']
[2025-06-07T21:44:20.856+0000] {standard_task_runner.py:88} INFO - Job 2682: Subtask train_deep_hybrid_model
[2025-06-07T21:44:20.901+0000] {task_command.py:423} INFO - Running <TaskInstance: deep_models_pipeline.train_deep_hybrid_model manual__2025-06-07T21:44:19.855318+00:00 [running]> on host 19985e64f4e7
[2025-06-07T21:44:20.982+0000] {taskinstance.py:2480} INFO - Exporting env vars: AIRFLOW_CTX_DAG_OWNER='***' AIRFLOW_CTX_DAG_ID='deep_models_pipeline' AIRFLOW_CTX_TASK_ID='train_deep_hybrid_model' AIRFLOW_CTX_EXECUTION_DATE='2025-06-07T21:44:19.855318+00:00' AIRFLOW_CTX_TRY_NUMBER='1' AIRFLOW_CTX_DAG_RUN_ID='manual__2025-06-07T21:44:19.855318+00:00'
[2025-06-07T21:44:20.983+0000] {train_deep_model_dag.py:13} INFO - 🟦 Running command: python /opt/***/src/models/train_hybrid_deep_model.py --n_neighbors=15 --latent_dim=32 --epochs=30 --tfidf_features=300
[2025-06-07T21:46:23.649+0000] {train_deep_model_dag.py:20} INFO - 🟩 [stdout]:
🏃 View run train_hybrid_deep_model at: https://dagshub.com/sacer11/MLOps_movie_rec_apr25.mlflow/#/experiments/10/runs/9b5667477e3c49c0b8d8684017289a5a
🧪 View experiment at: https://dagshub.com/sacer11/MLOps_movie_rec_apr25.mlflow/#/experiments/10

[2025-06-07T21:46:23.651+0000] {train_deep_model_dag.py:22} WARNING - 🟨 [stderr]:
2025-06-07 21:44:31,328 - __main__ - INFO - 📥 Lade Rohdaten und baue Hybrid-Feature-Matrix ...
2025-06-07 21:44:36,841 - __main__ - INFO - 📐 Hybrid-Matrix erstellt mit Shape: (10381, 1429), Feature-Namen: 1429
2025-06-07 21:44:53,922 - __main__ - INFO - 💾 Hybrid-Matrix gespeichert unter /opt/***/data/processed/hybrid_matrix.csv
2025-06-07 21:44:54,026 - __main__ - INFO - 🚀 Starte Training Autoencoder ...
2025-06-07 21:44:54,921 - __main__ - INFO - Epoch 1/30: Loss = 0.0124
2025-06-07 21:44:55,211 - __main__ - INFO - Epoch 2/30: Loss = 0.0073
2025-06-07 21:44:55,489 - __main__ - INFO - Epoch 3/30: Loss = 0.0062
2025-06-07 21:44:55,749 - __main__ - INFO - Epoch 4/30: Loss = 0.0058
2025-06-07 21:44:55,999 - __main__ - INFO - Epoch 5/30: Loss = 0.0055
2025-06-07 21:44:56,270 - __main__ - INFO - Epoch 6/30: Loss = 0.0053
2025-06-07 21:44:56,568 - __main__ - INFO - Epoch 7/30: Loss = 0.0052
2025-06-07 21:44:56,834 - __main__ - INFO - Epoch 8/30: Loss = 0.0051
2025-06-07 21:44:57,081 - __main__ - INFO - Epoch 9/30: Loss = 0.0050
2025-06-07 21:44:57,339 - __main__ - INFO - Epoch 10/30: Loss = 0.0049
2025-06-07 21:44:57,586 - __main__ - INFO - Epoch 11/30: Loss = 0.0049
2025-06-07 21:44:57,828 - __main__ - INFO - Epoch 12/30: Loss = 0.0048
2025-06-07 21:44:58,065 - __main__ - INFO - Epoch 13/30: Loss = 0.0048
2025-06-07 21:44:58,312 - __main__ - INFO - Epoch 14/30: Loss = 0.0047
2025-06-07 21:44:58,576 - __main__ - INFO - Epoch 15/30: Loss = 0.0047
2025-06-07 21:44:58,827 - __main__ - INFO - Epoch 16/30: Loss = 0.0047
2025-06-07 21:44:59,086 - __main__ - INFO - Epoch 17/30: Loss = 0.0046
2025-06-07 21:44:59,347 - __main__ - INFO - Epoch 18/30: Loss = 0.0046
2025-06-07 21:44:59,614 - __main__ - INFO - Epoch 19/30: Loss = 0.0046
2025-06-07 21:44:59,881 - __main__ - INFO - Epoch 20/30: Loss = 0.0045
2025-06-07 21:45:00,138 - __main__ - INFO - Epoch 21/30: Loss = 0.0045
2025-06-07 21:45:00,416 - __main__ - INFO - Epoch 22/30: Loss = 0.0045
2025-06-07 21:45:00,678 - __main__ - INFO - Epoch 23/30: Loss = 0.0045
2025-06-07 21:45:00,934 - __main__ - INFO - Epoch 24/30: Loss = 0.0044
2025-06-07 21:45:01,200 - __main__ - INFO - Epoch 25/30: Loss = 0.0044
2025-06-07 21:45:01,468 - __main__ - INFO - Epoch 26/30: Loss = 0.0044
2025-06-07 21:45:01,723 - __main__ - INFO - Epoch 27/30: Loss = 0.0044
2025-06-07 21:45:02,002 - __main__ - INFO - Epoch 28/30: Loss = 0.0044
2025-06-07 21:45:02,283 - __main__ - INFO - Epoch 29/30: Loss = 0.0044
2025-06-07 21:45:02,566 - __main__ - INFO - Epoch 30/30: Loss = 0.0044
2025-06-07 21:45:02,805 - __main__ - INFO - ✅ Hybrid-Embeddings gespeichert unter /opt/***/data/processed/hybrid_deep_embedding.csv
2025-06-07 21:45:02,805 - __main__ - INFO - ✅ Hybrid-Embeddings gespeichert unter /opt/***/data/processed/hybrid_deep_embedding.csv
2025-06-07 21:45:02,816 - __main__ - INFO - ✅ Deep KNN Modell gespeichert unter /opt/***/models/hybrid_deep_knn.pkl
2025/06/07 21:45:43 INFO mlflow.pyfunc: Validating input example against model signature

Downloading artifacts:   0%|          | 0/1 [00:00<?, ?it/s]
Downloading artifacts: 100%|██████████| 1/1 [00:00<00:00, 81.95it/s]
Downloading artifacts: 100%|██████████| 1/1 [00:00<00:00, 80.41it/s]
Registered model 'hybrid_deep_model' already exists. Creating a new version of this model...
2025/06/07 21:46:01 INFO mlflow.store.model_registry.abstract_store: Waiting up to 300 seconds for model version to finish creation. Model name: hybrid_deep_model, version 23
Created version '23' of model 'hybrid_deep_model'.
2025-06-07 21:46:19,375 - __main__ - INFO - 📝 Tags für Modellversion 23 gesetzt: n_neighbors=15, latent_dim=32, tfidf_features=300, epochs=30
2025-06-07 21:46:22,371 - __main__ - INFO - 🏁 Deep Hybrid-Model Training abgeschlossen und geloggt.

[2025-06-07T21:46:23.652+0000] {python.py:201} INFO - Done. Returned value was: None
[2025-06-07T21:46:23.675+0000] {taskinstance.py:1138} INFO - Marking task as SUCCESS. dag_id=deep_models_pipeline, task_id=train_deep_hybrid_model, execution_date=20250607T214419, start_date=20250607T214420, end_date=20250607T214623
[2025-06-07T21:46:23.722+0000] {local_task_job_runner.py:234} INFO - Task exited with return code 0
[2025-06-07T21:46:23.737+0000] {taskinstance.py:3280} INFO - 0 downstream tasks scheduled from follow-on schedule check
