[2025-06-07T22:18:22.974+0000] {taskinstance.py:1956} INFO - Dependencies all met for dep_context=non-requeueable deps ti=<TaskInstance: deep_models_pipeline.import_raw_data manual__2025-06-07T22:18:22.474330+00:00 [queued]>
[2025-06-07T22:18:22.983+0000] {taskinstance.py:1956} INFO - Dependencies all met for dep_context=requeueable deps ti=<TaskInstance: deep_models_pipeline.import_raw_data manual__2025-06-07T22:18:22.474330+00:00 [queued]>
[2025-06-07T22:18:22.983+0000] {taskinstance.py:2170} INFO - Starting attempt 1 of 3
[2025-06-07T22:18:22.996+0000] {taskinstance.py:2191} INFO - Executing <Task(PythonOperator): import_raw_data> on 2025-06-07 22:18:22.474330+00:00
[2025-06-07T22:18:23.004+0000] {standard_task_runner.py:60} INFO - Started process 2372 to run task
[2025-06-07T22:18:23.006+0000] {standard_task_runner.py:87} INFO - Running: ['***', 'tasks', 'run', 'deep_models_pipeline', 'import_raw_data', 'manual__2025-06-07T22:18:22.474330+00:00', '--job-id', '2768', '--raw', '--subdir', 'DAGS_FOLDER/train_deep_model_dag.py', '--cfg-path', '/tmp/tmpwj8nvy4s']
[2025-06-07T22:18:23.008+0000] {standard_task_runner.py:88} INFO - Job 2768: Subtask import_raw_data
[2025-06-07T22:18:23.047+0000] {task_command.py:423} INFO - Running <TaskInstance: deep_models_pipeline.import_raw_data manual__2025-06-07T22:18:22.474330+00:00 [running]> on host e4801a74e885
[2025-06-07T22:18:23.121+0000] {taskinstance.py:2480} INFO - Exporting env vars: AIRFLOW_CTX_DAG_OWNER='***' AIRFLOW_CTX_DAG_ID='deep_models_pipeline' AIRFLOW_CTX_TASK_ID='import_raw_data' AIRFLOW_CTX_EXECUTION_DATE='2025-06-07T22:18:22.474330+00:00' AIRFLOW_CTX_TRY_NUMBER='1' AIRFLOW_CTX_DAG_RUN_ID='manual__2025-06-07T22:18:22.474330+00:00'
[2025-06-07T22:18:23.122+0000] {train_deep_model_dag.py:13} INFO - 🟦 Running command: python /opt/***/src/data/import_raw_data.py
[2025-06-07T22:18:23.335+0000] {train_deep_model_dag.py:20} INFO - 🟩 [stdout]:

[2025-06-07T22:18:23.336+0000] {train_deep_model_dag.py:22} WARNING - 🟨 [stderr]:
2025-06-07 22:18:23,315 - root - INFO - ✅ Datei bereits vorhanden, überspringe: genome-scores.csv
2025-06-07 22:18:23,316 - root - INFO - ✅ Datei bereits vorhanden, überspringe: genome-tags.csv
2025-06-07 22:18:23,317 - root - INFO - ✅ Datei bereits vorhanden, überspringe: links.csv
2025-06-07 22:18:23,319 - root - INFO - ✅ Datei bereits vorhanden, überspringe: movies.csv
2025-06-07 22:18:23,320 - root - INFO - ✅ Datei bereits vorhanden, überspringe: ratings.csv
2025-06-07 22:18:23,321 - root - INFO - ✅ Datei bereits vorhanden, überspringe: README.txt
2025-06-07 22:18:23,323 - root - INFO - ✅ Datei bereits vorhanden, überspringe: tags.csv
2025-06-07 22:18:23,323 - root - INFO - ✅ Rohdatenprüfung abgeschlossen.

[2025-06-07T22:18:23.336+0000] {python.py:201} INFO - Done. Returned value was: None
[2025-06-07T22:18:23.345+0000] {taskinstance.py:1138} INFO - Marking task as SUCCESS. dag_id=deep_models_pipeline, task_id=import_raw_data, execution_date=20250607T221822, start_date=20250607T221822, end_date=20250607T221823
[2025-06-07T22:18:23.379+0000] {local_task_job_runner.py:234} INFO - Task exited with return code 0
[2025-06-07T22:18:23.401+0000] {taskinstance.py:3280} INFO - 1 downstream tasks scheduled from follow-on schedule check
