[2025-05-31T13:30:31.770+0000] {taskinstance.py:1956} INFO - Dependencies all met for dep_context=non-requeueable deps ti=<TaskInstance: movie_recommendation_pipeline.train_user_model manual__2025-05-31T13:30:00.934691+00:00 [queued]>
[2025-05-31T13:30:31.776+0000] {taskinstance.py:1956} INFO - Dependencies all met for dep_context=requeueable deps ti=<TaskInstance: movie_recommendation_pipeline.train_user_model manual__2025-05-31T13:30:00.934691+00:00 [queued]>
[2025-05-31T13:30:31.777+0000] {taskinstance.py:2170} INFO - Starting attempt 1 of 2
[2025-05-31T13:30:31.786+0000] {taskinstance.py:2191} INFO - Executing <Task(PythonOperator): train_user_model> on 2025-05-31 13:30:00.934691+00:00
[2025-05-31T13:30:31.796+0000] {standard_task_runner.py:60} INFO - Started process 430 to run task
[2025-05-31T13:30:31.801+0000] {standard_task_runner.py:87} INFO - Running: ['***', 'tasks', 'run', 'movie_recommendation_pipeline', 'train_user_model', 'manual__2025-05-31T13:30:00.934691+00:00', '--job-id', '184', '--raw', '--subdir', 'DAGS_FOLDER/mlops_movie_dag.py', '--cfg-path', '/tmp/tmp2b7e1fig']
[2025-05-31T13:30:31.802+0000] {standard_task_runner.py:88} INFO - Job 184: Subtask train_user_model
[2025-05-31T13:30:31.837+0000] {task_command.py:423} INFO - Running <TaskInstance: movie_recommendation_pipeline.train_user_model manual__2025-05-31T13:30:00.934691+00:00 [running]> on host 867d24382fbb
[2025-05-31T13:30:32.101+0000] {taskinstance.py:2480} INFO - Exporting env vars: AIRFLOW_CTX_DAG_OWNER='***' AIRFLOW_CTX_DAG_ID='movie_recommendation_pipeline' AIRFLOW_CTX_TASK_ID='train_user_model' AIRFLOW_CTX_EXECUTION_DATE='2025-05-31T13:30:00.934691+00:00' AIRFLOW_CTX_TRY_NUMBER='1' AIRFLOW_CTX_DAG_RUN_ID='manual__2025-05-31T13:30:00.934691+00:00'
[2025-05-31T13:32:41.473+0000] {local_task_job_runner.py:121} ERROR - Received SIGTERM. Terminating subprocesses
[2025-05-31T13:32:41.481+0000] {process_utils.py:131} INFO - Sending 15 to group 430. PIDs of all processes in the group: [430]
[2025-05-31T13:32:41.484+0000] {process_utils.py:86} INFO - Sending the signal 15 to group 430
[2025-05-31T13:32:41.485+0000] {taskinstance.py:2450} ERROR - Received SIGTERM. Terminating subprocesses.
[2025-05-31T13:32:41.504+0000] {taskinstance.py:2698} ERROR - Task failed with exception
Traceback (most recent call last):
  File "/home/airflow/.local/lib/python3.10/site-packages/airflow/models/taskinstance.py", line 433, in _execute_task
    result = execute_callable(context=context, **execute_callable_kwargs)
  File "/home/airflow/.local/lib/python3.10/site-packages/airflow/operators/python.py", line 199, in execute
    return_value = self.execute_callable()
  File "/home/airflow/.local/lib/python3.10/site-packages/airflow/operators/python.py", line 216, in execute_callable
    return self.python_callable(*self.op_args, **self.op_kwargs)
  File "/opt/airflow/dags/mlops_movie_dag.py", line 41, in run_train_user_model
    train_user_model()
  File "/opt/airflow/src/models/train_user_model.py", line 22, in train_user_model
    rated = group[group["movieId"].isin(movie_embeddings.index)]
  File "/home/airflow/.local/lib/python3.10/site-packages/pandas/core/series.py", line 5563, in isin
    result = algorithms.isin(self._values, values)
  File "/home/airflow/.local/lib/python3.10/site-packages/pandas/core/algorithms.py", line 527, in isin
    return f(comps_array, values)
  File "/home/airflow/.local/lib/python3.10/site-packages/airflow/models/taskinstance.py", line 2452, in signal_handler
    raise AirflowException("Task received SIGTERM signal")
airflow.exceptions.AirflowException: Task received SIGTERM signal
[2025-05-31T13:32:41.517+0000] {taskinstance.py:1138} INFO - Marking task as UP_FOR_RETRY. dag_id=movie_recommendation_pipeline, task_id=train_user_model, execution_date=20250531T133000, start_date=20250531T133031, end_date=20250531T133241
[2025-05-31T13:32:41.530+0000] {standard_task_runner.py:107} ERROR - Failed to execute job 184 for task train_user_model (Task received SIGTERM signal; 430)
[2025-05-31T13:32:41.582+0000] {process_utils.py:79} INFO - Process psutil.Process(pid=430, status='terminated', exitcode=1, started='13:30:30') (430) terminated with exit code 1
[2025-05-31T13:32:41.583+0000] {local_task_job_runner.py:234} INFO - Task exited with return code 143
[2025-05-31T13:32:41.603+0000] {taskinstance.py:3280} INFO - 0 downstream tasks scheduled from follow-on schedule check
