[2025-06-08T21:24:04.568+0000] {taskinstance.py:1956} INFO - Dependencies all met for dep_context=non-requeueable deps ti=<TaskInstance: deep_models_pipeline.train_deep_hybrid_model manual__2025-06-08T21:23:59.895387+00:00 [queued]>
[2025-06-08T21:24:04.574+0000] {taskinstance.py:1956} INFO - Dependencies all met for dep_context=requeueable deps ti=<TaskInstance: deep_models_pipeline.train_deep_hybrid_model manual__2025-06-08T21:23:59.895387+00:00 [queued]>
[2025-06-08T21:24:04.574+0000] {taskinstance.py:2170} INFO - Starting attempt 1 of 3
[2025-06-08T21:24:04.589+0000] {taskinstance.py:2191} INFO - Executing <Task(PythonOperator): train_deep_hybrid_model> on 2025-06-08 21:23:59.895387+00:00
[2025-06-08T21:24:04.594+0000] {standard_task_runner.py:60} INFO - Started process 3675 to run task
[2025-06-08T21:24:04.596+0000] {standard_task_runner.py:87} INFO - Running: ['***', 'tasks', 'run', 'deep_models_pipeline', 'train_deep_hybrid_model', 'manual__2025-06-08T21:23:59.895387+00:00', '--job-id', '3532', '--raw', '--subdir', 'DAGS_FOLDER/train_deep_model_dag.py', '--cfg-path', '/tmp/tmpki6dconw']
[2025-06-08T21:24:04.597+0000] {standard_task_runner.py:88} INFO - Job 3532: Subtask train_deep_hybrid_model
[2025-06-08T21:24:04.631+0000] {task_command.py:423} INFO - Running <TaskInstance: deep_models_pipeline.train_deep_hybrid_model manual__2025-06-08T21:23:59.895387+00:00 [running]> on host 2049a80cedbe
[2025-06-08T21:24:04.688+0000] {taskinstance.py:2480} INFO - Exporting env vars: AIRFLOW_CTX_DAG_OWNER='***' AIRFLOW_CTX_DAG_ID='deep_models_pipeline' AIRFLOW_CTX_TASK_ID='train_deep_hybrid_model' AIRFLOW_CTX_EXECUTION_DATE='2025-06-08T21:23:59.895387+00:00' AIRFLOW_CTX_TRY_NUMBER='1' AIRFLOW_CTX_DAG_RUN_ID='manual__2025-06-08T21:23:59.895387+00:00'
[2025-06-08T21:24:04.690+0000] {train_deep_model_dag.py:13} INFO - 🟦 Running command: python /opt/***/src/models/train_hybrid_deep_model.py --n_neighbors=53 --latent_dim=32 --epochs=75 --tfidf_features=2023
[2025-06-08T21:25:38.047+0000] {train_deep_model_dag.py:20} INFO - 🟩 [stdout]:
🏃 View run train_hybrid_deep_model at: https://dagshub.com/sacer11/MLOps_movie_rec_apr25.mlflow/#/experiments/10/runs/382f58f3f77f4d41a1db8a0959b696ae
🧪 View experiment at: https://dagshub.com/sacer11/MLOps_movie_rec_apr25.mlflow/#/experiments/10

[2025-06-08T21:25:38.050+0000] {train_deep_model_dag.py:22} WARNING - 🟨 [stderr]:
2025-06-08 21:24:08,183 - __main__ - INFO - 📥 Lade Rohdaten und baue Hybrid-Feature-Matrix ...
2025-06-08 21:24:13,421 - __main__ - INFO - 📐 Hybrid-Matrix erstellt mit Shape: (10381, 3152), Feature-Namen: 3152
2025-06-08 21:24:27,670 - __main__ - INFO - 💾 Hybrid-Matrix gespeichert unter /opt/***/data/processed/hybrid_matrix.csv
2025-06-08 21:24:27,880 - __main__ - INFO - 🚀 Starte Training Autoencoder ...
2025-06-08 21:24:29,072 - __main__ - INFO - Epoch 1/75: Loss = 0.0063
2025-06-08 21:24:29,591 - __main__ - INFO - Epoch 2/75: Loss = 0.0039
2025-06-08 21:24:30,071 - __main__ - INFO - Epoch 3/75: Loss = 0.0033
2025-06-08 21:24:30,536 - __main__ - INFO - Epoch 4/75: Loss = 0.0030
2025-06-08 21:24:31,006 - __main__ - INFO - Epoch 5/75: Loss = 0.0029
2025-06-08 21:24:31,478 - __main__ - INFO - Epoch 6/75: Loss = 0.0028
2025-06-08 21:24:31,975 - __main__ - INFO - Epoch 7/75: Loss = 0.0027
2025-06-08 21:24:32,461 - __main__ - INFO - Epoch 8/75: Loss = 0.0027
2025-06-08 21:24:32,953 - __main__ - INFO - Epoch 9/75: Loss = 0.0026
2025-06-08 21:24:33,391 - __main__ - INFO - Epoch 10/75: Loss = 0.0026
2025-06-08 21:24:33,867 - __main__ - INFO - Epoch 11/75: Loss = 0.0026
2025-06-08 21:24:34,355 - __main__ - INFO - Epoch 12/75: Loss = 0.0025
2025-06-08 21:24:34,834 - __main__ - INFO - Epoch 13/75: Loss = 0.0025
2025-06-08 21:24:35,323 - __main__ - INFO - Epoch 14/75: Loss = 0.0025
2025-06-08 21:24:35,799 - __main__ - INFO - Epoch 15/75: Loss = 0.0025
2025-06-08 21:24:36,299 - __main__ - INFO - Epoch 16/75: Loss = 0.0025
2025-06-08 21:24:36,815 - __main__ - INFO - Epoch 17/75: Loss = 0.0024
2025-06-08 21:24:37,305 - __main__ - INFO - Epoch 18/75: Loss = 0.0024
2025-06-08 21:24:37,795 - __main__ - INFO - Epoch 19/75: Loss = 0.0024
2025-06-08 21:24:38,273 - __main__ - INFO - Epoch 20/75: Loss = 0.0024
2025-06-08 21:24:38,746 - __main__ - INFO - Epoch 21/75: Loss = 0.0024
2025-06-08 21:24:39,244 - __main__ - INFO - Epoch 22/75: Loss = 0.0024
2025-06-08 21:24:39,706 - __main__ - INFO - Epoch 23/75: Loss = 0.0024
2025-06-08 21:24:40,194 - __main__ - INFO - Epoch 24/75: Loss = 0.0024
2025-06-08 21:24:40,697 - __main__ - INFO - Epoch 25/75: Loss = 0.0024
2025-06-08 21:24:41,194 - __main__ - INFO - Epoch 26/75: Loss = 0.0024
2025-06-08 21:24:41,694 - __main__ - INFO - Epoch 27/75: Loss = 0.0023
2025-06-08 21:24:42,201 - __main__ - INFO - Epoch 28/75: Loss = 0.0023
2025-06-08 21:24:42,703 - __main__ - INFO - Epoch 29/75: Loss = 0.0023
2025-06-08 21:24:43,195 - __main__ - INFO - Epoch 30/75: Loss = 0.0023
2025-06-08 21:24:43,678 - __main__ - INFO - Epoch 31/75: Loss = 0.0023
2025-06-08 21:24:44,165 - __main__ - INFO - Epoch 32/75: Loss = 0.0023
2025-06-08 21:24:44,642 - __main__ - INFO - Epoch 33/75: Loss = 0.0023
2025-06-08 21:24:45,146 - __main__ - INFO - Epoch 34/75: Loss = 0.0023
2025-06-08 21:24:45,686 - __main__ - INFO - Epoch 35/75: Loss = 0.0023
2025-06-08 21:24:46,185 - __main__ - INFO - Epoch 36/75: Loss = 0.0023
2025-06-08 21:24:46,713 - __main__ - INFO - Epoch 37/75: Loss = 0.0023
2025-06-08 21:24:47,196 - __main__ - INFO - Epoch 38/75: Loss = 0.0023
2025-06-08 21:24:47,677 - __main__ - INFO - Epoch 39/75: Loss = 0.0023
2025-06-08 21:24:48,159 - __main__ - INFO - Epoch 40/75: Loss = 0.0023
2025-06-08 21:24:48,634 - __main__ - INFO - Epoch 41/75: Loss = 0.0023
2025-06-08 21:24:49,124 - __main__ - INFO - Epoch 42/75: Loss = 0.0023
2025-06-08 21:24:49,646 - __main__ - INFO - Epoch 43/75: Loss = 0.0023
2025-06-08 21:24:50,152 - __main__ - INFO - Epoch 44/75: Loss = 0.0022
2025-06-08 21:24:50,650 - __main__ - INFO - Epoch 45/75: Loss = 0.0022
2025-06-08 21:24:51,130 - __main__ - INFO - Epoch 46/75: Loss = 0.0022
2025-06-08 21:24:51,628 - __main__ - INFO - Epoch 47/75: Loss = 0.0022
2025-06-08 21:24:52,092 - __main__ - INFO - Epoch 48/75: Loss = 0.0022
2025-06-08 21:24:52,585 - __main__ - INFO - Epoch 49/75: Loss = 0.0022
2025-06-08 21:24:53,086 - __main__ - INFO - Epoch 50/75: Loss = 0.0022
2025-06-08 21:24:53,602 - __main__ - INFO - Epoch 51/75: Loss = 0.0022
2025-06-08 21:24:54,086 - __main__ - INFO - Epoch 52/75: Loss = 0.0022
2025-06-08 21:24:54,598 - __main__ - INFO - Epoch 53/75: Loss = 0.0022
2025-06-08 21:24:55,095 - __main__ - INFO - Epoch 54/75: Loss = 0.0022
2025-06-08 21:24:55,580 - __main__ - INFO - Epoch 55/75: Loss = 0.0022
2025-06-08 21:24:56,049 - __main__ - INFO - Epoch 56/75: Loss = 0.0022
2025-06-08 21:24:56,537 - __main__ - INFO - Epoch 57/75: Loss = 0.0022
2025-06-08 21:24:57,007 - __main__ - INFO - Epoch 58/75: Loss = 0.0022
2025-06-08 21:24:57,492 - __main__ - INFO - Epoch 59/75: Loss = 0.0022
2025-06-08 21:24:57,986 - __main__ - INFO - Epoch 60/75: Loss = 0.0022
2025-06-08 21:24:58,486 - __main__ - INFO - Epoch 61/75: Loss = 0.0022
2025-06-08 21:24:58,990 - __main__ - INFO - Epoch 62/75: Loss = 0.0022
2025-06-08 21:24:59,533 - __main__ - INFO - Epoch 63/75: Loss = 0.0022
2025-06-08 21:25:00,016 - __main__ - INFO - Epoch 64/75: Loss = 0.0022
2025-06-08 21:25:00,483 - __main__ - INFO - Epoch 65/75: Loss = 0.0022
2025-06-08 21:25:00,961 - __main__ - INFO - Epoch 66/75: Loss = 0.0022
2025-06-08 21:25:01,439 - __main__ - INFO - Epoch 67/75: Loss = 0.0022
2025-06-08 21:25:01,923 - __main__ - INFO - Epoch 68/75: Loss = 0.0022
2025-06-08 21:25:02,419 - __main__ - INFO - Epoch 69/75: Loss = 0.0022
2025-06-08 21:25:02,904 - __main__ - INFO - Epoch 70/75: Loss = 0.0022
2025-06-08 21:25:03,424 - __main__ - INFO - Epoch 71/75: Loss = 0.0022
2025-06-08 21:25:03,953 - __main__ - INFO - Epoch 72/75: Loss = 0.0022
2025-06-08 21:25:04,463 - __main__ - INFO - Epoch 73/75: Loss = 0.0022
2025-06-08 21:25:04,941 - __main__ - INFO - Epoch 74/75: Loss = 0.0022
2025-06-08 21:25:05,417 - __main__ - INFO - Epoch 75/75: Loss = 0.0022
2025-06-08 21:25:05,663 - __main__ - INFO - ✅ Hybrid-Embeddings gespeichert unter /opt/***/data/processed/hybrid_deep_embedding.csv
2025-06-08 21:25:05,663 - __main__ - INFO - ✅ Hybrid-Embeddings gespeichert unter /opt/***/data/processed/hybrid_deep_embedding.csv
2025-06-08 21:25:05,674 - __main__ - INFO - ✅ Deep KNN Modell gespeichert unter /opt/***/models/hybrid_deep_knn.pkl
2025/06/08 21:25:10 INFO mlflow.pyfunc: Validating input example against model signature

Downloading artifacts:   0%|          | 0/1 [00:00<?, ?it/s]
Downloading artifacts: 100%|██████████| 1/1 [00:00<00:00, 86.30it/s]
Downloading artifacts: 100%|██████████| 1/1 [00:00<00:00, 85.36it/s]
Registered model 'hybrid_deep_model' already exists. Creating a new version of this model...
2025/06/08 21:25:21 INFO mlflow.store.model_registry.abstract_store: Waiting up to 300 seconds for model version to finish creation. Model name: hybrid_deep_model, version 56
Created version '56' of model 'hybrid_deep_model'.
2025-06-08 21:25:34,962 - __main__ - INFO - 📝 Tags für Modellversion 56 gesetzt: n_neighbors=53, latent_dim=32, tfidf_features=2023, epochs=75
2025-06-08 21:25:36,971 - __main__ - INFO - 🏁 Deep Hybrid-Model Training abgeschlossen und geloggt.

[2025-06-08T21:25:38.051+0000] {python.py:201} INFO - Done. Returned value was: None
[2025-06-08T21:25:38.072+0000] {taskinstance.py:1138} INFO - Marking task as SUCCESS. dag_id=deep_models_pipeline, task_id=train_deep_hybrid_model, execution_date=20250608T212359, start_date=20250608T212404, end_date=20250608T212538
[2025-06-08T21:25:38.110+0000] {local_task_job_runner.py:234} INFO - Task exited with return code 0
[2025-06-08T21:25:38.142+0000] {taskinstance.py:3280} INFO - 1 downstream tasks scheduled from follow-on schedule check
