[2025-06-01T14:22:18.848+0000] {taskinstance.py:1956} INFO - Dependencies all met for dep_context=non-requeueable deps ti=<TaskInstance: movie_recommendation_pipeline.dvc_push_models manual__2025-06-01T14:18:05.342937+00:00 [queued]>
[2025-06-01T14:22:18.867+0000] {taskinstance.py:1956} INFO - Dependencies all met for dep_context=requeueable deps ti=<TaskInstance: movie_recommendation_pipeline.dvc_push_models manual__2025-06-01T14:18:05.342937+00:00 [queued]>
[2025-06-01T14:22:18.869+0000] {taskinstance.py:2170} INFO - Starting attempt 1 of 3
[2025-06-01T14:22:18.892+0000] {taskinstance.py:2191} INFO - Executing <Task(BashOperator): dvc_push_models> on 2025-06-01 14:18:05.342937+00:00
[2025-06-01T14:22:18.901+0000] {standard_task_runner.py:60} INFO - Started process 1417 to run task
[2025-06-01T14:22:18.909+0000] {standard_task_runner.py:87} INFO - Running: ['***', 'tasks', 'run', 'movie_recommendation_pipeline', 'dvc_push_models', 'manual__2025-06-01T14:18:05.342937+00:00', '--job-id', '1084', '--raw', '--subdir', 'DAGS_FOLDER/mlops_movie_dag.py', '--cfg-path', '/tmp/tmp3k1q1eyk']
[2025-06-01T14:22:18.912+0000] {standard_task_runner.py:88} INFO - Job 1084: Subtask dvc_push_models
[2025-06-01T14:22:18.951+0000] {task_command.py:423} INFO - Running <TaskInstance: movie_recommendation_pipeline.dvc_push_models manual__2025-06-01T14:18:05.342937+00:00 [running]> on host 69e06374b424
[2025-06-01T14:22:19.009+0000] {taskinstance.py:2480} INFO - Exporting env vars: AIRFLOW_CTX_DAG_OWNER='***' AIRFLOW_CTX_DAG_ID='movie_recommendation_pipeline' AIRFLOW_CTX_TASK_ID='dvc_push_models' AIRFLOW_CTX_EXECUTION_DATE='2025-06-01T14:18:05.342937+00:00' AIRFLOW_CTX_TRY_NUMBER='1' AIRFLOW_CTX_DAG_RUN_ID='manual__2025-06-01T14:18:05.342937+00:00'
[2025-06-01T14:22:19.011+0000] {subprocess.py:63} INFO - Tmp dir root location: /tmp
[2025-06-01T14:22:19.012+0000] {subprocess.py:75} INFO - Running command: ['/usr/bin/bash', '-c', '\n        cd /opt/*** &&\n        git config --global --add safe.directory /opt/*** &&\n        git config --global user.email \'***@localhost\' &&\n        git config --global user.name \'Airflow CI\' &&\n        dvc add models/hybrid_model.pkl &&\n        dvc add models/user_model.pkl &&\n        git add models/hybrid_model.pkl.dvc models/user_model.pkl.dvc .gitignore &&\n        git commit -m "Update hybrid_model and user_model with DVC" || echo "No changes to commit" &&\n        dvc push\n        ']
[2025-06-01T14:22:19.020+0000] {subprocess.py:86} INFO - Output:
[2025-06-01T14:22:27.923+0000] {subprocess.py:93} INFO - 
[2025-06-01T14:22:27.924+0000] {subprocess.py:93} INFO - To track the changes with git, run:
[2025-06-01T14:22:27.925+0000] {subprocess.py:93} INFO - 
[2025-06-01T14:22:27.925+0000] {subprocess.py:93} INFO - 	git add models/hybrid_model.pkl.dvc
[2025-06-01T14:22:27.926+0000] {subprocess.py:93} INFO - 
[2025-06-01T14:22:27.926+0000] {subprocess.py:93} INFO - To enable auto staging, run:
[2025-06-01T14:22:27.926+0000] {subprocess.py:93} INFO - 
[2025-06-01T14:22:27.927+0000] {subprocess.py:93} INFO - 	dvc config core.autostage true
[2025-06-01T14:22:34.746+0000] {subprocess.py:93} INFO - 
[2025-06-01T14:22:34.747+0000] {subprocess.py:93} INFO - To track the changes with git, run:
[2025-06-01T14:22:34.747+0000] {subprocess.py:93} INFO - 
[2025-06-01T14:22:34.747+0000] {subprocess.py:93} INFO - 	git add models/user_model.pkl.dvc
[2025-06-01T14:22:34.748+0000] {subprocess.py:93} INFO - 
[2025-06-01T14:22:34.748+0000] {subprocess.py:93} INFO - To enable auto staging, run:
[2025-06-01T14:22:34.749+0000] {subprocess.py:93} INFO - 
[2025-06-01T14:22:34.749+0000] {subprocess.py:93} INFO - 	dvc config core.autostage true
[2025-06-01T14:22:34.945+0000] {subprocess.py:93} INFO - fatal: pathspec '.gitignore' did not match any files
[2025-06-01T14:22:34.947+0000] {subprocess.py:93} INFO - No changes to commit
[2025-06-01T14:22:41.009+0000] {subprocess.py:93} INFO - Everything is up to date.
[2025-06-01T14:22:41.123+0000] {subprocess.py:97} INFO - Command exited with return code 0
[2025-06-01T14:22:41.146+0000] {taskinstance.py:1138} INFO - Marking task as SUCCESS. dag_id=movie_recommendation_pipeline, task_id=dvc_push_models, execution_date=20250601T141805, start_date=20250601T142218, end_date=20250601T142241
[2025-06-01T14:22:41.170+0000] {local_task_job_runner.py:234} INFO - Task exited with return code 0
[2025-06-01T14:22:41.191+0000] {taskinstance.py:3280} INFO - 1 downstream tasks scheduled from follow-on schedule check
