[2025-06-12T05:53:51.255+0000] {taskinstance.py:1956} INFO - Dependencies all met for dep_context=non-requeueable deps ti=<TaskInstance: bento_api_pipeline.bento_train manual__2025-06-12T05:53:50.804694+00:00 [queued]>
[2025-06-12T05:53:51.264+0000] {taskinstance.py:1956} INFO - Dependencies all met for dep_context=requeueable deps ti=<TaskInstance: bento_api_pipeline.bento_train manual__2025-06-12T05:53:50.804694+00:00 [queued]>
[2025-06-12T05:53:51.265+0000] {taskinstance.py:2170} INFO - Starting attempt 1 of 3
[2025-06-12T05:53:51.278+0000] {taskinstance.py:2191} INFO - Executing <Task(PythonOperator): bento_train> on 2025-06-12 05:53:50.804694+00:00
[2025-06-12T05:53:51.286+0000] {standard_task_runner.py:60} INFO - Started process 209 to run task
[2025-06-12T05:53:51.289+0000] {standard_task_runner.py:87} INFO - Running: ['***', 'tasks', 'run', 'bento_api_pipeline', 'bento_train', 'manual__2025-06-12T05:53:50.804694+00:00', '--job-id', '4', '--raw', '--subdir', 'DAGS_FOLDER/bento_api_pipeline.py', '--cfg-path', '/tmp/tmppuq1z0xh']
[2025-06-12T05:53:51.290+0000] {standard_task_runner.py:88} INFO - Job 4: Subtask bento_train
[2025-06-12T05:53:51.336+0000] {task_command.py:423} INFO - Running <TaskInstance: bento_api_pipeline.bento_train manual__2025-06-12T05:53:50.804694+00:00 [running]> on host c6a208573802
[2025-06-12T05:53:51.395+0000] {taskinstance.py:2480} INFO - Exporting env vars: AIRFLOW_CTX_DAG_OWNER='***' AIRFLOW_CTX_DAG_ID='bento_api_pipeline' AIRFLOW_CTX_TASK_ID='bento_train' AIRFLOW_CTX_EXECUTION_DATE='2025-06-12T05:53:50.804694+00:00' AIRFLOW_CTX_TRY_NUMBER='1' AIRFLOW_CTX_DAG_RUN_ID='manual__2025-06-12T05:53:50.804694+00:00'
[2025-06-12T05:53:51.396+0000] {bento_api_pipeline.py:39} INFO - Starte POST an http://bentoml:4000/train_deep_hybrid_model mit config: {'conf': {'test_user_count': 100, 'n_neighbors': 15, 'tfidf_features': 300, 'latent_dim': 32, 'epochs': 30}}
[2025-06-12T05:54:13.617+0000] {local_task_job_runner.py:121} ERROR - Received SIGTERM. Terminating subprocesses
[2025-06-12T05:54:13.621+0000] {process_utils.py:131} INFO - Sending 15 to group 209. PIDs of all processes in the group: [209]
[2025-06-12T05:54:13.623+0000] {process_utils.py:86} INFO - Sending the signal 15 to group 209
[2025-06-12T05:54:13.623+0000] {taskinstance.py:2450} ERROR - Received SIGTERM. Terminating subprocesses.
[2025-06-12T05:54:13.625+0000] {bento_api_pipeline.py:69} ERROR - Fehler im Training-Call: Task received SIGTERM signal
[2025-06-12T05:54:13.626+0000] {bento_api_pipeline.py:70} ERROR - ENV bei Exception: environ({'DUMB_INIT_SETSID': '1', 'API_URL': 'http://api_service:8000', 'HOSTNAME': 'c6a208573802', 'PYTHON_VERSION': '3.10.13', 'LANGUAGE': 'C.UTF-8', 'AIRFLOW_USER_HOME_DIR': '/home/***', 'ADDITIONAL_RUNTIME_APT_DEPS': '', 'PWD': '/opt/***', 'AIRFLOW_VERSION': '2.8.1', 'AIRFLOW__CORE__LOAD_EXAMPLES': 'False', 'AIRFLOW_API_URL': 'http://***-webserver:8080/api/v1', 'AIRFLOW__API__AUTH_BACKENDS': '***.api.auth.backend.basic_auth,***.api.auth.backend.session', 'INSTALL_MSSQL_CLIENT': 'true', 'PYTHON_SETUPTOOLS_VERSION': '65.5.1', 'INSTALL_MYSQL_CLIENT_TYPE': 'mariadb', 'GUNICORN_CMD_ARGS': '--worker-tmp-dir /dev/shm', 'LD_PRELOAD': '/usr/lib/x86_64-linux-gnu/libstdc++.so.6', 'HOME': '/home/***', 'LANG': 'C.UTF-8', 'MLFLOW_TRACKING_URI': 'https://dagshub.com/sacer11/MLOps_movie_rec_apr25.mlflow', 'AIRFLOW_HOME': '/opt/***', 'GPG_KEY': 'A035C8C19219BA821ECEA86B64E628F8D684696D', 'AIRFLOW__DATABASE__SQL_ALCHEMY_CONN': 'postgresql+psycopg2://***:***@postgres/***', 'AIRFLOW__CORE__EXECUTOR': 'LocalExecutor', 'COMMIT_SHA': 'c0ffa9c5d96625c68ded9562632674ed366b5eb3', 'AIRFLOW__WEBSERVER__SECRET_KEY': 'my_super_secret_key_42', 'AIRFLOW_PIP_VERSION': '23.3.2', 'AIRFLOW__CORE__DAGS_ARE_PAUSED_AT_CREATION': 'False', 'PYTHONPATH': '/opt/***', 'ADDITIONAL_RUNTIME_APT_COMMAND': '', 'INSTALL_POSTGRES_CLIENT': 'true', 'MLFLOW_TRACKING_USERNAME': 'Klemp.Thomas', 'SHLVL': '0', 'LC_MESSAGES': 'C.UTF-8', 'RUNTIME_APT_DEPS': '', 'PYTHON_PIP_VERSION': '23.0.1', 'RUNTIME_APT_COMMAND': 'echo', 'DATA_DIR': '/opt/***/data', 'LD_LIBRARY_PATH': '/usr/local/lib', 'LC_CTYPE': 'C.UTF-8', 'PYTHON_GET_PIP_SHA256': 'dfe9fd5c28dc98b5ac17979a953ea550cec37ae1b47a5116007395bfacff2ab9', 'AIRFLOW_INSTALLATION_METHOD': '', 'LC_ALL': 'C.UTF-8', 'PYTHON_GET_PIP_URL': 'https://github.com/pypa/get-pip/raw/dbf0c85f76fb6e1ab42aa672ffca6f0a675d9ee4/public/get-pip.py', 'INSTALL_MYSQL_CLIENT': 'true', 'PATH': '/root/bin:/home/***/.local/bin:/usr/local/bin:/usr/local/sbin:/usr/local/bin:/usr/sbin:/usr/bin:/sbin:/bin', 'PYTHON_BASE_IMAGE': 'python:3.10-slim-bookworm', 'AIRFLOW_UID': '50000', 'MODEL_DIR': '/opt/***/models', 'TMDB_API_KEY': '48a501167bbb3fe39749d61d3fd3b0f6', 'BUILD_ID': '', 'AIRFLOW__CORE__FERNET_KEY': 'oLfPThKYdHr7hjymM4p97WLVlGzJByb9ULqat9MqObs=', 'DEBIAN_FRONTEND': 'noninteractive', 'MLFLOW_TRACKING_PASSWORD': '24a59c66cf39ca70d340c6191db0c5ae533b94f5', '_AIRFLOW_PARSING_CONTEXT_DAG_ID': 'bento_api_pipeline', '_AIRFLOW_PARSING_CONTEXT_TASK_ID': 'bento_train', 'AIRFLOW_CTX_DAG_OWNER': '***', 'AIRFLOW_CTX_DAG_ID': 'bento_api_pipeline', 'AIRFLOW_CTX_TASK_ID': 'bento_train', 'AIRFLOW_CTX_EXECUTION_DATE': '2025-06-12T05:53:50.804694+00:00', 'AIRFLOW_CTX_TRY_NUMBER': '1', 'AIRFLOW_CTX_DAG_RUN_ID': 'manual__2025-06-12T05:53:50.804694+00:00'})
[2025-06-12T05:54:13.642+0000] {taskinstance.py:2698} ERROR - Task failed with exception
Traceback (most recent call last):
  File "/home/airflow/.local/lib/python3.10/site-packages/airflow/models/taskinstance.py", line 433, in _execute_task
    result = execute_callable(context=context, **execute_callable_kwargs)
  File "/home/airflow/.local/lib/python3.10/site-packages/airflow/operators/python.py", line 199, in execute
    return_value = self.execute_callable()
  File "/home/airflow/.local/lib/python3.10/site-packages/airflow/operators/python.py", line 216, in execute_callable
    return self.python_callable(*self.op_args, **self.op_kwargs)
  File "/opt/airflow/dags/bento_api_pipeline.py", line 40, in trigger_bento_training
    resp = requests.post(url, json=conf, timeout=300)
  File "/home/airflow/.local/lib/python3.10/site-packages/requests/api.py", line 115, in post
    return request("post", url, data=data, json=json, **kwargs)
  File "/home/airflow/.local/lib/python3.10/site-packages/requests/api.py", line 59, in request
    return session.request(method=method, url=url, **kwargs)
  File "/home/airflow/.local/lib/python3.10/site-packages/requests/sessions.py", line 589, in request
    resp = self.send(prep, **send_kwargs)
  File "/home/airflow/.local/lib/python3.10/site-packages/requests/sessions.py", line 703, in send
    r = adapter.send(request, **kwargs)
  File "/home/airflow/.local/lib/python3.10/site-packages/requests/adapters.py", line 667, in send
    resp = conn.urlopen(
  File "/home/airflow/.local/lib/python3.10/site-packages/urllib3/connectionpool.py", line 791, in urlopen
    response = self._make_request(
  File "/home/airflow/.local/lib/python3.10/site-packages/urllib3/connectionpool.py", line 537, in _make_request
    response = conn.getresponse()
  File "/home/airflow/.local/lib/python3.10/site-packages/urllib3/connection.py", line 461, in getresponse
    httplib_response = super().getresponse()
  File "/usr/local/lib/python3.10/http/client.py", line 1375, in getresponse
    response.begin()
  File "/usr/local/lib/python3.10/http/client.py", line 318, in begin
    version, status, reason = self._read_status()
  File "/usr/local/lib/python3.10/http/client.py", line 279, in _read_status
    line = str(self.fp.readline(_MAXLINE + 1), "iso-8859-1")
  File "/usr/local/lib/python3.10/socket.py", line 705, in readinto
    return self._sock.recv_into(b)
  File "/home/airflow/.local/lib/python3.10/site-packages/airflow/models/taskinstance.py", line 2452, in signal_handler
    raise AirflowException("Task received SIGTERM signal")
airflow.exceptions.AirflowException: Task received SIGTERM signal
[2025-06-12T05:54:13.659+0000] {taskinstance.py:1138} INFO - Marking task as UP_FOR_RETRY. dag_id=bento_api_pipeline, task_id=bento_train, execution_date=20250612T055350, start_date=20250612T055351, end_date=20250612T055413
[2025-06-12T05:54:13.681+0000] {standard_task_runner.py:107} ERROR - Failed to execute job 4 for task bento_train (Task received SIGTERM signal; 209)
[2025-06-12T05:54:13.725+0000] {process_utils.py:79} INFO - Process psutil.Process(pid=209, status='terminated', exitcode=1, started='05:53:50') (209) terminated with exit code 1
[2025-06-12T05:54:13.726+0000] {local_task_job_runner.py:234} INFO - Task exited with return code 143
[2025-06-12T05:54:13.749+0000] {taskinstance.py:3280} INFO - 0 downstream tasks scheduled from follow-on schedule check
[2025-06-12T05:54:15.626+0000] {local_task_job_runner.py:121} ERROR - Received SIGTERM. Terminating subprocesses
[2025-06-12T05:54:15.627+0000] {local_task_job_runner.py:234} INFO - Task exited with return code 143
