[2025-06-02T04:03:55.490+0000] {taskinstance.py:1956} INFO - Dependencies all met for dep_context=non-requeueable deps ti=<TaskInstance: movie_recommendation_pipeline.dvc_add_and_push_all manual__2025-06-02T03:59:50.458746+00:00 [queued]>
[2025-06-02T04:03:55.499+0000] {taskinstance.py:1956} INFO - Dependencies all met for dep_context=requeueable deps ti=<TaskInstance: movie_recommendation_pipeline.dvc_add_and_push_all manual__2025-06-02T03:59:50.458746+00:00 [queued]>
[2025-06-02T04:03:55.499+0000] {taskinstance.py:2170} INFO - Starting attempt 1 of 3
[2025-06-02T04:03:55.511+0000] {taskinstance.py:2191} INFO - Executing <Task(PythonOperator): dvc_add_and_push_all> on 2025-06-02 03:59:50.458746+00:00
[2025-06-02T04:03:55.518+0000] {standard_task_runner.py:60} INFO - Started process 749 to run task
[2025-06-02T04:03:55.520+0000] {standard_task_runner.py:87} INFO - Running: ['***', 'tasks', 'run', 'movie_recommendation_pipeline', 'dvc_add_and_push_all', 'manual__2025-06-02T03:59:50.458746+00:00', '--job-id', '1458', '--raw', '--subdir', 'DAGS_FOLDER/mlops_movie_dag.py', '--cfg-path', '/tmp/tmp3h1_vncs']
[2025-06-02T04:03:55.521+0000] {standard_task_runner.py:88} INFO - Job 1458: Subtask dvc_add_and_push_all
[2025-06-02T04:03:55.553+0000] {task_command.py:423} INFO - Running <TaskInstance: movie_recommendation_pipeline.dvc_add_and_push_all manual__2025-06-02T03:59:50.458746+00:00 [running]> on host 4a3f7bc58f11
[2025-06-02T04:03:55.613+0000] {taskinstance.py:2480} INFO - Exporting env vars: AIRFLOW_CTX_DAG_OWNER='***' AIRFLOW_CTX_DAG_ID='movie_recommendation_pipeline' AIRFLOW_CTX_TASK_ID='dvc_add_and_push_all' AIRFLOW_CTX_EXECUTION_DATE='2025-06-02T03:59:50.458746+00:00' AIRFLOW_CTX_TRY_NUMBER='1' AIRFLOW_CTX_DAG_RUN_ID='manual__2025-06-02T03:59:50.458746+00:00'
[2025-06-02T04:03:55.617+0000] {mlops_movie_dag.py:12} INFO - 🟦 Running command: git config --global --add safe.directory /opt/***
[2025-06-02T04:03:55.626+0000] {mlops_movie_dag.py:19} INFO - 🟩 [stdout]:

[2025-06-02T04:03:55.627+0000] {mlops_movie_dag.py:12} INFO - 🟦 Running command: git config --global user.email ***@mlops.local
[2025-06-02T04:03:55.639+0000] {mlops_movie_dag.py:19} INFO - 🟩 [stdout]:

[2025-06-02T04:03:55.640+0000] {mlops_movie_dag.py:12} INFO - 🟦 Running command: git config --global user.name Airflow
[2025-06-02T04:03:55.653+0000] {mlops_movie_dag.py:19} INFO - 🟩 [stdout]:

[2025-06-02T04:03:55.654+0000] {mlops_movie_dag.py:12} INFO - 🟦 Running command: dvc add /opt/***/models/hybrid_model.pkl
[2025-06-02T04:04:08.701+0000] {mlops_movie_dag.py:19} INFO - 🟩 [stdout]:

To track the changes with git, run:

	git add models/hybrid_model.pkl.dvc

To enable auto staging, run:

	dvc config core.autostage true

[2025-06-02T04:04:08.702+0000] {mlops_movie_dag.py:12} INFO - 🟦 Running command: dvc add /opt/***/data/processed/hybrid_matrix.csv
[2025-06-02T04:04:23.404+0000] {mlops_movie_dag.py:19} INFO - 🟩 [stdout]:

To track the changes with git, run:

	git add data/processed/hybrid_matrix.csv.dvc

To enable auto staging, run:

	dvc config core.autostage true

[2025-06-02T04:04:23.404+0000] {mlops_movie_dag.py:12} INFO - 🟦 Running command: dvc add /opt/***/data/processed/hybrid_matrix_features.txt
[2025-06-02T04:04:32.365+0000] {mlops_movie_dag.py:19} INFO - 🟩 [stdout]:

To track the changes with git, run:

	git add data/processed/hybrid_matrix_features.txt.dvc

To enable auto staging, run:

	dvc config core.autostage true

[2025-06-02T04:04:32.366+0000] {mlops_movie_dag.py:12} INFO - 🟦 Running command: dvc add /opt/***/models/user_model.pkl
[2025-06-02T04:04:41.914+0000] {mlops_movie_dag.py:19} INFO - 🟩 [stdout]:

To track the changes with git, run:

	git add models/user_model.pkl.dvc

To enable auto staging, run:

	dvc config core.autostage true

[2025-06-02T04:04:41.916+0000] {mlops_movie_dag.py:12} INFO - 🟦 Running command: dvc add /opt/***/data/processed/user_matrix.csv
[2025-06-02T04:04:52.785+0000] {mlops_movie_dag.py:19} INFO - 🟩 [stdout]:

To track the changes with git, run:

	git add data/processed/user_matrix.csv.dvc

To enable auto staging, run:

	dvc config core.autostage true

[2025-06-02T04:04:52.786+0000] {mlops_movie_dag.py:12} INFO - 🟦 Running command: dvc add /opt/***/data/processed/user_matrix_features.txt
[2025-06-02T04:05:02.445+0000] {mlops_movie_dag.py:19} INFO - 🟩 [stdout]:

To track the changes with git, run:

	git add data/processed/user_matrix_features.txt.dvc

To enable auto staging, run:

	dvc config core.autostage true

[2025-06-02T04:05:02.446+0000] {mlops_movie_dag.py:12} INFO - 🟦 Running command: git add /opt/***/models/hybrid_model.pkl.dvc /opt/***/data/processed/hybrid_matrix.csv.dvc /opt/***/data/processed/hybrid_matrix_features.txt.dvc /opt/***/models/user_model.pkl.dvc /opt/***/data/processed/user_matrix.csv.dvc /opt/***/data/processed/user_matrix_features.txt.dvc
[2025-06-02T04:05:02.574+0000] {mlops_movie_dag.py:19} INFO - 🟩 [stdout]:

[2025-06-02T04:05:02.665+0000] {mlops_movie_dag.py:95} INFO - ✅ Nichts zu committen (Skip git commit)
[2025-06-02T04:05:02.666+0000] {mlops_movie_dag.py:12} INFO - 🟦 Running command: dvc push
[2025-06-02T04:05:12.548+0000] {mlops_movie_dag.py:19} INFO - 🟩 [stdout]:
Everything is up to date.

[2025-06-02T04:05:12.549+0000] {python.py:201} INFO - Done. Returned value was: None
[2025-06-02T04:05:12.558+0000] {taskinstance.py:1138} INFO - Marking task as SUCCESS. dag_id=movie_recommendation_pipeline, task_id=dvc_add_and_push_all, execution_date=20250602T035950, start_date=20250602T040355, end_date=20250602T040512
[2025-06-02T04:05:12.606+0000] {local_task_job_runner.py:234} INFO - Task exited with return code 0
[2025-06-02T04:05:12.626+0000] {taskinstance.py:3280} INFO - 1 downstream tasks scheduled from follow-on schedule check
