[2025-06-02T03:37:40.783+0000] {taskinstance.py:1956} INFO - Dependencies all met for dep_context=non-requeueable deps ti=<TaskInstance: movie_recommendation_pipeline.dvc_add_and_push_all manual__2025-06-02T03:33:29.909850+00:00 [queued]>
[2025-06-02T03:37:40.793+0000] {taskinstance.py:1956} INFO - Dependencies all met for dep_context=requeueable deps ti=<TaskInstance: movie_recommendation_pipeline.dvc_add_and_push_all manual__2025-06-02T03:33:29.909850+00:00 [queued]>
[2025-06-02T03:37:40.793+0000] {taskinstance.py:2170} INFO - Starting attempt 1 of 3
[2025-06-02T03:37:40.804+0000] {taskinstance.py:2191} INFO - Executing <Task(PythonOperator): dvc_add_and_push_all> on 2025-06-02 03:33:29.909850+00:00
[2025-06-02T03:37:40.813+0000] {standard_task_runner.py:60} INFO - Started process 754 to run task
[2025-06-02T03:37:40.815+0000] {standard_task_runner.py:87} INFO - Running: ['***', 'tasks', 'run', 'movie_recommendation_pipeline', 'dvc_add_and_push_all', 'manual__2025-06-02T03:33:29.909850+00:00', '--job-id', '1446', '--raw', '--subdir', 'DAGS_FOLDER/mlops_movie_dag.py', '--cfg-path', '/tmp/tmpe478p3_g']
[2025-06-02T03:37:40.817+0000] {standard_task_runner.py:88} INFO - Job 1446: Subtask dvc_add_and_push_all
[2025-06-02T03:37:40.853+0000] {task_command.py:423} INFO - Running <TaskInstance: movie_recommendation_pipeline.dvc_add_and_push_all manual__2025-06-02T03:33:29.909850+00:00 [running]> on host 0ffa03963677
[2025-06-02T03:37:40.918+0000] {taskinstance.py:2480} INFO - Exporting env vars: AIRFLOW_CTX_DAG_OWNER='***' AIRFLOW_CTX_DAG_ID='movie_recommendation_pipeline' AIRFLOW_CTX_TASK_ID='dvc_add_and_push_all' AIRFLOW_CTX_EXECUTION_DATE='2025-06-02T03:33:29.909850+00:00' AIRFLOW_CTX_TRY_NUMBER='1' AIRFLOW_CTX_DAG_RUN_ID='manual__2025-06-02T03:33:29.909850+00:00'
[2025-06-02T03:37:40.923+0000] {mlops_movie_dag.py:12} INFO - 🟦 Running command: git config --global --add safe.directory /opt/***
[2025-06-02T03:37:40.931+0000] {mlops_movie_dag.py:19} INFO - 🟩 [stdout]:

[2025-06-02T03:37:40.932+0000] {mlops_movie_dag.py:12} INFO - 🟦 Running command: git config --global user.email ***@mlops.local
[2025-06-02T03:37:40.944+0000] {mlops_movie_dag.py:19} INFO - 🟩 [stdout]:

[2025-06-02T03:37:40.945+0000] {mlops_movie_dag.py:12} INFO - 🟦 Running command: git config --global user.name Airflow
[2025-06-02T03:37:40.958+0000] {mlops_movie_dag.py:19} INFO - 🟩 [stdout]:

[2025-06-02T03:37:40.958+0000] {mlops_movie_dag.py:12} INFO - 🟦 Running command: dvc add /opt/***/models/hybrid_model.pkl
[2025-06-02T03:37:53.752+0000] {mlops_movie_dag.py:19} INFO - 🟩 [stdout]:

To track the changes with git, run:

	git add models/hybrid_model.pkl.dvc

To enable auto staging, run:

	dvc config core.autostage true

[2025-06-02T03:37:53.753+0000] {mlops_movie_dag.py:12} INFO - 🟦 Running command: dvc add /opt/***/data/processed/hybrid_matrix.csv
[2025-06-02T03:38:09.055+0000] {mlops_movie_dag.py:19} INFO - 🟩 [stdout]:

To track the changes with git, run:

	git add data/processed/hybrid_matrix.csv.dvc

To enable auto staging, run:

	dvc config core.autostage true

[2025-06-02T03:38:09.055+0000] {mlops_movie_dag.py:12} INFO - 🟦 Running command: dvc add /opt/***/data/processed/hybrid_matrix_features.txt
[2025-06-02T03:38:17.960+0000] {mlops_movie_dag.py:19} INFO - 🟩 [stdout]:

To track the changes with git, run:

	git add data/processed/hybrid_matrix_features.txt.dvc

To enable auto staging, run:

	dvc config core.autostage true

[2025-06-02T03:38:17.961+0000] {mlops_movie_dag.py:12} INFO - 🟦 Running command: dvc add /opt/***/models/user_model.pkl
[2025-06-02T03:38:27.611+0000] {mlops_movie_dag.py:19} INFO - 🟩 [stdout]:

To track the changes with git, run:

	git add models/user_model.pkl.dvc

To enable auto staging, run:

	dvc config core.autostage true

[2025-06-02T03:38:27.612+0000] {mlops_movie_dag.py:12} INFO - 🟦 Running command: dvc add /opt/***/data/processed/user_matrix.csv
[2025-06-02T03:38:37.622+0000] {mlops_movie_dag.py:19} INFO - 🟩 [stdout]:

To track the changes with git, run:

	git add data/processed/user_matrix.csv.dvc

To enable auto staging, run:

	dvc config core.autostage true

[2025-06-02T03:38:37.623+0000] {mlops_movie_dag.py:12} INFO - 🟦 Running command: dvc add /opt/***/data/processed/user_matrix_features.txt
[2025-06-02T03:38:46.597+0000] {mlops_movie_dag.py:19} INFO - 🟩 [stdout]:

To track the changes with git, run:

	git add data/processed/user_matrix_features.txt.dvc

To enable auto staging, run:

	dvc config core.autostage true

[2025-06-02T03:38:46.597+0000] {mlops_movie_dag.py:12} INFO - 🟦 Running command: git add /opt/***/models/hybrid_model.pkl.dvc /opt/***/data/processed/hybrid_matrix.csv.dvc /opt/***/data/processed/hybrid_matrix_features.txt.dvc /opt/***/models/user_model.pkl.dvc /opt/***/data/processed/user_matrix.csv.dvc /opt/***/data/processed/user_matrix_features.txt.dvc
[2025-06-02T03:38:46.712+0000] {mlops_movie_dag.py:19} INFO - 🟩 [stdout]:

[2025-06-02T03:38:46.797+0000] {mlops_movie_dag.py:95} INFO - ✅ Nichts zu committen (Skip git commit)
[2025-06-02T03:38:46.798+0000] {mlops_movie_dag.py:12} INFO - 🟦 Running command: dvc push
[2025-06-02T03:38:55.676+0000] {mlops_movie_dag.py:19} INFO - 🟩 [stdout]:
Everything is up to date.

[2025-06-02T03:38:55.677+0000] {python.py:201} INFO - Done. Returned value was: None
[2025-06-02T03:38:55.686+0000] {taskinstance.py:1138} INFO - Marking task as SUCCESS. dag_id=movie_recommendation_pipeline, task_id=dvc_add_and_push_all, execution_date=20250602T033329, start_date=20250602T033740, end_date=20250602T033855
[2025-06-02T03:38:55.732+0000] {local_task_job_runner.py:234} INFO - Task exited with return code 0
[2025-06-02T03:38:55.752+0000] {taskinstance.py:3280} INFO - 1 downstream tasks scheduled from follow-on schedule check
