[2025-06-01T11:30:24.430+0000] {taskinstance.py:1956} INFO - Dependencies all met for dep_context=non-requeueable deps ti=<TaskInstance: movie_recommendation_pipeline.predict_best_model manual__2025-06-01T11:18:44.472799+00:00 [queued]>
[2025-06-01T11:30:24.438+0000] {taskinstance.py:1956} INFO - Dependencies all met for dep_context=requeueable deps ti=<TaskInstance: movie_recommendation_pipeline.predict_best_model manual__2025-06-01T11:18:44.472799+00:00 [queued]>
[2025-06-01T11:30:24.438+0000] {taskinstance.py:2170} INFO - Starting attempt 1 of 3
[2025-06-01T11:30:24.449+0000] {taskinstance.py:2191} INFO - Executing <Task(PythonOperator): predict_best_model> on 2025-06-01 11:18:44.472799+00:00
[2025-06-01T11:30:24.456+0000] {standard_task_runner.py:60} INFO - Started process 718 to run task
[2025-06-01T11:30:24.458+0000] {standard_task_runner.py:87} INFO - Running: ['***', 'tasks', 'run', 'movie_recommendation_pipeline', 'predict_best_model', 'manual__2025-06-01T11:18:44.472799+00:00', '--job-id', '981', '--raw', '--subdir', 'DAGS_FOLDER/mlops_movie_dag.py', '--cfg-path', '/tmp/tmp4mvl11nx']
[2025-06-01T11:30:24.459+0000] {standard_task_runner.py:88} INFO - Job 981: Subtask predict_best_model
[2025-06-01T11:30:24.492+0000] {task_command.py:423} INFO - Running <TaskInstance: movie_recommendation_pipeline.predict_best_model manual__2025-06-01T11:18:44.472799+00:00 [running]> on host 754694dd6447
[2025-06-01T11:30:24.544+0000] {taskinstance.py:2480} INFO - Exporting env vars: AIRFLOW_CTX_DAG_OWNER='***' AIRFLOW_CTX_DAG_ID='movie_recommendation_pipeline' AIRFLOW_CTX_TASK_ID='predict_best_model' AIRFLOW_CTX_EXECUTION_DATE='2025-06-01T11:18:44.472799+00:00' AIRFLOW_CTX_TRY_NUMBER='1' AIRFLOW_CTX_DAG_RUN_ID='manual__2025-06-01T11:18:44.472799+00:00'
[2025-06-01T11:33:46.155+0000] {local_task_job_runner.py:121} ERROR - Received SIGTERM. Terminating subprocesses
[2025-06-01T11:33:46.166+0000] {process_utils.py:131} INFO - Sending 15 to group 718. PIDs of all processes in the group: [719, 718]
[2025-06-01T11:33:46.167+0000] {process_utils.py:86} INFO - Sending the signal 15 to group 718
[2025-06-01T11:33:46.169+0000] {taskinstance.py:2450} ERROR - Received SIGTERM. Terminating subprocesses.
[2025-06-01T11:33:46.190+0000] {taskinstance.py:2698} ERROR - Task failed with exception
Traceback (most recent call last):
  File "/home/airflow/.local/lib/python3.10/site-packages/airflow/models/taskinstance.py", line 433, in _execute_task
    result = execute_callable(context=context, **execute_callable_kwargs)
  File "/home/airflow/.local/lib/python3.10/site-packages/airflow/operators/python.py", line 199, in execute
    return_value = self.execute_callable()
  File "/home/airflow/.local/lib/python3.10/site-packages/airflow/operators/python.py", line 216, in execute_callable
    return self.python_callable(*self.op_args, **self.op_kwargs)
  File "/opt/airflow/dags/mlops_movie_dag.py", line 44, in run_predict_best_model
    run_and_log(["python", "/opt/airflow/src/models/predict_best_model.py"])
  File "/opt/airflow/dags/mlops_movie_dag.py", line 12, in run_and_log
    result = subprocess.run(command, stdout=subprocess.PIPE, stderr=subprocess.STDOUT, text=True)
  File "/usr/local/lib/python3.10/subprocess.py", line 505, in run
    stdout, stderr = process.communicate(input, timeout=timeout)
  File "/usr/local/lib/python3.10/subprocess.py", line 1141, in communicate
    stdout = self.stdout.read()
  File "/home/airflow/.local/lib/python3.10/site-packages/airflow/models/taskinstance.py", line 2452, in signal_handler
    raise AirflowException("Task received SIGTERM signal")
airflow.exceptions.AirflowException: Task received SIGTERM signal
[2025-06-01T11:33:46.200+0000] {taskinstance.py:1138} INFO - Marking task as UP_FOR_RETRY. dag_id=movie_recommendation_pipeline, task_id=predict_best_model, execution_date=20250601T111844, start_date=20250601T113024, end_date=20250601T113346
[2025-06-01T11:33:46.219+0000] {standard_task_runner.py:107} ERROR - Failed to execute job 981 for task predict_best_model (Task received SIGTERM signal; 718)
[2025-06-01T11:33:46.262+0000] {process_utils.py:79} INFO - Process psutil.Process(pid=718, status='terminated', exitcode=1, started='11:30:23') (718) terminated with exit code 1
[2025-06-01T11:33:46.263+0000] {process_utils.py:79} INFO - Process psutil.Process(pid=719, status='terminated', started='11:30:23') (719) terminated with exit code None
[2025-06-01T11:33:46.264+0000] {local_task_job_runner.py:234} INFO - Task exited with return code 143
[2025-06-01T11:33:46.278+0000] {taskinstance.py:3280} INFO - 0 downstream tasks scheduled from follow-on schedule check
