[2025-06-12T15:25:48.089+0000] {taskinstance.py:1956} INFO - Dependencies all met for dep_context=non-requeueable deps ti=<TaskInstance: deep_models_pipeline.train_deep_hybrid_model manual__2025-06-12T15:25:43.291090+00:00 [queued]>
[2025-06-12T15:25:48.095+0000] {taskinstance.py:1956} INFO - Dependencies all met for dep_context=requeueable deps ti=<TaskInstance: deep_models_pipeline.train_deep_hybrid_model manual__2025-06-12T15:25:43.291090+00:00 [queued]>
[2025-06-12T15:25:48.095+0000] {taskinstance.py:2170} INFO - Starting attempt 1 of 3
[2025-06-12T15:25:48.106+0000] {taskinstance.py:2191} INFO - Executing <Task(PythonOperator): train_deep_hybrid_model> on 2025-06-12 15:25:43.291090+00:00
[2025-06-12T15:25:48.112+0000] {standard_task_runner.py:60} INFO - Started process 315 to run task
[2025-06-12T15:25:48.114+0000] {standard_task_runner.py:87} INFO - Running: ['***', 'tasks', 'run', 'deep_models_pipeline', 'train_deep_hybrid_model', 'manual__2025-06-12T15:25:43.291090+00:00', '--job-id', '37', '--raw', '--subdir', 'DAGS_FOLDER/train_deep_model_dag.py', '--cfg-path', '/tmp/tmpdkrpt4mn']
[2025-06-12T15:25:48.115+0000] {standard_task_runner.py:88} INFO - Job 37: Subtask train_deep_hybrid_model
[2025-06-12T15:25:48.154+0000] {task_command.py:423} INFO - Running <TaskInstance: deep_models_pipeline.train_deep_hybrid_model manual__2025-06-12T15:25:43.291090+00:00 [running]> on host e25078c6d813
[2025-06-12T15:25:48.208+0000] {taskinstance.py:2480} INFO - Exporting env vars: AIRFLOW_CTX_DAG_OWNER='***' AIRFLOW_CTX_DAG_ID='deep_models_pipeline' AIRFLOW_CTX_TASK_ID='train_deep_hybrid_model' AIRFLOW_CTX_EXECUTION_DATE='2025-06-12T15:25:43.291090+00:00' AIRFLOW_CTX_TRY_NUMBER='1' AIRFLOW_CTX_DAG_RUN_ID='manual__2025-06-12T15:25:43.291090+00:00'
[2025-06-12T15:25:48.209+0000] {train_deep_model_dag.py:13} INFO - 🟦 Running command: python /opt/***/src/models/train_hybrid_deep_model.py
[2025-06-12T15:27:16.123+0000] {train_deep_model_dag.py:20} INFO - 🟩 [stdout]:
🏃 View run train_hybrid_deep_model at: https://dagshub.com/sacer11/MLOps_movie_rec_apr25.mlflow/#/experiments/10/runs/bc81a244c78840f3ba78030eea07db3b
🧪 View experiment at: https://dagshub.com/sacer11/MLOps_movie_rec_apr25.mlflow/#/experiments/10

[2025-06-12T15:27:16.124+0000] {train_deep_model_dag.py:22} WARNING - 🟨 [stderr]:
2025-06-12 15:25:52,840 - __main__ - INFO - 📥 Lade Rohdaten und baue Hybrid-Feature-Matrix ...
2025-06-12 15:25:58,939 - __main__ - INFO - 📐 Hybrid-Matrix erstellt mit Shape: (10381, 1429), Feature-Namen: 1429
2025-06-12 15:26:08,840 - __main__ - INFO - 💾 Hybrid-Matrix gespeichert unter /opt/***/data/processed/hybrid_matrix.csv
2025-06-12 15:26:08,942 - __main__ - INFO - 🚀 Starte Training Autoencoder ...
2025-06-12 15:26:10,126 - __main__ - INFO - Epoch 1/30: Loss = 0.0032
2025-06-12 15:26:10,380 - __main__ - INFO - Epoch 2/30: Loss = 0.0018
2025-06-12 15:26:10,638 - __main__ - INFO - Epoch 3/30: Loss = 0.0015
2025-06-12 15:26:10,934 - __main__ - INFO - Epoch 4/30: Loss = 0.0014
2025-06-12 15:26:11,208 - __main__ - INFO - Epoch 5/30: Loss = 0.0013
2025-06-12 15:26:11,533 - __main__ - INFO - Epoch 6/30: Loss = 0.0013
2025-06-12 15:26:11,898 - __main__ - INFO - Epoch 7/30: Loss = 0.0013
2025-06-12 15:26:12,282 - __main__ - INFO - Epoch 8/30: Loss = 0.0012
2025-06-12 15:26:12,601 - __main__ - INFO - Epoch 9/30: Loss = 0.0012
2025-06-12 15:26:12,991 - __main__ - INFO - Epoch 10/30: Loss = 0.0012
2025-06-12 15:26:13,384 - __main__ - INFO - Epoch 11/30: Loss = 0.0011
2025-06-12 15:26:13,750 - __main__ - INFO - Epoch 12/30: Loss = 0.0011
2025-06-12 15:26:14,129 - __main__ - INFO - Epoch 13/30: Loss = 0.0011
2025-06-12 15:26:14,490 - __main__ - INFO - Epoch 14/30: Loss = 0.0011
2025-06-12 15:26:14,779 - __main__ - INFO - Epoch 15/30: Loss = 0.0011
2025-06-12 15:26:15,094 - __main__ - INFO - Epoch 16/30: Loss = 0.0011
2025-06-12 15:26:15,522 - __main__ - INFO - Epoch 17/30: Loss = 0.0011
2025-06-12 15:26:15,953 - __main__ - INFO - Epoch 18/30: Loss = 0.0011
2025-06-12 15:26:16,363 - __main__ - INFO - Epoch 19/30: Loss = 0.0010
2025-06-12 15:26:16,697 - __main__ - INFO - Epoch 20/30: Loss = 0.0010
2025-06-12 15:26:17,002 - __main__ - INFO - Epoch 21/30: Loss = 0.0010
2025-06-12 15:26:17,423 - __main__ - INFO - Epoch 22/30: Loss = 0.0010
2025-06-12 15:26:17,747 - __main__ - INFO - Epoch 23/30: Loss = 0.0010
2025-06-12 15:26:18,091 - __main__ - INFO - Epoch 24/30: Loss = 0.0010
2025-06-12 15:26:18,436 - __main__ - INFO - Epoch 25/30: Loss = 0.0010
2025-06-12 15:26:18,781 - __main__ - INFO - Epoch 26/30: Loss = 0.0010
2025-06-12 15:26:19,059 - __main__ - INFO - Epoch 27/30: Loss = 0.0010
2025-06-12 15:26:19,366 - __main__ - INFO - Epoch 28/30: Loss = 0.0010
2025-06-12 15:26:19,703 - __main__ - INFO - Epoch 29/30: Loss = 0.0010
2025-06-12 15:26:20,089 - __main__ - INFO - Epoch 30/30: Loss = 0.0010
2025-06-12 15:26:20,565 - __main__ - INFO - ✅ Hybrid-Embeddings gespeichert unter /opt/***/data/processed/hybrid_deep_embedding.csv
2025-06-12 15:26:20,584 - __main__ - INFO - ✅ Deep KNN Modell gespeichert unter /opt/***/models/hybrid_deep_knn.pkl
2025/06/12 15:26:34 INFO mlflow.pyfunc: Validating input example against model signature

Downloading artifacts:   0%|          | 0/1 [00:00<?, ?it/s]
Downloading artifacts: 100%|██████████| 1/1 [00:00<00:00, 54.02it/s]
Downloading artifacts: 100%|██████████| 1/1 [00:00<00:00, 53.66it/s]
Registered model 'hybrid_deep_model' already exists. Creating a new version of this model...
2025/06/12 15:26:45 INFO mlflow.store.model_registry.abstract_store: Waiting up to 300 seconds for model version to finish creation. Model name: hybrid_deep_model, version 114
Created version '114' of model 'hybrid_deep_model'.
2025-06-12 15:27:12,854 - __main__ - INFO - 📝 Tags gesetzt für Modellversion 114: n_neighbors=10, latent_dim=64, hidden_dim=256, tfidf_features=300, epochs=30, lr=0.001, batch_size=128, metric=cosine, content_weight=0.5, collab_weight=0.5, power_factor=1.0, precision_10=0.0
2025-06-12 15:27:14,860 - __main__ - INFO - 🏁 Deep Hybrid-Model Training abgeschlossen und geloggt.

[2025-06-12T15:27:16.125+0000] {python.py:201} INFO - Done. Returned value was: None
[2025-06-12T15:27:16.137+0000] {taskinstance.py:1138} INFO - Marking task as SUCCESS. dag_id=deep_models_pipeline, task_id=train_deep_hybrid_model, execution_date=20250612T152543, start_date=20250612T152548, end_date=20250612T152716
[2025-06-12T15:27:16.190+0000] {local_task_job_runner.py:234} INFO - Task exited with return code 0
[2025-06-12T15:27:16.208+0000] {taskinstance.py:3280} INFO - 1 downstream tasks scheduled from follow-on schedule check
