[2025-06-12T02:24:01.941+0000] {taskinstance.py:1956} INFO - Dependencies all met for dep_context=non-requeueable deps ti=<TaskInstance: deep_models_pipeline.import_raw_data manual__2025-06-12T02:24:00.724996+00:00 [queued]>
[2025-06-12T02:24:01.948+0000] {taskinstance.py:1956} INFO - Dependencies all met for dep_context=requeueable deps ti=<TaskInstance: deep_models_pipeline.import_raw_data manual__2025-06-12T02:24:00.724996+00:00 [queued]>
[2025-06-12T02:24:01.948+0000] {taskinstance.py:2170} INFO - Starting attempt 1 of 3
[2025-06-12T02:24:01.959+0000] {taskinstance.py:2191} INFO - Executing <Task(PythonOperator): import_raw_data> on 2025-06-12 02:24:00.724996+00:00
[2025-06-12T02:24:01.967+0000] {standard_task_runner.py:60} INFO - Started process 250 to run task
[2025-06-12T02:24:01.969+0000] {standard_task_runner.py:87} INFO - Running: ['***', 'tasks', 'run', 'deep_models_pipeline', 'import_raw_data', 'manual__2025-06-12T02:24:00.724996+00:00', '--job-id', '3782', '--raw', '--subdir', 'DAGS_FOLDER/train_deep_model_dag.py', '--cfg-path', '/tmp/tmptavdbejc']
[2025-06-12T02:24:01.971+0000] {standard_task_runner.py:88} INFO - Job 3782: Subtask import_raw_data
[2025-06-12T02:24:02.011+0000] {task_command.py:423} INFO - Running <TaskInstance: deep_models_pipeline.import_raw_data manual__2025-06-12T02:24:00.724996+00:00 [running]> on host 7b6d86f9fb84
[2025-06-12T02:24:02.086+0000] {taskinstance.py:2480} INFO - Exporting env vars: AIRFLOW_CTX_DAG_OWNER='***' AIRFLOW_CTX_DAG_ID='deep_models_pipeline' AIRFLOW_CTX_TASK_ID='import_raw_data' AIRFLOW_CTX_EXECUTION_DATE='2025-06-12T02:24:00.724996+00:00' AIRFLOW_CTX_TRY_NUMBER='1' AIRFLOW_CTX_DAG_RUN_ID='manual__2025-06-12T02:24:00.724996+00:00'
[2025-06-12T02:24:02.087+0000] {train_deep_model_dag.py:13} INFO - 🟦 Running command: python /opt/***/src/data/import_raw_data.py
[2025-06-12T02:24:02.328+0000] {train_deep_model_dag.py:20} INFO - 🟩 [stdout]:

[2025-06-12T02:24:02.328+0000] {train_deep_model_dag.py:22} WARNING - 🟨 [stderr]:
2025-06-12 02:24:02,306 - root - INFO - ✅ Datei bereits vorhanden, überspringe: genome-scores.csv
2025-06-12 02:24:02,307 - root - INFO - ✅ Datei bereits vorhanden, überspringe: genome-tags.csv
2025-06-12 02:24:02,308 - root - INFO - ✅ Datei bereits vorhanden, überspringe: links.csv
2025-06-12 02:24:02,309 - root - INFO - ✅ Datei bereits vorhanden, überspringe: movies.csv
2025-06-12 02:24:02,310 - root - INFO - ✅ Datei bereits vorhanden, überspringe: ratings.csv
2025-06-12 02:24:02,311 - root - INFO - ✅ Datei bereits vorhanden, überspringe: README.txt
2025-06-12 02:24:02,312 - root - INFO - ✅ Datei bereits vorhanden, überspringe: tags.csv
2025-06-12 02:24:02,312 - root - INFO - ✅ Rohdatenprüfung abgeschlossen.

[2025-06-12T02:24:02.329+0000] {python.py:201} INFO - Done. Returned value was: None
[2025-06-12T02:24:02.337+0000] {taskinstance.py:1138} INFO - Marking task as SUCCESS. dag_id=deep_models_pipeline, task_id=import_raw_data, execution_date=20250612T022400, start_date=20250612T022401, end_date=20250612T022402
[2025-06-12T02:24:02.383+0000] {local_task_job_runner.py:234} INFO - Task exited with return code 0
[2025-06-12T02:24:02.403+0000] {taskinstance.py:3280} INFO - 1 downstream tasks scheduled from follow-on schedule check
