[2025-06-02T02:19:44.519+0000] {taskinstance.py:1956} INFO - Dependencies all met for dep_context=non-requeueable deps ti=<TaskInstance: movie_recommendation_pipeline.dvc_pull_all manual__2025-06-02T02:13:21.167485+00:00 [queued]>
[2025-06-02T02:19:44.525+0000] {taskinstance.py:1956} INFO - Dependencies all met for dep_context=requeueable deps ti=<TaskInstance: movie_recommendation_pipeline.dvc_pull_all manual__2025-06-02T02:13:21.167485+00:00 [queued]>
[2025-06-02T02:19:44.525+0000] {taskinstance.py:2170} INFO - Starting attempt 1 of 3
[2025-06-02T02:19:44.535+0000] {taskinstance.py:2191} INFO - Executing <Task(PythonOperator): dvc_pull_all> on 2025-06-02 02:13:21.167485+00:00
[2025-06-02T02:19:44.542+0000] {standard_task_runner.py:60} INFO - Started process 987 to run task
[2025-06-02T02:19:44.545+0000] {standard_task_runner.py:87} INFO - Running: ['***', 'tasks', 'run', 'movie_recommendation_pipeline', 'dvc_pull_all', 'manual__2025-06-02T02:13:21.167485+00:00', '--job-id', '1406', '--raw', '--subdir', 'DAGS_FOLDER/mlops_movie_dag.py', '--cfg-path', '/tmp/tmpi0e8x5iz']
[2025-06-02T02:19:44.546+0000] {standard_task_runner.py:88} INFO - Job 1406: Subtask dvc_pull_all
[2025-06-02T02:19:44.577+0000] {task_command.py:423} INFO - Running <TaskInstance: movie_recommendation_pipeline.dvc_pull_all manual__2025-06-02T02:13:21.167485+00:00 [running]> on host 69f945629b06
[2025-06-02T02:19:44.628+0000] {taskinstance.py:2480} INFO - Exporting env vars: AIRFLOW_CTX_DAG_OWNER='***' AIRFLOW_CTX_DAG_ID='movie_recommendation_pipeline' AIRFLOW_CTX_TASK_ID='dvc_pull_all' AIRFLOW_CTX_EXECUTION_DATE='2025-06-02T02:13:21.167485+00:00' AIRFLOW_CTX_TRY_NUMBER='1' AIRFLOW_CTX_DAG_RUN_ID='manual__2025-06-02T02:13:21.167485+00:00'
[2025-06-02T02:19:44.629+0000] {mlops_movie_dag.py:12} INFO - 游릱 Running command: dvc pull /opt/***/models/hybrid_model.pkl
[2025-06-02T02:19:53.168+0000] {mlops_movie_dag.py:18} INFO - 游릴 [stdout]:
Everything is up to date.

[2025-06-02T02:19:53.170+0000] {mlops_movie_dag.py:12} INFO - 游릱 Running command: dvc pull /opt/***/data/processed/hybrid_matrix.csv
[2025-06-02T02:20:01.761+0000] {mlops_movie_dag.py:18} INFO - 游릴 [stdout]:
Everything is up to date.

[2025-06-02T02:20:01.762+0000] {mlops_movie_dag.py:12} INFO - 游릱 Running command: dvc pull /opt/***/data/processed/hybrid_matrix_features.txt
[2025-06-02T02:20:10.442+0000] {mlops_movie_dag.py:18} INFO - 游릴 [stdout]:
Everything is up to date.

[2025-06-02T02:20:10.443+0000] {mlops_movie_dag.py:12} INFO - 游릱 Running command: dvc pull /opt/***/models/user_model.pkl
[2025-06-02T02:20:19.680+0000] {mlops_movie_dag.py:18} INFO - 游릴 [stdout]:
Everything is up to date.

[2025-06-02T02:20:19.680+0000] {mlops_movie_dag.py:12} INFO - 游릱 Running command: dvc pull /opt/***/data/processed/user_matrix.csv
[2025-06-02T02:20:26.106+0000] {mlops_movie_dag.py:18} INFO - 游릴 [stdout]:
Everything is up to date.

[2025-06-02T02:20:26.107+0000] {mlops_movie_dag.py:12} INFO - 游릱 Running command: dvc pull /opt/***/data/processed/user_matrix_features.txt
[2025-06-02T02:20:35.117+0000] {mlops_movie_dag.py:18} INFO - 游릴 [stdout]:
Everything is up to date.

[2025-06-02T02:20:35.118+0000] {python.py:201} INFO - Done. Returned value was: None
[2025-06-02T02:20:35.127+0000] {taskinstance.py:1138} INFO - Marking task as SUCCESS. dag_id=movie_recommendation_pipeline, task_id=dvc_pull_all, execution_date=20250602T021321, start_date=20250602T021944, end_date=20250602T022035
[2025-06-02T02:20:35.163+0000] {local_task_job_runner.py:234} INFO - Task exited with return code 0
[2025-06-02T02:20:35.181+0000] {taskinstance.py:3280} INFO - 1 downstream tasks scheduled from follow-on schedule check
