[2025-06-07T02:18:30.148+0000] {taskinstance.py:1956} INFO - Dependencies all met for dep_context=non-requeueable deps ti=<TaskInstance: deep_models_pipeline.train_deep_hybrid_model manual__2025-06-07T02:18:25.771143+00:00 [queued]>
[2025-06-07T02:18:30.156+0000] {taskinstance.py:1956} INFO - Dependencies all met for dep_context=requeueable deps ti=<TaskInstance: deep_models_pipeline.train_deep_hybrid_model manual__2025-06-07T02:18:25.771143+00:00 [queued]>
[2025-06-07T02:18:30.156+0000] {taskinstance.py:2170} INFO - Starting attempt 1 of 3
[2025-06-07T02:18:30.164+0000] {taskinstance.py:2191} INFO - Executing <Task(PythonOperator): train_deep_hybrid_model> on 2025-06-07 02:18:25.771143+00:00
[2025-06-07T02:18:30.170+0000] {standard_task_runner.py:60} INFO - Started process 300 to run task
[2025-06-07T02:18:30.172+0000] {standard_task_runner.py:87} INFO - Running: ['***', 'tasks', 'run', 'deep_models_pipeline', 'train_deep_hybrid_model', 'manual__2025-06-07T02:18:25.771143+00:00', '--job-id', '2360', '--raw', '--subdir', 'DAGS_FOLDER/train_deep_model_dag.py', '--cfg-path', '/tmp/tmp1j5inne1']
[2025-06-07T02:18:30.174+0000] {standard_task_runner.py:88} INFO - Job 2360: Subtask train_deep_hybrid_model
[2025-06-07T02:18:30.205+0000] {task_command.py:423} INFO - Running <TaskInstance: deep_models_pipeline.train_deep_hybrid_model manual__2025-06-07T02:18:25.771143+00:00 [running]> on host f35df45b7adf
[2025-06-07T02:18:30.260+0000] {taskinstance.py:2480} INFO - Exporting env vars: AIRFLOW_CTX_DAG_OWNER='***' AIRFLOW_CTX_DAG_ID='deep_models_pipeline' AIRFLOW_CTX_TASK_ID='train_deep_hybrid_model' AIRFLOW_CTX_EXECUTION_DATE='2025-06-07T02:18:25.771143+00:00' AIRFLOW_CTX_TRY_NUMBER='1' AIRFLOW_CTX_DAG_RUN_ID='manual__2025-06-07T02:18:25.771143+00:00'
[2025-06-07T02:18:30.261+0000] {train_deep_model_dag.py:13} INFO - 🟦 Running command: python /opt/***/src/models/train_hybrid_deep_model.py --n_neighbors=10 --latent_dim=32 --epochs=30 --tfidf_features=300
[2025-06-07T02:19:28.085+0000] {train_deep_model_dag.py:20} INFO - 🟩 [stdout]:
🏃 View run train_hybrid_deep_model at: https://dagshub.com/sacer11/MLOps_movie_rec_apr25.mlflow/#/experiments/10/runs/8eaaf6928a584f8d8e3e7021fc2a3bec
🧪 View experiment at: https://dagshub.com/sacer11/MLOps_movie_rec_apr25.mlflow/#/experiments/10

[2025-06-07T02:19:28.086+0000] {train_deep_model_dag.py:22} WARNING - 🟨 [stderr]:
/home/***/.local/lib/python3.10/site-packages/mlflow/pyfunc/utils/data_validation.py:186: UserWarning: [33mAdd type hints to the `predict` method to enable data validation and automatic signature inference during model logging. Check https://mlflow.org/docs/latest/model/python_model.html#type-hint-usage-in-pythonmodel for more details.[0m
  color_warning(
2025-06-07 02:18:34,762 - __main__ - INFO - 📥 Lade Rohdaten und baue Hybrid-Feature-Matrix ...
2025-06-07 02:18:39,613 - __main__ - INFO - 📐 Hybrid-Matrix erstellt mit Shape: (10381, 1429), Feature-Namen: 1429
2025-06-07 02:18:49,138 - __main__ - INFO - 💾 Hybrid-Matrix gespeichert unter /opt/***/data/processed/hybrid_matrix.csv
2025-06-07 02:18:49,226 - __main__ - INFO - 🚀 Starte Training Autoencoder ...
2025-06-07 02:18:50,303 - __main__ - INFO - Epoch 1/30: Loss = 0.0121
2025-06-07 02:18:50,572 - __main__ - INFO - Epoch 2/30: Loss = 0.0071
2025-06-07 02:18:50,834 - __main__ - INFO - Epoch 3/30: Loss = 0.0061
2025-06-07 02:18:51,085 - __main__ - INFO - Epoch 4/30: Loss = 0.0057
2025-06-07 02:18:51,333 - __main__ - INFO - Epoch 5/30: Loss = 0.0054
2025-06-07 02:18:51,603 - __main__ - INFO - Epoch 6/30: Loss = 0.0052
2025-06-07 02:18:51,850 - __main__ - INFO - Epoch 7/30: Loss = 0.0051
2025-06-07 02:18:52,128 - __main__ - INFO - Epoch 8/30: Loss = 0.0050
2025-06-07 02:18:52,370 - __main__ - INFO - Epoch 9/30: Loss = 0.0049
2025-06-07 02:18:52,615 - __main__ - INFO - Epoch 10/30: Loss = 0.0049
2025-06-07 02:18:52,857 - __main__ - INFO - Epoch 11/30: Loss = 0.0048
2025-06-07 02:18:53,096 - __main__ - INFO - Epoch 12/30: Loss = 0.0048
2025-06-07 02:18:53,344 - __main__ - INFO - Epoch 13/30: Loss = 0.0047
2025-06-07 02:18:53,634 - __main__ - INFO - Epoch 14/30: Loss = 0.0047
2025-06-07 02:18:53,917 - __main__ - INFO - Epoch 15/30: Loss = 0.0046
2025-06-07 02:18:54,201 - __main__ - INFO - Epoch 16/30: Loss = 0.0046
2025-06-07 02:18:54,453 - __main__ - INFO - Epoch 17/30: Loss = 0.0046
2025-06-07 02:18:54,760 - __main__ - INFO - Epoch 18/30: Loss = 0.0046
2025-06-07 02:18:55,053 - __main__ - INFO - Epoch 19/30: Loss = 0.0045
2025-06-07 02:18:55,359 - __main__ - INFO - Epoch 20/30: Loss = 0.0045
2025-06-07 02:18:55,657 - __main__ - INFO - Epoch 21/30: Loss = 0.0045
2025-06-07 02:18:55,959 - __main__ - INFO - Epoch 22/30: Loss = 0.0045
2025-06-07 02:18:56,255 - __main__ - INFO - Epoch 23/30: Loss = 0.0045
2025-06-07 02:18:56,550 - __main__ - INFO - Epoch 24/30: Loss = 0.0044
2025-06-07 02:18:56,846 - __main__ - INFO - Epoch 25/30: Loss = 0.0044
2025-06-07 02:18:57,126 - __main__ - INFO - Epoch 26/30: Loss = 0.0044
2025-06-07 02:18:57,453 - __main__ - INFO - Epoch 27/30: Loss = 0.0044
2025-06-07 02:18:57,754 - __main__ - INFO - Epoch 28/30: Loss = 0.0044
2025-06-07 02:18:58,035 - __main__ - INFO - Epoch 29/30: Loss = 0.0044
2025-06-07 02:18:58,298 - __main__ - INFO - Epoch 30/30: Loss = 0.0043
2025-06-07 02:18:58,549 - __main__ - INFO - ✅ Hybrid-Embeddings gespeichert unter /opt/***/data/processed/hybrid_deep_embedding.csv
2025-06-07 02:18:58,549 - __main__ - INFO - ✅ Hybrid-Embeddings gespeichert unter /opt/***/data/processed/hybrid_deep_embedding.csv
2025-06-07 02:18:58,560 - __main__ - INFO - ✅ Deep KNN Modell gespeichert unter /opt/***/models/hybrid_deep_knn.pkl
2025/06/07 02:19:03 INFO mlflow.pyfunc: Validating input example against model signature

Downloading artifacts:   0%|          | 0/1 [00:00<?, ?it/s]
Downloading artifacts: 100%|██████████| 1/1 [00:00<00:00, 75.48it/s]
Downloading artifacts: 100%|██████████| 1/1 [00:00<00:00, 74.17it/s]
Registered model 'hybrid_deep_model' already exists. Creating a new version of this model...
2025/06/07 02:19:13 INFO mlflow.store.model_registry.abstract_store: Waiting up to 300 seconds for model version to finish creation. Model name: hybrid_deep_model, version 16
Created version '16' of model 'hybrid_deep_model'.
2025-06-07 02:19:24,823 - __main__ - INFO - 📝 Tags für Modellversion 16 gesetzt: n_neighbors=10, latent_dim=32
2025-06-07 02:19:26,832 - __main__ - INFO - 🏁 Deep Hybrid-Model Training abgeschlossen und geloggt.

[2025-06-07T02:19:28.088+0000] {python.py:201} INFO - Done. Returned value was: None
[2025-06-07T02:19:28.099+0000] {taskinstance.py:1138} INFO - Marking task as SUCCESS. dag_id=deep_models_pipeline, task_id=train_deep_hybrid_model, execution_date=20250607T021825, start_date=20250607T021830, end_date=20250607T021928
[2025-06-07T02:19:28.150+0000] {local_task_job_runner.py:234} INFO - Task exited with return code 0
[2025-06-07T02:19:28.176+0000] {taskinstance.py:3280} INFO - 1 downstream tasks scheduled from follow-on schedule check
