[2025-06-04T07:19:39.533+0000] {taskinstance.py:1956} INFO - Dependencies all met for dep_context=non-requeueable deps ti=<TaskInstance: movie_recommendation_pipeline.predict_best_model_user manual__2025-06-04T07:12:00.425638+00:00 [queued]>
[2025-06-04T07:19:39.541+0000] {taskinstance.py:1956} INFO - Dependencies all met for dep_context=requeueable deps ti=<TaskInstance: movie_recommendation_pipeline.predict_best_model_user manual__2025-06-04T07:12:00.425638+00:00 [queued]>
[2025-06-04T07:19:39.541+0000] {taskinstance.py:2170} INFO - Starting attempt 1 of 3
[2025-06-04T07:19:39.552+0000] {taskinstance.py:2191} INFO - Executing <Task(PythonOperator): predict_best_model_user> on 2025-06-04 07:12:00.425638+00:00
[2025-06-04T07:19:39.558+0000] {standard_task_runner.py:60} INFO - Started process 2055 to run task
[2025-06-04T07:19:39.560+0000] {standard_task_runner.py:87} INFO - Running: ['***', 'tasks', 'run', 'movie_recommendation_pipeline', 'predict_best_model_user', 'manual__2025-06-04T07:12:00.425638+00:00', '--job-id', '1826', '--raw', '--subdir', 'DAGS_FOLDER/mlops_movie_dag.py', '--cfg-path', '/tmp/tmpcfgxsf4l']
[2025-06-04T07:19:39.561+0000] {standard_task_runner.py:88} INFO - Job 1826: Subtask predict_best_model_user
[2025-06-04T07:19:39.593+0000] {task_command.py:423} INFO - Running <TaskInstance: movie_recommendation_pipeline.predict_best_model_user manual__2025-06-04T07:12:00.425638+00:00 [running]> on host e71253cfdb88
[2025-06-04T07:19:39.650+0000] {taskinstance.py:2480} INFO - Exporting env vars: AIRFLOW_CTX_DAG_OWNER='***' AIRFLOW_CTX_DAG_ID='movie_recommendation_pipeline' AIRFLOW_CTX_TASK_ID='predict_best_model_user' AIRFLOW_CTX_EXECUTION_DATE='2025-06-04T07:12:00.425638+00:00' AIRFLOW_CTX_TRY_NUMBER='1' AIRFLOW_CTX_DAG_RUN_ID='manual__2025-06-04T07:12:00.425638+00:00'
[2025-06-04T07:19:39.651+0000] {mlops_movie_dag.py:12} INFO - 🟦 Running command: python /opt/***/src/models/predict_best_model.py --model_type=user --pipeline_type=classic --n_users=100
[2025-06-04T07:19:52.508+0000] {mlops_movie_dag.py:19} INFO - 🟩 [stdout]:
🏃 View run predict_best_model_user at: https://dagshub.com/sacer11/MLOps_movie_rec_apr25.mlflow/#/experiments/3/runs/e67dafe8aaf64b2f8f6c562ebdf39c03
🧪 View experiment at: https://dagshub.com/sacer11/MLOps_movie_rec_apr25.mlflow/#/experiments/3

[2025-06-04T07:19:52.510+0000] {mlops_movie_dag.py:21} WARNING - 🟨 [stderr]:
2025-06-04 07:19:41,447 - INFO - 🚀 Starte Prediction – Typ: user, Pipeline: classic
2025-06-04 07:19:42,396 - INFO - 📥 Eingabematrix geladen: /opt/***/data/processed/user_matrix.csv – Shape: (138493, 20)
/home/***/.local/lib/python3.10/site-packages/sklearn/base.py:458: UserWarning: X has feature names, but NearestNeighbors was fitted without feature names
  warnings.warn(
2025-06-04 07:19:42,558 - INFO - 💾 Vorhersagen gespeichert unter: /opt/***/data/processed/predictions_user.csv
2025-06-04 07:19:52,209 - INFO - ✅ Predictions erfolgreich in MLflow geloggt

[2025-06-04T07:19:52.510+0000] {python.py:201} INFO - Done. Returned value was: None
[2025-06-04T07:19:52.517+0000] {taskinstance.py:1138} INFO - Marking task as SUCCESS. dag_id=movie_recommendation_pipeline, task_id=predict_best_model_user, execution_date=20250604T071200, start_date=20250604T071939, end_date=20250604T071952
[2025-06-04T07:19:52.558+0000] {local_task_job_runner.py:234} INFO - Task exited with return code 0
[2025-06-04T07:19:52.569+0000] {taskinstance.py:3280} INFO - 0 downstream tasks scheduled from follow-on schedule check
