[2025-05-31T20:35:41.740+0000] {taskinstance.py:1956} INFO - Dependencies all met for dep_context=non-requeueable deps ti=<TaskInstance: movie_recommendation_pipeline.train_user_model manual__2025-05-31T20:35:15.386496+00:00 [queued]>
[2025-05-31T20:35:41.748+0000] {taskinstance.py:1956} INFO - Dependencies all met for dep_context=requeueable deps ti=<TaskInstance: movie_recommendation_pipeline.train_user_model manual__2025-05-31T20:35:15.386496+00:00 [queued]>
[2025-05-31T20:35:41.749+0000] {taskinstance.py:2170} INFO - Starting attempt 1 of 3
[2025-05-31T20:35:41.761+0000] {taskinstance.py:2191} INFO - Executing <Task(PythonOperator): train_user_model> on 2025-05-31 20:35:15.386496+00:00
[2025-05-31T20:35:41.768+0000] {standard_task_runner.py:60} INFO - Started process 307 to run task
[2025-05-31T20:35:41.770+0000] {standard_task_runner.py:87} INFO - Running: ['***', 'tasks', 'run', 'movie_recommendation_pipeline', 'train_user_model', 'manual__2025-05-31T20:35:15.386496+00:00', '--job-id', '395', '--raw', '--subdir', 'DAGS_FOLDER/mlops_movie_dag.py', '--cfg-path', '/tmp/tmpmxil59ah']
[2025-05-31T20:35:41.772+0000] {standard_task_runner.py:88} INFO - Job 395: Subtask train_user_model
[2025-05-31T20:35:41.810+0000] {task_command.py:423} INFO - Running <TaskInstance: movie_recommendation_pipeline.train_user_model manual__2025-05-31T20:35:15.386496+00:00 [running]> on host 6c2ad6c49f7a
[2025-05-31T20:35:41.868+0000] {taskinstance.py:2480} INFO - Exporting env vars: AIRFLOW_CTX_DAG_OWNER='***' AIRFLOW_CTX_DAG_ID='movie_recommendation_pipeline' AIRFLOW_CTX_TASK_ID='train_user_model' AIRFLOW_CTX_EXECUTION_DATE='2025-05-31T20:35:15.386496+00:00' AIRFLOW_CTX_TRY_NUMBER='1' AIRFLOW_CTX_DAG_RUN_ID='manual__2025-05-31T20:35:15.386496+00:00'
[2025-05-31T20:39:06.258+0000] {mlops_movie_dag.py:12} INFO - ðŸš€ Starte Training des user_model
ðŸ“¥ Lade Bewertungen und Movie-Embeddings
ðŸ”„ Erstelle User-Vektoren
âœ… 138493 User-Vektoren gespeichert unter /opt/***/data/processed/user_matrix.csv
ðŸ“Š Trainiere NearestNeighbors-Modell
âœ… Modell gespeichert unter /opt/***/models/user_model.pkl
ðŸ“¡ Starte MLflow-Tracking

Downloading artifacts:   0%|          | 0/1 [00:00<?, ?it/s]
Downloading artifacts: 100%|â–ˆâ–ˆâ–ˆâ–ˆâ–ˆâ–ˆâ–ˆâ–ˆâ–ˆâ–ˆ| 1/1 [00:00<00:00,  6.37it/s]
Downloading artifacts: 100%|â–ˆâ–ˆâ–ˆâ–ˆâ–ˆâ–ˆâ–ˆâ–ˆâ–ˆâ–ˆ| 1/1 [00:00<00:00,  6.37it/s]
Downloading artifacts: 100%|â–ˆâ–ˆâ–ˆâ–ˆâ–ˆâ–ˆâ–ˆâ–ˆâ–ˆâ–ˆ| 1/1 [00:00<00:00,  6.35it/s]
ðŸ Training abgeschlossen und geloggt.

[2025-05-31T20:39:06.260+0000] {python.py:201} INFO - Done. Returned value was: None
[2025-05-31T20:39:06.274+0000] {taskinstance.py:1138} INFO - Marking task as SUCCESS. dag_id=movie_recommendation_pipeline, task_id=train_user_model, execution_date=20250531T203515, start_date=20250531T203541, end_date=20250531T203906
[2025-05-31T20:39:06.303+0000] {local_task_job_runner.py:234} INFO - Task exited with return code 0
[2025-05-31T20:39:06.322+0000] {taskinstance.py:3280} INFO - 1 downstream tasks scheduled from follow-on schedule check
