[2025-05-30T12:59:34.640+0000] {processor.py:161} INFO - Started process (PID=188) to work on /opt/airflow/dags/predict_model_dag.py
[2025-05-30T12:59:34.641+0000] {processor.py:830} INFO - Processing file /opt/airflow/dags/predict_model_dag.py for tasks to queue
[2025-05-30T12:59:34.641+0000] {logging_mixin.py:188} INFO - [2025-05-30T12:59:34.641+0000] {dagbag.py:538} INFO - Filling up the DagBag from /opt/airflow/dags/predict_model_dag.py
[2025-05-30T12:59:35.452+0000] {logging_mixin.py:188} INFO - [2025-05-30T12:59:35.449+0000] {dagbag.py:348} ERROR - Failed to import: /opt/airflow/dags/predict_model_dag.py
Traceback (most recent call last):
  File "/home/airflow/.local/lib/python3.10/site-packages/airflow/models/dagbag.py", line 344, in parse
    loader.exec_module(new_module)
  File "<frozen importlib._bootstrap_external>", line 883, in exec_module
  File "<frozen importlib._bootstrap>", line 241, in _call_with_frames_removed
  File "/opt/airflow/dags/predict_model_dag.py", line 11, in <module>
    from src.visualization.validate_predictions import validate_predictions
ModuleNotFoundError: No module named 'src.visualization.validate_predictions'
[2025-05-30T12:59:35.455+0000] {processor.py:842} WARNING - No viable dags retrieved from /opt/airflow/dags/predict_model_dag.py
[2025-05-30T12:59:35.469+0000] {processor.py:183} INFO - Processing /opt/airflow/dags/predict_model_dag.py took 0.832 seconds
[2025-05-30T13:00:05.773+0000] {processor.py:161} INFO - Started process (PID=235) to work on /opt/airflow/dags/predict_model_dag.py
[2025-05-30T13:00:05.774+0000] {processor.py:830} INFO - Processing file /opt/airflow/dags/predict_model_dag.py for tasks to queue
[2025-05-30T13:00:05.775+0000] {logging_mixin.py:188} INFO - [2025-05-30T13:00:05.774+0000] {dagbag.py:538} INFO - Filling up the DagBag from /opt/airflow/dags/predict_model_dag.py
[2025-05-30T13:00:06.717+0000] {logging_mixin.py:188} INFO - [2025-05-30T13:00:06.713+0000] {dagbag.py:348} ERROR - Failed to import: /opt/airflow/dags/predict_model_dag.py
Traceback (most recent call last):
  File "/home/airflow/.local/lib/python3.10/site-packages/airflow/models/dagbag.py", line 344, in parse
    loader.exec_module(new_module)
  File "<frozen importlib._bootstrap_external>", line 883, in exec_module
  File "<frozen importlib._bootstrap>", line 241, in _call_with_frames_removed
  File "/opt/airflow/dags/predict_model_dag.py", line 11, in <module>
    from src.visualization.validate_predictions import validate_predictions
ModuleNotFoundError: No module named 'src.visualization.validate_predictions'
[2025-05-30T13:00:06.721+0000] {processor.py:842} WARNING - No viable dags retrieved from /opt/airflow/dags/predict_model_dag.py
[2025-05-30T13:00:06.747+0000] {processor.py:183} INFO - Processing /opt/airflow/dags/predict_model_dag.py took 0.977 seconds
