[2025-06-18T12:38:23.434+0000] {taskinstance.py:1956} INFO - Dependencies all met for dep_context=non-requeueable deps ti=<TaskInstance: deep_models_pipeline.import_raw_data manual__2025-06-18T12:38:21.705238+00:00 [queued]>
[2025-06-18T12:38:23.441+0000] {taskinstance.py:1956} INFO - Dependencies all met for dep_context=requeueable deps ti=<TaskInstance: deep_models_pipeline.import_raw_data manual__2025-06-18T12:38:21.705238+00:00 [queued]>
[2025-06-18T12:38:23.442+0000] {taskinstance.py:2170} INFO - Starting attempt 1 of 3
[2025-06-18T12:38:23.454+0000] {taskinstance.py:2191} INFO - Executing <Task(PythonOperator): import_raw_data> on 2025-06-18 12:38:21.705238+00:00
[2025-06-18T12:38:23.461+0000] {standard_task_runner.py:60} INFO - Started process 295 to run task
[2025-06-18T12:38:23.464+0000] {standard_task_runner.py:87} INFO - Running: ['***', 'tasks', 'run', 'deep_models_pipeline', 'import_raw_data', 'manual__2025-06-18T12:38:21.705238+00:00', '--job-id', '584', '--raw', '--subdir', 'DAGS_FOLDER/train_deep_model_dag.py', '--cfg-path', '/tmp/tmp4vbh3znx']
[2025-06-18T12:38:23.466+0000] {standard_task_runner.py:88} INFO - Job 584: Subtask import_raw_data
[2025-06-18T12:38:23.508+0000] {task_command.py:423} INFO - Running <TaskInstance: deep_models_pipeline.import_raw_data manual__2025-06-18T12:38:21.705238+00:00 [running]> on host 2218a87e1a23
[2025-06-18T12:38:23.587+0000] {taskinstance.py:2480} INFO - Exporting env vars: AIRFLOW_CTX_DAG_OWNER='***' AIRFLOW_CTX_DAG_ID='deep_models_pipeline' AIRFLOW_CTX_TASK_ID='import_raw_data' AIRFLOW_CTX_EXECUTION_DATE='2025-06-18T12:38:21.705238+00:00' AIRFLOW_CTX_TRY_NUMBER='1' AIRFLOW_CTX_DAG_RUN_ID='manual__2025-06-18T12:38:21.705238+00:00'
[2025-06-18T12:38:23.589+0000] {train_deep_model_dag.py:14} INFO - 🟦 Running command: python /opt/***/src/movie/data/import_raw_data.py
[2025-06-18T12:38:23.589+0000] {train_deep_model_dag.py:15} INFO - 🟦 Working directory: /opt/***
[2025-06-18T12:38:23.590+0000] {train_deep_model_dag.py:16} INFO - MLflow Tracking URI: https://dagshub.com/sacer11/MLOps_movie_rec_apr25.mlflow
[2025-06-18T12:38:23.590+0000] {train_deep_model_dag.py:17} INFO - User: Klemp.Thomas
[2025-06-18T12:38:23.590+0000] {train_deep_model_dag.py:18} INFO - Password: 24a59c66cf
[2025-06-18T12:38:23.843+0000] {train_deep_model_dag.py:25} INFO - 🟩 [stdout]:

[2025-06-18T12:38:23.844+0000] {train_deep_model_dag.py:27} WARNING - 🟨 [stderr]:
2025-06-18 12:38:23,815 - root - INFO - ✅ Data already exists, skip: genome-scores.csv
2025-06-18 12:38:23,817 - root - INFO - ✅ Data already exists, skip: genome-tags.csv
2025-06-18 12:38:23,819 - root - INFO - ✅ Data already exists, skip: links.csv
2025-06-18 12:38:23,820 - root - INFO - ✅ Data already exists, skip: movies.csv
2025-06-18 12:38:23,821 - root - INFO - ✅ Data already exists, skip: ratings.csv
2025-06-18 12:38:23,822 - root - INFO - ✅ Data already exists, skip: README.txt
2025-06-18 12:38:23,824 - root - INFO - ✅ Data already exists, skip: tags.csv
2025-06-18 12:38:23,824 - root - INFO - ✅ Raw Data created.

[2025-06-18T12:38:23.845+0000] {python.py:201} INFO - Done. Returned value was: None
[2025-06-18T12:38:23.855+0000] {taskinstance.py:1138} INFO - Marking task as SUCCESS. dag_id=deep_models_pipeline, task_id=import_raw_data, execution_date=20250618T123821, start_date=20250618T123823, end_date=20250618T123823
[2025-06-18T12:38:23.878+0000] {local_task_job_runner.py:234} INFO - Task exited with return code 0
[2025-06-18T12:38:23.901+0000] {taskinstance.py:3280} INFO - 1 downstream tasks scheduled from follow-on schedule check
