[2025-06-07T01:48:42.965+0000] {taskinstance.py:1956} INFO - Dependencies all met for dep_context=non-requeueable deps ti=<TaskInstance: deep_models_pipeline.train_deep_hybrid_model manual__2025-06-07T01:48:38.541781+00:00 [queued]>
[2025-06-07T01:48:42.971+0000] {taskinstance.py:1956} INFO - Dependencies all met for dep_context=requeueable deps ti=<TaskInstance: deep_models_pipeline.train_deep_hybrid_model manual__2025-06-07T01:48:38.541781+00:00 [queued]>
[2025-06-07T01:48:42.972+0000] {taskinstance.py:2170} INFO - Starting attempt 1 of 3
[2025-06-07T01:48:42.981+0000] {taskinstance.py:2191} INFO - Executing <Task(PythonOperator): train_deep_hybrid_model> on 2025-06-07 01:48:38.541781+00:00
[2025-06-07T01:48:42.987+0000] {standard_task_runner.py:60} INFO - Started process 299 to run task
[2025-06-07T01:48:42.989+0000] {standard_task_runner.py:87} INFO - Running: ['***', 'tasks', 'run', 'deep_models_pipeline', 'train_deep_hybrid_model', 'manual__2025-06-07T01:48:38.541781+00:00', '--job-id', '2352', '--raw', '--subdir', 'DAGS_FOLDER/train_deep_model_dag.py', '--cfg-path', '/tmp/tmp1i78etqm']
[2025-06-07T01:48:42.990+0000] {standard_task_runner.py:88} INFO - Job 2352: Subtask train_deep_hybrid_model
[2025-06-07T01:48:43.020+0000] {task_command.py:423} INFO - Running <TaskInstance: deep_models_pipeline.train_deep_hybrid_model manual__2025-06-07T01:48:38.541781+00:00 [running]> on host 3d89f7199a60
[2025-06-07T01:48:43.072+0000] {taskinstance.py:2480} INFO - Exporting env vars: AIRFLOW_CTX_DAG_OWNER='***' AIRFLOW_CTX_DAG_ID='deep_models_pipeline' AIRFLOW_CTX_TASK_ID='train_deep_hybrid_model' AIRFLOW_CTX_EXECUTION_DATE='2025-06-07T01:48:38.541781+00:00' AIRFLOW_CTX_TRY_NUMBER='1' AIRFLOW_CTX_DAG_RUN_ID='manual__2025-06-07T01:48:38.541781+00:00'
[2025-06-07T01:48:43.073+0000] {train_deep_model_dag.py:13} INFO - 🟦 Running command: python /opt/***/src/models/train_hybrid_deep_model.py --n_neighbors=10 --latent_dim=32 --epochs=30 --tfidf_features=300
[2025-06-07T01:49:39.392+0000] {train_deep_model_dag.py:20} INFO - 🟩 [stdout]:
🏃 View run train_hybrid_deep_model at: https://dagshub.com/sacer11/MLOps_movie_rec_apr25.mlflow/#/experiments/10/runs/ff60e3b2dfd04da59c538ce9a6c1d57a
🧪 View experiment at: https://dagshub.com/sacer11/MLOps_movie_rec_apr25.mlflow/#/experiments/10

[2025-06-07T01:49:39.393+0000] {train_deep_model_dag.py:22} WARNING - 🟨 [stderr]:
/home/***/.local/lib/python3.10/site-packages/mlflow/pyfunc/utils/data_validation.py:186: UserWarning: [33mAdd type hints to the `predict` method to enable data validation and automatic signature inference during model logging. Check https://mlflow.org/docs/latest/model/python_model.html#type-hint-usage-in-pythonmodel for more details.[0m
  color_warning(
2025-06-07 01:48:46,635 - __main__ - INFO - 📥 Lade Rohdaten und baue Hybrid-Feature-Matrix ...
2025-06-07 01:48:51,768 - __main__ - INFO - 📐 Hybrid-Matrix erstellt mit Shape: (10381, 1429), Feature-Namen: 1429
2025-06-07 01:49:01,379 - __main__ - INFO - 💾 Hybrid-Matrix gespeichert unter /opt/***/data/processed/hybrid_matrix.csv
2025-06-07 01:49:01,465 - __main__ - INFO - 🚀 Starte Training Autoencoder ...
2025-06-07 01:49:02,220 - __main__ - INFO - Epoch 1/30: Loss = 0.0121
2025-06-07 01:49:02,462 - __main__ - INFO - Epoch 2/30: Loss = 0.0071
2025-06-07 01:49:02,709 - __main__ - INFO - Epoch 3/30: Loss = 0.0061
2025-06-07 01:49:03,018 - __main__ - INFO - Epoch 4/30: Loss = 0.0057
2025-06-07 01:49:03,290 - __main__ - INFO - Epoch 5/30: Loss = 0.0054
2025-06-07 01:49:03,536 - __main__ - INFO - Epoch 6/30: Loss = 0.0053
2025-06-07 01:49:03,771 - __main__ - INFO - Epoch 7/30: Loss = 0.0051
2025-06-07 01:49:03,999 - __main__ - INFO - Epoch 8/30: Loss = 0.0050
2025-06-07 01:49:04,229 - __main__ - INFO - Epoch 9/30: Loss = 0.0049
2025-06-07 01:49:04,462 - __main__ - INFO - Epoch 10/30: Loss = 0.0049
2025-06-07 01:49:04,686 - __main__ - INFO - Epoch 11/30: Loss = 0.0048
2025-06-07 01:49:04,924 - __main__ - INFO - Epoch 12/30: Loss = 0.0048
2025-06-07 01:49:05,163 - __main__ - INFO - Epoch 13/30: Loss = 0.0047
2025-06-07 01:49:05,416 - __main__ - INFO - Epoch 14/30: Loss = 0.0047
2025-06-07 01:49:05,654 - __main__ - INFO - Epoch 15/30: Loss = 0.0046
2025-06-07 01:49:05,887 - __main__ - INFO - Epoch 16/30: Loss = 0.0046
2025-06-07 01:49:06,138 - __main__ - INFO - Epoch 17/30: Loss = 0.0046
2025-06-07 01:49:06,383 - __main__ - INFO - Epoch 18/30: Loss = 0.0046
2025-06-07 01:49:06,663 - __main__ - INFO - Epoch 19/30: Loss = 0.0045
2025-06-07 01:49:06,952 - __main__ - INFO - Epoch 20/30: Loss = 0.0045
2025-06-07 01:49:07,238 - __main__ - INFO - Epoch 21/30: Loss = 0.0045
2025-06-07 01:49:07,512 - __main__ - INFO - Epoch 22/30: Loss = 0.0045
2025-06-07 01:49:07,766 - __main__ - INFO - Epoch 23/30: Loss = 0.0044
2025-06-07 01:49:08,057 - __main__ - INFO - Epoch 24/30: Loss = 0.0044
2025-06-07 01:49:08,307 - __main__ - INFO - Epoch 25/30: Loss = 0.0044
2025-06-07 01:49:08,554 - __main__ - INFO - Epoch 26/30: Loss = 0.0044
2025-06-07 01:49:08,813 - __main__ - INFO - Epoch 27/30: Loss = 0.0044
2025-06-07 01:49:09,092 - __main__ - INFO - Epoch 28/30: Loss = 0.0044
2025-06-07 01:49:09,381 - __main__ - INFO - Epoch 29/30: Loss = 0.0044
2025-06-07 01:49:09,630 - __main__ - INFO - Epoch 30/30: Loss = 0.0043
2025-06-07 01:49:09,877 - __main__ - INFO - ✅ Hybrid-Embeddings gespeichert unter /opt/***/data/processed/hybrid_deep_embedding.csv
2025-06-07 01:49:09,877 - __main__ - INFO - ✅ Hybrid-Embeddings gespeichert unter /opt/***/data/processed/hybrid_deep_embedding.csv
2025-06-07 01:49:09,888 - __main__ - INFO - ✅ Deep KNN Modell gespeichert unter /opt/***/models/hybrid_deep_knn.pkl
2025/06/07 01:49:15 INFO mlflow.pyfunc: Validating input example against model signature

Downloading artifacts:   0%|          | 0/1 [00:00<?, ?it/s]
Downloading artifacts: 100%|██████████| 1/1 [00:00<00:00, 53.93it/s]
Downloading artifacts: 100%|██████████| 1/1 [00:00<00:00, 53.17it/s]
Registered model 'hybrid_deep_model' already exists. Creating a new version of this model...
2025/06/07 01:49:25 INFO mlflow.store.model_registry.abstract_store: Waiting up to 300 seconds for model version to finish creation. Model name: hybrid_deep_model, version 15
Created version '15' of model 'hybrid_deep_model'.
2025-06-07 01:49:36,161 - __main__ - INFO - 📝 Tags für Modellversion 15 gesetzt: n_neighbors=10, latent_dim=32
2025-06-07 01:49:38,131 - __main__ - INFO - 🏁 Deep Hybrid-Model Training abgeschlossen und geloggt.

[2025-06-07T01:49:39.394+0000] {python.py:201} INFO - Done. Returned value was: None
[2025-06-07T01:49:39.405+0000] {taskinstance.py:1138} INFO - Marking task as SUCCESS. dag_id=deep_models_pipeline, task_id=train_deep_hybrid_model, execution_date=20250607T014838, start_date=20250607T014842, end_date=20250607T014939
[2025-06-07T01:49:39.430+0000] {local_task_job_runner.py:234} INFO - Task exited with return code 0
[2025-06-07T01:49:39.455+0000] {taskinstance.py:3280} INFO - 1 downstream tasks scheduled from follow-on schedule check
