[2025-06-08T23:48:28.312+0000] {taskinstance.py:1956} INFO - Dependencies all met for dep_context=non-requeueable deps ti=<TaskInstance: deep_models_pipeline.train_deep_hybrid_model manual__2025-06-08T23:48:23.168884+00:00 [queued]>
[2025-06-08T23:48:28.318+0000] {taskinstance.py:1956} INFO - Dependencies all met for dep_context=requeueable deps ti=<TaskInstance: deep_models_pipeline.train_deep_hybrid_model manual__2025-06-08T23:48:23.168884+00:00 [queued]>
[2025-06-08T23:48:28.318+0000] {taskinstance.py:2170} INFO - Starting attempt 1 of 3
[2025-06-08T23:48:28.326+0000] {taskinstance.py:2191} INFO - Executing <Task(PythonOperator): train_deep_hybrid_model> on 2025-06-08 23:48:23.168884+00:00
[2025-06-08T23:48:28.332+0000] {standard_task_runner.py:60} INFO - Started process 660 to run task
[2025-06-08T23:48:28.334+0000] {standard_task_runner.py:87} INFO - Running: ['***', 'tasks', 'run', 'deep_models_pipeline', 'train_deep_hybrid_model', 'manual__2025-06-08T23:48:23.168884+00:00', '--job-id', '3616', '--raw', '--subdir', 'DAGS_FOLDER/train_deep_model_dag.py', '--cfg-path', '/tmp/tmpo2ihaidw']
[2025-06-08T23:48:28.335+0000] {standard_task_runner.py:88} INFO - Job 3616: Subtask train_deep_hybrid_model
[2025-06-08T23:48:28.363+0000] {task_command.py:423} INFO - Running <TaskInstance: deep_models_pipeline.train_deep_hybrid_model manual__2025-06-08T23:48:23.168884+00:00 [running]> on host df287bab431b
[2025-06-08T23:48:28.415+0000] {taskinstance.py:2480} INFO - Exporting env vars: AIRFLOW_CTX_DAG_OWNER='***' AIRFLOW_CTX_DAG_ID='deep_models_pipeline' AIRFLOW_CTX_TASK_ID='train_deep_hybrid_model' AIRFLOW_CTX_EXECUTION_DATE='2025-06-08T23:48:23.168884+00:00' AIRFLOW_CTX_TRY_NUMBER='1' AIRFLOW_CTX_DAG_RUN_ID='manual__2025-06-08T23:48:23.168884+00:00'
[2025-06-08T23:48:28.416+0000] {train_deep_model_dag.py:13} INFO - 🟦 Running command: python /opt/***/src/models/train_hybrid_deep_model.py --n_neighbors=10 --latent_dim=64 --epochs=30 --tfidf_features=300
[2025-06-08T23:50:15.463+0000] {train_deep_model_dag.py:20} INFO - 🟩 [stdout]:
🏃 View run train_hybrid_deep_model at: https://dagshub.com/sacer11/MLOps_movie_rec_apr25.mlflow/#/experiments/10/runs/92b20d012445431aa0d97edc78676d6f
🧪 View experiment at: https://dagshub.com/sacer11/MLOps_movie_rec_apr25.mlflow/#/experiments/10

[2025-06-08T23:50:15.464+0000] {train_deep_model_dag.py:22} WARNING - 🟨 [stderr]:
2025-06-08 23:48:32,030 - __main__ - INFO - 📥 Lade Rohdaten und baue Hybrid-Feature-Matrix ...
2025-06-08 23:48:37,416 - __main__ - INFO - 📐 Hybrid-Matrix erstellt mit Shape: (10381, 1429), Feature-Namen: 1429
2025-06-08 23:48:54,455 - __main__ - INFO - 💾 Hybrid-Matrix gespeichert unter /opt/***/data/processed/hybrid_matrix.csv
2025-06-08 23:48:54,481 - __main__ - INFO - 🚀 Starte Training Autoencoder ...
2025-06-08 23:48:55,468 - __main__ - INFO - Epoch 1/30: Loss = 0.0118
2025-06-08 23:48:55,754 - __main__ - INFO - Epoch 2/30: Loss = 0.0069
2025-06-08 23:48:56,034 - __main__ - INFO - Epoch 3/30: Loss = 0.0059
2025-06-08 23:48:56,395 - __main__ - INFO - Epoch 4/30: Loss = 0.0054
2025-06-08 23:48:56,677 - __main__ - INFO - Epoch 5/30: Loss = 0.0051
2025-06-08 23:48:56,957 - __main__ - INFO - Epoch 6/30: Loss = 0.0049
2025-06-08 23:48:57,231 - __main__ - INFO - Epoch 7/30: Loss = 0.0048
2025-06-08 23:48:57,493 - __main__ - INFO - Epoch 8/30: Loss = 0.0046
2025-06-08 23:48:57,742 - __main__ - INFO - Epoch 9/30: Loss = 0.0045
2025-06-08 23:48:58,023 - __main__ - INFO - Epoch 10/30: Loss = 0.0044
2025-06-08 23:48:58,322 - __main__ - INFO - Epoch 11/30: Loss = 0.0044
2025-06-08 23:48:58,605 - __main__ - INFO - Epoch 12/30: Loss = 0.0043
2025-06-08 23:48:58,876 - __main__ - INFO - Epoch 13/30: Loss = 0.0042
2025-06-08 23:48:59,174 - __main__ - INFO - Epoch 14/30: Loss = 0.0042
2025-06-08 23:48:59,417 - __main__ - INFO - Epoch 15/30: Loss = 0.0042
2025-06-08 23:48:59,671 - __main__ - INFO - Epoch 16/30: Loss = 0.0041
2025-06-08 23:48:59,930 - __main__ - INFO - Epoch 17/30: Loss = 0.0041
2025-06-08 23:49:00,231 - __main__ - INFO - Epoch 18/30: Loss = 0.0041
2025-06-08 23:49:00,499 - __main__ - INFO - Epoch 19/30: Loss = 0.0041
2025-06-08 23:49:00,774 - __main__ - INFO - Epoch 20/30: Loss = 0.0040
2025-06-08 23:49:01,076 - __main__ - INFO - Epoch 21/30: Loss = 0.0040
2025-06-08 23:49:01,319 - __main__ - INFO - Epoch 22/30: Loss = 0.0040
2025-06-08 23:49:01,583 - __main__ - INFO - Epoch 23/30: Loss = 0.0040
2025-06-08 23:49:01,826 - __main__ - INFO - Epoch 24/30: Loss = 0.0040
2025-06-08 23:49:02,075 - __main__ - INFO - Epoch 25/30: Loss = 0.0039
2025-06-08 23:49:02,362 - __main__ - INFO - Epoch 26/30: Loss = 0.0039
2025-06-08 23:49:02,646 - __main__ - INFO - Epoch 27/30: Loss = 0.0039
2025-06-08 23:49:02,921 - __main__ - INFO - Epoch 28/30: Loss = 0.0039
2025-06-08 23:49:03,168 - __main__ - INFO - Epoch 29/30: Loss = 0.0039
2025-06-08 23:49:03,422 - __main__ - INFO - Epoch 30/30: Loss = 0.0039
2025-06-08 23:49:03,859 - __main__ - INFO - ✅ Hybrid-Embeddings gespeichert unter /opt/***/data/processed/hybrid_deep_embedding.csv
2025-06-08 23:49:03,859 - __main__ - INFO - ✅ Hybrid-Embeddings gespeichert unter /opt/***/data/processed/hybrid_deep_embedding.csv
2025-06-08 23:49:03,876 - __main__ - INFO - ✅ Deep KNN Modell gespeichert unter /opt/***/models/hybrid_deep_knn.pkl
2025/06/08 23:49:29 INFO mlflow.pyfunc: Validating input example against model signature

Downloading artifacts:   0%|          | 0/1 [00:00<?, ?it/s]
Downloading artifacts: 100%|██████████| 1/1 [00:00<00:00, 49.90it/s]
Downloading artifacts: 100%|██████████| 1/1 [00:00<00:00, 49.45it/s]
Registered model 'hybrid_deep_model' already exists. Creating a new version of this model...
2025/06/08 23:49:59 INFO mlflow.store.model_registry.abstract_store: Waiting up to 300 seconds for model version to finish creation. Model name: hybrid_deep_model, version 65
Created version '65' of model 'hybrid_deep_model'.
2025-06-08 23:50:12,365 - __main__ - INFO - 📝 Tags für Modellversion 65 gesetzt: n_neighbors=10, latent_dim=64, tfidf_features=300, epochs=30
2025-06-08 23:50:14,330 - __main__ - INFO - 🏁 Deep Hybrid-Model Training abgeschlossen und geloggt.

[2025-06-08T23:50:15.464+0000] {python.py:201} INFO - Done. Returned value was: None
[2025-06-08T23:50:15.473+0000] {taskinstance.py:1138} INFO - Marking task as SUCCESS. dag_id=deep_models_pipeline, task_id=train_deep_hybrid_model, execution_date=20250608T234823, start_date=20250608T234828, end_date=20250608T235015
[2025-06-08T23:50:15.514+0000] {local_task_job_runner.py:234} INFO - Task exited with return code 0
[2025-06-08T23:50:15.533+0000] {taskinstance.py:3280} INFO - 1 downstream tasks scheduled from follow-on schedule check
