[2025-06-08T20:56:17.498+0000] {taskinstance.py:1956} INFO - Dependencies all met for dep_context=non-requeueable deps ti=<TaskInstance: deep_models_pipeline.train_deep_hybrid_model manual__2025-06-08T20:56:12.447073+00:00 [queued]>
[2025-06-08T20:56:17.503+0000] {taskinstance.py:1956} INFO - Dependencies all met for dep_context=requeueable deps ti=<TaskInstance: deep_models_pipeline.train_deep_hybrid_model manual__2025-06-08T20:56:12.447073+00:00 [queued]>
[2025-06-08T20:56:17.504+0000] {taskinstance.py:2170} INFO - Starting attempt 1 of 3
[2025-06-08T20:56:17.516+0000] {taskinstance.py:2191} INFO - Executing <Task(PythonOperator): train_deep_hybrid_model> on 2025-06-08 20:56:12.447073+00:00
[2025-06-08T20:56:17.520+0000] {standard_task_runner.py:60} INFO - Started process 5277 to run task
[2025-06-08T20:56:17.522+0000] {standard_task_runner.py:87} INFO - Running: ['***', 'tasks', 'run', 'deep_models_pipeline', 'train_deep_hybrid_model', 'manual__2025-06-08T20:56:12.447073+00:00', '--job-id', '3468', '--raw', '--subdir', 'DAGS_FOLDER/train_deep_model_dag.py', '--cfg-path', '/tmp/tmp8f_y2_wh']
[2025-06-08T20:56:17.523+0000] {standard_task_runner.py:88} INFO - Job 3468: Subtask train_deep_hybrid_model
[2025-06-08T20:56:17.551+0000] {task_command.py:423} INFO - Running <TaskInstance: deep_models_pipeline.train_deep_hybrid_model manual__2025-06-08T20:56:12.447073+00:00 [running]> on host 6b572a9ca403
[2025-06-08T20:56:17.603+0000] {taskinstance.py:2480} INFO - Exporting env vars: AIRFLOW_CTX_DAG_OWNER='***' AIRFLOW_CTX_DAG_ID='deep_models_pipeline' AIRFLOW_CTX_TASK_ID='train_deep_hybrid_model' AIRFLOW_CTX_EXECUTION_DATE='2025-06-08T20:56:12.447073+00:00' AIRFLOW_CTX_TRY_NUMBER='1' AIRFLOW_CTX_DAG_RUN_ID='manual__2025-06-08T20:56:12.447073+00:00'
[2025-06-08T20:56:17.604+0000] {train_deep_model_dag.py:13} INFO - 🟦 Running command: python /opt/***/src/models/train_hybrid_deep_model.py --n_neighbors=50 --latent_dim=32 --epochs=80 --tfidf_features=2000
[2025-06-08T20:57:50.096+0000] {train_deep_model_dag.py:20} INFO - 🟩 [stdout]:
🏃 View run train_hybrid_deep_model at: https://dagshub.com/sacer11/MLOps_movie_rec_apr25.mlflow/#/experiments/10/runs/4c6b43bd42c14d2aa49985cb02e1d6d1
🧪 View experiment at: https://dagshub.com/sacer11/MLOps_movie_rec_apr25.mlflow/#/experiments/10

[2025-06-08T20:57:50.097+0000] {train_deep_model_dag.py:22} WARNING - 🟨 [stderr]:
2025-06-08 20:56:21,020 - __main__ - INFO - 📥 Lade Rohdaten und baue Hybrid-Feature-Matrix ...
2025-06-08 20:56:26,155 - __main__ - INFO - 📐 Hybrid-Matrix erstellt mit Shape: (10381, 3129), Feature-Namen: 3129
2025-06-08 20:56:39,682 - __main__ - INFO - 💾 Hybrid-Matrix gespeichert unter /opt/***/data/processed/hybrid_matrix.csv
2025-06-08 20:56:39,879 - __main__ - INFO - 🚀 Starte Training Autoencoder ...
2025-06-08 20:56:41,014 - __main__ - INFO - Epoch 1/80: Loss = 0.0064
2025-06-08 20:56:41,533 - __main__ - INFO - Epoch 2/80: Loss = 0.0039
2025-06-08 20:56:41,972 - __main__ - INFO - Epoch 3/80: Loss = 0.0033
2025-06-08 20:56:42,437 - __main__ - INFO - Epoch 4/80: Loss = 0.0031
2025-06-08 20:56:42,873 - __main__ - INFO - Epoch 5/80: Loss = 0.0029
2025-06-08 20:56:43,348 - __main__ - INFO - Epoch 6/80: Loss = 0.0028
2025-06-08 20:56:43,803 - __main__ - INFO - Epoch 7/80: Loss = 0.0027
2025-06-08 20:56:44,263 - __main__ - INFO - Epoch 8/80: Loss = 0.0027
2025-06-08 20:56:44,738 - __main__ - INFO - Epoch 9/80: Loss = 0.0026
2025-06-08 20:56:45,234 - __main__ - INFO - Epoch 10/80: Loss = 0.0026
2025-06-08 20:56:45,713 - __main__ - INFO - Epoch 11/80: Loss = 0.0026
2025-06-08 20:56:46,142 - __main__ - INFO - Epoch 12/80: Loss = 0.0025
2025-06-08 20:56:46,585 - __main__ - INFO - Epoch 13/80: Loss = 0.0025
2025-06-08 20:56:47,041 - __main__ - INFO - Epoch 14/80: Loss = 0.0025
2025-06-08 20:56:47,468 - __main__ - INFO - Epoch 15/80: Loss = 0.0025
2025-06-08 20:56:47,943 - __main__ - INFO - Epoch 16/80: Loss = 0.0025
2025-06-08 20:56:48,408 - __main__ - INFO - Epoch 17/80: Loss = 0.0025
2025-06-08 20:56:48,886 - __main__ - INFO - Epoch 18/80: Loss = 0.0024
2025-06-08 20:56:49,400 - __main__ - INFO - Epoch 19/80: Loss = 0.0024
2025-06-08 20:56:49,921 - __main__ - INFO - Epoch 20/80: Loss = 0.0024
2025-06-08 20:56:50,425 - __main__ - INFO - Epoch 21/80: Loss = 0.0024
2025-06-08 20:56:50,881 - __main__ - INFO - Epoch 22/80: Loss = 0.0024
2025-06-08 20:56:51,348 - __main__ - INFO - Epoch 23/80: Loss = 0.0024
2025-06-08 20:56:51,810 - __main__ - INFO - Epoch 24/80: Loss = 0.0024
2025-06-08 20:56:52,289 - __main__ - INFO - Epoch 25/80: Loss = 0.0024
2025-06-08 20:56:52,755 - __main__ - INFO - Epoch 26/80: Loss = 0.0024
2025-06-08 20:56:53,248 - __main__ - INFO - Epoch 27/80: Loss = 0.0024
2025-06-08 20:56:53,737 - __main__ - INFO - Epoch 28/80: Loss = 0.0024
2025-06-08 20:56:54,284 - __main__ - INFO - Epoch 29/80: Loss = 0.0023
2025-06-08 20:56:54,799 - __main__ - INFO - Epoch 30/80: Loss = 0.0023
2025-06-08 20:56:55,252 - __main__ - INFO - Epoch 31/80: Loss = 0.0023
2025-06-08 20:56:55,737 - __main__ - INFO - Epoch 32/80: Loss = 0.0023
2025-06-08 20:56:56,185 - __main__ - INFO - Epoch 33/80: Loss = 0.0023
2025-06-08 20:56:56,644 - __main__ - INFO - Epoch 34/80: Loss = 0.0023
2025-06-08 20:56:57,101 - __main__ - INFO - Epoch 35/80: Loss = 0.0023
2025-06-08 20:56:57,564 - __main__ - INFO - Epoch 36/80: Loss = 0.0023
2025-06-08 20:56:58,078 - __main__ - INFO - Epoch 37/80: Loss = 0.0023
2025-06-08 20:56:58,599 - __main__ - INFO - Epoch 38/80: Loss = 0.0023
2025-06-08 20:56:59,139 - __main__ - INFO - Epoch 39/80: Loss = 0.0023
2025-06-08 20:56:59,563 - __main__ - INFO - Epoch 40/80: Loss = 0.0023
2025-06-08 20:57:00,016 - __main__ - INFO - Epoch 41/80: Loss = 0.0023
2025-06-08 20:57:00,483 - __main__ - INFO - Epoch 42/80: Loss = 0.0023
2025-06-08 20:57:00,963 - __main__ - INFO - Epoch 43/80: Loss = 0.0023
2025-06-08 20:57:01,421 - __main__ - INFO - Epoch 44/80: Loss = 0.0023
2025-06-08 20:57:01,895 - __main__ - INFO - Epoch 45/80: Loss = 0.0023
2025-06-08 20:57:02,353 - __main__ - INFO - Epoch 46/80: Loss = 0.0022
2025-06-08 20:57:02,860 - __main__ - INFO - Epoch 47/80: Loss = 0.0022
2025-06-08 20:57:03,391 - __main__ - INFO - Epoch 48/80: Loss = 0.0022
2025-06-08 20:57:03,883 - __main__ - INFO - Epoch 49/80: Loss = 0.0022
2025-06-08 20:57:04,363 - __main__ - INFO - Epoch 50/80: Loss = 0.0022
2025-06-08 20:57:04,809 - __main__ - INFO - Epoch 51/80: Loss = 0.0022
2025-06-08 20:57:05,272 - __main__ - INFO - Epoch 52/80: Loss = 0.0022
2025-06-08 20:57:05,717 - __main__ - INFO - Epoch 53/80: Loss = 0.0022
2025-06-08 20:57:06,176 - __main__ - INFO - Epoch 54/80: Loss = 0.0022
2025-06-08 20:57:06,654 - __main__ - INFO - Epoch 55/80: Loss = 0.0022
2025-06-08 20:57:07,160 - __main__ - INFO - Epoch 56/80: Loss = 0.0022
2025-06-08 20:57:07,700 - __main__ - INFO - Epoch 57/80: Loss = 0.0022
2025-06-08 20:57:08,206 - __main__ - INFO - Epoch 58/80: Loss = 0.0022
2025-06-08 20:57:08,681 - __main__ - INFO - Epoch 59/80: Loss = 0.0022
2025-06-08 20:57:09,151 - __main__ - INFO - Epoch 60/80: Loss = 0.0022
2025-06-08 20:57:09,616 - __main__ - INFO - Epoch 61/80: Loss = 0.0022
2025-06-08 20:57:10,047 - __main__ - INFO - Epoch 62/80: Loss = 0.0022
2025-06-08 20:57:10,506 - __main__ - INFO - Epoch 63/80: Loss = 0.0022
2025-06-08 20:57:10,997 - __main__ - INFO - Epoch 64/80: Loss = 0.0022
2025-06-08 20:57:11,512 - __main__ - INFO - Epoch 65/80: Loss = 0.0022
2025-06-08 20:57:12,042 - __main__ - INFO - Epoch 66/80: Loss = 0.0022
2025-06-08 20:57:12,576 - __main__ - INFO - Epoch 67/80: Loss = 0.0022
2025-06-08 20:57:13,006 - __main__ - INFO - Epoch 68/80: Loss = 0.0022
2025-06-08 20:57:13,482 - __main__ - INFO - Epoch 69/80: Loss = 0.0022
2025-06-08 20:57:13,949 - __main__ - INFO - Epoch 70/80: Loss = 0.0022
2025-06-08 20:57:14,409 - __main__ - INFO - Epoch 71/80: Loss = 0.0022
2025-06-08 20:57:14,845 - __main__ - INFO - Epoch 72/80: Loss = 0.0022
2025-06-08 20:57:15,319 - __main__ - INFO - Epoch 73/80: Loss = 0.0022
2025-06-08 20:57:15,797 - __main__ - INFO - Epoch 74/80: Loss = 0.0022
2025-06-08 20:57:16,317 - __main__ - INFO - Epoch 75/80: Loss = 0.0022
2025-06-08 20:57:16,832 - __main__ - INFO - Epoch 76/80: Loss = 0.0022
2025-06-08 20:57:17,323 - __main__ - INFO - Epoch 77/80: Loss = 0.0022
2025-06-08 20:57:17,800 - __main__ - INFO - Epoch 78/80: Loss = 0.0022
2025-06-08 20:57:18,255 - __main__ - INFO - Epoch 79/80: Loss = 0.0022
2025-06-08 20:57:18,714 - __main__ - INFO - Epoch 80/80: Loss = 0.0022
2025-06-08 20:57:18,955 - __main__ - INFO - ✅ Hybrid-Embeddings gespeichert unter /opt/***/data/processed/hybrid_deep_embedding.csv
2025-06-08 20:57:18,955 - __main__ - INFO - ✅ Hybrid-Embeddings gespeichert unter /opt/***/data/processed/hybrid_deep_embedding.csv
2025-06-08 20:57:18,966 - __main__ - INFO - ✅ Deep KNN Modell gespeichert unter /opt/***/models/hybrid_deep_knn.pkl
2025/06/08 20:57:24 INFO mlflow.pyfunc: Validating input example against model signature

Downloading artifacts:   0%|          | 0/1 [00:00<?, ?it/s]
Downloading artifacts: 100%|██████████| 1/1 [00:00<00:00, 75.34it/s]
Downloading artifacts: 100%|██████████| 1/1 [00:00<00:00, 74.43it/s]
Registered model 'hybrid_deep_model' already exists. Creating a new version of this model...
2025/06/08 20:57:34 INFO mlflow.store.model_registry.abstract_store: Waiting up to 300 seconds for model version to finish creation. Model name: hybrid_deep_model, version 49
Created version '49' of model 'hybrid_deep_model'.
2025-06-08 20:57:47,256 - __main__ - INFO - 📝 Tags für Modellversion 49 gesetzt: n_neighbors=50, latent_dim=32, tfidf_features=2000, epochs=80
2025-06-08 20:57:49,261 - __main__ - INFO - 🏁 Deep Hybrid-Model Training abgeschlossen und geloggt.

[2025-06-08T20:57:50.098+0000] {python.py:201} INFO - Done. Returned value was: None
[2025-06-08T20:57:50.107+0000] {taskinstance.py:1138} INFO - Marking task as SUCCESS. dag_id=deep_models_pipeline, task_id=train_deep_hybrid_model, execution_date=20250608T205612, start_date=20250608T205617, end_date=20250608T205750
[2025-06-08T20:57:50.155+0000] {local_task_job_runner.py:234} INFO - Task exited with return code 0
[2025-06-08T20:57:50.171+0000] {taskinstance.py:3280} INFO - 1 downstream tasks scheduled from follow-on schedule check
