[2025-06-01T13:08:39.685+0000] {taskinstance.py:1956} INFO - Dependencies all met for dep_context=non-requeueable deps ti=<TaskInstance: movie_recommendation_pipeline.dvc_push_models manual__2025-06-01T13:04:46.954150+00:00 [queued]>
[2025-06-01T13:08:39.692+0000] {taskinstance.py:1956} INFO - Dependencies all met for dep_context=requeueable deps ti=<TaskInstance: movie_recommendation_pipeline.dvc_push_models manual__2025-06-01T13:04:46.954150+00:00 [queued]>
[2025-06-01T13:08:39.693+0000] {taskinstance.py:2170} INFO - Starting attempt 1 of 3
[2025-06-01T13:08:39.704+0000] {taskinstance.py:2191} INFO - Executing <Task(BashOperator): dvc_push_models> on 2025-06-01 13:04:46.954150+00:00
[2025-06-01T13:08:39.711+0000] {standard_task_runner.py:60} INFO - Started process 678 to run task
[2025-06-01T13:08:39.713+0000] {standard_task_runner.py:87} INFO - Running: ['***', 'tasks', 'run', 'movie_recommendation_pipeline', 'dvc_push_models', 'manual__2025-06-01T13:04:46.954150+00:00', '--job-id', '1023', '--raw', '--subdir', 'DAGS_FOLDER/mlops_movie_dag.py', '--cfg-path', '/tmp/tmpo6a8xh2k']
[2025-06-01T13:08:39.714+0000] {standard_task_runner.py:88} INFO - Job 1023: Subtask dvc_push_models
[2025-06-01T13:08:39.747+0000] {task_command.py:423} INFO - Running <TaskInstance: movie_recommendation_pipeline.dvc_push_models manual__2025-06-01T13:04:46.954150+00:00 [running]> on host 4a9fead72780
[2025-06-01T13:08:39.807+0000] {taskinstance.py:2480} INFO - Exporting env vars: AIRFLOW_CTX_DAG_OWNER='***' AIRFLOW_CTX_DAG_ID='movie_recommendation_pipeline' AIRFLOW_CTX_TASK_ID='dvc_push_models' AIRFLOW_CTX_EXECUTION_DATE='2025-06-01T13:04:46.954150+00:00' AIRFLOW_CTX_TRY_NUMBER='1' AIRFLOW_CTX_DAG_RUN_ID='manual__2025-06-01T13:04:46.954150+00:00'
[2025-06-01T13:08:39.809+0000] {subprocess.py:63} INFO - Tmp dir root location: /tmp
[2025-06-01T13:08:39.809+0000] {subprocess.py:75} INFO - Running command: ['/usr/bin/bash', '-c', '\n        cd /opt/*** &&\n        git config --global --add safe.directory /opt/*** &&\n        git config --global user.email \'***@localhost\' &&\n        git config --global user.name \'Airflow CI\' &&\n        dvc add models/hybrid_model.pkl &&\n        dvc add models/user_model.pkl &&\n        git add models/hybrid_model.pkl.dvc models/user_model.pkl.dvc .gitignore &&\n        git commit -m "Update hybrid_model and user_model with DVC" || echo "No changes to commit" &&\n        dvc push\n        ']
[2025-06-01T13:08:39.820+0000] {subprocess.py:86} INFO - Output:
[2025-06-01T13:08:48.699+0000] {subprocess.py:93} INFO - 
[2025-06-01T13:08:48.700+0000] {subprocess.py:93} INFO - To track the changes with git, run:
[2025-06-01T13:08:48.700+0000] {subprocess.py:93} INFO - 
[2025-06-01T13:08:48.700+0000] {subprocess.py:93} INFO - 	git add models/hybrid_model.pkl.dvc
[2025-06-01T13:08:48.701+0000] {subprocess.py:93} INFO - 
[2025-06-01T13:08:48.701+0000] {subprocess.py:93} INFO - To enable auto staging, run:
[2025-06-01T13:08:48.701+0000] {subprocess.py:93} INFO - 
[2025-06-01T13:08:48.702+0000] {subprocess.py:93} INFO - 	dvc config core.autostage true
[2025-06-01T13:08:54.236+0000] {subprocess.py:93} INFO - 
[2025-06-01T13:08:54.237+0000] {subprocess.py:93} INFO - To track the changes with git, run:
[2025-06-01T13:08:54.238+0000] {subprocess.py:93} INFO - 
[2025-06-01T13:08:54.238+0000] {subprocess.py:93} INFO - 	git add models/user_model.pkl.dvc
[2025-06-01T13:08:54.239+0000] {subprocess.py:93} INFO - 
[2025-06-01T13:08:54.239+0000] {subprocess.py:93} INFO - To enable auto staging, run:
[2025-06-01T13:08:54.240+0000] {subprocess.py:93} INFO - 
[2025-06-01T13:08:54.240+0000] {subprocess.py:93} INFO - 	dvc config core.autostage true
[2025-06-01T13:08:55.376+0000] {subprocess.py:93} INFO - [master caa29f2] Update hybrid_model and user_model with DVC
[2025-06-01T13:08:55.376+0000] {subprocess.py:93} INFO -  3 files changed, 2 insertions(+), 42 deletions(-)
[2025-06-01T13:08:55.377+0000] {subprocess.py:93} INFO -  delete mode 100644 .gitignore
[2025-06-01T13:09:00.190+0000] {subprocess.py:93} INFO - Everything is up to date.
[2025-06-01T13:09:00.324+0000] {subprocess.py:97} INFO - Command exited with return code 0
[2025-06-01T13:09:00.346+0000] {taskinstance.py:1138} INFO - Marking task as SUCCESS. dag_id=movie_recommendation_pipeline, task_id=dvc_push_models, execution_date=20250601T130446, start_date=20250601T130839, end_date=20250601T130900
[2025-06-01T13:09:00.389+0000] {local_task_job_runner.py:234} INFO - Task exited with return code 0
[2025-06-01T13:09:00.408+0000] {taskinstance.py:3280} INFO - 1 downstream tasks scheduled from follow-on schedule check
