[2025-06-01T10:57:24.200+0000] {taskinstance.py:1956} INFO - Dependencies all met for dep_context=non-requeueable deps ti=<TaskInstance: movie_recommendation_pipeline.check_model_registry manual__2025-06-01T10:46:48.932772+00:00 [queued]>
[2025-06-01T10:57:24.206+0000] {taskinstance.py:1956} INFO - Dependencies all met for dep_context=requeueable deps ti=<TaskInstance: movie_recommendation_pipeline.check_model_registry manual__2025-06-01T10:46:48.932772+00:00 [queued]>
[2025-06-01T10:57:24.207+0000] {taskinstance.py:2170} INFO - Starting attempt 1 of 3
[2025-06-01T10:57:24.217+0000] {taskinstance.py:2191} INFO - Executing <Task(PythonOperator): check_model_registry> on 2025-06-01 10:46:48.932772+00:00
[2025-06-01T10:57:24.224+0000] {standard_task_runner.py:60} INFO - Started process 907 to run task
[2025-06-01T10:57:24.226+0000] {standard_task_runner.py:87} INFO - Running: ['***', 'tasks', 'run', 'movie_recommendation_pipeline', 'check_model_registry', 'manual__2025-06-01T10:46:48.932772+00:00', '--job-id', '969', '--raw', '--subdir', 'DAGS_FOLDER/mlops_movie_dag.py', '--cfg-path', '/tmp/tmpq4mv0klt']
[2025-06-01T10:57:24.227+0000] {standard_task_runner.py:88} INFO - Job 969: Subtask check_model_registry
[2025-06-01T10:57:24.264+0000] {task_command.py:423} INFO - Running <TaskInstance: movie_recommendation_pipeline.check_model_registry manual__2025-06-01T10:46:48.932772+00:00 [running]> on host ec4a1b49d043
[2025-06-01T10:57:24.327+0000] {taskinstance.py:2480} INFO - Exporting env vars: AIRFLOW_CTX_DAG_OWNER='***' AIRFLOW_CTX_DAG_ID='movie_recommendation_pipeline' AIRFLOW_CTX_TASK_ID='check_model_registry' AIRFLOW_CTX_EXECUTION_DATE='2025-06-01T10:46:48.932772+00:00' AIRFLOW_CTX_TRY_NUMBER='1' AIRFLOW_CTX_DAG_RUN_ID='manual__2025-06-01T10:46:48.932772+00:00'
[2025-06-01T10:57:25.024+0000] {checkreg.py:15} INFO - 🔍 Checking model registry for: 'movie_model' and alias '@best_model'
[2025-06-01T10:57:25.350+0000] {checkreg.py:21} ERROR - ❌ Fehler: Alias '@best_model' nicht gefunden! API request to endpoint /api/2.0/mlflow/registered-models/alias failed with error code 401 != 200. Response body: '=============== ATTENTION! ===============

To use authentication, you must first: 
    Get your default access token from: https://dagshub.com/user/settings/tokens
    OR 
    Set a password: https://dagshub.com/user/settings/password 
=========================================='
[2025-06-01T10:57:25.350+0000] {python.py:201} INFO - Done. Returned value was: None
[2025-06-01T10:57:25.359+0000] {taskinstance.py:1138} INFO - Marking task as SUCCESS. dag_id=movie_recommendation_pipeline, task_id=check_model_registry, execution_date=20250601T104648, start_date=20250601T105724, end_date=20250601T105725
[2025-06-01T10:57:25.402+0000] {local_task_job_runner.py:234} INFO - Task exited with return code 0
[2025-06-01T10:57:25.418+0000] {taskinstance.py:3280} INFO - 1 downstream tasks scheduled from follow-on schedule check
