[2025-06-02T08:06:30.556+0000] {taskinstance.py:1956} INFO - Dependencies all met for dep_context=non-requeueable deps ti=<TaskInstance: movie_recommendation_pipeline.dvc_pull_all manual__2025-06-02T07:55:50.533186+00:00 [queued]>
[2025-06-02T08:06:30.563+0000] {taskinstance.py:1956} INFO - Dependencies all met for dep_context=requeueable deps ti=<TaskInstance: movie_recommendation_pipeline.dvc_pull_all manual__2025-06-02T07:55:50.533186+00:00 [queued]>
[2025-06-02T08:06:30.563+0000] {taskinstance.py:2170} INFO - Starting attempt 1 of 3
[2025-06-02T08:06:30.575+0000] {taskinstance.py:2191} INFO - Executing <Task(PythonOperator): dvc_pull_all> on 2025-06-02 07:55:50.533186+00:00
[2025-06-02T08:06:30.581+0000] {standard_task_runner.py:60} INFO - Started process 1134 to run task
[2025-06-02T08:06:30.584+0000] {standard_task_runner.py:87} INFO - Running: ['***', 'tasks', 'run', 'movie_recommendation_pipeline', 'dvc_pull_all', 'manual__2025-06-02T07:55:50.533186+00:00', '--job-id', '1592', '--raw', '--subdir', 'DAGS_FOLDER/mlops_movie_dag.py', '--cfg-path', '/tmp/tmpyy0kalbm']
[2025-06-02T08:06:30.585+0000] {standard_task_runner.py:88} INFO - Job 1592: Subtask dvc_pull_all
[2025-06-02T08:06:30.621+0000] {task_command.py:423} INFO - Running <TaskInstance: movie_recommendation_pipeline.dvc_pull_all manual__2025-06-02T07:55:50.533186+00:00 [running]> on host db2b0a85f52a
[2025-06-02T08:06:30.675+0000] {taskinstance.py:2480} INFO - Exporting env vars: AIRFLOW_CTX_DAG_OWNER='***' AIRFLOW_CTX_DAG_ID='movie_recommendation_pipeline' AIRFLOW_CTX_TASK_ID='dvc_pull_all' AIRFLOW_CTX_EXECUTION_DATE='2025-06-02T07:55:50.533186+00:00' AIRFLOW_CTX_TRY_NUMBER='1' AIRFLOW_CTX_DAG_RUN_ID='manual__2025-06-02T07:55:50.533186+00:00'
[2025-06-02T08:06:30.676+0000] {mlops_movie_dag.py:12} INFO - 游릱 Running command: dvc pull /opt/***/models/hybrid_model.pkl
[2025-06-02T08:06:41.054+0000] {mlops_movie_dag.py:19} INFO - 游릴 [stdout]:
Everything is up to date.

[2025-06-02T08:06:41.055+0000] {mlops_movie_dag.py:12} INFO - 游릱 Running command: dvc pull /opt/***/data/processed/hybrid_matrix.csv
[2025-06-02T08:06:51.182+0000] {mlops_movie_dag.py:19} INFO - 游릴 [stdout]:
Everything is up to date.

[2025-06-02T08:06:51.183+0000] {mlops_movie_dag.py:12} INFO - 游릱 Running command: dvc pull /opt/***/data/processed/hybrid_matrix_features.txt
[2025-06-02T08:07:01.656+0000] {mlops_movie_dag.py:19} INFO - 游릴 [stdout]:
Everything is up to date.

[2025-06-02T08:07:01.657+0000] {mlops_movie_dag.py:12} INFO - 游릱 Running command: dvc pull /opt/***/models/user_model.pkl
[2025-06-02T08:07:12.282+0000] {mlops_movie_dag.py:19} INFO - 游릴 [stdout]:
Everything is up to date.

[2025-06-02T08:07:12.283+0000] {mlops_movie_dag.py:12} INFO - 游릱 Running command: dvc pull /opt/***/data/processed/user_matrix.csv
[2025-06-02T08:07:22.574+0000] {mlops_movie_dag.py:19} INFO - 游릴 [stdout]:
Everything is up to date.

[2025-06-02T08:07:22.574+0000] {mlops_movie_dag.py:12} INFO - 游릱 Running command: dvc pull /opt/***/data/processed/user_matrix_features.txt
[2025-06-02T08:07:32.861+0000] {mlops_movie_dag.py:19} INFO - 游릴 [stdout]:
Everything is up to date.

[2025-06-02T08:07:32.862+0000] {python.py:201} INFO - Done. Returned value was: None
[2025-06-02T08:07:32.871+0000] {taskinstance.py:1138} INFO - Marking task as SUCCESS. dag_id=movie_recommendation_pipeline, task_id=dvc_pull_all, execution_date=20250602T075550, start_date=20250602T080630, end_date=20250602T080732
[2025-06-02T08:07:32.910+0000] {local_task_job_runner.py:234} INFO - Task exited with return code 0
[2025-06-02T08:07:32.928+0000] {taskinstance.py:3280} INFO - 1 downstream tasks scheduled from follow-on schedule check
