[2025-06-07T02:38:18.767+0000] {taskinstance.py:1956} INFO - Dependencies all met for dep_context=non-requeueable deps ti=<TaskInstance: deep_models_pipeline.train_deep_hybrid_model manual__2025-06-07T02:38:12.394617+00:00 [queued]>
[2025-06-07T02:38:18.775+0000] {taskinstance.py:1956} INFO - Dependencies all met for dep_context=requeueable deps ti=<TaskInstance: deep_models_pipeline.train_deep_hybrid_model manual__2025-06-07T02:38:12.394617+00:00 [queued]>
[2025-06-07T02:38:18.775+0000] {taskinstance.py:2170} INFO - Starting attempt 1 of 3
[2025-06-07T02:38:18.785+0000] {taskinstance.py:2191} INFO - Executing <Task(PythonOperator): train_deep_hybrid_model> on 2025-06-07 02:38:12.394617+00:00
[2025-06-07T02:38:18.792+0000] {standard_task_runner.py:60} INFO - Started process 803 to run task
[2025-06-07T02:38:18.795+0000] {standard_task_runner.py:87} INFO - Running: ['***', 'tasks', 'run', 'deep_models_pipeline', 'train_deep_hybrid_model', 'manual__2025-06-07T02:38:12.394617+00:00', '--job-id', '2384', '--raw', '--subdir', 'DAGS_FOLDER/train_deep_model_dag.py', '--cfg-path', '/tmp/tmps2pniqx4']
[2025-06-07T02:38:18.797+0000] {standard_task_runner.py:88} INFO - Job 2384: Subtask train_deep_hybrid_model
[2025-06-07T02:38:18.835+0000] {task_command.py:423} INFO - Running <TaskInstance: deep_models_pipeline.train_deep_hybrid_model manual__2025-06-07T02:38:12.394617+00:00 [running]> on host 406d35c75796
[2025-06-07T02:38:18.896+0000] {taskinstance.py:2480} INFO - Exporting env vars: AIRFLOW_CTX_DAG_OWNER='***' AIRFLOW_CTX_DAG_ID='deep_models_pipeline' AIRFLOW_CTX_TASK_ID='train_deep_hybrid_model' AIRFLOW_CTX_EXECUTION_DATE='2025-06-07T02:38:12.394617+00:00' AIRFLOW_CTX_TRY_NUMBER='1' AIRFLOW_CTX_DAG_RUN_ID='manual__2025-06-07T02:38:12.394617+00:00'
[2025-06-07T02:38:18.897+0000] {train_deep_model_dag.py:13} INFO - 🟦 Running command: python /opt/***/src/models/train_hybrid_deep_model.py --n_neighbors=10 --latent_dim=64 --epochs=30 --tfidf_features=300
[2025-06-07T02:38:20.020+0000] {local_task_job_runner.py:121} ERROR - Received SIGTERM. Terminating subprocesses
[2025-06-07T02:38:20.050+0000] {process_utils.py:131} INFO - Sending 15 to group 803. PIDs of all processes in the group: [806, 803]
[2025-06-07T02:38:20.051+0000] {process_utils.py:86} INFO - Sending the signal 15 to group 803
[2025-06-07T02:38:20.052+0000] {taskinstance.py:2450} ERROR - Received SIGTERM. Terminating subprocesses.
[2025-06-07T02:38:20.076+0000] {train_deep_model_dag.py:32} ERROR - ❌ Subprozess-Ausnahme: Task received SIGTERM signal
[2025-06-07T02:38:20.080+0000] {process_utils.py:79} INFO - Process psutil.Process(pid=806, status='terminated', started='02:38:18') (806) terminated with exit code None
[2025-06-07T02:38:20.085+0000] {taskinstance.py:2698} ERROR - Task failed with exception
Traceback (most recent call last):
  File "/home/airflow/.local/lib/python3.10/site-packages/airflow/models/taskinstance.py", line 433, in _execute_task
    result = execute_callable(context=context, **execute_callable_kwargs)
  File "/home/airflow/.local/lib/python3.10/site-packages/airflow/operators/python.py", line 199, in execute
    return_value = self.execute_callable()
  File "/home/airflow/.local/lib/python3.10/site-packages/airflow/operators/python.py", line 216, in execute_callable
    return self.python_callable(*self.op_args, **self.op_kwargs)
  File "/opt/airflow/dags/train_deep_model_dag.py", line 54, in run_train_deep_hybrid_model
    run_and_log([
  File "/opt/airflow/dags/train_deep_model_dag.py", line 14, in run_and_log
    result = subprocess.run(
  File "/usr/local/lib/python3.10/subprocess.py", line 505, in run
    stdout, stderr = process.communicate(input, timeout=timeout)
  File "/usr/local/lib/python3.10/subprocess.py", line 1154, in communicate
    stdout, stderr = self._communicate(input, endtime, timeout)
  File "/usr/local/lib/python3.10/subprocess.py", line 2021, in _communicate
    ready = selector.select(timeout)
  File "/usr/local/lib/python3.10/selectors.py", line 416, in select
    fd_event_list = self._selector.poll(timeout)
  File "/home/airflow/.local/lib/python3.10/site-packages/airflow/models/taskinstance.py", line 2452, in signal_handler
    raise AirflowException("Task received SIGTERM signal")
airflow.exceptions.AirflowException: Task received SIGTERM signal
[2025-06-07T02:38:20.093+0000] {taskinstance.py:1138} INFO - Marking task as UP_FOR_RETRY. dag_id=deep_models_pipeline, task_id=train_deep_hybrid_model, execution_date=20250607T023812, start_date=20250607T023818, end_date=20250607T023820
[2025-06-07T02:38:20.108+0000] {standard_task_runner.py:107} ERROR - Failed to execute job 2384 for task train_deep_hybrid_model (Task received SIGTERM signal; 803)
[2025-06-07T02:38:20.133+0000] {process_utils.py:79} INFO - Process psutil.Process(pid=803, status='terminated', exitcode=1, started='02:38:18') (803) terminated with exit code 1
[2025-06-07T02:38:20.134+0000] {local_task_job_runner.py:234} INFO - Task exited with return code 143
[2025-06-07T02:38:20.156+0000] {taskinstance.py:3280} INFO - 0 downstream tasks scheduled from follow-on schedule check
