[2025-06-05T18:31:56.562+0000] {taskinstance.py:1956} INFO - Dependencies all met for dep_context=non-requeueable deps ti=<TaskInstance: deep_models_pipeline.train_deep_hybrid_model manual__2025-06-05T18:31:52.266088+00:00 [queued]>
[2025-06-05T18:31:56.569+0000] {taskinstance.py:1956} INFO - Dependencies all met for dep_context=requeueable deps ti=<TaskInstance: deep_models_pipeline.train_deep_hybrid_model manual__2025-06-05T18:31:52.266088+00:00 [queued]>
[2025-06-05T18:31:56.569+0000] {taskinstance.py:2170} INFO - Starting attempt 1 of 3
[2025-06-05T18:31:56.578+0000] {taskinstance.py:2191} INFO - Executing <Task(PythonOperator): train_deep_hybrid_model> on 2025-06-05 18:31:52.266088+00:00
[2025-06-05T18:31:56.585+0000] {standard_task_runner.py:60} INFO - Started process 1743 to run task
[2025-06-05T18:31:56.590+0000] {standard_task_runner.py:87} INFO - Running: ['***', 'tasks', 'run', 'deep_models_pipeline', 'train_deep_hybrid_model', 'manual__2025-06-05T18:31:52.266088+00:00', '--job-id', '1971', '--raw', '--subdir', 'DAGS_FOLDER/train_deep_model_dag.py', '--cfg-path', '/tmp/tmpvxayjdzy']
[2025-06-05T18:31:56.591+0000] {standard_task_runner.py:88} INFO - Job 1971: Subtask train_deep_hybrid_model
[2025-06-05T18:31:56.619+0000] {task_command.py:423} INFO - Running <TaskInstance: deep_models_pipeline.train_deep_hybrid_model manual__2025-06-05T18:31:52.266088+00:00 [running]> on host 380fc082ee8f
[2025-06-05T18:31:56.672+0000] {taskinstance.py:2480} INFO - Exporting env vars: AIRFLOW_CTX_DAG_OWNER='***' AIRFLOW_CTX_DAG_ID='deep_models_pipeline' AIRFLOW_CTX_TASK_ID='train_deep_hybrid_model' AIRFLOW_CTX_EXECUTION_DATE='2025-06-05T18:31:52.266088+00:00' AIRFLOW_CTX_TRY_NUMBER='1' AIRFLOW_CTX_DAG_RUN_ID='manual__2025-06-05T18:31:52.266088+00:00'
[2025-06-05T18:31:56.673+0000] {train_deep_model_dag.py:13} INFO - 🟦 Running command: python /opt/***/src/models/train_hybrid_deep_model.py --n_neighbors=10 --latent_dim=32
[2025-06-05T18:32:42.553+0000] {train_deep_model_dag.py:20} INFO - 🟩 [stdout]:
🏃 View run train_hybrid_deep_model at: https://dagshub.com/sacer11/MLOps_movie_rec_apr25.mlflow/#/experiments/7/runs/606075e5c5794deb88e591f432c5b91b
🧪 View experiment at: https://dagshub.com/sacer11/MLOps_movie_rec_apr25.mlflow/#/experiments/7

[2025-06-05T18:32:42.554+0000] {train_deep_model_dag.py:22} WARNING - 🟨 [stderr]:
/home/***/.local/lib/python3.10/site-packages/mlflow/pyfunc/utils/data_validation.py:186: UserWarning: [33mAdd type hints to the `predict` method to enable data validation and automatic signature inference during model logging. Check https://mlflow.org/docs/latest/model/python_model.html#type-hint-usage-in-pythonmodel for more details.[0m
  color_warning(
2025-06-05 18:32:04,952 - __main__ - INFO - Epoch 1/30: Loss = 0.0122
2025-06-05 18:32:05,378 - __main__ - INFO - Epoch 2/30: Loss = 0.0072
2025-06-05 18:32:05,927 - __main__ - INFO - Epoch 3/30: Loss = 0.0062
2025-06-05 18:32:06,292 - __main__ - INFO - Epoch 4/30: Loss = 0.0057
2025-06-05 18:32:06,670 - __main__ - INFO - Epoch 5/30: Loss = 0.0055
2025-06-05 18:32:07,028 - __main__ - INFO - Epoch 6/30: Loss = 0.0053
2025-06-05 18:32:07,440 - __main__ - INFO - Epoch 7/30: Loss = 0.0051
2025-06-05 18:32:07,792 - __main__ - INFO - Epoch 8/30: Loss = 0.0050
2025-06-05 18:32:08,165 - __main__ - INFO - Epoch 9/30: Loss = 0.0049
2025-06-05 18:32:08,576 - __main__ - INFO - Epoch 10/30: Loss = 0.0049
2025-06-05 18:32:09,084 - __main__ - INFO - Epoch 11/30: Loss = 0.0048
2025-06-05 18:32:09,494 - __main__ - INFO - Epoch 12/30: Loss = 0.0048
2025-06-05 18:32:09,999 - __main__ - INFO - Epoch 13/30: Loss = 0.0047
2025-06-05 18:32:10,515 - __main__ - INFO - Epoch 14/30: Loss = 0.0047
2025-06-05 18:32:11,014 - __main__ - INFO - Epoch 15/30: Loss = 0.0046
2025-06-05 18:32:11,372 - __main__ - INFO - Epoch 16/30: Loss = 0.0046
2025-06-05 18:32:11,928 - __main__ - INFO - Epoch 17/30: Loss = 0.0046
2025-06-05 18:32:12,324 - __main__ - INFO - Epoch 18/30: Loss = 0.0046
2025-06-05 18:32:12,769 - __main__ - INFO - Epoch 19/30: Loss = 0.0045
2025-06-05 18:32:13,142 - __main__ - INFO - Epoch 20/30: Loss = 0.0045
2025-06-05 18:32:13,503 - __main__ - INFO - Epoch 21/30: Loss = 0.0045
2025-06-05 18:32:13,910 - __main__ - INFO - Epoch 22/30: Loss = 0.0045
2025-06-05 18:32:14,276 - __main__ - INFO - Epoch 23/30: Loss = 0.0045
2025-06-05 18:32:14,638 - __main__ - INFO - Epoch 24/30: Loss = 0.0044
2025-06-05 18:32:15,002 - __main__ - INFO - Epoch 25/30: Loss = 0.0044
2025-06-05 18:32:15,320 - __main__ - INFO - Epoch 26/30: Loss = 0.0044
2025-06-05 18:32:15,719 - __main__ - INFO - Epoch 27/30: Loss = 0.0044
2025-06-05 18:32:16,069 - __main__ - INFO - Epoch 28/30: Loss = 0.0044
2025-06-05 18:32:16,432 - __main__ - INFO - Epoch 29/30: Loss = 0.0043
2025-06-05 18:32:16,817 - __main__ - INFO - Epoch 30/30: Loss = 0.0043
2025-06-05 18:32:17,097 - __main__ - INFO - ✅ Hybrid-Embeddings gespeichert unter /opt/***/data/processed/hybrid_deep_embedding.csv
2025-06-05 18:32:17,114 - __main__ - INFO - ✅ Deep KNN Modell gespeichert unter /opt/***/models/hybrid_deep_knn.pkl
2025-06-05 18:32:17,119 - __main__ - INFO - ✅ Parameter als JSON gespeichert: /opt/***/models/hybrid_deep_model_params.json
2025/06/05 18:32:22 INFO mlflow.pyfunc: Validating input example against model signature

Downloading artifacts:   0%|          | 0/1 [00:00<?, ?it/s]
Downloading artifacts: 100%|██████████| 1/1 [00:00<00:00, 49.39it/s]
Downloading artifacts: 100%|██████████| 1/1 [00:00<00:00, 48.82it/s]
Registered model 'hybrid_deep_model' already exists. Creating a new version of this model...
2025/06/05 18:32:32 INFO mlflow.store.model_registry.abstract_store: Waiting up to 300 seconds for model version to finish creation. Model name: hybrid_deep_model, version 9
Created version '9' of model 'hybrid_deep_model'.
2025-06-05 18:32:39,381 - __main__ - INFO - 📝 Tags für Modellversion 9 gesetzt: n_neighbors=10, latent_dim=32
2025-06-05 18:32:41,389 - __main__ - INFO - 🏁 Deep Hybrid-Model Training abgeschlossen und geloggt.

[2025-06-05T18:32:42.554+0000] {python.py:201} INFO - Done. Returned value was: None
[2025-06-05T18:32:42.565+0000] {taskinstance.py:1138} INFO - Marking task as SUCCESS. dag_id=deep_models_pipeline, task_id=train_deep_hybrid_model, execution_date=20250605T183152, start_date=20250605T183156, end_date=20250605T183242
[2025-06-05T18:32:42.591+0000] {local_task_job_runner.py:234} INFO - Task exited with return code 0
[2025-06-05T18:32:42.613+0000] {taskinstance.py:3280} INFO - 0 downstream tasks scheduled from follow-on schedule check
