[2025-06-18T11:58:09.646+0000] {taskinstance.py:1956} INFO - Dependencies all met for dep_context=non-requeueable deps ti=<TaskInstance: drift_monitoring_dag.analyze_snapshot_drift scheduled__2025-06-18T10:00:00+00:00 [queued]>
[2025-06-18T11:58:09.655+0000] {taskinstance.py:1956} INFO - Dependencies all met for dep_context=requeueable deps ti=<TaskInstance: drift_monitoring_dag.analyze_snapshot_drift scheduled__2025-06-18T10:00:00+00:00 [queued]>
[2025-06-18T11:58:09.656+0000] {taskinstance.py:2170} INFO - Starting attempt 2 of 2
[2025-06-18T11:58:09.670+0000] {taskinstance.py:2191} INFO - Executing <Task(BashOperator): analyze_snapshot_drift> on 2025-06-18 10:00:00+00:00
[2025-06-18T11:58:09.679+0000] {standard_task_runner.py:60} INFO - Started process 367 to run task
[2025-06-18T11:58:09.682+0000] {standard_task_runner.py:87} INFO - Running: ['***', 'tasks', 'run', 'drift_monitoring_dag', 'analyze_snapshot_drift', 'scheduled__2025-06-18T10:00:00+00:00', '--job-id', '564', '--raw', '--subdir', 'DAGS_FOLDER/drift_monitoring_dag.py', '--cfg-path', '/tmp/tmpjzujlkc7']
[2025-06-18T11:58:09.685+0000] {standard_task_runner.py:88} INFO - Job 564: Subtask analyze_snapshot_drift
[2025-06-18T11:58:09.728+0000] {task_command.py:423} INFO - Running <TaskInstance: drift_monitoring_dag.analyze_snapshot_drift scheduled__2025-06-18T10:00:00+00:00 [running]> on host b50ef10c1330
[2025-06-18T11:58:09.802+0000] {taskinstance.py:2480} INFO - Exporting env vars: AIRFLOW_CTX_DAG_OWNER='***' AIRFLOW_CTX_DAG_ID='drift_monitoring_dag' AIRFLOW_CTX_TASK_ID='analyze_snapshot_drift' AIRFLOW_CTX_EXECUTION_DATE='2025-06-18T10:00:00+00:00' AIRFLOW_CTX_TRY_NUMBER='2' AIRFLOW_CTX_DAG_RUN_ID='scheduled__2025-06-18T10:00:00+00:00'
[2025-06-18T11:58:09.804+0000] {subprocess.py:63} INFO - Tmp dir root location: /tmp
[2025-06-18T11:58:09.805+0000] {subprocess.py:75} INFO - Running command: ['/usr/bin/bash', '-c', 'python /opt/***/src/monitoring/analyze_drift.py']
[2025-06-18T11:58:09.817+0000] {subprocess.py:86} INFO - Output:
[2025-06-18T11:58:14.338+0000] {subprocess.py:93} INFO - 2025/06/18 11:58:14 INFO mlflow.tracking.fluent: Experiment with name 'hybrid_deep_model' does not exist. Creating a new experiment.
[2025-06-18T11:58:14.339+0000] {subprocess.py:93} INFO - [2025-06-18 11:58:14,338] WARNING - ⚠️ Failed to load configuration – using default – Default: [Errno 2] No such file or directory: '/opt/***/data/monitoring/monitoring_conf.json'
[2025-06-18T11:58:14.403+0000] {subprocess.py:93} INFO - [2025-06-18 11:58:14,403] INFO - ✅ Training and test data loaded
[2025-06-18T11:58:17.455+0000] {subprocess.py:93} INFO - [2025-06-18 11:58:17,455] INFO - 📊 Evidently report saved: /opt/***/reports/drift_report.html
[2025-06-18T11:58:17.456+0000] {subprocess.py:93} INFO - INFO:***.task:📊 Evidently report saved: /opt/***/reports/drift_report.html
[2025-06-18T11:58:17.473+0000] {subprocess.py:93} INFO - [2025-06-18 11:58:17,473] INFO - ✅ Prometheus metrics saved: /opt/***/reports/drift_metrics.prom
[2025-06-18T11:58:17.474+0000] {subprocess.py:93} INFO - INFO:***.task:✅ Prometheus metrics saved: /opt/***/reports/drift_metrics.prom
[2025-06-18T11:58:17.474+0000] {subprocess.py:93} INFO - [2025-06-18 11:58:17,474] ERROR - ❌ Error loading embedding files: [Errno 2] No such file or directory: '/opt/***/data/processed/hybrid_deep_embedding_best.csv'
[2025-06-18T11:58:17.475+0000] {subprocess.py:93} INFO - ERROR:***.task:❌ Error loading embedding files: [Errno 2] No such file or directory: '/opt/***/data/processed/hybrid_deep_embedding_best.csv'
[2025-06-18T11:58:17.476+0000] {subprocess.py:93} INFO - Traceback (most recent call last):
[2025-06-18T11:58:17.477+0000] {subprocess.py:93} INFO -   File "/opt/***/src/monitoring/analyze_drift.py", line 166, in <module>
[2025-06-18T11:58:17.478+0000] {subprocess.py:93} INFO -     reference_df = pd.read_csv(BEST_EMBEDDING_PATH)
[2025-06-18T11:58:17.478+0000] {subprocess.py:93} INFO -   File "/home/***/.local/lib/python3.10/site-packages/pandas/io/parsers/readers.py", line 1026, in read_csv
[2025-06-18T11:58:17.479+0000] {subprocess.py:93} INFO -     return _read(filepath_or_buffer, kwds)
[2025-06-18T11:58:17.479+0000] {subprocess.py:93} INFO -   File "/home/***/.local/lib/python3.10/site-packages/pandas/io/parsers/readers.py", line 620, in _read
[2025-06-18T11:58:17.480+0000] {subprocess.py:93} INFO -     parser = TextFileReader(filepath_or_buffer, **kwds)
[2025-06-18T11:58:17.480+0000] {subprocess.py:93} INFO -   File "/home/***/.local/lib/python3.10/site-packages/pandas/io/parsers/readers.py", line 1620, in __init__
[2025-06-18T11:58:17.481+0000] {subprocess.py:93} INFO -     self._engine = self._make_engine(f, self.engine)
[2025-06-18T11:58:17.481+0000] {subprocess.py:93} INFO -   File "/home/***/.local/lib/python3.10/site-packages/pandas/io/parsers/readers.py", line 1880, in _make_engine
[2025-06-18T11:58:17.482+0000] {subprocess.py:93} INFO -     self.handles = get_handle(
[2025-06-18T11:58:17.482+0000] {subprocess.py:93} INFO -   File "/home/***/.local/lib/python3.10/site-packages/pandas/io/common.py", line 873, in get_handle
[2025-06-18T11:58:17.483+0000] {subprocess.py:93} INFO -     handle = open(
[2025-06-18T11:58:17.484+0000] {subprocess.py:93} INFO - FileNotFoundError: [Errno 2] No such file or directory: '/opt/***/data/processed/hybrid_deep_embedding_best.csv'
[2025-06-18T11:58:18.619+0000] {subprocess.py:97} INFO - Command exited with return code 1
[2025-06-18T11:58:18.628+0000] {taskinstance.py:2698} ERROR - Task failed with exception
Traceback (most recent call last):
  File "/home/airflow/.local/lib/python3.10/site-packages/airflow/models/taskinstance.py", line 433, in _execute_task
    result = execute_callable(context=context, **execute_callable_kwargs)
  File "/home/airflow/.local/lib/python3.10/site-packages/airflow/operators/bash.py", line 212, in execute
    raise AirflowException(
airflow.exceptions.AirflowException: Bash command failed. The command returned a non-zero exit code 1.
[2025-06-18T11:58:18.631+0000] {taskinstance.py:1138} INFO - Marking task as FAILED. dag_id=drift_monitoring_dag, task_id=analyze_snapshot_drift, execution_date=20250618T100000, start_date=20250618T115809, end_date=20250618T115818
[2025-06-18T11:58:18.642+0000] {standard_task_runner.py:107} ERROR - Failed to execute job 564 for task analyze_snapshot_drift (Bash command failed. The command returned a non-zero exit code 1.; 367)
[2025-06-18T11:58:18.685+0000] {local_task_job_runner.py:234} INFO - Task exited with return code 1
[2025-06-18T11:58:18.704+0000] {taskinstance.py:3280} INFO - 0 downstream tasks scheduled from follow-on schedule check
