[2025-06-01T11:34:46.976+0000] {taskinstance.py:1956} INFO - Dependencies all met for dep_context=non-requeueable deps ti=<TaskInstance: movie_recommendation_pipeline.import_raw_data manual__2025-06-01T11:34:46.516239+00:00 [queued]>
[2025-06-01T11:34:46.982+0000] {taskinstance.py:1956} INFO - Dependencies all met for dep_context=requeueable deps ti=<TaskInstance: movie_recommendation_pipeline.import_raw_data manual__2025-06-01T11:34:46.516239+00:00 [queued]>
[2025-06-01T11:34:46.983+0000] {taskinstance.py:2170} INFO - Starting attempt 1 of 3
[2025-06-01T11:34:46.992+0000] {taskinstance.py:2191} INFO - Executing <Task(PythonOperator): import_raw_data> on 2025-06-01 11:34:46.516239+00:00
[2025-06-01T11:34:47.002+0000] {standard_task_runner.py:60} INFO - Started process 199 to run task
[2025-06-01T11:34:47.005+0000] {standard_task_runner.py:87} INFO - Running: ['***', 'tasks', 'run', 'movie_recommendation_pipeline', 'import_raw_data', 'manual__2025-06-01T11:34:46.516239+00:00', '--job-id', '983', '--raw', '--subdir', 'DAGS_FOLDER/mlops_movie_dag.py', '--cfg-path', '/tmp/tmp1wg1rcq0']
[2025-06-01T11:34:47.007+0000] {standard_task_runner.py:88} INFO - Job 983: Subtask import_raw_data
[2025-06-01T11:34:47.045+0000] {task_command.py:423} INFO - Running <TaskInstance: movie_recommendation_pipeline.import_raw_data manual__2025-06-01T11:34:46.516239+00:00 [running]> on host 754694dd6447
[2025-06-01T11:34:47.106+0000] {taskinstance.py:2480} INFO - Exporting env vars: AIRFLOW_CTX_DAG_OWNER='***' AIRFLOW_CTX_DAG_ID='movie_recommendation_pipeline' AIRFLOW_CTX_TASK_ID='import_raw_data' AIRFLOW_CTX_EXECUTION_DATE='2025-06-01T11:34:46.516239+00:00' AIRFLOW_CTX_TRY_NUMBER='1' AIRFLOW_CTX_DAG_RUN_ID='manual__2025-06-01T11:34:46.516239+00:00'
[2025-06-01T11:34:47.308+0000] {mlops_movie_dag.py:13} INFO - 2025-06-01 11:34:47,297 - __main__ - INFO - ✅ Rohdatenprüfung abgeschlossen.
✅ Datei bereits vorhanden, überspringe: genome-scores.csv
✅ Datei bereits vorhanden, überspringe: genome-tags.csv
✅ Datei bereits vorhanden, überspringe: links.csv
✅ Datei bereits vorhanden, überspringe: movies.csv
✅ Datei bereits vorhanden, überspringe: ratings.csv
✅ Datei bereits vorhanden, überspringe: README.txt
✅ Datei bereits vorhanden, überspringe: tags.csv

[2025-06-01T11:34:47.309+0000] {python.py:201} INFO - Done. Returned value was: None
[2025-06-01T11:34:47.318+0000] {taskinstance.py:1138} INFO - Marking task as SUCCESS. dag_id=movie_recommendation_pipeline, task_id=import_raw_data, execution_date=20250601T113446, start_date=20250601T113446, end_date=20250601T113447
[2025-06-01T11:34:47.339+0000] {local_task_job_runner.py:234} INFO - Task exited with return code 0
[2025-06-01T11:34:47.360+0000] {taskinstance.py:3280} INFO - 1 downstream tasks scheduled from follow-on schedule check
