[2025-06-02T20:33:09.139+0000] {taskinstance.py:1956} INFO - Dependencies all met for dep_context=non-requeueable deps ti=<TaskInstance: deep_models_pipeline.train_deep_user_model manual__2025-06-02T20:33:07.953374+00:00 [queued]>
[2025-06-02T20:33:09.146+0000] {taskinstance.py:1956} INFO - Dependencies all met for dep_context=requeueable deps ti=<TaskInstance: deep_models_pipeline.train_deep_user_model manual__2025-06-02T20:33:07.953374+00:00 [queued]>
[2025-06-02T20:33:09.147+0000] {taskinstance.py:2170} INFO - Starting attempt 1 of 1
[2025-06-02T20:33:09.159+0000] {taskinstance.py:2191} INFO - Executing <Task(BashOperator): train_deep_user_model> on 2025-06-02 20:33:07.953374+00:00
[2025-06-02T20:33:09.166+0000] {standard_task_runner.py:60} INFO - Started process 855 to run task
[2025-06-02T20:33:09.169+0000] {standard_task_runner.py:87} INFO - Running: ['***', 'tasks', 'run', 'deep_models_pipeline', 'train_deep_user_model', 'manual__2025-06-02T20:33:07.953374+00:00', '--job-id', '1725', '--raw', '--subdir', 'DAGS_FOLDER/train_deep_model_dag.py', '--cfg-path', '/tmp/tmpwvhvwuvr']
[2025-06-02T20:33:09.171+0000] {standard_task_runner.py:88} INFO - Job 1725: Subtask train_deep_user_model
[2025-06-02T20:33:09.216+0000] {task_command.py:423} INFO - Running <TaskInstance: deep_models_pipeline.train_deep_user_model manual__2025-06-02T20:33:07.953374+00:00 [running]> on host 01f7ed3412b0
[2025-06-02T20:33:09.276+0000] {taskinstance.py:2480} INFO - Exporting env vars: AIRFLOW_CTX_DAG_OWNER='***' AIRFLOW_CTX_DAG_ID='deep_models_pipeline' AIRFLOW_CTX_TASK_ID='train_deep_user_model' AIRFLOW_CTX_EXECUTION_DATE='2025-06-02T20:33:07.953374+00:00' AIRFLOW_CTX_TRY_NUMBER='1' AIRFLOW_CTX_DAG_RUN_ID='manual__2025-06-02T20:33:07.953374+00:00'
[2025-06-02T20:33:09.278+0000] {subprocess.py:63} INFO - Tmp dir root location: /tmp
[2025-06-02T20:33:09.279+0000] {subprocess.py:75} INFO - Running command: ['/usr/bin/bash', '-c', 'python /opt/***/src/models/train_user_deep_model.py']
[2025-06-02T20:33:09.288+0000] {subprocess.py:86} INFO - Output:
[2025-06-02T20:33:12.513+0000] {subprocess.py:93} INFO - /home/***/.local/lib/python3.10/site-packages/mlflow/pyfunc/utils/data_validation.py:186: UserWarning: [33mAdd type hints to the `predict` method to enable data validation and automatic signature inference during model logging. Check https://mlflow.org/docs/latest/model/python_model.html#type-hint-usage-in-pythonmodel for more details.[0m
[2025-06-02T20:33:12.514+0000] {subprocess.py:93} INFO -   color_warning(
[2025-06-02T20:49:01.412+0000] {subprocess.py:93} INFO - Epoch 1/25: Loss = 0.0004
[2025-06-02T20:49:01.414+0000] {subprocess.py:93} INFO - Epoch 2/25: Loss = 0.0000
[2025-06-02T20:49:01.415+0000] {subprocess.py:93} INFO - Epoch 3/25: Loss = 0.0000
[2025-06-02T20:49:01.415+0000] {subprocess.py:93} INFO - Epoch 4/25: Loss = 0.0000
[2025-06-02T20:49:01.415+0000] {subprocess.py:93} INFO - Epoch 5/25: Loss = 0.0000
[2025-06-02T20:49:01.416+0000] {subprocess.py:93} INFO - Epoch 6/25: Loss = 0.0000
[2025-06-02T20:49:01.416+0000] {subprocess.py:93} INFO - Epoch 7/25: Loss = 0.0000
[2025-06-02T20:49:01.416+0000] {subprocess.py:93} INFO - Epoch 8/25: Loss = 0.0000
[2025-06-02T20:49:01.416+0000] {subprocess.py:93} INFO - Epoch 9/25: Loss = 0.0000
[2025-06-02T20:49:01.417+0000] {subprocess.py:93} INFO - Epoch 10/25: Loss = 0.0000
[2025-06-02T20:49:01.417+0000] {subprocess.py:93} INFO - Epoch 11/25: Loss = 0.0000
[2025-06-02T20:49:01.417+0000] {subprocess.py:93} INFO - Epoch 12/25: Loss = 0.0000
[2025-06-02T20:49:01.418+0000] {subprocess.py:93} INFO - Epoch 13/25: Loss = 0.0000
[2025-06-02T20:49:01.418+0000] {subprocess.py:93} INFO - Epoch 14/25: Loss = 0.0000
[2025-06-02T20:49:01.419+0000] {subprocess.py:93} INFO - Epoch 15/25: Loss = 0.0000
[2025-06-02T20:49:01.419+0000] {subprocess.py:93} INFO - Epoch 16/25: Loss = 0.0000
[2025-06-02T20:49:01.419+0000] {subprocess.py:93} INFO - Epoch 17/25: Loss = 0.0000
[2025-06-02T20:49:01.419+0000] {subprocess.py:93} INFO - Epoch 18/25: Loss = 0.0000
[2025-06-02T20:49:01.420+0000] {subprocess.py:93} INFO - Epoch 19/25: Loss = 0.0000
[2025-06-02T20:49:01.420+0000] {subprocess.py:93} INFO - Epoch 20/25: Loss = 0.0000
[2025-06-02T20:49:01.420+0000] {subprocess.py:93} INFO - Epoch 21/25: Loss = 0.0000
[2025-06-02T20:49:01.421+0000] {subprocess.py:93} INFO - Epoch 22/25: Loss = 0.0000
[2025-06-02T20:49:01.421+0000] {subprocess.py:93} INFO - Epoch 23/25: Loss = 0.0000
[2025-06-02T20:49:01.421+0000] {subprocess.py:93} INFO - Epoch 24/25: Loss = 0.0000
[2025-06-02T20:49:01.422+0000] {subprocess.py:93} INFO - Epoch 25/25: Loss = 0.0000
[2025-06-02T20:49:01.422+0000] {subprocess.py:93} INFO - ✅ User-Embeddings gespeichert unter /opt/***/data/processed/user_deep_embedding.csv
[2025-06-02T20:49:01.423+0000] {subprocess.py:93} INFO - ✅ Deep KNN Modell gespeichert unter /opt/***/models/user_deep_knn.pkl
[2025-06-02T20:49:01.424+0000] {subprocess.py:93} INFO - ⚠️ Fehler beim MLflow-Logging: API request to https://dagshub.com/sacer11/MLOps_movie_rec_apr25.mlflow/api/2.0/mlflow/experiments/get-by-name failed with exception HTTPSConnectionPool(host='dagshub.com', port=443): Max retries exceeded with url: /sacer11/MLOps_movie_rec_apr25.mlflow/api/2.0/mlflow/experiments/get-by-name?experiment_name=movie_user_deep_model (Caused by ResponseError('too many 500 error responses'))
[2025-06-02T20:49:01.424+0000] {subprocess.py:93} INFO - → Das Modell wurde trotzdem lokal gespeichert (deep_knn_path).
[2025-06-02T20:49:02.574+0000] {subprocess.py:97} INFO - Command exited with return code 0
[2025-06-02T20:49:02.608+0000] {taskinstance.py:1138} INFO - Marking task as SUCCESS. dag_id=deep_models_pipeline, task_id=train_deep_user_model, execution_date=20250602T203307, start_date=20250602T203309, end_date=20250602T204902
[2025-06-02T20:49:02.664+0000] {local_task_job_runner.py:234} INFO - Task exited with return code 0
[2025-06-02T20:49:02.691+0000] {taskinstance.py:3280} INFO - 1 downstream tasks scheduled from follow-on schedule check
