[2025-06-08T23:16:01.898+0000] {taskinstance.py:1956} INFO - Dependencies all met for dep_context=non-requeueable deps ti=<TaskInstance: deep_models_pipeline.train_deep_hybrid_model manual__2025-06-08T23:15:57.474113+00:00 [queued]>
[2025-06-08T23:16:01.903+0000] {taskinstance.py:1956} INFO - Dependencies all met for dep_context=requeueable deps ti=<TaskInstance: deep_models_pipeline.train_deep_hybrid_model manual__2025-06-08T23:15:57.474113+00:00 [queued]>
[2025-06-08T23:16:01.904+0000] {taskinstance.py:2170} INFO - Starting attempt 1 of 3
[2025-06-08T23:16:01.914+0000] {taskinstance.py:2191} INFO - Executing <Task(PythonOperator): train_deep_hybrid_model> on 2025-06-08 23:15:57.474113+00:00
[2025-06-08T23:16:01.920+0000] {standard_task_runner.py:60} INFO - Started process 314 to run task
[2025-06-08T23:16:01.922+0000] {standard_task_runner.py:87} INFO - Running: ['***', 'tasks', 'run', 'deep_models_pipeline', 'train_deep_hybrid_model', 'manual__2025-06-08T23:15:57.474113+00:00', '--job-id', '3571', '--raw', '--subdir', 'DAGS_FOLDER/train_deep_model_dag.py', '--cfg-path', '/tmp/tmp32gchw03']
[2025-06-08T23:16:01.923+0000] {standard_task_runner.py:88} INFO - Job 3571: Subtask train_deep_hybrid_model
[2025-06-08T23:16:01.955+0000] {task_command.py:423} INFO - Running <TaskInstance: deep_models_pipeline.train_deep_hybrid_model manual__2025-06-08T23:15:57.474113+00:00 [running]> on host 4d4a9637a5dc
[2025-06-08T23:16:02.007+0000] {taskinstance.py:2480} INFO - Exporting env vars: AIRFLOW_CTX_DAG_OWNER='***' AIRFLOW_CTX_DAG_ID='deep_models_pipeline' AIRFLOW_CTX_TASK_ID='train_deep_hybrid_model' AIRFLOW_CTX_EXECUTION_DATE='2025-06-08T23:15:57.474113+00:00' AIRFLOW_CTX_TRY_NUMBER='1' AIRFLOW_CTX_DAG_RUN_ID='manual__2025-06-08T23:15:57.474113+00:00'
[2025-06-08T23:16:02.008+0000] {train_deep_model_dag.py:13} INFO - 🟦 Running command: python /opt/***/src/models/train_hybrid_deep_model.py --n_neighbors=10 --latent_dim=64 --epochs=30 --tfidf_features=300
[2025-06-08T23:17:00.715+0000] {train_deep_model_dag.py:20} INFO - 🟩 [stdout]:
🏃 View run train_hybrid_deep_model at: https://dagshub.com/sacer11/MLOps_movie_rec_apr25.mlflow/#/experiments/10/runs/4ca5b9971c014730b2d593417bb9cd5f
🧪 View experiment at: https://dagshub.com/sacer11/MLOps_movie_rec_apr25.mlflow/#/experiments/10

[2025-06-08T23:17:00.716+0000] {train_deep_model_dag.py:22} WARNING - 🟨 [stderr]:
2025-06-08 23:16:05,561 - __main__ - INFO - 📥 Lade Rohdaten und baue Hybrid-Feature-Matrix ...
2025-06-08 23:16:10,679 - __main__ - INFO - 📐 Hybrid-Matrix erstellt mit Shape: (10381, 1429), Feature-Namen: 1429
2025-06-08 23:16:20,534 - __main__ - INFO - 💾 Hybrid-Matrix gespeichert unter /opt/***/data/processed/hybrid_matrix.csv
2025-06-08 23:16:20,627 - __main__ - INFO - 🚀 Starte Training Autoencoder ...
2025-06-08 23:16:21,427 - __main__ - INFO - Epoch 1/30: Loss = 0.0119
2025-06-08 23:16:21,662 - __main__ - INFO - Epoch 2/30: Loss = 0.0069
2025-06-08 23:16:21,906 - __main__ - INFO - Epoch 3/30: Loss = 0.0059
2025-06-08 23:16:22,197 - __main__ - INFO - Epoch 4/30: Loss = 0.0055
2025-06-08 23:16:22,517 - __main__ - INFO - Epoch 5/30: Loss = 0.0052
2025-06-08 23:16:22,782 - __main__ - INFO - Epoch 6/30: Loss = 0.0050
2025-06-08 23:16:23,028 - __main__ - INFO - Epoch 7/30: Loss = 0.0048
2025-06-08 23:16:23,305 - __main__ - INFO - Epoch 8/30: Loss = 0.0047
2025-06-08 23:16:23,548 - __main__ - INFO - Epoch 9/30: Loss = 0.0046
2025-06-08 23:16:23,796 - __main__ - INFO - Epoch 10/30: Loss = 0.0045
2025-06-08 23:16:24,050 - __main__ - INFO - Epoch 11/30: Loss = 0.0044
2025-06-08 23:16:24,290 - __main__ - INFO - Epoch 12/30: Loss = 0.0043
2025-06-08 23:16:24,548 - __main__ - INFO - Epoch 13/30: Loss = 0.0043
2025-06-08 23:16:24,810 - __main__ - INFO - Epoch 14/30: Loss = 0.0042
2025-06-08 23:16:25,068 - __main__ - INFO - Epoch 15/30: Loss = 0.0042
2025-06-08 23:16:25,324 - __main__ - INFO - Epoch 16/30: Loss = 0.0041
2025-06-08 23:16:25,562 - __main__ - INFO - Epoch 17/30: Loss = 0.0041
2025-06-08 23:16:25,819 - __main__ - INFO - Epoch 18/30: Loss = 0.0041
2025-06-08 23:16:26,055 - __main__ - INFO - Epoch 19/30: Loss = 0.0041
2025-06-08 23:16:26,302 - __main__ - INFO - Epoch 20/30: Loss = 0.0040
2025-06-08 23:16:26,537 - __main__ - INFO - Epoch 21/30: Loss = 0.0040
2025-06-08 23:16:26,780 - __main__ - INFO - Epoch 22/30: Loss = 0.0040
2025-06-08 23:16:27,016 - __main__ - INFO - Epoch 23/30: Loss = 0.0040
2025-06-08 23:16:27,246 - __main__ - INFO - Epoch 24/30: Loss = 0.0040
2025-06-08 23:16:27,492 - __main__ - INFO - Epoch 25/30: Loss = 0.0039
2025-06-08 23:16:27,744 - __main__ - INFO - Epoch 26/30: Loss = 0.0039
2025-06-08 23:16:28,007 - __main__ - INFO - Epoch 27/30: Loss = 0.0039
2025-06-08 23:16:28,263 - __main__ - INFO - Epoch 28/30: Loss = 0.0039
2025-06-08 23:16:28,579 - __main__ - INFO - Epoch 29/30: Loss = 0.0039
2025-06-08 23:16:28,844 - __main__ - INFO - Epoch 30/30: Loss = 0.0039
2025-06-08 23:16:29,283 - __main__ - INFO - ✅ Hybrid-Embeddings gespeichert unter /opt/***/data/processed/hybrid_deep_embedding.csv
2025-06-08 23:16:29,283 - __main__ - INFO - ✅ Hybrid-Embeddings gespeichert unter /opt/***/data/processed/hybrid_deep_embedding.csv
2025-06-08 23:16:29,301 - __main__ - INFO - ✅ Deep KNN Modell gespeichert unter /opt/***/models/hybrid_deep_knn.pkl
2025/06/08 23:16:35 INFO mlflow.pyfunc: Validating input example against model signature

Downloading artifacts:   0%|          | 0/1 [00:00<?, ?it/s]
Downloading artifacts: 100%|██████████| 1/1 [00:00<00:00, 45.10it/s]
Downloading artifacts: 100%|██████████| 1/1 [00:00<00:00, 44.64it/s]
Registered model 'hybrid_deep_model' already exists. Creating a new version of this model...
2025/06/08 23:16:45 INFO mlflow.store.model_registry.abstract_store: Waiting up to 300 seconds for model version to finish creation. Model name: hybrid_deep_model, version 59
Created version '59' of model 'hybrid_deep_model'.
2025-06-08 23:16:57,618 - __main__ - INFO - 📝 Tags für Modellversion 59 gesetzt: n_neighbors=10, latent_dim=64, tfidf_features=300, epochs=30
2025-06-08 23:16:59,613 - __main__ - INFO - 🏁 Deep Hybrid-Model Training abgeschlossen und geloggt.

[2025-06-08T23:17:00.717+0000] {python.py:201} INFO - Done. Returned value was: None
[2025-06-08T23:17:00.726+0000] {taskinstance.py:1138} INFO - Marking task as SUCCESS. dag_id=deep_models_pipeline, task_id=train_deep_hybrid_model, execution_date=20250608T231557, start_date=20250608T231601, end_date=20250608T231700
[2025-06-08T23:17:00.766+0000] {local_task_job_runner.py:234} INFO - Task exited with return code 0
[2025-06-08T23:17:00.786+0000] {taskinstance.py:3280} INFO - 1 downstream tasks scheduled from follow-on schedule check
