[2025-06-01T18:55:25.890+0000] {taskinstance.py:1956} INFO - Dependencies all met for dep_context=non-requeueable deps ti=<TaskInstance: movie_recommendation_pipeline.train_hybrid_model manual__2025-06-01T18:55:01.308655+00:00 [queued]>
[2025-06-01T18:55:25.898+0000] {taskinstance.py:1956} INFO - Dependencies all met for dep_context=requeueable deps ti=<TaskInstance: movie_recommendation_pipeline.train_hybrid_model manual__2025-06-01T18:55:01.308655+00:00 [queued]>
[2025-06-01T18:55:25.899+0000] {taskinstance.py:2170} INFO - Starting attempt 1 of 3
[2025-06-01T18:55:25.909+0000] {taskinstance.py:2191} INFO - Executing <Task(PythonOperator): train_hybrid_model> on 2025-06-01 18:55:01.308655+00:00
[2025-06-01T18:55:25.914+0000] {standard_task_runner.py:60} INFO - Started process 304 to run task
[2025-06-01T18:55:25.916+0000] {standard_task_runner.py:87} INFO - Running: ['***', 'tasks', 'run', 'movie_recommendation_pipeline', 'train_hybrid_model', 'manual__2025-06-01T18:55:01.308655+00:00', '--job-id', '1222', '--raw', '--subdir', 'DAGS_FOLDER/mlops_movie_dag.py', '--cfg-path', '/tmp/tmp4bw90ghb']
[2025-06-01T18:55:25.917+0000] {standard_task_runner.py:88} INFO - Job 1222: Subtask train_hybrid_model
[2025-06-01T18:55:25.950+0000] {task_command.py:423} INFO - Running <TaskInstance: movie_recommendation_pipeline.train_hybrid_model manual__2025-06-01T18:55:01.308655+00:00 [running]> on host 85b8892dac5f
[2025-06-01T18:55:26.008+0000] {taskinstance.py:2480} INFO - Exporting env vars: AIRFLOW_CTX_DAG_OWNER='***' AIRFLOW_CTX_DAG_ID='movie_recommendation_pipeline' AIRFLOW_CTX_TASK_ID='train_hybrid_model' AIRFLOW_CTX_EXECUTION_DATE='2025-06-01T18:55:01.308655+00:00' AIRFLOW_CTX_TRY_NUMBER='1' AIRFLOW_CTX_DAG_RUN_ID='manual__2025-06-01T18:55:01.308655+00:00'
[2025-06-01T18:56:58.697+0000] {mlops_movie_dag.py:13} INFO - 2025/06/01 18:55:57 INFO mlflow.pyfunc: Validating input example against model signature
🚀 Starte Hybrid-Modelltraining
📥 Rohdaten erfolgreich geladen
📐 Hybrid-Matrix erstellt mit Shape: (10381, 1428)
🤖 KNN-Modell trainiert

Downloading artifacts:   0%|          | 0/1 [00:00<?, ?it/s]
Downloading artifacts: 100%|██████████| 1/1 [00:01<00:00,  1.02s/it]
Downloading artifacts: 100%|██████████| 1/1 [00:01<00:00,  1.02s/it]
Downloading artifacts: 100%|██████████| 1/1 [00:01<00:00,  1.02s/it]
🏃 View run train_hybrid_model at: https://dagshub.com/sacer11/MLOps_movie_rec_apr25.mlflow/#/experiments/4/runs/06803db9e65543ebaaa1d147b34cbd72
🧪 View experiment at: https://dagshub.com/sacer11/MLOps_movie_rec_apr25.mlflow/#/experiments/4
✅ Modell & Matrix erfolgreich gespeichert und in MLflow geloggt

[2025-06-01T18:56:58.697+0000] {python.py:201} INFO - Done. Returned value was: None
[2025-06-01T18:56:58.707+0000] {taskinstance.py:1138} INFO - Marking task as SUCCESS. dag_id=movie_recommendation_pipeline, task_id=train_hybrid_model, execution_date=20250601T185501, start_date=20250601T185525, end_date=20250601T185658
[2025-06-01T18:56:58.760+0000] {local_task_job_runner.py:234} INFO - Task exited with return code 0
[2025-06-01T18:56:58.782+0000] {taskinstance.py:3280} INFO - 0 downstream tasks scheduled from follow-on schedule check
