[2025-06-08T21:17:04.167+0000] {taskinstance.py:1956} INFO - Dependencies all met for dep_context=non-requeueable deps ti=<TaskInstance: deep_models_pipeline.train_deep_hybrid_model manual__2025-06-08T21:16:58.396167+00:00 [queued]>
[2025-06-08T21:17:04.173+0000] {taskinstance.py:1956} INFO - Dependencies all met for dep_context=requeueable deps ti=<TaskInstance: deep_models_pipeline.train_deep_hybrid_model manual__2025-06-08T21:16:58.396167+00:00 [queued]>
[2025-06-08T21:17:04.173+0000] {taskinstance.py:2170} INFO - Starting attempt 1 of 3
[2025-06-08T21:17:04.183+0000] {taskinstance.py:2191} INFO - Executing <Task(PythonOperator): train_deep_hybrid_model> on 2025-06-08 21:16:58.396167+00:00
[2025-06-08T21:17:04.190+0000] {standard_task_runner.py:60} INFO - Started process 2412 to run task
[2025-06-08T21:17:04.191+0000] {standard_task_runner.py:87} INFO - Running: ['***', 'tasks', 'run', 'deep_models_pipeline', 'train_deep_hybrid_model', 'manual__2025-06-08T21:16:58.396167+00:00', '--job-id', '3516', '--raw', '--subdir', 'DAGS_FOLDER/train_deep_model_dag.py', '--cfg-path', '/tmp/tmpew4mx2rr']
[2025-06-08T21:17:04.193+0000] {standard_task_runner.py:88} INFO - Job 3516: Subtask train_deep_hybrid_model
[2025-06-08T21:17:04.225+0000] {task_command.py:423} INFO - Running <TaskInstance: deep_models_pipeline.train_deep_hybrid_model manual__2025-06-08T21:16:58.396167+00:00 [running]> on host 2049a80cedbe
[2025-06-08T21:17:04.278+0000] {taskinstance.py:2480} INFO - Exporting env vars: AIRFLOW_CTX_DAG_OWNER='***' AIRFLOW_CTX_DAG_ID='deep_models_pipeline' AIRFLOW_CTX_TASK_ID='train_deep_hybrid_model' AIRFLOW_CTX_EXECUTION_DATE='2025-06-08T21:16:58.396167+00:00' AIRFLOW_CTX_TRY_NUMBER='1' AIRFLOW_CTX_DAG_RUN_ID='manual__2025-06-08T21:16:58.396167+00:00'
[2025-06-08T21:17:04.280+0000] {train_deep_model_dag.py:13} INFO - 🟦 Running command: python /opt/***/src/models/train_hybrid_deep_model.py --n_neighbors=59 --latent_dim=32 --epochs=75 --tfidf_features=2387
[2025-06-08T21:18:42.522+0000] {train_deep_model_dag.py:20} INFO - 🟩 [stdout]:
🏃 View run train_hybrid_deep_model at: https://dagshub.com/sacer11/MLOps_movie_rec_apr25.mlflow/#/experiments/10/runs/f68a14d0838643b49f537ca0ab4b149d
🧪 View experiment at: https://dagshub.com/sacer11/MLOps_movie_rec_apr25.mlflow/#/experiments/10

[2025-06-08T21:18:42.523+0000] {train_deep_model_dag.py:22} WARNING - 🟨 [stderr]:
2025-06-08 21:17:07,857 - __main__ - INFO - 📥 Lade Rohdaten und baue Hybrid-Feature-Matrix ...
2025-06-08 21:17:12,980 - __main__ - INFO - 📐 Hybrid-Matrix erstellt mit Shape: (10381, 3516), Feature-Namen: 3516
2025-06-08 21:17:27,848 - __main__ - INFO - 💾 Hybrid-Matrix gespeichert unter /opt/***/data/processed/hybrid_matrix.csv
2025-06-08 21:17:28,057 - __main__ - INFO - 🚀 Starte Training Autoencoder ...
2025-06-08 21:17:29,101 - __main__ - INFO - Epoch 1/75: Loss = 0.0058
2025-06-08 21:17:29,622 - __main__ - INFO - Epoch 2/75: Loss = 0.0037
2025-06-08 21:17:30,145 - __main__ - INFO - Epoch 3/75: Loss = 0.0031
2025-06-08 21:17:30,680 - __main__ - INFO - Epoch 4/75: Loss = 0.0028
2025-06-08 21:17:31,215 - __main__ - INFO - Epoch 5/75: Loss = 0.0027
2025-06-08 21:17:31,730 - __main__ - INFO - Epoch 6/75: Loss = 0.0026
2025-06-08 21:17:32,244 - __main__ - INFO - Epoch 7/75: Loss = 0.0025
2025-06-08 21:17:32,744 - __main__ - INFO - Epoch 8/75: Loss = 0.0025
2025-06-08 21:17:33,277 - __main__ - INFO - Epoch 9/75: Loss = 0.0024
2025-06-08 21:17:33,780 - __main__ - INFO - Epoch 10/75: Loss = 0.0024
2025-06-08 21:17:34,293 - __main__ - INFO - Epoch 11/75: Loss = 0.0024
2025-06-08 21:17:34,813 - __main__ - INFO - Epoch 12/75: Loss = 0.0023
2025-06-08 21:17:35,383 - __main__ - INFO - Epoch 13/75: Loss = 0.0023
2025-06-08 21:17:35,936 - __main__ - INFO - Epoch 14/75: Loss = 0.0023
2025-06-08 21:17:36,474 - __main__ - INFO - Epoch 15/75: Loss = 0.0023
2025-06-08 21:17:36,994 - __main__ - INFO - Epoch 16/75: Loss = 0.0023
2025-06-08 21:17:37,532 - __main__ - INFO - Epoch 17/75: Loss = 0.0022
2025-06-08 21:17:38,039 - __main__ - INFO - Epoch 18/75: Loss = 0.0022
2025-06-08 21:17:38,556 - __main__ - INFO - Epoch 19/75: Loss = 0.0022
2025-06-08 21:17:39,067 - __main__ - INFO - Epoch 20/75: Loss = 0.0022
2025-06-08 21:17:39,634 - __main__ - INFO - Epoch 21/75: Loss = 0.0022
2025-06-08 21:17:40,253 - __main__ - INFO - Epoch 22/75: Loss = 0.0022
2025-06-08 21:17:40,783 - __main__ - INFO - Epoch 23/75: Loss = 0.0022
2025-06-08 21:17:41,289 - __main__ - INFO - Epoch 24/75: Loss = 0.0022
2025-06-08 21:17:41,807 - __main__ - INFO - Epoch 25/75: Loss = 0.0022
2025-06-08 21:17:42,324 - __main__ - INFO - Epoch 26/75: Loss = 0.0021
2025-06-08 21:17:42,842 - __main__ - INFO - Epoch 27/75: Loss = 0.0021
2025-06-08 21:17:43,374 - __main__ - INFO - Epoch 28/75: Loss = 0.0021
2025-06-08 21:17:43,966 - __main__ - INFO - Epoch 29/75: Loss = 0.0021
2025-06-08 21:17:44,525 - __main__ - INFO - Epoch 30/75: Loss = 0.0021
2025-06-08 21:17:45,083 - __main__ - INFO - Epoch 31/75: Loss = 0.0021
2025-06-08 21:17:45,605 - __main__ - INFO - Epoch 32/75: Loss = 0.0021
2025-06-08 21:17:46,110 - __main__ - INFO - Epoch 33/75: Loss = 0.0021
2025-06-08 21:17:46,637 - __main__ - INFO - Epoch 34/75: Loss = 0.0021
2025-06-08 21:17:47,150 - __main__ - INFO - Epoch 35/75: Loss = 0.0021
2025-06-08 21:17:47,674 - __main__ - INFO - Epoch 36/75: Loss = 0.0021
2025-06-08 21:17:48,213 - __main__ - INFO - Epoch 37/75: Loss = 0.0021
2025-06-08 21:17:48,777 - __main__ - INFO - Epoch 38/75: Loss = 0.0021
2025-06-08 21:17:49,374 - __main__ - INFO - Epoch 39/75: Loss = 0.0021
2025-06-08 21:17:49,869 - __main__ - INFO - Epoch 40/75: Loss = 0.0021
2025-06-08 21:17:50,404 - __main__ - INFO - Epoch 41/75: Loss = 0.0021
2025-06-08 21:17:50,891 - __main__ - INFO - Epoch 42/75: Loss = 0.0021
2025-06-08 21:17:51,412 - __main__ - INFO - Epoch 43/75: Loss = 0.0021
2025-06-08 21:17:51,909 - __main__ - INFO - Epoch 44/75: Loss = 0.0021
2025-06-08 21:17:52,442 - __main__ - INFO - Epoch 45/75: Loss = 0.0020
2025-06-08 21:17:53,014 - __main__ - INFO - Epoch 46/75: Loss = 0.0020
2025-06-08 21:17:53,598 - __main__ - INFO - Epoch 47/75: Loss = 0.0020
2025-06-08 21:17:54,139 - __main__ - INFO - Epoch 48/75: Loss = 0.0020
2025-06-08 21:17:54,676 - __main__ - INFO - Epoch 49/75: Loss = 0.0020
2025-06-08 21:17:55,293 - __main__ - INFO - Epoch 50/75: Loss = 0.0020
2025-06-08 21:17:55,862 - __main__ - INFO - Epoch 51/75: Loss = 0.0020
2025-06-08 21:17:56,374 - __main__ - INFO - Epoch 52/75: Loss = 0.0020
2025-06-08 21:17:57,016 - __main__ - INFO - Epoch 53/75: Loss = 0.0020
2025-06-08 21:17:57,576 - __main__ - INFO - Epoch 54/75: Loss = 0.0020
2025-06-08 21:17:58,173 - __main__ - INFO - Epoch 55/75: Loss = 0.0020
2025-06-08 21:17:58,670 - __main__ - INFO - Epoch 56/75: Loss = 0.0020
2025-06-08 21:17:59,192 - __main__ - INFO - Epoch 57/75: Loss = 0.0020
2025-06-08 21:17:59,725 - __main__ - INFO - Epoch 58/75: Loss = 0.0020
2025-06-08 21:18:00,258 - __main__ - INFO - Epoch 59/75: Loss = 0.0020
2025-06-08 21:18:00,780 - __main__ - INFO - Epoch 60/75: Loss = 0.0020
2025-06-08 21:18:01,321 - __main__ - INFO - Epoch 61/75: Loss = 0.0020
2025-06-08 21:18:01,910 - __main__ - INFO - Epoch 62/75: Loss = 0.0020
2025-06-08 21:18:02,507 - __main__ - INFO - Epoch 63/75: Loss = 0.0020
2025-06-08 21:18:03,050 - __main__ - INFO - Epoch 64/75: Loss = 0.0020
2025-06-08 21:18:03,579 - __main__ - INFO - Epoch 65/75: Loss = 0.0020
2025-06-08 21:18:04,093 - __main__ - INFO - Epoch 66/75: Loss = 0.0020
2025-06-08 21:18:04,619 - __main__ - INFO - Epoch 67/75: Loss = 0.0020
2025-06-08 21:18:05,158 - __main__ - INFO - Epoch 68/75: Loss = 0.0020
2025-06-08 21:18:05,681 - __main__ - INFO - Epoch 69/75: Loss = 0.0020
2025-06-08 21:18:06,238 - __main__ - INFO - Epoch 70/75: Loss = 0.0020
2025-06-08 21:18:06,805 - __main__ - INFO - Epoch 71/75: Loss = 0.0020
2025-06-08 21:18:07,369 - __main__ - INFO - Epoch 72/75: Loss = 0.0020
2025-06-08 21:18:07,852 - __main__ - INFO - Epoch 73/75: Loss = 0.0020
2025-06-08 21:18:08,399 - __main__ - INFO - Epoch 74/75: Loss = 0.0020
2025-06-08 21:18:08,949 - __main__ - INFO - Epoch 75/75: Loss = 0.0020
2025-06-08 21:18:09,204 - __main__ - INFO - ✅ Hybrid-Embeddings gespeichert unter /opt/***/data/processed/hybrid_deep_embedding.csv
2025-06-08 21:18:09,204 - __main__ - INFO - ✅ Hybrid-Embeddings gespeichert unter /opt/***/data/processed/hybrid_deep_embedding.csv
2025-06-08 21:18:09,214 - __main__ - INFO - ✅ Deep KNN Modell gespeichert unter /opt/***/models/hybrid_deep_knn.pkl
2025/06/08 21:18:14 INFO mlflow.pyfunc: Validating input example against model signature

Downloading artifacts:   0%|          | 0/1 [00:00<?, ?it/s]
Downloading artifacts: 100%|██████████| 1/1 [00:00<00:00, 87.16it/s]
Downloading artifacts: 100%|██████████| 1/1 [00:00<00:00, 85.92it/s]
Registered model 'hybrid_deep_model' already exists. Creating a new version of this model...
2025/06/08 21:18:25 INFO mlflow.store.model_registry.abstract_store: Waiting up to 300 seconds for model version to finish creation. Model name: hybrid_deep_model, version 54
Created version '54' of model 'hybrid_deep_model'.
2025-06-08 21:18:39,502 - __main__ - INFO - 📝 Tags für Modellversion 54 gesetzt: n_neighbors=59, latent_dim=32, tfidf_features=2387, epochs=75
2025-06-08 21:18:41,510 - __main__ - INFO - 🏁 Deep Hybrid-Model Training abgeschlossen und geloggt.

[2025-06-08T21:18:42.524+0000] {python.py:201} INFO - Done. Returned value was: None
[2025-06-08T21:18:42.534+0000] {taskinstance.py:1138} INFO - Marking task as SUCCESS. dag_id=deep_models_pipeline, task_id=train_deep_hybrid_model, execution_date=20250608T211658, start_date=20250608T211704, end_date=20250608T211842
[2025-06-08T21:18:42.588+0000] {local_task_job_runner.py:234} INFO - Task exited with return code 0
[2025-06-08T21:18:42.612+0000] {taskinstance.py:3280} INFO - 1 downstream tasks scheduled from follow-on schedule check
