[2025-06-12T16:37:29.565+0000] {taskinstance.py:1956} INFO - Dependencies all met for dep_context=non-requeueable deps ti=<TaskInstance: deep_models_pipeline.train_deep_hybrid_model manual__2025-06-12T16:37:24.264773+00:00 [queued]>
[2025-06-12T16:37:29.571+0000] {taskinstance.py:1956} INFO - Dependencies all met for dep_context=requeueable deps ti=<TaskInstance: deep_models_pipeline.train_deep_hybrid_model manual__2025-06-12T16:37:24.264773+00:00 [queued]>
[2025-06-12T16:37:29.571+0000] {taskinstance.py:2170} INFO - Starting attempt 1 of 3
[2025-06-12T16:37:29.580+0000] {taskinstance.py:2191} INFO - Executing <Task(PythonOperator): train_deep_hybrid_model> on 2025-06-12 16:37:24.264773+00:00
[2025-06-12T16:37:29.585+0000] {standard_task_runner.py:60} INFO - Started process 1529 to run task
[2025-06-12T16:37:29.590+0000] {standard_task_runner.py:87} INFO - Running: ['***', 'tasks', 'run', 'deep_models_pipeline', 'train_deep_hybrid_model', 'manual__2025-06-12T16:37:24.264773+00:00', '--job-id', '82', '--raw', '--subdir', 'DAGS_FOLDER/train_deep_model_dag.py', '--cfg-path', '/tmp/tmpljeccc1x']
[2025-06-12T16:37:29.604+0000] {standard_task_runner.py:88} INFO - Job 82: Subtask train_deep_hybrid_model
[2025-06-12T16:37:29.636+0000] {task_command.py:423} INFO - Running <TaskInstance: deep_models_pipeline.train_deep_hybrid_model manual__2025-06-12T16:37:24.264773+00:00 [running]> on host 6a2d883c7e9f
[2025-06-12T16:37:29.692+0000] {taskinstance.py:2480} INFO - Exporting env vars: AIRFLOW_CTX_DAG_OWNER='***' AIRFLOW_CTX_DAG_ID='deep_models_pipeline' AIRFLOW_CTX_TASK_ID='train_deep_hybrid_model' AIRFLOW_CTX_EXECUTION_DATE='2025-06-12T16:37:24.264773+00:00' AIRFLOW_CTX_TRY_NUMBER='1' AIRFLOW_CTX_DAG_RUN_ID='manual__2025-06-12T16:37:24.264773+00:00'
[2025-06-12T16:37:29.693+0000] {train_deep_model_dag.py:13} INFO - 🟦 Running command: python /opt/***/src/models/train_hybrid_deep_model.py
[2025-06-12T16:38:59.222+0000] {train_deep_model_dag.py:20} INFO - 🟩 [stdout]:
🏃 View run train_hybrid_deep_model at: https://dagshub.com/sacer11/MLOps_movie_rec_apr25.mlflow/#/experiments/10/runs/3c8c73f02fe04260b28c220fe206f457
🧪 View experiment at: https://dagshub.com/sacer11/MLOps_movie_rec_apr25.mlflow/#/experiments/10

[2025-06-12T16:38:59.223+0000] {train_deep_model_dag.py:22} WARNING - 🟨 [stderr]:
2025-06-12 16:37:33,297 - __main__ - INFO - 📥 Lade Rohdaten und baue Hybrid-Feature-Matrix ...
2025-06-12 16:37:38,396 - __main__ - INFO - 📐 Hybrid-Matrix erstellt mit Shape: (10381, 1274), Feature-Namen: 1274
2025-06-12 16:37:46,527 - __main__ - INFO - 💾 Hybrid-Matrix gespeichert unter /opt/***/data/processed/hybrid_matrix.csv
2025-06-12 16:37:46,609 - __main__ - INFO - 🚀 Starte Training Autoencoder ...
2025-06-12 16:37:47,614 - __main__ - INFO - Epoch 1/35: Loss = 0.0010
2025-06-12 16:37:47,958 - __main__ - INFO - Epoch 2/35: Loss = 0.0006
2025-06-12 16:37:48,349 - __main__ - INFO - Epoch 3/35: Loss = 0.0006
2025-06-12 16:37:48,848 - __main__ - INFO - Epoch 4/35: Loss = 0.0005
2025-06-12 16:37:49,317 - __main__ - INFO - Epoch 5/35: Loss = 0.0005
2025-06-12 16:37:49,749 - __main__ - INFO - Epoch 6/35: Loss = 0.0005
2025-06-12 16:37:50,191 - __main__ - INFO - Epoch 7/35: Loss = 0.0005
2025-06-12 16:37:50,718 - __main__ - INFO - Epoch 8/35: Loss = 0.0005
2025-06-12 16:37:51,303 - __main__ - INFO - Epoch 9/35: Loss = 0.0005
2025-06-12 16:37:51,748 - __main__ - INFO - Epoch 10/35: Loss = 0.0005
2025-06-12 16:37:52,211 - __main__ - INFO - Epoch 11/35: Loss = 0.0005
2025-06-12 16:37:52,688 - __main__ - INFO - Epoch 12/35: Loss = 0.0005
2025-06-12 16:37:53,177 - __main__ - INFO - Epoch 13/35: Loss = 0.0005
2025-06-12 16:37:53,715 - __main__ - INFO - Epoch 14/35: Loss = 0.0005
2025-06-12 16:37:54,148 - __main__ - INFO - Epoch 15/35: Loss = 0.0005
2025-06-12 16:37:54,658 - __main__ - INFO - Epoch 16/35: Loss = 0.0005
2025-06-12 16:37:55,129 - __main__ - INFO - Epoch 17/35: Loss = 0.0005
2025-06-12 16:37:55,597 - __main__ - INFO - Epoch 18/35: Loss = 0.0005
2025-06-12 16:37:56,045 - __main__ - INFO - Epoch 19/35: Loss = 0.0005
2025-06-12 16:37:56,470 - __main__ - INFO - Epoch 20/35: Loss = 0.0004
2025-06-12 16:37:56,943 - __main__ - INFO - Epoch 21/35: Loss = 0.0004
2025-06-12 16:37:57,408 - __main__ - INFO - Epoch 22/35: Loss = 0.0004
2025-06-12 16:37:57,938 - __main__ - INFO - Epoch 23/35: Loss = 0.0004
2025-06-12 16:37:58,387 - __main__ - INFO - Epoch 24/35: Loss = 0.0004
2025-06-12 16:37:58,850 - __main__ - INFO - Epoch 25/35: Loss = 0.0004
2025-06-12 16:37:59,350 - __main__ - INFO - Epoch 26/35: Loss = 0.0004
2025-06-12 16:37:59,861 - __main__ - INFO - Epoch 27/35: Loss = 0.0004
2025-06-12 16:38:00,340 - __main__ - INFO - Epoch 28/35: Loss = 0.0004
2025-06-12 16:38:00,803 - __main__ - INFO - Epoch 29/35: Loss = 0.0004
2025-06-12 16:38:01,293 - __main__ - INFO - Epoch 30/35: Loss = 0.0004
2025-06-12 16:38:01,778 - __main__ - INFO - Epoch 31/35: Loss = 0.0004
2025-06-12 16:38:02,244 - __main__ - INFO - Epoch 32/35: Loss = 0.0004
2025-06-12 16:38:02,643 - __main__ - INFO - Epoch 33/35: Loss = 0.0004
2025-06-12 16:38:03,110 - __main__ - INFO - Epoch 34/35: Loss = 0.0004
2025-06-12 16:38:03,621 - __main__ - INFO - Epoch 35/35: Loss = 0.0004
2025-06-12 16:38:03,951 - __main__ - INFO - ✅ Hybrid-Embeddings gespeichert unter /opt/***/data/processed/hybrid_deep_embedding.csv
2025-06-12 16:38:03,964 - __main__ - INFO - ✅ Deep KNN Modell gespeichert unter /opt/***/models/hybrid_deep_knn.pkl
2025/06/12 16:38:16 INFO mlflow.pyfunc: Validating input example against model signature

Downloading artifacts:   0%|          | 0/1 [00:00<?, ?it/s]
Downloading artifacts: 100%|██████████| 1/1 [00:00<00:00, 71.50it/s]
Downloading artifacts: 100%|██████████| 1/1 [00:00<00:00, 70.84it/s]
Registered model 'hybrid_deep_model' already exists. Creating a new version of this model...
2025/06/12 16:38:29 INFO mlflow.store.model_registry.abstract_store: Waiting up to 300 seconds for model version to finish creation. Model name: hybrid_deep_model, version 5
Created version '5' of model 'hybrid_deep_model'.
2025-06-12 16:38:56,195 - __main__ - INFO - 📝 Tags gesetzt für Modellversion 5: n_neighbors=14, latent_dim=40, hidden_dim=272, tfidf_features=452, epochs=35, lr=0.001, batch_size=64, metric=cosine, content_weight=0.6, collab_weight=0.4, power_factor=1.3, precision_10=0.0
2025-06-12 16:38:58,206 - __main__ - INFO - 🏁 Deep Hybrid-Model Training abgeschlossen und geloggt.

[2025-06-12T16:38:59.224+0000] {python.py:201} INFO - Done. Returned value was: None
[2025-06-12T16:38:59.234+0000] {taskinstance.py:1138} INFO - Marking task as SUCCESS. dag_id=deep_models_pipeline, task_id=train_deep_hybrid_model, execution_date=20250612T163724, start_date=20250612T163729, end_date=20250612T163859
[2025-06-12T16:38:59.290+0000] {local_task_job_runner.py:234} INFO - Task exited with return code 0
[2025-06-12T16:38:59.309+0000] {taskinstance.py:3280} INFO - 1 downstream tasks scheduled from follow-on schedule check
