[2025-06-08T21:26:56.386+0000] {taskinstance.py:1956} INFO - Dependencies all met for dep_context=non-requeueable deps ti=<TaskInstance: deep_models_pipeline.train_deep_hybrid_model manual__2025-06-08T21:26:51.587207+00:00 [queued]>
[2025-06-08T21:26:56.392+0000] {taskinstance.py:1956} INFO - Dependencies all met for dep_context=requeueable deps ti=<TaskInstance: deep_models_pipeline.train_deep_hybrid_model manual__2025-06-08T21:26:51.587207+00:00 [queued]>
[2025-06-08T21:26:56.392+0000] {taskinstance.py:2170} INFO - Starting attempt 1 of 3
[2025-06-08T21:26:56.406+0000] {taskinstance.py:2191} INFO - Executing <Task(PythonOperator): train_deep_hybrid_model> on 2025-06-08 21:26:51.587207+00:00
[2025-06-08T21:26:56.410+0000] {standard_task_runner.py:60} INFO - Started process 4335 to run task
[2025-06-08T21:26:56.412+0000] {standard_task_runner.py:87} INFO - Running: ['***', 'tasks', 'run', 'deep_models_pipeline', 'train_deep_hybrid_model', 'manual__2025-06-08T21:26:51.587207+00:00', '--job-id', '3542', '--raw', '--subdir', 'DAGS_FOLDER/train_deep_model_dag.py', '--cfg-path', '/tmp/tmpbbf3376o']
[2025-06-08T21:26:56.413+0000] {standard_task_runner.py:88} INFO - Job 3542: Subtask train_deep_hybrid_model
[2025-06-08T21:26:56.444+0000] {task_command.py:423} INFO - Running <TaskInstance: deep_models_pipeline.train_deep_hybrid_model manual__2025-06-08T21:26:51.587207+00:00 [running]> on host 2049a80cedbe
[2025-06-08T21:26:56.498+0000] {taskinstance.py:2480} INFO - Exporting env vars: AIRFLOW_CTX_DAG_OWNER='***' AIRFLOW_CTX_DAG_ID='deep_models_pipeline' AIRFLOW_CTX_TASK_ID='train_deep_hybrid_model' AIRFLOW_CTX_EXECUTION_DATE='2025-06-08T21:26:51.587207+00:00' AIRFLOW_CTX_TRY_NUMBER='1' AIRFLOW_CTX_DAG_RUN_ID='manual__2025-06-08T21:26:51.587207+00:00'
[2025-06-08T21:26:56.499+0000] {train_deep_model_dag.py:13} INFO - 🟦 Running command: python /opt/***/src/models/train_hybrid_deep_model.py --n_neighbors=53 --latent_dim=32 --epochs=75 --tfidf_features=2023
[2025-06-08T21:28:31.638+0000] {train_deep_model_dag.py:20} INFO - 🟩 [stdout]:
🏃 View run train_hybrid_deep_model at: https://dagshub.com/sacer11/MLOps_movie_rec_apr25.mlflow/#/experiments/10/runs/a4e31967694e43e6971c4967466b5f5e
🧪 View experiment at: https://dagshub.com/sacer11/MLOps_movie_rec_apr25.mlflow/#/experiments/10

[2025-06-08T21:28:31.639+0000] {train_deep_model_dag.py:22} WARNING - 🟨 [stderr]:
2025-06-08 21:27:00,092 - __main__ - INFO - 📥 Lade Rohdaten und baue Hybrid-Feature-Matrix ...
2025-06-08 21:27:05,392 - __main__ - INFO - 📐 Hybrid-Matrix erstellt mit Shape: (10381, 3152), Feature-Namen: 3152
2025-06-08 21:27:20,093 - __main__ - INFO - 💾 Hybrid-Matrix gespeichert unter /opt/***/data/processed/hybrid_matrix.csv
2025-06-08 21:27:20,286 - __main__ - INFO - 🚀 Starte Training Autoencoder ...
2025-06-08 21:27:21,335 - __main__ - INFO - Epoch 1/75: Loss = 0.0064
2025-06-08 21:27:21,839 - __main__ - INFO - Epoch 2/75: Loss = 0.0039
2025-06-08 21:27:22,354 - __main__ - INFO - Epoch 3/75: Loss = 0.0033
2025-06-08 21:27:22,870 - __main__ - INFO - Epoch 4/75: Loss = 0.0031
2025-06-08 21:27:23,451 - __main__ - INFO - Epoch 5/75: Loss = 0.0029
2025-06-08 21:27:23,983 - __main__ - INFO - Epoch 6/75: Loss = 0.0028
2025-06-08 21:27:24,479 - __main__ - INFO - Epoch 7/75: Loss = 0.0027
2025-06-08 21:27:24,963 - __main__ - INFO - Epoch 8/75: Loss = 0.0027
2025-06-08 21:27:25,460 - __main__ - INFO - Epoch 9/75: Loss = 0.0026
2025-06-08 21:27:25,962 - __main__ - INFO - Epoch 10/75: Loss = 0.0026
2025-06-08 21:27:26,447 - __main__ - INFO - Epoch 11/75: Loss = 0.0025
2025-06-08 21:27:26,973 - __main__ - INFO - Epoch 12/75: Loss = 0.0025
2025-06-08 21:27:27,471 - __main__ - INFO - Epoch 13/75: Loss = 0.0025
2025-06-08 21:27:27,981 - __main__ - INFO - Epoch 14/75: Loss = 0.0025
2025-06-08 21:27:28,519 - __main__ - INFO - Epoch 15/75: Loss = 0.0025
2025-06-08 21:27:29,033 - __main__ - INFO - Epoch 16/75: Loss = 0.0024
2025-06-08 21:27:29,509 - __main__ - INFO - Epoch 17/75: Loss = 0.0024
2025-06-08 21:27:29,987 - __main__ - INFO - Epoch 18/75: Loss = 0.0024
2025-06-08 21:27:30,528 - __main__ - INFO - Epoch 19/75: Loss = 0.0024
2025-06-08 21:27:31,027 - __main__ - INFO - Epoch 20/75: Loss = 0.0024
2025-06-08 21:27:31,525 - __main__ - INFO - Epoch 21/75: Loss = 0.0024
2025-06-08 21:27:31,993 - __main__ - INFO - Epoch 22/75: Loss = 0.0024
2025-06-08 21:27:32,509 - __main__ - INFO - Epoch 23/75: Loss = 0.0024
2025-06-08 21:27:32,997 - __main__ - INFO - Epoch 24/75: Loss = 0.0024
2025-06-08 21:27:33,499 - __main__ - INFO - Epoch 25/75: Loss = 0.0023
2025-06-08 21:27:33,961 - __main__ - INFO - Epoch 26/75: Loss = 0.0023
2025-06-08 21:27:34,452 - __main__ - INFO - Epoch 27/75: Loss = 0.0023
2025-06-08 21:27:34,944 - __main__ - INFO - Epoch 28/75: Loss = 0.0023
2025-06-08 21:27:35,443 - __main__ - INFO - Epoch 29/75: Loss = 0.0023
2025-06-08 21:27:35,935 - __main__ - INFO - Epoch 30/75: Loss = 0.0023
2025-06-08 21:27:36,409 - __main__ - INFO - Epoch 31/75: Loss = 0.0023
2025-06-08 21:27:36,958 - __main__ - INFO - Epoch 32/75: Loss = 0.0023
2025-06-08 21:27:37,470 - __main__ - INFO - Epoch 33/75: Loss = 0.0023
2025-06-08 21:27:38,000 - __main__ - INFO - Epoch 34/75: Loss = 0.0023
2025-06-08 21:27:38,486 - __main__ - INFO - Epoch 35/75: Loss = 0.0023
2025-06-08 21:27:38,980 - __main__ - INFO - Epoch 36/75: Loss = 0.0023
2025-06-08 21:27:39,485 - __main__ - INFO - Epoch 37/75: Loss = 0.0023
2025-06-08 21:27:39,974 - __main__ - INFO - Epoch 38/75: Loss = 0.0023
2025-06-08 21:27:40,472 - __main__ - INFO - Epoch 39/75: Loss = 0.0023
2025-06-08 21:27:40,943 - __main__ - INFO - Epoch 40/75: Loss = 0.0023
2025-06-08 21:27:41,469 - __main__ - INFO - Epoch 41/75: Loss = 0.0023
2025-06-08 21:27:41,974 - __main__ - INFO - Epoch 42/75: Loss = 0.0023
2025-06-08 21:27:42,497 - __main__ - INFO - Epoch 43/75: Loss = 0.0022
2025-06-08 21:27:42,998 - __main__ - INFO - Epoch 44/75: Loss = 0.0022
2025-06-08 21:27:43,500 - __main__ - INFO - Epoch 45/75: Loss = 0.0022
2025-06-08 21:27:44,029 - __main__ - INFO - Epoch 46/75: Loss = 0.0022
2025-06-08 21:27:44,537 - __main__ - INFO - Epoch 47/75: Loss = 0.0022
2025-06-08 21:27:45,032 - __main__ - INFO - Epoch 48/75: Loss = 0.0022
2025-06-08 21:27:45,518 - __main__ - INFO - Epoch 49/75: Loss = 0.0022
2025-06-08 21:27:46,035 - __main__ - INFO - Epoch 50/75: Loss = 0.0022
2025-06-08 21:27:46,573 - __main__ - INFO - Epoch 51/75: Loss = 0.0022
2025-06-08 21:27:47,103 - __main__ - INFO - Epoch 52/75: Loss = 0.0022
2025-06-08 21:27:47,602 - __main__ - INFO - Epoch 53/75: Loss = 0.0022
2025-06-08 21:27:48,099 - __main__ - INFO - Epoch 54/75: Loss = 0.0022
2025-06-08 21:27:48,587 - __main__ - INFO - Epoch 55/75: Loss = 0.0022
2025-06-08 21:27:49,079 - __main__ - INFO - Epoch 56/75: Loss = 0.0022
2025-06-08 21:27:49,557 - __main__ - INFO - Epoch 57/75: Loss = 0.0022
2025-06-08 21:27:50,055 - __main__ - INFO - Epoch 58/75: Loss = 0.0022
2025-06-08 21:27:50,567 - __main__ - INFO - Epoch 59/75: Loss = 0.0022
2025-06-08 21:27:51,068 - __main__ - INFO - Epoch 60/75: Loss = 0.0022
2025-06-08 21:27:51,564 - __main__ - INFO - Epoch 61/75: Loss = 0.0022
2025-06-08 21:27:52,039 - __main__ - INFO - Epoch 62/75: Loss = 0.0022
2025-06-08 21:27:52,518 - __main__ - INFO - Epoch 63/75: Loss = 0.0022
2025-06-08 21:27:53,011 - __main__ - INFO - Epoch 64/75: Loss = 0.0022
2025-06-08 21:27:53,515 - __main__ - INFO - Epoch 65/75: Loss = 0.0022
2025-06-08 21:27:54,011 - __main__ - INFO - Epoch 66/75: Loss = 0.0022
2025-06-08 21:27:54,519 - __main__ - INFO - Epoch 67/75: Loss = 0.0022
2025-06-08 21:27:55,031 - __main__ - INFO - Epoch 68/75: Loss = 0.0022
2025-06-08 21:27:55,540 - __main__ - INFO - Epoch 69/75: Loss = 0.0022
2025-06-08 21:27:56,050 - __main__ - INFO - Epoch 70/75: Loss = 0.0022
2025-06-08 21:27:56,547 - __main__ - INFO - Epoch 71/75: Loss = 0.0022
2025-06-08 21:27:57,065 - __main__ - INFO - Epoch 72/75: Loss = 0.0022
2025-06-08 21:27:57,553 - __main__ - INFO - Epoch 73/75: Loss = 0.0022
2025-06-08 21:27:58,053 - __main__ - INFO - Epoch 74/75: Loss = 0.0021
2025-06-08 21:27:58,540 - __main__ - INFO - Epoch 75/75: Loss = 0.0021
2025-06-08 21:27:58,787 - __main__ - INFO - ✅ Hybrid-Embeddings gespeichert unter /opt/***/data/processed/hybrid_deep_embedding.csv
2025-06-08 21:27:58,787 - __main__ - INFO - ✅ Hybrid-Embeddings gespeichert unter /opt/***/data/processed/hybrid_deep_embedding.csv
2025-06-08 21:27:58,798 - __main__ - INFO - ✅ Deep KNN Modell gespeichert unter /opt/***/models/hybrid_deep_knn.pkl
2025/06/08 21:28:03 INFO mlflow.pyfunc: Validating input example against model signature

Downloading artifacts:   0%|          | 0/1 [00:00<?, ?it/s]
Downloading artifacts: 100%|██████████| 1/1 [00:00<00:00, 82.69it/s]
Downloading artifacts: 100%|██████████| 1/1 [00:00<00:00, 81.19it/s]
Registered model 'hybrid_deep_model' already exists. Creating a new version of this model...
2025/06/08 21:28:14 INFO mlflow.store.model_registry.abstract_store: Waiting up to 300 seconds for model version to finish creation. Model name: hybrid_deep_model, version 57
Created version '57' of model 'hybrid_deep_model'.
2025-06-08 21:28:28,477 - __main__ - INFO - 📝 Tags für Modellversion 57 gesetzt: n_neighbors=53, latent_dim=32, tfidf_features=2023, epochs=75
2025-06-08 21:28:30,474 - __main__ - INFO - 🏁 Deep Hybrid-Model Training abgeschlossen und geloggt.

[2025-06-08T21:28:31.640+0000] {python.py:201} INFO - Done. Returned value was: None
[2025-06-08T21:28:31.654+0000] {taskinstance.py:1138} INFO - Marking task as SUCCESS. dag_id=deep_models_pipeline, task_id=train_deep_hybrid_model, execution_date=20250608T212651, start_date=20250608T212656, end_date=20250608T212831
[2025-06-08T21:28:31.710+0000] {local_task_job_runner.py:234} INFO - Task exited with return code 0
[2025-06-08T21:28:31.730+0000] {taskinstance.py:3280} INFO - 1 downstream tasks scheduled from follow-on schedule check
