[2025-06-12T16:06:47.971+0000] {taskinstance.py:1956} INFO - Dependencies all met for dep_context=non-requeueable deps ti=<TaskInstance: deep_models_pipeline.predict_best_model manual__2025-06-12T16:04:45.269528+00:00 [queued]>
[2025-06-12T16:06:47.976+0000] {taskinstance.py:1956} INFO - Dependencies all met for dep_context=requeueable deps ti=<TaskInstance: deep_models_pipeline.predict_best_model manual__2025-06-12T16:04:45.269528+00:00 [queued]>
[2025-06-12T16:06:47.977+0000] {taskinstance.py:2170} INFO - Starting attempt 1 of 3
[2025-06-12T16:06:47.986+0000] {taskinstance.py:2191} INFO - Executing <Task(PythonOperator): predict_best_model> on 2025-06-12 16:04:45.269528+00:00
[2025-06-12T16:06:47.992+0000] {standard_task_runner.py:60} INFO - Started process 1297 to run task
[2025-06-12T16:06:47.994+0000] {standard_task_runner.py:87} INFO - Running: ['***', 'tasks', 'run', 'deep_models_pipeline', 'predict_best_model', 'manual__2025-06-12T16:04:45.269528+00:00', '--job-id', '63', '--raw', '--subdir', 'DAGS_FOLDER/train_deep_model_dag.py', '--cfg-path', '/tmp/tmp2okm_mje']
[2025-06-12T16:06:47.995+0000] {standard_task_runner.py:88} INFO - Job 63: Subtask predict_best_model
[2025-06-12T16:06:48.026+0000] {task_command.py:423} INFO - Running <TaskInstance: deep_models_pipeline.predict_best_model manual__2025-06-12T16:04:45.269528+00:00 [running]> on host a54be0beda27
[2025-06-12T16:06:48.077+0000] {taskinstance.py:2480} INFO - Exporting env vars: AIRFLOW_CTX_DAG_OWNER='***' AIRFLOW_CTX_DAG_ID='deep_models_pipeline' AIRFLOW_CTX_TASK_ID='predict_best_model' AIRFLOW_CTX_EXECUTION_DATE='2025-06-12T16:04:45.269528+00:00' AIRFLOW_CTX_TRY_NUMBER='1' AIRFLOW_CTX_DAG_RUN_ID='manual__2025-06-12T16:04:45.269528+00:00'
[2025-06-12T16:06:48.078+0000] {train_deep_model_dag.py:13} INFO - 🟦 Running command: python /opt/***/src/models/predict_best_model.py
[2025-06-12T16:07:11.814+0000] {train_deep_model_dag.py:20} INFO - 🟩 [stdout]:
   user_id                                    recommendations
0        1  [0, 4331, 2064, 2769, 5445, 7994, 8885, 9070, ...
1        2  [1, 1790, 2138, 1591, 1657, 8359, 8279, 2997, ...
2        3  [2, 407, 390, 1886, 4, 5155, 1258, 4012, 6098,...
3        4  [3, 1889, 4651, 45, 1379, 1207, 8642, 1627, 57...
4        5  [4, 5834, 2, 4675, 7635, 1886, 5049, 6273, 515...

[2025-06-12T16:07:11.815+0000] {train_deep_model_dag.py:22} WARNING - 🟨 [stderr]:
2025-06-12 16:06:49,867 - INFO - 🚀 Starte Prediction für hybrid_deep_model über MLflow Registry

Downloading artifacts:   0%|          | 0/8 [00:00<?, ?it/s]
Downloading artifacts:  12%|█▎        | 1/8 [00:00<00:00, 14563.56it/s]
Downloading artifacts:  25%|██▌       | 2/8 [00:01<00:05,  1.03it/s]   
Downloading artifacts:  25%|██▌       | 2/8 [00:01<00:05,  1.03it/s]
Downloading artifacts:  38%|███▊      | 3/8 [00:02<00:04,  1.03it/s]
Downloading artifacts:  38%|███▊      | 3/8 [00:02<00:04,  1.03it/s]
Downloading artifacts:  50%|█████     | 4/8 [00:04<00:04,  1.10s/it]
Downloading artifacts:  50%|█████     | 4/8 [00:04<00:04,  1.10s/it]
Downloading artifacts:  62%|██████▎   | 5/8 [00:05<00:03,  1.09s/it]
Downloading artifacts:  62%|██████▎   | 5/8 [00:05<00:03,  1.09s/it]
Downloading artifacts:  75%|███████▌  | 6/8 [00:05<00:01,  1.07it/s]
Downloading artifacts:  75%|███████▌  | 6/8 [00:05<00:01,  1.07it/s]
Downloading artifacts:  88%|████████▊ | 7/8 [00:06<00:00,  1.05it/s]
Downloading artifacts:  88%|████████▊ | 7/8 [00:06<00:00,  1.05it/s]
Downloading artifacts: 100%|██████████| 8/8 [00:07<00:00,  1.02it/s]
Downloading artifacts: 100%|██████████| 8/8 [00:07<00:00,  1.02it/s]
Downloading artifacts: 100%|██████████| 8/8 [00:07<00:00,  1.00it/s]

Downloading artifacts:   0%|          | 0/1 [00:00<?, ?it/s]
Downloading artifacts: 100%|██████████| 1/1 [00:01<00:00,  1.83s/it]
Downloading artifacts: 100%|██████████| 1/1 [00:01<00:00,  1.83s/it]
Downloading artifacts: 100%|██████████| 1/1 [00:01<00:00,  1.83s/it]
2025-06-12 16:07:08,167 - INFO - 📥 Embedding geladen (direkt aus Registry): Shape: (10381, 64)

Downloading artifacts:   0%|          | 0/1 [00:00<?, ?it/s]
Downloading artifacts: 100%|██████████| 1/1 [00:02<00:00,  2.04s/it]
Downloading artifacts: 100%|██████████| 1/1 [00:02<00:00,  2.04s/it]
Downloading artifacts: 100%|██████████| 1/1 [00:02<00:00,  2.04s/it]
2025-06-12 16:07:11,359 - INFO - 📄 Konfiguration geladen aus Registry:
2025-06-12 16:07:11,359 - INFO -  - n_neighbors: 10
2025-06-12 16:07:11,359 - INFO -  - latent_dim: 64
2025-06-12 16:07:11,359 - INFO -  - hidden_dim: 256
2025-06-12 16:07:11,359 - INFO -  - tfidf_features: 300
2025-06-12 16:07:11,359 - INFO -  - epochs: 30
2025-06-12 16:07:11,359 - INFO -  - lr: 0.001
2025-06-12 16:07:11,359 - INFO -  - batch_size: 128
2025-06-12 16:07:11,359 - INFO -  - metric: cosine
2025-06-12 16:07:11,359 - INFO -  - content_weight: 0.5
2025-06-12 16:07:11,359 - INFO -  - collab_weight: 0.5
2025-06-12 16:07:11,359 - INFO -  - power_factor: 1.0
2025-06-12 16:07:11,359 - INFO -  - drop_threshold: 0.0
2025-06-12 16:07:11,469 - INFO - ✅ Prediction erfolgreich – keine Speicherung auf Disk, nur im RAM.

[2025-06-12T16:07:11.815+0000] {python.py:201} INFO - Done. Returned value was: None
[2025-06-12T16:07:11.823+0000] {taskinstance.py:1138} INFO - Marking task as SUCCESS. dag_id=deep_models_pipeline, task_id=predict_best_model, execution_date=20250612T160445, start_date=20250612T160647, end_date=20250612T160711
[2025-06-12T16:07:11.874+0000] {local_task_job_runner.py:234} INFO - Task exited with return code 0
[2025-06-12T16:07:11.887+0000] {taskinstance.py:3280} INFO - 0 downstream tasks scheduled from follow-on schedule check
