[2025-06-02T04:30:24.086+0000] {taskinstance.py:1956} INFO - Dependencies all met for dep_context=non-requeueable deps ti=<TaskInstance: movie_recommendation_pipeline.dvc_pull_all manual__2025-06-02T04:24:55.733559+00:00 [queued]>
[2025-06-02T04:30:24.093+0000] {taskinstance.py:1956} INFO - Dependencies all met for dep_context=requeueable deps ti=<TaskInstance: movie_recommendation_pipeline.dvc_pull_all manual__2025-06-02T04:24:55.733559+00:00 [queued]>
[2025-06-02T04:30:24.093+0000] {taskinstance.py:2170} INFO - Starting attempt 1 of 3
[2025-06-02T04:30:24.102+0000] {taskinstance.py:2191} INFO - Executing <Task(PythonOperator): dvc_pull_all> on 2025-06-02 04:24:55.733559+00:00
[2025-06-02T04:30:24.109+0000] {standard_task_runner.py:60} INFO - Started process 996 to run task
[2025-06-02T04:30:24.110+0000] {standard_task_runner.py:87} INFO - Running: ['***', 'tasks', 'run', 'movie_recommendation_pipeline', 'dvc_pull_all', 'manual__2025-06-02T04:24:55.733559+00:00', '--job-id', '1473', '--raw', '--subdir', 'DAGS_FOLDER/mlops_movie_dag.py', '--cfg-path', '/tmp/tmp43e3hxds']
[2025-06-02T04:30:24.112+0000] {standard_task_runner.py:88} INFO - Job 1473: Subtask dvc_pull_all
[2025-06-02T04:30:24.141+0000] {task_command.py:423} INFO - Running <TaskInstance: movie_recommendation_pipeline.dvc_pull_all manual__2025-06-02T04:24:55.733559+00:00 [running]> on host e67dce26d45c
[2025-06-02T04:30:24.191+0000] {taskinstance.py:2480} INFO - Exporting env vars: AIRFLOW_CTX_DAG_OWNER='***' AIRFLOW_CTX_DAG_ID='movie_recommendation_pipeline' AIRFLOW_CTX_TASK_ID='dvc_pull_all' AIRFLOW_CTX_EXECUTION_DATE='2025-06-02T04:24:55.733559+00:00' AIRFLOW_CTX_TRY_NUMBER='1' AIRFLOW_CTX_DAG_RUN_ID='manual__2025-06-02T04:24:55.733559+00:00'
[2025-06-02T04:30:24.192+0000] {mlops_movie_dag.py:12} INFO - 游릱 Running command: dvc pull /opt/***/models/hybrid_model.pkl
[2025-06-02T04:30:34.051+0000] {mlops_movie_dag.py:19} INFO - 游릴 [stdout]:
Everything is up to date.

[2025-06-02T04:30:34.052+0000] {mlops_movie_dag.py:12} INFO - 游릱 Running command: dvc pull /opt/***/data/processed/hybrid_matrix.csv
[2025-06-02T04:30:44.266+0000] {mlops_movie_dag.py:19} INFO - 游릴 [stdout]:
Everything is up to date.

[2025-06-02T04:30:44.267+0000] {mlops_movie_dag.py:12} INFO - 游릱 Running command: dvc pull /opt/***/data/processed/hybrid_matrix_features.txt
[2025-06-02T04:30:54.258+0000] {mlops_movie_dag.py:19} INFO - 游릴 [stdout]:
Everything is up to date.

[2025-06-02T04:30:54.259+0000] {mlops_movie_dag.py:12} INFO - 游릱 Running command: dvc pull /opt/***/models/user_model.pkl
[2025-06-02T04:31:03.720+0000] {mlops_movie_dag.py:19} INFO - 游릴 [stdout]:
Everything is up to date.

[2025-06-02T04:31:03.721+0000] {mlops_movie_dag.py:12} INFO - 游릱 Running command: dvc pull /opt/***/data/processed/user_matrix.csv
[2025-06-02T04:31:13.525+0000] {mlops_movie_dag.py:19} INFO - 游릴 [stdout]:
Everything is up to date.

[2025-06-02T04:31:13.526+0000] {mlops_movie_dag.py:12} INFO - 游릱 Running command: dvc pull /opt/***/data/processed/user_matrix_features.txt
[2025-06-02T04:31:23.537+0000] {mlops_movie_dag.py:19} INFO - 游릴 [stdout]:
Everything is up to date.

[2025-06-02T04:31:23.538+0000] {python.py:201} INFO - Done. Returned value was: None
[2025-06-02T04:31:23.548+0000] {taskinstance.py:1138} INFO - Marking task as SUCCESS. dag_id=movie_recommendation_pipeline, task_id=dvc_pull_all, execution_date=20250602T042455, start_date=20250602T043024, end_date=20250602T043123
[2025-06-02T04:31:23.583+0000] {local_task_job_runner.py:234} INFO - Task exited with return code 0
[2025-06-02T04:31:23.603+0000] {taskinstance.py:3280} INFO - 1 downstream tasks scheduled from follow-on schedule check
