[2025-06-02T03:38:57.024+0000] {taskinstance.py:1956} INFO - Dependencies all met for dep_context=non-requeueable deps ti=<TaskInstance: movie_recommendation_pipeline.dvc_pull_all manual__2025-06-02T03:33:29.909850+00:00 [queued]>
[2025-06-02T03:38:57.032+0000] {taskinstance.py:1956} INFO - Dependencies all met for dep_context=requeueable deps ti=<TaskInstance: movie_recommendation_pipeline.dvc_pull_all manual__2025-06-02T03:33:29.909850+00:00 [queued]>
[2025-06-02T03:38:57.033+0000] {taskinstance.py:2170} INFO - Starting attempt 1 of 3
[2025-06-02T03:38:57.043+0000] {taskinstance.py:2191} INFO - Executing <Task(PythonOperator): dvc_pull_all> on 2025-06-02 03:33:29.909850+00:00
[2025-06-02T03:38:57.050+0000] {standard_task_runner.py:60} INFO - Started process 935 to run task
[2025-06-02T03:38:57.052+0000] {standard_task_runner.py:87} INFO - Running: ['***', 'tasks', 'run', 'movie_recommendation_pipeline', 'dvc_pull_all', 'manual__2025-06-02T03:33:29.909850+00:00', '--job-id', '1448', '--raw', '--subdir', 'DAGS_FOLDER/mlops_movie_dag.py', '--cfg-path', '/tmp/tmpy79wp68z']
[2025-06-02T03:38:57.053+0000] {standard_task_runner.py:88} INFO - Job 1448: Subtask dvc_pull_all
[2025-06-02T03:38:57.084+0000] {task_command.py:423} INFO - Running <TaskInstance: movie_recommendation_pipeline.dvc_pull_all manual__2025-06-02T03:33:29.909850+00:00 [running]> on host 0ffa03963677
[2025-06-02T03:38:57.136+0000] {taskinstance.py:2480} INFO - Exporting env vars: AIRFLOW_CTX_DAG_OWNER='***' AIRFLOW_CTX_DAG_ID='movie_recommendation_pipeline' AIRFLOW_CTX_TASK_ID='dvc_pull_all' AIRFLOW_CTX_EXECUTION_DATE='2025-06-02T03:33:29.909850+00:00' AIRFLOW_CTX_TRY_NUMBER='1' AIRFLOW_CTX_DAG_RUN_ID='manual__2025-06-02T03:33:29.909850+00:00'
[2025-06-02T03:38:57.136+0000] {mlops_movie_dag.py:12} INFO - 游릱 Running command: dvc pull /opt/***/models/hybrid_model.pkl
[2025-06-02T03:39:06.202+0000] {mlops_movie_dag.py:19} INFO - 游릴 [stdout]:
Everything is up to date.

[2025-06-02T03:39:06.203+0000] {mlops_movie_dag.py:12} INFO - 游릱 Running command: dvc pull /opt/***/data/processed/hybrid_matrix.csv
[2025-06-02T03:39:15.338+0000] {mlops_movie_dag.py:19} INFO - 游릴 [stdout]:
Everything is up to date.

[2025-06-02T03:39:15.339+0000] {mlops_movie_dag.py:12} INFO - 游릱 Running command: dvc pull /opt/***/data/processed/hybrid_matrix_features.txt
[2025-06-02T03:39:24.450+0000] {mlops_movie_dag.py:19} INFO - 游릴 [stdout]:
Everything is up to date.

[2025-06-02T03:39:24.451+0000] {mlops_movie_dag.py:12} INFO - 游릱 Running command: dvc pull /opt/***/models/user_model.pkl
[2025-06-02T03:39:33.587+0000] {mlops_movie_dag.py:19} INFO - 游릴 [stdout]:
Everything is up to date.

[2025-06-02T03:39:33.588+0000] {mlops_movie_dag.py:12} INFO - 游릱 Running command: dvc pull /opt/***/data/processed/user_matrix.csv
[2025-06-02T03:39:43.377+0000] {mlops_movie_dag.py:19} INFO - 游릴 [stdout]:
Everything is up to date.

[2025-06-02T03:39:43.378+0000] {mlops_movie_dag.py:12} INFO - 游릱 Running command: dvc pull /opt/***/data/processed/user_matrix_features.txt
[2025-06-02T03:39:52.906+0000] {mlops_movie_dag.py:19} INFO - 游릴 [stdout]:
Everything is up to date.

[2025-06-02T03:39:52.907+0000] {python.py:201} INFO - Done. Returned value was: None
[2025-06-02T03:39:52.918+0000] {taskinstance.py:1138} INFO - Marking task as SUCCESS. dag_id=movie_recommendation_pipeline, task_id=dvc_pull_all, execution_date=20250602T033329, start_date=20250602T033857, end_date=20250602T033952
[2025-06-02T03:39:52.968+0000] {local_task_job_runner.py:234} INFO - Task exited with return code 0
[2025-06-02T03:39:52.988+0000] {taskinstance.py:3280} INFO - 1 downstream tasks scheduled from follow-on schedule check
