[2025-06-18T12:57:30.196+0000] {taskinstance.py:1956} INFO - Dependencies all met for dep_context=non-requeueable deps ti=<TaskInstance: drift_monitoring_dag.generate_drift_report_extended manual__2025-06-18T12:57:12.539957+00:00 [queued]>
[2025-06-18T12:57:30.205+0000] {taskinstance.py:1956} INFO - Dependencies all met for dep_context=requeueable deps ti=<TaskInstance: drift_monitoring_dag.generate_drift_report_extended manual__2025-06-18T12:57:12.539957+00:00 [queued]>
[2025-06-18T12:57:30.206+0000] {taskinstance.py:2170} INFO - Starting attempt 1 of 2
[2025-06-18T12:57:30.216+0000] {taskinstance.py:2191} INFO - Executing <Task(PythonOperator): generate_drift_report_extended> on 2025-06-18 12:57:12.539957+00:00
[2025-06-18T12:57:30.223+0000] {standard_task_runner.py:60} INFO - Started process 1023 to run task
[2025-06-18T12:57:30.225+0000] {standard_task_runner.py:87} INFO - Running: ['***', 'tasks', 'run', 'drift_monitoring_dag', 'generate_drift_report_extended', 'manual__2025-06-18T12:57:12.539957+00:00', '--job-id', '608', '--raw', '--subdir', 'DAGS_FOLDER/drift_monitoring_dag.py', '--cfg-path', '/tmp/tmphf970m16']
[2025-06-18T12:57:30.226+0000] {standard_task_runner.py:88} INFO - Job 608: Subtask generate_drift_report_extended
[2025-06-18T12:57:30.261+0000] {task_command.py:423} INFO - Running <TaskInstance: drift_monitoring_dag.generate_drift_report_extended manual__2025-06-18T12:57:12.539957+00:00 [running]> on host 3cef70cd7501
[2025-06-18T12:57:30.333+0000] {taskinstance.py:2480} INFO - Exporting env vars: AIRFLOW_CTX_DAG_OWNER='***' AIRFLOW_CTX_DAG_ID='drift_monitoring_dag' AIRFLOW_CTX_TASK_ID='generate_drift_report_extended' AIRFLOW_CTX_EXECUTION_DATE='2025-06-18T12:57:12.539957+00:00' AIRFLOW_CTX_TRY_NUMBER='1' AIRFLOW_CTX_DAG_RUN_ID='manual__2025-06-18T12:57:12.539957+00:00'
[2025-06-18T12:57:30.334+0000] {drift_monitoring_dag.py:63} INFO - 📊 generate ext. Drift-Report...
[2025-06-18T12:57:36.051+0000] {drift_monitoring_dag.py:70} INFO - ✅ Extended Report ready with code 0
[2025-06-18T12:57:36.052+0000] {drift_monitoring_dag.py:74} WARNING - [2025-06-18 12:57:33,071] INFO - ✨ Loading reference data from /opt/***/data/processed/hybrid_deep_embedding_best.csv
[2025-06-18 12:57:33,121] INFO - ✨ Loading current data from /opt/***/data/processed/hybrid_deep_embedding.csv
[2025-06-18 12:57:33,167] INFO - ✨ Loading metrics from /opt/***/data/monitoring/metrics_from_mlflow.csv
[2025-06-18 12:57:33,171] INFO - 📊 Generating Evidently report
[2025-06-18 12:57:35,037] INFO - ✅ Drift report saved to: /opt/***/reports/drift_report_extended.html
INFO:drift_report_extended:✅ Drift report saved to: /opt/***/reports/drift_report_extended.html
[2025-06-18 12:57:35,137] INFO - 📈 Precision@10 plottet
INFO:drift_report_extended:📈 Precision@10 plottet
[2025-06-18 12:57:35,205] INFO - 📈 Drift Score lottet
INFO:drift_report_extended:📈 Drift Score lottet
[2025-06-18 12:57:35,283] INFO - 📈 Latency plottet
INFO:drift_report_extended:📈 Latency plottet

[2025-06-18T12:57:36.053+0000] {python.py:201} INFO - Done. Returned value was: None
[2025-06-18T12:57:36.061+0000] {taskinstance.py:1138} INFO - Marking task as SUCCESS. dag_id=drift_monitoring_dag, task_id=generate_drift_report_extended, execution_date=20250618T125712, start_date=20250618T125730, end_date=20250618T125736
[2025-06-18T12:57:36.093+0000] {local_task_job_runner.py:234} INFO - Task exited with return code 0
[2025-06-18T12:57:36.105+0000] {taskinstance.py:3280} INFO - 0 downstream tasks scheduled from follow-on schedule check
