[2025-06-08T21:32:36.710+0000] {taskinstance.py:1956} INFO - Dependencies all met for dep_context=non-requeueable deps ti=<TaskInstance: deep_models_pipeline.predict_best_model manual__2025-06-08T21:23:59.895387+00:00 [queued]>
[2025-06-08T21:32:36.718+0000] {taskinstance.py:1956} INFO - Dependencies all met for dep_context=requeueable deps ti=<TaskInstance: deep_models_pipeline.predict_best_model manual__2025-06-08T21:23:59.895387+00:00 [queued]>
[2025-06-08T21:32:36.719+0000] {taskinstance.py:2170} INFO - Starting attempt 2 of 3
[2025-06-08T21:32:36.731+0000] {taskinstance.py:2191} INFO - Executing <Task(PythonOperator): predict_best_model> on 2025-06-08 21:23:59.895387+00:00
[2025-06-08T21:32:36.737+0000] {standard_task_runner.py:60} INFO - Started process 4966 to run task
[2025-06-08T21:32:36.739+0000] {standard_task_runner.py:87} INFO - Running: ['***', 'tasks', 'run', 'deep_models_pipeline', 'predict_best_model', 'manual__2025-06-08T21:23:59.895387+00:00', '--job-id', '3547', '--raw', '--subdir', 'DAGS_FOLDER/train_deep_model_dag.py', '--cfg-path', '/tmp/tmpy7ak6jbu']
[2025-06-08T21:32:36.741+0000] {standard_task_runner.py:88} INFO - Job 3547: Subtask predict_best_model
[2025-06-08T21:32:36.790+0000] {task_command.py:423} INFO - Running <TaskInstance: deep_models_pipeline.predict_best_model manual__2025-06-08T21:23:59.895387+00:00 [running]> on host 2049a80cedbe
[2025-06-08T21:32:36.862+0000] {taskinstance.py:2480} INFO - Exporting env vars: AIRFLOW_CTX_DAG_OWNER='***' AIRFLOW_CTX_DAG_ID='deep_models_pipeline' AIRFLOW_CTX_TASK_ID='predict_best_model' AIRFLOW_CTX_EXECUTION_DATE='2025-06-08T21:23:59.895387+00:00' AIRFLOW_CTX_TRY_NUMBER='2' AIRFLOW_CTX_DAG_RUN_ID='manual__2025-06-08T21:23:59.895387+00:00'
[2025-06-08T21:32:36.864+0000] {train_deep_model_dag.py:13} INFO - 🟦 Running command: python /opt/***/src/models/predict_best_model.py
[2025-06-08T21:32:57.062+0000] {train_deep_model_dag.py:20} INFO - 🟩 [stdout]:
🏃 View run predict_best_model_hybrid_deep at: https://dagshub.com/sacer11/MLOps_movie_rec_apr25.mlflow/#/experiments/11/runs/9962800559b34f019ae3987ccf436c05
🧪 View experiment at: https://dagshub.com/sacer11/MLOps_movie_rec_apr25.mlflow/#/experiments/11

[2025-06-08T21:32:57.063+0000] {train_deep_model_dag.py:22} WARNING - 🟨 [stderr]:

Downloading artifacts:   0%|          | 0/1 [00:00<?, ?it/s]
Downloading artifacts: 100%|██████████| 1/1 [00:01<00:00,  1.00s/it]
Downloading artifacts: 100%|██████████| 1/1 [00:01<00:00,  1.00s/it]
Downloading artifacts: 100%|██████████| 1/1 [00:01<00:00,  1.00s/it]
2025-06-08 21:32:40,330 - INFO - ✅ Best-Embedding aus MLflow geladen: /opt/***/data/processed/hybrid_deep_embedding_best.csv
2025-06-08 21:32:40,331 - INFO - 🚀 Starte Prediction für hybrid_deep_model über MLflow Registry
2025-06-08 21:32:40,331 - INFO - 📦 Lade Modell: models:/hybrid_deep_model@best_model

Downloading artifacts:   0%|          | 0/8 [00:00<?, ?it/s]
Downloading artifacts:  12%|█▎        | 1/8 [00:00<00:01,  6.67it/s]
Downloading artifacts:  12%|█▎        | 1/8 [00:00<00:01,  6.67it/s]
Downloading artifacts:  25%|██▌       | 2/8 [00:00<00:01,  4.15it/s]
Downloading artifacts:  25%|██▌       | 2/8 [00:00<00:01,  4.15it/s]
Downloading artifacts:  38%|███▊      | 3/8 [00:00<00:01,  2.68it/s]
Downloading artifacts:  38%|███▊      | 3/8 [00:00<00:01,  2.68it/s]
Downloading artifacts:  50%|█████     | 4/8 [00:00<00:01,  2.68it/s]
Downloading artifacts:  62%|██████▎   | 5/8 [00:01<00:01,  2.24it/s]
Downloading artifacts:  62%|██████▎   | 5/8 [00:01<00:01,  2.24it/s]
Downloading artifacts:  75%|███████▌  | 6/8 [00:02<00:01,  1.66it/s]
Downloading artifacts:  75%|███████▌  | 6/8 [00:02<00:01,  1.66it/s]
Downloading artifacts:  88%|████████▊ | 7/8 [00:04<00:00,  1.30it/s]
Downloading artifacts:  88%|████████▊ | 7/8 [00:04<00:00,  1.30it/s]
Downloading artifacts: 100%|██████████| 8/8 [00:04<00:00,  1.28it/s]
Downloading artifacts: 100%|██████████| 8/8 [00:04<00:00,  1.28it/s]
Downloading artifacts: 100%|██████████| 8/8 [00:04<00:00,  1.61it/s]
2025-06-08 21:32:47,994 - INFO - 📥 Embedding geladen: /opt/***/data/processed/hybrid_deep_embedding_best.csv – Shape: (10381, 32)
2025-06-08 21:32:48,093 - INFO - 💾 Vorhersagen gespeichert unter: /opt/***/data/processed/predictions_hybrid_deep_model.csv
2025-06-08 21:32:56,652 - INFO - ✅ Predictions erfolgreich in MLflow geloggt

[2025-06-08T21:32:57.063+0000] {python.py:201} INFO - Done. Returned value was: None
[2025-06-08T21:32:57.073+0000] {taskinstance.py:1138} INFO - Marking task as SUCCESS. dag_id=deep_models_pipeline, task_id=predict_best_model, execution_date=20250608T212359, start_date=20250608T213236, end_date=20250608T213257
[2025-06-08T21:32:57.105+0000] {local_task_job_runner.py:234} INFO - Task exited with return code 0
[2025-06-08T21:32:57.120+0000] {taskinstance.py:3280} INFO - 0 downstream tasks scheduled from follow-on schedule check
