[2025-06-02T14:41:36.621+0000] {taskinstance.py:1956} INFO - Dependencies all met for dep_context=non-requeueable deps ti=<TaskInstance: movie_recommendation_pipeline.predict_best_model manual__2025-06-02T11:17:55.612538+00:00 [queued]>
[2025-06-02T14:41:36.628+0000] {taskinstance.py:1956} INFO - Dependencies all met for dep_context=requeueable deps ti=<TaskInstance: movie_recommendation_pipeline.predict_best_model manual__2025-06-02T11:17:55.612538+00:00 [queued]>
[2025-06-02T14:41:36.629+0000] {taskinstance.py:2170} INFO - Starting attempt 1 of 3
[2025-06-02T14:41:36.639+0000] {taskinstance.py:2191} INFO - Executing <Task(PythonOperator): predict_best_model> on 2025-06-02 11:17:55.612538+00:00
[2025-06-02T14:41:36.647+0000] {standard_task_runner.py:60} INFO - Started process 4022 to run task
[2025-06-02T14:41:36.649+0000] {standard_task_runner.py:87} INFO - Running: ['***', 'tasks', 'run', 'movie_recommendation_pipeline', 'predict_best_model', 'manual__2025-06-02T11:17:55.612538+00:00', '--job-id', '1699', '--raw', '--subdir', 'DAGS_FOLDER/mlops_movie_dag.py', '--cfg-path', '/tmp/tmptizkf0tj']
[2025-06-02T14:41:36.651+0000] {standard_task_runner.py:88} INFO - Job 1699: Subtask predict_best_model
[2025-06-02T14:41:36.688+0000] {task_command.py:423} INFO - Running <TaskInstance: movie_recommendation_pipeline.predict_best_model manual__2025-06-02T11:17:55.612538+00:00 [running]> on host 6520fa36f146
[2025-06-02T14:41:36.747+0000] {taskinstance.py:2480} INFO - Exporting env vars: AIRFLOW_CTX_DAG_OWNER='***' AIRFLOW_CTX_DAG_ID='movie_recommendation_pipeline' AIRFLOW_CTX_TASK_ID='predict_best_model' AIRFLOW_CTX_EXECUTION_DATE='2025-06-02T11:17:55.612538+00:00' AIRFLOW_CTX_TRY_NUMBER='1' AIRFLOW_CTX_DAG_RUN_ID='manual__2025-06-02T11:17:55.612538+00:00'
[2025-06-02T14:41:36.748+0000] {mlops_movie_dag.py:12} INFO - 🟦 Running command: python /opt/***/src/models/predict_best_model.py
[2025-06-02T14:41:47.755+0000] {mlops_movie_dag.py:19} INFO - 🟩 [stdout]:
🏃 View run predict_best_model at: https://dagshub.com/sacer11/MLOps_movie_rec_apr25.mlflow/#/experiments/3/runs/1c6e0990ec8949e19367fc0b19df709e
🧪 View experiment at: https://dagshub.com/sacer11/MLOps_movie_rec_apr25.mlflow/#/experiments/3

[2025-06-02T14:41:47.757+0000] {mlops_movie_dag.py:21} WARNING - 🟨 [stderr]:
2025-06-02 14:41:38,617 - INFO - 🚀 Starte Vorhersage mit MLflow Registry & DVC-Modell
2025-06-02 14:41:38,824 - INFO - 🔎 Bestes Modell laut Registry: Typ='hybrid', Version=106
2025-06-02 14:41:40,401 - INFO - 📦 Modell geladen: /opt/***/models/hybrid_model.pkl
2025-06-02 14:41:44,700 - INFO - 📥 Eingabematrix geladen: /opt/***/data/processed/hybrid_matrix.csv – Shape: (10381, 3019)
/home/***/.local/lib/python3.10/site-packages/sklearn/base.py:458: UserWarning: X has feature names, but NearestNeighbors was fitted without feature names
  warnings.warn(
2025-06-02 14:41:44,988 - INFO - 💾 Vorhersagen gespeichert unter: /opt/***/data/predictions.csv
2025-06-02 14:41:47,392 - INFO - ✅ Predictions erfolgreich in MLflow geloggt

[2025-06-02T14:41:47.757+0000] {python.py:201} INFO - Done. Returned value was: None
[2025-06-02T14:41:47.767+0000] {taskinstance.py:1138} INFO - Marking task as SUCCESS. dag_id=movie_recommendation_pipeline, task_id=predict_best_model, execution_date=20250602T111755, start_date=20250602T144136, end_date=20250602T144147
[2025-06-02T14:41:47.804+0000] {local_task_job_runner.py:234} INFO - Task exited with return code 0
[2025-06-02T14:41:47.817+0000] {taskinstance.py:3280} INFO - 0 downstream tasks scheduled from follow-on schedule check
