[2025-06-02T14:38:39.573+0000] {taskinstance.py:1956} INFO - Dependencies all met for dep_context=non-requeueable deps ti=<TaskInstance: movie_recommendation_pipeline.dvc_pull_all manual__2025-06-02T11:17:55.612538+00:00 [queued]>
[2025-06-02T14:38:39.582+0000] {taskinstance.py:1956} INFO - Dependencies all met for dep_context=requeueable deps ti=<TaskInstance: movie_recommendation_pipeline.dvc_pull_all manual__2025-06-02T11:17:55.612538+00:00 [queued]>
[2025-06-02T14:38:39.583+0000] {taskinstance.py:2170} INFO - Starting attempt 1 of 3
[2025-06-02T14:38:39.596+0000] {taskinstance.py:2191} INFO - Executing <Task(PythonOperator): dvc_pull_all> on 2025-06-02 11:17:55.612538+00:00
[2025-06-02T14:38:39.604+0000] {standard_task_runner.py:60} INFO - Started process 3780 to run task
[2025-06-02T14:38:39.606+0000] {standard_task_runner.py:87} INFO - Running: ['***', 'tasks', 'run', 'movie_recommendation_pipeline', 'dvc_pull_all', 'manual__2025-06-02T11:17:55.612538+00:00', '--job-id', '1697', '--raw', '--subdir', 'DAGS_FOLDER/mlops_movie_dag.py', '--cfg-path', '/tmp/tmp9x51ot3v']
[2025-06-02T14:38:39.607+0000] {standard_task_runner.py:88} INFO - Job 1697: Subtask dvc_pull_all
[2025-06-02T14:38:39.648+0000] {task_command.py:423} INFO - Running <TaskInstance: movie_recommendation_pipeline.dvc_pull_all manual__2025-06-02T11:17:55.612538+00:00 [running]> on host 6520fa36f146
[2025-06-02T14:38:39.712+0000] {taskinstance.py:2480} INFO - Exporting env vars: AIRFLOW_CTX_DAG_OWNER='***' AIRFLOW_CTX_DAG_ID='movie_recommendation_pipeline' AIRFLOW_CTX_TASK_ID='dvc_pull_all' AIRFLOW_CTX_EXECUTION_DATE='2025-06-02T11:17:55.612538+00:00' AIRFLOW_CTX_TRY_NUMBER='1' AIRFLOW_CTX_DAG_RUN_ID='manual__2025-06-02T11:17:55.612538+00:00'
[2025-06-02T14:38:39.713+0000] {mlops_movie_dag.py:12} INFO - 游릱 Running command: dvc pull /opt/***/models/hybrid_model.pkl
[2025-06-02T14:38:50.459+0000] {mlops_movie_dag.py:19} INFO - 游릴 [stdout]:
Everything is up to date.

[2025-06-02T14:38:50.459+0000] {mlops_movie_dag.py:12} INFO - 游릱 Running command: dvc pull /opt/***/data/processed/hybrid_matrix.csv
[2025-06-02T14:39:01.068+0000] {mlops_movie_dag.py:19} INFO - 游릴 [stdout]:
Everything is up to date.

[2025-06-02T14:39:01.069+0000] {mlops_movie_dag.py:12} INFO - 游릱 Running command: dvc pull /opt/***/data/processed/hybrid_matrix_features.txt
[2025-06-02T14:39:11.642+0000] {mlops_movie_dag.py:19} INFO - 游릴 [stdout]:
Everything is up to date.

[2025-06-02T14:39:11.643+0000] {mlops_movie_dag.py:12} INFO - 游릱 Running command: dvc pull /opt/***/models/user_model.pkl
[2025-06-02T14:39:22.240+0000] {mlops_movie_dag.py:19} INFO - 游릴 [stdout]:
Everything is up to date.

[2025-06-02T14:39:22.241+0000] {mlops_movie_dag.py:12} INFO - 游릱 Running command: dvc pull /opt/***/data/processed/user_matrix.csv
[2025-06-02T14:39:32.883+0000] {mlops_movie_dag.py:19} INFO - 游릴 [stdout]:
Everything is up to date.

[2025-06-02T14:39:32.883+0000] {mlops_movie_dag.py:12} INFO - 游릱 Running command: dvc pull /opt/***/data/processed/user_matrix_features.txt
[2025-06-02T14:39:43.417+0000] {mlops_movie_dag.py:19} INFO - 游릴 [stdout]:
Everything is up to date.

[2025-06-02T14:39:43.418+0000] {python.py:201} INFO - Done. Returned value was: None
[2025-06-02T14:39:43.426+0000] {taskinstance.py:1138} INFO - Marking task as SUCCESS. dag_id=movie_recommendation_pipeline, task_id=dvc_pull_all, execution_date=20250602T111755, start_date=20250602T143839, end_date=20250602T143943
[2025-06-02T14:39:43.474+0000] {local_task_job_runner.py:234} INFO - Task exited with return code 0
[2025-06-02T14:39:43.493+0000] {taskinstance.py:3280} INFO - 1 downstream tasks scheduled from follow-on schedule check
