[2025-06-08T23:50:50.328+0000] {taskinstance.py:1956} INFO - Dependencies all met for dep_context=non-requeueable deps ti=<TaskInstance: deep_models_pipeline.predict_best_model manual__2025-06-08T23:48:23.168884+00:00 [queued]>
[2025-06-08T23:50:50.338+0000] {taskinstance.py:1956} INFO - Dependencies all met for dep_context=requeueable deps ti=<TaskInstance: deep_models_pipeline.predict_best_model manual__2025-06-08T23:48:23.168884+00:00 [queued]>
[2025-06-08T23:50:50.339+0000] {taskinstance.py:2170} INFO - Starting attempt 1 of 3
[2025-06-08T23:50:50.350+0000] {taskinstance.py:2191} INFO - Executing <Task(PythonOperator): predict_best_model> on 2025-06-08 23:48:23.168884+00:00
[2025-06-08T23:50:50.356+0000] {standard_task_runner.py:60} INFO - Started process 1143 to run task
[2025-06-08T23:50:50.358+0000] {standard_task_runner.py:87} INFO - Running: ['***', 'tasks', 'run', 'deep_models_pipeline', 'predict_best_model', 'manual__2025-06-08T23:48:23.168884+00:00', '--job-id', '3620', '--raw', '--subdir', 'DAGS_FOLDER/train_deep_model_dag.py', '--cfg-path', '/tmp/tmp2uy6uap8']
[2025-06-08T23:50:50.360+0000] {standard_task_runner.py:88} INFO - Job 3620: Subtask predict_best_model
[2025-06-08T23:50:50.394+0000] {task_command.py:423} INFO - Running <TaskInstance: deep_models_pipeline.predict_best_model manual__2025-06-08T23:48:23.168884+00:00 [running]> on host df287bab431b
[2025-06-08T23:50:50.453+0000] {taskinstance.py:2480} INFO - Exporting env vars: AIRFLOW_CTX_DAG_OWNER='***' AIRFLOW_CTX_DAG_ID='deep_models_pipeline' AIRFLOW_CTX_TASK_ID='predict_best_model' AIRFLOW_CTX_EXECUTION_DATE='2025-06-08T23:48:23.168884+00:00' AIRFLOW_CTX_TRY_NUMBER='1' AIRFLOW_CTX_DAG_RUN_ID='manual__2025-06-08T23:48:23.168884+00:00'
[2025-06-08T23:50:50.454+0000] {train_deep_model_dag.py:13} INFO - 🟦 Running command: python /opt/***/src/models/predict_best_model.py
[2025-06-08T23:51:18.181+0000] {train_deep_model_dag.py:20} INFO - 🟩 [stdout]:
🏃 View run predict_best_model_hybrid_deep at: https://dagshub.com/sacer11/MLOps_movie_rec_apr25.mlflow/#/experiments/11/runs/4e433f8605f845f498db6d1395e266ef
🧪 View experiment at: https://dagshub.com/sacer11/MLOps_movie_rec_apr25.mlflow/#/experiments/11

[2025-06-08T23:51:18.182+0000] {train_deep_model_dag.py:22} WARNING - 🟨 [stderr]:

Downloading artifacts:   0%|          | 0/1 [00:00<?, ?it/s]
Downloading artifacts: 100%|██████████| 1/1 [00:01<00:00,  1.47s/it]
Downloading artifacts: 100%|██████████| 1/1 [00:01<00:00,  1.47s/it]
Downloading artifacts: 100%|██████████| 1/1 [00:01<00:00,  1.47s/it]
2025-06-08 23:50:54,587 - INFO - ✅ Best-Embedding aus MLflow geladen: /opt/***/data/processed/hybrid_deep_embedding_best.csv
2025-06-08 23:50:54,589 - INFO - 🚀 Starte Prediction für hybrid_deep_model über MLflow Registry
2025-06-08 23:50:54,589 - INFO - 📦 Lade Modell: models:/hybrid_deep_model@best_model

Downloading artifacts:   0%|          | 0/8 [00:00<?, ?it/s]
Downloading artifacts:  12%|█▎        | 1/8 [00:01<00:07,  1.04s/it]
Downloading artifacts:  12%|█▎        | 1/8 [00:01<00:07,  1.04s/it]
Downloading artifacts:  25%|██▌       | 2/8 [00:02<00:06,  1.11s/it]
Downloading artifacts:  25%|██▌       | 2/8 [00:02<00:06,  1.11s/it]
Downloading artifacts:  38%|███▊      | 3/8 [00:03<00:04,  1.00it/s]
Downloading artifacts:  38%|███▊      | 3/8 [00:03<00:04,  1.00it/s]
Downloading artifacts:  50%|█████     | 4/8 [00:04<00:03,  1.01it/s]
Downloading artifacts:  50%|█████     | 4/8 [00:04<00:03,  1.01it/s]
Downloading artifacts:  62%|██████▎   | 5/8 [00:05<00:03,  1.01s/it]
Downloading artifacts:  62%|██████▎   | 5/8 [00:05<00:03,  1.01s/it]
Downloading artifacts:  75%|███████▌  | 6/8 [00:06<00:02,  1.00s/it]
Downloading artifacts:  75%|███████▌  | 6/8 [00:06<00:02,  1.00s/it]
Downloading artifacts:  88%|████████▊ | 7/8 [00:07<00:01,  1.05s/it]
Downloading artifacts:  88%|████████▊ | 7/8 [00:07<00:01,  1.05s/it]
Downloading artifacts: 100%|██████████| 8/8 [00:08<00:00,  1.02it/s]
Downloading artifacts: 100%|██████████| 8/8 [00:08<00:00,  1.02it/s]
Downloading artifacts: 100%|██████████| 8/8 [00:08<00:00,  1.01s/it]
2025-06-08 23:51:08,682 - INFO - 📥 Embedding geladen: /opt/***/data/processed/hybrid_deep_embedding_best.csv – Shape: (10381, 32)
2025-06-08 23:51:08,808 - INFO - 💾 Vorhersagen gespeichert unter: /opt/***/data/processed/predictions_hybrid_deep_model.csv
2025-06-08 23:51:17,737 - INFO - ✅ Predictions erfolgreich in MLflow geloggt

[2025-06-08T23:51:18.182+0000] {python.py:201} INFO - Done. Returned value was: None
[2025-06-08T23:51:18.191+0000] {taskinstance.py:1138} INFO - Marking task as SUCCESS. dag_id=deep_models_pipeline, task_id=predict_best_model, execution_date=20250608T234823, start_date=20250608T235050, end_date=20250608T235118
[2025-06-08T23:51:18.240+0000] {local_task_job_runner.py:234} INFO - Task exited with return code 0
[2025-06-08T23:51:18.253+0000] {taskinstance.py:3280} INFO - 0 downstream tasks scheduled from follow-on schedule check
