[2025-06-02T02:13:45.836+0000] {taskinstance.py:1956} INFO - Dependencies all met for dep_context=non-requeueable deps ti=<TaskInstance: movie_recommendation_pipeline.cleanup_all manual__2025-06-02T02:13:21.167485+00:00 [queued]>
[2025-06-02T02:13:45.843+0000] {taskinstance.py:1956} INFO - Dependencies all met for dep_context=requeueable deps ti=<TaskInstance: movie_recommendation_pipeline.cleanup_all manual__2025-06-02T02:13:21.167485+00:00 [queued]>
[2025-06-02T02:13:45.843+0000] {taskinstance.py:2170} INFO - Starting attempt 1 of 3
[2025-06-02T02:13:45.854+0000] {taskinstance.py:2191} INFO - Executing <Task(PythonOperator): cleanup_all> on 2025-06-02 02:13:21.167485+00:00
[2025-06-02T02:13:45.860+0000] {standard_task_runner.py:60} INFO - Started process 348 to run task
[2025-06-02T02:13:45.862+0000] {standard_task_runner.py:87} INFO - Running: ['***', 'tasks', 'run', 'movie_recommendation_pipeline', 'cleanup_all', 'manual__2025-06-02T02:13:21.167485+00:00', '--job-id', '1401', '--raw', '--subdir', 'DAGS_FOLDER/mlops_movie_dag.py', '--cfg-path', '/tmp/tmpecva8roi']
[2025-06-02T02:13:45.864+0000] {standard_task_runner.py:88} INFO - Job 1401: Subtask cleanup_all
[2025-06-02T02:13:45.895+0000] {task_command.py:423} INFO - Running <TaskInstance: movie_recommendation_pipeline.cleanup_all manual__2025-06-02T02:13:21.167485+00:00 [running]> on host 69f945629b06
[2025-06-02T02:13:45.946+0000] {taskinstance.py:2480} INFO - Exporting env vars: AIRFLOW_CTX_DAG_OWNER='***' AIRFLOW_CTX_DAG_ID='movie_recommendation_pipeline' AIRFLOW_CTX_TASK_ID='cleanup_all' AIRFLOW_CTX_EXECUTION_DATE='2025-06-02T02:13:21.167485+00:00' AIRFLOW_CTX_TRY_NUMBER='1' AIRFLOW_CTX_DAG_RUN_ID='manual__2025-06-02T02:13:21.167485+00:00'
[2025-06-02T02:13:45.971+0000] {mlops_movie_dag.py:12} INFO - 🟦 Running command: dvc remove /opt/***/models/hybrid_model.pkl.dvc
[2025-06-02T02:13:46.616+0000] {mlops_movie_dag.py:18} INFO - 🟩 [stdout]:

[2025-06-02T02:13:46.617+0000] {mlops_movie_dag.py:20} WARNING - 🟨 [stderr]:
ERROR: '/opt/***/models/hybrid_model.pkl.dvc' does not exist

[2025-06-02T02:13:46.618+0000] {mlops_movie_dag.py:22} ERROR - ❌ Subprozess-Fehler (exit code 1): dvc remove /opt/***/models/hybrid_model.pkl.dvc
[2025-06-02T02:13:46.618+0000] {mlops_movie_dag.py:25} ERROR - ❌ Subprozess-Ausnahme: Command '['dvc', 'remove', '/opt/***/models/hybrid_model.pkl.dvc']' returned non-zero exit status 1.
[2025-06-02T02:13:46.662+0000] {mlops_movie_dag.py:12} INFO - 🟦 Running command: dvc remove /opt/***/data/processed/hybrid_matrix.csv.dvc
[2025-06-02T02:13:47.069+0000] {mlops_movie_dag.py:18} INFO - 🟩 [stdout]:

[2025-06-02T02:13:47.070+0000] {mlops_movie_dag.py:20} WARNING - 🟨 [stderr]:
ERROR: '/opt/***/data/processed/hybrid_matrix.csv.dvc' does not exist

[2025-06-02T02:13:47.071+0000] {mlops_movie_dag.py:22} ERROR - ❌ Subprozess-Fehler (exit code 1): dvc remove /opt/***/data/processed/hybrid_matrix.csv.dvc
[2025-06-02T02:13:47.071+0000] {mlops_movie_dag.py:25} ERROR - ❌ Subprozess-Ausnahme: Command '['dvc', 'remove', '/opt/***/data/processed/hybrid_matrix.csv.dvc']' returned non-zero exit status 1.
[2025-06-02T02:13:47.078+0000] {mlops_movie_dag.py:12} INFO - 🟦 Running command: dvc remove /opt/***/data/processed/hybrid_matrix_features.txt.dvc
[2025-06-02T02:13:47.465+0000] {mlops_movie_dag.py:18} INFO - 🟩 [stdout]:

[2025-06-02T02:13:47.466+0000] {mlops_movie_dag.py:20} WARNING - 🟨 [stderr]:
ERROR: '/opt/***/data/processed/hybrid_matrix_features.txt.dvc' does not exist

[2025-06-02T02:13:47.467+0000] {mlops_movie_dag.py:22} ERROR - ❌ Subprozess-Fehler (exit code 1): dvc remove /opt/***/data/processed/hybrid_matrix_features.txt.dvc
[2025-06-02T02:13:47.467+0000] {mlops_movie_dag.py:25} ERROR - ❌ Subprozess-Ausnahme: Command '['dvc', 'remove', '/opt/***/data/processed/hybrid_matrix_features.txt.dvc']' returned non-zero exit status 1.
[2025-06-02T02:13:47.477+0000] {mlops_movie_dag.py:12} INFO - 🟦 Running command: dvc remove /opt/***/models/user_model.pkl.dvc
[2025-06-02T02:13:47.879+0000] {mlops_movie_dag.py:18} INFO - 🟩 [stdout]:

[2025-06-02T02:13:47.880+0000] {mlops_movie_dag.py:20} WARNING - 🟨 [stderr]:
ERROR: '/opt/***/models/user_model.pkl.dvc' does not exist

[2025-06-02T02:13:47.881+0000] {mlops_movie_dag.py:22} ERROR - ❌ Subprozess-Fehler (exit code 1): dvc remove /opt/***/models/user_model.pkl.dvc
[2025-06-02T02:13:47.881+0000] {mlops_movie_dag.py:25} ERROR - ❌ Subprozess-Ausnahme: Command '['dvc', 'remove', '/opt/***/models/user_model.pkl.dvc']' returned non-zero exit status 1.
[2025-06-02T02:13:47.894+0000] {mlops_movie_dag.py:12} INFO - 🟦 Running command: dvc remove /opt/***/data/processed/user_matrix.csv.dvc
[2025-06-02T02:13:48.354+0000] {mlops_movie_dag.py:18} INFO - 🟩 [stdout]:

[2025-06-02T02:13:48.355+0000] {mlops_movie_dag.py:20} WARNING - 🟨 [stderr]:
ERROR: '/opt/***/data/processed/user_matrix.csv.dvc' does not exist

[2025-06-02T02:13:48.355+0000] {mlops_movie_dag.py:22} ERROR - ❌ Subprozess-Fehler (exit code 1): dvc remove /opt/***/data/processed/user_matrix.csv.dvc
[2025-06-02T02:13:48.356+0000] {mlops_movie_dag.py:25} ERROR - ❌ Subprozess-Ausnahme: Command '['dvc', 'remove', '/opt/***/data/processed/user_matrix.csv.dvc']' returned non-zero exit status 1.
[2025-06-02T02:13:48.364+0000] {mlops_movie_dag.py:12} INFO - 🟦 Running command: dvc remove /opt/***/data/processed/user_matrix_features.txt.dvc
[2025-06-02T02:13:48.805+0000] {mlops_movie_dag.py:18} INFO - 🟩 [stdout]:

[2025-06-02T02:13:48.806+0000] {mlops_movie_dag.py:20} WARNING - 🟨 [stderr]:
ERROR: '/opt/***/data/processed/user_matrix_features.txt.dvc' does not exist

[2025-06-02T02:13:48.806+0000] {mlops_movie_dag.py:22} ERROR - ❌ Subprozess-Fehler (exit code 1): dvc remove /opt/***/data/processed/user_matrix_features.txt.dvc
[2025-06-02T02:13:48.807+0000] {mlops_movie_dag.py:25} ERROR - ❌ Subprozess-Ausnahme: Command '['dvc', 'remove', '/opt/***/data/processed/user_matrix_features.txt.dvc']' returned non-zero exit status 1.
[2025-06-02T02:13:48.807+0000] {python.py:201} INFO - Done. Returned value was: None
[2025-06-02T02:13:48.815+0000] {taskinstance.py:1138} INFO - Marking task as SUCCESS. dag_id=movie_recommendation_pipeline, task_id=cleanup_all, execution_date=20250602T021321, start_date=20250602T021345, end_date=20250602T021348
[2025-06-02T02:13:48.846+0000] {local_task_job_runner.py:234} INFO - Task exited with return code 0
[2025-06-02T02:13:48.867+0000] {taskinstance.py:3280} INFO - 2 downstream tasks scheduled from follow-on schedule check
