[2025-06-09T11:36:10.533+0000] {taskinstance.py:1956} INFO - Dependencies all met for dep_context=non-requeueable deps ti=<TaskInstance: deep_models_pipeline.train_deep_hybrid_model manual__2025-06-09T11:34:20.753112+00:00 [queued]>
[2025-06-09T11:36:10.541+0000] {taskinstance.py:1956} INFO - Dependencies all met for dep_context=requeueable deps ti=<TaskInstance: deep_models_pipeline.train_deep_hybrid_model manual__2025-06-09T11:34:20.753112+00:00 [queued]>
[2025-06-09T11:36:10.542+0000] {taskinstance.py:2170} INFO - Starting attempt 1 of 3
[2025-06-09T11:36:10.551+0000] {taskinstance.py:2191} INFO - Executing <Task(PythonOperator): train_deep_hybrid_model> on 2025-06-09 11:34:20.753112+00:00
[2025-06-09T11:36:10.558+0000] {standard_task_runner.py:60} INFO - Started process 2517 to run task
[2025-06-09T11:36:10.560+0000] {standard_task_runner.py:87} INFO - Running: ['***', 'tasks', 'run', 'deep_models_pipeline', 'train_deep_hybrid_model', 'manual__2025-06-09T11:34:20.753112+00:00', '--job-id', '3742', '--raw', '--subdir', 'DAGS_FOLDER/train_deep_model_dag.py', '--cfg-path', '/tmp/tmpnvyygntl']
[2025-06-09T11:36:10.561+0000] {standard_task_runner.py:88} INFO - Job 3742: Subtask train_deep_hybrid_model
[2025-06-09T11:36:10.598+0000] {task_command.py:423} INFO - Running <TaskInstance: deep_models_pipeline.train_deep_hybrid_model manual__2025-06-09T11:34:20.753112+00:00 [running]> on host ef2125aafb6b
[2025-06-09T11:36:10.672+0000] {taskinstance.py:2480} INFO - Exporting env vars: AIRFLOW_CTX_DAG_OWNER='***' AIRFLOW_CTX_DAG_ID='deep_models_pipeline' AIRFLOW_CTX_TASK_ID='train_deep_hybrid_model' AIRFLOW_CTX_EXECUTION_DATE='2025-06-09T11:34:20.753112+00:00' AIRFLOW_CTX_TRY_NUMBER='1' AIRFLOW_CTX_DAG_RUN_ID='manual__2025-06-09T11:34:20.753112+00:00'
[2025-06-09T11:36:10.673+0000] {train_deep_model_dag.py:13} INFO - 🟦 Running command: python /opt/***/src/models/train_hybrid_deep_model.py --n_neighbors=10 --latent_dim=64 --epochs=30 --tfidf_features=300
[2025-06-09T11:37:14.805+0000] {train_deep_model_dag.py:20} INFO - 🟩 [stdout]:
🏃 View run train_hybrid_deep_model at: https://dagshub.com/sacer11/MLOps_movie_rec_apr25.mlflow/#/experiments/10/runs/e02d2586ce74490db41dad6a04d2aa8c
🧪 View experiment at: https://dagshub.com/sacer11/MLOps_movie_rec_apr25.mlflow/#/experiments/10

[2025-06-09T11:37:14.807+0000] {train_deep_model_dag.py:22} WARNING - 🟨 [stderr]:
2025-06-09 11:36:16,032 - __main__ - INFO - 📥 Lade Rohdaten und baue Hybrid-Feature-Matrix ...
2025-06-09 11:36:21,706 - __main__ - INFO - 📐 Hybrid-Matrix erstellt mit Shape: (10381, 1429), Feature-Namen: 1429
2025-06-09 11:36:32,279 - __main__ - INFO - 💾 Hybrid-Matrix gespeichert unter /opt/***/data/processed/hybrid_matrix.csv
2025-06-09 11:36:32,394 - __main__ - INFO - 🚀 Starte Training Autoencoder ...
2025-06-09 11:36:33,748 - __main__ - INFO - Epoch 1/30: Loss = 0.0118
2025-06-09 11:36:34,070 - __main__ - INFO - Epoch 2/30: Loss = 0.0069
2025-06-09 11:36:34,367 - __main__ - INFO - Epoch 3/30: Loss = 0.0059
2025-06-09 11:36:34,659 - __main__ - INFO - Epoch 4/30: Loss = 0.0055
2025-06-09 11:36:34,947 - __main__ - INFO - Epoch 5/30: Loss = 0.0052
2025-06-09 11:36:35,231 - __main__ - INFO - Epoch 6/30: Loss = 0.0050
2025-06-09 11:36:35,516 - __main__ - INFO - Epoch 7/30: Loss = 0.0048
2025-06-09 11:36:35,804 - __main__ - INFO - Epoch 8/30: Loss = 0.0047
2025-06-09 11:36:36,091 - __main__ - INFO - Epoch 9/30: Loss = 0.0046
2025-06-09 11:36:36,363 - __main__ - INFO - Epoch 10/30: Loss = 0.0045
2025-06-09 11:36:36,658 - __main__ - INFO - Epoch 11/30: Loss = 0.0044
2025-06-09 11:36:36,944 - __main__ - INFO - Epoch 12/30: Loss = 0.0044
2025-06-09 11:36:37,239 - __main__ - INFO - Epoch 13/30: Loss = 0.0043
2025-06-09 11:36:37,547 - __main__ - INFO - Epoch 14/30: Loss = 0.0043
2025-06-09 11:36:37,864 - __main__ - INFO - Epoch 15/30: Loss = 0.0042
2025-06-09 11:36:38,170 - __main__ - INFO - Epoch 16/30: Loss = 0.0042
2025-06-09 11:36:38,455 - __main__ - INFO - Epoch 17/30: Loss = 0.0042
2025-06-09 11:36:38,765 - __main__ - INFO - Epoch 18/30: Loss = 0.0041
2025-06-09 11:36:39,077 - __main__ - INFO - Epoch 19/30: Loss = 0.0041
2025-06-09 11:36:39,417 - __main__ - INFO - Epoch 20/30: Loss = 0.0041
2025-06-09 11:36:39,695 - __main__ - INFO - Epoch 21/30: Loss = 0.0041
2025-06-09 11:36:40,000 - __main__ - INFO - Epoch 22/30: Loss = 0.0040
2025-06-09 11:36:40,308 - __main__ - INFO - Epoch 23/30: Loss = 0.0040
2025-06-09 11:36:40,598 - __main__ - INFO - Epoch 24/30: Loss = 0.0040
2025-06-09 11:36:40,935 - __main__ - INFO - Epoch 25/30: Loss = 0.0040
2025-06-09 11:36:41,241 - __main__ - INFO - Epoch 26/30: Loss = 0.0040
2025-06-09 11:36:41,579 - __main__ - INFO - Epoch 27/30: Loss = 0.0040
2025-06-09 11:36:41,915 - __main__ - INFO - Epoch 28/30: Loss = 0.0039
2025-06-09 11:36:42,203 - __main__ - INFO - Epoch 29/30: Loss = 0.0039
2025-06-09 11:36:42,507 - __main__ - INFO - Epoch 30/30: Loss = 0.0039
2025-06-09 11:36:42,960 - __main__ - INFO - ✅ Hybrid-Embeddings gespeichert unter /opt/***/data/processed/hybrid_deep_embedding.csv
2025-06-09 11:36:42,960 - __main__ - INFO - ✅ Hybrid-Embeddings gespeichert unter /opt/***/data/processed/hybrid_deep_embedding.csv
2025-06-09 11:36:42,979 - __main__ - INFO - ✅ Deep KNN Modell gespeichert unter /opt/***/models/hybrid_deep_knn.pkl
2025/06/09 11:36:49 INFO mlflow.pyfunc: Validating input example against model signature

Downloading artifacts:   0%|          | 0/1 [00:00<?, ?it/s]
Downloading artifacts: 100%|██████████| 1/1 [00:00<00:00, 47.48it/s]
Downloading artifacts: 100%|██████████| 1/1 [00:00<00:00, 46.89it/s]
Registered model 'hybrid_deep_model' already exists. Creating a new version of this model...
2025/06/09 11:37:00 INFO mlflow.store.model_registry.abstract_store: Waiting up to 300 seconds for model version to finish creation. Model name: hybrid_deep_model, version 101
Created version '101' of model 'hybrid_deep_model'.
2025-06-09 11:37:11,340 - __main__ - INFO - 📝 Tags für Modellversion 101 gesetzt: n_neighbors=10, latent_dim=64, tfidf_features=300, epochs=30
2025-06-09 11:37:13,345 - __main__ - INFO - 🏁 Deep Hybrid-Model Training abgeschlossen und geloggt.

[2025-06-09T11:37:14.808+0000] {python.py:201} INFO - Done. Returned value was: None
[2025-06-09T11:37:14.822+0000] {taskinstance.py:1138} INFO - Marking task as SUCCESS. dag_id=deep_models_pipeline, task_id=train_deep_hybrid_model, execution_date=20250609T113420, start_date=20250609T113610, end_date=20250609T113714
[2025-06-09T11:37:14.863+0000] {local_task_job_runner.py:234} INFO - Task exited with return code 0
[2025-06-09T11:37:14.886+0000] {taskinstance.py:3280} INFO - 1 downstream tasks scheduled from follow-on schedule check
