[2025-06-01T10:32:34.850+0000] {taskinstance.py:1956} INFO - Dependencies all met for dep_context=non-requeueable deps ti=<TaskInstance: movie_recommendation_pipeline.import_raw_data manual__2025-06-01T10:32:33.819204+00:00 [queued]>
[2025-06-01T10:32:34.856+0000] {taskinstance.py:1956} INFO - Dependencies all met for dep_context=requeueable deps ti=<TaskInstance: movie_recommendation_pipeline.import_raw_data manual__2025-06-01T10:32:33.819204+00:00 [queued]>
[2025-06-01T10:32:34.857+0000] {taskinstance.py:2170} INFO - Starting attempt 1 of 3
[2025-06-01T10:32:34.868+0000] {taskinstance.py:2191} INFO - Executing <Task(PythonOperator): import_raw_data> on 2025-06-01 10:32:33.819204+00:00
[2025-06-01T10:32:34.874+0000] {standard_task_runner.py:60} INFO - Started process 271 to run task
[2025-06-01T10:32:34.877+0000] {standard_task_runner.py:87} INFO - Running: ['***', 'tasks', 'run', 'movie_recommendation_pipeline', 'import_raw_data', 'manual__2025-06-01T10:32:33.819204+00:00', '--job-id', '943', '--raw', '--subdir', 'DAGS_FOLDER/mlops_movie_dag.py', '--cfg-path', '/tmp/tmpmib83jol']
[2025-06-01T10:32:34.879+0000] {standard_task_runner.py:88} INFO - Job 943: Subtask import_raw_data
[2025-06-01T10:32:34.919+0000] {task_command.py:423} INFO - Running <TaskInstance: movie_recommendation_pipeline.import_raw_data manual__2025-06-01T10:32:33.819204+00:00 [running]> on host 9de233c7eb3e
[2025-06-01T10:32:34.980+0000] {taskinstance.py:2480} INFO - Exporting env vars: AIRFLOW_CTX_DAG_OWNER='***' AIRFLOW_CTX_DAG_ID='movie_recommendation_pipeline' AIRFLOW_CTX_TASK_ID='import_raw_data' AIRFLOW_CTX_EXECUTION_DATE='2025-06-01T10:32:33.819204+00:00' AIRFLOW_CTX_TRY_NUMBER='1' AIRFLOW_CTX_DAG_RUN_ID='manual__2025-06-01T10:32:33.819204+00:00'
[2025-06-01T10:32:35.194+0000] {mlops_movie_dag.py:13} INFO - 2025-06-01 10:32:35,179 - __main__ - INFO - ✅ Rohdatenprüfung abgeschlossen.
✅ Datei bereits vorhanden, überspringe: genome-scores.csv
✅ Datei bereits vorhanden, überspringe: genome-tags.csv
✅ Datei bereits vorhanden, überspringe: links.csv
✅ Datei bereits vorhanden, überspringe: movies.csv
✅ Datei bereits vorhanden, überspringe: ratings.csv
✅ Datei bereits vorhanden, überspringe: README.txt
✅ Datei bereits vorhanden, überspringe: tags.csv

[2025-06-01T10:32:35.195+0000] {python.py:201} INFO - Done. Returned value was: None
[2025-06-01T10:32:35.204+0000] {taskinstance.py:1138} INFO - Marking task as SUCCESS. dag_id=movie_recommendation_pipeline, task_id=import_raw_data, execution_date=20250601T103233, start_date=20250601T103234, end_date=20250601T103235
[2025-06-01T10:32:35.250+0000] {local_task_job_runner.py:234} INFO - Task exited with return code 0
[2025-06-01T10:32:35.272+0000] {taskinstance.py:3280} INFO - 1 downstream tasks scheduled from follow-on schedule check
