[2025-06-01T17:01:46.255+0000] {taskinstance.py:1956} INFO - Dependencies all met for dep_context=non-requeueable deps ti=<TaskInstance: movie_recommendation_pipeline.train_hybrid_model manual__2025-06-01T17:01:21.319730+00:00 [queued]>
[2025-06-01T17:01:46.262+0000] {taskinstance.py:1956} INFO - Dependencies all met for dep_context=requeueable deps ti=<TaskInstance: movie_recommendation_pipeline.train_hybrid_model manual__2025-06-01T17:01:21.319730+00:00 [queued]>
[2025-06-01T17:01:46.262+0000] {taskinstance.py:2170} INFO - Starting attempt 1 of 3
[2025-06-01T17:01:46.273+0000] {taskinstance.py:2191} INFO - Executing <Task(PythonOperator): train_hybrid_model> on 2025-06-01 17:01:21.319730+00:00
[2025-06-01T17:01:46.278+0000] {standard_task_runner.py:60} INFO - Started process 304 to run task
[2025-06-01T17:01:46.280+0000] {standard_task_runner.py:87} INFO - Running: ['***', 'tasks', 'run', 'movie_recommendation_pipeline', 'train_hybrid_model', 'manual__2025-06-01T17:01:21.319730+00:00', '--job-id', '1160', '--raw', '--subdir', 'DAGS_FOLDER/mlops_movie_dag.py', '--cfg-path', '/tmp/tmpyz6463oo']
[2025-06-01T17:01:46.281+0000] {standard_task_runner.py:88} INFO - Job 1160: Subtask train_hybrid_model
[2025-06-01T17:01:46.309+0000] {task_command.py:423} INFO - Running <TaskInstance: movie_recommendation_pipeline.train_hybrid_model manual__2025-06-01T17:01:21.319730+00:00 [running]> on host 0cdd4d182947
[2025-06-01T17:01:46.360+0000] {taskinstance.py:2480} INFO - Exporting env vars: AIRFLOW_CTX_DAG_OWNER='***' AIRFLOW_CTX_DAG_ID='movie_recommendation_pipeline' AIRFLOW_CTX_TASK_ID='train_hybrid_model' AIRFLOW_CTX_EXECUTION_DATE='2025-06-01T17:01:21.319730+00:00' AIRFLOW_CTX_TRY_NUMBER='1' AIRFLOW_CTX_DAG_RUN_ID='manual__2025-06-01T17:01:21.319730+00:00'
[2025-06-01T17:03:14.799+0000] {mlops_movie_dag.py:13} INFO - 
To track the changes with git, run:

	git add models/hybrid_model.pkl.dvc

To enable auto staging, run:

	dvc config core.autostage true
Author identity unknown

*** Please tell me who you are.

Run

  git config --global user.email "you@example.com"
  git config --global user.name "Your Name"

to set your account's default identity.
Omit --global to set the identity only in this repository.

fatal: unable to auto-detect email address (got '***@0cdd4d182947.(none)')
Traceback (most recent call last):
  File "/opt/***/src/models/train_hybrid_model.py", line 118, in train_hybrid_model
    subprocess.run(["git", "commit", "-m", "Add hybrid model"], check=True)
  File "/usr/local/lib/python3.10/subprocess.py", line 526, in run
    raise CalledProcessError(retcode, process.args,
subprocess.CalledProcessError: Command '['git', 'commit', '-m', 'Add hybrid model']' returned non-zero exit status 128.
✅ MLFLOW_TRACKING_URI: https://dagshub.com/sacer11/MLOps_movie_rec_apr25.mlflow
Experiment: <Experiment: artifact_location='mlflow-artifacts:/072bca99326642ffbc9ff091a82cf3a3', creation_time=1748703706244, experiment_id='4', last_update_time=1748703706244, lifecycle_stage='active', name='movie_hybrid_model', tags={}>
🚀 Starte Hybrid-Modelltraining
📥 Rohdaten geladen in 4.3s
🔀 Embeddings erstellt & skaliert in 2.0s
📐 Hybrid-Matrix erstellt mit Shape: (10381, 1428) in 0.0s
🤖 KNN-Modell trainiert in 0.0s
📡 Training erfolgreich in MLflow geloggt.
✅ Modell gespeichert unter /opt/***/models/hybrid_model.pkl
❌ Fehler im Hybrid-Training: Command '['git', 'commit', '-m', 'Add hybrid model']' returned non-zero exit status 128.

[2025-06-01T17:03:14.800+0000] {python.py:201} INFO - Done. Returned value was: None
[2025-06-01T17:03:14.810+0000] {taskinstance.py:1138} INFO - Marking task as SUCCESS. dag_id=movie_recommendation_pipeline, task_id=train_hybrid_model, execution_date=20250601T170121, start_date=20250601T170146, end_date=20250601T170314
[2025-06-01T17:03:14.835+0000] {local_task_job_runner.py:234} INFO - Task exited with return code 0
[2025-06-01T17:03:14.853+0000] {taskinstance.py:3280} INFO - 1 downstream tasks scheduled from follow-on schedule check
