[2025-06-08T20:59:22.788+0000] {taskinstance.py:1956} INFO - Dependencies all met for dep_context=non-requeueable deps ti=<TaskInstance: deep_models_pipeline.train_deep_hybrid_model manual__2025-06-08T20:59:18.135013+00:00 [queued]>
[2025-06-08T20:59:22.795+0000] {taskinstance.py:1956} INFO - Dependencies all met for dep_context=requeueable deps ti=<TaskInstance: deep_models_pipeline.train_deep_hybrid_model manual__2025-06-08T20:59:18.135013+00:00 [queued]>
[2025-06-08T20:59:22.795+0000] {taskinstance.py:2170} INFO - Starting attempt 1 of 3
[2025-06-08T20:59:22.806+0000] {taskinstance.py:2191} INFO - Executing <Task(PythonOperator): train_deep_hybrid_model> on 2025-06-08 20:59:18.135013+00:00
[2025-06-08T20:59:22.812+0000] {standard_task_runner.py:60} INFO - Started process 5936 to run task
[2025-06-08T20:59:22.814+0000] {standard_task_runner.py:87} INFO - Running: ['***', 'tasks', 'run', 'deep_models_pipeline', 'train_deep_hybrid_model', 'manual__2025-06-08T20:59:18.135013+00:00', '--job-id', '3478', '--raw', '--subdir', 'DAGS_FOLDER/train_deep_model_dag.py', '--cfg-path', '/tmp/tmp6wv5q2va']
[2025-06-08T20:59:22.815+0000] {standard_task_runner.py:88} INFO - Job 3478: Subtask train_deep_hybrid_model
[2025-06-08T20:59:22.849+0000] {task_command.py:423} INFO - Running <TaskInstance: deep_models_pipeline.train_deep_hybrid_model manual__2025-06-08T20:59:18.135013+00:00 [running]> on host 6b572a9ca403
[2025-06-08T20:59:22.911+0000] {taskinstance.py:2480} INFO - Exporting env vars: AIRFLOW_CTX_DAG_OWNER='***' AIRFLOW_CTX_DAG_ID='deep_models_pipeline' AIRFLOW_CTX_TASK_ID='train_deep_hybrid_model' AIRFLOW_CTX_EXECUTION_DATE='2025-06-08T20:59:18.135013+00:00' AIRFLOW_CTX_TRY_NUMBER='1' AIRFLOW_CTX_DAG_RUN_ID='manual__2025-06-08T20:59:18.135013+00:00'
[2025-06-08T20:59:22.911+0000] {train_deep_model_dag.py:13} INFO - 🟦 Running command: python /opt/***/src/models/train_hybrid_deep_model.py --n_neighbors=50 --latent_dim=32 --epochs=75 --tfidf_features=2000
[2025-06-08T21:00:55.632+0000] {train_deep_model_dag.py:20} INFO - 🟩 [stdout]:
🏃 View run train_hybrid_deep_model at: https://dagshub.com/sacer11/MLOps_movie_rec_apr25.mlflow/#/experiments/10/runs/66be9a72ea714756b18df242c8c151e3
🧪 View experiment at: https://dagshub.com/sacer11/MLOps_movie_rec_apr25.mlflow/#/experiments/10

[2025-06-08T21:00:55.633+0000] {train_deep_model_dag.py:22} WARNING - 🟨 [stderr]:
2025-06-08 20:59:26,552 - __main__ - INFO - 📥 Lade Rohdaten und baue Hybrid-Feature-Matrix ...
2025-06-08 20:59:31,683 - __main__ - INFO - 📐 Hybrid-Matrix erstellt mit Shape: (10381, 3129), Feature-Namen: 3129
2025-06-08 20:59:45,815 - __main__ - INFO - 💾 Hybrid-Matrix gespeichert unter /opt/***/data/processed/hybrid_matrix.csv
2025-06-08 20:59:46,057 - __main__ - INFO - 🚀 Starte Training Autoencoder ...
2025-06-08 20:59:47,186 - __main__ - INFO - Epoch 1/75: Loss = 0.0064
2025-06-08 20:59:47,639 - __main__ - INFO - Epoch 2/75: Loss = 0.0040
2025-06-08 20:59:48,106 - __main__ - INFO - Epoch 3/75: Loss = 0.0033
2025-06-08 20:59:48,554 - __main__ - INFO - Epoch 4/75: Loss = 0.0031
2025-06-08 20:59:48,988 - __main__ - INFO - Epoch 5/75: Loss = 0.0029
2025-06-08 20:59:49,410 - __main__ - INFO - Epoch 6/75: Loss = 0.0028
2025-06-08 20:59:49,857 - __main__ - INFO - Epoch 7/75: Loss = 0.0027
2025-06-08 20:59:50,314 - __main__ - INFO - Epoch 8/75: Loss = 0.0027
2025-06-08 20:59:50,808 - __main__ - INFO - Epoch 9/75: Loss = 0.0026
2025-06-08 20:59:51,283 - __main__ - INFO - Epoch 10/75: Loss = 0.0026
2025-06-08 20:59:51,742 - __main__ - INFO - Epoch 11/75: Loss = 0.0026
2025-06-08 20:59:52,192 - __main__ - INFO - Epoch 12/75: Loss = 0.0025
2025-06-08 20:59:52,634 - __main__ - INFO - Epoch 13/75: Loss = 0.0025
2025-06-08 20:59:53,096 - __main__ - INFO - Epoch 14/75: Loss = 0.0025
2025-06-08 20:59:53,547 - __main__ - INFO - Epoch 15/75: Loss = 0.0025
2025-06-08 20:59:53,980 - __main__ - INFO - Epoch 16/75: Loss = 0.0025
2025-06-08 20:59:54,423 - __main__ - INFO - Epoch 17/75: Loss = 0.0024
2025-06-08 20:59:54,919 - __main__ - INFO - Epoch 18/75: Loss = 0.0024
2025-06-08 20:59:55,412 - __main__ - INFO - Epoch 19/75: Loss = 0.0024
2025-06-08 20:59:55,945 - __main__ - INFO - Epoch 20/75: Loss = 0.0024
2025-06-08 20:59:56,417 - __main__ - INFO - Epoch 21/75: Loss = 0.0024
2025-06-08 20:59:56,872 - __main__ - INFO - Epoch 22/75: Loss = 0.0024
2025-06-08 20:59:57,298 - __main__ - INFO - Epoch 23/75: Loss = 0.0024
2025-06-08 20:59:57,727 - __main__ - INFO - Epoch 24/75: Loss = 0.0024
2025-06-08 20:59:58,177 - __main__ - INFO - Epoch 25/75: Loss = 0.0024
2025-06-08 20:59:58,627 - __main__ - INFO - Epoch 26/75: Loss = 0.0023
2025-06-08 20:59:59,095 - __main__ - INFO - Epoch 27/75: Loss = 0.0023
2025-06-08 20:59:59,606 - __main__ - INFO - Epoch 28/75: Loss = 0.0023
2025-06-08 21:00:00,129 - __main__ - INFO - Epoch 29/75: Loss = 0.0023
2025-06-08 21:00:00,595 - __main__ - INFO - Epoch 30/75: Loss = 0.0023
2025-06-08 21:00:01,055 - __main__ - INFO - Epoch 31/75: Loss = 0.0023
2025-06-08 21:00:01,499 - __main__ - INFO - Epoch 32/75: Loss = 0.0023
2025-06-08 21:00:01,923 - __main__ - INFO - Epoch 33/75: Loss = 0.0023
2025-06-08 21:00:02,379 - __main__ - INFO - Epoch 34/75: Loss = 0.0023
2025-06-08 21:00:02,821 - __main__ - INFO - Epoch 35/75: Loss = 0.0023
2025-06-08 21:00:03,271 - __main__ - INFO - Epoch 36/75: Loss = 0.0023
2025-06-08 21:00:03,731 - __main__ - INFO - Epoch 37/75: Loss = 0.0023
2025-06-08 21:00:04,251 - __main__ - INFO - Epoch 38/75: Loss = 0.0023
2025-06-08 21:00:04,814 - __main__ - INFO - Epoch 39/75: Loss = 0.0023
2025-06-08 21:00:05,314 - __main__ - INFO - Epoch 40/75: Loss = 0.0023
2025-06-08 21:00:05,775 - __main__ - INFO - Epoch 41/75: Loss = 0.0023
2025-06-08 21:00:06,229 - __main__ - INFO - Epoch 42/75: Loss = 0.0023
2025-06-08 21:00:06,694 - __main__ - INFO - Epoch 43/75: Loss = 0.0023
2025-06-08 21:00:07,145 - __main__ - INFO - Epoch 44/75: Loss = 0.0022
2025-06-08 21:00:07,664 - __main__ - INFO - Epoch 45/75: Loss = 0.0022
2025-06-08 21:00:08,149 - __main__ - INFO - Epoch 46/75: Loss = 0.0022
2025-06-08 21:00:08,645 - __main__ - INFO - Epoch 47/75: Loss = 0.0022
2025-06-08 21:00:09,201 - __main__ - INFO - Epoch 48/75: Loss = 0.0022
2025-06-08 21:00:09,718 - __main__ - INFO - Epoch 49/75: Loss = 0.0022
2025-06-08 21:00:10,165 - __main__ - INFO - Epoch 50/75: Loss = 0.0022
2025-06-08 21:00:10,620 - __main__ - INFO - Epoch 51/75: Loss = 0.0022
2025-06-08 21:00:11,073 - __main__ - INFO - Epoch 52/75: Loss = 0.0022
2025-06-08 21:00:11,540 - __main__ - INFO - Epoch 53/75: Loss = 0.0022
2025-06-08 21:00:11,996 - __main__ - INFO - Epoch 54/75: Loss = 0.0022
2025-06-08 21:00:12,448 - __main__ - INFO - Epoch 55/75: Loss = 0.0022
2025-06-08 21:00:12,943 - __main__ - INFO - Epoch 56/75: Loss = 0.0022
2025-06-08 21:00:13,453 - __main__ - INFO - Epoch 57/75: Loss = 0.0022
2025-06-08 21:00:13,987 - __main__ - INFO - Epoch 58/75: Loss = 0.0022
2025-06-08 21:00:14,426 - __main__ - INFO - Epoch 59/75: Loss = 0.0022
2025-06-08 21:00:14,886 - __main__ - INFO - Epoch 60/75: Loss = 0.0022
2025-06-08 21:00:15,342 - __main__ - INFO - Epoch 61/75: Loss = 0.0022
2025-06-08 21:00:15,808 - __main__ - INFO - Epoch 62/75: Loss = 0.0022
2025-06-08 21:00:16,276 - __main__ - INFO - Epoch 63/75: Loss = 0.0022
2025-06-08 21:00:16,723 - __main__ - INFO - Epoch 64/75: Loss = 0.0022
2025-06-08 21:00:17,190 - __main__ - INFO - Epoch 65/75: Loss = 0.0022
2025-06-08 21:00:17,698 - __main__ - INFO - Epoch 66/75: Loss = 0.0022
2025-06-08 21:00:18,225 - __main__ - INFO - Epoch 67/75: Loss = 0.0022
2025-06-08 21:00:18,704 - __main__ - INFO - Epoch 68/75: Loss = 0.0022
2025-06-08 21:00:19,167 - __main__ - INFO - Epoch 69/75: Loss = 0.0022
2025-06-08 21:00:19,624 - __main__ - INFO - Epoch 70/75: Loss = 0.0022
2025-06-08 21:00:20,083 - __main__ - INFO - Epoch 71/75: Loss = 0.0022
2025-06-08 21:00:20,539 - __main__ - INFO - Epoch 72/75: Loss = 0.0022
2025-06-08 21:00:21,007 - __main__ - INFO - Epoch 73/75: Loss = 0.0022
2025-06-08 21:00:21,469 - __main__ - INFO - Epoch 74/75: Loss = 0.0022
2025-06-08 21:00:21,964 - __main__ - INFO - Epoch 75/75: Loss = 0.0022
2025-06-08 21:00:22,227 - __main__ - INFO - ✅ Hybrid-Embeddings gespeichert unter /opt/***/data/processed/hybrid_deep_embedding.csv
2025-06-08 21:00:22,227 - __main__ - INFO - ✅ Hybrid-Embeddings gespeichert unter /opt/***/data/processed/hybrid_deep_embedding.csv
2025-06-08 21:00:22,241 - __main__ - INFO - ✅ Deep KNN Modell gespeichert unter /opt/***/models/hybrid_deep_knn.pkl
2025/06/08 21:00:27 INFO mlflow.pyfunc: Validating input example against model signature

Downloading artifacts:   0%|          | 0/1 [00:00<?, ?it/s]
Downloading artifacts: 100%|██████████| 1/1 [00:00<00:00, 74.45it/s]
Downloading artifacts: 100%|██████████| 1/1 [00:00<00:00, 73.74it/s]
Registered model 'hybrid_deep_model' already exists. Creating a new version of this model...
2025/06/08 21:00:38 INFO mlflow.store.model_registry.abstract_store: Waiting up to 300 seconds for model version to finish creation. Model name: hybrid_deep_model, version 50
Created version '50' of model 'hybrid_deep_model'.
2025-06-08 21:00:52,550 - __main__ - INFO - 📝 Tags für Modellversion 50 gesetzt: n_neighbors=50, latent_dim=32, tfidf_features=2000, epochs=75
2025-06-08 21:00:54,555 - __main__ - INFO - 🏁 Deep Hybrid-Model Training abgeschlossen und geloggt.

[2025-06-08T21:00:55.634+0000] {python.py:201} INFO - Done. Returned value was: None
[2025-06-08T21:00:55.641+0000] {taskinstance.py:1138} INFO - Marking task as SUCCESS. dag_id=deep_models_pipeline, task_id=train_deep_hybrid_model, execution_date=20250608T205918, start_date=20250608T205922, end_date=20250608T210055
[2025-06-08T21:00:55.666+0000] {local_task_job_runner.py:234} INFO - Task exited with return code 0
[2025-06-08T21:00:55.683+0000] {taskinstance.py:3280} INFO - 1 downstream tasks scheduled from follow-on schedule check
