[2025-06-18T12:54:38.450+0000] {taskinstance.py:1956} INFO - Dependencies all met for dep_context=non-requeueable deps ti=<TaskInstance: deep_models_pipeline.build_features manual__2025-06-18T12:54:33.587776+00:00 [queued]>
[2025-06-18T12:54:38.459+0000] {taskinstance.py:1956} INFO - Dependencies all met for dep_context=requeueable deps ti=<TaskInstance: deep_models_pipeline.build_features manual__2025-06-18T12:54:33.587776+00:00 [queued]>
[2025-06-18T12:54:38.460+0000] {taskinstance.py:2170} INFO - Starting attempt 1 of 3
[2025-06-18T12:54:38.481+0000] {taskinstance.py:2191} INFO - Executing <Task(PythonOperator): build_features> on 2025-06-18 12:54:33.587776+00:00
[2025-06-18T12:54:38.491+0000] {standard_task_runner.py:60} INFO - Started process 332 to run task
[2025-06-18T12:54:38.494+0000] {standard_task_runner.py:87} INFO - Running: ['***', 'tasks', 'run', 'deep_models_pipeline', 'build_features', 'manual__2025-06-18T12:54:33.587776+00:00', '--job-id', '599', '--raw', '--subdir', 'DAGS_FOLDER/train_deep_model_dag.py', '--cfg-path', '/tmp/tmp82qogajy']
[2025-06-18T12:54:38.497+0000] {standard_task_runner.py:88} INFO - Job 599: Subtask build_features
[2025-06-18T12:54:38.542+0000] {task_command.py:423} INFO - Running <TaskInstance: deep_models_pipeline.build_features manual__2025-06-18T12:54:33.587776+00:00 [running]> on host 3cef70cd7501
[2025-06-18T12:54:38.619+0000] {taskinstance.py:2480} INFO - Exporting env vars: AIRFLOW_CTX_DAG_OWNER='***' AIRFLOW_CTX_DAG_ID='deep_models_pipeline' AIRFLOW_CTX_TASK_ID='build_features' AIRFLOW_CTX_EXECUTION_DATE='2025-06-18T12:54:33.587776+00:00' AIRFLOW_CTX_TRY_NUMBER='1' AIRFLOW_CTX_DAG_RUN_ID='manual__2025-06-18T12:54:33.587776+00:00'
[2025-06-18T12:54:38.620+0000] {train_deep_model_dag.py:14} INFO - 🟦 Running command: python /opt/***/src/movie/features/build_features.py
[2025-06-18T12:54:38.621+0000] {train_deep_model_dag.py:15} INFO - 🟦 Working directory: /opt/***
[2025-06-18T12:54:38.621+0000] {train_deep_model_dag.py:16} INFO - MLflow Tracking URI: https://dagshub.com/sacer11/MLOps_movie_rec_apr25.mlflow
[2025-06-18T12:54:38.622+0000] {train_deep_model_dag.py:17} INFO - User: Klemp.Thomas
[2025-06-18T12:54:38.622+0000] {train_deep_model_dag.py:18} INFO - Password: 24a59c66cf
[2025-06-18T12:54:40.226+0000] {train_deep_model_dag.py:25} INFO - 🟩 [stdout]:
✅ Feature files already exist. No build required.

[2025-06-18T12:54:40.227+0000] {python.py:201} INFO - Done. Returned value was: None
[2025-06-18T12:54:40.241+0000] {taskinstance.py:1138} INFO - Marking task as SUCCESS. dag_id=deep_models_pipeline, task_id=build_features, execution_date=20250618T125433, start_date=20250618T125438, end_date=20250618T125440
[2025-06-18T12:54:40.294+0000] {local_task_job_runner.py:234} INFO - Task exited with return code 0
[2025-06-18T12:54:40.319+0000] {taskinstance.py:3280} INFO - 2 downstream tasks scheduled from follow-on schedule check
