[2025-06-01T10:14:58.316+0000] {taskinstance.py:1956} INFO - Dependencies all met for dep_context=non-requeueable deps ti=<TaskInstance: movie_recommendation_pipeline.import_raw_data manual__2025-06-01T10:14:57.071102+00:00 [queued]>
[2025-06-01T10:14:58.323+0000] {taskinstance.py:1956} INFO - Dependencies all met for dep_context=requeueable deps ti=<TaskInstance: movie_recommendation_pipeline.import_raw_data manual__2025-06-01T10:14:57.071102+00:00 [queued]>
[2025-06-01T10:14:58.323+0000] {taskinstance.py:2170} INFO - Starting attempt 1 of 3
[2025-06-01T10:14:58.334+0000] {taskinstance.py:2191} INFO - Executing <Task(PythonOperator): import_raw_data> on 2025-06-01 10:14:57.071102+00:00
[2025-06-01T10:14:58.340+0000] {standard_task_runner.py:60} INFO - Started process 194 to run task
[2025-06-01T10:14:58.342+0000] {standard_task_runner.py:87} INFO - Running: ['***', 'tasks', 'run', 'movie_recommendation_pipeline', 'import_raw_data', 'manual__2025-06-01T10:14:57.071102+00:00', '--job-id', '933', '--raw', '--subdir', 'DAGS_FOLDER/mlops_movie_dag.py', '--cfg-path', '/tmp/tmpjkybcihm']
[2025-06-01T10:14:58.344+0000] {standard_task_runner.py:88} INFO - Job 933: Subtask import_raw_data
[2025-06-01T10:14:58.381+0000] {task_command.py:423} INFO - Running <TaskInstance: movie_recommendation_pipeline.import_raw_data manual__2025-06-01T10:14:57.071102+00:00 [running]> on host ce4a8bea328b
[2025-06-01T10:14:58.448+0000] {taskinstance.py:2480} INFO - Exporting env vars: AIRFLOW_CTX_DAG_OWNER='***' AIRFLOW_CTX_DAG_ID='movie_recommendation_pipeline' AIRFLOW_CTX_TASK_ID='import_raw_data' AIRFLOW_CTX_EXECUTION_DATE='2025-06-01T10:14:57.071102+00:00' AIRFLOW_CTX_TRY_NUMBER='1' AIRFLOW_CTX_DAG_RUN_ID='manual__2025-06-01T10:14:57.071102+00:00'
[2025-06-01T10:16:44.875+0000] {mlops_movie_dag.py:13} INFO - 2025-06-01 10:16:44,862 - __main__ - INFO - ✅ Rohdatenprüfung abgeschlossen.
⬇️  Lade herunter: https://mlops-project-db.s3.eu-west-1.amazonaws.com/movie_recommandation/genome-scores.csv
✅ Gespeichert unter: ./data/raw/genome-scores.csv
⬇️  Lade herunter: https://mlops-project-db.s3.eu-west-1.amazonaws.com/movie_recommandation/genome-tags.csv
✅ Gespeichert unter: ./data/raw/genome-tags.csv
⬇️  Lade herunter: https://mlops-project-db.s3.eu-west-1.amazonaws.com/movie_recommandation/links.csv
✅ Gespeichert unter: ./data/raw/links.csv
⬇️  Lade herunter: https://mlops-project-db.s3.eu-west-1.amazonaws.com/movie_recommandation/movies.csv
✅ Gespeichert unter: ./data/raw/movies.csv
⬇️  Lade herunter: https://mlops-project-db.s3.eu-west-1.amazonaws.com/movie_recommandation/ratings.csv
✅ Gespeichert unter: ./data/raw/ratings.csv
✅ Datei bereits vorhanden, überspringe: README.txt
⬇️  Lade herunter: https://mlops-project-db.s3.eu-west-1.amazonaws.com/movie_recommandation/tags.csv
✅ Gespeichert unter: ./data/raw/tags.csv

[2025-06-01T10:16:44.876+0000] {python.py:201} INFO - Done. Returned value was: None
[2025-06-01T10:16:44.885+0000] {taskinstance.py:1138} INFO - Marking task as SUCCESS. dag_id=movie_recommendation_pipeline, task_id=import_raw_data, execution_date=20250601T101457, start_date=20250601T101458, end_date=20250601T101644
[2025-06-01T10:16:44.942+0000] {local_task_job_runner.py:234} INFO - Task exited with return code 0
[2025-06-01T10:16:44.963+0000] {taskinstance.py:3280} INFO - 1 downstream tasks scheduled from follow-on schedule check
