[2025-06-02T10:08:52.539+0000] {taskinstance.py:1956} INFO - Dependencies all met for dep_context=non-requeueable deps ti=<TaskInstance: movie_recommendation_pipeline.dvc_add_and_push_all manual__2025-06-02T10:04:11.335787+00:00 [queued]>
[2025-06-02T10:08:52.550+0000] {taskinstance.py:1956} INFO - Dependencies all met for dep_context=requeueable deps ti=<TaskInstance: movie_recommendation_pipeline.dvc_add_and_push_all manual__2025-06-02T10:04:11.335787+00:00 [queued]>
[2025-06-02T10:08:52.551+0000] {taskinstance.py:2170} INFO - Starting attempt 1 of 3
[2025-06-02T10:08:52.562+0000] {taskinstance.py:2191} INFO - Executing <Task(PythonOperator): dvc_add_and_push_all> on 2025-06-02 10:04:11.335787+00:00
[2025-06-02T10:08:52.571+0000] {standard_task_runner.py:60} INFO - Started process 845 to run task
[2025-06-02T10:08:52.573+0000] {standard_task_runner.py:87} INFO - Running: ['***', 'tasks', 'run', 'movie_recommendation_pipeline', 'dvc_add_and_push_all', 'manual__2025-06-02T10:04:11.335787+00:00', '--job-id', '1657', '--raw', '--subdir', 'DAGS_FOLDER/mlops_movie_dag.py', '--cfg-path', '/tmp/tmp1axwld9m']
[2025-06-02T10:08:52.574+0000] {standard_task_runner.py:88} INFO - Job 1657: Subtask dvc_add_and_push_all
[2025-06-02T10:08:52.612+0000] {task_command.py:423} INFO - Running <TaskInstance: movie_recommendation_pipeline.dvc_add_and_push_all manual__2025-06-02T10:04:11.335787+00:00 [running]> on host 43a492dd7637
[2025-06-02T10:08:52.682+0000] {taskinstance.py:2480} INFO - Exporting env vars: AIRFLOW_CTX_DAG_OWNER='***' AIRFLOW_CTX_DAG_ID='movie_recommendation_pipeline' AIRFLOW_CTX_TASK_ID='dvc_add_and_push_all' AIRFLOW_CTX_EXECUTION_DATE='2025-06-02T10:04:11.335787+00:00' AIRFLOW_CTX_TRY_NUMBER='1' AIRFLOW_CTX_DAG_RUN_ID='manual__2025-06-02T10:04:11.335787+00:00'
[2025-06-02T10:08:52.686+0000] {mlops_movie_dag.py:12} INFO - 游릱 Running command: git config --global --add safe.directory /opt/***
[2025-06-02T10:08:52.698+0000] {mlops_movie_dag.py:19} INFO - 游릴 [stdout]:

[2025-06-02T10:08:52.698+0000] {mlops_movie_dag.py:12} INFO - 游릱 Running command: git config --global user.email ***@mlops.local
[2025-06-02T10:08:52.712+0000] {mlops_movie_dag.py:19} INFO - 游릴 [stdout]:

[2025-06-02T10:08:52.713+0000] {mlops_movie_dag.py:12} INFO - 游릱 Running command: git config --global user.name Airflow
[2025-06-02T10:08:52.726+0000] {mlops_movie_dag.py:19} INFO - 游릴 [stdout]:

[2025-06-02T10:08:52.727+0000] {mlops_movie_dag.py:12} INFO - 游릱 Running command: dvc add /opt/***/models/hybrid_model.pkl
[2025-06-02T10:09:09.215+0000] {mlops_movie_dag.py:19} INFO - 游릴 [stdout]:

To track the changes with git, run:

	git add models/hybrid_model.pkl.dvc

To enable auto staging, run:

	dvc config core.autostage true

[2025-06-02T10:09:09.216+0000] {mlops_movie_dag.py:12} INFO - 游릱 Running command: dvc add /opt/***/data/processed/hybrid_matrix.csv
[2025-06-02T10:09:29.739+0000] {mlops_movie_dag.py:19} INFO - 游릴 [stdout]:

To track the changes with git, run:

	git add data/processed/hybrid_matrix.csv.dvc

To enable auto staging, run:

	dvc config core.autostage true

[2025-06-02T10:09:29.740+0000] {mlops_movie_dag.py:12} INFO - 游릱 Running command: dvc add /opt/***/data/processed/hybrid_matrix_features.txt
[2025-06-02T10:09:40.423+0000] {mlops_movie_dag.py:19} INFO - 游릴 [stdout]:

To track the changes with git, run:

	git add data/processed/hybrid_matrix_features.txt.dvc

To enable auto staging, run:

	dvc config core.autostage true

[2025-06-02T10:09:40.424+0000] {mlops_movie_dag.py:12} INFO - 游릱 Running command: dvc add /opt/***/models/user_model.pkl
[2025-06-02T10:09:51.774+0000] {mlops_movie_dag.py:19} INFO - 游릴 [stdout]:

To track the changes with git, run:

	git add models/user_model.pkl.dvc

To enable auto staging, run:

	dvc config core.autostage true

[2025-06-02T10:09:51.775+0000] {mlops_movie_dag.py:12} INFO - 游릱 Running command: dvc add /opt/***/data/processed/user_matrix.csv
[2025-06-02T10:10:03.412+0000] {mlops_movie_dag.py:19} INFO - 游릴 [stdout]:

To track the changes with git, run:

	git add data/processed/user_matrix.csv.dvc

To enable auto staging, run:

	dvc config core.autostage true

[2025-06-02T10:10:03.413+0000] {mlops_movie_dag.py:12} INFO - 游릱 Running command: dvc add /opt/***/data/processed/user_matrix_features.txt
[2025-06-02T10:10:13.402+0000] {mlops_movie_dag.py:19} INFO - 游릴 [stdout]:

To track the changes with git, run:

	git add data/processed/user_matrix_features.txt.dvc

To enable auto staging, run:

	dvc config core.autostage true

[2025-06-02T10:10:13.403+0000] {mlops_movie_dag.py:12} INFO - 游릱 Running command: git add /opt/***/models/hybrid_model.pkl.dvc /opt/***/data/processed/hybrid_matrix.csv.dvc /opt/***/data/processed/hybrid_matrix_features.txt.dvc /opt/***/models/user_model.pkl.dvc /opt/***/data/processed/user_matrix.csv.dvc /opt/***/data/processed/user_matrix_features.txt.dvc
[2025-06-02T10:10:13.533+0000] {mlops_movie_dag.py:19} INFO - 游릴 [stdout]:

[2025-06-02T10:10:13.606+0000] {mlops_movie_dag.py:12} INFO - 游릱 Running command: git commit -m Automatisches DVC-Tracking (beide Modelle/Matrizen)
[2025-06-02T10:10:14.390+0000] {mlops_movie_dag.py:19} INFO - 游릴 [stdout]:
[master 1a7fd0c] Automatisches DVC-Tracking (beide Modelle/Matrizen)
 3 files changed, 6 insertions(+), 6 deletions(-)

[2025-06-02T10:10:14.390+0000] {mlops_movie_dag.py:12} INFO - 游릱 Running command: dvc push
[2025-06-02T10:11:47.706+0000] {mlops_movie_dag.py:19} INFO - 游릴 [stdout]:
3 files pushed

[2025-06-02T10:11:47.707+0000] {python.py:201} INFO - Done. Returned value was: None
[2025-06-02T10:11:47.716+0000] {taskinstance.py:1138} INFO - Marking task as SUCCESS. dag_id=movie_recommendation_pipeline, task_id=dvc_add_and_push_all, execution_date=20250602T100411, start_date=20250602T100852, end_date=20250602T101147
[2025-06-02T10:11:47.755+0000] {local_task_job_runner.py:234} INFO - Task exited with return code 0
[2025-06-02T10:11:47.773+0000] {taskinstance.py:3280} INFO - 1 downstream tasks scheduled from follow-on schedule check
