[2025-06-02T01:40:03.247+0000] {taskinstance.py:1956} INFO - Dependencies all met for dep_context=non-requeueable deps ti=<TaskInstance: movie_recommendation_pipeline.dvc_add_and_push_user manual__2025-06-02T01:35:37.362369+00:00 [queued]>
[2025-06-02T01:40:03.254+0000] {taskinstance.py:1956} INFO - Dependencies all met for dep_context=requeueable deps ti=<TaskInstance: movie_recommendation_pipeline.dvc_add_and_push_user manual__2025-06-02T01:35:37.362369+00:00 [queued]>
[2025-06-02T01:40:03.255+0000] {taskinstance.py:2170} INFO - Starting attempt 1 of 3
[2025-06-02T01:40:03.265+0000] {taskinstance.py:2191} INFO - Executing <Task(PythonOperator): dvc_add_and_push_user> on 2025-06-02 01:35:37.362369+00:00
[2025-06-02T01:40:03.273+0000] {standard_task_runner.py:60} INFO - Started process 888 to run task
[2025-06-02T01:40:03.274+0000] {standard_task_runner.py:87} INFO - Running: ['***', 'tasks', 'run', 'movie_recommendation_pipeline', 'dvc_add_and_push_user', 'manual__2025-06-02T01:35:37.362369+00:00', '--job-id', '1380', '--raw', '--subdir', 'DAGS_FOLDER/mlops_movie_dag.py', '--cfg-path', '/tmp/tmpy5h2fzro']
[2025-06-02T01:40:03.275+0000] {standard_task_runner.py:88} INFO - Job 1380: Subtask dvc_add_and_push_user
[2025-06-02T01:40:03.307+0000] {task_command.py:423} INFO - Running <TaskInstance: movie_recommendation_pipeline.dvc_add_and_push_user manual__2025-06-02T01:35:37.362369+00:00 [running]> on host b181c6c0b130
[2025-06-02T01:40:03.359+0000] {taskinstance.py:2480} INFO - Exporting env vars: AIRFLOW_CTX_DAG_OWNER='***' AIRFLOW_CTX_DAG_ID='movie_recommendation_pipeline' AIRFLOW_CTX_TASK_ID='dvc_add_and_push_user' AIRFLOW_CTX_EXECUTION_DATE='2025-06-02T01:35:37.362369+00:00' AIRFLOW_CTX_TRY_NUMBER='1' AIRFLOW_CTX_DAG_RUN_ID='manual__2025-06-02T01:35:37.362369+00:00'
[2025-06-02T01:40:03.360+0000] {mlops_movie_dag.py:12} INFO - 🟦 Running command: dvc add /opt/***/models/user_model.pkl
[2025-06-02T01:40:06.286+0000] {mlops_movie_dag.py:18} INFO - 🟩 [stdout]:

[2025-06-02T01:40:06.287+0000] {mlops_movie_dag.py:20} WARNING - 🟨 [stderr]:
ERROR: Unable to acquire lock. Most likely another DVC process is running or was terminated abruptly. Check the page <https://dvc.org/doc/user-guide/troubleshooting#lock-issue> for other possible reasons and to learn how to resolve this.

[2025-06-02T01:40:06.287+0000] {mlops_movie_dag.py:22} ERROR - ❌ Subprozess-Fehler (exit code 1): dvc add /opt/***/models/user_model.pkl
[2025-06-02T01:40:06.287+0000] {mlops_movie_dag.py:25} ERROR - ❌ Subprozess-Ausnahme: Command '['dvc', 'add', '/opt/***/models/user_model.pkl']' returned non-zero exit status 1.
[2025-06-02T01:40:06.288+0000] {taskinstance.py:2698} ERROR - Task failed with exception
Traceback (most recent call last):
  File "/home/airflow/.local/lib/python3.10/site-packages/airflow/models/taskinstance.py", line 433, in _execute_task
    result = execute_callable(context=context, **execute_callable_kwargs)
  File "/home/airflow/.local/lib/python3.10/site-packages/airflow/operators/python.py", line 199, in execute
    return_value = self.execute_callable()
  File "/home/airflow/.local/lib/python3.10/site-packages/airflow/operators/python.py", line 216, in execute_callable
    return self.python_callable(*self.op_args, **self.op_kwargs)
  File "/opt/airflow/dags/mlops_movie_dag.py", line 83, in dvc_add_and_push_user
    dvc_add_and_push(artifacts)
  File "/opt/airflow/dags/mlops_movie_dag.py", line 64, in dvc_add_and_push
    run_and_log(["dvc", "add", art])
  File "/opt/airflow/dags/mlops_movie_dag.py", line 23, in run_and_log
    raise subprocess.CalledProcessError(result.returncode, command)
subprocess.CalledProcessError: Command '['dvc', 'add', '/opt/airflow/models/user_model.pkl']' returned non-zero exit status 1.
[2025-06-02T01:40:06.356+0000] {taskinstance.py:1138} INFO - Marking task as UP_FOR_RETRY. dag_id=movie_recommendation_pipeline, task_id=dvc_add_and_push_user, execution_date=20250602T013537, start_date=20250602T014003, end_date=20250602T014006
[2025-06-02T01:40:06.366+0000] {standard_task_runner.py:107} ERROR - Failed to execute job 1380 for task dvc_add_and_push_user (Command '['dvc', 'add', '/opt/airflow/models/user_model.pkl']' returned non-zero exit status 1.; 888)
[2025-06-02T01:40:06.377+0000] {local_task_job_runner.py:234} INFO - Task exited with return code 1
[2025-06-02T01:40:06.394+0000] {taskinstance.py:3280} INFO - 0 downstream tasks scheduled from follow-on schedule check
