[2025-06-09T10:19:41.444+0000] {taskinstance.py:1956} INFO - Dependencies all met for dep_context=non-requeueable deps ti=<TaskInstance: deep_models_pipeline.train_deep_hybrid_model manual__2025-06-09T10:19:33.649738+00:00 [queued]>
[2025-06-09T10:19:41.454+0000] {taskinstance.py:1956} INFO - Dependencies all met for dep_context=requeueable deps ti=<TaskInstance: deep_models_pipeline.train_deep_hybrid_model manual__2025-06-09T10:19:33.649738+00:00 [queued]>
[2025-06-09T10:19:41.454+0000] {taskinstance.py:2170} INFO - Starting attempt 1 of 3
[2025-06-09T10:19:41.466+0000] {taskinstance.py:2191} INFO - Executing <Task(PythonOperator): train_deep_hybrid_model> on 2025-06-09 10:19:33.649738+00:00
[2025-06-09T10:19:41.474+0000] {standard_task_runner.py:60} INFO - Started process 524 to run task
[2025-06-09T10:19:41.479+0000] {standard_task_runner.py:87} INFO - Running: ['***', 'tasks', 'run', 'deep_models_pipeline', 'train_deep_hybrid_model', 'manual__2025-06-09T10:19:33.649738+00:00', '--job-id', '3735', '--raw', '--subdir', 'DAGS_FOLDER/train_deep_model_dag.py', '--cfg-path', '/tmp/tmpz27_sa0_']
[2025-06-09T10:19:41.482+0000] {standard_task_runner.py:88} INFO - Job 3735: Subtask train_deep_hybrid_model
[2025-06-09T10:19:41.525+0000] {task_command.py:423} INFO - Running <TaskInstance: deep_models_pipeline.train_deep_hybrid_model manual__2025-06-09T10:19:33.649738+00:00 [running]> on host ef2125aafb6b
[2025-06-09T10:19:41.605+0000] {taskinstance.py:2480} INFO - Exporting env vars: AIRFLOW_CTX_DAG_OWNER='***' AIRFLOW_CTX_DAG_ID='deep_models_pipeline' AIRFLOW_CTX_TASK_ID='train_deep_hybrid_model' AIRFLOW_CTX_EXECUTION_DATE='2025-06-09T10:19:33.649738+00:00' AIRFLOW_CTX_TRY_NUMBER='1' AIRFLOW_CTX_DAG_RUN_ID='manual__2025-06-09T10:19:33.649738+00:00'
[2025-06-09T10:19:41.606+0000] {train_deep_model_dag.py:13} INFO - 🟦 Running command: python /opt/***/src/models/train_hybrid_deep_model.py --n_neighbors=10 --latent_dim=64 --epochs=30 --tfidf_features=300
[2025-06-09T10:20:46.434+0000] {train_deep_model_dag.py:20} INFO - 🟩 [stdout]:
🏃 View run train_hybrid_deep_model at: https://dagshub.com/sacer11/MLOps_movie_rec_apr25.mlflow/#/experiments/10/runs/193be82039914d6f85dbaff5396c1452
🧪 View experiment at: https://dagshub.com/sacer11/MLOps_movie_rec_apr25.mlflow/#/experiments/10

[2025-06-09T10:20:46.435+0000] {train_deep_model_dag.py:22} WARNING - 🟨 [stderr]:
2025-06-09 10:19:47,084 - __main__ - INFO - 📥 Lade Rohdaten und baue Hybrid-Feature-Matrix ...
2025-06-09 10:19:52,410 - __main__ - INFO - 📐 Hybrid-Matrix erstellt mit Shape: (10381, 1429), Feature-Namen: 1429
2025-06-09 10:20:02,947 - __main__ - INFO - 💾 Hybrid-Matrix gespeichert unter /opt/***/data/processed/hybrid_matrix.csv
2025-06-09 10:20:03,058 - __main__ - INFO - 🚀 Starte Training Autoencoder ...
2025-06-09 10:20:04,304 - __main__ - INFO - Epoch 1/30: Loss = 0.0118
2025-06-09 10:20:04,614 - __main__ - INFO - Epoch 2/30: Loss = 0.0069
2025-06-09 10:20:04,948 - __main__ - INFO - Epoch 3/30: Loss = 0.0059
2025-06-09 10:20:05,227 - __main__ - INFO - Epoch 4/30: Loss = 0.0055
2025-06-09 10:20:05,498 - __main__ - INFO - Epoch 5/30: Loss = 0.0052
2025-06-09 10:20:05,791 - __main__ - INFO - Epoch 6/30: Loss = 0.0050
2025-06-09 10:20:06,096 - __main__ - INFO - Epoch 7/30: Loss = 0.0048
2025-06-09 10:20:06,407 - __main__ - INFO - Epoch 8/30: Loss = 0.0047
2025-06-09 10:20:06,736 - __main__ - INFO - Epoch 9/30: Loss = 0.0046
2025-06-09 10:20:07,089 - __main__ - INFO - Epoch 10/30: Loss = 0.0045
2025-06-09 10:20:07,414 - __main__ - INFO - Epoch 11/30: Loss = 0.0044
2025-06-09 10:20:07,762 - __main__ - INFO - Epoch 12/30: Loss = 0.0043
2025-06-09 10:20:08,152 - __main__ - INFO - Epoch 13/30: Loss = 0.0043
2025-06-09 10:20:08,516 - __main__ - INFO - Epoch 14/30: Loss = 0.0042
2025-06-09 10:20:08,857 - __main__ - INFO - Epoch 15/30: Loss = 0.0042
2025-06-09 10:20:09,204 - __main__ - INFO - Epoch 16/30: Loss = 0.0042
2025-06-09 10:20:09,580 - __main__ - INFO - Epoch 17/30: Loss = 0.0041
2025-06-09 10:20:09,899 - __main__ - INFO - Epoch 18/30: Loss = 0.0041
2025-06-09 10:20:10,278 - __main__ - INFO - Epoch 19/30: Loss = 0.0041
2025-06-09 10:20:10,638 - __main__ - INFO - Epoch 20/30: Loss = 0.0040
2025-06-09 10:20:10,952 - __main__ - INFO - Epoch 21/30: Loss = 0.0040
2025-06-09 10:20:11,327 - __main__ - INFO - Epoch 22/30: Loss = 0.0040
2025-06-09 10:20:11,672 - __main__ - INFO - Epoch 23/30: Loss = 0.0040
2025-06-09 10:20:12,030 - __main__ - INFO - Epoch 24/30: Loss = 0.0040
2025-06-09 10:20:12,414 - __main__ - INFO - Epoch 25/30: Loss = 0.0039
2025-06-09 10:20:12,791 - __main__ - INFO - Epoch 26/30: Loss = 0.0039
2025-06-09 10:20:13,178 - __main__ - INFO - Epoch 27/30: Loss = 0.0039
2025-06-09 10:20:13,523 - __main__ - INFO - Epoch 28/30: Loss = 0.0039
2025-06-09 10:20:13,854 - __main__ - INFO - Epoch 29/30: Loss = 0.0039
2025-06-09 10:20:14,235 - __main__ - INFO - Epoch 30/30: Loss = 0.0039
2025-06-09 10:20:14,708 - __main__ - INFO - ✅ Hybrid-Embeddings gespeichert unter /opt/***/data/processed/hybrid_deep_embedding.csv
2025-06-09 10:20:14,708 - __main__ - INFO - ✅ Hybrid-Embeddings gespeichert unter /opt/***/data/processed/hybrid_deep_embedding.csv
2025-06-09 10:20:14,725 - __main__ - INFO - ✅ Deep KNN Modell gespeichert unter /opt/***/models/hybrid_deep_knn.pkl
2025/06/09 10:20:20 INFO mlflow.pyfunc: Validating input example against model signature

Downloading artifacts:   0%|          | 0/1 [00:00<?, ?it/s]
Downloading artifacts: 100%|██████████| 1/1 [00:00<00:00, 51.04it/s]
Downloading artifacts: 100%|██████████| 1/1 [00:00<00:00, 50.45it/s]
Registered model 'hybrid_deep_model' already exists. Creating a new version of this model...
2025/06/09 10:20:32 INFO mlflow.store.model_registry.abstract_store: Waiting up to 300 seconds for model version to finish creation. Model name: hybrid_deep_model, version 100
Created version '100' of model 'hybrid_deep_model'.
2025-06-09 10:20:43,104 - __main__ - INFO - 📝 Tags für Modellversion 100 gesetzt: n_neighbors=10, latent_dim=64, tfidf_features=300, epochs=30
2025-06-09 10:20:45,094 - __main__ - INFO - 🏁 Deep Hybrid-Model Training abgeschlossen und geloggt.

[2025-06-09T10:20:46.436+0000] {python.py:201} INFO - Done. Returned value was: None
[2025-06-09T10:20:46.445+0000] {taskinstance.py:1138} INFO - Marking task as SUCCESS. dag_id=deep_models_pipeline, task_id=train_deep_hybrid_model, execution_date=20250609T101933, start_date=20250609T101941, end_date=20250609T102046
[2025-06-09T10:20:46.481+0000] {local_task_job_runner.py:234} INFO - Task exited with return code 0
[2025-06-09T10:20:46.502+0000] {taskinstance.py:3280} INFO - 1 downstream tasks scheduled from follow-on schedule check
