[2025-06-07T02:19:52.041+0000] {taskinstance.py:1956} INFO - Dependencies all met for dep_context=non-requeueable deps ti=<TaskInstance: deep_models_pipeline.predict_best_model manual__2025-06-07T02:18:25.771143+00:00 [queued]>
[2025-06-07T02:19:52.046+0000] {taskinstance.py:1956} INFO - Dependencies all met for dep_context=requeueable deps ti=<TaskInstance: deep_models_pipeline.predict_best_model manual__2025-06-07T02:18:25.771143+00:00 [queued]>
[2025-06-07T02:19:52.047+0000] {taskinstance.py:2170} INFO - Starting attempt 1 of 3
[2025-06-07T02:19:52.056+0000] {taskinstance.py:2191} INFO - Executing <Task(PythonOperator): predict_best_model> on 2025-06-07 02:18:25.771143+00:00
[2025-06-07T02:19:52.062+0000] {standard_task_runner.py:60} INFO - Started process 599 to run task
[2025-06-07T02:19:52.064+0000] {standard_task_runner.py:87} INFO - Running: ['***', 'tasks', 'run', 'deep_models_pipeline', 'predict_best_model', 'manual__2025-06-07T02:18:25.771143+00:00', '--job-id', '2363', '--raw', '--subdir', 'DAGS_FOLDER/train_deep_model_dag.py', '--cfg-path', '/tmp/tmp61eh2wx4']
[2025-06-07T02:19:52.065+0000] {standard_task_runner.py:88} INFO - Job 2363: Subtask predict_best_model
[2025-06-07T02:19:52.097+0000] {task_command.py:423} INFO - Running <TaskInstance: deep_models_pipeline.predict_best_model manual__2025-06-07T02:18:25.771143+00:00 [running]> on host f35df45b7adf
[2025-06-07T02:19:52.149+0000] {taskinstance.py:2480} INFO - Exporting env vars: AIRFLOW_CTX_DAG_OWNER='***' AIRFLOW_CTX_DAG_ID='deep_models_pipeline' AIRFLOW_CTX_TASK_ID='predict_best_model' AIRFLOW_CTX_EXECUTION_DATE='2025-06-07T02:18:25.771143+00:00' AIRFLOW_CTX_TRY_NUMBER='1' AIRFLOW_CTX_DAG_RUN_ID='manual__2025-06-07T02:18:25.771143+00:00'
[2025-06-07T02:19:52.150+0000] {train_deep_model_dag.py:13} INFO - 🟦 Running command: python /opt/***/src/models/predict_best_model.py
[2025-06-07T02:20:08.450+0000] {train_deep_model_dag.py:20} INFO - 🟩 [stdout]:
🏃 View run predict_best_model_hybrid_deep at: https://dagshub.com/sacer11/MLOps_movie_rec_apr25.mlflow/#/experiments/11/runs/420069e0de944b6aac37d1752771e65d
🧪 View experiment at: https://dagshub.com/sacer11/MLOps_movie_rec_apr25.mlflow/#/experiments/11

[2025-06-07T02:20:08.451+0000] {train_deep_model_dag.py:22} WARNING - 🟨 [stderr]:
2025-06-07 02:19:53,885 - INFO - 🚀 Starte Prediction für hybrid_deep_model über MLflow Registry
2025-06-07 02:19:53,885 - INFO - 📦 Lade Modell: models:/hybrid_deep_model@best_model

Downloading artifacts:   0%|          | 0/8 [00:00<?, ?it/s]
Downloading artifacts:  12%|█▎        | 1/8 [00:00<00:00, 13706.88it/s]
Downloading artifacts:  25%|██▌       | 2/8 [00:00<00:00,  9.27it/s]   
Downloading artifacts:  25%|██▌       | 2/8 [00:00<00:00,  9.27it/s]
Downloading artifacts:  38%|███▊      | 3/8 [00:00<00:00,  9.27it/s]
Downloading artifacts:  50%|█████     | 4/8 [00:00<00:00,  9.27it/s]
Downloading artifacts:  62%|██████▎   | 5/8 [00:00<00:00, 14.23it/s]
Downloading artifacts:  62%|██████▎   | 5/8 [00:00<00:00, 14.23it/s]
Downloading artifacts:  75%|███████▌  | 6/8 [00:00<00:00, 14.23it/s]
Downloading artifacts:  88%|████████▊ | 7/8 [00:01<00:00,  4.14it/s]
Downloading artifacts:  88%|████████▊ | 7/8 [00:01<00:00,  4.14it/s]
Downloading artifacts: 100%|██████████| 8/8 [00:03<00:00,  1.79it/s]
Downloading artifacts: 100%|██████████| 8/8 [00:03<00:00,  1.79it/s]
Downloading artifacts: 100%|██████████| 8/8 [00:03<00:00,  2.60it/s]
2025-06-07 02:19:59,558 - INFO - 📥 Embedding geladen: /opt/***/data/processed/hybrid_deep_embedding.csv – Shape: (10381, 32)
2025-06-07 02:19:59,666 - INFO - 💾 Vorhersagen gespeichert unter: /opt/***/data/processed/predictions_hybrid_deep_model.csv
2025-06-07 02:20:07,891 - INFO - ✅ Predictions erfolgreich in MLflow geloggt

[2025-06-07T02:20:08.451+0000] {python.py:201} INFO - Done. Returned value was: None
[2025-06-07T02:20:08.461+0000] {taskinstance.py:1138} INFO - Marking task as SUCCESS. dag_id=deep_models_pipeline, task_id=predict_best_model, execution_date=20250607T021825, start_date=20250607T021952, end_date=20250607T022008
[2025-06-07T02:20:08.512+0000] {local_task_job_runner.py:234} INFO - Task exited with return code 0
[2025-06-07T02:20:08.527+0000] {taskinstance.py:3280} INFO - 0 downstream tasks scheduled from follow-on schedule check
