[2025-06-08T20:32:45.785+0000] {taskinstance.py:1956} INFO - Dependencies all met for dep_context=non-requeueable deps ti=<TaskInstance: deep_models_pipeline.train_deep_hybrid_model manual__2025-06-08T20:32:41.204065+00:00 [queued]>
[2025-06-08T20:32:45.791+0000] {taskinstance.py:1956} INFO - Dependencies all met for dep_context=requeueable deps ti=<TaskInstance: deep_models_pipeline.train_deep_hybrid_model manual__2025-06-08T20:32:41.204065+00:00 [queued]>
[2025-06-08T20:32:45.791+0000] {taskinstance.py:2170} INFO - Starting attempt 1 of 3
[2025-06-08T20:32:45.801+0000] {taskinstance.py:2191} INFO - Executing <Task(PythonOperator): train_deep_hybrid_model> on 2025-06-08 20:32:41.204065+00:00
[2025-06-08T20:32:45.807+0000] {standard_task_runner.py:60} INFO - Started process 878 to run task
[2025-06-08T20:32:45.809+0000] {standard_task_runner.py:87} INFO - Running: ['***', 'tasks', 'run', 'deep_models_pipeline', 'train_deep_hybrid_model', 'manual__2025-06-08T20:32:41.204065+00:00', '--job-id', '3409', '--raw', '--subdir', 'DAGS_FOLDER/train_deep_model_dag.py', '--cfg-path', '/tmp/tmpnjtfa3a4']
[2025-06-08T20:32:45.810+0000] {standard_task_runner.py:88} INFO - Job 3409: Subtask train_deep_hybrid_model
[2025-06-08T20:32:45.848+0000] {task_command.py:423} INFO - Running <TaskInstance: deep_models_pipeline.train_deep_hybrid_model manual__2025-06-08T20:32:41.204065+00:00 [running]> on host 6b572a9ca403
[2025-06-08T20:32:45.907+0000] {taskinstance.py:2480} INFO - Exporting env vars: AIRFLOW_CTX_DAG_OWNER='***' AIRFLOW_CTX_DAG_ID='deep_models_pipeline' AIRFLOW_CTX_TASK_ID='train_deep_hybrid_model' AIRFLOW_CTX_EXECUTION_DATE='2025-06-08T20:32:41.204065+00:00' AIRFLOW_CTX_TRY_NUMBER='1' AIRFLOW_CTX_DAG_RUN_ID='manual__2025-06-08T20:32:41.204065+00:00'
[2025-06-08T20:32:45.908+0000] {train_deep_model_dag.py:13} INFO - 🟦 Running command: python /opt/***/src/models/train_hybrid_deep_model.py --n_neighbors=50 --latent_dim=32 --epochs=75 --tfidf_features=1982
[2025-06-08T20:34:17.107+0000] {train_deep_model_dag.py:20} INFO - 🟩 [stdout]:
🏃 View run train_hybrid_deep_model at: https://dagshub.com/sacer11/MLOps_movie_rec_apr25.mlflow/#/experiments/10/runs/05fd7cadca484eae9cda4adf84a5a354
🧪 View experiment at: https://dagshub.com/sacer11/MLOps_movie_rec_apr25.mlflow/#/experiments/10

[2025-06-08T20:34:17.109+0000] {train_deep_model_dag.py:22} WARNING - 🟨 [stderr]:
2025-06-08 20:32:49,684 - __main__ - INFO - 📥 Lade Rohdaten und baue Hybrid-Feature-Matrix ...
2025-06-08 20:32:54,719 - __main__ - INFO - 📐 Hybrid-Matrix erstellt mit Shape: (10381, 3111), Feature-Namen: 3111
2025-06-08 20:33:09,276 - __main__ - INFO - 💾 Hybrid-Matrix gespeichert unter /opt/***/data/processed/hybrid_matrix.csv
2025-06-08 20:33:09,472 - __main__ - INFO - 🚀 Starte Training Autoencoder ...
2025-06-08 20:33:10,562 - __main__ - INFO - Epoch 1/75: Loss = 0.0064
2025-06-08 20:33:11,071 - __main__ - INFO - Epoch 2/75: Loss = 0.0040
2025-06-08 20:33:11,501 - __main__ - INFO - Epoch 3/75: Loss = 0.0034
2025-06-08 20:33:11,945 - __main__ - INFO - Epoch 4/75: Loss = 0.0031
2025-06-08 20:33:12,388 - __main__ - INFO - Epoch 5/75: Loss = 0.0030
2025-06-08 20:33:12,834 - __main__ - INFO - Epoch 6/75: Loss = 0.0029
2025-06-08 20:33:13,315 - __main__ - INFO - Epoch 7/75: Loss = 0.0028
2025-06-08 20:33:13,775 - __main__ - INFO - Epoch 8/75: Loss = 0.0027
2025-06-08 20:33:14,261 - __main__ - INFO - Epoch 9/75: Loss = 0.0027
2025-06-08 20:33:14,686 - __main__ - INFO - Epoch 10/75: Loss = 0.0026
2025-06-08 20:33:15,118 - __main__ - INFO - Epoch 11/75: Loss = 0.0026
2025-06-08 20:33:15,570 - __main__ - INFO - Epoch 12/75: Loss = 0.0026
2025-06-08 20:33:16,037 - __main__ - INFO - Epoch 13/75: Loss = 0.0025
2025-06-08 20:33:16,490 - __main__ - INFO - Epoch 14/75: Loss = 0.0025
2025-06-08 20:33:16,951 - __main__ - INFO - Epoch 15/75: Loss = 0.0025
2025-06-08 20:33:17,428 - __main__ - INFO - Epoch 16/75: Loss = 0.0025
2025-06-08 20:33:17,970 - __main__ - INFO - Epoch 17/75: Loss = 0.0025
2025-06-08 20:33:18,520 - __main__ - INFO - Epoch 18/75: Loss = 0.0024
2025-06-08 20:33:19,019 - __main__ - INFO - Epoch 19/75: Loss = 0.0024
2025-06-08 20:33:19,471 - __main__ - INFO - Epoch 20/75: Loss = 0.0024
2025-06-08 20:33:19,935 - __main__ - INFO - Epoch 21/75: Loss = 0.0024
2025-06-08 20:33:20,378 - __main__ - INFO - Epoch 22/75: Loss = 0.0024
2025-06-08 20:33:20,800 - __main__ - INFO - Epoch 23/75: Loss = 0.0024
2025-06-08 20:33:21,252 - __main__ - INFO - Epoch 24/75: Loss = 0.0024
2025-06-08 20:33:21,726 - __main__ - INFO - Epoch 25/75: Loss = 0.0024
2025-06-08 20:33:22,289 - __main__ - INFO - Epoch 26/75: Loss = 0.0024
2025-06-08 20:33:22,851 - __main__ - INFO - Epoch 27/75: Loss = 0.0024
2025-06-08 20:33:23,350 - __main__ - INFO - Epoch 28/75: Loss = 0.0023
2025-06-08 20:33:23,800 - __main__ - INFO - Epoch 29/75: Loss = 0.0023
2025-06-08 20:33:24,297 - __main__ - INFO - Epoch 30/75: Loss = 0.0023
2025-06-08 20:33:24,767 - __main__ - INFO - Epoch 31/75: Loss = 0.0023
2025-06-08 20:33:25,247 - __main__ - INFO - Epoch 32/75: Loss = 0.0023
2025-06-08 20:33:25,683 - __main__ - INFO - Epoch 33/75: Loss = 0.0023
2025-06-08 20:33:26,162 - __main__ - INFO - Epoch 34/75: Loss = 0.0023
2025-06-08 20:33:26,635 - __main__ - INFO - Epoch 35/75: Loss = 0.0023
2025-06-08 20:33:27,152 - __main__ - INFO - Epoch 36/75: Loss = 0.0023
2025-06-08 20:33:27,694 - __main__ - INFO - Epoch 37/75: Loss = 0.0023
2025-06-08 20:33:28,134 - __main__ - INFO - Epoch 38/75: Loss = 0.0023
2025-06-08 20:33:28,573 - __main__ - INFO - Epoch 39/75: Loss = 0.0023
2025-06-08 20:33:28,983 - __main__ - INFO - Epoch 40/75: Loss = 0.0023
2025-06-08 20:33:29,443 - __main__ - INFO - Epoch 41/75: Loss = 0.0023
2025-06-08 20:33:29,889 - __main__ - INFO - Epoch 42/75: Loss = 0.0023
2025-06-08 20:33:30,352 - __main__ - INFO - Epoch 43/75: Loss = 0.0023
2025-06-08 20:33:30,823 - __main__ - INFO - Epoch 44/75: Loss = 0.0023
2025-06-08 20:33:31,369 - __main__ - INFO - Epoch 45/75: Loss = 0.0023
2025-06-08 20:33:31,887 - __main__ - INFO - Epoch 46/75: Loss = 0.0022
2025-06-08 20:33:32,344 - __main__ - INFO - Epoch 47/75: Loss = 0.0022
2025-06-08 20:33:32,769 - __main__ - INFO - Epoch 48/75: Loss = 0.0023
2025-06-08 20:33:33,228 - __main__ - INFO - Epoch 49/75: Loss = 0.0022
2025-06-08 20:33:33,659 - __main__ - INFO - Epoch 50/75: Loss = 0.0022
2025-06-08 20:33:34,114 - __main__ - INFO - Epoch 51/75: Loss = 0.0022
2025-06-08 20:33:34,559 - __main__ - INFO - Epoch 52/75: Loss = 0.0022
2025-06-08 20:33:35,029 - __main__ - INFO - Epoch 53/75: Loss = 0.0022
2025-06-08 20:33:35,540 - __main__ - INFO - Epoch 54/75: Loss = 0.0022
2025-06-08 20:33:36,073 - __main__ - INFO - Epoch 55/75: Loss = 0.0022
2025-06-08 20:33:36,570 - __main__ - INFO - Epoch 56/75: Loss = 0.0022
2025-06-08 20:33:37,012 - __main__ - INFO - Epoch 57/75: Loss = 0.0022
2025-06-08 20:33:37,469 - __main__ - INFO - Epoch 58/75: Loss = 0.0022
2025-06-08 20:33:37,947 - __main__ - INFO - Epoch 59/75: Loss = 0.0022
2025-06-08 20:33:38,415 - __main__ - INFO - Epoch 60/75: Loss = 0.0022
2025-06-08 20:33:38,839 - __main__ - INFO - Epoch 61/75: Loss = 0.0022
2025-06-08 20:33:39,305 - __main__ - INFO - Epoch 62/75: Loss = 0.0022
2025-06-08 20:33:39,784 - __main__ - INFO - Epoch 63/75: Loss = 0.0022
2025-06-08 20:33:40,306 - __main__ - INFO - Epoch 64/75: Loss = 0.0022
2025-06-08 20:33:40,834 - __main__ - INFO - Epoch 65/75: Loss = 0.0022
2025-06-08 20:33:41,297 - __main__ - INFO - Epoch 66/75: Loss = 0.0022
2025-06-08 20:33:41,753 - __main__ - INFO - Epoch 67/75: Loss = 0.0022
2025-06-08 20:33:42,231 - __main__ - INFO - Epoch 68/75: Loss = 0.0022
2025-06-08 20:33:42,680 - __main__ - INFO - Epoch 69/75: Loss = 0.0022
2025-06-08 20:33:43,149 - __main__ - INFO - Epoch 70/75: Loss = 0.0022
2025-06-08 20:33:43,599 - __main__ - INFO - Epoch 71/75: Loss = 0.0022
2025-06-08 20:33:44,063 - __main__ - INFO - Epoch 72/75: Loss = 0.0022
2025-06-08 20:33:44,523 - __main__ - INFO - Epoch 73/75: Loss = 0.0022
2025-06-08 20:33:45,042 - __main__ - INFO - Epoch 74/75: Loss = 0.0022
2025-06-08 20:33:45,551 - __main__ - INFO - Epoch 75/75: Loss = 0.0022
2025-06-08 20:33:45,789 - __main__ - INFO - ✅ Hybrid-Embeddings gespeichert unter /opt/***/data/processed/hybrid_deep_embedding.csv
2025-06-08 20:33:45,789 - __main__ - INFO - ✅ Hybrid-Embeddings gespeichert unter /opt/***/data/processed/hybrid_deep_embedding.csv
2025-06-08 20:33:45,799 - __main__ - INFO - ✅ Deep KNN Modell gespeichert unter /opt/***/models/hybrid_deep_knn.pkl
2025/06/08 20:33:50 INFO mlflow.pyfunc: Validating input example against model signature

Downloading artifacts:   0%|          | 0/1 [00:00<?, ?it/s]
Downloading artifacts: 100%|██████████| 1/1 [00:00<00:00, 73.25it/s]
Downloading artifacts: 100%|██████████| 1/1 [00:00<00:00, 71.58it/s]
Registered model 'hybrid_deep_model' already exists. Creating a new version of this model...
2025/06/08 20:34:01 INFO mlflow.store.model_registry.abstract_store: Waiting up to 300 seconds for model version to finish creation. Model name: hybrid_deep_model, version 42
Created version '42' of model 'hybrid_deep_model'.
2025-06-08 20:34:14,099 - __main__ - INFO - 📝 Tags für Modellversion 42 gesetzt: n_neighbors=50, latent_dim=32, tfidf_features=1982, epochs=75
2025-06-08 20:34:16,098 - __main__ - INFO - 🏁 Deep Hybrid-Model Training abgeschlossen und geloggt.

[2025-06-08T20:34:17.110+0000] {python.py:201} INFO - Done. Returned value was: None
[2025-06-08T20:34:17.123+0000] {taskinstance.py:1138} INFO - Marking task as SUCCESS. dag_id=deep_models_pipeline, task_id=train_deep_hybrid_model, execution_date=20250608T203241, start_date=20250608T203245, end_date=20250608T203417
[2025-06-08T20:34:17.172+0000] {local_task_job_runner.py:234} INFO - Task exited with return code 0
[2025-06-08T20:34:17.201+0000] {taskinstance.py:3280} INFO - 1 downstream tasks scheduled from follow-on schedule check
