[2025-06-02T07:55:31.347+0000] {taskinstance.py:1956} INFO - Dependencies all met for dep_context=non-requeueable deps ti=<TaskInstance: movie_recommendation_pipeline.train_user_model manual__2025-06-02T07:43:05.592633+00:00 [queued]>
[2025-06-02T07:55:31.356+0000] {taskinstance.py:1956} INFO - Dependencies all met for dep_context=requeueable deps ti=<TaskInstance: movie_recommendation_pipeline.train_user_model manual__2025-06-02T07:43:05.592633+00:00 [queued]>
[2025-06-02T07:55:31.357+0000] {taskinstance.py:2170} INFO - Starting attempt 2 of 3
[2025-06-02T07:55:31.370+0000] {taskinstance.py:2191} INFO - Executing <Task(PythonOperator): train_user_model> on 2025-06-02 07:43:05.592633+00:00
[2025-06-02T07:55:31.378+0000] {standard_task_runner.py:60} INFO - Started process 265 to run task
[2025-06-02T07:55:31.380+0000] {standard_task_runner.py:87} INFO - Running: ['***', 'tasks', 'run', 'movie_recommendation_pipeline', 'train_user_model', 'manual__2025-06-02T07:43:05.592633+00:00', '--job-id', '1582', '--raw', '--subdir', 'DAGS_FOLDER/mlops_movie_dag.py', '--cfg-path', '/tmp/tmpkx4yw3if']
[2025-06-02T07:55:31.382+0000] {standard_task_runner.py:88} INFO - Job 1582: Subtask train_user_model
[2025-06-02T07:55:31.423+0000] {task_command.py:423} INFO - Running <TaskInstance: movie_recommendation_pipeline.train_user_model manual__2025-06-02T07:43:05.592633+00:00 [running]> on host db2b0a85f52a
[2025-06-02T07:55:31.490+0000] {taskinstance.py:2480} INFO - Exporting env vars: AIRFLOW_CTX_DAG_OWNER='***' AIRFLOW_CTX_DAG_ID='movie_recommendation_pipeline' AIRFLOW_CTX_TASK_ID='train_user_model' AIRFLOW_CTX_EXECUTION_DATE='2025-06-02T07:43:05.592633+00:00' AIRFLOW_CTX_TRY_NUMBER='2' AIRFLOW_CTX_DAG_RUN_ID='manual__2025-06-02T07:43:05.592633+00:00'
[2025-06-02T07:55:31.492+0000] {mlops_movie_dag.py:12} INFO - 🟦 Running command: python /opt/***/src/models/train_user_model.py
[2025-06-02T07:55:41.346+0000] {mlops_movie_dag.py:19} INFO - 🟩 [stdout]:
🚀 Starte Training des user_model
📥 Lade Bewertungen und Movie-Embeddings

[2025-06-02T07:55:41.347+0000] {mlops_movie_dag.py:21} WARNING - 🟨 [stderr]:
Traceback (most recent call last):
  File "/opt/***/src/models/train_user_model.py", line 109, in <module>
    train_user_model()
  File "/opt/***/src/models/train_user_model.py", line 50, in train_user_model
    movie_embeddings = pd.read_csv(matrix_path, index_col=0)
  File "/home/***/.local/lib/python3.10/site-packages/pandas/util/_decorators.py", line 211, in wrapper
    return func(*args, **kwargs)
  File "/home/***/.local/lib/python3.10/site-packages/pandas/util/_decorators.py", line 331, in wrapper
    return func(*args, **kwargs)
  File "/home/***/.local/lib/python3.10/site-packages/pandas/io/parsers/readers.py", line 950, in read_csv
    return _read(filepath_or_buffer, kwds)
  File "/home/***/.local/lib/python3.10/site-packages/pandas/io/parsers/readers.py", line 605, in _read
    parser = TextFileReader(filepath_or_buffer, **kwds)
  File "/home/***/.local/lib/python3.10/site-packages/pandas/io/parsers/readers.py", line 1442, in __init__
    self._engine = self._make_engine(f, self.engine)
  File "/home/***/.local/lib/python3.10/site-packages/pandas/io/parsers/readers.py", line 1735, in _make_engine
    self.handles = get_handle(
  File "/home/***/.local/lib/python3.10/site-packages/pandas/io/common.py", line 856, in get_handle
    handle = open(
FileNotFoundError: [Errno 2] No such file or directory: '/opt/***/data/processed/movie_matrix.csv'

[2025-06-02T07:55:41.348+0000] {mlops_movie_dag.py:28} ERROR - ❌ Subprozess-Fehler (exit code 1): python /opt/***/src/models/train_user_model.py
[2025-06-02T07:55:41.348+0000] {mlops_movie_dag.py:31} ERROR - ❌ Subprozess-Ausnahme: Command '['python', '/opt/***/src/models/train_user_model.py']' returned non-zero exit status 1.
[2025-06-02T07:55:41.349+0000] {taskinstance.py:2698} ERROR - Task failed with exception
Traceback (most recent call last):
  File "/home/airflow/.local/lib/python3.10/site-packages/airflow/models/taskinstance.py", line 433, in _execute_task
    result = execute_callable(context=context, **execute_callable_kwargs)
  File "/home/airflow/.local/lib/python3.10/site-packages/airflow/operators/python.py", line 199, in execute
    return_value = self.execute_callable()
  File "/home/airflow/.local/lib/python3.10/site-packages/airflow/operators/python.py", line 216, in execute_callable
    return self.python_callable(*self.op_args, **self.op_kwargs)
  File "/opt/airflow/dags/mlops_movie_dag.py", line 136, in run_train_user_model
    run_and_log(["python", "/opt/airflow/src/models/train_user_model.py"])
  File "/opt/airflow/dags/mlops_movie_dag.py", line 29, in run_and_log
    raise subprocess.CalledProcessError(result.returncode, command)
subprocess.CalledProcessError: Command '['python', '/opt/airflow/src/models/train_user_model.py']' returned non-zero exit status 1.
[2025-06-02T07:55:41.359+0000] {taskinstance.py:1138} INFO - Marking task as UP_FOR_RETRY. dag_id=movie_recommendation_pipeline, task_id=train_user_model, execution_date=20250602T074305, start_date=20250602T075531, end_date=20250602T075541
[2025-06-02T07:55:41.368+0000] {standard_task_runner.py:107} ERROR - Failed to execute job 1582 for task train_user_model (Command '['python', '/opt/airflow/src/models/train_user_model.py']' returned non-zero exit status 1.; 265)
[2025-06-02T07:55:41.381+0000] {local_task_job_runner.py:234} INFO - Task exited with return code 1
[2025-06-02T07:55:41.398+0000] {taskinstance.py:3280} INFO - 0 downstream tasks scheduled from follow-on schedule check
