[2025-06-07T20:15:23.557+0000] {taskinstance.py:1956} INFO - Dependencies all met for dep_context=non-requeueable deps ti=<TaskInstance: deep_models_pipeline.train_deep_hybrid_model manual__2025-06-07T20:15:22.457580+00:00 [queued]>
[2025-06-07T20:15:23.564+0000] {taskinstance.py:1956} INFO - Dependencies all met for dep_context=requeueable deps ti=<TaskInstance: deep_models_pipeline.train_deep_hybrid_model manual__2025-06-07T20:15:22.457580+00:00 [queued]>
[2025-06-07T20:15:23.565+0000] {taskinstance.py:2170} INFO - Starting attempt 1 of 3
[2025-06-07T20:15:23.576+0000] {taskinstance.py:2191} INFO - Executing <Task(PythonOperator): train_deep_hybrid_model> on 2025-06-07 20:15:22.457580+00:00
[2025-06-07T20:15:23.582+0000] {standard_task_runner.py:60} INFO - Started process 278 to run task
[2025-06-07T20:15:23.585+0000] {standard_task_runner.py:87} INFO - Running: ['***', 'tasks', 'run', 'deep_models_pipeline', 'train_deep_hybrid_model', 'manual__2025-06-07T20:15:22.457580+00:00', '--job-id', '2590', '--raw', '--subdir', 'DAGS_FOLDER/train_deep_model_dag.py', '--cfg-path', '/tmp/tmpj4vop1c3']
[2025-06-07T20:15:23.587+0000] {standard_task_runner.py:88} INFO - Job 2590: Subtask train_deep_hybrid_model
[2025-06-07T20:15:23.629+0000] {task_command.py:423} INFO - Running <TaskInstance: deep_models_pipeline.train_deep_hybrid_model manual__2025-06-07T20:15:22.457580+00:00 [running]> on host 78208c00c095
[2025-06-07T20:15:23.705+0000] {taskinstance.py:2480} INFO - Exporting env vars: AIRFLOW_CTX_DAG_OWNER='***' AIRFLOW_CTX_DAG_ID='deep_models_pipeline' AIRFLOW_CTX_TASK_ID='train_deep_hybrid_model' AIRFLOW_CTX_EXECUTION_DATE='2025-06-07T20:15:22.457580+00:00' AIRFLOW_CTX_TRY_NUMBER='1' AIRFLOW_CTX_DAG_RUN_ID='manual__2025-06-07T20:15:22.457580+00:00'
[2025-06-07T20:15:23.706+0000] {train_deep_model_dag.py:13} INFO - 🟦 Running command: python /opt/***/src/models/train_hybrid_deep_model.py --n_neighbors=40 --latent_dim=32 --epochs=85 --tfidf_features=1761
[2025-06-07T20:17:22.466+0000] {train_deep_model_dag.py:20} INFO - 🟩 [stdout]:
🏃 View run train_hybrid_deep_model at: https://dagshub.com/sacer11/MLOps_movie_rec_apr25.mlflow/#/experiments/10/runs/d1c25d5abefd4f379f15c4c94d6d1640
🧪 View experiment at: https://dagshub.com/sacer11/MLOps_movie_rec_apr25.mlflow/#/experiments/10

[2025-06-07T20:17:22.467+0000] {train_deep_model_dag.py:22} WARNING - 🟨 [stderr]:
2025-06-07 20:15:28,187 - __main__ - INFO - 📥 Lade Rohdaten und baue Hybrid-Feature-Matrix ...
2025-06-07 20:15:33,533 - __main__ - INFO - 📐 Hybrid-Matrix erstellt mit Shape: (10381, 2890), Feature-Namen: 2890
2025-06-07 20:15:53,527 - __main__ - INFO - 💾 Hybrid-Matrix gespeichert unter /opt/***/data/processed/hybrid_matrix.csv
2025-06-07 20:15:53,704 - __main__ - INFO - 🚀 Starte Training Autoencoder ...
2025-06-07 20:15:55,622 - __main__ - INFO - Epoch 1/85: Loss = 0.0068
2025-06-07 20:15:56,133 - __main__ - INFO - Epoch 2/85: Loss = 0.0041
2025-06-07 20:15:56,830 - __main__ - INFO - Epoch 3/85: Loss = 0.0035
2025-06-07 20:15:57,527 - __main__ - INFO - Epoch 4/85: Loss = 0.0033
2025-06-07 20:15:58,275 - __main__ - INFO - Epoch 5/85: Loss = 0.0031
2025-06-07 20:15:58,904 - __main__ - INFO - Epoch 6/85: Loss = 0.0030
2025-06-07 20:15:59,535 - __main__ - INFO - Epoch 7/85: Loss = 0.0029
2025-06-07 20:16:00,163 - __main__ - INFO - Epoch 8/85: Loss = 0.0029
2025-06-07 20:16:00,767 - __main__ - INFO - Epoch 9/85: Loss = 0.0028
2025-06-07 20:16:01,219 - __main__ - INFO - Epoch 10/85: Loss = 0.0028
2025-06-07 20:16:01,672 - __main__ - INFO - Epoch 11/85: Loss = 0.0027
2025-06-07 20:16:02,131 - __main__ - INFO - Epoch 12/85: Loss = 0.0027
2025-06-07 20:16:02,592 - __main__ - INFO - Epoch 13/85: Loss = 0.0027
2025-06-07 20:16:03,045 - __main__ - INFO - Epoch 14/85: Loss = 0.0027
2025-06-07 20:16:03,548 - __main__ - INFO - Epoch 15/85: Loss = 0.0026
2025-06-07 20:16:03,975 - __main__ - INFO - Epoch 16/85: Loss = 0.0026
2025-06-07 20:16:04,453 - __main__ - INFO - Epoch 17/85: Loss = 0.0026
2025-06-07 20:16:04,905 - __main__ - INFO - Epoch 18/85: Loss = 0.0026
2025-06-07 20:16:05,337 - __main__ - INFO - Epoch 19/85: Loss = 0.0026
2025-06-07 20:16:05,769 - __main__ - INFO - Epoch 20/85: Loss = 0.0026
2025-06-07 20:16:06,213 - __main__ - INFO - Epoch 21/85: Loss = 0.0026
2025-06-07 20:16:06,677 - __main__ - INFO - Epoch 22/85: Loss = 0.0026
2025-06-07 20:16:07,149 - __main__ - INFO - Epoch 23/85: Loss = 0.0025
2025-06-07 20:16:07,621 - __main__ - INFO - Epoch 24/85: Loss = 0.0025
2025-06-07 20:16:08,064 - __main__ - INFO - Epoch 25/85: Loss = 0.0025
2025-06-07 20:16:08,492 - __main__ - INFO - Epoch 26/85: Loss = 0.0025
2025-06-07 20:16:08,903 - __main__ - INFO - Epoch 27/85: Loss = 0.0025
2025-06-07 20:16:09,362 - __main__ - INFO - Epoch 28/85: Loss = 0.0025
2025-06-07 20:16:09,824 - __main__ - INFO - Epoch 29/85: Loss = 0.0025
2025-06-07 20:16:10,264 - __main__ - INFO - Epoch 30/85: Loss = 0.0025
2025-06-07 20:16:10,712 - __main__ - INFO - Epoch 31/85: Loss = 0.0025
2025-06-07 20:16:11,136 - __main__ - INFO - Epoch 32/85: Loss = 0.0025
2025-06-07 20:16:11,564 - __main__ - INFO - Epoch 33/85: Loss = 0.0025
2025-06-07 20:16:11,985 - __main__ - INFO - Epoch 34/85: Loss = 0.0025
2025-06-07 20:16:12,396 - __main__ - INFO - Epoch 35/85: Loss = 0.0025
2025-06-07 20:16:12,829 - __main__ - INFO - Epoch 36/85: Loss = 0.0024
2025-06-07 20:16:13,270 - __main__ - INFO - Epoch 37/85: Loss = 0.0024
2025-06-07 20:16:13,705 - __main__ - INFO - Epoch 38/85: Loss = 0.0024
2025-06-07 20:16:14,152 - __main__ - INFO - Epoch 39/85: Loss = 0.0024
2025-06-07 20:16:14,601 - __main__ - INFO - Epoch 40/85: Loss = 0.0024
2025-06-07 20:16:15,040 - __main__ - INFO - Epoch 41/85: Loss = 0.0024
2025-06-07 20:16:15,513 - __main__ - INFO - Epoch 42/85: Loss = 0.0024
2025-06-07 20:16:15,997 - __main__ - INFO - Epoch 43/85: Loss = 0.0024
2025-06-07 20:16:16,469 - __main__ - INFO - Epoch 44/85: Loss = 0.0024
2025-06-07 20:16:16,918 - __main__ - INFO - Epoch 45/85: Loss = 0.0024
2025-06-07 20:16:17,329 - __main__ - INFO - Epoch 46/85: Loss = 0.0024
2025-06-07 20:16:17,779 - __main__ - INFO - Epoch 47/85: Loss = 0.0024
2025-06-07 20:16:18,194 - __main__ - INFO - Epoch 48/85: Loss = 0.0024
2025-06-07 20:16:18,626 - __main__ - INFO - Epoch 49/85: Loss = 0.0024
2025-06-07 20:16:19,055 - __main__ - INFO - Epoch 50/85: Loss = 0.0024
2025-06-07 20:16:19,491 - __main__ - INFO - Epoch 51/85: Loss = 0.0024
2025-06-07 20:16:19,910 - __main__ - INFO - Epoch 52/85: Loss = 0.0024
2025-06-07 20:16:20,342 - __main__ - INFO - Epoch 53/85: Loss = 0.0024
2025-06-07 20:16:20,797 - __main__ - INFO - Epoch 54/85: Loss = 0.0024
2025-06-07 20:16:21,263 - __main__ - INFO - Epoch 55/85: Loss = 0.0024
2025-06-07 20:16:21,721 - __main__ - INFO - Epoch 56/85: Loss = 0.0024
2025-06-07 20:16:22,151 - __main__ - INFO - Epoch 57/85: Loss = 0.0023
2025-06-07 20:16:22,567 - __main__ - INFO - Epoch 58/85: Loss = 0.0023
2025-06-07 20:16:22,982 - __main__ - INFO - Epoch 59/85: Loss = 0.0023
2025-06-07 20:16:23,448 - __main__ - INFO - Epoch 60/85: Loss = 0.0023
2025-06-07 20:16:23,898 - __main__ - INFO - Epoch 61/85: Loss = 0.0023
2025-06-07 20:16:24,352 - __main__ - INFO - Epoch 62/85: Loss = 0.0023
2025-06-07 20:16:24,798 - __main__ - INFO - Epoch 63/85: Loss = 0.0023
2025-06-07 20:16:25,244 - __main__ - INFO - Epoch 64/85: Loss = 0.0023
2025-06-07 20:16:25,682 - __main__ - INFO - Epoch 65/85: Loss = 0.0023
2025-06-07 20:16:26,112 - __main__ - INFO - Epoch 66/85: Loss = 0.0023
2025-06-07 20:16:26,534 - __main__ - INFO - Epoch 67/85: Loss = 0.0023
2025-06-07 20:16:26,982 - __main__ - INFO - Epoch 68/85: Loss = 0.0023
2025-06-07 20:16:27,406 - __main__ - INFO - Epoch 69/85: Loss = 0.0023
2025-06-07 20:16:27,833 - __main__ - INFO - Epoch 70/85: Loss = 0.0023
2025-06-07 20:16:28,279 - __main__ - INFO - Epoch 71/85: Loss = 0.0023
2025-06-07 20:16:28,697 - __main__ - INFO - Epoch 72/85: Loss = 0.0023
2025-06-07 20:16:29,135 - __main__ - INFO - Epoch 73/85: Loss = 0.0023
2025-06-07 20:16:29,569 - __main__ - INFO - Epoch 74/85: Loss = 0.0023
2025-06-07 20:16:30,011 - __main__ - INFO - Epoch 75/85: Loss = 0.0023
2025-06-07 20:16:30,434 - __main__ - INFO - Epoch 76/85: Loss = 0.0023
2025-06-07 20:16:30,864 - __main__ - INFO - Epoch 77/85: Loss = 0.0023
2025-06-07 20:16:31,291 - __main__ - INFO - Epoch 78/85: Loss = 0.0023
2025-06-07 20:16:31,703 - __main__ - INFO - Epoch 79/85: Loss = 0.0023
2025-06-07 20:16:32,116 - __main__ - INFO - Epoch 80/85: Loss = 0.0023
2025-06-07 20:16:32,524 - __main__ - INFO - Epoch 81/85: Loss = 0.0023
2025-06-07 20:16:32,998 - __main__ - INFO - Epoch 82/85: Loss = 0.0023
2025-06-07 20:16:33,430 - __main__ - INFO - Epoch 83/85: Loss = 0.0023
2025-06-07 20:16:33,870 - __main__ - INFO - Epoch 84/85: Loss = 0.0023
2025-06-07 20:16:34,333 - __main__ - INFO - Epoch 85/85: Loss = 0.0023
2025-06-07 20:16:34,601 - __main__ - INFO - ✅ Hybrid-Embeddings gespeichert unter /opt/***/data/processed/hybrid_deep_embedding.csv
2025-06-07 20:16:34,602 - __main__ - INFO - ✅ Hybrid-Embeddings gespeichert unter /opt/***/data/processed/hybrid_deep_embedding.csv
2025-06-07 20:16:34,612 - __main__ - INFO - ✅ Deep KNN Modell gespeichert unter /opt/***/models/hybrid_deep_knn.pkl
2025/06/07 20:16:42 INFO mlflow.pyfunc: Validating input example against model signature

Downloading artifacts:   0%|          | 0/1 [00:00<?, ?it/s]
Downloading artifacts: 100%|██████████| 1/1 [00:00<00:00, 81.90it/s]
Downloading artifacts: 100%|██████████| 1/1 [00:00<00:00, 80.63it/s]
Registered model 'hybrid_deep_model' already exists. Creating a new version of this model...
2025/06/07 20:17:00 INFO mlflow.store.model_registry.abstract_store: Waiting up to 300 seconds for model version to finish creation. Model name: hybrid_deep_model, version 19
Created version '19' of model 'hybrid_deep_model'.
2025-06-07 20:17:17,385 - __main__ - INFO - 📝 Tags für Modellversion 19 gesetzt: n_neighbors=40, latent_dim=32, tfidf_features=1761, epochs=85
2025-06-07 20:17:21,392 - __main__ - INFO - 🏁 Deep Hybrid-Model Training abgeschlossen und geloggt.

[2025-06-07T20:17:22.467+0000] {python.py:201} INFO - Done. Returned value was: None
[2025-06-07T20:17:22.476+0000] {taskinstance.py:1138} INFO - Marking task as SUCCESS. dag_id=deep_models_pipeline, task_id=train_deep_hybrid_model, execution_date=20250607T201522, start_date=20250607T201523, end_date=20250607T201722
[2025-06-07T20:17:22.525+0000] {local_task_job_runner.py:234} INFO - Task exited with return code 0
[2025-06-07T20:17:22.537+0000] {taskinstance.py:3280} INFO - 0 downstream tasks scheduled from follow-on schedule check
