[2025-06-02T02:17:26.764+0000] {taskinstance.py:1956} INFO - Dependencies all met for dep_context=non-requeueable deps ti=<TaskInstance: movie_recommendation_pipeline.dvc_add_and_push_all manual__2025-06-02T02:13:21.167485+00:00 [queued]>
[2025-06-02T02:17:26.774+0000] {taskinstance.py:1956} INFO - Dependencies all met for dep_context=requeueable deps ti=<TaskInstance: movie_recommendation_pipeline.dvc_add_and_push_all manual__2025-06-02T02:13:21.167485+00:00 [queued]>
[2025-06-02T02:17:26.775+0000] {taskinstance.py:2170} INFO - Starting attempt 1 of 3
[2025-06-02T02:17:26.785+0000] {taskinstance.py:2191} INFO - Executing <Task(PythonOperator): dvc_add_and_push_all> on 2025-06-02 02:13:21.167485+00:00
[2025-06-02T02:17:26.792+0000] {standard_task_runner.py:60} INFO - Started process 789 to run task
[2025-06-02T02:17:26.794+0000] {standard_task_runner.py:87} INFO - Running: ['***', 'tasks', 'run', 'movie_recommendation_pipeline', 'dvc_add_and_push_all', 'manual__2025-06-02T02:13:21.167485+00:00', '--job-id', '1404', '--raw', '--subdir', 'DAGS_FOLDER/mlops_movie_dag.py', '--cfg-path', '/tmp/tmpyk2mpjay']
[2025-06-02T02:17:26.795+0000] {standard_task_runner.py:88} INFO - Job 1404: Subtask dvc_add_and_push_all
[2025-06-02T02:17:26.828+0000] {task_command.py:423} INFO - Running <TaskInstance: movie_recommendation_pipeline.dvc_add_and_push_all manual__2025-06-02T02:13:21.167485+00:00 [running]> on host 69f945629b06
[2025-06-02T02:17:26.895+0000] {taskinstance.py:2480} INFO - Exporting env vars: AIRFLOW_CTX_DAG_OWNER='***' AIRFLOW_CTX_DAG_ID='movie_recommendation_pipeline' AIRFLOW_CTX_TASK_ID='dvc_add_and_push_all' AIRFLOW_CTX_EXECUTION_DATE='2025-06-02T02:13:21.167485+00:00' AIRFLOW_CTX_TRY_NUMBER='1' AIRFLOW_CTX_DAG_RUN_ID='manual__2025-06-02T02:13:21.167485+00:00'
[2025-06-02T02:17:26.899+0000] {mlops_movie_dag.py:12} INFO - 游릱 Running command: git config --global --add safe.directory /opt/***
[2025-06-02T02:17:26.907+0000] {mlops_movie_dag.py:18} INFO - 游릴 [stdout]:

[2025-06-02T02:17:26.908+0000] {mlops_movie_dag.py:12} INFO - 游릱 Running command: git config --global user.email ***@mlops.local
[2025-06-02T02:17:26.920+0000] {mlops_movie_dag.py:18} INFO - 游릴 [stdout]:

[2025-06-02T02:17:26.920+0000] {mlops_movie_dag.py:12} INFO - 游릱 Running command: git config --global user.name Airflow
[2025-06-02T02:17:26.932+0000] {mlops_movie_dag.py:18} INFO - 游릴 [stdout]:

[2025-06-02T02:17:26.932+0000] {mlops_movie_dag.py:12} INFO - 游릱 Running command: dvc add /opt/***/models/hybrid_model.pkl
[2025-06-02T02:17:39.670+0000] {mlops_movie_dag.py:18} INFO - 游릴 [stdout]:

To track the changes with git, run:

	git add models/hybrid_model.pkl.dvc

To enable auto staging, run:

	dvc config core.autostage true

[2025-06-02T02:17:39.671+0000] {mlops_movie_dag.py:12} INFO - 游릱 Running command: dvc add /opt/***/data/processed/hybrid_matrix.csv
[2025-06-02T02:17:53.933+0000] {mlops_movie_dag.py:18} INFO - 游릴 [stdout]:

To track the changes with git, run:

	git add data/processed/hybrid_matrix.csv.dvc

To enable auto staging, run:

	dvc config core.autostage true

[2025-06-02T02:17:53.934+0000] {mlops_movie_dag.py:12} INFO - 游릱 Running command: dvc add /opt/***/data/processed/hybrid_matrix_features.txt
[2025-06-02T02:18:02.632+0000] {mlops_movie_dag.py:18} INFO - 游릴 [stdout]:

To track the changes with git, run:

	git add data/processed/hybrid_matrix_features.txt.dvc

To enable auto staging, run:

	dvc config core.autostage true

[2025-06-02T02:18:02.633+0000] {mlops_movie_dag.py:12} INFO - 游릱 Running command: dvc add /opt/***/models/user_model.pkl
[2025-06-02T02:18:11.998+0000] {mlops_movie_dag.py:18} INFO - 游릴 [stdout]:

To track the changes with git, run:

	git add models/user_model.pkl.dvc

To enable auto staging, run:

	dvc config core.autostage true

[2025-06-02T02:18:11.999+0000] {mlops_movie_dag.py:12} INFO - 游릱 Running command: dvc add /opt/***/data/processed/user_matrix.csv
[2025-06-02T02:18:21.548+0000] {mlops_movie_dag.py:18} INFO - 游릴 [stdout]:

To track the changes with git, run:

	git add data/processed/user_matrix.csv.dvc

To enable auto staging, run:

	dvc config core.autostage true

[2025-06-02T02:18:21.549+0000] {mlops_movie_dag.py:12} INFO - 游릱 Running command: dvc add /opt/***/data/processed/user_matrix_features.txt
[2025-06-02T02:18:30.360+0000] {mlops_movie_dag.py:18} INFO - 游릴 [stdout]:

To track the changes with git, run:

	git add data/processed/user_matrix_features.txt.dvc

To enable auto staging, run:

	dvc config core.autostage true

[2025-06-02T02:18:30.361+0000] {mlops_movie_dag.py:12} INFO - 游릱 Running command: git add /opt/***/models/hybrid_model.pkl.dvc /opt/***/data/processed/hybrid_matrix.csv.dvc /opt/***/data/processed/hybrid_matrix_features.txt.dvc /opt/***/models/user_model.pkl.dvc /opt/***/data/processed/user_matrix.csv.dvc /opt/***/data/processed/user_matrix_features.txt.dvc
[2025-06-02T02:18:30.467+0000] {mlops_movie_dag.py:18} INFO - 游릴 [stdout]:

[2025-06-02T02:18:30.468+0000] {mlops_movie_dag.py:12} INFO - 游릱 Running command: git commit -m Automatisches DVC-Tracking (beide Modelle/Matrizen)
[2025-06-02T02:18:30.844+0000] {mlops_movie_dag.py:18} INFO - 游릴 [stdout]:
[master 0bd7ed0] Automatisches DVC-Tracking (beide Modelle/Matrizen)
 4 files changed, 20 insertions(+)
 create mode 100644 data/processed/hybrid_matrix.csv.dvc
 create mode 100644 data/processed/hybrid_matrix_features.txt.dvc
 create mode 100644 data/processed/user_matrix.csv.dvc
 create mode 100644 data/processed/user_matrix_features.txt.dvc

[2025-06-02T02:18:30.845+0000] {mlops_movie_dag.py:12} INFO - 游릱 Running command: dvc push
[2025-06-02T02:19:42.959+0000] {mlops_movie_dag.py:18} INFO - 游릴 [stdout]:
4 files pushed

[2025-06-02T02:19:42.960+0000] {python.py:201} INFO - Done. Returned value was: None
[2025-06-02T02:19:42.969+0000] {taskinstance.py:1138} INFO - Marking task as SUCCESS. dag_id=movie_recommendation_pipeline, task_id=dvc_add_and_push_all, execution_date=20250602T021321, start_date=20250602T021726, end_date=20250602T021942
[2025-06-02T02:19:42.996+0000] {local_task_job_runner.py:234} INFO - Task exited with return code 0
[2025-06-02T02:19:43.016+0000] {taskinstance.py:3280} INFO - 1 downstream tasks scheduled from follow-on schedule check
