[2025-06-07T04:39:46.674+0000] {taskinstance.py:1956} INFO - Dependencies all met for dep_context=non-requeueable deps ti=<TaskInstance: deep_models_pipeline.train_deep_hybrid_model manual__2025-06-07T04:39:41.444784+00:00 [queued]>
[2025-06-07T04:39:46.681+0000] {taskinstance.py:1956} INFO - Dependencies all met for dep_context=requeueable deps ti=<TaskInstance: deep_models_pipeline.train_deep_hybrid_model manual__2025-06-07T04:39:41.444784+00:00 [queued]>
[2025-06-07T04:39:46.682+0000] {taskinstance.py:2170} INFO - Starting attempt 1 of 3
[2025-06-07T04:39:46.694+0000] {taskinstance.py:2191} INFO - Executing <Task(PythonOperator): train_deep_hybrid_model> on 2025-06-07 04:39:41.444784+00:00
[2025-06-07T04:39:46.700+0000] {standard_task_runner.py:60} INFO - Started process 417 to run task
[2025-06-07T04:39:46.702+0000] {standard_task_runner.py:87} INFO - Running: ['***', 'tasks', 'run', 'deep_models_pipeline', 'train_deep_hybrid_model', 'manual__2025-06-07T04:39:41.444784+00:00', '--job-id', '2444', '--raw', '--subdir', 'DAGS_FOLDER/train_deep_model_dag.py', '--cfg-path', '/tmp/tmprlgvtvkr']
[2025-06-07T04:39:46.703+0000] {standard_task_runner.py:88} INFO - Job 2444: Subtask train_deep_hybrid_model
[2025-06-07T04:39:46.741+0000] {task_command.py:423} INFO - Running <TaskInstance: deep_models_pipeline.train_deep_hybrid_model manual__2025-06-07T04:39:41.444784+00:00 [running]> on host c37492a24a03
[2025-06-07T04:39:46.808+0000] {taskinstance.py:2480} INFO - Exporting env vars: AIRFLOW_CTX_DAG_OWNER='***' AIRFLOW_CTX_DAG_ID='deep_models_pipeline' AIRFLOW_CTX_TASK_ID='train_deep_hybrid_model' AIRFLOW_CTX_EXECUTION_DATE='2025-06-07T04:39:41.444784+00:00' AIRFLOW_CTX_TRY_NUMBER='1' AIRFLOW_CTX_DAG_RUN_ID='manual__2025-06-07T04:39:41.444784+00:00'
[2025-06-07T04:39:46.809+0000] {train_deep_model_dag.py:13} INFO - 🟦 Running command: python /opt/***/src/models/train_hybrid_deep_model.py --n_neighbors=15 --latent_dim=40 --epochs=30 --tfidf_features=449
[2025-06-07T04:40:44.463+0000] {train_deep_model_dag.py:20} INFO - 🟩 [stdout]:
🏃 View run train_hybrid_deep_model at: https://dagshub.com/sacer11/MLOps_movie_rec_apr25.mlflow/#/experiments/10/runs/601830c93c404ad9898f2284654b5336
🧪 View experiment at: https://dagshub.com/sacer11/MLOps_movie_rec_apr25.mlflow/#/experiments/10

[2025-06-07T04:40:44.465+0000] {train_deep_model_dag.py:22} WARNING - 🟨 [stderr]:
/home/***/.local/lib/python3.10/site-packages/mlflow/pyfunc/utils/data_validation.py:186: UserWarning: [33mAdd type hints to the `predict` method to enable data validation and automatic signature inference during model logging. Check https://mlflow.org/docs/latest/model/python_model.html#type-hint-usage-in-pythonmodel for more details.[0m
  color_warning(
2025-06-07 04:39:50,342 - __main__ - INFO - 📥 Lade Rohdaten und baue Hybrid-Feature-Matrix ...
2025-06-07 04:39:55,695 - __main__ - INFO - 📐 Hybrid-Matrix erstellt mit Shape: (10381, 1578), Feature-Namen: 1578
2025-06-07 04:40:05,646 - __main__ - INFO - 💾 Hybrid-Matrix gespeichert unter /opt/***/data/processed/hybrid_matrix.csv
2025-06-07 04:40:05,753 - __main__ - INFO - 🚀 Starte Training Autoencoder ...
2025-06-07 04:40:06,660 - __main__ - INFO - Epoch 1/30: Loss = 0.0113
2025-06-07 04:40:06,941 - __main__ - INFO - Epoch 2/30: Loss = 0.0066
2025-06-07 04:40:07,238 - __main__ - INFO - Epoch 3/30: Loss = 0.0056
2025-06-07 04:40:07,554 - __main__ - INFO - Epoch 4/30: Loss = 0.0053
2025-06-07 04:40:07,820 - __main__ - INFO - Epoch 5/30: Loss = 0.0050
2025-06-07 04:40:08,077 - __main__ - INFO - Epoch 6/30: Loss = 0.0048
2025-06-07 04:40:08,352 - __main__ - INFO - Epoch 7/30: Loss = 0.0047
2025-06-07 04:40:08,630 - __main__ - INFO - Epoch 8/30: Loss = 0.0046
2025-06-07 04:40:08,892 - __main__ - INFO - Epoch 9/30: Loss = 0.0045
2025-06-07 04:40:09,198 - __main__ - INFO - Epoch 10/30: Loss = 0.0044
2025-06-07 04:40:09,513 - __main__ - INFO - Epoch 11/30: Loss = 0.0043
2025-06-07 04:40:09,788 - __main__ - INFO - Epoch 12/30: Loss = 0.0043
2025-06-07 04:40:10,063 - __main__ - INFO - Epoch 13/30: Loss = 0.0043
2025-06-07 04:40:10,340 - __main__ - INFO - Epoch 14/30: Loss = 0.0042
2025-06-07 04:40:10,624 - __main__ - INFO - Epoch 15/30: Loss = 0.0042
2025-06-07 04:40:10,905 - __main__ - INFO - Epoch 16/30: Loss = 0.0041
2025-06-07 04:40:11,196 - __main__ - INFO - Epoch 17/30: Loss = 0.0041
2025-06-07 04:40:11,481 - __main__ - INFO - Epoch 18/30: Loss = 0.0041
2025-06-07 04:40:11,752 - __main__ - INFO - Epoch 19/30: Loss = 0.0041
2025-06-07 04:40:12,029 - __main__ - INFO - Epoch 20/30: Loss = 0.0041
2025-06-07 04:40:12,305 - __main__ - INFO - Epoch 21/30: Loss = 0.0041
2025-06-07 04:40:12,592 - __main__ - INFO - Epoch 22/30: Loss = 0.0040
2025-06-07 04:40:12,914 - __main__ - INFO - Epoch 23/30: Loss = 0.0040
2025-06-07 04:40:13,216 - __main__ - INFO - Epoch 24/30: Loss = 0.0040
2025-06-07 04:40:13,511 - __main__ - INFO - Epoch 25/30: Loss = 0.0040
2025-06-07 04:40:13,803 - __main__ - INFO - Epoch 26/30: Loss = 0.0040
2025-06-07 04:40:14,077 - __main__ - INFO - Epoch 27/30: Loss = 0.0040
2025-06-07 04:40:14,351 - __main__ - INFO - Epoch 28/30: Loss = 0.0039
2025-06-07 04:40:14,619 - __main__ - INFO - Epoch 29/30: Loss = 0.0039
2025-06-07 04:40:14,899 - __main__ - INFO - Epoch 30/30: Loss = 0.0039
2025-06-07 04:40:15,177 - __main__ - INFO - ✅ Hybrid-Embeddings gespeichert unter /opt/***/data/processed/hybrid_deep_embedding.csv
2025-06-07 04:40:15,177 - __main__ - INFO - ✅ Hybrid-Embeddings gespeichert unter /opt/***/data/processed/hybrid_deep_embedding.csv
2025-06-07 04:40:15,189 - __main__ - INFO - ✅ Deep KNN Modell gespeichert unter /opt/***/models/hybrid_deep_knn.pkl
2025/06/07 04:40:20 INFO mlflow.pyfunc: Validating input example against model signature

Downloading artifacts:   0%|          | 0/1 [00:00<?, ?it/s]
Downloading artifacts: 100%|██████████| 1/1 [00:00<00:00, 70.50it/s]
Downloading artifacts: 100%|██████████| 1/1 [00:00<00:00, 69.88it/s]
Registered model 'hybrid_deep_model' already exists. Creating a new version of this model...
2025/06/07 04:40:30 INFO mlflow.store.model_registry.abstract_store: Waiting up to 300 seconds for model version to finish creation. Model name: hybrid_deep_model, version 6
Created version '6' of model 'hybrid_deep_model'.
2025-06-07 04:40:41,441 - __main__ - INFO - 📝 Tags für Modellversion 6 gesetzt: n_neighbors=15, latent_dim=40
2025-06-07 04:40:43,438 - __main__ - INFO - 🏁 Deep Hybrid-Model Training abgeschlossen und geloggt.

[2025-06-07T04:40:44.465+0000] {python.py:201} INFO - Done. Returned value was: None
[2025-06-07T04:40:44.477+0000] {taskinstance.py:1138} INFO - Marking task as SUCCESS. dag_id=deep_models_pipeline, task_id=train_deep_hybrid_model, execution_date=20250607T043941, start_date=20250607T043946, end_date=20250607T044044
[2025-06-07T04:40:44.497+0000] {local_task_job_runner.py:234} INFO - Task exited with return code 0
[2025-06-07T04:40:44.521+0000] {taskinstance.py:3280} INFO - 1 downstream tasks scheduled from follow-on schedule check
