[2025-06-08T23:27:42.567+0000] {taskinstance.py:1956} INFO - Dependencies all met for dep_context=non-requeueable deps ti=<TaskInstance: deep_models_pipeline.train_deep_hybrid_model manual__2025-06-08T23:27:37.549830+00:00 [queued]>
[2025-06-08T23:27:42.573+0000] {taskinstance.py:1956} INFO - Dependencies all met for dep_context=requeueable deps ti=<TaskInstance: deep_models_pipeline.train_deep_hybrid_model manual__2025-06-08T23:27:37.549830+00:00 [queued]>
[2025-06-08T23:27:42.573+0000] {taskinstance.py:2170} INFO - Starting attempt 1 of 3
[2025-06-08T23:27:42.581+0000] {taskinstance.py:2191} INFO - Executing <Task(PythonOperator): train_deep_hybrid_model> on 2025-06-08 23:27:37.549830+00:00
[2025-06-08T23:27:42.587+0000] {standard_task_runner.py:60} INFO - Started process 304 to run task
[2025-06-08T23:27:42.589+0000] {standard_task_runner.py:87} INFO - Running: ['***', 'tasks', 'run', 'deep_models_pipeline', 'train_deep_hybrid_model', 'manual__2025-06-08T23:27:37.549830+00:00', '--job-id', '3587', '--raw', '--subdir', 'DAGS_FOLDER/train_deep_model_dag.py', '--cfg-path', '/tmp/tmpj8gbl3zp']
[2025-06-08T23:27:42.590+0000] {standard_task_runner.py:88} INFO - Job 3587: Subtask train_deep_hybrid_model
[2025-06-08T23:27:42.617+0000] {task_command.py:423} INFO - Running <TaskInstance: deep_models_pipeline.train_deep_hybrid_model manual__2025-06-08T23:27:37.549830+00:00 [running]> on host 187d44c3c042
[2025-06-08T23:27:42.667+0000] {taskinstance.py:2480} INFO - Exporting env vars: AIRFLOW_CTX_DAG_OWNER='***' AIRFLOW_CTX_DAG_ID='deep_models_pipeline' AIRFLOW_CTX_TASK_ID='train_deep_hybrid_model' AIRFLOW_CTX_EXECUTION_DATE='2025-06-08T23:27:37.549830+00:00' AIRFLOW_CTX_TRY_NUMBER='1' AIRFLOW_CTX_DAG_RUN_ID='manual__2025-06-08T23:27:37.549830+00:00'
[2025-06-08T23:27:42.668+0000] {train_deep_model_dag.py:13} INFO - 🟦 Running command: python /opt/***/src/models/train_hybrid_deep_model.py --n_neighbors=10 --latent_dim=64 --epochs=30 --tfidf_features=300
[2025-06-08T23:28:41.039+0000] {train_deep_model_dag.py:20} INFO - 🟩 [stdout]:
🏃 View run train_hybrid_deep_model at: https://dagshub.com/sacer11/MLOps_movie_rec_apr25.mlflow/#/experiments/10/runs/1a03aff1a9b74b5cb749d60aa95b76d9
🧪 View experiment at: https://dagshub.com/sacer11/MLOps_movie_rec_apr25.mlflow/#/experiments/10

[2025-06-08T23:28:41.041+0000] {train_deep_model_dag.py:22} WARNING - 🟨 [stderr]:
2025-06-08 23:27:46,171 - __main__ - INFO - 📥 Lade Rohdaten und baue Hybrid-Feature-Matrix ...
2025-06-08 23:27:51,061 - __main__ - INFO - 📐 Hybrid-Matrix erstellt mit Shape: (10381, 1429), Feature-Namen: 1429
2025-06-08 23:28:00,712 - __main__ - INFO - 💾 Hybrid-Matrix gespeichert unter /opt/***/data/processed/hybrid_matrix.csv
2025-06-08 23:28:00,797 - __main__ - INFO - 🚀 Starte Training Autoencoder ...
2025-06-08 23:28:01,599 - __main__ - INFO - Epoch 1/30: Loss = 0.0117
2025-06-08 23:28:01,863 - __main__ - INFO - Epoch 2/30: Loss = 0.0069
2025-06-08 23:28:02,131 - __main__ - INFO - Epoch 3/30: Loss = 0.0059
2025-06-08 23:28:02,435 - __main__ - INFO - Epoch 4/30: Loss = 0.0055
2025-06-08 23:28:02,684 - __main__ - INFO - Epoch 5/30: Loss = 0.0052
2025-06-08 23:28:02,955 - __main__ - INFO - Epoch 6/30: Loss = 0.0050
2025-06-08 23:28:03,197 - __main__ - INFO - Epoch 7/30: Loss = 0.0048
2025-06-08 23:28:03,456 - __main__ - INFO - Epoch 8/30: Loss = 0.0047
2025-06-08 23:28:03,719 - __main__ - INFO - Epoch 9/30: Loss = 0.0046
2025-06-08 23:28:03,985 - __main__ - INFO - Epoch 10/30: Loss = 0.0045
2025-06-08 23:28:04,231 - __main__ - INFO - Epoch 11/30: Loss = 0.0044
2025-06-08 23:28:04,464 - __main__ - INFO - Epoch 12/30: Loss = 0.0044
2025-06-08 23:28:04,687 - __main__ - INFO - Epoch 13/30: Loss = 0.0043
2025-06-08 23:28:04,921 - __main__ - INFO - Epoch 14/30: Loss = 0.0043
2025-06-08 23:28:05,147 - __main__ - INFO - Epoch 15/30: Loss = 0.0042
2025-06-08 23:28:05,385 - __main__ - INFO - Epoch 16/30: Loss = 0.0042
2025-06-08 23:28:05,609 - __main__ - INFO - Epoch 17/30: Loss = 0.0042
2025-06-08 23:28:05,844 - __main__ - INFO - Epoch 18/30: Loss = 0.0041
2025-06-08 23:28:06,078 - __main__ - INFO - Epoch 19/30: Loss = 0.0041
2025-06-08 23:28:06,315 - __main__ - INFO - Epoch 20/30: Loss = 0.0041
2025-06-08 23:28:06,542 - __main__ - INFO - Epoch 21/30: Loss = 0.0041
2025-06-08 23:28:06,800 - __main__ - INFO - Epoch 22/30: Loss = 0.0040
2025-06-08 23:28:07,031 - __main__ - INFO - Epoch 23/30: Loss = 0.0040
2025-06-08 23:28:07,275 - __main__ - INFO - Epoch 24/30: Loss = 0.0040
2025-06-08 23:28:07,612 - __main__ - INFO - Epoch 25/30: Loss = 0.0040
2025-06-08 23:28:07,966 - __main__ - INFO - Epoch 26/30: Loss = 0.0040
2025-06-08 23:28:08,277 - __main__ - INFO - Epoch 27/30: Loss = 0.0040
2025-06-08 23:28:08,562 - __main__ - INFO - Epoch 28/30: Loss = 0.0039
2025-06-08 23:28:08,849 - __main__ - INFO - Epoch 29/30: Loss = 0.0039
2025-06-08 23:28:09,141 - __main__ - INFO - Epoch 30/30: Loss = 0.0039
2025-06-08 23:28:09,598 - __main__ - INFO - ✅ Hybrid-Embeddings gespeichert unter /opt/***/data/processed/hybrid_deep_embedding.csv
2025-06-08 23:28:09,598 - __main__ - INFO - ✅ Hybrid-Embeddings gespeichert unter /opt/***/data/processed/hybrid_deep_embedding.csv
2025-06-08 23:28:09,617 - __main__ - INFO - ✅ Deep KNN Modell gespeichert unter /opt/***/models/hybrid_deep_knn.pkl
2025/06/08 23:28:18 INFO mlflow.pyfunc: Validating input example against model signature

Downloading artifacts:   0%|          | 0/1 [00:00<?, ?it/s]
Downloading artifacts: 100%|██████████| 1/1 [00:00<00:00, 44.00it/s]
Downloading artifacts: 100%|██████████| 1/1 [00:00<00:00, 43.57it/s]
Registered model 'hybrid_deep_model' already exists. Creating a new version of this model...
2025/06/08 23:28:29 INFO mlflow.store.model_registry.abstract_store: Waiting up to 300 seconds for model version to finish creation. Model name: hybrid_deep_model, version 61
Created version '61' of model 'hybrid_deep_model'.
2025-06-08 23:28:37,942 - __main__ - INFO - 📝 Tags für Modellversion 61 gesetzt: n_neighbors=10, latent_dim=64, tfidf_features=300, epochs=30
2025-06-08 23:28:39,920 - __main__ - INFO - 🏁 Deep Hybrid-Model Training abgeschlossen und geloggt.

[2025-06-08T23:28:41.041+0000] {python.py:201} INFO - Done. Returned value was: None
[2025-06-08T23:28:41.050+0000] {taskinstance.py:1138} INFO - Marking task as SUCCESS. dag_id=deep_models_pipeline, task_id=train_deep_hybrid_model, execution_date=20250608T232737, start_date=20250608T232742, end_date=20250608T232841
[2025-06-08T23:28:41.089+0000] {local_task_job_runner.py:234} INFO - Task exited with return code 0
[2025-06-08T23:28:41.108+0000] {taskinstance.py:3280} INFO - 1 downstream tasks scheduled from follow-on schedule check
