[2025-05-31T13:11:28.825+0000] {taskinstance.py:1956} INFO - Dependencies all met for dep_context=non-requeueable deps ti=<TaskInstance: movie_recommendation_pipeline.import_raw_data manual__2025-05-31T13:11:26.373693+00:00 [queued]>
[2025-05-31T13:11:28.831+0000] {taskinstance.py:1956} INFO - Dependencies all met for dep_context=requeueable deps ti=<TaskInstance: movie_recommendation_pipeline.import_raw_data manual__2025-05-31T13:11:26.373693+00:00 [queued]>
[2025-05-31T13:11:28.832+0000] {taskinstance.py:2170} INFO - Starting attempt 1 of 2
[2025-05-31T13:11:28.845+0000] {taskinstance.py:2191} INFO - Executing <Task(PythonOperator): import_raw_data> on 2025-05-31 13:11:26.373693+00:00
[2025-05-31T13:11:28.856+0000] {standard_task_runner.py:60} INFO - Started process 293 to run task
[2025-05-31T13:11:28.858+0000] {standard_task_runner.py:87} INFO - Running: ['***', 'tasks', 'run', 'movie_recommendation_pipeline', 'import_raw_data', 'manual__2025-05-31T13:11:26.373693+00:00', '--job-id', '157', '--raw', '--subdir', 'DAGS_FOLDER/mlops_movie_dag.py', '--cfg-path', '/tmp/tmpv9818xzd']
[2025-05-31T13:11:28.859+0000] {standard_task_runner.py:88} INFO - Job 157: Subtask import_raw_data
[2025-05-31T13:11:28.896+0000] {task_command.py:423} INFO - Running <TaskInstance: movie_recommendation_pipeline.import_raw_data manual__2025-05-31T13:11:26.373693+00:00 [running]> on host 87627f924a67
[2025-05-31T13:11:29.180+0000] {taskinstance.py:2480} INFO - Exporting env vars: AIRFLOW_CTX_DAG_OWNER='***' AIRFLOW_CTX_DAG_ID='movie_recommendation_pipeline' AIRFLOW_CTX_TASK_ID='import_raw_data' AIRFLOW_CTX_EXECUTION_DATE='2025-05-31T13:11:26.373693+00:00' AIRFLOW_CTX_TRY_NUMBER='1' AIRFLOW_CTX_DAG_RUN_ID='manual__2025-05-31T13:11:26.373693+00:00'
[2025-05-31T13:11:29.184+0000] {logging_mixin.py:188} INFO - ✅ Datei bereits vorhanden, überspringe: genome-scores.csv
[2025-05-31T13:11:29.185+0000] {logging_mixin.py:188} INFO - ✅ Datei bereits vorhanden, überspringe: genome-tags.csv
[2025-05-31T13:11:29.187+0000] {logging_mixin.py:188} INFO - ✅ Datei bereits vorhanden, überspringe: links.csv
[2025-05-31T13:11:29.188+0000] {logging_mixin.py:188} INFO - ✅ Datei bereits vorhanden, überspringe: movies.csv
[2025-05-31T13:11:29.189+0000] {logging_mixin.py:188} INFO - ✅ Datei bereits vorhanden, überspringe: ratings.csv
[2025-05-31T13:11:29.190+0000] {logging_mixin.py:188} INFO - ✅ Datei bereits vorhanden, überspringe: README.txt
[2025-05-31T13:11:29.192+0000] {logging_mixin.py:188} INFO - ✅ Datei bereits vorhanden, überspringe: tags.csv
[2025-05-31T13:11:29.192+0000] {import_raw_data.py:46} INFO - ✅ Rohdatenprüfung abgeschlossen.
[2025-05-31T13:11:29.192+0000] {python.py:201} INFO - Done. Returned value was: None
[2025-05-31T13:11:29.201+0000] {taskinstance.py:1138} INFO - Marking task as SUCCESS. dag_id=movie_recommendation_pipeline, task_id=import_raw_data, execution_date=20250531T131126, start_date=20250531T131128, end_date=20250531T131129
[2025-05-31T13:11:29.233+0000] {local_task_job_runner.py:234} INFO - Task exited with return code 0
[2025-05-31T13:11:29.256+0000] {taskinstance.py:3280} INFO - 1 downstream tasks scheduled from follow-on schedule check
