[2025-06-08T19:25:52.396+0000] {taskinstance.py:1956} INFO - Dependencies all met for dep_context=non-requeueable deps ti=<TaskInstance: deep_models_pipeline.train_deep_hybrid_model manual__2025-06-08T19:25:47.846272+00:00 [queued]>
[2025-06-08T19:25:52.404+0000] {taskinstance.py:1956} INFO - Dependencies all met for dep_context=requeueable deps ti=<TaskInstance: deep_models_pipeline.train_deep_hybrid_model manual__2025-06-08T19:25:47.846272+00:00 [queued]>
[2025-06-08T19:25:52.405+0000] {taskinstance.py:2170} INFO - Starting attempt 1 of 3
[2025-06-08T19:25:52.419+0000] {taskinstance.py:2191} INFO - Executing <Task(PythonOperator): train_deep_hybrid_model> on 2025-06-08 19:25:47.846272+00:00
[2025-06-08T19:25:52.427+0000] {standard_task_runner.py:60} INFO - Started process 310 to run task
[2025-06-08T19:25:52.429+0000] {standard_task_runner.py:87} INFO - Running: ['***', 'tasks', 'run', 'deep_models_pipeline', 'train_deep_hybrid_model', 'manual__2025-06-08T19:25:47.846272+00:00', '--job-id', '3372', '--raw', '--subdir', 'DAGS_FOLDER/train_deep_model_dag.py', '--cfg-path', '/tmp/tmp9ks71y_0']
[2025-06-08T19:25:52.431+0000] {standard_task_runner.py:88} INFO - Job 3372: Subtask train_deep_hybrid_model
[2025-06-08T19:25:52.489+0000] {task_command.py:423} INFO - Running <TaskInstance: deep_models_pipeline.train_deep_hybrid_model manual__2025-06-08T19:25:47.846272+00:00 [running]> on host a5eea76d27d4
[2025-06-08T19:25:52.578+0000] {taskinstance.py:2480} INFO - Exporting env vars: AIRFLOW_CTX_DAG_OWNER='***' AIRFLOW_CTX_DAG_ID='deep_models_pipeline' AIRFLOW_CTX_TASK_ID='train_deep_hybrid_model' AIRFLOW_CTX_EXECUTION_DATE='2025-06-08T19:25:47.846272+00:00' AIRFLOW_CTX_TRY_NUMBER='1' AIRFLOW_CTX_DAG_RUN_ID='manual__2025-06-08T19:25:47.846272+00:00'
[2025-06-08T19:25:52.579+0000] {train_deep_model_dag.py:13} INFO - 🟦 Running command: python /opt/***/src/models/train_hybrid_deep_model.py --n_neighbors=15 --latent_dim=32 --epochs=30 --tfidf_features=300
[2025-06-08T19:26:51.782+0000] {train_deep_model_dag.py:20} INFO - 🟩 [stdout]:
🏃 View run train_hybrid_deep_model at: https://dagshub.com/sacer11/MLOps_movie_rec_apr25.mlflow/#/experiments/10/runs/0f82f1b3d0fd498aa0ea5d7dce43c993
🧪 View experiment at: https://dagshub.com/sacer11/MLOps_movie_rec_apr25.mlflow/#/experiments/10

[2025-06-08T19:26:51.782+0000] {train_deep_model_dag.py:22} WARNING - 🟨 [stderr]:
2025-06-08 19:25:57,290 - __main__ - INFO - 📥 Lade Rohdaten und baue Hybrid-Feature-Matrix ...
2025-06-08 19:26:02,060 - __main__ - INFO - 📐 Hybrid-Matrix erstellt mit Shape: (10381, 1429), Feature-Namen: 1429
2025-06-08 19:26:11,673 - __main__ - INFO - 💾 Hybrid-Matrix gespeichert unter /opt/***/data/processed/hybrid_matrix.csv
2025-06-08 19:26:11,759 - __main__ - INFO - 🚀 Starte Training Autoencoder ...
2025-06-08 19:26:12,931 - __main__ - INFO - Epoch 1/30: Loss = 0.0120
2025-06-08 19:26:13,223 - __main__ - INFO - Epoch 2/30: Loss = 0.0071
2025-06-08 19:26:13,512 - __main__ - INFO - Epoch 3/30: Loss = 0.0061
2025-06-08 19:26:13,792 - __main__ - INFO - Epoch 4/30: Loss = 0.0057
2025-06-08 19:26:14,034 - __main__ - INFO - Epoch 5/30: Loss = 0.0054
2025-06-08 19:26:14,255 - __main__ - INFO - Epoch 6/30: Loss = 0.0053
2025-06-08 19:26:14,516 - __main__ - INFO - Epoch 7/30: Loss = 0.0051
2025-06-08 19:26:14,783 - __main__ - INFO - Epoch 8/30: Loss = 0.0050
2025-06-08 19:26:15,015 - __main__ - INFO - Epoch 9/30: Loss = 0.0049
2025-06-08 19:26:15,251 - __main__ - INFO - Epoch 10/30: Loss = 0.0049
2025-06-08 19:26:15,539 - __main__ - INFO - Epoch 11/30: Loss = 0.0048
2025-06-08 19:26:15,790 - __main__ - INFO - Epoch 12/30: Loss = 0.0048
2025-06-08 19:26:16,029 - __main__ - INFO - Epoch 13/30: Loss = 0.0047
2025-06-08 19:26:16,275 - __main__ - INFO - Epoch 14/30: Loss = 0.0047
2025-06-08 19:26:16,535 - __main__ - INFO - Epoch 15/30: Loss = 0.0047
2025-06-08 19:26:16,798 - __main__ - INFO - Epoch 16/30: Loss = 0.0046
2025-06-08 19:26:17,068 - __main__ - INFO - Epoch 17/30: Loss = 0.0046
2025-06-08 19:26:17,356 - __main__ - INFO - Epoch 18/30: Loss = 0.0046
2025-06-08 19:26:17,608 - __main__ - INFO - Epoch 19/30: Loss = 0.0045
2025-06-08 19:26:17,836 - __main__ - INFO - Epoch 20/30: Loss = 0.0045
2025-06-08 19:26:18,075 - __main__ - INFO - Epoch 21/30: Loss = 0.0045
2025-06-08 19:26:18,302 - __main__ - INFO - Epoch 22/30: Loss = 0.0045
2025-06-08 19:26:18,537 - __main__ - INFO - Epoch 23/30: Loss = 0.0044
2025-06-08 19:26:18,769 - __main__ - INFO - Epoch 24/30: Loss = 0.0044
2025-06-08 19:26:19,021 - __main__ - INFO - Epoch 25/30: Loss = 0.0044
2025-06-08 19:26:19,249 - __main__ - INFO - Epoch 26/30: Loss = 0.0044
2025-06-08 19:26:19,487 - __main__ - INFO - Epoch 27/30: Loss = 0.0044
2025-06-08 19:26:19,723 - __main__ - INFO - Epoch 28/30: Loss = 0.0044
2025-06-08 19:26:19,945 - __main__ - INFO - Epoch 29/30: Loss = 0.0044
2025-06-08 19:26:20,179 - __main__ - INFO - Epoch 30/30: Loss = 0.0043
2025-06-08 19:26:20,405 - __main__ - INFO - ✅ Hybrid-Embeddings gespeichert unter /opt/***/data/processed/hybrid_deep_embedding.csv
2025-06-08 19:26:20,405 - __main__ - INFO - ✅ Hybrid-Embeddings gespeichert unter /opt/***/data/processed/hybrid_deep_embedding.csv
2025-06-08 19:26:20,415 - __main__ - INFO - ✅ Deep KNN Modell gespeichert unter /opt/***/models/hybrid_deep_knn.pkl
2025/06/08 19:26:25 INFO mlflow.pyfunc: Validating input example against model signature

Downloading artifacts:   0%|          | 0/1 [00:00<?, ?it/s]
Downloading artifacts: 100%|██████████| 1/1 [00:00<00:00, 80.89it/s]
Downloading artifacts: 100%|██████████| 1/1 [00:00<00:00, 79.31it/s]
Registered model 'hybrid_deep_model' already exists. Creating a new version of this model...
2025/06/08 19:26:35 INFO mlflow.store.model_registry.abstract_store: Waiting up to 300 seconds for model version to finish creation. Model name: hybrid_deep_model, version 37
Created version '37' of model 'hybrid_deep_model'.
2025-06-08 19:26:48,736 - __main__ - INFO - 📝 Tags für Modellversion 37 gesetzt: n_neighbors=15, latent_dim=32, tfidf_features=300, epochs=30
2025-06-08 19:26:50,755 - __main__ - INFO - 🏁 Deep Hybrid-Model Training abgeschlossen und geloggt.

[2025-06-08T19:26:51.783+0000] {python.py:201} INFO - Done. Returned value was: None
[2025-06-08T19:26:51.791+0000] {taskinstance.py:1138} INFO - Marking task as SUCCESS. dag_id=deep_models_pipeline, task_id=train_deep_hybrid_model, execution_date=20250608T192547, start_date=20250608T192552, end_date=20250608T192651
[2025-06-08T19:26:51.807+0000] {local_task_job_runner.py:234} INFO - Task exited with return code 0
[2025-06-08T19:26:51.825+0000] {taskinstance.py:3280} INFO - 1 downstream tasks scheduled from follow-on schedule check
