[2025-06-09T00:05:21.600+0000] {taskinstance.py:1956} INFO - Dependencies all met for dep_context=non-requeueable deps ti=<TaskInstance: deep_models_pipeline.train_deep_hybrid_model manual__2025-06-09T00:05:15.849796+00:00 [queued]>
[2025-06-09T00:05:21.607+0000] {taskinstance.py:1956} INFO - Dependencies all met for dep_context=requeueable deps ti=<TaskInstance: deep_models_pipeline.train_deep_hybrid_model manual__2025-06-09T00:05:15.849796+00:00 [queued]>
[2025-06-09T00:05:21.608+0000] {taskinstance.py:2170} INFO - Starting attempt 1 of 3
[2025-06-09T00:05:21.618+0000] {taskinstance.py:2191} INFO - Executing <Task(PythonOperator): train_deep_hybrid_model> on 2025-06-09 00:05:15.849796+00:00
[2025-06-09T00:05:21.624+0000] {standard_task_runner.py:60} INFO - Started process 550 to run task
[2025-06-09T00:05:21.626+0000] {standard_task_runner.py:87} INFO - Running: ['***', 'tasks', 'run', 'deep_models_pipeline', 'train_deep_hybrid_model', 'manual__2025-06-09T00:05:15.849796+00:00', '--job-id', '3631', '--raw', '--subdir', 'DAGS_FOLDER/train_deep_model_dag.py', '--cfg-path', '/tmp/tmpmoxobd82']
[2025-06-09T00:05:21.628+0000] {standard_task_runner.py:88} INFO - Job 3631: Subtask train_deep_hybrid_model
[2025-06-09T00:05:21.661+0000] {task_command.py:423} INFO - Running <TaskInstance: deep_models_pipeline.train_deep_hybrid_model manual__2025-06-09T00:05:15.849796+00:00 [running]> on host c2ff0fb2d486
[2025-06-09T00:05:21.729+0000] {taskinstance.py:2480} INFO - Exporting env vars: AIRFLOW_CTX_DAG_OWNER='***' AIRFLOW_CTX_DAG_ID='deep_models_pipeline' AIRFLOW_CTX_TASK_ID='train_deep_hybrid_model' AIRFLOW_CTX_EXECUTION_DATE='2025-06-09T00:05:15.849796+00:00' AIRFLOW_CTX_TRY_NUMBER='1' AIRFLOW_CTX_DAG_RUN_ID='manual__2025-06-09T00:05:15.849796+00:00'
[2025-06-09T00:05:21.730+0000] {train_deep_model_dag.py:13} INFO - 🟦 Running command: python /opt/***/src/models/train_hybrid_deep_model.py --n_neighbors=10 --latent_dim=64 --epochs=30 --tfidf_features=300
[2025-06-09T00:06:20.755+0000] {train_deep_model_dag.py:20} INFO - 🟩 [stdout]:
🏃 View run train_hybrid_deep_model at: https://dagshub.com/sacer11/MLOps_movie_rec_apr25.mlflow/#/experiments/10/runs/6c47b75e7b104558836b719cf01feda4
🧪 View experiment at: https://dagshub.com/sacer11/MLOps_movie_rec_apr25.mlflow/#/experiments/10

[2025-06-09T00:06:20.756+0000] {train_deep_model_dag.py:22} WARNING - 🟨 [stderr]:
2025-06-09 00:05:25,440 - __main__ - INFO - 📥 Lade Rohdaten und baue Hybrid-Feature-Matrix ...
2025-06-09 00:05:30,413 - __main__ - INFO - 📐 Hybrid-Matrix erstellt mit Shape: (10381, 1429), Feature-Namen: 1429
2025-06-09 00:05:40,199 - __main__ - INFO - 💾 Hybrid-Matrix gespeichert unter /opt/***/data/processed/hybrid_matrix.csv
2025-06-09 00:05:40,288 - __main__ - INFO - 🚀 Starte Training Autoencoder ...
2025-06-09 00:05:41,331 - __main__ - INFO - Epoch 1/30: Loss = 0.0118
2025-06-09 00:05:41,613 - __main__ - INFO - Epoch 2/30: Loss = 0.0069
2025-06-09 00:05:41,893 - __main__ - INFO - Epoch 3/30: Loss = 0.0059
2025-06-09 00:05:42,176 - __main__ - INFO - Epoch 4/30: Loss = 0.0054
2025-06-09 00:05:42,457 - __main__ - INFO - Epoch 5/30: Loss = 0.0051
2025-06-09 00:05:42,742 - __main__ - INFO - Epoch 6/30: Loss = 0.0049
2025-06-09 00:05:42,983 - __main__ - INFO - Epoch 7/30: Loss = 0.0047
2025-06-09 00:05:43,211 - __main__ - INFO - Epoch 8/30: Loss = 0.0046
2025-06-09 00:05:43,437 - __main__ - INFO - Epoch 9/30: Loss = 0.0045
2025-06-09 00:05:43,679 - __main__ - INFO - Epoch 10/30: Loss = 0.0044
2025-06-09 00:05:43,931 - __main__ - INFO - Epoch 11/30: Loss = 0.0044
2025-06-09 00:05:44,174 - __main__ - INFO - Epoch 12/30: Loss = 0.0043
2025-06-09 00:05:44,417 - __main__ - INFO - Epoch 13/30: Loss = 0.0042
2025-06-09 00:05:44,655 - __main__ - INFO - Epoch 14/30: Loss = 0.0042
2025-06-09 00:05:44,884 - __main__ - INFO - Epoch 15/30: Loss = 0.0042
2025-06-09 00:05:45,111 - __main__ - INFO - Epoch 16/30: Loss = 0.0041
2025-06-09 00:05:45,347 - __main__ - INFO - Epoch 17/30: Loss = 0.0041
2025-06-09 00:05:45,603 - __main__ - INFO - Epoch 18/30: Loss = 0.0041
2025-06-09 00:05:45,892 - __main__ - INFO - Epoch 19/30: Loss = 0.0040
2025-06-09 00:05:46,167 - __main__ - INFO - Epoch 20/30: Loss = 0.0040
2025-06-09 00:05:46,424 - __main__ - INFO - Epoch 21/30: Loss = 0.0040
2025-06-09 00:05:46,663 - __main__ - INFO - Epoch 22/30: Loss = 0.0040
2025-06-09 00:05:46,905 - __main__ - INFO - Epoch 23/30: Loss = 0.0040
2025-06-09 00:05:47,162 - __main__ - INFO - Epoch 24/30: Loss = 0.0039
2025-06-09 00:05:47,399 - __main__ - INFO - Epoch 25/30: Loss = 0.0039
2025-06-09 00:05:47,750 - __main__ - INFO - Epoch 26/30: Loss = 0.0039
2025-06-09 00:05:48,040 - __main__ - INFO - Epoch 27/30: Loss = 0.0039
2025-06-09 00:05:48,307 - __main__ - INFO - Epoch 28/30: Loss = 0.0039
2025-06-09 00:05:48,567 - __main__ - INFO - Epoch 29/30: Loss = 0.0039
2025-06-09 00:05:48,843 - __main__ - INFO - Epoch 30/30: Loss = 0.0039
2025-06-09 00:05:49,279 - __main__ - INFO - ✅ Hybrid-Embeddings gespeichert unter /opt/***/data/processed/hybrid_deep_embedding.csv
2025-06-09 00:05:49,279 - __main__ - INFO - ✅ Hybrid-Embeddings gespeichert unter /opt/***/data/processed/hybrid_deep_embedding.csv
2025-06-09 00:05:49,296 - __main__ - INFO - ✅ Deep KNN Modell gespeichert unter /opt/***/models/hybrid_deep_knn.pkl
2025/06/09 00:05:55 INFO mlflow.pyfunc: Validating input example against model signature

Downloading artifacts:   0%|          | 0/1 [00:00<?, ?it/s]
Downloading artifacts: 100%|██████████| 1/1 [00:00<00:00, 53.54it/s]
Downloading artifacts: 100%|██████████| 1/1 [00:00<00:00, 53.21it/s]
Registered model 'hybrid_deep_model' already exists. Creating a new version of this model...
2025/06/09 00:06:05 INFO mlflow.store.model_registry.abstract_store: Waiting up to 300 seconds for model version to finish creation. Model name: hybrid_deep_model, version 66
Created version '66' of model 'hybrid_deep_model'.
2025-06-09 00:06:17,626 - __main__ - INFO - 📝 Tags für Modellversion 66 gesetzt: n_neighbors=10, latent_dim=64, tfidf_features=300, epochs=30
2025-06-09 00:06:19,625 - __main__ - INFO - 🏁 Deep Hybrid-Model Training abgeschlossen und geloggt.

[2025-06-09T00:06:20.756+0000] {python.py:201} INFO - Done. Returned value was: None
[2025-06-09T00:06:20.763+0000] {taskinstance.py:1138} INFO - Marking task as SUCCESS. dag_id=deep_models_pipeline, task_id=train_deep_hybrid_model, execution_date=20250609T000515, start_date=20250609T000521, end_date=20250609T000620
[2025-06-09T00:06:20.812+0000] {local_task_job_runner.py:234} INFO - Task exited with return code 0
[2025-06-09T00:06:20.831+0000] {taskinstance.py:3280} INFO - 1 downstream tasks scheduled from follow-on schedule check
