[2025-06-01T10:22:04.416+0000] {taskinstance.py:1956} INFO - Dependencies all met for dep_context=non-requeueable deps ti=<TaskInstance: movie_recommendation_pipeline.train_hybrid_model manual__2025-06-01T10:14:57.071102+00:00 [queued]>
[2025-06-01T10:22:04.422+0000] {taskinstance.py:1956} INFO - Dependencies all met for dep_context=requeueable deps ti=<TaskInstance: movie_recommendation_pipeline.train_hybrid_model manual__2025-06-01T10:14:57.071102+00:00 [queued]>
[2025-06-01T10:22:04.422+0000] {taskinstance.py:2170} INFO - Starting attempt 1 of 3
[2025-06-01T10:22:04.433+0000] {taskinstance.py:2191} INFO - Executing <Task(PythonOperator): train_hybrid_model> on 2025-06-01 10:14:57.071102+00:00
[2025-06-01T10:22:04.437+0000] {standard_task_runner.py:60} INFO - Started process 373 to run task
[2025-06-01T10:22:04.439+0000] {standard_task_runner.py:87} INFO - Running: ['***', 'tasks', 'run', 'movie_recommendation_pipeline', 'train_hybrid_model', 'manual__2025-06-01T10:14:57.071102+00:00', '--job-id', '938', '--raw', '--subdir', 'DAGS_FOLDER/mlops_movie_dag.py', '--cfg-path', '/tmp/tmp99alg79b']
[2025-06-01T10:22:04.440+0000] {standard_task_runner.py:88} INFO - Job 938: Subtask train_hybrid_model
[2025-06-01T10:22:04.472+0000] {task_command.py:423} INFO - Running <TaskInstance: movie_recommendation_pipeline.train_hybrid_model manual__2025-06-01T10:14:57.071102+00:00 [running]> on host ce4a8bea328b
[2025-06-01T10:22:04.527+0000] {taskinstance.py:2480} INFO - Exporting env vars: AIRFLOW_CTX_DAG_OWNER='***' AIRFLOW_CTX_DAG_ID='movie_recommendation_pipeline' AIRFLOW_CTX_TASK_ID='train_hybrid_model' AIRFLOW_CTX_EXECUTION_DATE='2025-06-01T10:14:57.071102+00:00' AIRFLOW_CTX_TRY_NUMBER='1' AIRFLOW_CTX_DAG_RUN_ID='manual__2025-06-01T10:14:57.071102+00:00'
[2025-06-01T10:27:07.136+0000] {mlops_movie_dag.py:13} INFO -                       ❗❗❗ AUTHORIZATION REQUIRED ❗❗❗                      


Open the following link in your browser to authorize the client:
https://dagshub.com/login/oauth/authorize?state=8afdc898-784e-4a08-b11d-92877fab7a4a&client_id=32b60ba385aa7cecf24046d8195a71c07dd345d9657977863b52e7748e0f0f28&middleman_request_id=2e197572ac9cb6e8a0647303aee2d209aebda86606c81bda94c67a159dfa89a2


Traceback (most recent call last):
  File "/opt/***/src/models/train_hybrid_model.py", line 17, in <module>
    dagshub.init(repo_owner='sacer11', repo_name='MLOps_movie_rec_apr25', mlflow=True)
  File "/home/***/.local/lib/python3.10/site-packages/dagshub/common/init.py", line 86, in init
    repo_api = RepoAPI(f"{repo_owner}/{repo_name}", host=host)
  File "/home/***/.local/lib/python3.10/site-packages/dagshub/common/api/repo.py", line 78, in __init__
    self.auth = dagshub.auth.get_authenticator(host=host)
  File "/home/***/.local/lib/python3.10/site-packages/dagshub/auth/tokens.py", line 374, in get_authenticator
    return _get_token_storage(**kwargs).get_authenticator(**kwargs)
  File "/home/***/.local/lib/python3.10/site-packages/dagshub/auth/tokens.py", line 122, in get_authenticator
    token = self.get_token_object(host, fail_if_no_token, **kwargs)
  File "/home/***/.local/lib/python3.10/site-packages/dagshub/auth/tokens.py", line 187, in get_token_object
    good_token = oauth.oauth_flow(host, **kwargs)
  File "/home/***/.local/lib/python3.10/site-packages/dagshub/auth/oauth.py", line 46, in oauth_flow
    token = oauth_flow_post(flow_data)
  File "/home/***/.local/lib/python3.10/site-packages/dagshub/auth/oauth.py", line 117, in oauth_flow_post
    raise Exception(f"Error while getting OAuth code: HTTP {res.status_code}, Body: {res.json()}")
  File "/home/***/.local/lib/python3.10/site-packages/httpx/_models.py", line 755, in json
    return jsonlib.loads(self.content.decode(encoding), **kwargs)
  File "/usr/local/lib/python3.10/json/__init__.py", line 346, in loads
    return _default_decoder.decode(s)
  File "/usr/local/lib/python3.10/json/decoder.py", line 337, in decode
    obj, end = self.raw_decode(s, idx=_w(s, 0).end())
  File "/usr/local/lib/python3.10/json/decoder.py", line 355, in raw_decode
    raise JSONDecodeError("Expecting value", s, err.value) from None
json.decoder.JSONDecodeError: Expecting value: line 1 column 1 (char 0)

[2025-06-01T10:27:07.137+0000] {python.py:201} INFO - Done. Returned value was: None
[2025-06-01T10:27:07.145+0000] {taskinstance.py:1138} INFO - Marking task as SUCCESS. dag_id=movie_recommendation_pipeline, task_id=train_hybrid_model, execution_date=20250601T101457, start_date=20250601T102204, end_date=20250601T102707
[2025-06-01T10:27:07.189+0000] {local_task_job_runner.py:234} INFO - Task exited with return code 0
[2025-06-01T10:27:07.211+0000] {taskinstance.py:3280} INFO - 0 downstream tasks scheduled from follow-on schedule check
