[2025-06-12T16:33:06.884+0000] {taskinstance.py:1956} INFO - Dependencies all met for dep_context=non-requeueable deps ti=<TaskInstance: deep_models_pipeline.train_deep_hybrid_model manual__2025-06-12T16:33:02.975338+00:00 [queued]>
[2025-06-12T16:33:06.890+0000] {taskinstance.py:1956} INFO - Dependencies all met for dep_context=requeueable deps ti=<TaskInstance: deep_models_pipeline.train_deep_hybrid_model manual__2025-06-12T16:33:02.975338+00:00 [queued]>
[2025-06-12T16:33:06.891+0000] {taskinstance.py:2170} INFO - Starting attempt 1 of 3
[2025-06-12T16:33:06.900+0000] {taskinstance.py:2191} INFO - Executing <Task(PythonOperator): train_deep_hybrid_model> on 2025-06-12 16:33:02.975338+00:00
[2025-06-12T16:33:06.907+0000] {standard_task_runner.py:60} INFO - Started process 952 to run task
[2025-06-12T16:33:06.908+0000] {standard_task_runner.py:87} INFO - Running: ['***', 'tasks', 'run', 'deep_models_pipeline', 'train_deep_hybrid_model', 'manual__2025-06-12T16:33:02.975338+00:00', '--job-id', '76', '--raw', '--subdir', 'DAGS_FOLDER/train_deep_model_dag.py', '--cfg-path', '/tmp/tmpp7b16s16']
[2025-06-12T16:33:06.910+0000] {standard_task_runner.py:88} INFO - Job 76: Subtask train_deep_hybrid_model
[2025-06-12T16:33:06.941+0000] {task_command.py:423} INFO - Running <TaskInstance: deep_models_pipeline.train_deep_hybrid_model manual__2025-06-12T16:33:02.975338+00:00 [running]> on host 6a2d883c7e9f
[2025-06-12T16:33:06.998+0000] {taskinstance.py:2480} INFO - Exporting env vars: AIRFLOW_CTX_DAG_OWNER='***' AIRFLOW_CTX_DAG_ID='deep_models_pipeline' AIRFLOW_CTX_TASK_ID='train_deep_hybrid_model' AIRFLOW_CTX_EXECUTION_DATE='2025-06-12T16:33:02.975338+00:00' AIRFLOW_CTX_TRY_NUMBER='1' AIRFLOW_CTX_DAG_RUN_ID='manual__2025-06-12T16:33:02.975338+00:00'
[2025-06-12T16:33:06.999+0000] {train_deep_model_dag.py:13} INFO - 🟦 Running command: python /opt/***/src/models/train_hybrid_deep_model.py
[2025-06-12T16:34:35.738+0000] {train_deep_model_dag.py:20} INFO - 🟩 [stdout]:
🏃 View run train_hybrid_deep_model at: https://dagshub.com/sacer11/MLOps_movie_rec_apr25.mlflow/#/experiments/10/runs/3cc29a8e694b4a94b43497211d43bdd4
🧪 View experiment at: https://dagshub.com/sacer11/MLOps_movie_rec_apr25.mlflow/#/experiments/10

[2025-06-12T16:34:35.739+0000] {train_deep_model_dag.py:22} WARNING - 🟨 [stderr]:
2025-06-12 16:33:10,821 - __main__ - INFO - 📥 Lade Rohdaten und baue Hybrid-Feature-Matrix ...
2025-06-12 16:33:15,797 - __main__ - INFO - 📐 Hybrid-Matrix erstellt mit Shape: (10381, 1274), Feature-Namen: 1274
2025-06-12 16:33:23,723 - __main__ - INFO - 💾 Hybrid-Matrix gespeichert unter /opt/***/data/processed/hybrid_matrix.csv
2025-06-12 16:33:23,810 - __main__ - INFO - 🚀 Starte Training Autoencoder ...
2025-06-12 16:33:24,781 - __main__ - INFO - Epoch 1/35: Loss = 0.0012
2025-06-12 16:33:25,242 - __main__ - INFO - Epoch 2/35: Loss = 0.0007
2025-06-12 16:33:25,738 - __main__ - INFO - Epoch 3/35: Loss = 0.0006
2025-06-12 16:33:26,133 - __main__ - INFO - Epoch 4/35: Loss = 0.0006
2025-06-12 16:33:26,561 - __main__ - INFO - Epoch 5/35: Loss = 0.0006
2025-06-12 16:33:27,050 - __main__ - INFO - Epoch 6/35: Loss = 0.0006
2025-06-12 16:33:27,531 - __main__ - INFO - Epoch 7/35: Loss = 0.0005
2025-06-12 16:33:28,049 - __main__ - INFO - Epoch 8/35: Loss = 0.0005
2025-06-12 16:33:28,527 - __main__ - INFO - Epoch 9/35: Loss = 0.0005
2025-06-12 16:33:28,956 - __main__ - INFO - Epoch 10/35: Loss = 0.0005
2025-06-12 16:33:29,421 - __main__ - INFO - Epoch 11/35: Loss = 0.0005
2025-06-12 16:33:29,928 - __main__ - INFO - Epoch 12/35: Loss = 0.0005
2025-06-12 16:33:30,428 - __main__ - INFO - Epoch 13/35: Loss = 0.0005
2025-06-12 16:33:30,984 - __main__ - INFO - Epoch 14/35: Loss = 0.0005
2025-06-12 16:33:31,434 - __main__ - INFO - Epoch 15/35: Loss = 0.0005
2025-06-12 16:33:31,920 - __main__ - INFO - Epoch 16/35: Loss = 0.0005
2025-06-12 16:33:32,405 - __main__ - INFO - Epoch 17/35: Loss = 0.0005
2025-06-12 16:33:32,982 - __main__ - INFO - Epoch 18/35: Loss = 0.0005
2025-06-12 16:33:33,494 - __main__ - INFO - Epoch 19/35: Loss = 0.0005
2025-06-12 16:33:33,946 - __main__ - INFO - Epoch 20/35: Loss = 0.0005
2025-06-12 16:33:34,476 - __main__ - INFO - Epoch 21/35: Loss = 0.0005
2025-06-12 16:33:35,050 - __main__ - INFO - Epoch 22/35: Loss = 0.0005
2025-06-12 16:33:35,528 - __main__ - INFO - Epoch 23/35: Loss = 0.0005
2025-06-12 16:33:35,986 - __main__ - INFO - Epoch 24/35: Loss = 0.0005
2025-06-12 16:33:36,542 - __main__ - INFO - Epoch 25/35: Loss = 0.0005
2025-06-12 16:33:36,993 - __main__ - INFO - Epoch 26/35: Loss = 0.0005
2025-06-12 16:33:37,472 - __main__ - INFO - Epoch 27/35: Loss = 0.0005
2025-06-12 16:33:37,979 - __main__ - INFO - Epoch 28/35: Loss = 0.0005
2025-06-12 16:33:38,464 - __main__ - INFO - Epoch 29/35: Loss = 0.0005
2025-06-12 16:33:38,915 - __main__ - INFO - Epoch 30/35: Loss = 0.0005
2025-06-12 16:33:39,439 - __main__ - INFO - Epoch 31/35: Loss = 0.0005
2025-06-12 16:33:39,888 - __main__ - INFO - Epoch 32/35: Loss = 0.0005
2025-06-12 16:33:40,295 - __main__ - INFO - Epoch 33/35: Loss = 0.0005
2025-06-12 16:33:40,858 - __main__ - INFO - Epoch 34/35: Loss = 0.0004
2025-06-12 16:33:41,318 - __main__ - INFO - Epoch 35/35: Loss = 0.0004
2025-06-12 16:33:41,641 - __main__ - INFO - ✅ Hybrid-Embeddings gespeichert unter /opt/***/data/processed/hybrid_deep_embedding.csv
2025-06-12 16:33:41,654 - __main__ - INFO - ✅ Deep KNN Modell gespeichert unter /opt/***/models/hybrid_deep_knn.pkl
2025/06/12 16:33:53 INFO mlflow.pyfunc: Validating input example against model signature

Downloading artifacts:   0%|          | 0/1 [00:00<?, ?it/s]
Downloading artifacts: 100%|██████████| 1/1 [00:00<00:00, 69.58it/s]
Downloading artifacts: 100%|██████████| 1/1 [00:00<00:00, 68.96it/s]
Registered model 'hybrid_deep_model' already exists. Creating a new version of this model...
2025/06/12 16:34:05 INFO mlflow.store.model_registry.abstract_store: Waiting up to 300 seconds for model version to finish creation. Model name: hybrid_deep_model, version 4
Created version '4' of model 'hybrid_deep_model'.
2025-06-12 16:34:32,886 - __main__ - INFO - 📝 Tags gesetzt für Modellversion 4: n_neighbors=14, latent_dim=40, hidden_dim=272, tfidf_features=452, epochs=35, lr=0.0005, batch_size=64, metric=euclidean, content_weight=0.6, collab_weight=0.4, power_factor=1.3, precision_10=0.0
2025-06-12 16:34:34,881 - __main__ - INFO - 🏁 Deep Hybrid-Model Training abgeschlossen und geloggt.

[2025-06-12T16:34:35.739+0000] {python.py:201} INFO - Done. Returned value was: None
[2025-06-12T16:34:35.747+0000] {taskinstance.py:1138} INFO - Marking task as SUCCESS. dag_id=deep_models_pipeline, task_id=train_deep_hybrid_model, execution_date=20250612T163302, start_date=20250612T163306, end_date=20250612T163435
[2025-06-12T16:34:35.793+0000] {local_task_job_runner.py:234} INFO - Task exited with return code 0
[2025-06-12T16:34:35.812+0000] {taskinstance.py:3280} INFO - 1 downstream tasks scheduled from follow-on schedule check
