[2025-06-04T07:29:28.327+0000] {taskinstance.py:1956} INFO - Dependencies all met for dep_context=non-requeueable deps ti=<TaskInstance: movie_recommendation_pipeline.dvc_add_and_push_all manual__2025-06-04T07:25:11.152002+00:00 [queued]>
[2025-06-04T07:29:28.335+0000] {taskinstance.py:1956} INFO - Dependencies all met for dep_context=requeueable deps ti=<TaskInstance: movie_recommendation_pipeline.dvc_add_and_push_all manual__2025-06-04T07:25:11.152002+00:00 [queued]>
[2025-06-04T07:29:28.336+0000] {taskinstance.py:2170} INFO - Starting attempt 1 of 3
[2025-06-04T07:29:28.350+0000] {taskinstance.py:2191} INFO - Executing <Task(PythonOperator): dvc_add_and_push_all> on 2025-06-04 07:25:11.152002+00:00
[2025-06-04T07:29:28.357+0000] {standard_task_runner.py:60} INFO - Started process 2973 to run task
[2025-06-04T07:29:28.358+0000] {standard_task_runner.py:87} INFO - Running: ['***', 'tasks', 'run', 'movie_recommendation_pipeline', 'dvc_add_and_push_all', 'manual__2025-06-04T07:25:11.152002+00:00', '--job-id', '1834', '--raw', '--subdir', 'DAGS_FOLDER/mlops_movie_dag.py', '--cfg-path', '/tmp/tmp8s98fwiy']
[2025-06-04T07:29:28.360+0000] {standard_task_runner.py:88} INFO - Job 1834: Subtask dvc_add_and_push_all
[2025-06-04T07:29:28.392+0000] {task_command.py:423} INFO - Running <TaskInstance: movie_recommendation_pipeline.dvc_add_and_push_all manual__2025-06-04T07:25:11.152002+00:00 [running]> on host e71253cfdb88
[2025-06-04T07:29:28.458+0000] {taskinstance.py:2480} INFO - Exporting env vars: AIRFLOW_CTX_DAG_OWNER='***' AIRFLOW_CTX_DAG_ID='movie_recommendation_pipeline' AIRFLOW_CTX_TASK_ID='dvc_add_and_push_all' AIRFLOW_CTX_EXECUTION_DATE='2025-06-04T07:25:11.152002+00:00' AIRFLOW_CTX_TRY_NUMBER='1' AIRFLOW_CTX_DAG_RUN_ID='manual__2025-06-04T07:25:11.152002+00:00'
[2025-06-04T07:29:28.463+0000] {mlops_movie_dag.py:12} INFO - 🟦 Running command: git config --global --add safe.directory /opt/***
[2025-06-04T07:29:28.479+0000] {mlops_movie_dag.py:19} INFO - 🟩 [stdout]:

[2025-06-04T07:29:28.479+0000] {mlops_movie_dag.py:12} INFO - 🟦 Running command: git config --global user.email ***@mlops.local
[2025-06-04T07:29:28.493+0000] {mlops_movie_dag.py:19} INFO - 🟩 [stdout]:

[2025-06-04T07:29:28.494+0000] {mlops_movie_dag.py:12} INFO - 🟦 Running command: git config --global user.name Airflow
[2025-06-04T07:29:28.508+0000] {mlops_movie_dag.py:19} INFO - 🟩 [stdout]:

[2025-06-04T07:29:28.508+0000] {mlops_movie_dag.py:12} INFO - 🟦 Running command: dvc add /opt/***/models/hybrid_model.pkl
[2025-06-04T07:29:43.371+0000] {mlops_movie_dag.py:19} INFO - 🟩 [stdout]:

To track the changes with git, run:

	git add models/hybrid_model.pkl.dvc

To enable auto staging, run:

	dvc config core.autostage true

[2025-06-04T07:29:43.372+0000] {mlops_movie_dag.py:12} INFO - 🟦 Running command: dvc add /opt/***/data/processed/hybrid_matrix.csv
[2025-06-04T07:30:00.776+0000] {mlops_movie_dag.py:19} INFO - 🟩 [stdout]:

To track the changes with git, run:

	git add data/processed/hybrid_matrix.csv.dvc

To enable auto staging, run:

	dvc config core.autostage true

[2025-06-04T07:30:00.777+0000] {mlops_movie_dag.py:12} INFO - 🟦 Running command: dvc add /opt/***/data/processed/hybrid_matrix_features.txt
[2025-06-04T07:30:12.873+0000] {mlops_movie_dag.py:19} INFO - 🟩 [stdout]:

To track the changes with git, run:

	git add data/processed/hybrid_matrix_features.txt.dvc

To enable auto staging, run:

	dvc config core.autostage true

[2025-06-04T07:30:12.873+0000] {mlops_movie_dag.py:12} INFO - 🟦 Running command: dvc add /opt/***/models/user_model.pkl
[2025-06-04T07:30:25.350+0000] {mlops_movie_dag.py:19} INFO - 🟩 [stdout]:

To track the changes with git, run:

	git add models/user_model.pkl.dvc

To enable auto staging, run:

	dvc config core.autostage true

[2025-06-04T07:30:25.351+0000] {mlops_movie_dag.py:12} INFO - 🟦 Running command: dvc add /opt/***/data/processed/user_matrix.csv
[2025-06-04T07:30:38.471+0000] {mlops_movie_dag.py:19} INFO - 🟩 [stdout]:

To track the changes with git, run:

	git add data/processed/user_matrix.csv.dvc

To enable auto staging, run:

	dvc config core.autostage true

[2025-06-04T07:30:38.472+0000] {mlops_movie_dag.py:12} INFO - 🟦 Running command: dvc add /opt/***/data/processed/user_matrix_features.txt
[2025-06-04T07:30:51.008+0000] {mlops_movie_dag.py:19} INFO - 🟩 [stdout]:

To track the changes with git, run:

	git add data/processed/user_matrix_features.txt.dvc

To enable auto staging, run:

	dvc config core.autostage true

[2025-06-04T07:30:51.009+0000] {mlops_movie_dag.py:12} INFO - 🟦 Running command: git add /opt/***/models/hybrid_model.pkl.dvc /opt/***/data/processed/hybrid_matrix.csv.dvc /opt/***/data/processed/hybrid_matrix_features.txt.dvc /opt/***/models/user_model.pkl.dvc /opt/***/data/processed/user_matrix.csv.dvc /opt/***/data/processed/user_matrix_features.txt.dvc
[2025-06-04T07:30:51.157+0000] {mlops_movie_dag.py:19} INFO - 🟩 [stdout]:

[2025-06-04T07:30:51.246+0000] {mlops_movie_dag.py:142} INFO - ✅ Nichts zu committen (Skip git commit)
[2025-06-04T07:30:51.247+0000] {mlops_movie_dag.py:12} INFO - 🟦 Running command: dvc push
[2025-06-04T07:31:03.574+0000] {mlops_movie_dag.py:19} INFO - 🟩 [stdout]:
Everything is up to date.

[2025-06-04T07:31:03.575+0000] {python.py:201} INFO - Done. Returned value was: None
[2025-06-04T07:31:03.584+0000] {taskinstance.py:1138} INFO - Marking task as SUCCESS. dag_id=movie_recommendation_pipeline, task_id=dvc_add_and_push_all, execution_date=20250604T072511, start_date=20250604T072928, end_date=20250604T073103
[2025-06-04T07:31:03.635+0000] {local_task_job_runner.py:234} INFO - Task exited with return code 0
[2025-06-04T07:31:03.657+0000] {taskinstance.py:3280} INFO - 1 downstream tasks scheduled from follow-on schedule check
