[2025-06-08T21:33:24.100+0000] {taskinstance.py:1956} INFO - Dependencies all met for dep_context=non-requeueable deps ti=<TaskInstance: deep_models_pipeline.predict_best_model manual__2025-06-08T21:16:58.396167+00:00 [queued]>
[2025-06-08T21:33:24.108+0000] {taskinstance.py:1956} INFO - Dependencies all met for dep_context=requeueable deps ti=<TaskInstance: deep_models_pipeline.predict_best_model manual__2025-06-08T21:16:58.396167+00:00 [queued]>
[2025-06-08T21:33:24.108+0000] {taskinstance.py:2170} INFO - Starting attempt 3 of 3
[2025-06-08T21:33:24.120+0000] {taskinstance.py:2191} INFO - Executing <Task(PythonOperator): predict_best_model> on 2025-06-08 21:16:58.396167+00:00
[2025-06-08T21:33:24.127+0000] {standard_task_runner.py:60} INFO - Started process 5068 to run task
[2025-06-08T21:33:24.129+0000] {standard_task_runner.py:87} INFO - Running: ['***', 'tasks', 'run', 'deep_models_pipeline', 'predict_best_model', 'manual__2025-06-08T21:16:58.396167+00:00', '--job-id', '3548', '--raw', '--subdir', 'DAGS_FOLDER/train_deep_model_dag.py', '--cfg-path', '/tmp/tmp6uklr8jh']
[2025-06-08T21:33:24.131+0000] {standard_task_runner.py:88} INFO - Job 3548: Subtask predict_best_model
[2025-06-08T21:33:24.177+0000] {task_command.py:423} INFO - Running <TaskInstance: deep_models_pipeline.predict_best_model manual__2025-06-08T21:16:58.396167+00:00 [running]> on host 2049a80cedbe
[2025-06-08T21:33:24.261+0000] {taskinstance.py:2480} INFO - Exporting env vars: AIRFLOW_CTX_DAG_OWNER='***' AIRFLOW_CTX_DAG_ID='deep_models_pipeline' AIRFLOW_CTX_TASK_ID='predict_best_model' AIRFLOW_CTX_EXECUTION_DATE='2025-06-08T21:16:58.396167+00:00' AIRFLOW_CTX_TRY_NUMBER='3' AIRFLOW_CTX_DAG_RUN_ID='manual__2025-06-08T21:16:58.396167+00:00'
[2025-06-08T21:33:24.262+0000] {train_deep_model_dag.py:13} INFO - 🟦 Running command: python /opt/***/src/models/predict_best_model.py
[2025-06-08T21:33:44.444+0000] {train_deep_model_dag.py:20} INFO - 🟩 [stdout]:
🏃 View run predict_best_model_hybrid_deep at: https://dagshub.com/sacer11/MLOps_movie_rec_apr25.mlflow/#/experiments/11/runs/a66b62a3814849c38bd211034eee2341
🧪 View experiment at: https://dagshub.com/sacer11/MLOps_movie_rec_apr25.mlflow/#/experiments/11

[2025-06-08T21:33:44.445+0000] {train_deep_model_dag.py:22} WARNING - 🟨 [stderr]:

Downloading artifacts:   0%|          | 0/1 [00:00<?, ?it/s]
Downloading artifacts: 100%|██████████| 1/1 [00:00<00:00,  1.97it/s]
Downloading artifacts: 100%|██████████| 1/1 [00:00<00:00,  1.97it/s]
Downloading artifacts: 100%|██████████| 1/1 [00:00<00:00,  1.97it/s]
2025-06-08 21:33:27,349 - INFO - ✅ Best-Embedding aus MLflow geladen: /opt/***/data/processed/hybrid_deep_embedding_best.csv
2025-06-08 21:33:27,350 - INFO - 🚀 Starte Prediction für hybrid_deep_model über MLflow Registry
2025-06-08 21:33:27,350 - INFO - 📦 Lade Modell: models:/hybrid_deep_model@best_model

Downloading artifacts:   0%|          | 0/8 [00:00<?, ?it/s]
Downloading artifacts:  12%|█▎        | 1/8 [00:00<00:00, 11397.57it/s]
Downloading artifacts:  25%|██▌       | 2/8 [00:00<00:01,  5.96it/s]   
Downloading artifacts:  25%|██▌       | 2/8 [00:00<00:01,  5.96it/s]
Downloading artifacts:  38%|███▊      | 3/8 [00:00<00:00,  5.96it/s]
Downloading artifacts:  50%|█████     | 4/8 [00:01<00:01,  2.86it/s]
Downloading artifacts:  50%|█████     | 4/8 [00:01<00:01,  2.86it/s]
Downloading artifacts:  62%|██████▎   | 5/8 [00:02<00:01,  1.68it/s]
Downloading artifacts:  62%|██████▎   | 5/8 [00:02<00:01,  1.68it/s]
Downloading artifacts:  75%|███████▌  | 6/8 [00:03<00:01,  1.49it/s]
Downloading artifacts:  75%|███████▌  | 6/8 [00:03<00:01,  1.49it/s]
Downloading artifacts:  88%|████████▊ | 7/8 [00:04<00:00,  1.32it/s]
Downloading artifacts:  88%|████████▊ | 7/8 [00:04<00:00,  1.32it/s]
Downloading artifacts: 100%|██████████| 8/8 [00:05<00:00,  1.13it/s]
Downloading artifacts: 100%|██████████| 8/8 [00:05<00:00,  1.13it/s]
Downloading artifacts: 100%|██████████| 8/8 [00:05<00:00,  1.46it/s]
2025-06-08 21:33:35,410 - INFO - 📥 Embedding geladen: /opt/***/data/processed/hybrid_deep_embedding_best.csv – Shape: (10381, 32)
2025-06-08 21:33:35,529 - INFO - 💾 Vorhersagen gespeichert unter: /opt/***/data/processed/predictions_hybrid_deep_model.csv
2025-06-08 21:33:44,069 - INFO - ✅ Predictions erfolgreich in MLflow geloggt

[2025-06-08T21:33:44.446+0000] {python.py:201} INFO - Done. Returned value was: None
[2025-06-08T21:33:44.455+0000] {taskinstance.py:1138} INFO - Marking task as SUCCESS. dag_id=deep_models_pipeline, task_id=predict_best_model, execution_date=20250608T211658, start_date=20250608T213324, end_date=20250608T213344
[2025-06-08T21:33:44.487+0000] {local_task_job_runner.py:234} INFO - Task exited with return code 0
[2025-06-08T21:33:44.503+0000] {taskinstance.py:3280} INFO - 0 downstream tasks scheduled from follow-on schedule check
