[2025-06-09T01:09:02.583+0000] {taskinstance.py:1956} INFO - Dependencies all met for dep_context=non-requeueable deps ti=<TaskInstance: deep_models_pipeline.train_deep_hybrid_model manual__2025-06-09T01:08:57.902270+00:00 [queued]>
[2025-06-09T01:09:02.589+0000] {taskinstance.py:1956} INFO - Dependencies all met for dep_context=requeueable deps ti=<TaskInstance: deep_models_pipeline.train_deep_hybrid_model manual__2025-06-09T01:08:57.902270+00:00 [queued]>
[2025-06-09T01:09:02.589+0000] {taskinstance.py:2170} INFO - Starting attempt 1 of 3
[2025-06-09T01:09:02.598+0000] {taskinstance.py:2191} INFO - Executing <Task(PythonOperator): train_deep_hybrid_model> on 2025-06-09 01:08:57.902270+00:00
[2025-06-09T01:09:02.605+0000] {standard_task_runner.py:60} INFO - Started process 305 to run task
[2025-06-09T01:09:02.606+0000] {standard_task_runner.py:87} INFO - Running: ['***', 'tasks', 'run', 'deep_models_pipeline', 'train_deep_hybrid_model', 'manual__2025-06-09T01:08:57.902270+00:00', '--job-id', '3667', '--raw', '--subdir', 'DAGS_FOLDER/train_deep_model_dag.py', '--cfg-path', '/tmp/tmpow9doozs']
[2025-06-09T01:09:02.608+0000] {standard_task_runner.py:88} INFO - Job 3667: Subtask train_deep_hybrid_model
[2025-06-09T01:09:02.637+0000] {task_command.py:423} INFO - Running <TaskInstance: deep_models_pipeline.train_deep_hybrid_model manual__2025-06-09T01:08:57.902270+00:00 [running]> on host 5e3f8e40fa89
[2025-06-09T01:09:02.692+0000] {taskinstance.py:2480} INFO - Exporting env vars: AIRFLOW_CTX_DAG_OWNER='***' AIRFLOW_CTX_DAG_ID='deep_models_pipeline' AIRFLOW_CTX_TASK_ID='train_deep_hybrid_model' AIRFLOW_CTX_EXECUTION_DATE='2025-06-09T01:08:57.902270+00:00' AIRFLOW_CTX_TRY_NUMBER='1' AIRFLOW_CTX_DAG_RUN_ID='manual__2025-06-09T01:08:57.902270+00:00'
[2025-06-09T01:09:02.693+0000] {train_deep_model_dag.py:13} INFO - 🟦 Running command: python /opt/***/src/models/train_hybrid_deep_model.py --n_neighbors=10 --latent_dim=64 --epochs=30 --tfidf_features=300
[2025-06-09T01:10:10.830+0000] {train_deep_model_dag.py:20} INFO - 🟩 [stdout]:
🏃 View run train_hybrid_deep_model at: https://dagshub.com/sacer11/MLOps_movie_rec_apr25.mlflow/#/experiments/10/runs/3073dd5105dd4b87af4ea6721fdc58b8
🧪 View experiment at: https://dagshub.com/sacer11/MLOps_movie_rec_apr25.mlflow/#/experiments/10

[2025-06-09T01:10:10.831+0000] {train_deep_model_dag.py:22} WARNING - 🟨 [stderr]:
2025-06-09 01:09:06,461 - __main__ - INFO - 📥 Lade Rohdaten und baue Hybrid-Feature-Matrix ...
2025-06-09 01:09:11,442 - __main__ - INFO - 📐 Hybrid-Matrix erstellt mit Shape: (10381, 1429), Feature-Namen: 1429
2025-06-09 01:09:21,714 - __main__ - INFO - 💾 Hybrid-Matrix gespeichert unter /opt/***/data/processed/hybrid_matrix.csv
2025-06-09 01:09:21,827 - __main__ - INFO - 🚀 Starte Training Autoencoder ...
2025-06-09 01:09:23,029 - __main__ - INFO - Epoch 1/30: Loss = 0.0119
2025-06-09 01:09:23,350 - __main__ - INFO - Epoch 2/30: Loss = 0.0069
2025-06-09 01:09:23,620 - __main__ - INFO - Epoch 3/30: Loss = 0.0059
2025-06-09 01:09:23,878 - __main__ - INFO - Epoch 4/30: Loss = 0.0055
2025-06-09 01:09:24,126 - __main__ - INFO - Epoch 5/30: Loss = 0.0052
2025-06-09 01:09:24,372 - __main__ - INFO - Epoch 6/30: Loss = 0.0050
2025-06-09 01:09:24,685 - __main__ - INFO - Epoch 7/30: Loss = 0.0048
2025-06-09 01:09:24,971 - __main__ - INFO - Epoch 8/30: Loss = 0.0047
2025-06-09 01:09:25,283 - __main__ - INFO - Epoch 9/30: Loss = 0.0046
2025-06-09 01:09:25,578 - __main__ - INFO - Epoch 10/30: Loss = 0.0045
2025-06-09 01:09:25,886 - __main__ - INFO - Epoch 11/30: Loss = 0.0044
2025-06-09 01:09:26,171 - __main__ - INFO - Epoch 12/30: Loss = 0.0043
2025-06-09 01:09:26,463 - __main__ - INFO - Epoch 13/30: Loss = 0.0043
2025-06-09 01:09:26,797 - __main__ - INFO - Epoch 14/30: Loss = 0.0042
2025-06-09 01:09:27,095 - __main__ - INFO - Epoch 15/30: Loss = 0.0042
2025-06-09 01:09:27,376 - __main__ - INFO - Epoch 16/30: Loss = 0.0042
2025-06-09 01:09:27,638 - __main__ - INFO - Epoch 17/30: Loss = 0.0041
2025-06-09 01:09:27,942 - __main__ - INFO - Epoch 18/30: Loss = 0.0041
2025-06-09 01:09:28,205 - __main__ - INFO - Epoch 19/30: Loss = 0.0041
2025-06-09 01:09:28,461 - __main__ - INFO - Epoch 20/30: Loss = 0.0041
2025-06-09 01:09:28,697 - __main__ - INFO - Epoch 21/30: Loss = 0.0040
2025-06-09 01:09:28,945 - __main__ - INFO - Epoch 22/30: Loss = 0.0040
2025-06-09 01:09:29,219 - __main__ - INFO - Epoch 23/30: Loss = 0.0040
2025-06-09 01:09:29,490 - __main__ - INFO - Epoch 24/30: Loss = 0.0040
2025-06-09 01:09:29,752 - __main__ - INFO - Epoch 25/30: Loss = 0.0040
2025-06-09 01:09:30,002 - __main__ - INFO - Epoch 26/30: Loss = 0.0039
2025-06-09 01:09:30,251 - __main__ - INFO - Epoch 27/30: Loss = 0.0039
2025-06-09 01:09:30,497 - __main__ - INFO - Epoch 28/30: Loss = 0.0039
2025-06-09 01:09:30,744 - __main__ - INFO - Epoch 29/30: Loss = 0.0039
2025-06-09 01:09:31,000 - __main__ - INFO - Epoch 30/30: Loss = 0.0039
2025-06-09 01:09:31,462 - __main__ - INFO - ✅ Hybrid-Embeddings gespeichert unter /opt/***/data/processed/hybrid_deep_embedding.csv
2025-06-09 01:09:31,462 - __main__ - INFO - ✅ Hybrid-Embeddings gespeichert unter /opt/***/data/processed/hybrid_deep_embedding.csv
2025-06-09 01:09:31,478 - __main__ - INFO - ✅ Deep KNN Modell gespeichert unter /opt/***/models/hybrid_deep_knn.pkl
2025/06/09 01:09:37 INFO mlflow.pyfunc: Validating input example against model signature

Downloading artifacts:   0%|          | 0/1 [00:00<?, ?it/s]
Downloading artifacts: 100%|██████████| 1/1 [00:00<00:00, 44.90it/s]
Downloading artifacts: 100%|██████████| 1/1 [00:00<00:00, 44.54it/s]
Registered model 'hybrid_deep_model' already exists. Creating a new version of this model...
2025/06/09 01:09:49 INFO mlflow.store.model_registry.abstract_store: Waiting up to 300 seconds for model version to finish creation. Model name: hybrid_deep_model, version 74
Created version '74' of model 'hybrid_deep_model'.
2025-06-09 01:10:05,840 - __main__ - INFO - 📝 Tags für Modellversion 74 gesetzt: n_neighbors=10, latent_dim=64, tfidf_features=300, epochs=30
2025-06-09 01:10:09,793 - __main__ - INFO - 🏁 Deep Hybrid-Model Training abgeschlossen und geloggt.

[2025-06-09T01:10:10.831+0000] {python.py:201} INFO - Done. Returned value was: None
[2025-06-09T01:10:10.839+0000] {taskinstance.py:1138} INFO - Marking task as SUCCESS. dag_id=deep_models_pipeline, task_id=train_deep_hybrid_model, execution_date=20250609T010857, start_date=20250609T010902, end_date=20250609T011010
[2025-06-09T01:10:10.854+0000] {local_task_job_runner.py:234} INFO - Task exited with return code 0
[2025-06-09T01:10:10.872+0000] {taskinstance.py:3280} INFO - 1 downstream tasks scheduled from follow-on schedule check
