[2025-06-02T01:52:56.215+0000] {taskinstance.py:1956} INFO - Dependencies all met for dep_context=non-requeueable deps ti=<TaskInstance: movie_recommendation_pipeline.import_raw_data manual__2025-06-02T01:52:55.165012+00:00 [queued]>
[2025-06-02T01:52:56.223+0000] {taskinstance.py:1956} INFO - Dependencies all met for dep_context=requeueable deps ti=<TaskInstance: movie_recommendation_pipeline.import_raw_data manual__2025-06-02T01:52:55.165012+00:00 [queued]>
[2025-06-02T01:52:56.223+0000] {taskinstance.py:2170} INFO - Starting attempt 1 of 3
[2025-06-02T01:52:56.232+0000] {taskinstance.py:2191} INFO - Executing <Task(PythonOperator): import_raw_data> on 2025-06-02 01:52:55.165012+00:00
[2025-06-02T01:52:56.239+0000] {standard_task_runner.py:60} INFO - Started process 199 to run task
[2025-06-02T01:52:56.241+0000] {standard_task_runner.py:87} INFO - Running: ['***', 'tasks', 'run', 'movie_recommendation_pipeline', 'import_raw_data', 'manual__2025-06-02T01:52:55.165012+00:00', '--job-id', '1388', '--raw', '--subdir', 'DAGS_FOLDER/mlops_movie_dag.py', '--cfg-path', '/tmp/tmpfwo5rsrc']
[2025-06-02T01:52:56.243+0000] {standard_task_runner.py:88} INFO - Job 1388: Subtask import_raw_data
[2025-06-02T01:52:56.282+0000] {task_command.py:423} INFO - Running <TaskInstance: movie_recommendation_pipeline.import_raw_data manual__2025-06-02T01:52:55.165012+00:00 [running]> on host b5a60ea2ec29
[2025-06-02T01:52:56.352+0000] {taskinstance.py:2480} INFO - Exporting env vars: AIRFLOW_CTX_DAG_OWNER='***' AIRFLOW_CTX_DAG_ID='movie_recommendation_pipeline' AIRFLOW_CTX_TASK_ID='import_raw_data' AIRFLOW_CTX_EXECUTION_DATE='2025-06-02T01:52:55.165012+00:00' AIRFLOW_CTX_TRY_NUMBER='1' AIRFLOW_CTX_DAG_RUN_ID='manual__2025-06-02T01:52:55.165012+00:00'
[2025-06-02T01:52:56.354+0000] {mlops_movie_dag.py:12} INFO - 🟦 Running command: python /opt/***/src/data/import_raw_data.py
[2025-06-02T01:52:56.583+0000] {mlops_movie_dag.py:18} INFO - 🟩 [stdout]:
✅ Datei bereits vorhanden, überspringe: genome-scores.csv
✅ Datei bereits vorhanden, überspringe: genome-tags.csv
✅ Datei bereits vorhanden, überspringe: links.csv
✅ Datei bereits vorhanden, überspringe: movies.csv
✅ Datei bereits vorhanden, überspringe: ratings.csv
✅ Datei bereits vorhanden, überspringe: README.txt
✅ Datei bereits vorhanden, überspringe: tags.csv

[2025-06-02T01:52:56.584+0000] {mlops_movie_dag.py:20} WARNING - 🟨 [stderr]:
2025-06-02 01:52:56,571 - __main__ - INFO - ✅ Rohdatenprüfung abgeschlossen.

[2025-06-02T01:52:56.585+0000] {python.py:201} INFO - Done. Returned value was: None
[2025-06-02T01:52:56.596+0000] {taskinstance.py:1138} INFO - Marking task as SUCCESS. dag_id=movie_recommendation_pipeline, task_id=import_raw_data, execution_date=20250602T015255, start_date=20250602T015256, end_date=20250602T015256
[2025-06-02T01:52:56.616+0000] {local_task_job_runner.py:234} INFO - Task exited with return code 0
[2025-06-02T01:52:56.636+0000] {taskinstance.py:3280} INFO - 1 downstream tasks scheduled from follow-on schedule check
