[2025-06-02T10:30:14.651+0000] {taskinstance.py:1956} INFO - Dependencies all met for dep_context=non-requeueable deps ti=<TaskInstance: movie_recommendation_pipeline.train_hybrid_model manual__2025-06-02T10:29:44.882184+00:00 [queued]>
[2025-06-02T10:30:14.657+0000] {taskinstance.py:1956} INFO - Dependencies all met for dep_context=requeueable deps ti=<TaskInstance: movie_recommendation_pipeline.train_hybrid_model manual__2025-06-02T10:29:44.882184+00:00 [queued]>
[2025-06-02T10:30:14.658+0000] {taskinstance.py:2170} INFO - Starting attempt 1 of 3
[2025-06-02T10:30:14.667+0000] {taskinstance.py:2191} INFO - Executing <Task(PythonOperator): train_hybrid_model> on 2025-06-02 10:29:44.882184+00:00
[2025-06-02T10:30:14.674+0000] {standard_task_runner.py:60} INFO - Started process 1596 to run task
[2025-06-02T10:30:14.676+0000] {standard_task_runner.py:87} INFO - Running: ['***', 'tasks', 'run', 'movie_recommendation_pipeline', 'train_hybrid_model', 'manual__2025-06-02T10:29:44.882184+00:00', '--job-id', '1680', '--raw', '--subdir', 'DAGS_FOLDER/mlops_movie_dag.py', '--cfg-path', '/tmp/tmpwpf2rnux']
[2025-06-02T10:30:14.677+0000] {standard_task_runner.py:88} INFO - Job 1680: Subtask train_hybrid_model
[2025-06-02T10:30:14.710+0000] {task_command.py:423} INFO - Running <TaskInstance: movie_recommendation_pipeline.train_hybrid_model manual__2025-06-02T10:29:44.882184+00:00 [running]> on host 6520fa36f146
[2025-06-02T10:30:14.767+0000] {taskinstance.py:2480} INFO - Exporting env vars: AIRFLOW_CTX_DAG_OWNER='***' AIRFLOW_CTX_DAG_ID='movie_recommendation_pipeline' AIRFLOW_CTX_TASK_ID='train_hybrid_model' AIRFLOW_CTX_EXECUTION_DATE='2025-06-02T10:29:44.882184+00:00' AIRFLOW_CTX_TRY_NUMBER='1' AIRFLOW_CTX_DAG_RUN_ID='manual__2025-06-02T10:29:44.882184+00:00'
[2025-06-02T10:30:14.768+0000] {mlops_movie_dag.py:12} INFO - 🟦 Running command: python /opt/***/src/models/train_hybrid_model.py --n_neighbors=39 --tfidf_features=1696
[2025-06-02T10:34:30.977+0000] {mlops_movie_dag.py:19} INFO - 🟩 [stdout]:
🏃 View run train_hybrid_model at: https://dagshub.com/sacer11/MLOps_movie_rec_apr25.mlflow/#/experiments/4/runs/329911e8cda4434c9b7f2c4d8b8ed9a8
🧪 View experiment at: https://dagshub.com/sacer11/MLOps_movie_rec_apr25.mlflow/#/experiments/4

[2025-06-02T10:34:30.979+0000] {mlops_movie_dag.py:21} WARNING - 🟨 [stderr]:
2025-06-02 10:30:17,140 - __main__ - INFO - 🚀 Starte Hybrid-Modelltraining
2025-06-02 10:30:21,202 - __main__ - INFO - 📥 Rohdaten erfolgreich geladen
2025-06-02 10:30:23,843 - __main__ - INFO - 📐 Hybrid-Matrix erstellt mit Shape: (10381, 2825), Feature-Namen: 2825
2025-06-02 10:30:23,975 - __main__ - INFO - 🤖 KNN-Modell trainiert
2025-06-02 10:30:39,226 - __main__ - INFO - ✅ Feature-Schema gespeichert unter /opt/***/data/processed/hybrid_matrix_features.txt
2025/06/02 10:31:00 INFO mlflow.pyfunc: Validating input example against model signature

Downloading artifacts:   0%|          | 0/1 [00:00<?, ?it/s]
Downloading artifacts: 100%|██████████| 1/1 [00:02<00:00,  2.13s/it]
Downloading artifacts: 100%|██████████| 1/1 [00:02<00:00,  2.13s/it]
Downloading artifacts: 100%|██████████| 1/1 [00:02<00:00,  2.13s/it]
Registered model 'movie_model' already exists. Creating a new version of this model...
2025/06/02 10:32:55 INFO mlflow.store.model_registry.abstract_store: Waiting up to 300 seconds for model version to finish creation. Model name: movie_model, version 109
Created version '109' of model 'movie_model'.
2025-06-02 10:34:30,104 - __main__ - INFO - 📝 Tags für Modellversion 109 gesetzt: n_neighbors=39, tfidf_features=1696
2025-06-02 10:34:30,472 - __main__ - INFO - ✅ Modell & Matrix erfolgreich gespeichert und in MLflow geloggt

[2025-06-02T10:34:30.979+0000] {python.py:201} INFO - Done. Returned value was: None
[2025-06-02T10:34:30.992+0000] {taskinstance.py:1138} INFO - Marking task as SUCCESS. dag_id=movie_recommendation_pipeline, task_id=train_hybrid_model, execution_date=20250602T102944, start_date=20250602T103014, end_date=20250602T103430
[2025-06-02T10:34:31.021+0000] {local_task_job_runner.py:234} INFO - Task exited with return code 0
[2025-06-02T10:34:31.044+0000] {taskinstance.py:3280} INFO - 1 downstream tasks scheduled from follow-on schedule check
