[2025-06-07T05:19:28.640+0000] {taskinstance.py:1956} INFO - Dependencies all met for dep_context=non-requeueable deps ti=<TaskInstance: deep_models_pipeline.train_deep_hybrid_model manual__2025-06-07T05:19:23.755325+00:00 [queued]>
[2025-06-07T05:19:28.646+0000] {taskinstance.py:1956} INFO - Dependencies all met for dep_context=requeueable deps ti=<TaskInstance: deep_models_pipeline.train_deep_hybrid_model manual__2025-06-07T05:19:23.755325+00:00 [queued]>
[2025-06-07T05:19:28.647+0000] {taskinstance.py:2170} INFO - Starting attempt 1 of 3
[2025-06-07T05:19:28.656+0000] {taskinstance.py:2191} INFO - Executing <Task(PythonOperator): train_deep_hybrid_model> on 2025-06-07 05:19:23.755325+00:00
[2025-06-07T05:19:28.662+0000] {standard_task_runner.py:60} INFO - Started process 314 to run task
[2025-06-07T05:19:28.663+0000] {standard_task_runner.py:87} INFO - Running: ['***', 'tasks', 'run', 'deep_models_pipeline', 'train_deep_hybrid_model', 'manual__2025-06-07T05:19:23.755325+00:00', '--job-id', '2454', '--raw', '--subdir', 'DAGS_FOLDER/train_deep_model_dag.py', '--cfg-path', '/tmp/tmpule12jiw']
[2025-06-07T05:19:28.665+0000] {standard_task_runner.py:88} INFO - Job 2454: Subtask train_deep_hybrid_model
[2025-06-07T05:19:28.703+0000] {task_command.py:423} INFO - Running <TaskInstance: deep_models_pipeline.train_deep_hybrid_model manual__2025-06-07T05:19:23.755325+00:00 [running]> on host 44e19f67b28d
[2025-06-07T05:19:28.765+0000] {taskinstance.py:2480} INFO - Exporting env vars: AIRFLOW_CTX_DAG_OWNER='***' AIRFLOW_CTX_DAG_ID='deep_models_pipeline' AIRFLOW_CTX_TASK_ID='train_deep_hybrid_model' AIRFLOW_CTX_EXECUTION_DATE='2025-06-07T05:19:23.755325+00:00' AIRFLOW_CTX_TRY_NUMBER='1' AIRFLOW_CTX_DAG_RUN_ID='manual__2025-06-07T05:19:23.755325+00:00'
[2025-06-07T05:19:28.765+0000] {train_deep_model_dag.py:13} INFO - 🟦 Running command: python /opt/***/src/models/train_hybrid_deep_model.py --n_neighbors=10 --latent_dim=64 --epochs=30 --tfidf_features=300
[2025-06-07T05:20:25.423+0000] {train_deep_model_dag.py:20} INFO - 🟩 [stdout]:
🏃 View run train_hybrid_deep_model at: https://dagshub.com/sacer11/MLOps_movie_rec_apr25.mlflow/#/experiments/10/runs/504eed9ea33a4fe0819a0cdfba5bf939
🧪 View experiment at: https://dagshub.com/sacer11/MLOps_movie_rec_apr25.mlflow/#/experiments/10

[2025-06-07T05:20:25.424+0000] {train_deep_model_dag.py:22} WARNING - 🟨 [stderr]:
/home/***/.local/lib/python3.10/site-packages/mlflow/pyfunc/utils/data_validation.py:186: UserWarning: [33mAdd type hints to the `predict` method to enable data validation and automatic signature inference during model logging. Check https://mlflow.org/docs/latest/model/python_model.html#type-hint-usage-in-pythonmodel for more details.[0m
  color_warning(
2025-06-07 05:19:33,040 - __main__ - INFO - 📥 Lade Rohdaten und baue Hybrid-Feature-Matrix ...
2025-06-07 05:19:37,880 - __main__ - INFO - 📐 Hybrid-Matrix erstellt mit Shape: (10381, 1429), Feature-Namen: 1429
2025-06-07 05:19:47,311 - __main__ - INFO - 💾 Hybrid-Matrix gespeichert unter /opt/***/data/processed/hybrid_matrix.csv
2025-06-07 05:19:47,397 - __main__ - INFO - 🚀 Starte Training Autoencoder ...
2025-06-07 05:19:48,377 - __main__ - INFO - Epoch 1/30: Loss = 0.0117
2025-06-07 05:19:48,629 - __main__ - INFO - Epoch 2/30: Loss = 0.0068
2025-06-07 05:19:48,900 - __main__ - INFO - Epoch 3/30: Loss = 0.0058
2025-06-07 05:19:49,141 - __main__ - INFO - Epoch 4/30: Loss = 0.0054
2025-06-07 05:19:49,403 - __main__ - INFO - Epoch 5/30: Loss = 0.0051
2025-06-07 05:19:49,677 - __main__ - INFO - Epoch 6/30: Loss = 0.0049
2025-06-07 05:19:49,920 - __main__ - INFO - Epoch 7/30: Loss = 0.0048
2025-06-07 05:19:50,152 - __main__ - INFO - Epoch 8/30: Loss = 0.0046
2025-06-07 05:19:50,372 - __main__ - INFO - Epoch 9/30: Loss = 0.0045
2025-06-07 05:19:50,607 - __main__ - INFO - Epoch 10/30: Loss = 0.0045
2025-06-07 05:19:50,846 - __main__ - INFO - Epoch 11/30: Loss = 0.0044
2025-06-07 05:19:51,075 - __main__ - INFO - Epoch 12/30: Loss = 0.0043
2025-06-07 05:19:51,308 - __main__ - INFO - Epoch 13/30: Loss = 0.0043
2025-06-07 05:19:51,544 - __main__ - INFO - Epoch 14/30: Loss = 0.0042
2025-06-07 05:19:51,792 - __main__ - INFO - Epoch 15/30: Loss = 0.0042
2025-06-07 05:19:52,034 - __main__ - INFO - Epoch 16/30: Loss = 0.0041
2025-06-07 05:19:52,281 - __main__ - INFO - Epoch 17/30: Loss = 0.0041
2025-06-07 05:19:52,518 - __main__ - INFO - Epoch 18/30: Loss = 0.0041
2025-06-07 05:19:52,767 - __main__ - INFO - Epoch 19/30: Loss = 0.0040
2025-06-07 05:19:53,012 - __main__ - INFO - Epoch 20/30: Loss = 0.0040
2025-06-07 05:19:53,256 - __main__ - INFO - Epoch 21/30: Loss = 0.0040
2025-06-07 05:19:53,506 - __main__ - INFO - Epoch 22/30: Loss = 0.0040
2025-06-07 05:19:53,754 - __main__ - INFO - Epoch 23/30: Loss = 0.0040
2025-06-07 05:19:54,011 - __main__ - INFO - Epoch 24/30: Loss = 0.0039
2025-06-07 05:19:54,235 - __main__ - INFO - Epoch 25/30: Loss = 0.0039
2025-06-07 05:19:54,488 - __main__ - INFO - Epoch 26/30: Loss = 0.0039
2025-06-07 05:19:54,728 - __main__ - INFO - Epoch 27/30: Loss = 0.0039
2025-06-07 05:19:54,985 - __main__ - INFO - Epoch 28/30: Loss = 0.0039
2025-06-07 05:19:55,234 - __main__ - INFO - Epoch 29/30: Loss = 0.0039
2025-06-07 05:19:55,475 - __main__ - INFO - Epoch 30/30: Loss = 0.0038
2025-06-07 05:19:55,912 - __main__ - INFO - ✅ Hybrid-Embeddings gespeichert unter /opt/***/data/processed/hybrid_deep_embedding.csv
2025-06-07 05:19:55,912 - __main__ - INFO - ✅ Hybrid-Embeddings gespeichert unter /opt/***/data/processed/hybrid_deep_embedding.csv
2025-06-07 05:19:55,928 - __main__ - INFO - ✅ Deep KNN Modell gespeichert unter /opt/***/models/hybrid_deep_knn.pkl
2025/06/07 05:20:02 INFO mlflow.pyfunc: Validating input example against model signature

Downloading artifacts:   0%|          | 0/1 [00:00<?, ?it/s]
Downloading artifacts: 100%|██████████| 1/1 [00:00<00:00, 56.23it/s]
Downloading artifacts: 100%|██████████| 1/1 [00:00<00:00, 55.79it/s]
Registered model 'hybrid_deep_model' already exists. Creating a new version of this model...
2025/06/07 05:20:12 INFO mlflow.store.model_registry.abstract_store: Waiting up to 300 seconds for model version to finish creation. Model name: hybrid_deep_model, version 7
Created version '7' of model 'hybrid_deep_model'.
2025-06-07 05:20:22,186 - __main__ - INFO - 📝 Tags für Modellversion 7 gesetzt: n_neighbors=10, latent_dim=64
2025-06-07 05:20:24,191 - __main__ - INFO - 🏁 Deep Hybrid-Model Training abgeschlossen und geloggt.

[2025-06-07T05:20:25.425+0000] {python.py:201} INFO - Done. Returned value was: None
[2025-06-07T05:20:25.436+0000] {taskinstance.py:1138} INFO - Marking task as SUCCESS. dag_id=deep_models_pipeline, task_id=train_deep_hybrid_model, execution_date=20250607T051923, start_date=20250607T051928, end_date=20250607T052025
[2025-06-07T05:20:25.486+0000] {local_task_job_runner.py:234} INFO - Task exited with return code 0
[2025-06-07T05:20:25.510+0000] {taskinstance.py:3280} INFO - 1 downstream tasks scheduled from follow-on schedule check
