[2025-06-08T18:31:13.500+0000] {taskinstance.py:1956} INFO - Dependencies all met for dep_context=non-requeueable deps ti=<TaskInstance: deep_models_pipeline.train_deep_hybrid_model manual__2025-06-08T18:31:09.095303+00:00 [queued]>
[2025-06-08T18:31:13.506+0000] {taskinstance.py:1956} INFO - Dependencies all met for dep_context=requeueable deps ti=<TaskInstance: deep_models_pipeline.train_deep_hybrid_model manual__2025-06-08T18:31:09.095303+00:00 [queued]>
[2025-06-08T18:31:13.507+0000] {taskinstance.py:2170} INFO - Starting attempt 1 of 3
[2025-06-08T18:31:13.516+0000] {taskinstance.py:2191} INFO - Executing <Task(PythonOperator): train_deep_hybrid_model> on 2025-06-08 18:31:09.095303+00:00
[2025-06-08T18:31:13.522+0000] {standard_task_runner.py:60} INFO - Started process 426 to run task
[2025-06-08T18:31:13.524+0000] {standard_task_runner.py:87} INFO - Running: ['***', 'tasks', 'run', 'deep_models_pipeline', 'train_deep_hybrid_model', 'manual__2025-06-08T18:31:09.095303+00:00', '--job-id', '3358', '--raw', '--subdir', 'DAGS_FOLDER/train_deep_model_dag.py', '--cfg-path', '/tmp/tmpzzgto7e4']
[2025-06-08T18:31:13.525+0000] {standard_task_runner.py:88} INFO - Job 3358: Subtask train_deep_hybrid_model
[2025-06-08T18:31:13.557+0000] {task_command.py:423} INFO - Running <TaskInstance: deep_models_pipeline.train_deep_hybrid_model manual__2025-06-08T18:31:09.095303+00:00 [running]> on host 7c6396ecf5f8
[2025-06-08T18:31:13.616+0000] {taskinstance.py:2480} INFO - Exporting env vars: AIRFLOW_CTX_DAG_OWNER='***' AIRFLOW_CTX_DAG_ID='deep_models_pipeline' AIRFLOW_CTX_TASK_ID='train_deep_hybrid_model' AIRFLOW_CTX_EXECUTION_DATE='2025-06-08T18:31:09.095303+00:00' AIRFLOW_CTX_TRY_NUMBER='1' AIRFLOW_CTX_DAG_RUN_ID='manual__2025-06-08T18:31:09.095303+00:00'
[2025-06-08T18:31:13.617+0000] {train_deep_model_dag.py:13} INFO - 🟦 Running command: python /opt/***/src/models/train_hybrid_deep_model.py --n_neighbors=15 --latent_dim=32 --epochs=30 --tfidf_features=300
[2025-06-08T18:32:13.068+0000] {train_deep_model_dag.py:20} INFO - 🟩 [stdout]:
🏃 View run train_hybrid_deep_model at: https://dagshub.com/sacer11/MLOps_movie_rec_apr25.mlflow/#/experiments/10/runs/52824ea738b841e1a9a99da59e477778
🧪 View experiment at: https://dagshub.com/sacer11/MLOps_movie_rec_apr25.mlflow/#/experiments/10

[2025-06-08T18:32:13.069+0000] {train_deep_model_dag.py:22} WARNING - 🟨 [stderr]:
2025-06-08 18:31:18,167 - __main__ - INFO - 📥 Lade Rohdaten und baue Hybrid-Feature-Matrix ...
2025-06-08 18:31:23,153 - __main__ - INFO - 📐 Hybrid-Matrix erstellt mit Shape: (10381, 1429), Feature-Namen: 1429
2025-06-08 18:31:32,661 - __main__ - INFO - 💾 Hybrid-Matrix gespeichert unter /opt/***/data/processed/hybrid_matrix.csv
2025-06-08 18:31:32,744 - __main__ - INFO - 🚀 Starte Training Autoencoder ...
2025-06-08 18:31:34,004 - __main__ - INFO - Epoch 1/30: Loss = 0.0123
2025-06-08 18:31:34,301 - __main__ - INFO - Epoch 2/30: Loss = 0.0073
2025-06-08 18:31:34,583 - __main__ - INFO - Epoch 3/30: Loss = 0.0062
2025-06-08 18:31:34,840 - __main__ - INFO - Epoch 4/30: Loss = 0.0057
2025-06-08 18:31:35,089 - __main__ - INFO - Epoch 5/30: Loss = 0.0055
2025-06-08 18:31:35,338 - __main__ - INFO - Epoch 6/30: Loss = 0.0053
2025-06-08 18:31:35,567 - __main__ - INFO - Epoch 7/30: Loss = 0.0051
2025-06-08 18:31:35,834 - __main__ - INFO - Epoch 8/30: Loss = 0.0051
2025-06-08 18:31:36,093 - __main__ - INFO - Epoch 9/30: Loss = 0.0050
2025-06-08 18:31:36,324 - __main__ - INFO - Epoch 10/30: Loss = 0.0049
2025-06-08 18:31:36,576 - __main__ - INFO - Epoch 11/30: Loss = 0.0048
2025-06-08 18:31:36,817 - __main__ - INFO - Epoch 12/30: Loss = 0.0048
2025-06-08 18:31:37,079 - __main__ - INFO - Epoch 13/30: Loss = 0.0048
2025-06-08 18:31:37,347 - __main__ - INFO - Epoch 14/30: Loss = 0.0047
2025-06-08 18:31:37,637 - __main__ - INFO - Epoch 15/30: Loss = 0.0047
2025-06-08 18:31:37,889 - __main__ - INFO - Epoch 16/30: Loss = 0.0047
2025-06-08 18:31:38,164 - __main__ - INFO - Epoch 17/30: Loss = 0.0046
2025-06-08 18:31:38,409 - __main__ - INFO - Epoch 18/30: Loss = 0.0046
2025-06-08 18:31:38,643 - __main__ - INFO - Epoch 19/30: Loss = 0.0046
2025-06-08 18:31:38,880 - __main__ - INFO - Epoch 20/30: Loss = 0.0045
2025-06-08 18:31:39,108 - __main__ - INFO - Epoch 21/30: Loss = 0.0045
2025-06-08 18:31:39,341 - __main__ - INFO - Epoch 22/30: Loss = 0.0045
2025-06-08 18:31:39,590 - __main__ - INFO - Epoch 23/30: Loss = 0.0045
2025-06-08 18:31:39,823 - __main__ - INFO - Epoch 24/30: Loss = 0.0045
2025-06-08 18:31:40,074 - __main__ - INFO - Epoch 25/30: Loss = 0.0045
2025-06-08 18:31:40,313 - __main__ - INFO - Epoch 26/30: Loss = 0.0044
2025-06-08 18:31:40,557 - __main__ - INFO - Epoch 27/30: Loss = 0.0044
2025-06-08 18:31:40,796 - __main__ - INFO - Epoch 28/30: Loss = 0.0044
2025-06-08 18:31:41,034 - __main__ - INFO - Epoch 29/30: Loss = 0.0044
2025-06-08 18:31:41,304 - __main__ - INFO - Epoch 30/30: Loss = 0.0044
2025-06-08 18:31:41,550 - __main__ - INFO - ✅ Hybrid-Embeddings gespeichert unter /opt/***/data/processed/hybrid_deep_embedding.csv
2025-06-08 18:31:41,550 - __main__ - INFO - ✅ Hybrid-Embeddings gespeichert unter /opt/***/data/processed/hybrid_deep_embedding.csv
2025-06-08 18:31:41,561 - __main__ - INFO - ✅ Deep KNN Modell gespeichert unter /opt/***/models/hybrid_deep_knn.pkl
2025/06/08 18:31:46 INFO mlflow.pyfunc: Validating input example against model signature

Downloading artifacts:   0%|          | 0/1 [00:00<?, ?it/s]
Downloading artifacts: 100%|██████████| 1/1 [00:00<00:00, 86.47it/s]
Downloading artifacts: 100%|██████████| 1/1 [00:00<00:00, 85.58it/s]
Registered model 'hybrid_deep_model' already exists. Creating a new version of this model...
2025/06/08 18:31:56 INFO mlflow.store.model_registry.abstract_store: Waiting up to 300 seconds for model version to finish creation. Model name: hybrid_deep_model, version 36
Created version '36' of model 'hybrid_deep_model'.
2025-06-08 18:32:09,885 - __main__ - INFO - 📝 Tags für Modellversion 36 gesetzt: n_neighbors=15, latent_dim=32, tfidf_features=300, epochs=30
2025-06-08 18:32:11,894 - __main__ - INFO - 🏁 Deep Hybrid-Model Training abgeschlossen und geloggt.

[2025-06-08T18:32:13.069+0000] {python.py:201} INFO - Done. Returned value was: None
[2025-06-08T18:32:13.079+0000] {taskinstance.py:1138} INFO - Marking task as SUCCESS. dag_id=deep_models_pipeline, task_id=train_deep_hybrid_model, execution_date=20250608T183109, start_date=20250608T183113, end_date=20250608T183213
[2025-06-08T18:32:13.109+0000] {local_task_job_runner.py:234} INFO - Task exited with return code 0
[2025-06-08T18:32:13.131+0000] {taskinstance.py:3280} INFO - 1 downstream tasks scheduled from follow-on schedule check
