[2025-06-08T23:07:55.579+0000] {taskinstance.py:1956} INFO - Dependencies all met for dep_context=non-requeueable deps ti=<TaskInstance: deep_models_pipeline.train_deep_hybrid_model manual__2025-06-08T23:07:49.731696+00:00 [queued]>
[2025-06-08T23:07:55.584+0000] {taskinstance.py:1956} INFO - Dependencies all met for dep_context=requeueable deps ti=<TaskInstance: deep_models_pipeline.train_deep_hybrid_model manual__2025-06-08T23:07:49.731696+00:00 [queued]>
[2025-06-08T23:07:55.584+0000] {taskinstance.py:2170} INFO - Starting attempt 1 of 3
[2025-06-08T23:07:55.593+0000] {taskinstance.py:2191} INFO - Executing <Task(PythonOperator): train_deep_hybrid_model> on 2025-06-08 23:07:49.731696+00:00
[2025-06-08T23:07:55.598+0000] {standard_task_runner.py:60} INFO - Started process 304 to run task
[2025-06-08T23:07:55.600+0000] {standard_task_runner.py:87} INFO - Running: ['***', 'tasks', 'run', 'deep_models_pipeline', 'train_deep_hybrid_model', 'manual__2025-06-08T23:07:49.731696+00:00', '--job-id', '3562', '--raw', '--subdir', 'DAGS_FOLDER/train_deep_model_dag.py', '--cfg-path', '/tmp/tmpqhpg8e10']
[2025-06-08T23:07:55.601+0000] {standard_task_runner.py:88} INFO - Job 3562: Subtask train_deep_hybrid_model
[2025-06-08T23:07:55.630+0000] {task_command.py:423} INFO - Running <TaskInstance: deep_models_pipeline.train_deep_hybrid_model manual__2025-06-08T23:07:49.731696+00:00 [running]> on host efeac2ed64f9
[2025-06-08T23:07:55.684+0000] {taskinstance.py:2480} INFO - Exporting env vars: AIRFLOW_CTX_DAG_OWNER='***' AIRFLOW_CTX_DAG_ID='deep_models_pipeline' AIRFLOW_CTX_TASK_ID='train_deep_hybrid_model' AIRFLOW_CTX_EXECUTION_DATE='2025-06-08T23:07:49.731696+00:00' AIRFLOW_CTX_TRY_NUMBER='1' AIRFLOW_CTX_DAG_RUN_ID='manual__2025-06-08T23:07:49.731696+00:00'
[2025-06-08T23:07:55.685+0000] {train_deep_model_dag.py:13} INFO - 🟦 Running command: python /opt/***/src/models/train_hybrid_deep_model.py --n_neighbors=10 --latent_dim=64 --epochs=30 --tfidf_features=300
[2025-06-08T23:08:57.508+0000] {train_deep_model_dag.py:20} INFO - 🟩 [stdout]:
🏃 View run train_hybrid_deep_model at: https://dagshub.com/sacer11/MLOps_movie_rec_apr25.mlflow/#/experiments/10/runs/6fc372cf4ffa4435b81f0c8f2419083e
🧪 View experiment at: https://dagshub.com/sacer11/MLOps_movie_rec_apr25.mlflow/#/experiments/10

[2025-06-08T23:08:57.509+0000] {train_deep_model_dag.py:22} WARNING - 🟨 [stderr]:
2025-06-08 23:08:00,493 - __main__ - INFO - 📥 Lade Rohdaten und baue Hybrid-Feature-Matrix ...
2025-06-08 23:08:05,940 - __main__ - INFO - 📐 Hybrid-Matrix erstellt mit Shape: (10381, 1429), Feature-Namen: 1429
2025-06-08 23:08:16,225 - __main__ - INFO - 💾 Hybrid-Matrix gespeichert unter /opt/***/data/processed/hybrid_matrix.csv
2025-06-08 23:08:16,336 - __main__ - INFO - 🚀 Starte Training Autoencoder ...
2025-06-08 23:08:17,796 - __main__ - INFO - Epoch 1/30: Loss = 0.0116
2025-06-08 23:08:18,074 - __main__ - INFO - Epoch 2/30: Loss = 0.0068
2025-06-08 23:08:18,347 - __main__ - INFO - Epoch 3/30: Loss = 0.0058
2025-06-08 23:08:18,586 - __main__ - INFO - Epoch 4/30: Loss = 0.0054
2025-06-08 23:08:18,906 - __main__ - INFO - Epoch 5/30: Loss = 0.0051
2025-06-08 23:08:19,140 - __main__ - INFO - Epoch 6/30: Loss = 0.0049
2025-06-08 23:08:19,393 - __main__ - INFO - Epoch 7/30: Loss = 0.0047
2025-06-08 23:08:19,648 - __main__ - INFO - Epoch 8/30: Loss = 0.0046
2025-06-08 23:08:19,884 - __main__ - INFO - Epoch 9/30: Loss = 0.0045
2025-06-08 23:08:20,155 - __main__ - INFO - Epoch 10/30: Loss = 0.0044
2025-06-08 23:08:20,410 - __main__ - INFO - Epoch 11/30: Loss = 0.0044
2025-06-08 23:08:20,645 - __main__ - INFO - Epoch 12/30: Loss = 0.0043
2025-06-08 23:08:20,911 - __main__ - INFO - Epoch 13/30: Loss = 0.0043
2025-06-08 23:08:21,165 - __main__ - INFO - Epoch 14/30: Loss = 0.0042
2025-06-08 23:08:21,425 - __main__ - INFO - Epoch 15/30: Loss = 0.0042
2025-06-08 23:08:21,707 - __main__ - INFO - Epoch 16/30: Loss = 0.0041
2025-06-08 23:08:21,942 - __main__ - INFO - Epoch 17/30: Loss = 0.0041
2025-06-08 23:08:22,171 - __main__ - INFO - Epoch 18/30: Loss = 0.0041
2025-06-08 23:08:22,416 - __main__ - INFO - Epoch 19/30: Loss = 0.0041
2025-06-08 23:08:22,684 - __main__ - INFO - Epoch 20/30: Loss = 0.0040
2025-06-08 23:08:22,926 - __main__ - INFO - Epoch 21/30: Loss = 0.0040
2025-06-08 23:08:23,167 - __main__ - INFO - Epoch 22/30: Loss = 0.0040
2025-06-08 23:08:23,449 - __main__ - INFO - Epoch 23/30: Loss = 0.0040
2025-06-08 23:08:23,705 - __main__ - INFO - Epoch 24/30: Loss = 0.0040
2025-06-08 23:08:23,960 - __main__ - INFO - Epoch 25/30: Loss = 0.0039
2025-06-08 23:08:24,213 - __main__ - INFO - Epoch 26/30: Loss = 0.0039
2025-06-08 23:08:24,473 - __main__ - INFO - Epoch 27/30: Loss = 0.0039
2025-06-08 23:08:24,740 - __main__ - INFO - Epoch 28/30: Loss = 0.0039
2025-06-08 23:08:25,013 - __main__ - INFO - Epoch 29/30: Loss = 0.0039
2025-06-08 23:08:25,283 - __main__ - INFO - Epoch 30/30: Loss = 0.0039
2025-06-08 23:08:25,729 - __main__ - INFO - ✅ Hybrid-Embeddings gespeichert unter /opt/***/data/processed/hybrid_deep_embedding.csv
2025-06-08 23:08:25,729 - __main__ - INFO - ✅ Hybrid-Embeddings gespeichert unter /opt/***/data/processed/hybrid_deep_embedding.csv
2025-06-08 23:08:25,747 - __main__ - INFO - ✅ Deep KNN Modell gespeichert unter /opt/***/models/hybrid_deep_knn.pkl
2025/06/08 23:08:32 INFO mlflow.pyfunc: Validating input example against model signature

Downloading artifacts:   0%|          | 0/1 [00:00<?, ?it/s]
Downloading artifacts: 100%|██████████| 1/1 [00:00<00:00, 42.85it/s]
Downloading artifacts: 100%|██████████| 1/1 [00:00<00:00, 42.41it/s]
Registered model 'hybrid_deep_model' already exists. Creating a new version of this model...
2025/06/08 23:08:42 INFO mlflow.store.model_registry.abstract_store: Waiting up to 300 seconds for model version to finish creation. Model name: hybrid_deep_model, version 58
Created version '58' of model 'hybrid_deep_model'.
2025-06-08 23:08:54,086 - __main__ - INFO - 📝 Tags für Modellversion 58 gesetzt: n_neighbors=10, latent_dim=64, tfidf_features=300, epochs=30
2025-06-08 23:08:56,087 - __main__ - INFO - 🏁 Deep Hybrid-Model Training abgeschlossen und geloggt.

[2025-06-08T23:08:57.510+0000] {python.py:201} INFO - Done. Returned value was: None
[2025-06-08T23:08:57.520+0000] {taskinstance.py:1138} INFO - Marking task as SUCCESS. dag_id=deep_models_pipeline, task_id=train_deep_hybrid_model, execution_date=20250608T230749, start_date=20250608T230755, end_date=20250608T230857
[2025-06-08T23:08:57.575+0000] {local_task_job_runner.py:234} INFO - Task exited with return code 0
[2025-06-08T23:08:57.596+0000] {taskinstance.py:3280} INFO - 1 downstream tasks scheduled from follow-on schedule check
