[2025-06-06T21:15:53.235+0000] {taskinstance.py:1956} INFO - Dependencies all met for dep_context=non-requeueable deps ti=<TaskInstance: deep_models_pipeline.train_deep_hybrid_model manual__2025-06-06T21:15:47.243535+00:00 [queued]>
[2025-06-06T21:15:53.241+0000] {taskinstance.py:1956} INFO - Dependencies all met for dep_context=requeueable deps ti=<TaskInstance: deep_models_pipeline.train_deep_hybrid_model manual__2025-06-06T21:15:47.243535+00:00 [queued]>
[2025-06-06T21:15:53.242+0000] {taskinstance.py:2170} INFO - Starting attempt 1 of 3
[2025-06-06T21:15:53.252+0000] {taskinstance.py:2191} INFO - Executing <Task(PythonOperator): train_deep_hybrid_model> on 2025-06-06 21:15:47.243535+00:00
[2025-06-06T21:15:53.259+0000] {standard_task_runner.py:60} INFO - Started process 326 to run task
[2025-06-06T21:15:53.261+0000] {standard_task_runner.py:87} INFO - Running: ['***', 'tasks', 'run', 'deep_models_pipeline', 'train_deep_hybrid_model', 'manual__2025-06-06T21:15:47.243535+00:00', '--job-id', '2286', '--raw', '--subdir', 'DAGS_FOLDER/train_deep_model_dag.py', '--cfg-path', '/tmp/tmpui3tmk4n']
[2025-06-06T21:15:53.264+0000] {standard_task_runner.py:88} INFO - Job 2286: Subtask train_deep_hybrid_model
[2025-06-06T21:15:53.301+0000] {task_command.py:423} INFO - Running <TaskInstance: deep_models_pipeline.train_deep_hybrid_model manual__2025-06-06T21:15:47.243535+00:00 [running]> on host fa7df0d4030e
[2025-06-06T21:15:53.361+0000] {taskinstance.py:2480} INFO - Exporting env vars: AIRFLOW_CTX_DAG_OWNER='***' AIRFLOW_CTX_DAG_ID='deep_models_pipeline' AIRFLOW_CTX_TASK_ID='train_deep_hybrid_model' AIRFLOW_CTX_EXECUTION_DATE='2025-06-06T21:15:47.243535+00:00' AIRFLOW_CTX_TRY_NUMBER='1' AIRFLOW_CTX_DAG_RUN_ID='manual__2025-06-06T21:15:47.243535+00:00'
[2025-06-06T21:15:53.362+0000] {train_deep_model_dag.py:13} INFO - 🟦 Running command: python /opt/***/src/models/train_hybrid_deep_model.py --n_neighbors=10 --latent_dim=32 --epochs=30 --tfidf_features=300
[2025-06-06T21:16:52.818+0000] {train_deep_model_dag.py:20} INFO - 🟩 [stdout]:
🏃 View run train_hybrid_deep_model at: https://dagshub.com/sacer11/MLOps_movie_rec_apr25.mlflow/#/experiments/10/runs/1507679088d54c68a14c954985a2c692
🧪 View experiment at: https://dagshub.com/sacer11/MLOps_movie_rec_apr25.mlflow/#/experiments/10

[2025-06-06T21:16:52.819+0000] {train_deep_model_dag.py:22} WARNING - 🟨 [stderr]:
/home/***/.local/lib/python3.10/site-packages/mlflow/pyfunc/utils/data_validation.py:186: UserWarning: [33mAdd type hints to the `predict` method to enable data validation and automatic signature inference during model logging. Check https://mlflow.org/docs/latest/model/python_model.html#type-hint-usage-in-pythonmodel for more details.[0m
  color_warning(
2025-06-06 21:15:57,737 - __main__ - INFO - 📥 Lade Rohdaten und baue Hybrid-Feature-Matrix ...
2025-06-06 21:16:03,427 - __main__ - INFO - 📐 Hybrid-Matrix erstellt mit Shape: (10381, 1429), Feature-Namen: 1429
2025-06-06 21:16:13,010 - __main__ - INFO - 💾 Hybrid-Matrix gespeichert unter /opt/***/data/processed/hybrid_matrix.csv
2025-06-06 21:16:13,241 - __main__ - INFO - 🚀 Starte Training Autoencoder ...
2025-06-06 21:16:14,695 - __main__ - INFO - Epoch 1/30: Loss = 0.0123
2025-06-06 21:16:14,990 - __main__ - INFO - Epoch 2/30: Loss = 0.0071
2025-06-06 21:16:15,317 - __main__ - INFO - Epoch 3/30: Loss = 0.0061
2025-06-06 21:16:15,606 - __main__ - INFO - Epoch 4/30: Loss = 0.0057
2025-06-06 21:16:15,859 - __main__ - INFO - Epoch 5/30: Loss = 0.0054
2025-06-06 21:16:16,134 - __main__ - INFO - Epoch 6/30: Loss = 0.0052
2025-06-06 21:16:16,402 - __main__ - INFO - Epoch 7/30: Loss = 0.0051
2025-06-06 21:16:16,656 - __main__ - INFO - Epoch 8/30: Loss = 0.0050
2025-06-06 21:16:16,923 - __main__ - INFO - Epoch 9/30: Loss = 0.0049
2025-06-06 21:16:17,196 - __main__ - INFO - Epoch 10/30: Loss = 0.0049
2025-06-06 21:16:17,470 - __main__ - INFO - Epoch 11/30: Loss = 0.0048
2025-06-06 21:16:17,726 - __main__ - INFO - Epoch 12/30: Loss = 0.0048
2025-06-06 21:16:17,991 - __main__ - INFO - Epoch 13/30: Loss = 0.0047
2025-06-06 21:16:18,280 - __main__ - INFO - Epoch 14/30: Loss = 0.0047
2025-06-06 21:16:18,560 - __main__ - INFO - Epoch 15/30: Loss = 0.0047
2025-06-06 21:16:18,844 - __main__ - INFO - Epoch 16/30: Loss = 0.0046
2025-06-06 21:16:19,143 - __main__ - INFO - Epoch 17/30: Loss = 0.0046
2025-06-06 21:16:19,423 - __main__ - INFO - Epoch 18/30: Loss = 0.0046
2025-06-06 21:16:19,699 - __main__ - INFO - Epoch 19/30: Loss = 0.0046
2025-06-06 21:16:19,962 - __main__ - INFO - Epoch 20/30: Loss = 0.0045
2025-06-06 21:16:20,244 - __main__ - INFO - Epoch 21/30: Loss = 0.0045
2025-06-06 21:16:20,513 - __main__ - INFO - Epoch 22/30: Loss = 0.0045
2025-06-06 21:16:20,791 - __main__ - INFO - Epoch 23/30: Loss = 0.0045
2025-06-06 21:16:21,051 - __main__ - INFO - Epoch 24/30: Loss = 0.0045
2025-06-06 21:16:21,329 - __main__ - INFO - Epoch 25/30: Loss = 0.0044
2025-06-06 21:16:21,614 - __main__ - INFO - Epoch 26/30: Loss = 0.0044
2025-06-06 21:16:21,885 - __main__ - INFO - Epoch 27/30: Loss = 0.0044
2025-06-06 21:16:22,172 - __main__ - INFO - Epoch 28/30: Loss = 0.0044
2025-06-06 21:16:22,484 - __main__ - INFO - Epoch 29/30: Loss = 0.0044
2025-06-06 21:16:22,777 - __main__ - INFO - Epoch 30/30: Loss = 0.0044
2025-06-06 21:16:23,018 - __main__ - INFO - ✅ Hybrid-Embeddings gespeichert unter /opt/***/data/processed/hybrid_deep_embedding.csv
2025-06-06 21:16:23,018 - __main__ - INFO - ✅ Hybrid-Embeddings gespeichert unter /opt/***/data/processed/hybrid_deep_embedding.csv
2025-06-06 21:16:23,029 - __main__ - INFO - ✅ Deep KNN Modell gespeichert unter /opt/***/models/hybrid_deep_knn.pkl
2025/06/06 21:16:28 INFO mlflow.pyfunc: Validating input example against model signature

Downloading artifacts:   0%|          | 0/1 [00:00<?, ?it/s]
Downloading artifacts: 100%|██████████| 1/1 [00:00<00:00, 79.58it/s]
Downloading artifacts: 100%|██████████| 1/1 [00:00<00:00, 78.01it/s]
Registered model 'hybrid_deep_model' already exists. Creating a new version of this model...
2025/06/06 21:16:38 INFO mlflow.store.model_registry.abstract_store: Waiting up to 300 seconds for model version to finish creation. Model name: hybrid_deep_model, version 8
Created version '8' of model 'hybrid_deep_model'.
2025-06-06 21:16:49,331 - __main__ - INFO - 📝 Tags für Modellversion 8 gesetzt: n_neighbors=10, latent_dim=32
2025-06-06 21:16:51,295 - __main__ - INFO - 🏁 Deep Hybrid-Model Training abgeschlossen und geloggt.

[2025-06-06T21:16:52.820+0000] {python.py:201} INFO - Done. Returned value was: None
[2025-06-06T21:16:52.832+0000] {taskinstance.py:1138} INFO - Marking task as SUCCESS. dag_id=deep_models_pipeline, task_id=train_deep_hybrid_model, execution_date=20250606T211547, start_date=20250606T211553, end_date=20250606T211652
[2025-06-06T21:16:52.879+0000] {local_task_job_runner.py:234} INFO - Task exited with return code 0
[2025-06-06T21:16:52.900+0000] {taskinstance.py:3280} INFO - 1 downstream tasks scheduled from follow-on schedule check
