[2025-06-09T00:42:37.073+0000] {taskinstance.py:1956} INFO - Dependencies all met for dep_context=non-requeueable deps ti=<TaskInstance: bento_api_pipeline.bento_train manual__2025-06-09T00:36:53.481458+00:00 [queued]>
[2025-06-09T00:42:37.079+0000] {taskinstance.py:1956} INFO - Dependencies all met for dep_context=requeueable deps ti=<TaskInstance: bento_api_pipeline.bento_train manual__2025-06-09T00:36:53.481458+00:00 [queued]>
[2025-06-09T00:42:37.080+0000] {taskinstance.py:2170} INFO - Starting attempt 3 of 3
[2025-06-09T00:42:37.089+0000] {taskinstance.py:2191} INFO - Executing <Task(PythonOperator): bento_train> on 2025-06-09 00:36:53.481458+00:00
[2025-06-09T00:42:37.098+0000] {standard_task_runner.py:60} INFO - Started process 323 to run task
[2025-06-09T00:42:37.099+0000] {standard_task_runner.py:87} INFO - Running: ['***', 'tasks', 'run', 'bento_api_pipeline', 'bento_train', 'manual__2025-06-09T00:36:53.481458+00:00', '--job-id', '3651', '--raw', '--subdir', 'DAGS_FOLDER/bento_api_pipeline.py', '--cfg-path', '/tmp/tmpw638mldq']
[2025-06-09T00:42:37.101+0000] {standard_task_runner.py:88} INFO - Job 3651: Subtask bento_train
[2025-06-09T00:42:37.136+0000] {task_command.py:423} INFO - Running <TaskInstance: bento_api_pipeline.bento_train manual__2025-06-09T00:36:53.481458+00:00 [running]> on host 98d378487119
[2025-06-09T00:42:37.189+0000] {taskinstance.py:2480} INFO - Exporting env vars: AIRFLOW_CTX_DAG_OWNER='***' AIRFLOW_CTX_DAG_ID='bento_api_pipeline' AIRFLOW_CTX_TASK_ID='bento_train' AIRFLOW_CTX_EXECUTION_DATE='2025-06-09T00:36:53.481458+00:00' AIRFLOW_CTX_TRY_NUMBER='3' AIRFLOW_CTX_DAG_RUN_ID='manual__2025-06-09T00:36:53.481458+00:00'
[2025-06-09T00:43:37.197+0000] {bento_api_pipeline.py:31} INFO - BentoML-Training API Response: 504 {"error":"Not able to process the request in 60 seconds"}
[2025-06-09T00:43:37.198+0000] {bento_api_pipeline.py:38} ERROR - Fehler im Training-Call: BentoML Training Error: {'error': 'Not able to process the request in 60 seconds'}
[2025-06-09T00:43:37.199+0000] {taskinstance.py:2698} ERROR - Task failed with exception
Traceback (most recent call last):
  File "/home/airflow/.local/lib/python3.10/site-packages/airflow/models/taskinstance.py", line 433, in _execute_task
    result = execute_callable(context=context, **execute_callable_kwargs)
  File "/home/airflow/.local/lib/python3.10/site-packages/airflow/operators/python.py", line 199, in execute
    return_value = self.execute_callable()
  File "/home/airflow/.local/lib/python3.10/site-packages/airflow/operators/python.py", line 216, in execute_callable
    return self.python_callable(*self.op_args, **self.op_kwargs)
  File "/opt/airflow/dags/bento_api_pipeline.py", line 35, in trigger_bento_training
    raise Exception(f"BentoML Training Error: {resp_json}")
Exception: BentoML Training Error: {'error': 'Not able to process the request in 60 seconds'}
[2025-06-09T00:43:37.209+0000] {taskinstance.py:1138} INFO - Marking task as FAILED. dag_id=bento_api_pipeline, task_id=bento_train, execution_date=20250609T003653, start_date=20250609T004237, end_date=20250609T004337
[2025-06-09T00:43:37.224+0000] {standard_task_runner.py:107} ERROR - Failed to execute job 3651 for task bento_train (BentoML Training Error: {'error': 'Not able to process the request in 60 seconds'}; 323)
[2025-06-09T00:43:37.234+0000] {local_task_job_runner.py:234} INFO - Task exited with return code 1
[2025-06-09T00:43:37.249+0000] {taskinstance.py:3280} INFO - 0 downstream tasks scheduled from follow-on schedule check
