[2025-06-02T16:53:34.585+0000] {taskinstance.py:1956} INFO - Dependencies all met for dep_context=non-requeueable deps ti=<TaskInstance: deep_models_pipeline.train_deep_hybrid_model manual__2025-06-02T16:53:34.182118+00:00 [queued]>
[2025-06-02T16:53:34.591+0000] {taskinstance.py:1956} INFO - Dependencies all met for dep_context=requeueable deps ti=<TaskInstance: deep_models_pipeline.train_deep_hybrid_model manual__2025-06-02T16:53:34.182118+00:00 [queued]>
[2025-06-02T16:53:34.591+0000] {taskinstance.py:2170} INFO - Starting attempt 1 of 1
[2025-06-02T16:53:34.603+0000] {taskinstance.py:2191} INFO - Executing <Task(BashOperator): train_deep_hybrid_model> on 2025-06-02 16:53:34.182118+00:00
[2025-06-02T16:53:34.608+0000] {standard_task_runner.py:60} INFO - Started process 211 to run task
[2025-06-02T16:53:34.611+0000] {standard_task_runner.py:87} INFO - Running: ['***', 'tasks', 'run', 'deep_models_pipeline', 'train_deep_hybrid_model', 'manual__2025-06-02T16:53:34.182118+00:00', '--job-id', '1708', '--raw', '--subdir', 'DAGS_FOLDER/train_deep_model_dag.py', '--cfg-path', '/tmp/tmp61x4rh3g']
[2025-06-02T16:53:34.613+0000] {standard_task_runner.py:88} INFO - Job 1708: Subtask train_deep_hybrid_model
[2025-06-02T16:53:34.651+0000] {task_command.py:423} INFO - Running <TaskInstance: deep_models_pipeline.train_deep_hybrid_model manual__2025-06-02T16:53:34.182118+00:00 [running]> on host 85a65436d518
[2025-06-02T16:53:34.710+0000] {taskinstance.py:2480} INFO - Exporting env vars: AIRFLOW_CTX_DAG_OWNER='***' AIRFLOW_CTX_DAG_ID='deep_models_pipeline' AIRFLOW_CTX_TASK_ID='train_deep_hybrid_model' AIRFLOW_CTX_EXECUTION_DATE='2025-06-02T16:53:34.182118+00:00' AIRFLOW_CTX_TRY_NUMBER='1' AIRFLOW_CTX_DAG_RUN_ID='manual__2025-06-02T16:53:34.182118+00:00'
[2025-06-02T16:53:34.711+0000] {subprocess.py:63} INFO - Tmp dir root location: /tmp
[2025-06-02T16:53:34.712+0000] {subprocess.py:75} INFO - Running command: ['/usr/bin/bash', '-c', 'python /opt/***/src/models/train_hybrid_deep_model.py']
[2025-06-02T16:53:34.720+0000] {subprocess.py:86} INFO - Output:
[2025-06-02T16:53:38.651+0000] {subprocess.py:93} INFO - 2025/06/02 16:53:38 INFO mlflow.tracking.fluent: Experiment with name 'movie_hybrid_deep_model' does not exist. Creating a new experiment.
[2025-06-02T16:54:09.270+0000] {subprocess.py:93} INFO - Epoch 1/30: Loss = 0.0064
[2025-06-02T16:54:09.271+0000] {subprocess.py:93} INFO - Epoch 2/30: Loss = 0.0039
[2025-06-02T16:54:09.271+0000] {subprocess.py:93} INFO - Epoch 3/30: Loss = 0.0033
[2025-06-02T16:54:09.271+0000] {subprocess.py:93} INFO - Epoch 4/30: Loss = 0.0031
[2025-06-02T16:54:09.272+0000] {subprocess.py:93} INFO - Epoch 5/30: Loss = 0.0029
[2025-06-02T16:54:09.272+0000] {subprocess.py:93} INFO - Epoch 6/30: Loss = 0.0028
[2025-06-02T16:54:09.273+0000] {subprocess.py:93} INFO - Epoch 7/30: Loss = 0.0027
[2025-06-02T16:54:09.273+0000] {subprocess.py:93} INFO - Epoch 8/30: Loss = 0.0026
[2025-06-02T16:54:09.273+0000] {subprocess.py:93} INFO - Epoch 9/30: Loss = 0.0026
[2025-06-02T16:54:09.274+0000] {subprocess.py:93} INFO - Epoch 10/30: Loss = 0.0025
[2025-06-02T16:54:09.274+0000] {subprocess.py:93} INFO - Epoch 11/30: Loss = 0.0025
[2025-06-02T16:54:09.275+0000] {subprocess.py:93} INFO - Epoch 12/30: Loss = 0.0025
[2025-06-02T16:54:09.275+0000] {subprocess.py:93} INFO - Epoch 13/30: Loss = 0.0024
[2025-06-02T16:54:09.276+0000] {subprocess.py:93} INFO - Epoch 14/30: Loss = 0.0024
[2025-06-02T16:54:09.276+0000] {subprocess.py:93} INFO - Epoch 15/30: Loss = 0.0024
[2025-06-02T16:54:09.276+0000] {subprocess.py:93} INFO - Epoch 16/30: Loss = 0.0024
[2025-06-02T16:54:09.277+0000] {subprocess.py:93} INFO - Epoch 17/30: Loss = 0.0023
[2025-06-02T16:54:09.277+0000] {subprocess.py:93} INFO - Epoch 18/30: Loss = 0.0023
[2025-06-02T16:54:09.277+0000] {subprocess.py:93} INFO - Epoch 19/30: Loss = 0.0023
[2025-06-02T16:54:09.278+0000] {subprocess.py:93} INFO - Epoch 20/30: Loss = 0.0023
[2025-06-02T16:54:09.278+0000] {subprocess.py:93} INFO - Epoch 21/30: Loss = 0.0023
[2025-06-02T16:54:09.278+0000] {subprocess.py:93} INFO - Epoch 22/30: Loss = 0.0023
[2025-06-02T16:54:09.279+0000] {subprocess.py:93} INFO - Epoch 23/30: Loss = 0.0023
[2025-06-02T16:54:09.279+0000] {subprocess.py:93} INFO - Epoch 24/30: Loss = 0.0022
[2025-06-02T16:54:09.279+0000] {subprocess.py:93} INFO - Epoch 25/30: Loss = 0.0022
[2025-06-02T16:54:09.280+0000] {subprocess.py:93} INFO - Epoch 26/30: Loss = 0.0022
[2025-06-02T16:54:09.280+0000] {subprocess.py:93} INFO - Epoch 27/30: Loss = 0.0022
[2025-06-02T16:54:09.281+0000] {subprocess.py:93} INFO - Epoch 28/30: Loss = 0.0022
[2025-06-02T16:54:09.281+0000] {subprocess.py:93} INFO - Epoch 29/30: Loss = 0.0022
[2025-06-02T16:54:09.281+0000] {subprocess.py:93} INFO - Epoch 30/30: Loss = 0.0022
[2025-06-02T16:54:09.282+0000] {subprocess.py:93} INFO - ✅ Hybrid-Embeddings gespeichert unter /opt/***/data/processed/hybrid_deep_embedding.csv
[2025-06-02T16:54:09.282+0000] {subprocess.py:93} INFO - ✅ Deep KNN Modell gespeichert unter /opt/***/models/hybrid_deep_knn.pkl
[2025-06-02T16:54:09.282+0000] {subprocess.py:93} INFO - 🏃 View run train_hybrid_deep_model at: https://dagshub.com/sacer11/MLOps_movie_rec_apr25.mlflow/#/experiments/5/runs/71747f0c495b40e2bff56025ee5c29d8
[2025-06-02T16:54:09.283+0000] {subprocess.py:93} INFO - 🧪 View experiment at: https://dagshub.com/sacer11/MLOps_movie_rec_apr25.mlflow/#/experiments/5
[2025-06-02T16:54:09.283+0000] {subprocess.py:93} INFO - Traceback (most recent call last):
[2025-06-02T16:54:09.283+0000] {subprocess.py:93} INFO -   File "/opt/***/src/models/train_hybrid_deep_model.py", line 115, in <module>
[2025-06-02T16:54:09.284+0000] {subprocess.py:93} INFO -     main()
[2025-06-02T16:54:09.284+0000] {subprocess.py:93} INFO -   File "/opt/***/src/models/train_hybrid_deep_model.py", line 103, in main
[2025-06-02T16:54:09.285+0000] {subprocess.py:93} INFO -     knn.kneighbors(X[:5])[1]
[2025-06-02T16:54:09.285+0000] {subprocess.py:93} INFO -   File "/home/***/.local/lib/python3.10/site-packages/sklearn/neighbors/_base.py", line 804, in kneighbors
[2025-06-02T16:54:09.285+0000] {subprocess.py:93} INFO -     X = self._validate_data(X, accept_sparse="csr", reset=False, order="C")
[2025-06-02T16:54:09.286+0000] {subprocess.py:93} INFO -   File "/home/***/.local/lib/python3.10/site-packages/sklearn/base.py", line 626, in _validate_data
[2025-06-02T16:54:09.286+0000] {subprocess.py:93} INFO -     self._check_n_features(X, reset=reset)
[2025-06-02T16:54:09.286+0000] {subprocess.py:93} INFO -   File "/home/***/.local/lib/python3.10/site-packages/sklearn/base.py", line 415, in _check_n_features
[2025-06-02T16:54:09.287+0000] {subprocess.py:93} INFO -     raise ValueError(
[2025-06-02T16:54:09.287+0000] {subprocess.py:93} INFO - ValueError: X has 3019 features, but NearestNeighbors is expecting 64 features as input.
[2025-06-02T16:54:10.323+0000] {subprocess.py:97} INFO - Command exited with return code 1
[2025-06-02T16:54:10.333+0000] {taskinstance.py:2698} ERROR - Task failed with exception
Traceback (most recent call last):
  File "/home/airflow/.local/lib/python3.10/site-packages/airflow/models/taskinstance.py", line 433, in _execute_task
    result = execute_callable(context=context, **execute_callable_kwargs)
  File "/home/airflow/.local/lib/python3.10/site-packages/airflow/operators/bash.py", line 212, in execute
    raise AirflowException(
airflow.exceptions.AirflowException: Bash command failed. The command returned a non-zero exit code 1.
[2025-06-02T16:54:10.336+0000] {taskinstance.py:1138} INFO - Marking task as FAILED. dag_id=deep_models_pipeline, task_id=train_deep_hybrid_model, execution_date=20250602T165334, start_date=20250602T165334, end_date=20250602T165410
[2025-06-02T16:54:10.348+0000] {standard_task_runner.py:107} ERROR - Failed to execute job 1708 for task train_deep_hybrid_model (Bash command failed. The command returned a non-zero exit code 1.; 211)
[2025-06-02T16:54:10.357+0000] {local_task_job_runner.py:234} INFO - Task exited with return code 1
[2025-06-02T16:54:10.374+0000] {taskinstance.py:3280} INFO - 0 downstream tasks scheduled from follow-on schedule check
