[2025-06-08T21:06:05.518+0000] {taskinstance.py:1956} INFO - Dependencies all met for dep_context=non-requeueable deps ti=<TaskInstance: deep_models_pipeline.train_deep_hybrid_model manual__2025-06-08T21:06:00.893887+00:00 [queued]>
[2025-06-08T21:06:05.529+0000] {taskinstance.py:1956} INFO - Dependencies all met for dep_context=requeueable deps ti=<TaskInstance: deep_models_pipeline.train_deep_hybrid_model manual__2025-06-08T21:06:00.893887+00:00 [queued]>
[2025-06-08T21:06:05.530+0000] {taskinstance.py:2170} INFO - Starting attempt 1 of 3
[2025-06-08T21:06:05.542+0000] {taskinstance.py:2191} INFO - Executing <Task(PythonOperator): train_deep_hybrid_model> on 2025-06-08 21:06:00.893887+00:00
[2025-06-08T21:06:05.548+0000] {standard_task_runner.py:60} INFO - Started process 528 to run task
[2025-06-08T21:06:05.550+0000] {standard_task_runner.py:87} INFO - Running: ['***', 'tasks', 'run', 'deep_models_pipeline', 'train_deep_hybrid_model', 'manual__2025-06-08T21:06:00.893887+00:00', '--job-id', '3490', '--raw', '--subdir', 'DAGS_FOLDER/train_deep_model_dag.py', '--cfg-path', '/tmp/tmp8f_bxrcf']
[2025-06-08T21:06:05.551+0000] {standard_task_runner.py:88} INFO - Job 3490: Subtask train_deep_hybrid_model
[2025-06-08T21:06:05.586+0000] {task_command.py:423} INFO - Running <TaskInstance: deep_models_pipeline.train_deep_hybrid_model manual__2025-06-08T21:06:00.893887+00:00 [running]> on host 2049a80cedbe
[2025-06-08T21:06:05.647+0000] {taskinstance.py:2480} INFO - Exporting env vars: AIRFLOW_CTX_DAG_OWNER='***' AIRFLOW_CTX_DAG_ID='deep_models_pipeline' AIRFLOW_CTX_TASK_ID='train_deep_hybrid_model' AIRFLOW_CTX_EXECUTION_DATE='2025-06-08T21:06:00.893887+00:00' AIRFLOW_CTX_TRY_NUMBER='1' AIRFLOW_CTX_DAG_RUN_ID='manual__2025-06-08T21:06:00.893887+00:00'
[2025-06-08T21:06:05.648+0000] {train_deep_model_dag.py:13} INFO - 🟦 Running command: python /opt/***/src/models/train_hybrid_deep_model.py --n_neighbors=61 --latent_dim=32 --epochs=80 --tfidf_features=2442
[2025-06-08T21:07:54.360+0000] {train_deep_model_dag.py:20} INFO - 🟩 [stdout]:
🏃 View run train_hybrid_deep_model at: https://dagshub.com/sacer11/MLOps_movie_rec_apr25.mlflow/#/experiments/10/runs/62092f12379d4c299d6b0f1767e9435e
🧪 View experiment at: https://dagshub.com/sacer11/MLOps_movie_rec_apr25.mlflow/#/experiments/10

[2025-06-08T21:07:54.361+0000] {train_deep_model_dag.py:22} WARNING - 🟨 [stderr]:
2025-06-08 21:06:16,474 - __main__ - INFO - 📥 Lade Rohdaten und baue Hybrid-Feature-Matrix ...
2025-06-08 21:06:22,458 - __main__ - INFO - 📐 Hybrid-Matrix erstellt mit Shape: (10381, 3571), Feature-Namen: 3571
2025-06-08 21:06:37,354 - __main__ - INFO - 💾 Hybrid-Matrix gespeichert unter /opt/***/data/processed/hybrid_matrix.csv
2025-06-08 21:06:37,577 - __main__ - INFO - 🚀 Starte Training Autoencoder ...
2025-06-08 21:06:38,772 - __main__ - INFO - Epoch 1/80: Loss = 0.0058
2025-06-08 21:06:39,300 - __main__ - INFO - Epoch 2/80: Loss = 0.0037
2025-06-08 21:06:39,804 - __main__ - INFO - Epoch 3/80: Loss = 0.0031
2025-06-08 21:06:40,320 - __main__ - INFO - Epoch 4/80: Loss = 0.0028
2025-06-08 21:06:40,795 - __main__ - INFO - Epoch 5/80: Loss = 0.0026
2025-06-08 21:06:41,295 - __main__ - INFO - Epoch 6/80: Loss = 0.0025
2025-06-08 21:06:41,757 - __main__ - INFO - Epoch 7/80: Loss = 0.0025
2025-06-08 21:06:42,282 - __main__ - INFO - Epoch 8/80: Loss = 0.0024
2025-06-08 21:06:42,790 - __main__ - INFO - Epoch 9/80: Loss = 0.0024
2025-06-08 21:06:43,316 - __main__ - INFO - Epoch 10/80: Loss = 0.0023
2025-06-08 21:06:43,843 - __main__ - INFO - Epoch 11/80: Loss = 0.0023
2025-06-08 21:06:44,369 - __main__ - INFO - Epoch 12/80: Loss = 0.0023
2025-06-08 21:06:44,903 - __main__ - INFO - Epoch 13/80: Loss = 0.0023
2025-06-08 21:06:45,428 - __main__ - INFO - Epoch 14/80: Loss = 0.0022
2025-06-08 21:06:45,966 - __main__ - INFO - Epoch 15/80: Loss = 0.0022
2025-06-08 21:06:46,483 - __main__ - INFO - Epoch 16/80: Loss = 0.0022
2025-06-08 21:06:47,012 - __main__ - INFO - Epoch 17/80: Loss = 0.0022
2025-06-08 21:06:47,534 - __main__ - INFO - Epoch 18/80: Loss = 0.0022
2025-06-08 21:06:48,091 - __main__ - INFO - Epoch 19/80: Loss = 0.0022
2025-06-08 21:06:48,670 - __main__ - INFO - Epoch 20/80: Loss = 0.0022
2025-06-08 21:06:49,239 - __main__ - INFO - Epoch 21/80: Loss = 0.0022
2025-06-08 21:06:49,748 - __main__ - INFO - Epoch 22/80: Loss = 0.0021
2025-06-08 21:06:50,273 - __main__ - INFO - Epoch 23/80: Loss = 0.0021
2025-06-08 21:06:50,781 - __main__ - INFO - Epoch 24/80: Loss = 0.0021
2025-06-08 21:06:51,310 - __main__ - INFO - Epoch 25/80: Loss = 0.0021
2025-06-08 21:06:51,841 - __main__ - INFO - Epoch 26/80: Loss = 0.0021
2025-06-08 21:06:52,377 - __main__ - INFO - Epoch 27/80: Loss = 0.0021
2025-06-08 21:06:52,945 - __main__ - INFO - Epoch 28/80: Loss = 0.0021
2025-06-08 21:06:53,481 - __main__ - INFO - Epoch 29/80: Loss = 0.0021
2025-06-08 21:06:54,001 - __main__ - INFO - Epoch 30/80: Loss = 0.0021
2025-06-08 21:06:54,527 - __main__ - INFO - Epoch 31/80: Loss = 0.0021
2025-06-08 21:06:55,053 - __main__ - INFO - Epoch 32/80: Loss = 0.0021
2025-06-08 21:06:55,579 - __main__ - INFO - Epoch 33/80: Loss = 0.0021
2025-06-08 21:06:56,118 - __main__ - INFO - Epoch 34/80: Loss = 0.0021
2025-06-08 21:06:56,658 - __main__ - INFO - Epoch 35/80: Loss = 0.0021
2025-06-08 21:06:57,225 - __main__ - INFO - Epoch 36/80: Loss = 0.0020
2025-06-08 21:06:57,840 - __main__ - INFO - Epoch 37/80: Loss = 0.0020
2025-06-08 21:06:58,359 - __main__ - INFO - Epoch 38/80: Loss = 0.0020
2025-06-08 21:06:58,865 - __main__ - INFO - Epoch 39/80: Loss = 0.0020
2025-06-08 21:06:59,388 - __main__ - INFO - Epoch 40/80: Loss = 0.0020
2025-06-08 21:06:59,870 - __main__ - INFO - Epoch 41/80: Loss = 0.0020
2025-06-08 21:07:00,397 - __main__ - INFO - Epoch 42/80: Loss = 0.0020
2025-06-08 21:07:00,928 - __main__ - INFO - Epoch 43/80: Loss = 0.0020
2025-06-08 21:07:01,486 - __main__ - INFO - Epoch 44/80: Loss = 0.0020
2025-06-08 21:07:02,047 - __main__ - INFO - Epoch 45/80: Loss = 0.0020
2025-06-08 21:07:02,594 - __main__ - INFO - Epoch 46/80: Loss = 0.0020
2025-06-08 21:07:03,101 - __main__ - INFO - Epoch 47/80: Loss = 0.0020
2025-06-08 21:07:03,618 - __main__ - INFO - Epoch 48/80: Loss = 0.0020
2025-06-08 21:07:04,147 - __main__ - INFO - Epoch 49/80: Loss = 0.0020
2025-06-08 21:07:04,655 - __main__ - INFO - Epoch 50/80: Loss = 0.0020
2025-06-08 21:07:05,179 - __main__ - INFO - Epoch 51/80: Loss = 0.0020
2025-06-08 21:07:05,732 - __main__ - INFO - Epoch 52/80: Loss = 0.0020
2025-06-08 21:07:06,283 - __main__ - INFO - Epoch 53/80: Loss = 0.0020
2025-06-08 21:07:06,860 - __main__ - INFO - Epoch 54/80: Loss = 0.0020
2025-06-08 21:07:07,393 - __main__ - INFO - Epoch 55/80: Loss = 0.0020
2025-06-08 21:07:07,915 - __main__ - INFO - Epoch 56/80: Loss = 0.0020
2025-06-08 21:07:08,441 - __main__ - INFO - Epoch 57/80: Loss = 0.0020
2025-06-08 21:07:08,968 - __main__ - INFO - Epoch 58/80: Loss = 0.0020
2025-06-08 21:07:09,513 - __main__ - INFO - Epoch 59/80: Loss = 0.0020
2025-06-08 21:07:10,074 - __main__ - INFO - Epoch 60/80: Loss = 0.0020
2025-06-08 21:07:10,632 - __main__ - INFO - Epoch 61/80: Loss = 0.0020
2025-06-08 21:07:11,214 - __main__ - INFO - Epoch 62/80: Loss = 0.0020
2025-06-08 21:07:11,755 - __main__ - INFO - Epoch 63/80: Loss = 0.0020
2025-06-08 21:07:12,271 - __main__ - INFO - Epoch 64/80: Loss = 0.0019
2025-06-08 21:07:12,797 - __main__ - INFO - Epoch 65/80: Loss = 0.0019
2025-06-08 21:07:13,291 - __main__ - INFO - Epoch 66/80: Loss = 0.0019
2025-06-08 21:07:13,797 - __main__ - INFO - Epoch 67/80: Loss = 0.0019
2025-06-08 21:07:14,316 - __main__ - INFO - Epoch 68/80: Loss = 0.0019
2025-06-08 21:07:14,869 - __main__ - INFO - Epoch 69/80: Loss = 0.0019
2025-06-08 21:07:15,447 - __main__ - INFO - Epoch 70/80: Loss = 0.0019
2025-06-08 21:07:16,045 - __main__ - INFO - Epoch 71/80: Loss = 0.0019
2025-06-08 21:07:16,565 - __main__ - INFO - Epoch 72/80: Loss = 0.0019
2025-06-08 21:07:17,101 - __main__ - INFO - Epoch 73/80: Loss = 0.0019
2025-06-08 21:07:17,621 - __main__ - INFO - Epoch 74/80: Loss = 0.0019
2025-06-08 21:07:18,142 - __main__ - INFO - Epoch 75/80: Loss = 0.0019
2025-06-08 21:07:18,658 - __main__ - INFO - Epoch 76/80: Loss = 0.0019
2025-06-08 21:07:19,191 - __main__ - INFO - Epoch 77/80: Loss = 0.0019
2025-06-08 21:07:19,743 - __main__ - INFO - Epoch 78/80: Loss = 0.0019
2025-06-08 21:07:20,356 - __main__ - INFO - Epoch 79/80: Loss = 0.0019
2025-06-08 21:07:20,863 - __main__ - INFO - Epoch 80/80: Loss = 0.0019
2025-06-08 21:07:21,105 - __main__ - INFO - ✅ Hybrid-Embeddings gespeichert unter /opt/***/data/processed/hybrid_deep_embedding.csv
2025-06-08 21:07:21,106 - __main__ - INFO - ✅ Hybrid-Embeddings gespeichert unter /opt/***/data/processed/hybrid_deep_embedding.csv
2025-06-08 21:07:21,116 - __main__ - INFO - ✅ Deep KNN Modell gespeichert unter /opt/***/models/hybrid_deep_knn.pkl
2025/06/08 21:07:26 INFO mlflow.pyfunc: Validating input example against model signature

Downloading artifacts:   0%|          | 0/1 [00:00<?, ?it/s]
Downloading artifacts: 100%|██████████| 1/1 [00:00<00:00, 77.92it/s]
Downloading artifacts: 100%|██████████| 1/1 [00:00<00:00, 76.32it/s]
Registered model 'hybrid_deep_model' already exists. Creating a new version of this model...
2025/06/08 21:07:37 INFO mlflow.store.model_registry.abstract_store: Waiting up to 300 seconds for model version to finish creation. Model name: hybrid_deep_model, version 51
Created version '51' of model 'hybrid_deep_model'.
2025-06-08 21:07:51,411 - __main__ - INFO - 📝 Tags für Modellversion 51 gesetzt: n_neighbors=61, latent_dim=32, tfidf_features=2442, epochs=80
2025-06-08 21:07:53,418 - __main__ - INFO - 🏁 Deep Hybrid-Model Training abgeschlossen und geloggt.

[2025-06-08T21:07:54.362+0000] {python.py:201} INFO - Done. Returned value was: None
[2025-06-08T21:07:54.373+0000] {taskinstance.py:1138} INFO - Marking task as SUCCESS. dag_id=deep_models_pipeline, task_id=train_deep_hybrid_model, execution_date=20250608T210600, start_date=20250608T210605, end_date=20250608T210754
[2025-06-08T21:07:54.424+0000] {local_task_job_runner.py:234} INFO - Task exited with return code 0
[2025-06-08T21:07:54.451+0000] {taskinstance.py:3280} INFO - 1 downstream tasks scheduled from follow-on schedule check
