[2025-06-04T04:36:57.250+0000] {taskinstance.py:1956} INFO - Dependencies all met for dep_context=non-requeueable deps ti=<TaskInstance: deep_models_pipeline.train_deep_hybrid_model manual__2025-06-04T04:36:56.179121+00:00 [queued]>
[2025-06-04T04:36:57.256+0000] {taskinstance.py:1956} INFO - Dependencies all met for dep_context=requeueable deps ti=<TaskInstance: deep_models_pipeline.train_deep_hybrid_model manual__2025-06-04T04:36:56.179121+00:00 [queued]>
[2025-06-04T04:36:57.256+0000] {taskinstance.py:2170} INFO - Starting attempt 1 of 1
[2025-06-04T04:36:57.268+0000] {taskinstance.py:2191} INFO - Executing <Task(PythonOperator): train_deep_hybrid_model> on 2025-06-04 04:36:56.179121+00:00
[2025-06-04T04:36:57.275+0000] {standard_task_runner.py:60} INFO - Started process 290 to run task
[2025-06-04T04:36:57.278+0000] {standard_task_runner.py:87} INFO - Running: ['***', 'tasks', 'run', 'deep_models_pipeline', 'train_deep_hybrid_model', 'manual__2025-06-04T04:36:56.179121+00:00', '--job-id', '1753', '--raw', '--subdir', 'DAGS_FOLDER/train_deep_model_dag.py', '--cfg-path', '/tmp/tmptwjpimt6']
[2025-06-04T04:36:57.279+0000] {standard_task_runner.py:88} INFO - Job 1753: Subtask train_deep_hybrid_model
[2025-06-04T04:36:57.319+0000] {task_command.py:423} INFO - Running <TaskInstance: deep_models_pipeline.train_deep_hybrid_model manual__2025-06-04T04:36:56.179121+00:00 [running]> on host 2271837a197c
[2025-06-04T04:36:57.385+0000] {taskinstance.py:2480} INFO - Exporting env vars: AIRFLOW_CTX_DAG_OWNER='***' AIRFLOW_CTX_DAG_ID='deep_models_pipeline' AIRFLOW_CTX_TASK_ID='train_deep_hybrid_model' AIRFLOW_CTX_EXECUTION_DATE='2025-06-04T04:36:56.179121+00:00' AIRFLOW_CTX_TRY_NUMBER='1' AIRFLOW_CTX_DAG_RUN_ID='manual__2025-06-04T04:36:56.179121+00:00'
[2025-06-04T04:36:57.387+0000] {train_deep_model_dag.py:13} INFO - 🟦 Running command: python /opt/***/src/models/train_hybrid_deep_model.py --n_neighbors=10 --latent_dim=32
[2025-06-04T04:37:47.051+0000] {train_deep_model_dag.py:20} INFO - 🟩 [stdout]:
Epoch 1/30: Loss = 0.0066
Epoch 2/30: Loss = 0.0041
Epoch 3/30: Loss = 0.0034
Epoch 4/30: Loss = 0.0031
Epoch 5/30: Loss = 0.0030
Epoch 6/30: Loss = 0.0029
Epoch 7/30: Loss = 0.0028
Epoch 8/30: Loss = 0.0027
Epoch 9/30: Loss = 0.0027
Epoch 10/30: Loss = 0.0027
Epoch 11/30: Loss = 0.0026
Epoch 12/30: Loss = 0.0026
Epoch 13/30: Loss = 0.0026
Epoch 14/30: Loss = 0.0026
Epoch 15/30: Loss = 0.0026
Epoch 16/30: Loss = 0.0025
Epoch 17/30: Loss = 0.0025
Epoch 18/30: Loss = 0.0025
Epoch 19/30: Loss = 0.0025
Epoch 20/30: Loss = 0.0025
Epoch 21/30: Loss = 0.0025
Epoch 22/30: Loss = 0.0025
Epoch 23/30: Loss = 0.0025
Epoch 24/30: Loss = 0.0024
Epoch 25/30: Loss = 0.0024
Epoch 26/30: Loss = 0.0024
Epoch 27/30: Loss = 0.0024
Epoch 28/30: Loss = 0.0024
Epoch 29/30: Loss = 0.0024
Epoch 30/30: Loss = 0.0024
✅ Hybrid-Embeddings gespeichert unter /opt/***/data/processed/hybrid_deep_embedding.csv
✅ Deep KNN Modell gespeichert unter /opt/***/models/hybrid_deep_knn.pkl
📝 Tags für Modellversion 2 gesetzt: n_neighbors=10, latent_dim=32
🏃 View run train_hybrid_deep_model at: https://dagshub.com/sacer11/MLOps_movie_rec_apr25.mlflow/#/experiments/7/runs/9ca22cb4458c4ac1aeeb702919ed2747
🧪 View experiment at: https://dagshub.com/sacer11/MLOps_movie_rec_apr25.mlflow/#/experiments/7
🏁 Deep Hybrid-Model Training abgeschlossen und geloggt.

[2025-06-04T04:37:47.052+0000] {train_deep_model_dag.py:22} WARNING - 🟨 [stderr]:
/home/***/.local/lib/python3.10/site-packages/mlflow/pyfunc/utils/data_validation.py:186: UserWarning: [33mAdd type hints to the `predict` method to enable data validation and automatic signature inference during model logging. Check https://mlflow.org/docs/latest/model/python_model.html#type-hint-usage-in-pythonmodel for more details.[0m
  color_warning(
2025/06/04 04:37:31 INFO mlflow.pyfunc: Validating input example against model signature

Downloading artifacts:   0%|          | 0/1 [00:00<?, ?it/s]
Downloading artifacts: 100%|██████████| 1/1 [00:00<00:00, 69.79it/s]
Downloading artifacts: 100%|██████████| 1/1 [00:00<00:00, 69.22it/s]
Registered model 'hybrid_deep_model' already exists. Creating a new version of this model...
2025/06/04 04:37:41 INFO mlflow.store.model_registry.abstract_store: Waiting up to 300 seconds for model version to finish creation. Model name: hybrid_deep_model, version 2
Created version '2' of model 'hybrid_deep_model'.

[2025-06-04T04:37:47.053+0000] {python.py:201} INFO - Done. Returned value was: None
[2025-06-04T04:37:47.063+0000] {taskinstance.py:1138} INFO - Marking task as SUCCESS. dag_id=deep_models_pipeline, task_id=train_deep_hybrid_model, execution_date=20250604T043656, start_date=20250604T043657, end_date=20250604T043747
[2025-06-04T04:37:47.093+0000] {local_task_job_runner.py:234} INFO - Task exited with return code 0
[2025-06-04T04:37:47.110+0000] {taskinstance.py:3280} INFO - 0 downstream tasks scheduled from follow-on schedule check
