[2025-06-02T06:00:25.847+0000] {taskinstance.py:1956} INFO - Dependencies all met for dep_context=non-requeueable deps ti=<TaskInstance: movie_recommendation_pipeline.dvc_pull_all manual__2025-06-02T05:49:25.287870+00:00 [queued]>
[2025-06-02T06:00:25.856+0000] {taskinstance.py:1956} INFO - Dependencies all met for dep_context=requeueable deps ti=<TaskInstance: movie_recommendation_pipeline.dvc_pull_all manual__2025-06-02T05:49:25.287870+00:00 [queued]>
[2025-06-02T06:00:25.856+0000] {taskinstance.py:2170} INFO - Starting attempt 3 of 3
[2025-06-02T06:00:25.867+0000] {taskinstance.py:2191} INFO - Executing <Task(PythonOperator): dvc_pull_all> on 2025-06-02 05:49:25.287870+00:00
[2025-06-02T06:00:25.873+0000] {standard_task_runner.py:60} INFO - Started process 195 to run task
[2025-06-02T06:00:25.876+0000] {standard_task_runner.py:87} INFO - Running: ['***', 'tasks', 'run', 'movie_recommendation_pipeline', 'dvc_pull_all', 'manual__2025-06-02T05:49:25.287870+00:00', '--job-id', '1523', '--raw', '--subdir', 'DAGS_FOLDER/mlops_movie_dag.py', '--cfg-path', '/tmp/tmp61y_aa5q']
[2025-06-02T06:00:25.878+0000] {standard_task_runner.py:88} INFO - Job 1523: Subtask dvc_pull_all
[2025-06-02T06:00:25.922+0000] {task_command.py:423} INFO - Running <TaskInstance: movie_recommendation_pipeline.dvc_pull_all manual__2025-06-02T05:49:25.287870+00:00 [running]> on host b538f1038008
[2025-06-02T06:00:25.993+0000] {taskinstance.py:2480} INFO - Exporting env vars: AIRFLOW_CTX_DAG_OWNER='***' AIRFLOW_CTX_DAG_ID='movie_recommendation_pipeline' AIRFLOW_CTX_TASK_ID='dvc_pull_all' AIRFLOW_CTX_EXECUTION_DATE='2025-06-02T05:49:25.287870+00:00' AIRFLOW_CTX_TRY_NUMBER='3' AIRFLOW_CTX_DAG_RUN_ID='manual__2025-06-02T05:49:25.287870+00:00'
[2025-06-02T06:00:25.995+0000] {mlops_movie_dag.py:12} INFO - 🟦 Running command: dvc pull /opt/***/models/hybrid_model.pkl
[2025-06-02T06:00:35.887+0000] {mlops_movie_dag.py:19} INFO - 🟩 [stdout]:

[2025-06-02T06:00:35.888+0000] {mlops_movie_dag.py:21} WARNING - 🟨 [stderr]:
WARNING: failed to collect 'workspace', skipping
ERROR: unexpected error - [Errno 2] No such file or directory: '/opt/***/data/processed/user_matrix_features.txt.dvc'

Having any troubles? Hit us up at https://dvc.org/support, we are always happy to help!

[2025-06-02T06:00:35.888+0000] {mlops_movie_dag.py:29} ERROR - ❌ Subprozess-Fehler (exit code 255): dvc pull /opt/***/models/hybrid_model.pkl
[2025-06-02T06:00:35.889+0000] {mlops_movie_dag.py:32} ERROR - ❌ Subprozess-Ausnahme: Command '['dvc', 'pull', '/opt/***/models/hybrid_model.pkl']' returned non-zero exit status 255.
[2025-06-02T06:00:35.889+0000] {taskinstance.py:2698} ERROR - Task failed with exception
Traceback (most recent call last):
  File "/home/airflow/.local/lib/python3.10/site-packages/airflow/models/taskinstance.py", line 433, in _execute_task
    result = execute_callable(context=context, **execute_callable_kwargs)
  File "/home/airflow/.local/lib/python3.10/site-packages/airflow/operators/python.py", line 199, in execute
    return_value = self.execute_callable()
  File "/home/airflow/.local/lib/python3.10/site-packages/airflow/operators/python.py", line 216, in execute_callable
    return self.python_callable(*self.op_args, **self.op_kwargs)
  File "/opt/airflow/dags/mlops_movie_dag.py", line 139, in dvc_pull_all
    run_and_log(["dvc", "pull", art])
  File "/opt/airflow/dags/mlops_movie_dag.py", line 30, in run_and_log
    raise subprocess.CalledProcessError(result.returncode, command)
subprocess.CalledProcessError: Command '['dvc', 'pull', '/opt/airflow/models/hybrid_model.pkl']' returned non-zero exit status 255.
[2025-06-02T06:00:35.903+0000] {taskinstance.py:1138} INFO - Marking task as FAILED. dag_id=movie_recommendation_pipeline, task_id=dvc_pull_all, execution_date=20250602T054925, start_date=20250602T060025, end_date=20250602T060035
[2025-06-02T06:00:35.916+0000] {standard_task_runner.py:107} ERROR - Failed to execute job 1523 for task dvc_pull_all (Command '['dvc', 'pull', '/opt/airflow/models/hybrid_model.pkl']' returned non-zero exit status 255.; 195)
[2025-06-02T06:00:35.952+0000] {local_task_job_runner.py:234} INFO - Task exited with return code 1
[2025-06-02T06:00:35.970+0000] {taskinstance.py:3280} INFO - 0 downstream tasks scheduled from follow-on schedule check
