[2025-06-09T00:06:52.469+0000] {taskinstance.py:1956} INFO - Dependencies all met for dep_context=non-requeueable deps ti=<TaskInstance: deep_models_pipeline.predict_best_model manual__2025-06-09T00:05:15.849796+00:00 [queued]>
[2025-06-09T00:06:52.474+0000] {taskinstance.py:1956} INFO - Dependencies all met for dep_context=requeueable deps ti=<TaskInstance: deep_models_pipeline.predict_best_model manual__2025-06-09T00:05:15.849796+00:00 [queued]>
[2025-06-09T00:06:52.475+0000] {taskinstance.py:2170} INFO - Starting attempt 1 of 3
[2025-06-09T00:06:52.486+0000] {taskinstance.py:2191} INFO - Executing <Task(PythonOperator): predict_best_model> on 2025-06-09 00:05:15.849796+00:00
[2025-06-09T00:06:52.492+0000] {standard_task_runner.py:60} INFO - Started process 871 to run task
[2025-06-09T00:06:52.494+0000] {standard_task_runner.py:87} INFO - Running: ['***', 'tasks', 'run', 'deep_models_pipeline', 'predict_best_model', 'manual__2025-06-09T00:05:15.849796+00:00', '--job-id', '3633', '--raw', '--subdir', 'DAGS_FOLDER/train_deep_model_dag.py', '--cfg-path', '/tmp/tmpnce23e9b']
[2025-06-09T00:06:52.495+0000] {standard_task_runner.py:88} INFO - Job 3633: Subtask predict_best_model
[2025-06-09T00:06:52.527+0000] {task_command.py:423} INFO - Running <TaskInstance: deep_models_pipeline.predict_best_model manual__2025-06-09T00:05:15.849796+00:00 [running]> on host c2ff0fb2d486
[2025-06-09T00:06:52.581+0000] {taskinstance.py:2480} INFO - Exporting env vars: AIRFLOW_CTX_DAG_OWNER='***' AIRFLOW_CTX_DAG_ID='deep_models_pipeline' AIRFLOW_CTX_TASK_ID='predict_best_model' AIRFLOW_CTX_EXECUTION_DATE='2025-06-09T00:05:15.849796+00:00' AIRFLOW_CTX_TRY_NUMBER='1' AIRFLOW_CTX_DAG_RUN_ID='manual__2025-06-09T00:05:15.849796+00:00'
[2025-06-09T00:06:52.582+0000] {train_deep_model_dag.py:13} INFO - 🟦 Running command: python /opt/***/src/models/predict_best_model.py
[2025-06-09T00:07:21.143+0000] {train_deep_model_dag.py:20} INFO - 🟩 [stdout]:
🏃 View run predict_best_model_hybrid_deep at: https://dagshub.com/sacer11/MLOps_movie_rec_apr25.mlflow/#/experiments/11/runs/9b3bf7dda06742bf85bd6208f880cb8f
🧪 View experiment at: https://dagshub.com/sacer11/MLOps_movie_rec_apr25.mlflow/#/experiments/11

[2025-06-09T00:07:21.144+0000] {train_deep_model_dag.py:22} WARNING - 🟨 [stderr]:

Downloading artifacts:   0%|          | 0/1 [00:00<?, ?it/s]
Downloading artifacts: 100%|██████████| 1/1 [00:01<00:00,  1.26s/it]
Downloading artifacts: 100%|██████████| 1/1 [00:01<00:00,  1.26s/it]
Downloading artifacts: 100%|██████████| 1/1 [00:01<00:00,  1.26s/it]
2025-06-09 00:06:57,151 - INFO - ✅ Best-Embedding aus MLflow geladen: /opt/***/data/processed/hybrid_deep_embedding_best.csv
2025-06-09 00:06:57,152 - INFO - 🚀 Starte Prediction für hybrid_deep_model über MLflow Registry
2025-06-09 00:06:57,152 - INFO - 📦 Lade Modell: models:/hybrid_deep_model@best_model

Downloading artifacts:   0%|          | 0/8 [00:00<?, ?it/s]
Downloading artifacts:  12%|█▎        | 1/8 [00:01<00:07,  1.07s/it]
Downloading artifacts:  12%|█▎        | 1/8 [00:01<00:07,  1.07s/it]
Downloading artifacts:  25%|██▌       | 2/8 [00:02<00:06,  1.08s/it]
Downloading artifacts:  25%|██▌       | 2/8 [00:02<00:06,  1.08s/it]
Downloading artifacts:  38%|███▊      | 3/8 [00:03<00:05,  1.01s/it]
Downloading artifacts:  38%|███▊      | 3/8 [00:03<00:05,  1.01s/it]
Downloading artifacts:  50%|█████     | 4/8 [00:04<00:03,  1.01it/s]
Downloading artifacts:  50%|█████     | 4/8 [00:04<00:03,  1.01it/s]
Downloading artifacts:  62%|██████▎   | 5/8 [00:05<00:03,  1.08s/it]
Downloading artifacts:  62%|██████▎   | 5/8 [00:05<00:03,  1.08s/it]
Downloading artifacts:  75%|███████▌  | 6/8 [00:06<00:01,  1.03it/s]
Downloading artifacts:  75%|███████▌  | 6/8 [00:06<00:01,  1.03it/s]
Downloading artifacts:  88%|████████▊ | 7/8 [00:07<00:00,  1.02it/s]
Downloading artifacts:  88%|████████▊ | 7/8 [00:07<00:00,  1.02it/s]
Downloading artifacts: 100%|██████████| 8/8 [00:08<00:00,  1.01it/s]
Downloading artifacts: 100%|██████████| 8/8 [00:08<00:00,  1.01it/s]
Downloading artifacts: 100%|██████████| 8/8 [00:08<00:00,  1.01s/it]
2025-06-09 00:07:11,773 - INFO - 📥 Embedding geladen: /opt/***/data/processed/hybrid_deep_embedding_best.csv – Shape: (10381, 32)
2025-06-09 00:07:11,877 - INFO - 💾 Vorhersagen gespeichert unter: /opt/***/data/processed/predictions_hybrid_deep_model.csv
2025-06-09 00:07:20,812 - INFO - ✅ Predictions erfolgreich in MLflow geloggt

[2025-06-09T00:07:21.144+0000] {python.py:201} INFO - Done. Returned value was: None
[2025-06-09T00:07:21.152+0000] {taskinstance.py:1138} INFO - Marking task as SUCCESS. dag_id=deep_models_pipeline, task_id=predict_best_model, execution_date=20250609T000515, start_date=20250609T000652, end_date=20250609T000721
[2025-06-09T00:07:21.173+0000] {local_task_job_runner.py:234} INFO - Task exited with return code 0
[2025-06-09T00:07:21.184+0000] {taskinstance.py:3280} INFO - 0 downstream tasks scheduled from follow-on schedule check
