[2025-06-01T00:00:07.560+0000] {processor.py:161} INFO - Started process (PID=1340) to work on /opt/airflow/dags/mlops_movie_dag.py
[2025-06-01T00:00:07.561+0000] {processor.py:830} INFO - Processing file /opt/airflow/dags/mlops_movie_dag.py for tasks to queue
[2025-06-01T00:00:07.562+0000] {logging_mixin.py:188} INFO - [2025-06-01T00:00:07.562+0000] {dagbag.py:538} INFO - Filling up the DagBag from /opt/airflow/dags/mlops_movie_dag.py
[2025-06-01T00:00:07.579+0000] {processor.py:840} INFO - DAG(s) 'movie_recommendation_pipeline' retrieved from /opt/airflow/dags/mlops_movie_dag.py
[2025-06-01T00:00:07.598+0000] {logging_mixin.py:188} INFO - [2025-06-01T00:00:07.598+0000] {dag.py:3036} INFO - Sync 1 DAGs
[2025-06-01T00:00:07.606+0000] {logging_mixin.py:188} INFO - [2025-06-01T00:00:07.606+0000] {dag.py:3823} INFO - Setting next_dagrun for movie_recommendation_pipeline to None, run_after=None
[2025-06-01T00:00:07.621+0000] {processor.py:183} INFO - Processing /opt/airflow/dags/mlops_movie_dag.py took 0.063 seconds
[2025-06-01T00:00:37.761+0000] {processor.py:161} INFO - Started process (PID=1345) to work on /opt/airflow/dags/mlops_movie_dag.py
[2025-06-01T00:00:37.762+0000] {processor.py:830} INFO - Processing file /opt/airflow/dags/mlops_movie_dag.py for tasks to queue
[2025-06-01T00:00:37.763+0000] {logging_mixin.py:188} INFO - [2025-06-01T00:00:37.762+0000] {dagbag.py:538} INFO - Filling up the DagBag from /opt/airflow/dags/mlops_movie_dag.py
[2025-06-01T00:00:37.780+0000] {processor.py:840} INFO - DAG(s) 'movie_recommendation_pipeline' retrieved from /opt/airflow/dags/mlops_movie_dag.py
[2025-06-01T00:00:37.798+0000] {logging_mixin.py:188} INFO - [2025-06-01T00:00:37.798+0000] {dag.py:3036} INFO - Sync 1 DAGs
[2025-06-01T00:00:37.807+0000] {logging_mixin.py:188} INFO - [2025-06-01T00:00:37.807+0000] {dag.py:3823} INFO - Setting next_dagrun for movie_recommendation_pipeline to None, run_after=None
[2025-06-01T00:00:37.820+0000] {processor.py:183} INFO - Processing /opt/airflow/dags/mlops_movie_dag.py took 0.061 seconds
[2025-06-01T00:01:07.979+0000] {processor.py:161} INFO - Started process (PID=1350) to work on /opt/airflow/dags/mlops_movie_dag.py
[2025-06-01T00:01:07.980+0000] {processor.py:830} INFO - Processing file /opt/airflow/dags/mlops_movie_dag.py for tasks to queue
[2025-06-01T00:01:07.981+0000] {logging_mixin.py:188} INFO - [2025-06-01T00:01:07.981+0000] {dagbag.py:538} INFO - Filling up the DagBag from /opt/airflow/dags/mlops_movie_dag.py
[2025-06-01T00:01:08.002+0000] {processor.py:840} INFO - DAG(s) 'movie_recommendation_pipeline' retrieved from /opt/airflow/dags/mlops_movie_dag.py
[2025-06-01T00:01:08.027+0000] {logging_mixin.py:188} INFO - [2025-06-01T00:01:08.027+0000] {dag.py:3036} INFO - Sync 1 DAGs
[2025-06-01T00:01:08.037+0000] {logging_mixin.py:188} INFO - [2025-06-01T00:01:08.037+0000] {dag.py:3823} INFO - Setting next_dagrun for movie_recommendation_pipeline to None, run_after=None
[2025-06-01T00:01:08.055+0000] {processor.py:183} INFO - Processing /opt/airflow/dags/mlops_movie_dag.py took 0.078 seconds
[2025-06-01T00:01:38.221+0000] {processor.py:161} INFO - Started process (PID=1355) to work on /opt/airflow/dags/mlops_movie_dag.py
[2025-06-01T00:01:38.222+0000] {processor.py:830} INFO - Processing file /opt/airflow/dags/mlops_movie_dag.py for tasks to queue
[2025-06-01T00:01:38.223+0000] {logging_mixin.py:188} INFO - [2025-06-01T00:01:38.222+0000] {dagbag.py:538} INFO - Filling up the DagBag from /opt/airflow/dags/mlops_movie_dag.py
[2025-06-01T00:01:38.243+0000] {processor.py:840} INFO - DAG(s) 'movie_recommendation_pipeline' retrieved from /opt/airflow/dags/mlops_movie_dag.py
[2025-06-01T00:01:38.266+0000] {logging_mixin.py:188} INFO - [2025-06-01T00:01:38.266+0000] {dag.py:3036} INFO - Sync 1 DAGs
[2025-06-01T00:01:38.275+0000] {logging_mixin.py:188} INFO - [2025-06-01T00:01:38.275+0000] {dag.py:3823} INFO - Setting next_dagrun for movie_recommendation_pipeline to None, run_after=None
[2025-06-01T00:01:38.292+0000] {processor.py:183} INFO - Processing /opt/airflow/dags/mlops_movie_dag.py took 0.073 seconds
[2025-06-01T00:02:08.420+0000] {processor.py:161} INFO - Started process (PID=1360) to work on /opt/airflow/dags/mlops_movie_dag.py
[2025-06-01T00:02:08.421+0000] {processor.py:830} INFO - Processing file /opt/airflow/dags/mlops_movie_dag.py for tasks to queue
[2025-06-01T00:02:08.422+0000] {logging_mixin.py:188} INFO - [2025-06-01T00:02:08.422+0000] {dagbag.py:538} INFO - Filling up the DagBag from /opt/airflow/dags/mlops_movie_dag.py
[2025-06-01T00:02:08.443+0000] {processor.py:840} INFO - DAG(s) 'movie_recommendation_pipeline' retrieved from /opt/airflow/dags/mlops_movie_dag.py
[2025-06-01T00:02:08.462+0000] {logging_mixin.py:188} INFO - [2025-06-01T00:02:08.462+0000] {dag.py:3036} INFO - Sync 1 DAGs
[2025-06-01T00:02:08.471+0000] {logging_mixin.py:188} INFO - [2025-06-01T00:02:08.471+0000] {dag.py:3823} INFO - Setting next_dagrun for movie_recommendation_pipeline to None, run_after=None
[2025-06-01T00:02:08.485+0000] {processor.py:183} INFO - Processing /opt/airflow/dags/mlops_movie_dag.py took 0.067 seconds
[2025-06-01T00:02:38.662+0000] {processor.py:161} INFO - Started process (PID=1365) to work on /opt/airflow/dags/mlops_movie_dag.py
[2025-06-01T00:02:38.663+0000] {processor.py:830} INFO - Processing file /opt/airflow/dags/mlops_movie_dag.py for tasks to queue
[2025-06-01T00:02:38.664+0000] {logging_mixin.py:188} INFO - [2025-06-01T00:02:38.663+0000] {dagbag.py:538} INFO - Filling up the DagBag from /opt/airflow/dags/mlops_movie_dag.py
[2025-06-01T00:02:38.681+0000] {processor.py:840} INFO - DAG(s) 'movie_recommendation_pipeline' retrieved from /opt/airflow/dags/mlops_movie_dag.py
[2025-06-01T00:02:38.700+0000] {logging_mixin.py:188} INFO - [2025-06-01T00:02:38.700+0000] {dag.py:3036} INFO - Sync 1 DAGs
[2025-06-01T00:02:38.709+0000] {logging_mixin.py:188} INFO - [2025-06-01T00:02:38.709+0000] {dag.py:3823} INFO - Setting next_dagrun for movie_recommendation_pipeline to None, run_after=None
[2025-06-01T00:02:38.727+0000] {processor.py:183} INFO - Processing /opt/airflow/dags/mlops_movie_dag.py took 0.068 seconds
[2025-06-01T00:03:08.865+0000] {processor.py:161} INFO - Started process (PID=1370) to work on /opt/airflow/dags/mlops_movie_dag.py
[2025-06-01T00:03:08.865+0000] {processor.py:830} INFO - Processing file /opt/airflow/dags/mlops_movie_dag.py for tasks to queue
[2025-06-01T00:03:08.866+0000] {logging_mixin.py:188} INFO - [2025-06-01T00:03:08.866+0000] {dagbag.py:538} INFO - Filling up the DagBag from /opt/airflow/dags/mlops_movie_dag.py
[2025-06-01T00:03:08.882+0000] {processor.py:840} INFO - DAG(s) 'movie_recommendation_pipeline' retrieved from /opt/airflow/dags/mlops_movie_dag.py
[2025-06-01T00:03:08.900+0000] {logging_mixin.py:188} INFO - [2025-06-01T00:03:08.900+0000] {dag.py:3036} INFO - Sync 1 DAGs
[2025-06-01T00:03:08.910+0000] {logging_mixin.py:188} INFO - [2025-06-01T00:03:08.910+0000] {dag.py:3823} INFO - Setting next_dagrun for movie_recommendation_pipeline to None, run_after=None
[2025-06-01T00:03:08.928+0000] {processor.py:183} INFO - Processing /opt/airflow/dags/mlops_movie_dag.py took 0.065 seconds
[2025-06-01T00:03:39.080+0000] {processor.py:161} INFO - Started process (PID=1375) to work on /opt/airflow/dags/mlops_movie_dag.py
[2025-06-01T00:03:39.081+0000] {processor.py:830} INFO - Processing file /opt/airflow/dags/mlops_movie_dag.py for tasks to queue
[2025-06-01T00:03:39.082+0000] {logging_mixin.py:188} INFO - [2025-06-01T00:03:39.082+0000] {dagbag.py:538} INFO - Filling up the DagBag from /opt/airflow/dags/mlops_movie_dag.py
[2025-06-01T00:03:39.103+0000] {processor.py:840} INFO - DAG(s) 'movie_recommendation_pipeline' retrieved from /opt/airflow/dags/mlops_movie_dag.py
[2025-06-01T00:03:39.126+0000] {logging_mixin.py:188} INFO - [2025-06-01T00:03:39.126+0000] {dag.py:3036} INFO - Sync 1 DAGs
[2025-06-01T00:03:39.138+0000] {logging_mixin.py:188} INFO - [2025-06-01T00:03:39.138+0000] {dag.py:3823} INFO - Setting next_dagrun for movie_recommendation_pipeline to None, run_after=None
[2025-06-01T00:03:39.162+0000] {processor.py:183} INFO - Processing /opt/airflow/dags/mlops_movie_dag.py took 0.083 seconds
[2025-06-01T00:04:09.275+0000] {processor.py:161} INFO - Started process (PID=1380) to work on /opt/airflow/dags/mlops_movie_dag.py
[2025-06-01T00:04:09.276+0000] {processor.py:830} INFO - Processing file /opt/airflow/dags/mlops_movie_dag.py for tasks to queue
[2025-06-01T00:04:09.277+0000] {logging_mixin.py:188} INFO - [2025-06-01T00:04:09.277+0000] {dagbag.py:538} INFO - Filling up the DagBag from /opt/airflow/dags/mlops_movie_dag.py
[2025-06-01T00:04:09.295+0000] {processor.py:840} INFO - DAG(s) 'movie_recommendation_pipeline' retrieved from /opt/airflow/dags/mlops_movie_dag.py
[2025-06-01T00:04:09.317+0000] {logging_mixin.py:188} INFO - [2025-06-01T00:04:09.316+0000] {dag.py:3036} INFO - Sync 1 DAGs
[2025-06-01T00:04:09.325+0000] {logging_mixin.py:188} INFO - [2025-06-01T00:04:09.325+0000] {dag.py:3823} INFO - Setting next_dagrun for movie_recommendation_pipeline to None, run_after=None
[2025-06-01T00:04:09.342+0000] {processor.py:183} INFO - Processing /opt/airflow/dags/mlops_movie_dag.py took 0.069 seconds
[2025-06-01T00:04:39.525+0000] {processor.py:161} INFO - Started process (PID=1385) to work on /opt/airflow/dags/mlops_movie_dag.py
[2025-06-01T00:04:39.526+0000] {processor.py:830} INFO - Processing file /opt/airflow/dags/mlops_movie_dag.py for tasks to queue
[2025-06-01T00:04:39.527+0000] {logging_mixin.py:188} INFO - [2025-06-01T00:04:39.527+0000] {dagbag.py:538} INFO - Filling up the DagBag from /opt/airflow/dags/mlops_movie_dag.py
[2025-06-01T00:04:39.543+0000] {processor.py:840} INFO - DAG(s) 'movie_recommendation_pipeline' retrieved from /opt/airflow/dags/mlops_movie_dag.py
[2025-06-01T00:04:39.562+0000] {logging_mixin.py:188} INFO - [2025-06-01T00:04:39.562+0000] {dag.py:3036} INFO - Sync 1 DAGs
[2025-06-01T00:04:39.569+0000] {logging_mixin.py:188} INFO - [2025-06-01T00:04:39.569+0000] {dag.py:3823} INFO - Setting next_dagrun for movie_recommendation_pipeline to None, run_after=None
[2025-06-01T00:04:39.586+0000] {processor.py:183} INFO - Processing /opt/airflow/dags/mlops_movie_dag.py took 0.062 seconds
[2025-06-01T00:05:09.739+0000] {processor.py:161} INFO - Started process (PID=1390) to work on /opt/airflow/dags/mlops_movie_dag.py
[2025-06-01T00:05:09.739+0000] {processor.py:830} INFO - Processing file /opt/airflow/dags/mlops_movie_dag.py for tasks to queue
[2025-06-01T00:05:09.740+0000] {logging_mixin.py:188} INFO - [2025-06-01T00:05:09.740+0000] {dagbag.py:538} INFO - Filling up the DagBag from /opt/airflow/dags/mlops_movie_dag.py
[2025-06-01T00:05:09.756+0000] {processor.py:840} INFO - DAG(s) 'movie_recommendation_pipeline' retrieved from /opt/airflow/dags/mlops_movie_dag.py
[2025-06-01T00:05:09.774+0000] {logging_mixin.py:188} INFO - [2025-06-01T00:05:09.774+0000] {dag.py:3036} INFO - Sync 1 DAGs
[2025-06-01T00:05:09.782+0000] {logging_mixin.py:188} INFO - [2025-06-01T00:05:09.782+0000] {dag.py:3823} INFO - Setting next_dagrun for movie_recommendation_pipeline to None, run_after=None
[2025-06-01T00:05:09.795+0000] {processor.py:183} INFO - Processing /opt/airflow/dags/mlops_movie_dag.py took 0.058 seconds
[2025-06-01T00:05:39.941+0000] {processor.py:161} INFO - Started process (PID=1395) to work on /opt/airflow/dags/mlops_movie_dag.py
[2025-06-01T00:05:39.942+0000] {processor.py:830} INFO - Processing file /opt/airflow/dags/mlops_movie_dag.py for tasks to queue
[2025-06-01T00:05:39.943+0000] {logging_mixin.py:188} INFO - [2025-06-01T00:05:39.942+0000] {dagbag.py:538} INFO - Filling up the DagBag from /opt/airflow/dags/mlops_movie_dag.py
[2025-06-01T00:05:39.959+0000] {processor.py:840} INFO - DAG(s) 'movie_recommendation_pipeline' retrieved from /opt/airflow/dags/mlops_movie_dag.py
[2025-06-01T00:05:39.978+0000] {logging_mixin.py:188} INFO - [2025-06-01T00:05:39.978+0000] {dag.py:3036} INFO - Sync 1 DAGs
[2025-06-01T00:05:39.986+0000] {logging_mixin.py:188} INFO - [2025-06-01T00:05:39.986+0000] {dag.py:3823} INFO - Setting next_dagrun for movie_recommendation_pipeline to None, run_after=None
[2025-06-01T00:05:40.003+0000] {processor.py:183} INFO - Processing /opt/airflow/dags/mlops_movie_dag.py took 0.063 seconds
[2025-06-01T00:06:10.139+0000] {processor.py:161} INFO - Started process (PID=1400) to work on /opt/airflow/dags/mlops_movie_dag.py
[2025-06-01T00:06:10.140+0000] {processor.py:830} INFO - Processing file /opt/airflow/dags/mlops_movie_dag.py for tasks to queue
[2025-06-01T00:06:10.141+0000] {logging_mixin.py:188} INFO - [2025-06-01T00:06:10.140+0000] {dagbag.py:538} INFO - Filling up the DagBag from /opt/airflow/dags/mlops_movie_dag.py
[2025-06-01T00:06:10.159+0000] {processor.py:840} INFO - DAG(s) 'movie_recommendation_pipeline' retrieved from /opt/airflow/dags/mlops_movie_dag.py
[2025-06-01T00:06:10.180+0000] {logging_mixin.py:188} INFO - [2025-06-01T00:06:10.180+0000] {dag.py:3036} INFO - Sync 1 DAGs
[2025-06-01T00:06:10.189+0000] {logging_mixin.py:188} INFO - [2025-06-01T00:06:10.189+0000] {dag.py:3823} INFO - Setting next_dagrun for movie_recommendation_pipeline to None, run_after=None
[2025-06-01T00:06:10.203+0000] {processor.py:183} INFO - Processing /opt/airflow/dags/mlops_movie_dag.py took 0.066 seconds
[2025-06-01T00:06:40.403+0000] {processor.py:161} INFO - Started process (PID=1405) to work on /opt/airflow/dags/mlops_movie_dag.py
[2025-06-01T00:06:40.403+0000] {processor.py:830} INFO - Processing file /opt/airflow/dags/mlops_movie_dag.py for tasks to queue
[2025-06-01T00:06:40.404+0000] {logging_mixin.py:188} INFO - [2025-06-01T00:06:40.404+0000] {dagbag.py:538} INFO - Filling up the DagBag from /opt/airflow/dags/mlops_movie_dag.py
[2025-06-01T00:06:40.423+0000] {processor.py:840} INFO - DAG(s) 'movie_recommendation_pipeline' retrieved from /opt/airflow/dags/mlops_movie_dag.py
[2025-06-01T00:06:40.444+0000] {logging_mixin.py:188} INFO - [2025-06-01T00:06:40.444+0000] {dag.py:3036} INFO - Sync 1 DAGs
[2025-06-01T00:06:40.452+0000] {logging_mixin.py:188} INFO - [2025-06-01T00:06:40.452+0000] {dag.py:3823} INFO - Setting next_dagrun for movie_recommendation_pipeline to None, run_after=None
[2025-06-01T00:06:40.470+0000] {processor.py:183} INFO - Processing /opt/airflow/dags/mlops_movie_dag.py took 0.069 seconds
[2025-06-01T00:07:10.603+0000] {processor.py:161} INFO - Started process (PID=1410) to work on /opt/airflow/dags/mlops_movie_dag.py
[2025-06-01T00:07:10.604+0000] {processor.py:830} INFO - Processing file /opt/airflow/dags/mlops_movie_dag.py for tasks to queue
[2025-06-01T00:07:10.605+0000] {logging_mixin.py:188} INFO - [2025-06-01T00:07:10.604+0000] {dagbag.py:538} INFO - Filling up the DagBag from /opt/airflow/dags/mlops_movie_dag.py
[2025-06-01T00:07:10.623+0000] {processor.py:840} INFO - DAG(s) 'movie_recommendation_pipeline' retrieved from /opt/airflow/dags/mlops_movie_dag.py
[2025-06-01T00:07:10.645+0000] {logging_mixin.py:188} INFO - [2025-06-01T00:07:10.645+0000] {dag.py:3036} INFO - Sync 1 DAGs
[2025-06-01T00:07:10.655+0000] {logging_mixin.py:188} INFO - [2025-06-01T00:07:10.655+0000] {dag.py:3823} INFO - Setting next_dagrun for movie_recommendation_pipeline to None, run_after=None
[2025-06-01T00:07:10.672+0000] {processor.py:183} INFO - Processing /opt/airflow/dags/mlops_movie_dag.py took 0.070 seconds
[2025-06-01T00:07:40.822+0000] {processor.py:161} INFO - Started process (PID=1415) to work on /opt/airflow/dags/mlops_movie_dag.py
[2025-06-01T00:07:40.823+0000] {processor.py:830} INFO - Processing file /opt/airflow/dags/mlops_movie_dag.py for tasks to queue
[2025-06-01T00:07:40.823+0000] {logging_mixin.py:188} INFO - [2025-06-01T00:07:40.823+0000] {dagbag.py:538} INFO - Filling up the DagBag from /opt/airflow/dags/mlops_movie_dag.py
[2025-06-01T00:07:40.841+0000] {processor.py:840} INFO - DAG(s) 'movie_recommendation_pipeline' retrieved from /opt/airflow/dags/mlops_movie_dag.py
[2025-06-01T00:07:40.860+0000] {logging_mixin.py:188} INFO - [2025-06-01T00:07:40.860+0000] {dag.py:3036} INFO - Sync 1 DAGs
[2025-06-01T00:07:40.868+0000] {logging_mixin.py:188} INFO - [2025-06-01T00:07:40.868+0000] {dag.py:3823} INFO - Setting next_dagrun for movie_recommendation_pipeline to None, run_after=None
[2025-06-01T00:07:40.885+0000] {processor.py:183} INFO - Processing /opt/airflow/dags/mlops_movie_dag.py took 0.064 seconds
[2025-06-01T00:08:11.021+0000] {processor.py:161} INFO - Started process (PID=1420) to work on /opt/airflow/dags/mlops_movie_dag.py
[2025-06-01T00:08:11.022+0000] {processor.py:830} INFO - Processing file /opt/airflow/dags/mlops_movie_dag.py for tasks to queue
[2025-06-01T00:08:11.023+0000] {logging_mixin.py:188} INFO - [2025-06-01T00:08:11.022+0000] {dagbag.py:538} INFO - Filling up the DagBag from /opt/airflow/dags/mlops_movie_dag.py
[2025-06-01T00:08:11.039+0000] {processor.py:840} INFO - DAG(s) 'movie_recommendation_pipeline' retrieved from /opt/airflow/dags/mlops_movie_dag.py
[2025-06-01T00:08:11.057+0000] {logging_mixin.py:188} INFO - [2025-06-01T00:08:11.057+0000] {dag.py:3036} INFO - Sync 1 DAGs
[2025-06-01T00:08:11.066+0000] {logging_mixin.py:188} INFO - [2025-06-01T00:08:11.066+0000] {dag.py:3823} INFO - Setting next_dagrun for movie_recommendation_pipeline to None, run_after=None
[2025-06-01T00:08:11.082+0000] {processor.py:183} INFO - Processing /opt/airflow/dags/mlops_movie_dag.py took 0.062 seconds
[2025-06-01T00:08:41.245+0000] {processor.py:161} INFO - Started process (PID=1425) to work on /opt/airflow/dags/mlops_movie_dag.py
[2025-06-01T00:08:41.246+0000] {processor.py:830} INFO - Processing file /opt/airflow/dags/mlops_movie_dag.py for tasks to queue
[2025-06-01T00:08:41.247+0000] {logging_mixin.py:188} INFO - [2025-06-01T00:08:41.246+0000] {dagbag.py:538} INFO - Filling up the DagBag from /opt/airflow/dags/mlops_movie_dag.py
[2025-06-01T00:08:41.267+0000] {processor.py:840} INFO - DAG(s) 'movie_recommendation_pipeline' retrieved from /opt/airflow/dags/mlops_movie_dag.py
[2025-06-01T00:08:41.287+0000] {logging_mixin.py:188} INFO - [2025-06-01T00:08:41.287+0000] {dag.py:3036} INFO - Sync 1 DAGs
[2025-06-01T00:08:41.296+0000] {logging_mixin.py:188} INFO - [2025-06-01T00:08:41.295+0000] {dag.py:3823} INFO - Setting next_dagrun for movie_recommendation_pipeline to None, run_after=None
[2025-06-01T00:08:41.311+0000] {processor.py:183} INFO - Processing /opt/airflow/dags/mlops_movie_dag.py took 0.068 seconds
[2025-06-01T00:09:11.447+0000] {processor.py:161} INFO - Started process (PID=1430) to work on /opt/airflow/dags/mlops_movie_dag.py
[2025-06-01T00:09:11.447+0000] {processor.py:830} INFO - Processing file /opt/airflow/dags/mlops_movie_dag.py for tasks to queue
[2025-06-01T00:09:11.448+0000] {logging_mixin.py:188} INFO - [2025-06-01T00:09:11.448+0000] {dagbag.py:538} INFO - Filling up the DagBag from /opt/airflow/dags/mlops_movie_dag.py
[2025-06-01T00:09:11.468+0000] {processor.py:840} INFO - DAG(s) 'movie_recommendation_pipeline' retrieved from /opt/airflow/dags/mlops_movie_dag.py
[2025-06-01T00:09:11.488+0000] {logging_mixin.py:188} INFO - [2025-06-01T00:09:11.488+0000] {dag.py:3036} INFO - Sync 1 DAGs
[2025-06-01T00:09:11.496+0000] {logging_mixin.py:188} INFO - [2025-06-01T00:09:11.496+0000] {dag.py:3823} INFO - Setting next_dagrun for movie_recommendation_pipeline to None, run_after=None
[2025-06-01T00:09:11.510+0000] {processor.py:183} INFO - Processing /opt/airflow/dags/mlops_movie_dag.py took 0.065 seconds
[2025-06-01T00:09:41.668+0000] {processor.py:161} INFO - Started process (PID=1435) to work on /opt/airflow/dags/mlops_movie_dag.py
[2025-06-01T00:09:41.669+0000] {processor.py:830} INFO - Processing file /opt/airflow/dags/mlops_movie_dag.py for tasks to queue
[2025-06-01T00:09:41.670+0000] {logging_mixin.py:188} INFO - [2025-06-01T00:09:41.670+0000] {dagbag.py:538} INFO - Filling up the DagBag from /opt/airflow/dags/mlops_movie_dag.py
[2025-06-01T00:09:41.694+0000] {processor.py:840} INFO - DAG(s) 'movie_recommendation_pipeline' retrieved from /opt/airflow/dags/mlops_movie_dag.py
[2025-06-01T00:09:41.722+0000] {logging_mixin.py:188} INFO - [2025-06-01T00:09:41.721+0000] {dag.py:3036} INFO - Sync 1 DAGs
[2025-06-01T00:09:41.732+0000] {logging_mixin.py:188} INFO - [2025-06-01T00:09:41.732+0000] {dag.py:3823} INFO - Setting next_dagrun for movie_recommendation_pipeline to None, run_after=None
[2025-06-01T00:09:41.749+0000] {processor.py:183} INFO - Processing /opt/airflow/dags/mlops_movie_dag.py took 0.084 seconds
[2025-06-01T00:10:11.860+0000] {processor.py:161} INFO - Started process (PID=1440) to work on /opt/airflow/dags/mlops_movie_dag.py
[2025-06-01T00:10:11.861+0000] {processor.py:830} INFO - Processing file /opt/airflow/dags/mlops_movie_dag.py for tasks to queue
[2025-06-01T00:10:11.862+0000] {logging_mixin.py:188} INFO - [2025-06-01T00:10:11.862+0000] {dagbag.py:538} INFO - Filling up the DagBag from /opt/airflow/dags/mlops_movie_dag.py
[2025-06-01T00:10:11.884+0000] {processor.py:840} INFO - DAG(s) 'movie_recommendation_pipeline' retrieved from /opt/airflow/dags/mlops_movie_dag.py
[2025-06-01T00:10:11.909+0000] {logging_mixin.py:188} INFO - [2025-06-01T00:10:11.908+0000] {dag.py:3036} INFO - Sync 1 DAGs
[2025-06-01T00:10:11.918+0000] {logging_mixin.py:188} INFO - [2025-06-01T00:10:11.918+0000] {dag.py:3823} INFO - Setting next_dagrun for movie_recommendation_pipeline to None, run_after=None
[2025-06-01T00:10:11.939+0000] {processor.py:183} INFO - Processing /opt/airflow/dags/mlops_movie_dag.py took 0.081 seconds
[2025-06-01T00:10:42.098+0000] {processor.py:161} INFO - Started process (PID=1445) to work on /opt/airflow/dags/mlops_movie_dag.py
[2025-06-01T00:10:42.098+0000] {processor.py:830} INFO - Processing file /opt/airflow/dags/mlops_movie_dag.py for tasks to queue
[2025-06-01T00:10:42.099+0000] {logging_mixin.py:188} INFO - [2025-06-01T00:10:42.099+0000] {dagbag.py:538} INFO - Filling up the DagBag from /opt/airflow/dags/mlops_movie_dag.py
[2025-06-01T00:10:42.121+0000] {processor.py:840} INFO - DAG(s) 'movie_recommendation_pipeline' retrieved from /opt/airflow/dags/mlops_movie_dag.py
[2025-06-01T00:10:42.144+0000] {logging_mixin.py:188} INFO - [2025-06-01T00:10:42.144+0000] {dag.py:3036} INFO - Sync 1 DAGs
[2025-06-01T00:10:42.154+0000] {logging_mixin.py:188} INFO - [2025-06-01T00:10:42.154+0000] {dag.py:3823} INFO - Setting next_dagrun for movie_recommendation_pipeline to None, run_after=None
[2025-06-01T00:10:42.170+0000] {processor.py:183} INFO - Processing /opt/airflow/dags/mlops_movie_dag.py took 0.075 seconds
[2025-06-01T00:11:12.317+0000] {processor.py:161} INFO - Started process (PID=1450) to work on /opt/airflow/dags/mlops_movie_dag.py
[2025-06-01T00:11:12.318+0000] {processor.py:830} INFO - Processing file /opt/airflow/dags/mlops_movie_dag.py for tasks to queue
[2025-06-01T00:11:12.320+0000] {logging_mixin.py:188} INFO - [2025-06-01T00:11:12.319+0000] {dagbag.py:538} INFO - Filling up the DagBag from /opt/airflow/dags/mlops_movie_dag.py
[2025-06-01T00:11:12.352+0000] {processor.py:840} INFO - DAG(s) 'movie_recommendation_pipeline' retrieved from /opt/airflow/dags/mlops_movie_dag.py
[2025-06-01T00:11:12.399+0000] {logging_mixin.py:188} INFO - [2025-06-01T00:11:12.398+0000] {dag.py:3036} INFO - Sync 1 DAGs
[2025-06-01T00:11:12.418+0000] {logging_mixin.py:188} INFO - [2025-06-01T00:11:12.418+0000] {dag.py:3823} INFO - Setting next_dagrun for movie_recommendation_pipeline to None, run_after=None
[2025-06-01T00:11:12.448+0000] {processor.py:183} INFO - Processing /opt/airflow/dags/mlops_movie_dag.py took 0.137 seconds
[2025-06-01T00:11:42.574+0000] {processor.py:161} INFO - Started process (PID=1455) to work on /opt/airflow/dags/mlops_movie_dag.py
[2025-06-01T00:11:42.575+0000] {processor.py:830} INFO - Processing file /opt/airflow/dags/mlops_movie_dag.py for tasks to queue
[2025-06-01T00:11:42.576+0000] {logging_mixin.py:188} INFO - [2025-06-01T00:11:42.576+0000] {dagbag.py:538} INFO - Filling up the DagBag from /opt/airflow/dags/mlops_movie_dag.py
[2025-06-01T00:11:42.599+0000] {processor.py:840} INFO - DAG(s) 'movie_recommendation_pipeline' retrieved from /opt/airflow/dags/mlops_movie_dag.py
[2025-06-01T00:11:42.624+0000] {logging_mixin.py:188} INFO - [2025-06-01T00:11:42.624+0000] {dag.py:3036} INFO - Sync 1 DAGs
[2025-06-01T00:11:42.634+0000] {logging_mixin.py:188} INFO - [2025-06-01T00:11:42.634+0000] {dag.py:3823} INFO - Setting next_dagrun for movie_recommendation_pipeline to None, run_after=None
[2025-06-01T00:11:42.665+0000] {processor.py:183} INFO - Processing /opt/airflow/dags/mlops_movie_dag.py took 0.094 seconds
[2025-06-01T00:12:22.117+0000] {processor.py:161} INFO - Started process (PID=189) to work on /opt/airflow/dags/mlops_movie_dag.py
[2025-06-01T00:12:22.118+0000] {processor.py:830} INFO - Processing file /opt/airflow/dags/mlops_movie_dag.py for tasks to queue
[2025-06-01T00:12:22.118+0000] {logging_mixin.py:188} INFO - [2025-06-01T00:12:22.118+0000] {dagbag.py:538} INFO - Filling up the DagBag from /opt/airflow/dags/mlops_movie_dag.py
[2025-06-01T00:12:22.141+0000] {processor.py:840} INFO - DAG(s) 'movie_recommendation_pipeline' retrieved from /opt/airflow/dags/mlops_movie_dag.py
[2025-06-01T00:12:22.157+0000] {logging_mixin.py:188} INFO - [2025-06-01T00:12:22.157+0000] {dag.py:3036} INFO - Sync 1 DAGs
[2025-06-01T00:12:22.165+0000] {logging_mixin.py:188} INFO - [2025-06-01T00:12:22.165+0000] {dag.py:3823} INFO - Setting next_dagrun for movie_recommendation_pipeline to None, run_after=None
[2025-06-01T00:12:22.180+0000] {processor.py:183} INFO - Processing /opt/airflow/dags/mlops_movie_dag.py took 0.066 seconds
[2025-06-01T00:12:52.348+0000] {processor.py:161} INFO - Started process (PID=194) to work on /opt/airflow/dags/mlops_movie_dag.py
[2025-06-01T00:12:52.349+0000] {processor.py:830} INFO - Processing file /opt/airflow/dags/mlops_movie_dag.py for tasks to queue
[2025-06-01T00:12:52.350+0000] {logging_mixin.py:188} INFO - [2025-06-01T00:12:52.349+0000] {dagbag.py:538} INFO - Filling up the DagBag from /opt/airflow/dags/mlops_movie_dag.py
[2025-06-01T00:12:52.372+0000] {processor.py:840} INFO - DAG(s) 'movie_recommendation_pipeline' retrieved from /opt/airflow/dags/mlops_movie_dag.py
[2025-06-01T00:12:52.532+0000] {logging_mixin.py:188} INFO - [2025-06-01T00:12:52.532+0000] {dag.py:3036} INFO - Sync 1 DAGs
[2025-06-01T00:12:52.542+0000] {logging_mixin.py:188} INFO - [2025-06-01T00:12:52.542+0000] {dag.py:3823} INFO - Setting next_dagrun for movie_recommendation_pipeline to None, run_after=None
[2025-06-01T00:12:52.598+0000] {processor.py:183} INFO - Processing /opt/airflow/dags/mlops_movie_dag.py took 0.253 seconds
[2025-06-01T00:13:22.797+0000] {processor.py:161} INFO - Started process (PID=199) to work on /opt/airflow/dags/mlops_movie_dag.py
[2025-06-01T00:13:22.798+0000] {processor.py:830} INFO - Processing file /opt/airflow/dags/mlops_movie_dag.py for tasks to queue
[2025-06-01T00:13:22.799+0000] {logging_mixin.py:188} INFO - [2025-06-01T00:13:22.799+0000] {dagbag.py:538} INFO - Filling up the DagBag from /opt/airflow/dags/mlops_movie_dag.py
[2025-06-01T00:13:22.820+0000] {processor.py:840} INFO - DAG(s) 'movie_recommendation_pipeline' retrieved from /opt/airflow/dags/mlops_movie_dag.py
[2025-06-01T00:13:22.845+0000] {logging_mixin.py:188} INFO - [2025-06-01T00:13:22.845+0000] {dag.py:3036} INFO - Sync 1 DAGs
[2025-06-01T00:13:22.855+0000] {logging_mixin.py:188} INFO - [2025-06-01T00:13:22.855+0000] {dag.py:3823} INFO - Setting next_dagrun for movie_recommendation_pipeline to None, run_after=None
[2025-06-01T00:13:22.969+0000] {processor.py:183} INFO - Processing /opt/airflow/dags/mlops_movie_dag.py took 0.176 seconds
[2025-06-01T00:13:53.166+0000] {processor.py:161} INFO - Started process (PID=204) to work on /opt/airflow/dags/mlops_movie_dag.py
[2025-06-01T00:13:53.167+0000] {processor.py:830} INFO - Processing file /opt/airflow/dags/mlops_movie_dag.py for tasks to queue
[2025-06-01T00:13:53.168+0000] {logging_mixin.py:188} INFO - [2025-06-01T00:13:53.167+0000] {dagbag.py:538} INFO - Filling up the DagBag from /opt/airflow/dags/mlops_movie_dag.py
[2025-06-01T00:13:53.185+0000] {processor.py:840} INFO - DAG(s) 'movie_recommendation_pipeline' retrieved from /opt/airflow/dags/mlops_movie_dag.py
[2025-06-01T00:13:53.206+0000] {logging_mixin.py:188} INFO - [2025-06-01T00:13:53.206+0000] {dag.py:3036} INFO - Sync 1 DAGs
[2025-06-01T00:13:53.216+0000] {logging_mixin.py:188} INFO - [2025-06-01T00:13:53.215+0000] {dag.py:3823} INFO - Setting next_dagrun for movie_recommendation_pipeline to None, run_after=None
[2025-06-01T00:13:53.231+0000] {processor.py:183} INFO - Processing /opt/airflow/dags/mlops_movie_dag.py took 0.067 seconds
[2025-06-01T00:14:23.370+0000] {processor.py:161} INFO - Started process (PID=209) to work on /opt/airflow/dags/mlops_movie_dag.py
[2025-06-01T00:14:23.370+0000] {processor.py:830} INFO - Processing file /opt/airflow/dags/mlops_movie_dag.py for tasks to queue
[2025-06-01T00:14:23.371+0000] {logging_mixin.py:188} INFO - [2025-06-01T00:14:23.371+0000] {dagbag.py:538} INFO - Filling up the DagBag from /opt/airflow/dags/mlops_movie_dag.py
[2025-06-01T00:14:23.390+0000] {processor.py:840} INFO - DAG(s) 'movie_recommendation_pipeline' retrieved from /opt/airflow/dags/mlops_movie_dag.py
[2025-06-01T00:14:23.412+0000] {logging_mixin.py:188} INFO - [2025-06-01T00:14:23.412+0000] {dag.py:3036} INFO - Sync 1 DAGs
[2025-06-01T00:14:23.422+0000] {logging_mixin.py:188} INFO - [2025-06-01T00:14:23.422+0000] {dag.py:3823} INFO - Setting next_dagrun for movie_recommendation_pipeline to None, run_after=None
[2025-06-01T00:14:23.439+0000] {processor.py:183} INFO - Processing /opt/airflow/dags/mlops_movie_dag.py took 0.071 seconds
[2025-06-01T00:14:53.588+0000] {processor.py:161} INFO - Started process (PID=214) to work on /opt/airflow/dags/mlops_movie_dag.py
[2025-06-01T00:14:53.589+0000] {processor.py:830} INFO - Processing file /opt/airflow/dags/mlops_movie_dag.py for tasks to queue
[2025-06-01T00:14:53.590+0000] {logging_mixin.py:188} INFO - [2025-06-01T00:14:53.589+0000] {dagbag.py:538} INFO - Filling up the DagBag from /opt/airflow/dags/mlops_movie_dag.py
[2025-06-01T00:14:53.605+0000] {processor.py:840} INFO - DAG(s) 'movie_recommendation_pipeline' retrieved from /opt/airflow/dags/mlops_movie_dag.py
[2025-06-01T00:14:53.628+0000] {logging_mixin.py:188} INFO - [2025-06-01T00:14:53.628+0000] {dag.py:3036} INFO - Sync 1 DAGs
[2025-06-01T00:14:53.639+0000] {logging_mixin.py:188} INFO - [2025-06-01T00:14:53.639+0000] {dag.py:3823} INFO - Setting next_dagrun for movie_recommendation_pipeline to None, run_after=None
[2025-06-01T00:14:53.657+0000] {processor.py:183} INFO - Processing /opt/airflow/dags/mlops_movie_dag.py took 0.070 seconds
[2025-06-01T00:15:23.794+0000] {processor.py:161} INFO - Started process (PID=219) to work on /opt/airflow/dags/mlops_movie_dag.py
[2025-06-01T00:15:23.795+0000] {processor.py:830} INFO - Processing file /opt/airflow/dags/mlops_movie_dag.py for tasks to queue
[2025-06-01T00:15:23.796+0000] {logging_mixin.py:188} INFO - [2025-06-01T00:15:23.796+0000] {dagbag.py:538} INFO - Filling up the DagBag from /opt/airflow/dags/mlops_movie_dag.py
[2025-06-01T00:15:23.815+0000] {processor.py:840} INFO - DAG(s) 'movie_recommendation_pipeline' retrieved from /opt/airflow/dags/mlops_movie_dag.py
[2025-06-01T00:15:23.840+0000] {logging_mixin.py:188} INFO - [2025-06-01T00:15:23.840+0000] {dag.py:3036} INFO - Sync 1 DAGs
[2025-06-01T00:15:23.850+0000] {logging_mixin.py:188} INFO - [2025-06-01T00:15:23.850+0000] {dag.py:3823} INFO - Setting next_dagrun for movie_recommendation_pipeline to None, run_after=None
[2025-06-01T00:15:23.899+0000] {processor.py:183} INFO - Processing /opt/airflow/dags/mlops_movie_dag.py took 0.107 seconds
[2025-06-01T00:15:54.009+0000] {processor.py:161} INFO - Started process (PID=224) to work on /opt/airflow/dags/mlops_movie_dag.py
[2025-06-01T00:15:54.009+0000] {processor.py:830} INFO - Processing file /opt/airflow/dags/mlops_movie_dag.py for tasks to queue
[2025-06-01T00:15:54.010+0000] {logging_mixin.py:188} INFO - [2025-06-01T00:15:54.010+0000] {dagbag.py:538} INFO - Filling up the DagBag from /opt/airflow/dags/mlops_movie_dag.py
[2025-06-01T00:15:54.029+0000] {processor.py:840} INFO - DAG(s) 'movie_recommendation_pipeline' retrieved from /opt/airflow/dags/mlops_movie_dag.py
[2025-06-01T00:15:54.052+0000] {logging_mixin.py:188} INFO - [2025-06-01T00:15:54.052+0000] {dag.py:3036} INFO - Sync 1 DAGs
[2025-06-01T00:15:54.060+0000] {logging_mixin.py:188} INFO - [2025-06-01T00:15:54.060+0000] {dag.py:3823} INFO - Setting next_dagrun for movie_recommendation_pipeline to None, run_after=None
[2025-06-01T00:15:54.073+0000] {processor.py:183} INFO - Processing /opt/airflow/dags/mlops_movie_dag.py took 0.067 seconds
[2025-06-01T00:16:24.266+0000] {processor.py:161} INFO - Started process (PID=229) to work on /opt/airflow/dags/mlops_movie_dag.py
[2025-06-01T00:16:24.267+0000] {processor.py:830} INFO - Processing file /opt/airflow/dags/mlops_movie_dag.py for tasks to queue
[2025-06-01T00:16:24.268+0000] {logging_mixin.py:188} INFO - [2025-06-01T00:16:24.267+0000] {dagbag.py:538} INFO - Filling up the DagBag from /opt/airflow/dags/mlops_movie_dag.py
[2025-06-01T00:16:24.284+0000] {processor.py:840} INFO - DAG(s) 'movie_recommendation_pipeline' retrieved from /opt/airflow/dags/mlops_movie_dag.py
[2025-06-01T00:16:24.302+0000] {logging_mixin.py:188} INFO - [2025-06-01T00:16:24.302+0000] {dag.py:3036} INFO - Sync 1 DAGs
[2025-06-01T00:16:24.310+0000] {logging_mixin.py:188} INFO - [2025-06-01T00:16:24.310+0000] {dag.py:3823} INFO - Setting next_dagrun for movie_recommendation_pipeline to None, run_after=None
[2025-06-01T00:16:24.323+0000] {processor.py:183} INFO - Processing /opt/airflow/dags/mlops_movie_dag.py took 0.059 seconds
[2025-06-01T00:16:54.460+0000] {processor.py:161} INFO - Started process (PID=234) to work on /opt/airflow/dags/mlops_movie_dag.py
[2025-06-01T00:16:54.461+0000] {processor.py:830} INFO - Processing file /opt/airflow/dags/mlops_movie_dag.py for tasks to queue
[2025-06-01T00:16:54.461+0000] {logging_mixin.py:188} INFO - [2025-06-01T00:16:54.461+0000] {dagbag.py:538} INFO - Filling up the DagBag from /opt/airflow/dags/mlops_movie_dag.py
[2025-06-01T00:16:54.480+0000] {processor.py:840} INFO - DAG(s) 'movie_recommendation_pipeline' retrieved from /opt/airflow/dags/mlops_movie_dag.py
[2025-06-01T00:16:54.499+0000] {logging_mixin.py:188} INFO - [2025-06-01T00:16:54.499+0000] {dag.py:3036} INFO - Sync 1 DAGs
[2025-06-01T00:16:54.507+0000] {logging_mixin.py:188} INFO - [2025-06-01T00:16:54.507+0000] {dag.py:3823} INFO - Setting next_dagrun for movie_recommendation_pipeline to None, run_after=None
[2025-06-01T00:16:54.520+0000] {processor.py:183} INFO - Processing /opt/airflow/dags/mlops_movie_dag.py took 0.062 seconds
[2025-06-01T00:17:24.704+0000] {processor.py:161} INFO - Started process (PID=239) to work on /opt/airflow/dags/mlops_movie_dag.py
[2025-06-01T00:17:24.704+0000] {processor.py:830} INFO - Processing file /opt/airflow/dags/mlops_movie_dag.py for tasks to queue
[2025-06-01T00:17:24.705+0000] {logging_mixin.py:188} INFO - [2025-06-01T00:17:24.705+0000] {dagbag.py:538} INFO - Filling up the DagBag from /opt/airflow/dags/mlops_movie_dag.py
[2025-06-01T00:17:24.720+0000] {processor.py:840} INFO - DAG(s) 'movie_recommendation_pipeline' retrieved from /opt/airflow/dags/mlops_movie_dag.py
[2025-06-01T00:17:24.739+0000] {logging_mixin.py:188} INFO - [2025-06-01T00:17:24.739+0000] {dag.py:3036} INFO - Sync 1 DAGs
[2025-06-01T00:17:24.747+0000] {logging_mixin.py:188} INFO - [2025-06-01T00:17:24.747+0000] {dag.py:3823} INFO - Setting next_dagrun for movie_recommendation_pipeline to None, run_after=None
[2025-06-01T00:17:24.762+0000] {processor.py:183} INFO - Processing /opt/airflow/dags/mlops_movie_dag.py took 0.060 seconds
[2025-06-01T00:17:54.908+0000] {processor.py:161} INFO - Started process (PID=244) to work on /opt/airflow/dags/mlops_movie_dag.py
[2025-06-01T00:17:54.909+0000] {processor.py:830} INFO - Processing file /opt/airflow/dags/mlops_movie_dag.py for tasks to queue
[2025-06-01T00:17:54.910+0000] {logging_mixin.py:188} INFO - [2025-06-01T00:17:54.909+0000] {dagbag.py:538} INFO - Filling up the DagBag from /opt/airflow/dags/mlops_movie_dag.py
[2025-06-01T00:17:54.925+0000] {processor.py:840} INFO - DAG(s) 'movie_recommendation_pipeline' retrieved from /opt/airflow/dags/mlops_movie_dag.py
[2025-06-01T00:17:54.944+0000] {logging_mixin.py:188} INFO - [2025-06-01T00:17:54.944+0000] {dag.py:3036} INFO - Sync 1 DAGs
[2025-06-01T00:17:54.951+0000] {logging_mixin.py:188} INFO - [2025-06-01T00:17:54.951+0000] {dag.py:3823} INFO - Setting next_dagrun for movie_recommendation_pipeline to None, run_after=None
[2025-06-01T00:17:55.005+0000] {processor.py:183} INFO - Processing /opt/airflow/dags/mlops_movie_dag.py took 0.098 seconds
[2025-06-01T00:18:25.118+0000] {processor.py:161} INFO - Started process (PID=249) to work on /opt/airflow/dags/mlops_movie_dag.py
[2025-06-01T00:18:25.119+0000] {processor.py:830} INFO - Processing file /opt/airflow/dags/mlops_movie_dag.py for tasks to queue
[2025-06-01T00:18:25.121+0000] {logging_mixin.py:188} INFO - [2025-06-01T00:18:25.121+0000] {dagbag.py:538} INFO - Filling up the DagBag from /opt/airflow/dags/mlops_movie_dag.py
[2025-06-01T00:18:25.143+0000] {processor.py:840} INFO - DAG(s) 'movie_recommendation_pipeline' retrieved from /opt/airflow/dags/mlops_movie_dag.py
[2025-06-01T00:18:25.167+0000] {logging_mixin.py:188} INFO - [2025-06-01T00:18:25.166+0000] {dag.py:3036} INFO - Sync 1 DAGs
[2025-06-01T00:18:25.175+0000] {logging_mixin.py:188} INFO - [2025-06-01T00:18:25.174+0000] {dag.py:3823} INFO - Setting next_dagrun for movie_recommendation_pipeline to None, run_after=None
[2025-06-01T00:18:25.207+0000] {processor.py:183} INFO - Processing /opt/airflow/dags/mlops_movie_dag.py took 0.091 seconds
[2025-06-01T00:18:55.379+0000] {processor.py:161} INFO - Started process (PID=254) to work on /opt/airflow/dags/mlops_movie_dag.py
[2025-06-01T00:18:55.380+0000] {processor.py:830} INFO - Processing file /opt/airflow/dags/mlops_movie_dag.py for tasks to queue
[2025-06-01T00:18:55.381+0000] {logging_mixin.py:188} INFO - [2025-06-01T00:18:55.380+0000] {dagbag.py:538} INFO - Filling up the DagBag from /opt/airflow/dags/mlops_movie_dag.py
[2025-06-01T00:18:55.397+0000] {processor.py:840} INFO - DAG(s) 'movie_recommendation_pipeline' retrieved from /opt/airflow/dags/mlops_movie_dag.py
[2025-06-01T00:18:55.418+0000] {logging_mixin.py:188} INFO - [2025-06-01T00:18:55.418+0000] {dag.py:3036} INFO - Sync 1 DAGs
[2025-06-01T00:18:55.427+0000] {logging_mixin.py:188} INFO - [2025-06-01T00:18:55.427+0000] {dag.py:3823} INFO - Setting next_dagrun for movie_recommendation_pipeline to None, run_after=None
[2025-06-01T00:18:55.447+0000] {processor.py:183} INFO - Processing /opt/airflow/dags/mlops_movie_dag.py took 0.070 seconds
[2025-06-01T00:19:25.589+0000] {processor.py:161} INFO - Started process (PID=259) to work on /opt/airflow/dags/mlops_movie_dag.py
[2025-06-01T00:19:25.589+0000] {processor.py:830} INFO - Processing file /opt/airflow/dags/mlops_movie_dag.py for tasks to queue
[2025-06-01T00:19:25.590+0000] {logging_mixin.py:188} INFO - [2025-06-01T00:19:25.590+0000] {dagbag.py:538} INFO - Filling up the DagBag from /opt/airflow/dags/mlops_movie_dag.py
[2025-06-01T00:19:25.607+0000] {processor.py:840} INFO - DAG(s) 'movie_recommendation_pipeline' retrieved from /opt/airflow/dags/mlops_movie_dag.py
[2025-06-01T00:19:25.626+0000] {logging_mixin.py:188} INFO - [2025-06-01T00:19:25.626+0000] {dag.py:3036} INFO - Sync 1 DAGs
[2025-06-01T00:19:25.633+0000] {logging_mixin.py:188} INFO - [2025-06-01T00:19:25.633+0000] {dag.py:3823} INFO - Setting next_dagrun for movie_recommendation_pipeline to None, run_after=None
[2025-06-01T00:19:25.647+0000] {processor.py:183} INFO - Processing /opt/airflow/dags/mlops_movie_dag.py took 0.060 seconds
[2025-06-01T00:19:55.796+0000] {processor.py:161} INFO - Started process (PID=264) to work on /opt/airflow/dags/mlops_movie_dag.py
[2025-06-01T00:19:55.796+0000] {processor.py:830} INFO - Processing file /opt/airflow/dags/mlops_movie_dag.py for tasks to queue
[2025-06-01T00:19:55.797+0000] {logging_mixin.py:188} INFO - [2025-06-01T00:19:55.797+0000] {dagbag.py:538} INFO - Filling up the DagBag from /opt/airflow/dags/mlops_movie_dag.py
[2025-06-01T00:19:55.813+0000] {processor.py:840} INFO - DAG(s) 'movie_recommendation_pipeline' retrieved from /opt/airflow/dags/mlops_movie_dag.py
[2025-06-01T00:19:55.833+0000] {logging_mixin.py:188} INFO - [2025-06-01T00:19:55.833+0000] {dag.py:3036} INFO - Sync 1 DAGs
[2025-06-01T00:19:55.841+0000] {logging_mixin.py:188} INFO - [2025-06-01T00:19:55.841+0000] {dag.py:3823} INFO - Setting next_dagrun for movie_recommendation_pipeline to None, run_after=None
[2025-06-01T00:19:55.857+0000] {processor.py:183} INFO - Processing /opt/airflow/dags/mlops_movie_dag.py took 0.063 seconds
[2025-06-01T00:20:26.003+0000] {processor.py:161} INFO - Started process (PID=269) to work on /opt/airflow/dags/mlops_movie_dag.py
[2025-06-01T00:20:26.004+0000] {processor.py:830} INFO - Processing file /opt/airflow/dags/mlops_movie_dag.py for tasks to queue
[2025-06-01T00:20:26.006+0000] {logging_mixin.py:188} INFO - [2025-06-01T00:20:26.005+0000] {dagbag.py:538} INFO - Filling up the DagBag from /opt/airflow/dags/mlops_movie_dag.py
[2025-06-01T00:20:26.024+0000] {processor.py:840} INFO - DAG(s) 'movie_recommendation_pipeline' retrieved from /opt/airflow/dags/mlops_movie_dag.py
[2025-06-01T00:20:26.045+0000] {logging_mixin.py:188} INFO - [2025-06-01T00:20:26.045+0000] {dag.py:3036} INFO - Sync 1 DAGs
[2025-06-01T00:20:26.053+0000] {logging_mixin.py:188} INFO - [2025-06-01T00:20:26.053+0000] {dag.py:3823} INFO - Setting next_dagrun for movie_recommendation_pipeline to None, run_after=None
[2025-06-01T00:20:26.155+0000] {processor.py:183} INFO - Processing /opt/airflow/dags/mlops_movie_dag.py took 0.153 seconds
[2025-06-01T00:20:56.208+0000] {processor.py:161} INFO - Started process (PID=274) to work on /opt/airflow/dags/mlops_movie_dag.py
[2025-06-01T00:20:56.209+0000] {processor.py:830} INFO - Processing file /opt/airflow/dags/mlops_movie_dag.py for tasks to queue
[2025-06-01T00:20:56.209+0000] {logging_mixin.py:188} INFO - [2025-06-01T00:20:56.209+0000] {dagbag.py:538} INFO - Filling up the DagBag from /opt/airflow/dags/mlops_movie_dag.py
[2025-06-01T00:20:56.227+0000] {processor.py:840} INFO - DAG(s) 'movie_recommendation_pipeline' retrieved from /opt/airflow/dags/mlops_movie_dag.py
[2025-06-01T00:20:56.247+0000] {logging_mixin.py:188} INFO - [2025-06-01T00:20:56.247+0000] {dag.py:3036} INFO - Sync 1 DAGs
[2025-06-01T00:20:56.255+0000] {logging_mixin.py:188} INFO - [2025-06-01T00:20:56.255+0000] {dag.py:3823} INFO - Setting next_dagrun for movie_recommendation_pipeline to None, run_after=None
[2025-06-01T00:20:56.290+0000] {processor.py:183} INFO - Processing /opt/airflow/dags/mlops_movie_dag.py took 0.084 seconds
[2025-06-01T00:21:26.407+0000] {processor.py:161} INFO - Started process (PID=279) to work on /opt/airflow/dags/mlops_movie_dag.py
[2025-06-01T00:21:26.408+0000] {processor.py:830} INFO - Processing file /opt/airflow/dags/mlops_movie_dag.py for tasks to queue
[2025-06-01T00:21:26.409+0000] {logging_mixin.py:188} INFO - [2025-06-01T00:21:26.409+0000] {dagbag.py:538} INFO - Filling up the DagBag from /opt/airflow/dags/mlops_movie_dag.py
[2025-06-01T00:21:26.427+0000] {processor.py:840} INFO - DAG(s) 'movie_recommendation_pipeline' retrieved from /opt/airflow/dags/mlops_movie_dag.py
[2025-06-01T00:21:26.452+0000] {logging_mixin.py:188} INFO - [2025-06-01T00:21:26.452+0000] {dag.py:3036} INFO - Sync 1 DAGs
[2025-06-01T00:21:26.462+0000] {logging_mixin.py:188} INFO - [2025-06-01T00:21:26.462+0000] {dag.py:3823} INFO - Setting next_dagrun for movie_recommendation_pipeline to None, run_after=None
[2025-06-01T00:21:26.478+0000] {processor.py:183} INFO - Processing /opt/airflow/dags/mlops_movie_dag.py took 0.073 seconds
[2025-06-01T00:21:56.658+0000] {processor.py:161} INFO - Started process (PID=284) to work on /opt/airflow/dags/mlops_movie_dag.py
[2025-06-01T00:21:56.659+0000] {processor.py:830} INFO - Processing file /opt/airflow/dags/mlops_movie_dag.py for tasks to queue
[2025-06-01T00:21:56.659+0000] {logging_mixin.py:188} INFO - [2025-06-01T00:21:56.659+0000] {dagbag.py:538} INFO - Filling up the DagBag from /opt/airflow/dags/mlops_movie_dag.py
[2025-06-01T00:21:56.674+0000] {processor.py:840} INFO - DAG(s) 'movie_recommendation_pipeline' retrieved from /opt/airflow/dags/mlops_movie_dag.py
[2025-06-01T00:21:56.692+0000] {logging_mixin.py:188} INFO - [2025-06-01T00:21:56.692+0000] {dag.py:3036} INFO - Sync 1 DAGs
[2025-06-01T00:21:56.700+0000] {logging_mixin.py:188} INFO - [2025-06-01T00:21:56.700+0000] {dag.py:3823} INFO - Setting next_dagrun for movie_recommendation_pipeline to None, run_after=None
[2025-06-01T00:21:56.734+0000] {processor.py:183} INFO - Processing /opt/airflow/dags/mlops_movie_dag.py took 0.078 seconds
[2025-06-01T00:22:26.901+0000] {processor.py:161} INFO - Started process (PID=289) to work on /opt/airflow/dags/mlops_movie_dag.py
[2025-06-01T00:22:26.902+0000] {processor.py:830} INFO - Processing file /opt/airflow/dags/mlops_movie_dag.py for tasks to queue
[2025-06-01T00:22:26.903+0000] {logging_mixin.py:188} INFO - [2025-06-01T00:22:26.903+0000] {dagbag.py:538} INFO - Filling up the DagBag from /opt/airflow/dags/mlops_movie_dag.py
[2025-06-01T00:22:26.933+0000] {processor.py:840} INFO - DAG(s) 'movie_recommendation_pipeline' retrieved from /opt/airflow/dags/mlops_movie_dag.py
[2025-06-01T00:22:26.972+0000] {logging_mixin.py:188} INFO - [2025-06-01T00:22:26.972+0000] {dag.py:3036} INFO - Sync 1 DAGs
[2025-06-01T00:22:26.992+0000] {logging_mixin.py:188} INFO - [2025-06-01T00:22:26.992+0000] {dag.py:3823} INFO - Setting next_dagrun for movie_recommendation_pipeline to None, run_after=None
[2025-06-01T00:22:27.017+0000] {processor.py:183} INFO - Processing /opt/airflow/dags/mlops_movie_dag.py took 0.117 seconds
[2025-06-01T00:22:57.120+0000] {processor.py:161} INFO - Started process (PID=294) to work on /opt/airflow/dags/mlops_movie_dag.py
[2025-06-01T00:22:57.121+0000] {processor.py:830} INFO - Processing file /opt/airflow/dags/mlops_movie_dag.py for tasks to queue
[2025-06-01T00:22:57.122+0000] {logging_mixin.py:188} INFO - [2025-06-01T00:22:57.121+0000] {dagbag.py:538} INFO - Filling up the DagBag from /opt/airflow/dags/mlops_movie_dag.py
[2025-06-01T00:22:57.140+0000] {processor.py:840} INFO - DAG(s) 'movie_recommendation_pipeline' retrieved from /opt/airflow/dags/mlops_movie_dag.py
[2025-06-01T00:22:57.181+0000] {logging_mixin.py:188} INFO - [2025-06-01T00:22:57.181+0000] {dag.py:3036} INFO - Sync 1 DAGs
[2025-06-01T00:22:57.191+0000] {logging_mixin.py:188} INFO - [2025-06-01T00:22:57.190+0000] {dag.py:3823} INFO - Setting next_dagrun for movie_recommendation_pipeline to None, run_after=None
[2025-06-01T00:22:57.208+0000] {processor.py:183} INFO - Processing /opt/airflow/dags/mlops_movie_dag.py took 0.094 seconds
[2025-06-01T00:23:27.396+0000] {processor.py:161} INFO - Started process (PID=299) to work on /opt/airflow/dags/mlops_movie_dag.py
[2025-06-01T00:23:27.396+0000] {processor.py:830} INFO - Processing file /opt/airflow/dags/mlops_movie_dag.py for tasks to queue
[2025-06-01T00:23:27.397+0000] {logging_mixin.py:188} INFO - [2025-06-01T00:23:27.397+0000] {dagbag.py:538} INFO - Filling up the DagBag from /opt/airflow/dags/mlops_movie_dag.py
[2025-06-01T00:23:27.413+0000] {processor.py:840} INFO - DAG(s) 'movie_recommendation_pipeline' retrieved from /opt/airflow/dags/mlops_movie_dag.py
[2025-06-01T00:23:27.437+0000] {logging_mixin.py:188} INFO - [2025-06-01T00:23:27.436+0000] {dag.py:3036} INFO - Sync 1 DAGs
[2025-06-01T00:23:27.447+0000] {logging_mixin.py:188} INFO - [2025-06-01T00:23:27.447+0000] {dag.py:3823} INFO - Setting next_dagrun for movie_recommendation_pipeline to None, run_after=None
[2025-06-01T00:23:27.496+0000] {processor.py:183} INFO - Processing /opt/airflow/dags/mlops_movie_dag.py took 0.103 seconds
[2025-06-01T00:23:57.600+0000] {processor.py:161} INFO - Started process (PID=304) to work on /opt/airflow/dags/mlops_movie_dag.py
[2025-06-01T00:23:57.601+0000] {processor.py:830} INFO - Processing file /opt/airflow/dags/mlops_movie_dag.py for tasks to queue
[2025-06-01T00:23:57.602+0000] {logging_mixin.py:188} INFO - [2025-06-01T00:23:57.602+0000] {dagbag.py:538} INFO - Filling up the DagBag from /opt/airflow/dags/mlops_movie_dag.py
[2025-06-01T00:23:57.620+0000] {processor.py:840} INFO - DAG(s) 'movie_recommendation_pipeline' retrieved from /opt/airflow/dags/mlops_movie_dag.py
[2025-06-01T00:23:57.643+0000] {logging_mixin.py:188} INFO - [2025-06-01T00:23:57.643+0000] {dag.py:3036} INFO - Sync 1 DAGs
[2025-06-01T00:23:57.652+0000] {logging_mixin.py:188} INFO - [2025-06-01T00:23:57.652+0000] {dag.py:3823} INFO - Setting next_dagrun for movie_recommendation_pipeline to None, run_after=None
[2025-06-01T00:23:57.688+0000] {processor.py:183} INFO - Processing /opt/airflow/dags/mlops_movie_dag.py took 0.090 seconds
[2025-06-01T00:24:27.867+0000] {processor.py:161} INFO - Started process (PID=309) to work on /opt/airflow/dags/mlops_movie_dag.py
[2025-06-01T00:24:27.868+0000] {processor.py:830} INFO - Processing file /opt/airflow/dags/mlops_movie_dag.py for tasks to queue
[2025-06-01T00:24:27.868+0000] {logging_mixin.py:188} INFO - [2025-06-01T00:24:27.868+0000] {dagbag.py:538} INFO - Filling up the DagBag from /opt/airflow/dags/mlops_movie_dag.py
[2025-06-01T00:24:27.884+0000] {processor.py:840} INFO - DAG(s) 'movie_recommendation_pipeline' retrieved from /opt/airflow/dags/mlops_movie_dag.py
[2025-06-01T00:24:27.904+0000] {logging_mixin.py:188} INFO - [2025-06-01T00:24:27.904+0000] {dag.py:3036} INFO - Sync 1 DAGs
[2025-06-01T00:24:27.913+0000] {logging_mixin.py:188} INFO - [2025-06-01T00:24:27.912+0000] {dag.py:3823} INFO - Setting next_dagrun for movie_recommendation_pipeline to None, run_after=None
[2025-06-01T00:24:27.933+0000] {processor.py:183} INFO - Processing /opt/airflow/dags/mlops_movie_dag.py took 0.068 seconds
[2025-06-01T00:24:58.078+0000] {processor.py:161} INFO - Started process (PID=314) to work on /opt/airflow/dags/mlops_movie_dag.py
[2025-06-01T00:24:58.079+0000] {processor.py:830} INFO - Processing file /opt/airflow/dags/mlops_movie_dag.py for tasks to queue
[2025-06-01T00:24:58.080+0000] {logging_mixin.py:188} INFO - [2025-06-01T00:24:58.079+0000] {dagbag.py:538} INFO - Filling up the DagBag from /opt/airflow/dags/mlops_movie_dag.py
[2025-06-01T00:24:58.097+0000] {processor.py:840} INFO - DAG(s) 'movie_recommendation_pipeline' retrieved from /opt/airflow/dags/mlops_movie_dag.py
[2025-06-01T00:24:58.116+0000] {logging_mixin.py:188} INFO - [2025-06-01T00:24:58.116+0000] {dag.py:3036} INFO - Sync 1 DAGs
[2025-06-01T00:24:58.124+0000] {logging_mixin.py:188} INFO - [2025-06-01T00:24:58.124+0000] {dag.py:3823} INFO - Setting next_dagrun for movie_recommendation_pipeline to None, run_after=None
[2025-06-01T00:24:58.179+0000] {processor.py:183} INFO - Processing /opt/airflow/dags/mlops_movie_dag.py took 0.103 seconds
[2025-06-01T00:25:28.299+0000] {processor.py:161} INFO - Started process (PID=319) to work on /opt/airflow/dags/mlops_movie_dag.py
[2025-06-01T00:25:28.299+0000] {processor.py:830} INFO - Processing file /opt/airflow/dags/mlops_movie_dag.py for tasks to queue
[2025-06-01T00:25:28.300+0000] {logging_mixin.py:188} INFO - [2025-06-01T00:25:28.300+0000] {dagbag.py:538} INFO - Filling up the DagBag from /opt/airflow/dags/mlops_movie_dag.py
[2025-06-01T00:25:28.316+0000] {processor.py:840} INFO - DAG(s) 'movie_recommendation_pipeline' retrieved from /opt/airflow/dags/mlops_movie_dag.py
[2025-06-01T00:25:28.341+0000] {logging_mixin.py:188} INFO - [2025-06-01T00:25:28.341+0000] {dag.py:3036} INFO - Sync 1 DAGs
[2025-06-01T00:25:28.356+0000] {logging_mixin.py:188} INFO - [2025-06-01T00:25:28.356+0000] {dag.py:3823} INFO - Setting next_dagrun for movie_recommendation_pipeline to None, run_after=None
[2025-06-01T00:25:28.375+0000] {processor.py:183} INFO - Processing /opt/airflow/dags/mlops_movie_dag.py took 0.078 seconds
[2025-06-01T00:25:58.540+0000] {processor.py:161} INFO - Started process (PID=324) to work on /opt/airflow/dags/mlops_movie_dag.py
[2025-06-01T00:25:58.540+0000] {processor.py:830} INFO - Processing file /opt/airflow/dags/mlops_movie_dag.py for tasks to queue
[2025-06-01T00:25:58.541+0000] {logging_mixin.py:188} INFO - [2025-06-01T00:25:58.541+0000] {dagbag.py:538} INFO - Filling up the DagBag from /opt/airflow/dags/mlops_movie_dag.py
[2025-06-01T00:25:58.558+0000] {processor.py:840} INFO - DAG(s) 'movie_recommendation_pipeline' retrieved from /opt/airflow/dags/mlops_movie_dag.py
[2025-06-01T00:25:58.579+0000] {logging_mixin.py:188} INFO - [2025-06-01T00:25:58.579+0000] {dag.py:3036} INFO - Sync 1 DAGs
[2025-06-01T00:25:58.588+0000] {logging_mixin.py:188} INFO - [2025-06-01T00:25:58.588+0000] {dag.py:3823} INFO - Setting next_dagrun for movie_recommendation_pipeline to None, run_after=None
[2025-06-01T00:25:58.633+0000] {processor.py:183} INFO - Processing /opt/airflow/dags/mlops_movie_dag.py took 0.095 seconds
[2025-06-01T00:26:28.747+0000] {processor.py:161} INFO - Started process (PID=329) to work on /opt/airflow/dags/mlops_movie_dag.py
[2025-06-01T00:26:28.748+0000] {processor.py:830} INFO - Processing file /opt/airflow/dags/mlops_movie_dag.py for tasks to queue
[2025-06-01T00:26:28.749+0000] {logging_mixin.py:188} INFO - [2025-06-01T00:26:28.749+0000] {dagbag.py:538} INFO - Filling up the DagBag from /opt/airflow/dags/mlops_movie_dag.py
[2025-06-01T00:26:28.766+0000] {processor.py:840} INFO - DAG(s) 'movie_recommendation_pipeline' retrieved from /opt/airflow/dags/mlops_movie_dag.py
[2025-06-01T00:26:28.785+0000] {logging_mixin.py:188} INFO - [2025-06-01T00:26:28.785+0000] {dag.py:3036} INFO - Sync 1 DAGs
[2025-06-01T00:26:28.793+0000] {logging_mixin.py:188} INFO - [2025-06-01T00:26:28.793+0000] {dag.py:3823} INFO - Setting next_dagrun for movie_recommendation_pipeline to None, run_after=None
[2025-06-01T00:26:28.839+0000] {processor.py:183} INFO - Processing /opt/airflow/dags/mlops_movie_dag.py took 0.094 seconds
[2025-06-01T00:26:59.015+0000] {processor.py:161} INFO - Started process (PID=334) to work on /opt/airflow/dags/mlops_movie_dag.py
[2025-06-01T00:26:59.017+0000] {processor.py:830} INFO - Processing file /opt/airflow/dags/mlops_movie_dag.py for tasks to queue
[2025-06-01T00:26:59.018+0000] {logging_mixin.py:188} INFO - [2025-06-01T00:26:59.018+0000] {dagbag.py:538} INFO - Filling up the DagBag from /opt/airflow/dags/mlops_movie_dag.py
[2025-06-01T00:26:59.036+0000] {processor.py:840} INFO - DAG(s) 'movie_recommendation_pipeline' retrieved from /opt/airflow/dags/mlops_movie_dag.py
[2025-06-01T00:26:59.067+0000] {logging_mixin.py:188} INFO - [2025-06-01T00:26:59.066+0000] {dag.py:3036} INFO - Sync 1 DAGs
[2025-06-01T00:26:59.079+0000] {logging_mixin.py:188} INFO - [2025-06-01T00:26:59.078+0000] {dag.py:3823} INFO - Setting next_dagrun for movie_recommendation_pipeline to None, run_after=None
[2025-06-01T00:26:59.174+0000] {processor.py:183} INFO - Processing /opt/airflow/dags/mlops_movie_dag.py took 0.161 seconds
[2025-06-01T00:27:29.259+0000] {processor.py:161} INFO - Started process (PID=339) to work on /opt/airflow/dags/mlops_movie_dag.py
[2025-06-01T00:27:29.260+0000] {processor.py:830} INFO - Processing file /opt/airflow/dags/mlops_movie_dag.py for tasks to queue
[2025-06-01T00:27:29.261+0000] {logging_mixin.py:188} INFO - [2025-06-01T00:27:29.261+0000] {dagbag.py:538} INFO - Filling up the DagBag from /opt/airflow/dags/mlops_movie_dag.py
[2025-06-01T00:27:29.282+0000] {processor.py:840} INFO - DAG(s) 'movie_recommendation_pipeline' retrieved from /opt/airflow/dags/mlops_movie_dag.py
[2025-06-01T00:27:29.314+0000] {logging_mixin.py:188} INFO - [2025-06-01T00:27:29.314+0000] {dag.py:3036} INFO - Sync 1 DAGs
[2025-06-01T00:27:29.327+0000] {logging_mixin.py:188} INFO - [2025-06-01T00:27:29.327+0000] {dag.py:3823} INFO - Setting next_dagrun for movie_recommendation_pipeline to None, run_after=None
[2025-06-01T00:27:29.347+0000] {processor.py:183} INFO - Processing /opt/airflow/dags/mlops_movie_dag.py took 0.090 seconds
[2025-06-01T00:27:59.562+0000] {processor.py:161} INFO - Started process (PID=344) to work on /opt/airflow/dags/mlops_movie_dag.py
[2025-06-01T00:27:59.563+0000] {processor.py:830} INFO - Processing file /opt/airflow/dags/mlops_movie_dag.py for tasks to queue
[2025-06-01T00:27:59.564+0000] {logging_mixin.py:188} INFO - [2025-06-01T00:27:59.564+0000] {dagbag.py:538} INFO - Filling up the DagBag from /opt/airflow/dags/mlops_movie_dag.py
[2025-06-01T00:27:59.580+0000] {processor.py:840} INFO - DAG(s) 'movie_recommendation_pipeline' retrieved from /opt/airflow/dags/mlops_movie_dag.py
[2025-06-01T00:27:59.600+0000] {logging_mixin.py:188} INFO - [2025-06-01T00:27:59.600+0000] {dag.py:3036} INFO - Sync 1 DAGs
[2025-06-01T00:27:59.608+0000] {logging_mixin.py:188} INFO - [2025-06-01T00:27:59.607+0000] {dag.py:3823} INFO - Setting next_dagrun for movie_recommendation_pipeline to None, run_after=None
[2025-06-01T00:27:59.621+0000] {processor.py:183} INFO - Processing /opt/airflow/dags/mlops_movie_dag.py took 0.061 seconds
[2025-06-01T00:28:29.768+0000] {processor.py:161} INFO - Started process (PID=349) to work on /opt/airflow/dags/mlops_movie_dag.py
[2025-06-01T00:28:29.768+0000] {processor.py:830} INFO - Processing file /opt/airflow/dags/mlops_movie_dag.py for tasks to queue
[2025-06-01T00:28:29.769+0000] {logging_mixin.py:188} INFO - [2025-06-01T00:28:29.769+0000] {dagbag.py:538} INFO - Filling up the DagBag from /opt/airflow/dags/mlops_movie_dag.py
[2025-06-01T00:28:29.786+0000] {processor.py:840} INFO - DAG(s) 'movie_recommendation_pipeline' retrieved from /opt/airflow/dags/mlops_movie_dag.py
[2025-06-01T00:28:29.813+0000] {logging_mixin.py:188} INFO - [2025-06-01T00:28:29.813+0000] {dag.py:3036} INFO - Sync 1 DAGs
[2025-06-01T00:28:29.821+0000] {logging_mixin.py:188} INFO - [2025-06-01T00:28:29.821+0000] {dag.py:3823} INFO - Setting next_dagrun for movie_recommendation_pipeline to None, run_after=None
[2025-06-01T00:28:29.852+0000] {processor.py:183} INFO - Processing /opt/airflow/dags/mlops_movie_dag.py took 0.086 seconds
[2025-06-01T00:28:59.980+0000] {processor.py:161} INFO - Started process (PID=354) to work on /opt/airflow/dags/mlops_movie_dag.py
[2025-06-01T00:28:59.981+0000] {processor.py:830} INFO - Processing file /opt/airflow/dags/mlops_movie_dag.py for tasks to queue
[2025-06-01T00:28:59.982+0000] {logging_mixin.py:188} INFO - [2025-06-01T00:28:59.982+0000] {dagbag.py:538} INFO - Filling up the DagBag from /opt/airflow/dags/mlops_movie_dag.py
[2025-06-01T00:29:00.000+0000] {processor.py:840} INFO - DAG(s) 'movie_recommendation_pipeline' retrieved from /opt/airflow/dags/mlops_movie_dag.py
[2025-06-01T00:29:00.022+0000] {logging_mixin.py:188} INFO - [2025-06-01T00:29:00.022+0000] {dag.py:3036} INFO - Sync 1 DAGs
[2025-06-01T00:29:00.031+0000] {logging_mixin.py:188} INFO - [2025-06-01T00:29:00.031+0000] {dag.py:3823} INFO - Setting next_dagrun for movie_recommendation_pipeline to None, run_after=None
[2025-06-01T00:29:00.074+0000] {processor.py:183} INFO - Processing /opt/airflow/dags/mlops_movie_dag.py took 0.096 seconds
[2025-06-01T00:29:30.207+0000] {processor.py:161} INFO - Started process (PID=359) to work on /opt/airflow/dags/mlops_movie_dag.py
[2025-06-01T00:29:30.208+0000] {processor.py:830} INFO - Processing file /opt/airflow/dags/mlops_movie_dag.py for tasks to queue
[2025-06-01T00:29:30.209+0000] {logging_mixin.py:188} INFO - [2025-06-01T00:29:30.208+0000] {dagbag.py:538} INFO - Filling up the DagBag from /opt/airflow/dags/mlops_movie_dag.py
[2025-06-01T00:29:30.225+0000] {processor.py:840} INFO - DAG(s) 'movie_recommendation_pipeline' retrieved from /opt/airflow/dags/mlops_movie_dag.py
[2025-06-01T00:29:30.245+0000] {logging_mixin.py:188} INFO - [2025-06-01T00:29:30.244+0000] {dag.py:3036} INFO - Sync 1 DAGs
[2025-06-01T00:29:30.253+0000] {logging_mixin.py:188} INFO - [2025-06-01T00:29:30.253+0000] {dag.py:3823} INFO - Setting next_dagrun for movie_recommendation_pipeline to None, run_after=None
[2025-06-01T00:29:30.283+0000] {processor.py:183} INFO - Processing /opt/airflow/dags/mlops_movie_dag.py took 0.078 seconds
[2025-06-01T00:30:00.448+0000] {processor.py:161} INFO - Started process (PID=364) to work on /opt/airflow/dags/mlops_movie_dag.py
[2025-06-01T00:30:00.449+0000] {processor.py:830} INFO - Processing file /opt/airflow/dags/mlops_movie_dag.py for tasks to queue
[2025-06-01T00:30:00.450+0000] {logging_mixin.py:188} INFO - [2025-06-01T00:30:00.449+0000] {dagbag.py:538} INFO - Filling up the DagBag from /opt/airflow/dags/mlops_movie_dag.py
[2025-06-01T00:30:00.467+0000] {processor.py:840} INFO - DAG(s) 'movie_recommendation_pipeline' retrieved from /opt/airflow/dags/mlops_movie_dag.py
[2025-06-01T00:30:00.488+0000] {logging_mixin.py:188} INFO - [2025-06-01T00:30:00.487+0000] {dag.py:3036} INFO - Sync 1 DAGs
[2025-06-01T00:30:00.496+0000] {logging_mixin.py:188} INFO - [2025-06-01T00:30:00.496+0000] {dag.py:3823} INFO - Setting next_dagrun for movie_recommendation_pipeline to None, run_after=None
[2025-06-01T00:30:00.510+0000] {processor.py:183} INFO - Processing /opt/airflow/dags/mlops_movie_dag.py took 0.064 seconds
[2025-06-01T00:30:30.654+0000] {processor.py:161} INFO - Started process (PID=369) to work on /opt/airflow/dags/mlops_movie_dag.py
[2025-06-01T00:30:30.655+0000] {processor.py:830} INFO - Processing file /opt/airflow/dags/mlops_movie_dag.py for tasks to queue
[2025-06-01T00:30:30.656+0000] {logging_mixin.py:188} INFO - [2025-06-01T00:30:30.656+0000] {dagbag.py:538} INFO - Filling up the DagBag from /opt/airflow/dags/mlops_movie_dag.py
[2025-06-01T00:30:30.675+0000] {processor.py:840} INFO - DAG(s) 'movie_recommendation_pipeline' retrieved from /opt/airflow/dags/mlops_movie_dag.py
[2025-06-01T00:30:30.697+0000] {logging_mixin.py:188} INFO - [2025-06-01T00:30:30.697+0000] {dag.py:3036} INFO - Sync 1 DAGs
[2025-06-01T00:30:30.706+0000] {logging_mixin.py:188} INFO - [2025-06-01T00:30:30.706+0000] {dag.py:3823} INFO - Setting next_dagrun for movie_recommendation_pipeline to None, run_after=None
[2025-06-01T00:30:30.723+0000] {processor.py:183} INFO - Processing /opt/airflow/dags/mlops_movie_dag.py took 0.070 seconds
[2025-06-01T00:31:00.855+0000] {processor.py:161} INFO - Started process (PID=374) to work on /opt/airflow/dags/mlops_movie_dag.py
[2025-06-01T00:31:00.856+0000] {processor.py:830} INFO - Processing file /opt/airflow/dags/mlops_movie_dag.py for tasks to queue
[2025-06-01T00:31:00.857+0000] {logging_mixin.py:188} INFO - [2025-06-01T00:31:00.857+0000] {dagbag.py:538} INFO - Filling up the DagBag from /opt/airflow/dags/mlops_movie_dag.py
[2025-06-01T00:31:00.873+0000] {processor.py:840} INFO - DAG(s) 'movie_recommendation_pipeline' retrieved from /opt/airflow/dags/mlops_movie_dag.py
[2025-06-01T00:31:00.893+0000] {logging_mixin.py:188} INFO - [2025-06-01T00:31:00.892+0000] {dag.py:3036} INFO - Sync 1 DAGs
[2025-06-01T00:31:00.901+0000] {logging_mixin.py:188} INFO - [2025-06-01T00:31:00.901+0000] {dag.py:3823} INFO - Setting next_dagrun for movie_recommendation_pipeline to None, run_after=None
[2025-06-01T00:31:00.917+0000] {processor.py:183} INFO - Processing /opt/airflow/dags/mlops_movie_dag.py took 0.063 seconds
[2025-06-01T00:31:31.081+0000] {processor.py:161} INFO - Started process (PID=379) to work on /opt/airflow/dags/mlops_movie_dag.py
[2025-06-01T00:31:31.082+0000] {processor.py:830} INFO - Processing file /opt/airflow/dags/mlops_movie_dag.py for tasks to queue
[2025-06-01T00:31:31.082+0000] {logging_mixin.py:188} INFO - [2025-06-01T00:31:31.082+0000] {dagbag.py:538} INFO - Filling up the DagBag from /opt/airflow/dags/mlops_movie_dag.py
[2025-06-01T00:31:31.098+0000] {processor.py:840} INFO - DAG(s) 'movie_recommendation_pipeline' retrieved from /opt/airflow/dags/mlops_movie_dag.py
[2025-06-01T00:31:31.117+0000] {logging_mixin.py:188} INFO - [2025-06-01T00:31:31.117+0000] {dag.py:3036} INFO - Sync 1 DAGs
[2025-06-01T00:31:31.125+0000] {logging_mixin.py:188} INFO - [2025-06-01T00:31:31.125+0000] {dag.py:3823} INFO - Setting next_dagrun for movie_recommendation_pipeline to None, run_after=None
[2025-06-01T00:31:31.147+0000] {processor.py:183} INFO - Processing /opt/airflow/dags/mlops_movie_dag.py took 0.067 seconds
[2025-06-01T00:32:01.289+0000] {processor.py:161} INFO - Started process (PID=384) to work on /opt/airflow/dags/mlops_movie_dag.py
[2025-06-01T00:32:01.290+0000] {processor.py:830} INFO - Processing file /opt/airflow/dags/mlops_movie_dag.py for tasks to queue
[2025-06-01T00:32:01.290+0000] {logging_mixin.py:188} INFO - [2025-06-01T00:32:01.290+0000] {dagbag.py:538} INFO - Filling up the DagBag from /opt/airflow/dags/mlops_movie_dag.py
[2025-06-01T00:32:01.306+0000] {processor.py:840} INFO - DAG(s) 'movie_recommendation_pipeline' retrieved from /opt/airflow/dags/mlops_movie_dag.py
[2025-06-01T00:32:01.325+0000] {logging_mixin.py:188} INFO - [2025-06-01T00:32:01.325+0000] {dag.py:3036} INFO - Sync 1 DAGs
[2025-06-01T00:32:01.334+0000] {logging_mixin.py:188} INFO - [2025-06-01T00:32:01.334+0000] {dag.py:3823} INFO - Setting next_dagrun for movie_recommendation_pipeline to None, run_after=None
[2025-06-01T00:32:01.348+0000] {processor.py:183} INFO - Processing /opt/airflow/dags/mlops_movie_dag.py took 0.060 seconds
[2025-06-01T00:32:31.548+0000] {processor.py:161} INFO - Started process (PID=389) to work on /opt/airflow/dags/mlops_movie_dag.py
[2025-06-01T00:32:31.548+0000] {processor.py:830} INFO - Processing file /opt/airflow/dags/mlops_movie_dag.py for tasks to queue
[2025-06-01T00:32:31.549+0000] {logging_mixin.py:188} INFO - [2025-06-01T00:32:31.549+0000] {dagbag.py:538} INFO - Filling up the DagBag from /opt/airflow/dags/mlops_movie_dag.py
[2025-06-01T00:32:31.565+0000] {processor.py:840} INFO - DAG(s) 'movie_recommendation_pipeline' retrieved from /opt/airflow/dags/mlops_movie_dag.py
[2025-06-01T00:32:31.587+0000] {logging_mixin.py:188} INFO - [2025-06-01T00:32:31.587+0000] {dag.py:3036} INFO - Sync 1 DAGs
[2025-06-01T00:32:31.596+0000] {logging_mixin.py:188} INFO - [2025-06-01T00:32:31.596+0000] {dag.py:3823} INFO - Setting next_dagrun for movie_recommendation_pipeline to None, run_after=None
[2025-06-01T00:32:31.612+0000] {processor.py:183} INFO - Processing /opt/airflow/dags/mlops_movie_dag.py took 0.066 seconds
[2025-06-01T00:33:01.746+0000] {processor.py:161} INFO - Started process (PID=394) to work on /opt/airflow/dags/mlops_movie_dag.py
[2025-06-01T00:33:01.747+0000] {processor.py:830} INFO - Processing file /opt/airflow/dags/mlops_movie_dag.py for tasks to queue
[2025-06-01T00:33:01.748+0000] {logging_mixin.py:188} INFO - [2025-06-01T00:33:01.748+0000] {dagbag.py:538} INFO - Filling up the DagBag from /opt/airflow/dags/mlops_movie_dag.py
[2025-06-01T00:33:01.765+0000] {processor.py:840} INFO - DAG(s) 'movie_recommendation_pipeline' retrieved from /opt/airflow/dags/mlops_movie_dag.py
[2025-06-01T00:33:01.798+0000] {logging_mixin.py:188} INFO - [2025-06-01T00:33:01.798+0000] {dag.py:3036} INFO - Sync 1 DAGs
[2025-06-01T00:33:01.807+0000] {logging_mixin.py:188} INFO - [2025-06-01T00:33:01.807+0000] {dag.py:3823} INFO - Setting next_dagrun for movie_recommendation_pipeline to None, run_after=None
[2025-06-01T00:33:01.822+0000] {processor.py:183} INFO - Processing /opt/airflow/dags/mlops_movie_dag.py took 0.077 seconds
[2025-06-01T00:33:31.978+0000] {processor.py:161} INFO - Started process (PID=399) to work on /opt/airflow/dags/mlops_movie_dag.py
[2025-06-01T00:33:31.979+0000] {processor.py:830} INFO - Processing file /opt/airflow/dags/mlops_movie_dag.py for tasks to queue
[2025-06-01T00:33:31.981+0000] {logging_mixin.py:188} INFO - [2025-06-01T00:33:31.981+0000] {dagbag.py:538} INFO - Filling up the DagBag from /opt/airflow/dags/mlops_movie_dag.py
[2025-06-01T00:33:31.997+0000] {processor.py:840} INFO - DAG(s) 'movie_recommendation_pipeline' retrieved from /opt/airflow/dags/mlops_movie_dag.py
[2025-06-01T00:33:32.019+0000] {logging_mixin.py:188} INFO - [2025-06-01T00:33:32.018+0000] {dag.py:3036} INFO - Sync 1 DAGs
[2025-06-01T00:33:32.026+0000] {logging_mixin.py:188} INFO - [2025-06-01T00:33:32.026+0000] {dag.py:3823} INFO - Setting next_dagrun for movie_recommendation_pipeline to None, run_after=None
[2025-06-01T00:33:32.041+0000] {processor.py:183} INFO - Processing /opt/airflow/dags/mlops_movie_dag.py took 0.065 seconds
[2025-06-01T00:34:02.184+0000] {processor.py:161} INFO - Started process (PID=404) to work on /opt/airflow/dags/mlops_movie_dag.py
[2025-06-01T00:34:02.185+0000] {processor.py:830} INFO - Processing file /opt/airflow/dags/mlops_movie_dag.py for tasks to queue
[2025-06-01T00:34:02.185+0000] {logging_mixin.py:188} INFO - [2025-06-01T00:34:02.185+0000] {dagbag.py:538} INFO - Filling up the DagBag from /opt/airflow/dags/mlops_movie_dag.py
[2025-06-01T00:34:02.205+0000] {processor.py:840} INFO - DAG(s) 'movie_recommendation_pipeline' retrieved from /opt/airflow/dags/mlops_movie_dag.py
[2025-06-01T00:34:02.229+0000] {logging_mixin.py:188} INFO - [2025-06-01T00:34:02.228+0000] {dag.py:3036} INFO - Sync 1 DAGs
[2025-06-01T00:34:02.239+0000] {logging_mixin.py:188} INFO - [2025-06-01T00:34:02.239+0000] {dag.py:3823} INFO - Setting next_dagrun for movie_recommendation_pipeline to None, run_after=None
[2025-06-01T00:34:02.254+0000] {processor.py:183} INFO - Processing /opt/airflow/dags/mlops_movie_dag.py took 0.073 seconds
[2025-06-01T00:34:32.390+0000] {processor.py:161} INFO - Started process (PID=409) to work on /opt/airflow/dags/mlops_movie_dag.py
[2025-06-01T00:34:32.391+0000] {processor.py:830} INFO - Processing file /opt/airflow/dags/mlops_movie_dag.py for tasks to queue
[2025-06-01T00:34:32.392+0000] {logging_mixin.py:188} INFO - [2025-06-01T00:34:32.392+0000] {dagbag.py:538} INFO - Filling up the DagBag from /opt/airflow/dags/mlops_movie_dag.py
[2025-06-01T00:34:32.407+0000] {processor.py:840} INFO - DAG(s) 'movie_recommendation_pipeline' retrieved from /opt/airflow/dags/mlops_movie_dag.py
[2025-06-01T00:34:32.426+0000] {logging_mixin.py:188} INFO - [2025-06-01T00:34:32.426+0000] {dag.py:3036} INFO - Sync 1 DAGs
[2025-06-01T00:34:32.434+0000] {logging_mixin.py:188} INFO - [2025-06-01T00:34:32.434+0000] {dag.py:3823} INFO - Setting next_dagrun for movie_recommendation_pipeline to None, run_after=None
[2025-06-01T00:34:32.447+0000] {processor.py:183} INFO - Processing /opt/airflow/dags/mlops_movie_dag.py took 0.058 seconds
[2025-06-01T00:35:02.605+0000] {processor.py:161} INFO - Started process (PID=414) to work on /opt/airflow/dags/mlops_movie_dag.py
[2025-06-01T00:35:02.606+0000] {processor.py:830} INFO - Processing file /opt/airflow/dags/mlops_movie_dag.py for tasks to queue
[2025-06-01T00:35:02.607+0000] {logging_mixin.py:188} INFO - [2025-06-01T00:35:02.606+0000] {dagbag.py:538} INFO - Filling up the DagBag from /opt/airflow/dags/mlops_movie_dag.py
[2025-06-01T00:35:02.622+0000] {processor.py:840} INFO - DAG(s) 'movie_recommendation_pipeline' retrieved from /opt/airflow/dags/mlops_movie_dag.py
[2025-06-01T00:35:02.641+0000] {logging_mixin.py:188} INFO - [2025-06-01T00:35:02.641+0000] {dag.py:3036} INFO - Sync 1 DAGs
[2025-06-01T00:35:02.651+0000] {logging_mixin.py:188} INFO - [2025-06-01T00:35:02.651+0000] {dag.py:3823} INFO - Setting next_dagrun for movie_recommendation_pipeline to None, run_after=None
[2025-06-01T00:35:02.680+0000] {processor.py:183} INFO - Processing /opt/airflow/dags/mlops_movie_dag.py took 0.076 seconds
[2025-06-01T00:35:32.809+0000] {processor.py:161} INFO - Started process (PID=419) to work on /opt/airflow/dags/mlops_movie_dag.py
[2025-06-01T00:35:32.810+0000] {processor.py:830} INFO - Processing file /opt/airflow/dags/mlops_movie_dag.py for tasks to queue
[2025-06-01T00:35:32.811+0000] {logging_mixin.py:188} INFO - [2025-06-01T00:35:32.810+0000] {dagbag.py:538} INFO - Filling up the DagBag from /opt/airflow/dags/mlops_movie_dag.py
[2025-06-01T00:35:32.826+0000] {processor.py:840} INFO - DAG(s) 'movie_recommendation_pipeline' retrieved from /opt/airflow/dags/mlops_movie_dag.py
[2025-06-01T00:35:32.846+0000] {logging_mixin.py:188} INFO - [2025-06-01T00:35:32.846+0000] {dag.py:3036} INFO - Sync 1 DAGs
[2025-06-01T00:35:32.854+0000] {logging_mixin.py:188} INFO - [2025-06-01T00:35:32.854+0000] {dag.py:3823} INFO - Setting next_dagrun for movie_recommendation_pipeline to None, run_after=None
[2025-06-01T00:35:32.870+0000] {processor.py:183} INFO - Processing /opt/airflow/dags/mlops_movie_dag.py took 0.063 seconds
[2025-06-01T00:36:03.046+0000] {processor.py:161} INFO - Started process (PID=424) to work on /opt/airflow/dags/mlops_movie_dag.py
[2025-06-01T00:36:03.047+0000] {processor.py:830} INFO - Processing file /opt/airflow/dags/mlops_movie_dag.py for tasks to queue
[2025-06-01T00:36:03.048+0000] {logging_mixin.py:188} INFO - [2025-06-01T00:36:03.048+0000] {dagbag.py:538} INFO - Filling up the DagBag from /opt/airflow/dags/mlops_movie_dag.py
[2025-06-01T00:36:03.066+0000] {processor.py:840} INFO - DAG(s) 'movie_recommendation_pipeline' retrieved from /opt/airflow/dags/mlops_movie_dag.py
[2025-06-01T00:36:03.085+0000] {logging_mixin.py:188} INFO - [2025-06-01T00:36:03.085+0000] {dag.py:3036} INFO - Sync 1 DAGs
[2025-06-01T00:36:03.093+0000] {logging_mixin.py:188} INFO - [2025-06-01T00:36:03.093+0000] {dag.py:3823} INFO - Setting next_dagrun for movie_recommendation_pipeline to None, run_after=None
[2025-06-01T00:36:03.106+0000] {processor.py:183} INFO - Processing /opt/airflow/dags/mlops_movie_dag.py took 0.061 seconds
[2025-06-01T00:36:33.270+0000] {processor.py:161} INFO - Started process (PID=429) to work on /opt/airflow/dags/mlops_movie_dag.py
[2025-06-01T00:36:33.270+0000] {processor.py:830} INFO - Processing file /opt/airflow/dags/mlops_movie_dag.py for tasks to queue
[2025-06-01T00:36:33.271+0000] {logging_mixin.py:188} INFO - [2025-06-01T00:36:33.271+0000] {dagbag.py:538} INFO - Filling up the DagBag from /opt/airflow/dags/mlops_movie_dag.py
[2025-06-01T00:36:33.299+0000] {processor.py:840} INFO - DAG(s) 'movie_recommendation_pipeline' retrieved from /opt/airflow/dags/mlops_movie_dag.py
[2025-06-01T00:36:33.318+0000] {logging_mixin.py:188} INFO - [2025-06-01T00:36:33.318+0000] {dag.py:3036} INFO - Sync 1 DAGs
[2025-06-01T00:36:33.325+0000] {logging_mixin.py:188} INFO - [2025-06-01T00:36:33.325+0000] {dag.py:3823} INFO - Setting next_dagrun for movie_recommendation_pipeline to None, run_after=None
[2025-06-01T00:36:33.339+0000] {processor.py:183} INFO - Processing /opt/airflow/dags/mlops_movie_dag.py took 0.071 seconds
[2025-06-01T00:37:03.515+0000] {processor.py:161} INFO - Started process (PID=434) to work on /opt/airflow/dags/mlops_movie_dag.py
[2025-06-01T00:37:03.516+0000] {processor.py:830} INFO - Processing file /opt/airflow/dags/mlops_movie_dag.py for tasks to queue
[2025-06-01T00:37:03.518+0000] {logging_mixin.py:188} INFO - [2025-06-01T00:37:03.517+0000] {dagbag.py:538} INFO - Filling up the DagBag from /opt/airflow/dags/mlops_movie_dag.py
[2025-06-01T00:37:03.547+0000] {processor.py:840} INFO - DAG(s) 'movie_recommendation_pipeline' retrieved from /opt/airflow/dags/mlops_movie_dag.py
[2025-06-01T00:37:03.581+0000] {logging_mixin.py:188} INFO - [2025-06-01T00:37:03.581+0000] {dag.py:3036} INFO - Sync 1 DAGs
[2025-06-01T00:37:03.595+0000] {logging_mixin.py:188} INFO - [2025-06-01T00:37:03.594+0000] {dag.py:3823} INFO - Setting next_dagrun for movie_recommendation_pipeline to None, run_after=None
[2025-06-01T00:37:03.624+0000] {processor.py:183} INFO - Processing /opt/airflow/dags/mlops_movie_dag.py took 0.111 seconds
[2025-06-01T09:40:29.104+0000] {processor.py:161} INFO - Started process (PID=439) to work on /opt/airflow/dags/mlops_movie_dag.py
[2025-06-01T09:40:29.105+0000] {processor.py:830} INFO - Processing file /opt/airflow/dags/mlops_movie_dag.py for tasks to queue
[2025-06-01T09:40:29.106+0000] {logging_mixin.py:188} INFO - [2025-06-01T09:40:29.106+0000] {dagbag.py:538} INFO - Filling up the DagBag from /opt/airflow/dags/mlops_movie_dag.py
[2025-06-01T09:40:29.130+0000] {processor.py:840} INFO - DAG(s) 'movie_recommendation_pipeline' retrieved from /opt/airflow/dags/mlops_movie_dag.py
[2025-06-01T09:40:29.166+0000] {logging_mixin.py:188} INFO - [2025-06-01T09:40:29.165+0000] {dag.py:3036} INFO - Sync 1 DAGs
[2025-06-01T09:40:29.192+0000] {logging_mixin.py:188} INFO - [2025-06-01T09:40:29.191+0000] {dag.py:3823} INFO - Setting next_dagrun for movie_recommendation_pipeline to None, run_after=None
[2025-06-01T09:40:29.235+0000] {processor.py:183} INFO - Processing /opt/airflow/dags/mlops_movie_dag.py took 0.133 seconds
[2025-06-01T09:40:59.298+0000] {processor.py:161} INFO - Started process (PID=446) to work on /opt/airflow/dags/mlops_movie_dag.py
[2025-06-01T09:40:59.299+0000] {processor.py:830} INFO - Processing file /opt/airflow/dags/mlops_movie_dag.py for tasks to queue
[2025-06-01T09:40:59.300+0000] {logging_mixin.py:188} INFO - [2025-06-01T09:40:59.299+0000] {dagbag.py:538} INFO - Filling up the DagBag from /opt/airflow/dags/mlops_movie_dag.py
[2025-06-01T09:40:59.318+0000] {processor.py:840} INFO - DAG(s) 'movie_recommendation_pipeline' retrieved from /opt/airflow/dags/mlops_movie_dag.py
[2025-06-01T09:40:59.342+0000] {logging_mixin.py:188} INFO - [2025-06-01T09:40:59.342+0000] {dag.py:3036} INFO - Sync 1 DAGs
[2025-06-01T09:40:59.353+0000] {logging_mixin.py:188} INFO - [2025-06-01T09:40:59.352+0000] {dag.py:3823} INFO - Setting next_dagrun for movie_recommendation_pipeline to None, run_after=None
[2025-06-01T09:40:59.369+0000] {processor.py:183} INFO - Processing /opt/airflow/dags/mlops_movie_dag.py took 0.074 seconds
[2025-06-01T09:41:29.498+0000] {processor.py:161} INFO - Started process (PID=451) to work on /opt/airflow/dags/mlops_movie_dag.py
[2025-06-01T09:41:29.499+0000] {processor.py:830} INFO - Processing file /opt/airflow/dags/mlops_movie_dag.py for tasks to queue
[2025-06-01T09:41:29.499+0000] {logging_mixin.py:188} INFO - [2025-06-01T09:41:29.499+0000] {dagbag.py:538} INFO - Filling up the DagBag from /opt/airflow/dags/mlops_movie_dag.py
[2025-06-01T09:41:29.521+0000] {processor.py:840} INFO - DAG(s) 'movie_recommendation_pipeline' retrieved from /opt/airflow/dags/mlops_movie_dag.py
[2025-06-01T09:41:29.550+0000] {logging_mixin.py:188} INFO - [2025-06-01T09:41:29.550+0000] {dag.py:3036} INFO - Sync 1 DAGs
[2025-06-01T09:41:29.557+0000] {logging_mixin.py:188} INFO - [2025-06-01T09:41:29.557+0000] {dag.py:3823} INFO - Setting next_dagrun for movie_recommendation_pipeline to None, run_after=None
[2025-06-01T09:41:29.571+0000] {processor.py:183} INFO - Processing /opt/airflow/dags/mlops_movie_dag.py took 0.075 seconds
[2025-06-01T09:41:59.908+0000] {processor.py:161} INFO - Started process (PID=456) to work on /opt/airflow/dags/mlops_movie_dag.py
[2025-06-01T09:41:59.908+0000] {processor.py:830} INFO - Processing file /opt/airflow/dags/mlops_movie_dag.py for tasks to queue
[2025-06-01T09:41:59.909+0000] {logging_mixin.py:188} INFO - [2025-06-01T09:41:59.909+0000] {dagbag.py:538} INFO - Filling up the DagBag from /opt/airflow/dags/mlops_movie_dag.py
[2025-06-01T09:41:59.923+0000] {processor.py:840} INFO - DAG(s) 'movie_recommendation_pipeline' retrieved from /opt/airflow/dags/mlops_movie_dag.py
[2025-06-01T09:41:59.942+0000] {logging_mixin.py:188} INFO - [2025-06-01T09:41:59.942+0000] {dag.py:3036} INFO - Sync 1 DAGs
[2025-06-01T09:41:59.949+0000] {logging_mixin.py:188} INFO - [2025-06-01T09:41:59.949+0000] {dag.py:3823} INFO - Setting next_dagrun for movie_recommendation_pipeline to None, run_after=None
[2025-06-01T09:41:59.970+0000] {processor.py:183} INFO - Processing /opt/airflow/dags/mlops_movie_dag.py took 0.064 seconds
[2025-06-01T09:42:30.823+0000] {processor.py:161} INFO - Started process (PID=461) to work on /opt/airflow/dags/mlops_movie_dag.py
[2025-06-01T09:42:30.824+0000] {processor.py:830} INFO - Processing file /opt/airflow/dags/mlops_movie_dag.py for tasks to queue
[2025-06-01T09:42:30.824+0000] {logging_mixin.py:188} INFO - [2025-06-01T09:42:30.824+0000] {dagbag.py:538} INFO - Filling up the DagBag from /opt/airflow/dags/mlops_movie_dag.py
[2025-06-01T09:42:30.840+0000] {processor.py:840} INFO - DAG(s) 'movie_recommendation_pipeline' retrieved from /opt/airflow/dags/mlops_movie_dag.py
[2025-06-01T09:42:30.859+0000] {logging_mixin.py:188} INFO - [2025-06-01T09:42:30.859+0000] {dag.py:3036} INFO - Sync 1 DAGs
[2025-06-01T09:42:30.879+0000] {logging_mixin.py:188} INFO - [2025-06-01T09:42:30.879+0000] {dag.py:3823} INFO - Setting next_dagrun for movie_recommendation_pipeline to None, run_after=None
[2025-06-01T09:42:30.894+0000] {processor.py:183} INFO - Processing /opt/airflow/dags/mlops_movie_dag.py took 0.073 seconds
[2025-06-01T09:43:01.874+0000] {processor.py:161} INFO - Started process (PID=466) to work on /opt/airflow/dags/mlops_movie_dag.py
[2025-06-01T09:43:01.874+0000] {processor.py:830} INFO - Processing file /opt/airflow/dags/mlops_movie_dag.py for tasks to queue
[2025-06-01T09:43:01.875+0000] {logging_mixin.py:188} INFO - [2025-06-01T09:43:01.875+0000] {dagbag.py:538} INFO - Filling up the DagBag from /opt/airflow/dags/mlops_movie_dag.py
[2025-06-01T09:43:01.893+0000] {processor.py:840} INFO - DAG(s) 'movie_recommendation_pipeline' retrieved from /opt/airflow/dags/mlops_movie_dag.py
[2025-06-01T09:43:01.913+0000] {logging_mixin.py:188} INFO - [2025-06-01T09:43:01.912+0000] {dag.py:3036} INFO - Sync 1 DAGs
[2025-06-01T09:43:01.920+0000] {logging_mixin.py:188} INFO - [2025-06-01T09:43:01.920+0000] {dag.py:3823} INFO - Setting next_dagrun for movie_recommendation_pipeline to None, run_after=None
[2025-06-01T09:43:02.026+0000] {processor.py:183} INFO - Processing /opt/airflow/dags/mlops_movie_dag.py took 0.155 seconds
[2025-06-01T09:43:32.899+0000] {processor.py:161} INFO - Started process (PID=471) to work on /opt/airflow/dags/mlops_movie_dag.py
[2025-06-01T09:43:32.900+0000] {processor.py:830} INFO - Processing file /opt/airflow/dags/mlops_movie_dag.py for tasks to queue
[2025-06-01T09:43:32.901+0000] {logging_mixin.py:188} INFO - [2025-06-01T09:43:32.900+0000] {dagbag.py:538} INFO - Filling up the DagBag from /opt/airflow/dags/mlops_movie_dag.py
[2025-06-01T09:43:32.918+0000] {processor.py:840} INFO - DAG(s) 'movie_recommendation_pipeline' retrieved from /opt/airflow/dags/mlops_movie_dag.py
[2025-06-01T09:43:32.937+0000] {logging_mixin.py:188} INFO - [2025-06-01T09:43:32.937+0000] {dag.py:3036} INFO - Sync 1 DAGs
[2025-06-01T09:43:32.944+0000] {logging_mixin.py:188} INFO - [2025-06-01T09:43:32.944+0000] {dag.py:3823} INFO - Setting next_dagrun for movie_recommendation_pipeline to None, run_after=None
[2025-06-01T09:43:32.976+0000] {processor.py:183} INFO - Processing /opt/airflow/dags/mlops_movie_dag.py took 0.079 seconds
[2025-06-01T09:44:03.245+0000] {processor.py:161} INFO - Started process (PID=476) to work on /opt/airflow/dags/mlops_movie_dag.py
[2025-06-01T09:44:03.246+0000] {processor.py:830} INFO - Processing file /opt/airflow/dags/mlops_movie_dag.py for tasks to queue
[2025-06-01T09:44:03.246+0000] {logging_mixin.py:188} INFO - [2025-06-01T09:44:03.246+0000] {dagbag.py:538} INFO - Filling up the DagBag from /opt/airflow/dags/mlops_movie_dag.py
[2025-06-01T09:44:03.264+0000] {processor.py:840} INFO - DAG(s) 'movie_recommendation_pipeline' retrieved from /opt/airflow/dags/mlops_movie_dag.py
[2025-06-01T09:44:03.282+0000] {logging_mixin.py:188} INFO - [2025-06-01T09:44:03.282+0000] {dag.py:3036} INFO - Sync 1 DAGs
[2025-06-01T09:44:03.290+0000] {logging_mixin.py:188} INFO - [2025-06-01T09:44:03.290+0000] {dag.py:3823} INFO - Setting next_dagrun for movie_recommendation_pipeline to None, run_after=None
[2025-06-01T09:44:03.323+0000] {processor.py:183} INFO - Processing /opt/airflow/dags/mlops_movie_dag.py took 0.080 seconds
[2025-06-01T09:44:33.452+0000] {processor.py:161} INFO - Started process (PID=481) to work on /opt/airflow/dags/mlops_movie_dag.py
[2025-06-01T09:44:33.452+0000] {processor.py:830} INFO - Processing file /opt/airflow/dags/mlops_movie_dag.py for tasks to queue
[2025-06-01T09:44:33.453+0000] {logging_mixin.py:188} INFO - [2025-06-01T09:44:33.453+0000] {dagbag.py:538} INFO - Filling up the DagBag from /opt/airflow/dags/mlops_movie_dag.py
[2025-06-01T09:44:33.469+0000] {processor.py:840} INFO - DAG(s) 'movie_recommendation_pipeline' retrieved from /opt/airflow/dags/mlops_movie_dag.py
[2025-06-01T09:44:33.489+0000] {logging_mixin.py:188} INFO - [2025-06-01T09:44:33.489+0000] {dag.py:3036} INFO - Sync 1 DAGs
[2025-06-01T09:44:33.498+0000] {logging_mixin.py:188} INFO - [2025-06-01T09:44:33.497+0000] {dag.py:3823} INFO - Setting next_dagrun for movie_recommendation_pipeline to None, run_after=None
[2025-06-01T09:44:33.562+0000] {processor.py:183} INFO - Processing /opt/airflow/dags/mlops_movie_dag.py took 0.113 seconds
[2025-06-01T09:45:03.695+0000] {processor.py:161} INFO - Started process (PID=486) to work on /opt/airflow/dags/mlops_movie_dag.py
[2025-06-01T09:45:03.695+0000] {processor.py:830} INFO - Processing file /opt/airflow/dags/mlops_movie_dag.py for tasks to queue
[2025-06-01T09:45:03.696+0000] {logging_mixin.py:188} INFO - [2025-06-01T09:45:03.696+0000] {dagbag.py:538} INFO - Filling up the DagBag from /opt/airflow/dags/mlops_movie_dag.py
[2025-06-01T09:45:03.713+0000] {processor.py:840} INFO - DAG(s) 'movie_recommendation_pipeline' retrieved from /opt/airflow/dags/mlops_movie_dag.py
[2025-06-01T09:45:03.734+0000] {logging_mixin.py:188} INFO - [2025-06-01T09:45:03.733+0000] {dag.py:3036} INFO - Sync 1 DAGs
[2025-06-01T09:45:03.742+0000] {logging_mixin.py:188} INFO - [2025-06-01T09:45:03.742+0000] {dag.py:3823} INFO - Setting next_dagrun for movie_recommendation_pipeline to None, run_after=None
[2025-06-01T09:45:03.767+0000] {processor.py:183} INFO - Processing /opt/airflow/dags/mlops_movie_dag.py took 0.074 seconds
[2025-06-01T09:45:33.970+0000] {processor.py:161} INFO - Started process (PID=491) to work on /opt/airflow/dags/mlops_movie_dag.py
[2025-06-01T09:45:33.970+0000] {processor.py:830} INFO - Processing file /opt/airflow/dags/mlops_movie_dag.py for tasks to queue
[2025-06-01T09:45:33.971+0000] {logging_mixin.py:188} INFO - [2025-06-01T09:45:33.971+0000] {dagbag.py:538} INFO - Filling up the DagBag from /opt/airflow/dags/mlops_movie_dag.py
[2025-06-01T09:45:33.988+0000] {processor.py:840} INFO - DAG(s) 'movie_recommendation_pipeline' retrieved from /opt/airflow/dags/mlops_movie_dag.py
[2025-06-01T09:45:34.007+0000] {logging_mixin.py:188} INFO - [2025-06-01T09:45:34.007+0000] {dag.py:3036} INFO - Sync 1 DAGs
[2025-06-01T09:45:34.016+0000] {logging_mixin.py:188} INFO - [2025-06-01T09:45:34.016+0000] {dag.py:3823} INFO - Setting next_dagrun for movie_recommendation_pipeline to None, run_after=None
[2025-06-01T09:45:34.044+0000] {processor.py:183} INFO - Processing /opt/airflow/dags/mlops_movie_dag.py took 0.077 seconds
[2025-06-01T09:46:04.171+0000] {processor.py:161} INFO - Started process (PID=496) to work on /opt/airflow/dags/mlops_movie_dag.py
[2025-06-01T09:46:04.172+0000] {processor.py:830} INFO - Processing file /opt/airflow/dags/mlops_movie_dag.py for tasks to queue
[2025-06-01T09:46:04.172+0000] {logging_mixin.py:188} INFO - [2025-06-01T09:46:04.172+0000] {dagbag.py:538} INFO - Filling up the DagBag from /opt/airflow/dags/mlops_movie_dag.py
[2025-06-01T09:46:04.189+0000] {processor.py:840} INFO - DAG(s) 'movie_recommendation_pipeline' retrieved from /opt/airflow/dags/mlops_movie_dag.py
[2025-06-01T09:46:04.212+0000] {logging_mixin.py:188} INFO - [2025-06-01T09:46:04.212+0000] {dag.py:3036} INFO - Sync 1 DAGs
[2025-06-01T09:46:04.221+0000] {logging_mixin.py:188} INFO - [2025-06-01T09:46:04.220+0000] {dag.py:3823} INFO - Setting next_dagrun for movie_recommendation_pipeline to None, run_after=None
[2025-06-01T09:46:04.242+0000] {processor.py:183} INFO - Processing /opt/airflow/dags/mlops_movie_dag.py took 0.073 seconds
[2025-06-01T09:46:34.414+0000] {processor.py:161} INFO - Started process (PID=501) to work on /opt/airflow/dags/mlops_movie_dag.py
[2025-06-01T09:46:34.415+0000] {processor.py:830} INFO - Processing file /opt/airflow/dags/mlops_movie_dag.py for tasks to queue
[2025-06-01T09:46:34.415+0000] {logging_mixin.py:188} INFO - [2025-06-01T09:46:34.415+0000] {dagbag.py:538} INFO - Filling up the DagBag from /opt/airflow/dags/mlops_movie_dag.py
[2025-06-01T09:46:34.431+0000] {processor.py:840} INFO - DAG(s) 'movie_recommendation_pipeline' retrieved from /opt/airflow/dags/mlops_movie_dag.py
[2025-06-01T09:46:34.449+0000] {logging_mixin.py:188} INFO - [2025-06-01T09:46:34.449+0000] {dag.py:3036} INFO - Sync 1 DAGs
[2025-06-01T09:46:34.458+0000] {logging_mixin.py:188} INFO - [2025-06-01T09:46:34.457+0000] {dag.py:3823} INFO - Setting next_dagrun for movie_recommendation_pipeline to None, run_after=None
[2025-06-01T09:46:34.480+0000] {processor.py:183} INFO - Processing /opt/airflow/dags/mlops_movie_dag.py took 0.068 seconds
[2025-06-01T09:47:04.613+0000] {processor.py:161} INFO - Started process (PID=506) to work on /opt/airflow/dags/mlops_movie_dag.py
[2025-06-01T09:47:04.614+0000] {processor.py:830} INFO - Processing file /opt/airflow/dags/mlops_movie_dag.py for tasks to queue
[2025-06-01T09:47:04.615+0000] {logging_mixin.py:188} INFO - [2025-06-01T09:47:04.614+0000] {dagbag.py:538} INFO - Filling up the DagBag from /opt/airflow/dags/mlops_movie_dag.py
[2025-06-01T09:47:04.631+0000] {processor.py:840} INFO - DAG(s) 'movie_recommendation_pipeline' retrieved from /opt/airflow/dags/mlops_movie_dag.py
[2025-06-01T09:47:04.654+0000] {logging_mixin.py:188} INFO - [2025-06-01T09:47:04.653+0000] {dag.py:3036} INFO - Sync 1 DAGs
[2025-06-01T09:47:04.661+0000] {logging_mixin.py:188} INFO - [2025-06-01T09:47:04.661+0000] {dag.py:3823} INFO - Setting next_dagrun for movie_recommendation_pipeline to None, run_after=None
[2025-06-01T09:47:04.685+0000] {processor.py:183} INFO - Processing /opt/airflow/dags/mlops_movie_dag.py took 0.074 seconds
[2025-06-01T09:47:34.858+0000] {processor.py:161} INFO - Started process (PID=511) to work on /opt/airflow/dags/mlops_movie_dag.py
[2025-06-01T09:47:34.858+0000] {processor.py:830} INFO - Processing file /opt/airflow/dags/mlops_movie_dag.py for tasks to queue
[2025-06-01T09:47:34.859+0000] {logging_mixin.py:188} INFO - [2025-06-01T09:47:34.859+0000] {dagbag.py:538} INFO - Filling up the DagBag from /opt/airflow/dags/mlops_movie_dag.py
[2025-06-01T09:47:34.876+0000] {processor.py:840} INFO - DAG(s) 'movie_recommendation_pipeline' retrieved from /opt/airflow/dags/mlops_movie_dag.py
[2025-06-01T09:47:34.895+0000] {logging_mixin.py:188} INFO - [2025-06-01T09:47:34.895+0000] {dag.py:3036} INFO - Sync 1 DAGs
[2025-06-01T09:47:34.902+0000] {logging_mixin.py:188} INFO - [2025-06-01T09:47:34.902+0000] {dag.py:3823} INFO - Setting next_dagrun for movie_recommendation_pipeline to None, run_after=None
[2025-06-01T09:47:34.920+0000] {processor.py:183} INFO - Processing /opt/airflow/dags/mlops_movie_dag.py took 0.064 seconds
[2025-06-01T09:48:05.057+0000] {processor.py:161} INFO - Started process (PID=516) to work on /opt/airflow/dags/mlops_movie_dag.py
[2025-06-01T09:48:05.057+0000] {processor.py:830} INFO - Processing file /opt/airflow/dags/mlops_movie_dag.py for tasks to queue
[2025-06-01T09:48:05.058+0000] {logging_mixin.py:188} INFO - [2025-06-01T09:48:05.058+0000] {dagbag.py:538} INFO - Filling up the DagBag from /opt/airflow/dags/mlops_movie_dag.py
[2025-06-01T09:48:05.075+0000] {processor.py:840} INFO - DAG(s) 'movie_recommendation_pipeline' retrieved from /opt/airflow/dags/mlops_movie_dag.py
[2025-06-01T09:48:05.095+0000] {logging_mixin.py:188} INFO - [2025-06-01T09:48:05.095+0000] {dag.py:3036} INFO - Sync 1 DAGs
[2025-06-01T09:48:05.103+0000] {logging_mixin.py:188} INFO - [2025-06-01T09:48:05.103+0000] {dag.py:3823} INFO - Setting next_dagrun for movie_recommendation_pipeline to None, run_after=None
[2025-06-01T09:48:05.117+0000] {processor.py:183} INFO - Processing /opt/airflow/dags/mlops_movie_dag.py took 0.063 seconds
[2025-06-01T09:48:35.287+0000] {processor.py:161} INFO - Started process (PID=521) to work on /opt/airflow/dags/mlops_movie_dag.py
[2025-06-01T09:48:35.288+0000] {processor.py:830} INFO - Processing file /opt/airflow/dags/mlops_movie_dag.py for tasks to queue
[2025-06-01T09:48:35.289+0000] {logging_mixin.py:188} INFO - [2025-06-01T09:48:35.288+0000] {dagbag.py:538} INFO - Filling up the DagBag from /opt/airflow/dags/mlops_movie_dag.py
[2025-06-01T09:48:35.307+0000] {processor.py:840} INFO - DAG(s) 'movie_recommendation_pipeline' retrieved from /opt/airflow/dags/mlops_movie_dag.py
[2025-06-01T09:48:35.331+0000] {logging_mixin.py:188} INFO - [2025-06-01T09:48:35.331+0000] {dag.py:3036} INFO - Sync 1 DAGs
[2025-06-01T09:48:35.340+0000] {logging_mixin.py:188} INFO - [2025-06-01T09:48:35.340+0000] {dag.py:3823} INFO - Setting next_dagrun for movie_recommendation_pipeline to None, run_after=None
[2025-06-01T09:48:35.380+0000] {processor.py:183} INFO - Processing /opt/airflow/dags/mlops_movie_dag.py took 0.095 seconds
[2025-06-01T09:49:05.501+0000] {processor.py:161} INFO - Started process (PID=526) to work on /opt/airflow/dags/mlops_movie_dag.py
[2025-06-01T09:49:05.503+0000] {processor.py:830} INFO - Processing file /opt/airflow/dags/mlops_movie_dag.py for tasks to queue
[2025-06-01T09:49:05.504+0000] {logging_mixin.py:188} INFO - [2025-06-01T09:49:05.503+0000] {dagbag.py:538} INFO - Filling up the DagBag from /opt/airflow/dags/mlops_movie_dag.py
[2025-06-01T09:49:05.521+0000] {processor.py:840} INFO - DAG(s) 'movie_recommendation_pipeline' retrieved from /opt/airflow/dags/mlops_movie_dag.py
[2025-06-01T09:49:05.541+0000] {logging_mixin.py:188} INFO - [2025-06-01T09:49:05.540+0000] {dag.py:3036} INFO - Sync 1 DAGs
[2025-06-01T09:49:05.549+0000] {logging_mixin.py:188} INFO - [2025-06-01T09:49:05.549+0000] {dag.py:3823} INFO - Setting next_dagrun for movie_recommendation_pipeline to None, run_after=None
[2025-06-01T09:49:05.578+0000] {processor.py:183} INFO - Processing /opt/airflow/dags/mlops_movie_dag.py took 0.079 seconds
[2025-06-01T09:49:35.754+0000] {processor.py:161} INFO - Started process (PID=531) to work on /opt/airflow/dags/mlops_movie_dag.py
[2025-06-01T09:49:35.755+0000] {processor.py:830} INFO - Processing file /opt/airflow/dags/mlops_movie_dag.py for tasks to queue
[2025-06-01T09:49:35.755+0000] {logging_mixin.py:188} INFO - [2025-06-01T09:49:35.755+0000] {dagbag.py:538} INFO - Filling up the DagBag from /opt/airflow/dags/mlops_movie_dag.py
[2025-06-01T09:49:35.771+0000] {processor.py:840} INFO - DAG(s) 'movie_recommendation_pipeline' retrieved from /opt/airflow/dags/mlops_movie_dag.py
[2025-06-01T09:49:35.790+0000] {logging_mixin.py:188} INFO - [2025-06-01T09:49:35.790+0000] {dag.py:3036} INFO - Sync 1 DAGs
[2025-06-01T09:49:35.798+0000] {logging_mixin.py:188} INFO - [2025-06-01T09:49:35.798+0000] {dag.py:3823} INFO - Setting next_dagrun for movie_recommendation_pipeline to None, run_after=None
[2025-06-01T09:49:35.814+0000] {processor.py:183} INFO - Processing /opt/airflow/dags/mlops_movie_dag.py took 0.062 seconds
[2025-06-01T09:50:05.964+0000] {processor.py:161} INFO - Started process (PID=536) to work on /opt/airflow/dags/mlops_movie_dag.py
[2025-06-01T09:50:05.965+0000] {processor.py:830} INFO - Processing file /opt/airflow/dags/mlops_movie_dag.py for tasks to queue
[2025-06-01T09:50:05.966+0000] {logging_mixin.py:188} INFO - [2025-06-01T09:50:05.966+0000] {dagbag.py:538} INFO - Filling up the DagBag from /opt/airflow/dags/mlops_movie_dag.py
[2025-06-01T09:50:05.983+0000] {processor.py:840} INFO - DAG(s) 'movie_recommendation_pipeline' retrieved from /opt/airflow/dags/mlops_movie_dag.py
[2025-06-01T09:50:06.008+0000] {logging_mixin.py:188} INFO - [2025-06-01T09:50:06.007+0000] {dag.py:3036} INFO - Sync 1 DAGs
[2025-06-01T09:50:06.018+0000] {logging_mixin.py:188} INFO - [2025-06-01T09:50:06.017+0000] {dag.py:3823} INFO - Setting next_dagrun for movie_recommendation_pipeline to None, run_after=None
[2025-06-01T09:50:06.125+0000] {processor.py:183} INFO - Processing /opt/airflow/dags/mlops_movie_dag.py took 0.163 seconds
[2025-06-01T09:50:36.217+0000] {processor.py:161} INFO - Started process (PID=541) to work on /opt/airflow/dags/mlops_movie_dag.py
[2025-06-01T09:50:36.217+0000] {processor.py:830} INFO - Processing file /opt/airflow/dags/mlops_movie_dag.py for tasks to queue
[2025-06-01T09:50:36.218+0000] {logging_mixin.py:188} INFO - [2025-06-01T09:50:36.218+0000] {dagbag.py:538} INFO - Filling up the DagBag from /opt/airflow/dags/mlops_movie_dag.py
[2025-06-01T09:50:36.235+0000] {processor.py:840} INFO - DAG(s) 'movie_recommendation_pipeline' retrieved from /opt/airflow/dags/mlops_movie_dag.py
[2025-06-01T09:50:36.255+0000] {logging_mixin.py:188} INFO - [2025-06-01T09:50:36.255+0000] {dag.py:3036} INFO - Sync 1 DAGs
[2025-06-01T09:50:36.264+0000] {logging_mixin.py:188} INFO - [2025-06-01T09:50:36.264+0000] {dag.py:3823} INFO - Setting next_dagrun for movie_recommendation_pipeline to None, run_after=None
[2025-06-01T09:50:36.321+0000] {processor.py:183} INFO - Processing /opt/airflow/dags/mlops_movie_dag.py took 0.106 seconds
[2025-06-01T09:51:06.507+0000] {processor.py:161} INFO - Started process (PID=546) to work on /opt/airflow/dags/mlops_movie_dag.py
[2025-06-01T09:51:06.507+0000] {processor.py:830} INFO - Processing file /opt/airflow/dags/mlops_movie_dag.py for tasks to queue
[2025-06-01T09:51:06.508+0000] {logging_mixin.py:188} INFO - [2025-06-01T09:51:06.508+0000] {dagbag.py:538} INFO - Filling up the DagBag from /opt/airflow/dags/mlops_movie_dag.py
[2025-06-01T09:51:06.525+0000] {processor.py:840} INFO - DAG(s) 'movie_recommendation_pipeline' retrieved from /opt/airflow/dags/mlops_movie_dag.py
[2025-06-01T09:51:06.545+0000] {logging_mixin.py:188} INFO - [2025-06-01T09:51:06.545+0000] {dag.py:3036} INFO - Sync 1 DAGs
[2025-06-01T09:51:06.553+0000] {logging_mixin.py:188} INFO - [2025-06-01T09:51:06.553+0000] {dag.py:3823} INFO - Setting next_dagrun for movie_recommendation_pipeline to None, run_after=None
[2025-06-01T09:51:06.568+0000] {processor.py:183} INFO - Processing /opt/airflow/dags/mlops_movie_dag.py took 0.064 seconds
