[2025-06-02T18:19:58.599+0000] {taskinstance.py:1956} INFO - Dependencies all met for dep_context=non-requeueable deps ti=<TaskInstance: deep_models_pipeline.train_deep_hybrid_model manual__2025-06-02T18:19:58.315624+00:00 [queued]>
[2025-06-02T18:19:58.606+0000] {taskinstance.py:1956} INFO - Dependencies all met for dep_context=requeueable deps ti=<TaskInstance: deep_models_pipeline.train_deep_hybrid_model manual__2025-06-02T18:19:58.315624+00:00 [queued]>
[2025-06-02T18:19:58.607+0000] {taskinstance.py:2170} INFO - Starting attempt 1 of 1
[2025-06-02T18:19:58.619+0000] {taskinstance.py:2191} INFO - Executing <Task(BashOperator): train_deep_hybrid_model> on 2025-06-02 18:19:58.315624+00:00
[2025-06-02T18:19:58.625+0000] {standard_task_runner.py:60} INFO - Started process 200 to run task
[2025-06-02T18:19:58.627+0000] {standard_task_runner.py:87} INFO - Running: ['***', 'tasks', 'run', 'deep_models_pipeline', 'train_deep_hybrid_model', 'manual__2025-06-02T18:19:58.315624+00:00', '--job-id', '1716', '--raw', '--subdir', 'DAGS_FOLDER/train_deep_model_dag.py', '--cfg-path', '/tmp/tmpfiu_6h9v']
[2025-06-02T18:19:58.629+0000] {standard_task_runner.py:88} INFO - Job 1716: Subtask train_deep_hybrid_model
[2025-06-02T18:19:58.668+0000] {task_command.py:423} INFO - Running <TaskInstance: deep_models_pipeline.train_deep_hybrid_model manual__2025-06-02T18:19:58.315624+00:00 [running]> on host 787de945a6ba
[2025-06-02T18:19:58.727+0000] {taskinstance.py:2480} INFO - Exporting env vars: AIRFLOW_CTX_DAG_OWNER='***' AIRFLOW_CTX_DAG_ID='deep_models_pipeline' AIRFLOW_CTX_TASK_ID='train_deep_hybrid_model' AIRFLOW_CTX_EXECUTION_DATE='2025-06-02T18:19:58.315624+00:00' AIRFLOW_CTX_TRY_NUMBER='1' AIRFLOW_CTX_DAG_RUN_ID='manual__2025-06-02T18:19:58.315624+00:00'
[2025-06-02T18:19:58.729+0000] {subprocess.py:63} INFO - Tmp dir root location: /tmp
[2025-06-02T18:19:58.730+0000] {subprocess.py:75} INFO - Running command: ['/usr/bin/bash', '-c', 'python /opt/***/src/models/train_hybrid_deep_model.py']
[2025-06-02T18:19:58.739+0000] {subprocess.py:86} INFO - Output:
[2025-06-02T18:20:34.646+0000] {subprocess.py:93} INFO - Epoch 1/30: Loss = 0.0063
[2025-06-02T18:20:34.647+0000] {subprocess.py:93} INFO - Epoch 2/30: Loss = 0.0039
[2025-06-02T18:20:34.648+0000] {subprocess.py:93} INFO - Epoch 3/30: Loss = 0.0033
[2025-06-02T18:20:34.648+0000] {subprocess.py:93} INFO - Epoch 4/30: Loss = 0.0030
[2025-06-02T18:20:34.648+0000] {subprocess.py:93} INFO - Epoch 5/30: Loss = 0.0029
[2025-06-02T18:20:34.649+0000] {subprocess.py:93} INFO - Epoch 6/30: Loss = 0.0028
[2025-06-02T18:20:34.649+0000] {subprocess.py:93} INFO - Epoch 7/30: Loss = 0.0027
[2025-06-02T18:20:34.649+0000] {subprocess.py:93} INFO - Epoch 8/30: Loss = 0.0026
[2025-06-02T18:20:34.650+0000] {subprocess.py:93} INFO - Epoch 9/30: Loss = 0.0026
[2025-06-02T18:20:34.650+0000] {subprocess.py:93} INFO - Epoch 10/30: Loss = 0.0025
[2025-06-02T18:20:34.650+0000] {subprocess.py:93} INFO - Epoch 11/30: Loss = 0.0025
[2025-06-02T18:20:34.651+0000] {subprocess.py:93} INFO - Epoch 12/30: Loss = 0.0024
[2025-06-02T18:20:34.651+0000] {subprocess.py:93} INFO - Epoch 13/30: Loss = 0.0024
[2025-06-02T18:20:34.652+0000] {subprocess.py:93} INFO - Epoch 14/30: Loss = 0.0024
[2025-06-02T18:20:34.652+0000] {subprocess.py:93} INFO - Epoch 15/30: Loss = 0.0024
[2025-06-02T18:20:34.652+0000] {subprocess.py:93} INFO - Epoch 16/30: Loss = 0.0023
[2025-06-02T18:20:34.653+0000] {subprocess.py:93} INFO - Epoch 17/30: Loss = 0.0023
[2025-06-02T18:20:34.653+0000] {subprocess.py:93} INFO - Epoch 18/30: Loss = 0.0023
[2025-06-02T18:20:34.653+0000] {subprocess.py:93} INFO - Epoch 19/30: Loss = 0.0023
[2025-06-02T18:20:34.653+0000] {subprocess.py:93} INFO - Epoch 20/30: Loss = 0.0023
[2025-06-02T18:20:34.654+0000] {subprocess.py:93} INFO - Epoch 21/30: Loss = 0.0023
[2025-06-02T18:20:34.654+0000] {subprocess.py:93} INFO - Epoch 22/30: Loss = 0.0022
[2025-06-02T18:20:34.654+0000] {subprocess.py:93} INFO - Epoch 23/30: Loss = 0.0022
[2025-06-02T18:20:34.655+0000] {subprocess.py:93} INFO - Epoch 24/30: Loss = 0.0022
[2025-06-02T18:20:34.655+0000] {subprocess.py:93} INFO - Epoch 25/30: Loss = 0.0022
[2025-06-02T18:20:34.655+0000] {subprocess.py:93} INFO - Epoch 26/30: Loss = 0.0022
[2025-06-02T18:20:34.656+0000] {subprocess.py:93} INFO - Epoch 27/30: Loss = 0.0022
[2025-06-02T18:20:34.656+0000] {subprocess.py:93} INFO - Epoch 28/30: Loss = 0.0022
[2025-06-02T18:20:34.656+0000] {subprocess.py:93} INFO - Epoch 29/30: Loss = 0.0022
[2025-06-02T18:20:34.656+0000] {subprocess.py:93} INFO - Epoch 30/30: Loss = 0.0022
[2025-06-02T18:20:34.657+0000] {subprocess.py:93} INFO - ✅ Hybrid-Embeddings gespeichert unter /opt/***/data/processed/hybrid_deep_embedding.csv
[2025-06-02T18:20:34.657+0000] {subprocess.py:93} INFO - ✅ Deep KNN Modell gespeichert unter /opt/***/models/hybrid_deep_knn.pkl
[2025-06-02T18:20:34.657+0000] {subprocess.py:93} INFO - 🏃 View run train_hybrid_deep_model at: https://dagshub.com/sacer11/MLOps_movie_rec_apr25.mlflow/#/experiments/5/runs/e5af66b9ccd243a583282982545af49f
[2025-06-02T18:20:34.658+0000] {subprocess.py:93} INFO - 🧪 View experiment at: https://dagshub.com/sacer11/MLOps_movie_rec_apr25.mlflow/#/experiments/5
[2025-06-02T18:20:34.658+0000] {subprocess.py:93} INFO - Traceback (most recent call last):
[2025-06-02T18:20:34.659+0000] {subprocess.py:93} INFO -   File "/opt/***/src/models/train_hybrid_deep_model.py", line 116, in <module>
[2025-06-02T18:20:34.659+0000] {subprocess.py:93} INFO -     main()
[2025-06-02T18:20:34.659+0000] {subprocess.py:93} INFO -   File "/opt/***/src/models/train_hybrid_deep_model.py", line 106, in main
[2025-06-02T18:20:34.659+0000] {subprocess.py:93} INFO -     mlflow.pyfunc.log_model(
[2025-06-02T18:20:34.660+0000] {subprocess.py:93} INFO -   File "/home/***/.local/lib/python3.10/site-packages/mlflow/tracing/provider.py", line 422, in wrapper
[2025-06-02T18:20:34.660+0000] {subprocess.py:93} INFO -     is_func_called, result = True, f(*args, **kwargs)
[2025-06-02T18:20:34.660+0000] {subprocess.py:93} INFO -   File "/home/***/.local/lib/python3.10/site-packages/mlflow/pyfunc/__init__.py", line 3534, in log_model
[2025-06-02T18:20:34.661+0000] {subprocess.py:93} INFO -     return Model.log(
[2025-06-02T18:20:34.661+0000] {subprocess.py:93} INFO -   File "/home/***/.local/lib/python3.10/site-packages/mlflow/models/model.py", line 840, in log
[2025-06-02T18:20:34.661+0000] {subprocess.py:93} INFO -     flavor.save_model(path=local_path, mlflow_model=mlflow_model, **kwargs)
[2025-06-02T18:20:34.662+0000] {subprocess.py:93} INFO -   File "/home/***/.local/lib/python3.10/site-packages/mlflow/tracing/provider.py", line 426, in wrapper
[2025-06-02T18:20:34.662+0000] {subprocess.py:93} INFO -     is_func_called, result = True, f(*args, **kwargs)
[2025-06-02T18:20:34.662+0000] {subprocess.py:93} INFO -   File "/home/***/.local/lib/python3.10/site-packages/mlflow/pyfunc/__init__.py", line 3038, in save_model
[2025-06-02T18:20:34.663+0000] {subprocess.py:93} INFO -     raise MlflowException(message=msg, error_code=INVALID_PARAMETER_VALUE)
[2025-06-02T18:20:34.663+0000] {subprocess.py:93} INFO - mlflow.exceptions.MlflowException: Either `loader_module` or `python_model` must be specified. A `loader_module` should be a python module. A `python_model` should be a subclass of PythonModel
[2025-06-02T18:20:35.630+0000] {subprocess.py:97} INFO - Command exited with return code 1
[2025-06-02T18:20:35.640+0000] {taskinstance.py:2698} ERROR - Task failed with exception
Traceback (most recent call last):
  File "/home/airflow/.local/lib/python3.10/site-packages/airflow/models/taskinstance.py", line 433, in _execute_task
    result = execute_callable(context=context, **execute_callable_kwargs)
  File "/home/airflow/.local/lib/python3.10/site-packages/airflow/operators/bash.py", line 212, in execute
    raise AirflowException(
airflow.exceptions.AirflowException: Bash command failed. The command returned a non-zero exit code 1.
[2025-06-02T18:20:35.642+0000] {taskinstance.py:1138} INFO - Marking task as FAILED. dag_id=deep_models_pipeline, task_id=train_deep_hybrid_model, execution_date=20250602T181958, start_date=20250602T181958, end_date=20250602T182035
[2025-06-02T18:20:35.657+0000] {standard_task_runner.py:107} ERROR - Failed to execute job 1716 for task train_deep_hybrid_model (Bash command failed. The command returned a non-zero exit code 1.; 200)
[2025-06-02T18:20:35.697+0000] {local_task_job_runner.py:234} INFO - Task exited with return code 1
[2025-06-02T18:20:35.713+0000] {taskinstance.py:3280} INFO - 0 downstream tasks scheduled from follow-on schedule check
