[2025-06-08T14:58:58.177+0000] {taskinstance.py:1956} INFO - Dependencies all met for dep_context=non-requeueable deps ti=<TaskInstance: deep_models_pipeline.train_deep_hybrid_model manual__2025-06-08T14:58:51.190543+00:00 [queued]>
[2025-06-08T14:58:58.184+0000] {taskinstance.py:1956} INFO - Dependencies all met for dep_context=requeueable deps ti=<TaskInstance: deep_models_pipeline.train_deep_hybrid_model manual__2025-06-08T14:58:51.190543+00:00 [queued]>
[2025-06-08T14:58:58.185+0000] {taskinstance.py:2170} INFO - Starting attempt 1 of 3
[2025-06-08T14:58:58.195+0000] {taskinstance.py:2191} INFO - Executing <Task(PythonOperator): train_deep_hybrid_model> on 2025-06-08 14:58:51.190543+00:00
[2025-06-08T14:58:58.201+0000] {standard_task_runner.py:60} INFO - Started process 423 to run task
[2025-06-08T14:58:58.203+0000] {standard_task_runner.py:87} INFO - Running: ['***', 'tasks', 'run', 'deep_models_pipeline', 'train_deep_hybrid_model', 'manual__2025-06-08T14:58:51.190543+00:00', '--job-id', '3086', '--raw', '--subdir', 'DAGS_FOLDER/train_deep_model_dag.py', '--cfg-path', '/tmp/tmpe4h7i335']
[2025-06-08T14:58:58.205+0000] {standard_task_runner.py:88} INFO - Job 3086: Subtask train_deep_hybrid_model
[2025-06-08T14:58:58.247+0000] {task_command.py:423} INFO - Running <TaskInstance: deep_models_pipeline.train_deep_hybrid_model manual__2025-06-08T14:58:51.190543+00:00 [running]> on host 1edd6e13d53a
[2025-06-08T14:58:58.317+0000] {taskinstance.py:2480} INFO - Exporting env vars: AIRFLOW_CTX_DAG_OWNER='***' AIRFLOW_CTX_DAG_ID='deep_models_pipeline' AIRFLOW_CTX_TASK_ID='train_deep_hybrid_model' AIRFLOW_CTX_EXECUTION_DATE='2025-06-08T14:58:51.190543+00:00' AIRFLOW_CTX_TRY_NUMBER='1' AIRFLOW_CTX_DAG_RUN_ID='manual__2025-06-08T14:58:51.190543+00:00'
[2025-06-08T14:58:58.318+0000] {train_deep_model_dag.py:13} INFO - 🟦 Running command: python /opt/***/src/models/train_hybrid_deep_model.py --n_neighbors=15 --latent_dim=32 --epochs=30 --tfidf_features=300
[2025-06-08T15:00:37.786+0000] {train_deep_model_dag.py:20} INFO - 🟩 [stdout]:
🏃 View run train_hybrid_deep_model at: https://dagshub.com/sacer11/MLOps_movie_rec_apr25.mlflow/#/experiments/10/runs/e2413a0baa264708838fe08c3ea7ecad
🧪 View experiment at: https://dagshub.com/sacer11/MLOps_movie_rec_apr25.mlflow/#/experiments/10

[2025-06-08T15:00:37.849+0000] {train_deep_model_dag.py:22} WARNING - 🟨 [stderr]:
2025-06-08 14:59:04,392 - __main__ - INFO - 📥 Lade Rohdaten und baue Hybrid-Feature-Matrix ...
2025-06-08 14:59:10,486 - __main__ - INFO - 📐 Hybrid-Matrix erstellt mit Shape: (10381, 1429), Feature-Namen: 1429
2025-06-08 14:59:27,874 - __main__ - INFO - 💾 Hybrid-Matrix gespeichert unter /opt/***/data/processed/hybrid_matrix.csv
2025-06-08 14:59:27,937 - __main__ - INFO - 🚀 Starte Training Autoencoder ...
2025-06-08 14:59:30,094 - __main__ - INFO - Epoch 1/30: Loss = 0.0122
2025-06-08 14:59:30,620 - __main__ - INFO - Epoch 2/30: Loss = 0.0072
2025-06-08 14:59:30,982 - __main__ - INFO - Epoch 3/30: Loss = 0.0062
2025-06-08 14:59:31,423 - __main__ - INFO - Epoch 4/30: Loss = 0.0057
2025-06-08 14:59:31,811 - __main__ - INFO - Epoch 5/30: Loss = 0.0055
2025-06-08 14:59:32,248 - __main__ - INFO - Epoch 6/30: Loss = 0.0053
2025-06-08 14:59:32,677 - __main__ - INFO - Epoch 7/30: Loss = 0.0051
2025-06-08 14:59:33,108 - __main__ - INFO - Epoch 8/30: Loss = 0.0050
2025-06-08 14:59:33,734 - __main__ - INFO - Epoch 9/30: Loss = 0.0049
2025-06-08 14:59:34,237 - __main__ - INFO - Epoch 10/30: Loss = 0.0049
2025-06-08 14:59:34,705 - __main__ - INFO - Epoch 11/30: Loss = 0.0048
2025-06-08 14:59:35,307 - __main__ - INFO - Epoch 12/30: Loss = 0.0048
2025-06-08 14:59:35,992 - __main__ - INFO - Epoch 13/30: Loss = 0.0047
2025-06-08 14:59:36,514 - __main__ - INFO - Epoch 14/30: Loss = 0.0047
2025-06-08 14:59:37,008 - __main__ - INFO - Epoch 15/30: Loss = 0.0046
2025-06-08 14:59:38,168 - __main__ - INFO - Epoch 16/30: Loss = 0.0046
2025-06-08 14:59:38,569 - __main__ - INFO - Epoch 17/30: Loss = 0.0046
2025-06-08 14:59:39,133 - __main__ - INFO - Epoch 18/30: Loss = 0.0046
2025-06-08 14:59:39,760 - __main__ - INFO - Epoch 19/30: Loss = 0.0045
2025-06-08 14:59:40,481 - __main__ - INFO - Epoch 20/30: Loss = 0.0045
2025-06-08 14:59:41,073 - __main__ - INFO - Epoch 21/30: Loss = 0.0045
2025-06-08 14:59:41,648 - __main__ - INFO - Epoch 22/30: Loss = 0.0045
2025-06-08 14:59:42,414 - __main__ - INFO - Epoch 23/30: Loss = 0.0045
2025-06-08 14:59:43,003 - __main__ - INFO - Epoch 24/30: Loss = 0.0044
2025-06-08 14:59:43,504 - __main__ - INFO - Epoch 25/30: Loss = 0.0044
2025-06-08 14:59:44,209 - __main__ - INFO - Epoch 26/30: Loss = 0.0044
2025-06-08 14:59:44,710 - __main__ - INFO - Epoch 27/30: Loss = 0.0044
2025-06-08 14:59:45,161 - __main__ - INFO - Epoch 28/30: Loss = 0.0044
2025-06-08 14:59:45,690 - __main__ - INFO - Epoch 29/30: Loss = 0.0044
2025-06-08 14:59:46,102 - __main__ - INFO - Epoch 30/30: Loss = 0.0044
2025-06-08 14:59:46,573 - __main__ - INFO - ✅ Hybrid-Embeddings gespeichert unter /opt/***/data/processed/hybrid_deep_embedding.csv
2025-06-08 14:59:46,573 - __main__ - INFO - ✅ Hybrid-Embeddings gespeichert unter /opt/***/data/processed/hybrid_deep_embedding.csv
2025-06-08 14:59:46,592 - __main__ - INFO - ✅ Deep KNN Modell gespeichert unter /opt/***/models/hybrid_deep_knn.pkl
2025/06/08 14:59:52 INFO mlflow.pyfunc: Validating input example against model signature

Downloading artifacts:   0%|          | 0/1 [00:00<?, ?it/s]
Downloading artifacts: 100%|██████████| 1/1 [00:00<00:00, 36.54it/s]
Downloading artifacts: 100%|██████████| 1/1 [00:00<00:00, 36.22it/s]
Registered model 'hybrid_deep_model' already exists. Creating a new version of this model...
2025/06/08 15:00:12 INFO mlflow.store.model_registry.abstract_store: Waiting up to 300 seconds for model version to finish creation. Model name: hybrid_deep_model, version 31
Created version '31' of model 'hybrid_deep_model'.
2025-06-08 15:00:29,155 - __main__ - INFO - 📝 Tags für Modellversion 31 gesetzt: n_neighbors=15, latent_dim=32, tfidf_features=300, epochs=30
2025-06-08 15:00:31,163 - __main__ - INFO - 🏁 Deep Hybrid-Model Training abgeschlossen und geloggt.

[2025-06-08T15:00:37.870+0000] {python.py:201} INFO - Done. Returned value was: None
[2025-06-08T15:00:38.213+0000] {taskinstance.py:1138} INFO - Marking task as SUCCESS. dag_id=deep_models_pipeline, task_id=train_deep_hybrid_model, execution_date=20250608T145851, start_date=20250608T145858, end_date=20250608T150038
[2025-06-08T15:00:38.808+0000] {local_task_job_runner.py:234} INFO - Task exited with return code 0
[2025-06-08T15:00:39.473+0000] {taskinstance.py:3280} INFO - 0 downstream tasks scheduled from follow-on schedule check
