[2025-06-02T11:18:25.806+0000] {taskinstance.py:1956} INFO - Dependencies all met for dep_context=non-requeueable deps ti=<TaskInstance: movie_recommendation_pipeline.train_hybrid_model manual__2025-06-02T11:17:55.612538+00:00 [queued]>
[2025-06-02T11:18:25.812+0000] {taskinstance.py:1956} INFO - Dependencies all met for dep_context=requeueable deps ti=<TaskInstance: movie_recommendation_pipeline.train_hybrid_model manual__2025-06-02T11:17:55.612538+00:00 [queued]>
[2025-06-02T11:18:25.813+0000] {taskinstance.py:2170} INFO - Starting attempt 1 of 3
[2025-06-02T11:18:25.823+0000] {taskinstance.py:2191} INFO - Executing <Task(PythonOperator): train_hybrid_model> on 2025-06-02 11:17:55.612538+00:00
[2025-06-02T11:18:25.830+0000] {standard_task_runner.py:60} INFO - Started process 3117 to run task
[2025-06-02T11:18:25.833+0000] {standard_task_runner.py:87} INFO - Running: ['***', 'tasks', 'run', 'movie_recommendation_pipeline', 'train_hybrid_model', 'manual__2025-06-02T11:17:55.612538+00:00', '--job-id', '1693', '--raw', '--subdir', 'DAGS_FOLDER/mlops_movie_dag.py', '--cfg-path', '/tmp/tmp4t8diho9']
[2025-06-02T11:18:25.834+0000] {standard_task_runner.py:88} INFO - Job 1693: Subtask train_hybrid_model
[2025-06-02T11:18:25.872+0000] {task_command.py:423} INFO - Running <TaskInstance: movie_recommendation_pipeline.train_hybrid_model manual__2025-06-02T11:17:55.612538+00:00 [running]> on host 6520fa36f146
[2025-06-02T11:18:25.929+0000] {taskinstance.py:2480} INFO - Exporting env vars: AIRFLOW_CTX_DAG_OWNER='***' AIRFLOW_CTX_DAG_ID='movie_recommendation_pipeline' AIRFLOW_CTX_TASK_ID='train_hybrid_model' AIRFLOW_CTX_EXECUTION_DATE='2025-06-02T11:17:55.612538+00:00' AIRFLOW_CTX_TRY_NUMBER='1' AIRFLOW_CTX_DAG_RUN_ID='manual__2025-06-02T11:17:55.612538+00:00'
[2025-06-02T11:18:25.931+0000] {mlops_movie_dag.py:12} INFO - 🟦 Running command: python /opt/***/src/models/train_hybrid_model.py --n_neighbors=47 --tfidf_features=1891
[2025-06-02T11:22:53.459+0000] {mlops_movie_dag.py:19} INFO - 🟩 [stdout]:
🏃 View run train_hybrid_model at: https://dagshub.com/sacer11/MLOps_movie_rec_apr25.mlflow/#/experiments/4/runs/9e2a4360df6d49d9b7437dea56ce739c
🧪 View experiment at: https://dagshub.com/sacer11/MLOps_movie_rec_apr25.mlflow/#/experiments/4

[2025-06-02T11:22:53.462+0000] {mlops_movie_dag.py:21} WARNING - 🟨 [stderr]:
2025-06-02 11:18:28,785 - __main__ - INFO - 🚀 Starte Hybrid-Modelltraining
2025-06-02 11:18:33,921 - __main__ - INFO - 📥 Rohdaten erfolgreich geladen
2025-06-02 11:18:36,873 - __main__ - INFO - 📐 Hybrid-Matrix erstellt mit Shape: (10381, 3020), Feature-Namen: 3020
2025-06-02 11:18:37,020 - __main__ - INFO - 🤖 KNN-Modell trainiert
2025-06-02 11:18:52,615 - __main__ - INFO - ✅ Feature-Schema gespeichert unter /opt/***/data/processed/hybrid_matrix_features.txt
2025/06/02 11:19:14 INFO mlflow.pyfunc: Validating input example against model signature

Downloading artifacts:   0%|          | 0/1 [00:00<?, ?it/s]
Downloading artifacts: 100%|██████████| 1/1 [00:02<00:00,  2.21s/it]
Downloading artifacts: 100%|██████████| 1/1 [00:02<00:00,  2.21s/it]
Downloading artifacts: 100%|██████████| 1/1 [00:02<00:00,  2.21s/it]
Registered model 'movie_model' already exists. Creating a new version of this model...
2025/06/02 11:21:15 INFO mlflow.store.model_registry.abstract_store: Waiting up to 300 seconds for model version to finish creation. Model name: movie_model, version 110
Created version '110' of model 'movie_model'.
2025-06-02 11:22:52,599 - __main__ - INFO - 📝 Tags für Modellversion 110 gesetzt: n_neighbors=47, tfidf_features=1891
2025-06-02 11:22:52,971 - __main__ - INFO - ✅ Modell & Matrix erfolgreich gespeichert und in MLflow geloggt

[2025-06-02T11:22:53.463+0000] {python.py:201} INFO - Done. Returned value was: None
[2025-06-02T11:22:53.480+0000] {taskinstance.py:1138} INFO - Marking task as SUCCESS. dag_id=movie_recommendation_pipeline, task_id=train_hybrid_model, execution_date=20250602T111755, start_date=20250602T111825, end_date=20250602T112253
[2025-06-02T11:22:53.542+0000] {local_task_job_runner.py:234} INFO - Task exited with return code 0
[2025-06-02T11:22:53.571+0000] {taskinstance.py:3280} INFO - 1 downstream tasks scheduled from follow-on schedule check
