[2025-06-05T18:22:38.048+0000] {taskinstance.py:1956} INFO - Dependencies all met for dep_context=non-requeueable deps ti=<TaskInstance: deep_models_pipeline.dvc_pull_bestmodels manual__2025-06-05T18:17:20.878447+00:00 [queued]>
[2025-06-05T18:22:38.056+0000] {taskinstance.py:1956} INFO - Dependencies all met for dep_context=requeueable deps ti=<TaskInstance: deep_models_pipeline.dvc_pull_bestmodels manual__2025-06-05T18:17:20.878447+00:00 [queued]>
[2025-06-05T18:22:38.057+0000] {taskinstance.py:2170} INFO - Starting attempt 3 of 3
[2025-06-05T18:22:38.066+0000] {taskinstance.py:2191} INFO - Executing <Task(PythonOperator): dvc_pull_bestmodels> on 2025-06-05 18:17:20.878447+00:00
[2025-06-05T18:22:38.071+0000] {standard_task_runner.py:60} INFO - Started process 1161 to run task
[2025-06-05T18:22:38.073+0000] {standard_task_runner.py:87} INFO - Running: ['***', 'tasks', 'run', 'deep_models_pipeline', 'dvc_pull_bestmodels', 'manual__2025-06-05T18:17:20.878447+00:00', '--job-id', '1944', '--raw', '--subdir', 'DAGS_FOLDER/train_deep_model_dag.py', '--cfg-path', '/tmp/tmpnhk7erp_']
[2025-06-05T18:22:38.075+0000] {standard_task_runner.py:88} INFO - Job 1944: Subtask dvc_pull_bestmodels
[2025-06-05T18:22:38.109+0000] {task_command.py:423} INFO - Running <TaskInstance: deep_models_pipeline.dvc_pull_bestmodels manual__2025-06-05T18:17:20.878447+00:00 [running]> on host a019ef323c6d
[2025-06-05T18:22:38.170+0000] {taskinstance.py:2480} INFO - Exporting env vars: AIRFLOW_CTX_DAG_OWNER='***' AIRFLOW_CTX_DAG_ID='deep_models_pipeline' AIRFLOW_CTX_TASK_ID='dvc_pull_bestmodels' AIRFLOW_CTX_EXECUTION_DATE='2025-06-05T18:17:20.878447+00:00' AIRFLOW_CTX_TRY_NUMBER='3' AIRFLOW_CTX_DAG_RUN_ID='manual__2025-06-05T18:17:20.878447+00:00'
[2025-06-05T18:22:38.172+0000] {train_deep_model_dag.py:13} INFO - 🟦 Running command: dvc pull /opt/***/models/hybrid_deep_model.pkl
[2025-06-05T18:22:43.621+0000] {local_task_job_runner.py:121} ERROR - Received SIGTERM. Terminating subprocesses
[2025-06-05T18:22:43.625+0000] {process_utils.py:131} INFO - Sending 15 to group 1161. PIDs of all processes in the group: [1162, 1161]
[2025-06-05T18:22:43.626+0000] {process_utils.py:86} INFO - Sending the signal 15 to group 1161
[2025-06-05T18:22:43.628+0000] {taskinstance.py:2450} ERROR - Received SIGTERM. Terminating subprocesses.
[2025-06-05T18:22:43.633+0000] {train_deep_model_dag.py:32} ERROR - ❌ Subprozess-Ausnahme: Task received SIGTERM signal
[2025-06-05T18:22:43.634+0000] {process_utils.py:79} INFO - Process psutil.Process(pid=1162, status='terminated', started='18:22:37') (1162) terminated with exit code None
[2025-06-05T18:22:43.642+0000] {train_deep_model_dag.py:84} ERROR - ❌ Unerwarteter Fehler beim DVC-Pull für /opt/***/models/hybrid_deep_model.pkl: Task received SIGTERM signal
[2025-06-05T18:22:43.663+0000] {taskinstance.py:2698} ERROR - Task failed with exception
Traceback (most recent call last):
  File "/home/airflow/.local/lib/python3.10/site-packages/airflow/models/taskinstance.py", line 433, in _execute_task
    result = execute_callable(context=context, **execute_callable_kwargs)
  File "/home/airflow/.local/lib/python3.10/site-packages/airflow/operators/python.py", line 199, in execute
    return_value = self.execute_callable()
  File "/home/airflow/.local/lib/python3.10/site-packages/airflow/operators/python.py", line 216, in execute_callable
    return self.python_callable(*self.op_args, **self.op_kwargs)
  File "/opt/airflow/dags/train_deep_model_dag.py", line 74, in dvc_pull_bestmodels_dl
    run_and_log(["dvc", "pull", art])
  File "/opt/airflow/dags/train_deep_model_dag.py", line 14, in run_and_log
    result = subprocess.run(
  File "/usr/local/lib/python3.10/subprocess.py", line 505, in run
    stdout, stderr = process.communicate(input, timeout=timeout)
  File "/usr/local/lib/python3.10/subprocess.py", line 1154, in communicate
    stdout, stderr = self._communicate(input, endtime, timeout)
  File "/usr/local/lib/python3.10/subprocess.py", line 2021, in _communicate
    ready = selector.select(timeout)
  File "/usr/local/lib/python3.10/selectors.py", line 416, in select
    fd_event_list = self._selector.poll(timeout)
  File "/home/airflow/.local/lib/python3.10/site-packages/airflow/models/taskinstance.py", line 2452, in signal_handler
    raise AirflowException("Task received SIGTERM signal")
airflow.exceptions.AirflowException: Task received SIGTERM signal
[2025-06-05T18:22:43.686+0000] {taskinstance.py:1138} INFO - Marking task as FAILED. dag_id=deep_models_pipeline, task_id=dvc_pull_bestmodels, execution_date=20250605T181720, start_date=20250605T182238, end_date=20250605T182243
[2025-06-05T18:22:43.727+0000] {standard_task_runner.py:107} ERROR - Failed to execute job 1944 for task dvc_pull_bestmodels (Task received SIGTERM signal; 1161)
[2025-06-05T18:22:43.775+0000] {process_utils.py:79} INFO - Process psutil.Process(pid=1161, status='terminated', exitcode=1, started='18:22:37') (1161) terminated with exit code 1
[2025-06-05T18:22:43.777+0000] {local_task_job_runner.py:234} INFO - Task exited with return code 143
[2025-06-05T18:22:43.801+0000] {taskinstance.py:3280} INFO - 0 downstream tasks scheduled from follow-on schedule check
[2025-06-05T18:22:45.876+0000] {local_task_job_runner.py:121} ERROR - Received SIGTERM. Terminating subprocesses
[2025-06-05T18:22:45.877+0000] {local_task_job_runner.py:234} INFO - Task exited with return code 143
