[2025-06-05T21:22:07.226+0000] {taskinstance.py:1956} INFO - Dependencies all met for dep_context=non-requeueable deps ti=<TaskInstance: deep_models_pipeline.predict_best_model_hybrid manual__2025-06-05T21:15:55.562459+00:00 [queued]>
[2025-06-05T21:22:07.233+0000] {taskinstance.py:1956} INFO - Dependencies all met for dep_context=requeueable deps ti=<TaskInstance: deep_models_pipeline.predict_best_model_hybrid manual__2025-06-05T21:15:55.562459+00:00 [queued]>
[2025-06-05T21:22:07.234+0000] {taskinstance.py:2170} INFO - Starting attempt 1 of 3
[2025-06-05T21:22:07.244+0000] {taskinstance.py:2191} INFO - Executing <Task(PythonOperator): predict_best_model_hybrid> on 2025-06-05 21:15:55.562459+00:00
[2025-06-05T21:22:07.251+0000] {standard_task_runner.py:60} INFO - Started process 4821 to run task
[2025-06-05T21:22:07.253+0000] {standard_task_runner.py:87} INFO - Running: ['***', 'tasks', 'run', 'deep_models_pipeline', 'predict_best_model_hybrid', 'manual__2025-06-05T21:15:55.562459+00:00', '--job-id', '2025', '--raw', '--subdir', 'DAGS_FOLDER/train_deep_model_dag.py', '--cfg-path', '/tmp/tmprfnw9cik']
[2025-06-05T21:22:07.255+0000] {standard_task_runner.py:88} INFO - Job 2025: Subtask predict_best_model_hybrid
[2025-06-05T21:22:07.288+0000] {task_command.py:423} INFO - Running <TaskInstance: deep_models_pipeline.predict_best_model_hybrid manual__2025-06-05T21:15:55.562459+00:00 [running]> on host 3f2696f940ac
[2025-06-05T21:22:07.348+0000] {taskinstance.py:2480} INFO - Exporting env vars: AIRFLOW_CTX_DAG_OWNER='***' AIRFLOW_CTX_DAG_ID='deep_models_pipeline' AIRFLOW_CTX_TASK_ID='predict_best_model_hybrid' AIRFLOW_CTX_EXECUTION_DATE='2025-06-05T21:15:55.562459+00:00' AIRFLOW_CTX_TRY_NUMBER='1' AIRFLOW_CTX_DAG_RUN_ID='manual__2025-06-05T21:15:55.562459+00:00'
[2025-06-05T21:22:07.349+0000] {train_deep_model_dag.py:13} INFO - 🟦 Running command: python /opt/***/src/models/predict_best_model.py --model_type=hybrid --pipeline_type=dl --n_users=100
[2025-06-05T21:22:37.823+0000] {train_deep_model_dag.py:20} INFO - 🟩 [stdout]:

[2025-06-05T21:22:37.824+0000] {train_deep_model_dag.py:22} WARNING - 🟨 [stderr]:
2025-06-05 21:22:09,506 - INFO - 🚀 Starte Prediction über MLflow Registry – Typ: hybrid, Pipeline: dl
2025-06-05 21:22:09,506 - INFO - 📦 Lade Modell aus MLflow Registry: models:/hybrid_deep_model@best_model

Downloading artifacts:   0%|          | 0/8 [00:00<?, ?it/s]
Downloading artifacts:  12%|█▎        | 1/8 [00:00<00:00, 13400.33it/s]
Downloading artifacts:  25%|██▌       | 2/8 [00:07<00:23,  3.99s/it]   
Downloading artifacts:  25%|██▌       | 2/8 [00:07<00:23,  3.99s/it]
Downloading artifacts:  38%|███▊      | 3/8 [00:09<00:13,  2.76s/it]
Downloading artifacts:  38%|███▊      | 3/8 [00:09<00:13,  2.76s/it]
Downloading artifacts:  50%|█████     | 4/8 [00:10<00:08,  2.10s/it]
Downloading artifacts:  50%|█████     | 4/8 [00:10<00:08,  2.10s/it]
Downloading artifacts:  62%|██████▎   | 5/8 [00:11<00:05,  1.75s/it]
Downloading artifacts:  62%|██████▎   | 5/8 [00:11<00:05,  1.75s/it]
Downloading artifacts:  75%|███████▌  | 6/8 [00:11<00:02,  1.45s/it]
Downloading artifacts:  75%|███████▌  | 6/8 [00:11<00:02,  1.45s/it]
Downloading artifacts:  88%|████████▊ | 7/8 [00:13<00:01,  1.51s/it]
Downloading artifacts:  88%|████████▊ | 7/8 [00:13<00:01,  1.51s/it]
Downloading artifacts: 100%|██████████| 8/8 [00:14<00:00,  1.28s/it]
Downloading artifacts: 100%|██████████| 8/8 [00:14<00:00,  1.28s/it]
Downloading artifacts: 100%|██████████| 8/8 [00:14<00:00,  1.79s/it]
2025-06-05 21:22:37,416 - INFO - 📥 Eingabematrix geladen: /opt/***/data/processed/hybrid_deep_embedding.csv – Shape: (10381, 32)
2025-06-05 21:22:37,433 - ERROR - ❌ Fehler bei der Modellvorhersage: Failed to enforce schema of data '            0         1         2  ...        29        30        31
1   -0.279704  0.612213 -0.172292  ... -0.609653  0.824145  0.633769
2    0.120729  0.084405  0.090835  ... -0.461920  0.557416  0.703311
3   -0.146662 -0.004393  0.193470  ... -0.068593  0.285328  0.040248
4   -0.043421 -0.049950  0.126339  ... -0.225868  0.104505  0.094374
5   -0.158347  0.008425  0.129589  ... -0.289937  0.452990  0.011198
..        ...       ...       ...  ...       ...       ...       ...
98  -0.425905  0.124878  0.248391  ... -0.215113 -0.094385 -0.064383
99  -0.063145  0.116298  0.154898  ... -0.298449  0.004928 -0.100587
100 -0.307914 -0.058254  0.182251  ...  0.066130  0.242673  0.061640
101 -0.813786  0.548075  0.033592  ... -0.277776 -0.122812  0.334856
102 -0.159931  0.011065  0.274873  ... -0.071132  0.142410  0.079159

[100 rows x 32 columns]' with schema '['emb_0': float (required), 'emb_1': float (required), 'emb_2': float (required), 'emb_3': float (required), 'emb_4': float (required), 'emb_5': float (required), 'emb_6': float (required), 'emb_7': float (required), 'emb_8': float (required), 'emb_9': float (required), 'emb_10': float (required), 'emb_11': float (required), 'emb_12': float (required), 'emb_13': float (required), 'emb_14': float (required), 'emb_15': float (required), 'emb_16': float (required), 'emb_17': float (required), 'emb_18': float (required), 'emb_19': float (required), 'emb_20': float (required), 'emb_21': float (required), 'emb_22': float (required), 'emb_23': float (required), 'emb_24': float (required), 'emb_25': float (required), 'emb_26': float (required), 'emb_27': float (required), 'emb_28': float (required), 'emb_29': float (required), 'emb_30': float (required), 'emb_31': float (required)]'. Error: Model is missing inputs ['emb_0', 'emb_1', 'emb_2', 'emb_3', 'emb_4', 'emb_5', 'emb_6', 'emb_7', 'emb_8', 'emb_9', 'emb_10', 'emb_11', 'emb_12', 'emb_13', 'emb_14', 'emb_15', 'emb_16', 'emb_17', 'emb_18', 'emb_19', 'emb_20', 'emb_21', 'emb_22', 'emb_23', 'emb_24', 'emb_25', 'emb_26', 'emb_27', 'emb_28', 'emb_29', 'emb_30', 'emb_31']. Note that there were extra inputs: ['6', '1', '17', '5', '15', '22', '7', '27', '18', '23', '0', '24', '9', '10', '2', '25', '4', '16', '3', '11', '26', '13', '30', '14', '21', '8', '29', '19', '12', '20', '31', '28']
Traceback (most recent call last):
  File "/home/***/.local/lib/python3.10/site-packages/mlflow/pyfunc/__init__.py", line 730, in _validate_prediction_input
    data = _enforce_schema(data, input_schema, flavor)
  File "/home/***/.local/lib/python3.10/site-packages/mlflow/models/utils.py", line 1259, in _enforce_schema
    raise MlflowException(message)
mlflow.exceptions.MlflowException: Model is missing inputs ['emb_0', 'emb_1', 'emb_2', 'emb_3', 'emb_4', 'emb_5', 'emb_6', 'emb_7', 'emb_8', 'emb_9', 'emb_10', 'emb_11', 'emb_12', 'emb_13', 'emb_14', 'emb_15', 'emb_16', 'emb_17', 'emb_18', 'emb_19', 'emb_20', 'emb_21', 'emb_22', 'emb_23', 'emb_24', 'emb_25', 'emb_26', 'emb_27', 'emb_28', 'emb_29', 'emb_30', 'emb_31']. Note that there were extra inputs: ['6', '1', '17', '5', '15', '22', '7', '27', '18', '23', '0', '24', '9', '10', '2', '25', '4', '16', '3', '11', '26', '13', '30', '14', '21', '8', '29', '19', '12', '20', '31', '28']

During handling of the above exception, another exception occurred:

Traceback (most recent call last):
  File "/opt/***/src/models/predict_best_model.py", line 120, in <module>
    predict_best_model(model_type=args.model_type, pipeline_type=args.pipeline_type, n_users=args.n_users)
  File "/opt/***/src/models/predict_best_model.py", line 68, in predict_best_model
    predictions = model.predict(input_df)
  File "/home/***/.local/lib/python3.10/site-packages/mlflow/pyfunc/__init__.py", line 812, in predict
    return self._predict(data, params)
  File "/home/***/.local/lib/python3.10/site-packages/mlflow/pyfunc/__init__.py", line 851, in _predict
    data, params = _validate_prediction_input(
  File "/home/***/.local/lib/python3.10/site-packages/mlflow/pyfunc/__init__.py", line 733, in _validate_prediction_input
    raise MlflowException.invalid_parameter_value(
mlflow.exceptions.MlflowException: Failed to enforce schema of data '            0         1         2  ...        29        30        31
1   -0.279704  0.612213 -0.172292  ... -0.609653  0.824145  0.633769
2    0.120729  0.084405  0.090835  ... -0.461920  0.557416  0.703311
3   -0.146662 -0.004393  0.193470  ... -0.068593  0.285328  0.040248
4   -0.043421 -0.049950  0.126339  ... -0.225868  0.104505  0.094374
5   -0.158347  0.008425  0.129589  ... -0.289937  0.452990  0.011198
..        ...       ...       ...  ...       ...       ...       ...
98  -0.425905  0.124878  0.248391  ... -0.215113 -0.094385 -0.064383
99  -0.063145  0.116298  0.154898  ... -0.298449  0.004928 -0.100587
100 -0.307914 -0.058254  0.182251  ...  0.066130  0.242673  0.061640
101 -0.813786  0.548075  0.033592  ... -0.277776 -0.122812  0.334856
102 -0.159931  0.011065  0.274873  ... -0.071132  0.142410  0.079159

[100 rows x 32 columns]' with schema '['emb_0': float (required), 'emb_1': float (required), 'emb_2': float (required), 'emb_3': float (required), 'emb_4': float (required), 'emb_5': float (required), 'emb_6': float (required), 'emb_7': float (required), 'emb_8': float (required), 'emb_9': float (required), 'emb_10': float (required), 'emb_11': float (required), 'emb_12': float (required), 'emb_13': float (required), 'emb_14': float (required), 'emb_15': float (required), 'emb_16': float (required), 'emb_17': float (required), 'emb_18': float (required), 'emb_19': float (required), 'emb_20': float (required), 'emb_21': float (required), 'emb_22': float (required), 'emb_23': float (required), 'emb_24': float (required), 'emb_25': float (required), 'emb_26': float (required), 'emb_27': float (required), 'emb_28': float (required), 'emb_29': float (required), 'emb_30': float (required), 'emb_31': float (required)]'. Error: Model is missing inputs ['emb_0', 'emb_1', 'emb_2', 'emb_3', 'emb_4', 'emb_5', 'emb_6', 'emb_7', 'emb_8', 'emb_9', 'emb_10', 'emb_11', 'emb_12', 'emb_13', 'emb_14', 'emb_15', 'emb_16', 'emb_17', 'emb_18', 'emb_19', 'emb_20', 'emb_21', 'emb_22', 'emb_23', 'emb_24', 'emb_25', 'emb_26', 'emb_27', 'emb_28', 'emb_29', 'emb_30', 'emb_31']. Note that there were extra inputs: ['6', '1', '17', '5', '15', '22', '7', '27', '18', '23', '0', '24', '9', '10', '2', '25', '4', '16', '3', '11', '26', '13', '30', '14', '21', '8', '29', '19', '12', '20', '31', '28']

[2025-06-05T21:22:37.825+0000] {train_deep_model_dag.py:29} ERROR - ❌ Subprozess-Fehler (exit code 1): python /opt/***/src/models/predict_best_model.py --model_type=hybrid --pipeline_type=dl --n_users=100
[2025-06-05T21:22:37.825+0000] {train_deep_model_dag.py:32} ERROR - ❌ Subprozess-Ausnahme: Command '['python', '/opt/***/src/models/predict_best_model.py', '--model_type=hybrid', '--pipeline_type=dl', '--n_users=100']' returned non-zero exit status 1.
[2025-06-05T21:22:37.826+0000] {taskinstance.py:2698} ERROR - Task failed with exception
Traceback (most recent call last):
  File "/home/airflow/.local/lib/python3.10/site-packages/airflow/models/taskinstance.py", line 433, in _execute_task
    result = execute_callable(context=context, **execute_callable_kwargs)
  File "/home/airflow/.local/lib/python3.10/site-packages/airflow/operators/python.py", line 199, in execute
    return_value = self.execute_callable()
  File "/home/airflow/.local/lib/python3.10/site-packages/airflow/operators/python.py", line 216, in execute_callable
    return self.python_callable(*self.op_args, **self.op_kwargs)
  File "/opt/airflow/dags/train_deep_model_dag.py", line 119, in run_predict_best_model_hybrid_dl
    run_and_log([
  File "/opt/airflow/dags/train_deep_model_dag.py", line 30, in run_and_log
    raise subprocess.CalledProcessError(result.returncode, command)
subprocess.CalledProcessError: Command '['python', '/opt/airflow/src/models/predict_best_model.py', '--model_type=hybrid', '--pipeline_type=dl', '--n_users=100']' returned non-zero exit status 1.
[2025-06-05T21:22:37.836+0000] {taskinstance.py:1138} INFO - Marking task as UP_FOR_RETRY. dag_id=deep_models_pipeline, task_id=predict_best_model_hybrid, execution_date=20250605T211555, start_date=20250605T212207, end_date=20250605T212237
[2025-06-05T21:22:37.845+0000] {standard_task_runner.py:107} ERROR - Failed to execute job 2025 for task predict_best_model_hybrid (Command '['python', '/opt/airflow/src/models/predict_best_model.py', '--model_type=hybrid', '--pipeline_type=dl', '--n_users=100']' returned non-zero exit status 1.; 4821)
[2025-06-05T21:22:37.862+0000] {local_task_job_runner.py:234} INFO - Task exited with return code 1
[2025-06-05T21:22:37.874+0000] {taskinstance.py:3280} INFO - 0 downstream tasks scheduled from follow-on schedule check
