[2025-06-04T06:00:17.212+0000] {taskinstance.py:1956} INFO - Dependencies all met for dep_context=non-requeueable deps ti=<TaskInstance: movie_recommendation_pipeline.dvc_add_and_push_all manual__2025-06-04T05:56:09.674060+00:00 [queued]>
[2025-06-04T06:00:17.220+0000] {taskinstance.py:1956} INFO - Dependencies all met for dep_context=requeueable deps ti=<TaskInstance: movie_recommendation_pipeline.dvc_add_and_push_all manual__2025-06-04T05:56:09.674060+00:00 [queued]>
[2025-06-04T06:00:17.221+0000] {taskinstance.py:2170} INFO - Starting attempt 1 of 3
[2025-06-04T06:00:17.231+0000] {taskinstance.py:2191} INFO - Executing <Task(PythonOperator): dvc_add_and_push_all> on 2025-06-04 05:56:09.674060+00:00
[2025-06-04T06:00:17.238+0000] {standard_task_runner.py:60} INFO - Started process 865 to run task
[2025-06-04T06:00:17.240+0000] {standard_task_runner.py:87} INFO - Running: ['***', 'tasks', 'run', 'movie_recommendation_pipeline', 'dvc_add_and_push_all', 'manual__2025-06-04T05:56:09.674060+00:00', '--job-id', '1797', '--raw', '--subdir', 'DAGS_FOLDER/mlops_movie_dag.py', '--cfg-path', '/tmp/tmpczmj87mg']
[2025-06-04T06:00:17.241+0000] {standard_task_runner.py:88} INFO - Job 1797: Subtask dvc_add_and_push_all
[2025-06-04T06:00:17.275+0000] {task_command.py:423} INFO - Running <TaskInstance: movie_recommendation_pipeline.dvc_add_and_push_all manual__2025-06-04T05:56:09.674060+00:00 [running]> on host 4a0698f584f1
[2025-06-04T06:00:17.326+0000] {taskinstance.py:2480} INFO - Exporting env vars: AIRFLOW_CTX_DAG_OWNER='***' AIRFLOW_CTX_DAG_ID='movie_recommendation_pipeline' AIRFLOW_CTX_TASK_ID='dvc_add_and_push_all' AIRFLOW_CTX_EXECUTION_DATE='2025-06-04T05:56:09.674060+00:00' AIRFLOW_CTX_TRY_NUMBER='1' AIRFLOW_CTX_DAG_RUN_ID='manual__2025-06-04T05:56:09.674060+00:00'
[2025-06-04T06:00:17.331+0000] {mlops_movie_dag.py:12} INFO - 🟦 Running command: git config --global --add safe.directory /opt/***
[2025-06-04T06:00:17.339+0000] {mlops_movie_dag.py:19} INFO - 🟩 [stdout]:

[2025-06-04T06:00:17.340+0000] {mlops_movie_dag.py:12} INFO - 🟦 Running command: git config --global user.email ***@mlops.local
[2025-06-04T06:00:17.353+0000] {mlops_movie_dag.py:19} INFO - 🟩 [stdout]:

[2025-06-04T06:00:17.354+0000] {mlops_movie_dag.py:12} INFO - 🟦 Running command: git config --global user.name Airflow
[2025-06-04T06:00:17.365+0000] {mlops_movie_dag.py:19} INFO - 🟩 [stdout]:

[2025-06-04T06:00:17.365+0000] {mlops_movie_dag.py:12} INFO - 🟦 Running command: dvc add /opt/***/models/hybrid_model.pkl
[2025-06-04T06:00:33.346+0000] {mlops_movie_dag.py:19} INFO - 🟩 [stdout]:

To track the changes with git, run:

	git add models/hybrid_model.pkl.dvc

To enable auto staging, run:

	dvc config core.autostage true

[2025-06-04T06:00:33.347+0000] {mlops_movie_dag.py:12} INFO - 🟦 Running command: dvc add /opt/***/data/processed/hybrid_matrix.csv
[2025-06-04T06:00:51.160+0000] {mlops_movie_dag.py:19} INFO - 🟩 [stdout]:

To track the changes with git, run:

	git add data/processed/hybrid_matrix.csv.dvc

To enable auto staging, run:

	dvc config core.autostage true

[2025-06-04T06:00:51.161+0000] {mlops_movie_dag.py:12} INFO - 🟦 Running command: dvc add /opt/***/data/processed/hybrid_matrix_features.txt
[2025-06-04T06:01:02.771+0000] {mlops_movie_dag.py:19} INFO - 🟩 [stdout]:

To track the changes with git, run:

	git add data/processed/hybrid_matrix_features.txt.dvc

To enable auto staging, run:

	dvc config core.autostage true

[2025-06-04T06:01:02.772+0000] {mlops_movie_dag.py:12} INFO - 🟦 Running command: dvc add /opt/***/models/user_model.pkl
[2025-06-04T06:01:15.039+0000] {mlops_movie_dag.py:19} INFO - 🟩 [stdout]:

To track the changes with git, run:

	git add models/user_model.pkl.dvc

To enable auto staging, run:

	dvc config core.autostage true

[2025-06-04T06:01:15.039+0000] {mlops_movie_dag.py:12} INFO - 🟦 Running command: dvc add /opt/***/data/processed/user_matrix.csv
[2025-06-04T06:01:27.691+0000] {mlops_movie_dag.py:19} INFO - 🟩 [stdout]:

To track the changes with git, run:

	git add data/processed/user_matrix.csv.dvc

To enable auto staging, run:

	dvc config core.autostage true

[2025-06-04T06:01:27.692+0000] {mlops_movie_dag.py:12} INFO - 🟦 Running command: dvc add /opt/***/data/processed/user_matrix_features.txt
[2025-06-04T06:01:39.198+0000] {mlops_movie_dag.py:19} INFO - 🟩 [stdout]:

To track the changes with git, run:

	git add data/processed/user_matrix_features.txt.dvc

To enable auto staging, run:

	dvc config core.autostage true

[2025-06-04T06:01:39.199+0000] {mlops_movie_dag.py:12} INFO - 🟦 Running command: git add /opt/***/models/hybrid_model.pkl.dvc /opt/***/data/processed/hybrid_matrix.csv.dvc /opt/***/data/processed/hybrid_matrix_features.txt.dvc /opt/***/models/user_model.pkl.dvc /opt/***/data/processed/user_matrix.csv.dvc /opt/***/data/processed/user_matrix_features.txt.dvc
[2025-06-04T06:01:39.324+0000] {mlops_movie_dag.py:19} INFO - 🟩 [stdout]:

[2025-06-04T06:01:39.404+0000] {mlops_movie_dag.py:137} INFO - ✅ Nichts zu committen (Skip git commit)
[2025-06-04T06:01:39.404+0000] {mlops_movie_dag.py:12} INFO - 🟦 Running command: dvc push
[2025-06-04T06:01:50.986+0000] {mlops_movie_dag.py:19} INFO - 🟩 [stdout]:
Everything is up to date.

[2025-06-04T06:01:50.987+0000] {python.py:201} INFO - Done. Returned value was: None
[2025-06-04T06:01:50.997+0000] {taskinstance.py:1138} INFO - Marking task as SUCCESS. dag_id=movie_recommendation_pipeline, task_id=dvc_add_and_push_all, execution_date=20250604T055609, start_date=20250604T060017, end_date=20250604T060150
[2025-06-04T06:01:51.031+0000] {local_task_job_runner.py:234} INFO - Task exited with return code 0
[2025-06-04T06:01:51.052+0000] {taskinstance.py:3280} INFO - 1 downstream tasks scheduled from follow-on schedule check
