[2025-06-07T01:41:18.519+0000] {taskinstance.py:1956} INFO - Dependencies all met for dep_context=non-requeueable deps ti=<TaskInstance: deep_models_pipeline.train_deep_hybrid_model manual__2025-06-07T01:41:12.143069+00:00 [queued]>
[2025-06-07T01:41:18.528+0000] {taskinstance.py:1956} INFO - Dependencies all met for dep_context=requeueable deps ti=<TaskInstance: deep_models_pipeline.train_deep_hybrid_model manual__2025-06-07T01:41:12.143069+00:00 [queued]>
[2025-06-07T01:41:18.528+0000] {taskinstance.py:2170} INFO - Starting attempt 1 of 3
[2025-06-07T01:41:18.542+0000] {taskinstance.py:2191} INFO - Executing <Task(PythonOperator): train_deep_hybrid_model> on 2025-06-07 01:41:12.143069+00:00
[2025-06-07T01:41:18.549+0000] {standard_task_runner.py:60} INFO - Started process 314 to run task
[2025-06-07T01:41:18.551+0000] {standard_task_runner.py:87} INFO - Running: ['***', 'tasks', 'run', 'deep_models_pipeline', 'train_deep_hybrid_model', 'manual__2025-06-07T01:41:12.143069+00:00', '--job-id', '2344', '--raw', '--subdir', 'DAGS_FOLDER/train_deep_model_dag.py', '--cfg-path', '/tmp/tmpwc8epk3p']
[2025-06-07T01:41:18.552+0000] {standard_task_runner.py:88} INFO - Job 2344: Subtask train_deep_hybrid_model
[2025-06-07T01:41:18.593+0000] {task_command.py:423} INFO - Running <TaskInstance: deep_models_pipeline.train_deep_hybrid_model manual__2025-06-07T01:41:12.143069+00:00 [running]> on host dee92465d5b1
[2025-06-07T01:41:18.665+0000] {taskinstance.py:2480} INFO - Exporting env vars: AIRFLOW_CTX_DAG_OWNER='***' AIRFLOW_CTX_DAG_ID='deep_models_pipeline' AIRFLOW_CTX_TASK_ID='train_deep_hybrid_model' AIRFLOW_CTX_EXECUTION_DATE='2025-06-07T01:41:12.143069+00:00' AIRFLOW_CTX_TRY_NUMBER='1' AIRFLOW_CTX_DAG_RUN_ID='manual__2025-06-07T01:41:12.143069+00:00'
[2025-06-07T01:41:18.666+0000] {train_deep_model_dag.py:13} INFO - 🟦 Running command: python /opt/***/src/models/train_hybrid_deep_model.py --n_neighbors=10 --latent_dim=32 --epochs=30 --tfidf_features=300
[2025-06-07T01:42:15.726+0000] {train_deep_model_dag.py:20} INFO - 🟩 [stdout]:
🏃 View run train_hybrid_deep_model at: https://dagshub.com/sacer11/MLOps_movie_rec_apr25.mlflow/#/experiments/10/runs/a1b65ebd33ba4a8080a3e96cf70a65fe
🧪 View experiment at: https://dagshub.com/sacer11/MLOps_movie_rec_apr25.mlflow/#/experiments/10

[2025-06-07T01:42:15.727+0000] {train_deep_model_dag.py:22} WARNING - 🟨 [stderr]:
/home/***/.local/lib/python3.10/site-packages/mlflow/pyfunc/utils/data_validation.py:186: UserWarning: [33mAdd type hints to the `predict` method to enable data validation and automatic signature inference during model logging. Check https://mlflow.org/docs/latest/model/python_model.html#type-hint-usage-in-pythonmodel for more details.[0m
  color_warning(
2025-06-07 01:41:22,382 - __main__ - INFO - 📥 Lade Rohdaten und baue Hybrid-Feature-Matrix ...
2025-06-07 01:41:27,438 - __main__ - INFO - 📐 Hybrid-Matrix erstellt mit Shape: (10381, 1429), Feature-Namen: 1429
2025-06-07 01:41:37,248 - __main__ - INFO - 💾 Hybrid-Matrix gespeichert unter /opt/***/data/processed/hybrid_matrix.csv
2025-06-07 01:41:37,349 - __main__ - INFO - 🚀 Starte Training Autoencoder ...
2025-06-07 01:41:38,151 - __main__ - INFO - Epoch 1/30: Loss = 0.0120
2025-06-07 01:41:38,420 - __main__ - INFO - Epoch 2/30: Loss = 0.0071
2025-06-07 01:41:38,695 - __main__ - INFO - Epoch 3/30: Loss = 0.0061
2025-06-07 01:41:38,945 - __main__ - INFO - Epoch 4/30: Loss = 0.0057
2025-06-07 01:41:39,212 - __main__ - INFO - Epoch 5/30: Loss = 0.0054
2025-06-07 01:41:39,534 - __main__ - INFO - Epoch 6/30: Loss = 0.0053
2025-06-07 01:41:39,766 - __main__ - INFO - Epoch 7/30: Loss = 0.0051
2025-06-07 01:41:40,007 - __main__ - INFO - Epoch 8/30: Loss = 0.0050
2025-06-07 01:41:40,294 - __main__ - INFO - Epoch 9/30: Loss = 0.0050
2025-06-07 01:41:40,606 - __main__ - INFO - Epoch 10/30: Loss = 0.0049
2025-06-07 01:41:40,885 - __main__ - INFO - Epoch 11/30: Loss = 0.0048
2025-06-07 01:41:41,145 - __main__ - INFO - Epoch 12/30: Loss = 0.0048
2025-06-07 01:41:41,411 - __main__ - INFO - Epoch 13/30: Loss = 0.0047
2025-06-07 01:41:41,680 - __main__ - INFO - Epoch 14/30: Loss = 0.0047
2025-06-07 01:41:41,931 - __main__ - INFO - Epoch 15/30: Loss = 0.0047
2025-06-07 01:41:42,200 - __main__ - INFO - Epoch 16/30: Loss = 0.0046
2025-06-07 01:41:42,459 - __main__ - INFO - Epoch 17/30: Loss = 0.0046
2025-06-07 01:41:42,754 - __main__ - INFO - Epoch 18/30: Loss = 0.0046
2025-06-07 01:41:43,042 - __main__ - INFO - Epoch 19/30: Loss = 0.0045
2025-06-07 01:41:43,309 - __main__ - INFO - Epoch 20/30: Loss = 0.0045
2025-06-07 01:41:43,596 - __main__ - INFO - Epoch 21/30: Loss = 0.0045
2025-06-07 01:41:43,946 - __main__ - INFO - Epoch 22/30: Loss = 0.0045
2025-06-07 01:41:44,237 - __main__ - INFO - Epoch 23/30: Loss = 0.0044
2025-06-07 01:41:44,501 - __main__ - INFO - Epoch 24/30: Loss = 0.0044
2025-06-07 01:41:44,772 - __main__ - INFO - Epoch 25/30: Loss = 0.0044
2025-06-07 01:41:45,066 - __main__ - INFO - Epoch 26/30: Loss = 0.0044
2025-06-07 01:41:45,343 - __main__ - INFO - Epoch 27/30: Loss = 0.0044
2025-06-07 01:41:45,591 - __main__ - INFO - Epoch 28/30: Loss = 0.0044
2025-06-07 01:41:45,843 - __main__ - INFO - Epoch 29/30: Loss = 0.0044
2025-06-07 01:41:46,136 - __main__ - INFO - Epoch 30/30: Loss = 0.0043
2025-06-07 01:41:46,387 - __main__ - INFO - ✅ Hybrid-Embeddings gespeichert unter /opt/***/data/processed/hybrid_deep_embedding.csv
2025-06-07 01:41:46,387 - __main__ - INFO - ✅ Hybrid-Embeddings gespeichert unter /opt/***/data/processed/hybrid_deep_embedding.csv
2025-06-07 01:41:46,398 - __main__ - INFO - ✅ Deep KNN Modell gespeichert unter /opt/***/models/hybrid_deep_knn.pkl
2025/06/07 01:41:51 INFO mlflow.pyfunc: Validating input example against model signature

Downloading artifacts:   0%|          | 0/1 [00:00<?, ?it/s]
Downloading artifacts: 100%|██████████| 1/1 [00:00<00:00, 82.04it/s]
Downloading artifacts: 100%|██████████| 1/1 [00:00<00:00, 81.09it/s]
Registered model 'hybrid_deep_model' already exists. Creating a new version of this model...
2025/06/07 01:42:01 INFO mlflow.store.model_registry.abstract_store: Waiting up to 300 seconds for model version to finish creation. Model name: hybrid_deep_model, version 14
Created version '14' of model 'hybrid_deep_model'.
2025-06-07 01:42:12,654 - __main__ - INFO - 📝 Tags für Modellversion 14 gesetzt: n_neighbors=10, latent_dim=32
2025-06-07 01:42:14,659 - __main__ - INFO - 🏁 Deep Hybrid-Model Training abgeschlossen und geloggt.

[2025-06-07T01:42:15.728+0000] {python.py:201} INFO - Done. Returned value was: None
[2025-06-07T01:42:15.736+0000] {taskinstance.py:1138} INFO - Marking task as SUCCESS. dag_id=deep_models_pipeline, task_id=train_deep_hybrid_model, execution_date=20250607T014112, start_date=20250607T014118, end_date=20250607T014215
[2025-06-07T01:42:15.759+0000] {local_task_job_runner.py:234} INFO - Task exited with return code 0
[2025-06-07T01:42:15.779+0000] {taskinstance.py:3280} INFO - 1 downstream tasks scheduled from follow-on schedule check
