[2025-06-05T21:16:00.934+0000] {taskinstance.py:1956} INFO - Dependencies all met for dep_context=non-requeueable deps ti=<TaskInstance: deep_models_pipeline.train_deep_user_model manual__2025-06-05T21:15:55.562459+00:00 [queued]>
[2025-06-05T21:16:00.942+0000] {taskinstance.py:1956} INFO - Dependencies all met for dep_context=requeueable deps ti=<TaskInstance: deep_models_pipeline.train_deep_user_model manual__2025-06-05T21:15:55.562459+00:00 [queued]>
[2025-06-05T21:16:00.942+0000] {taskinstance.py:2170} INFO - Starting attempt 1 of 3
[2025-06-05T21:16:00.953+0000] {taskinstance.py:2191} INFO - Executing <Task(PythonOperator): train_deep_user_model> on 2025-06-05 21:15:55.562459+00:00
[2025-06-05T21:16:00.960+0000] {standard_task_runner.py:60} INFO - Started process 4258 to run task
[2025-06-05T21:16:00.962+0000] {standard_task_runner.py:87} INFO - Running: ['***', 'tasks', 'run', 'deep_models_pipeline', 'train_deep_user_model', 'manual__2025-06-05T21:15:55.562459+00:00', '--job-id', '2020', '--raw', '--subdir', 'DAGS_FOLDER/train_deep_model_dag.py', '--cfg-path', '/tmp/tmp0_oerit2']
[2025-06-05T21:16:00.964+0000] {standard_task_runner.py:88} INFO - Job 2020: Subtask train_deep_user_model
[2025-06-05T21:16:00.996+0000] {task_command.py:423} INFO - Running <TaskInstance: deep_models_pipeline.train_deep_user_model manual__2025-06-05T21:15:55.562459+00:00 [running]> on host 3f2696f940ac
[2025-06-05T21:16:01.057+0000] {taskinstance.py:2480} INFO - Exporting env vars: AIRFLOW_CTX_DAG_OWNER='***' AIRFLOW_CTX_DAG_ID='deep_models_pipeline' AIRFLOW_CTX_TASK_ID='train_deep_user_model' AIRFLOW_CTX_EXECUTION_DATE='2025-06-05T21:15:55.562459+00:00' AIRFLOW_CTX_TRY_NUMBER='1' AIRFLOW_CTX_DAG_RUN_ID='manual__2025-06-05T21:15:55.562459+00:00'
[2025-06-05T21:16:01.058+0000] {train_deep_model_dag.py:13} INFO - 🟦 Running command: python /opt/***/src/models/train_user_deep_model.py --n_neighbors=10 --latent_dim=32
[2025-06-05T21:21:14.407+0000] {train_deep_model_dag.py:20} INFO - 🟩 [stdout]:
🏃 View run train_user_deep_model at: https://dagshub.com/sacer11/MLOps_movie_rec_apr25.mlflow/#/experiments/6/runs/5fcd77c5fda64e3d954476a48c3e4b49
🧪 View experiment at: https://dagshub.com/sacer11/MLOps_movie_rec_apr25.mlflow/#/experiments/6

[2025-06-05T21:21:14.408+0000] {train_deep_model_dag.py:22} WARNING - 🟨 [stderr]:
/home/***/.local/lib/python3.10/site-packages/mlflow/pyfunc/utils/data_validation.py:186: UserWarning: [33mAdd type hints to the `predict` method to enable data validation and automatic signature inference during model logging. Check https://mlflow.org/docs/latest/model/python_model.html#type-hint-usage-in-pythonmodel for more details.[0m
  color_warning(
2025-06-05 21:19:09,925 - __main__ - INFO - Epoch 1/25: Loss = 0.0004
2025-06-05 21:19:12,240 - __main__ - INFO - Epoch 2/25: Loss = 0.0000
2025-06-05 21:19:14,622 - __main__ - INFO - Epoch 3/25: Loss = 0.0000
2025-06-05 21:19:17,045 - __main__ - INFO - Epoch 4/25: Loss = 0.0000
2025-06-05 21:19:19,356 - __main__ - INFO - Epoch 5/25: Loss = 0.0000
2025-06-05 21:19:21,680 - __main__ - INFO - Epoch 6/25: Loss = 0.0000
2025-06-05 21:19:24,006 - __main__ - INFO - Epoch 7/25: Loss = 0.0000
2025-06-05 21:19:26,323 - __main__ - INFO - Epoch 8/25: Loss = 0.0000
2025-06-05 21:19:28,831 - __main__ - INFO - Epoch 9/25: Loss = 0.0000
2025-06-05 21:19:31,347 - __main__ - INFO - Epoch 10/25: Loss = 0.0000
2025-06-05 21:19:33,637 - __main__ - INFO - Epoch 11/25: Loss = 0.0000
2025-06-05 21:19:35,933 - __main__ - INFO - Epoch 12/25: Loss = 0.0000
2025-06-05 21:19:38,451 - __main__ - INFO - Epoch 13/25: Loss = 0.0000
2025-06-05 21:19:41,031 - __main__ - INFO - Epoch 14/25: Loss = 0.0000
2025-06-05 21:19:43,317 - __main__ - INFO - Epoch 15/25: Loss = 0.0000
2025-06-05 21:19:45,615 - __main__ - INFO - Epoch 16/25: Loss = 0.0000
2025-06-05 21:19:47,781 - __main__ - INFO - Epoch 17/25: Loss = 0.0000
2025-06-05 21:19:50,062 - __main__ - INFO - Epoch 18/25: Loss = 0.0000
2025-06-05 21:19:52,369 - __main__ - INFO - Epoch 19/25: Loss = 0.0000
2025-06-05 21:19:54,695 - __main__ - INFO - Epoch 20/25: Loss = 0.0000
2025-06-05 21:19:57,007 - __main__ - INFO - Epoch 21/25: Loss = 0.0000
2025-06-05 21:19:59,266 - __main__ - INFO - Epoch 22/25: Loss = 0.0000
2025-06-05 21:20:01,546 - __main__ - INFO - Epoch 23/25: Loss = 0.0000
2025-06-05 21:20:03,895 - __main__ - INFO - Epoch 24/25: Loss = 0.0000
2025-06-05 21:20:06,194 - __main__ - INFO - Epoch 25/25: Loss = 0.0000
2025-06-05 21:20:09,218 - __main__ - INFO - ✅ User-Embeddings gespeichert unter /opt/***/data/processed/user_deep_embedding.csv
2025-06-05 21:20:09,805 - __main__ - INFO - ✅ Deep KNN Modell gespeichert unter /opt/***/models/user_deep_knn.pkl
2025-06-05 21:20:09,807 - __main__ - INFO - ✅ Parameter als JSON gespeichert: /opt/***/models/user_deep_model_params.json
2025/06/05 21:20:39 INFO mlflow.pyfunc: Validating input example against model signature

Downloading artifacts:   0%|          | 0/1 [00:00<?, ?it/s]
Downloading artifacts: 100%|██████████| 1/1 [00:00<00:00,  2.47it/s]
Downloading artifacts: 100%|██████████| 1/1 [00:00<00:00,  2.47it/s]
Downloading artifacts: 100%|██████████| 1/1 [00:00<00:00,  2.47it/s]
Registered model 'user_deep_model' already exists. Creating a new version of this model...
2025/06/05 21:21:10 INFO mlflow.store.model_registry.abstract_store: Waiting up to 300 seconds for model version to finish creation. Model name: user_deep_model, version 9
Created version '9' of model 'user_deep_model'.
2025-06-05 21:21:12,445 - __main__ - INFO - 📝 Tags für Modellversion 9 gesetzt: n_neighbors=10, latent_dim=32
2025-06-05 21:21:12,833 - __main__ - INFO - 🏁 Deep User-Model Training abgeschlossen und geloggt.

[2025-06-05T21:21:14.409+0000] {python.py:201} INFO - Done. Returned value was: None
[2025-06-05T21:21:14.420+0000] {taskinstance.py:1138} INFO - Marking task as SUCCESS. dag_id=deep_models_pipeline, task_id=train_deep_user_model, execution_date=20250605T211555, start_date=20250605T211600, end_date=20250605T212114
[2025-06-05T21:21:14.450+0000] {local_task_job_runner.py:234} INFO - Task exited with return code 0
[2025-06-05T21:21:14.471+0000] {taskinstance.py:3280} INFO - 1 downstream tasks scheduled from follow-on schedule check
