[2025-06-12T16:37:25.397+0000] {taskinstance.py:1956} INFO - Dependencies all met for dep_context=non-requeueable deps ti=<TaskInstance: deep_models_pipeline.import_raw_data manual__2025-06-12T16:37:24.264773+00:00 [queued]>
[2025-06-12T16:37:25.403+0000] {taskinstance.py:1956} INFO - Dependencies all met for dep_context=requeueable deps ti=<TaskInstance: deep_models_pipeline.import_raw_data manual__2025-06-12T16:37:24.264773+00:00 [queued]>
[2025-06-12T16:37:25.403+0000] {taskinstance.py:2170} INFO - Starting attempt 1 of 3
[2025-06-12T16:37:25.412+0000] {taskinstance.py:2191} INFO - Executing <Task(PythonOperator): import_raw_data> on 2025-06-12 16:37:24.264773+00:00
[2025-06-12T16:37:25.417+0000] {standard_task_runner.py:60} INFO - Started process 1414 to run task
[2025-06-12T16:37:25.419+0000] {standard_task_runner.py:87} INFO - Running: ['***', 'tasks', 'run', 'deep_models_pipeline', 'import_raw_data', 'manual__2025-06-12T16:37:24.264773+00:00', '--job-id', '79', '--raw', '--subdir', 'DAGS_FOLDER/train_deep_model_dag.py', '--cfg-path', '/tmp/tmpb6t8uqtj']
[2025-06-12T16:37:25.420+0000] {standard_task_runner.py:88} INFO - Job 79: Subtask import_raw_data
[2025-06-12T16:37:25.448+0000] {task_command.py:423} INFO - Running <TaskInstance: deep_models_pipeline.import_raw_data manual__2025-06-12T16:37:24.264773+00:00 [running]> on host 6a2d883c7e9f
[2025-06-12T16:37:25.496+0000] {taskinstance.py:2480} INFO - Exporting env vars: AIRFLOW_CTX_DAG_OWNER='***' AIRFLOW_CTX_DAG_ID='deep_models_pipeline' AIRFLOW_CTX_TASK_ID='import_raw_data' AIRFLOW_CTX_EXECUTION_DATE='2025-06-12T16:37:24.264773+00:00' AIRFLOW_CTX_TRY_NUMBER='1' AIRFLOW_CTX_DAG_RUN_ID='manual__2025-06-12T16:37:24.264773+00:00'
[2025-06-12T16:37:25.497+0000] {train_deep_model_dag.py:13} INFO - 🟦 Running command: python /opt/***/src/data/import_raw_data.py
[2025-06-12T16:37:25.687+0000] {train_deep_model_dag.py:20} INFO - 🟩 [stdout]:

[2025-06-12T16:37:25.688+0000] {train_deep_model_dag.py:22} WARNING - 🟨 [stderr]:
2025-06-12 16:37:25,671 - root - INFO - ✅ Datei bereits vorhanden, überspringe: genome-scores.csv
2025-06-12 16:37:25,672 - root - INFO - ✅ Datei bereits vorhanden, überspringe: genome-tags.csv
2025-06-12 16:37:25,673 - root - INFO - ✅ Datei bereits vorhanden, überspringe: links.csv
2025-06-12 16:37:25,674 - root - INFO - ✅ Datei bereits vorhanden, überspringe: movies.csv
2025-06-12 16:37:25,675 - root - INFO - ✅ Datei bereits vorhanden, überspringe: ratings.csv
2025-06-12 16:37:25,676 - root - INFO - ✅ Datei bereits vorhanden, überspringe: README.txt
2025-06-12 16:37:25,677 - root - INFO - ✅ Datei bereits vorhanden, überspringe: tags.csv
2025-06-12 16:37:25,677 - root - INFO - ✅ Rohdatenprüfung abgeschlossen.

[2025-06-12T16:37:25.688+0000] {python.py:201} INFO - Done. Returned value was: None
[2025-06-12T16:37:25.696+0000] {taskinstance.py:1138} INFO - Marking task as SUCCESS. dag_id=deep_models_pipeline, task_id=import_raw_data, execution_date=20250612T163724, start_date=20250612T163725, end_date=20250612T163725
[2025-06-12T16:37:25.712+0000] {local_task_job_runner.py:234} INFO - Task exited with return code 0
[2025-06-12T16:37:25.729+0000] {taskinstance.py:3280} INFO - 1 downstream tasks scheduled from follow-on schedule check
