[2025-06-07T18:00:03.586+0000] {taskinstance.py:1956} INFO - Dependencies all met for dep_context=non-requeueable deps ti=<TaskInstance: deep_models_pipeline.train_deep_hybrid_model manual__2025-06-07T17:52:37.753545+00:00 [queued]>
[2025-06-07T18:00:03.593+0000] {taskinstance.py:1956} INFO - Dependencies all met for dep_context=requeueable deps ti=<TaskInstance: deep_models_pipeline.train_deep_hybrid_model manual__2025-06-07T17:52:37.753545+00:00 [queued]>
[2025-06-07T18:00:03.593+0000] {taskinstance.py:2170} INFO - Starting attempt 2 of 3
[2025-06-07T18:00:03.601+0000] {taskinstance.py:2191} INFO - Executing <Task(PythonOperator): train_deep_hybrid_model> on 2025-06-07 17:52:37.753545+00:00
[2025-06-07T18:00:03.608+0000] {standard_task_runner.py:60} INFO - Started process 194 to run task
[2025-06-07T18:00:03.609+0000] {standard_task_runner.py:87} INFO - Running: ['***', 'tasks', 'run', 'deep_models_pipeline', 'train_deep_hybrid_model', 'manual__2025-06-07T17:52:37.753545+00:00', '--job-id', '2542', '--raw', '--subdir', 'DAGS_FOLDER/train_deep_model_dag.py', '--cfg-path', '/tmp/tmpr0wvq41s']
[2025-06-07T18:00:03.611+0000] {standard_task_runner.py:88} INFO - Job 2542: Subtask train_deep_hybrid_model
[2025-06-07T18:00:03.650+0000] {task_command.py:423} INFO - Running <TaskInstance: deep_models_pipeline.train_deep_hybrid_model manual__2025-06-07T17:52:37.753545+00:00 [running]> on host 28803533b65d
[2025-06-07T18:00:03.713+0000] {taskinstance.py:2480} INFO - Exporting env vars: AIRFLOW_CTX_DAG_OWNER='***' AIRFLOW_CTX_DAG_ID='deep_models_pipeline' AIRFLOW_CTX_TASK_ID='train_deep_hybrid_model' AIRFLOW_CTX_EXECUTION_DATE='2025-06-07T17:52:37.753545+00:00' AIRFLOW_CTX_TRY_NUMBER='2' AIRFLOW_CTX_DAG_RUN_ID='manual__2025-06-07T17:52:37.753545+00:00'
[2025-06-07T18:00:03.714+0000] {train_deep_model_dag.py:13} INFO - 🟦 Running command: python /opt/***/src/models/train_hybrid_deep_model.py --n_neighbors=15 --latent_dim=32 --epochs=30 --tfidf_features=300
[2025-06-07T18:01:14.980+0000] {train_deep_model_dag.py:20} INFO - 🟩 [stdout]:
🏃 View run train_hybrid_deep_model at: https://dagshub.com/sacer11/MLOps_movie_rec_apr25.mlflow/#/experiments/10/runs/b91b74ea2f014c1ea752536e571171b6
🧪 View experiment at: https://dagshub.com/sacer11/MLOps_movie_rec_apr25.mlflow/#/experiments/10

[2025-06-07T18:01:14.981+0000] {train_deep_model_dag.py:22} WARNING - 🟨 [stderr]:
2025-06-07 18:00:07,329 - __main__ - INFO - 📥 Lade Rohdaten und baue Hybrid-Feature-Matrix ...
2025-06-07 18:00:12,713 - __main__ - INFO - 📐 Hybrid-Matrix erstellt mit Shape: (10381, 1429), Feature-Namen: 1429
2025-06-07 18:00:22,426 - __main__ - INFO - 💾 Hybrid-Matrix gespeichert unter /opt/***/data/processed/hybrid_matrix.csv
2025-06-07 18:00:22,516 - __main__ - INFO - 🚀 Starte Training Autoencoder ...
2025-06-07 18:00:23,269 - __main__ - INFO - Epoch 1/30: Loss = 0.0121
2025-06-07 18:00:23,537 - __main__ - INFO - Epoch 2/30: Loss = 0.0070
2025-06-07 18:00:23,810 - __main__ - INFO - Epoch 3/30: Loss = 0.0060
2025-06-07 18:00:24,072 - __main__ - INFO - Epoch 4/30: Loss = 0.0056
2025-06-07 18:00:24,325 - __main__ - INFO - Epoch 5/30: Loss = 0.0054
2025-06-07 18:00:24,567 - __main__ - INFO - Epoch 6/30: Loss = 0.0052
2025-06-07 18:00:24,800 - __main__ - INFO - Epoch 7/30: Loss = 0.0051
2025-06-07 18:00:25,077 - __main__ - INFO - Epoch 8/30: Loss = 0.0050
2025-06-07 18:00:25,328 - __main__ - INFO - Epoch 9/30: Loss = 0.0050
2025-06-07 18:00:25,569 - __main__ - INFO - Epoch 10/30: Loss = 0.0049
2025-06-07 18:00:25,816 - __main__ - INFO - Epoch 11/30: Loss = 0.0048
2025-06-07 18:00:26,058 - __main__ - INFO - Epoch 12/30: Loss = 0.0048
2025-06-07 18:00:26,280 - __main__ - INFO - Epoch 13/30: Loss = 0.0047
2025-06-07 18:00:26,512 - __main__ - INFO - Epoch 14/30: Loss = 0.0047
2025-06-07 18:00:26,755 - __main__ - INFO - Epoch 15/30: Loss = 0.0046
2025-06-07 18:00:27,013 - __main__ - INFO - Epoch 16/30: Loss = 0.0046
2025-06-07 18:00:27,273 - __main__ - INFO - Epoch 17/30: Loss = 0.0046
2025-06-07 18:00:27,506 - __main__ - INFO - Epoch 18/30: Loss = 0.0046
2025-06-07 18:00:27,737 - __main__ - INFO - Epoch 19/30: Loss = 0.0045
2025-06-07 18:00:27,953 - __main__ - INFO - Epoch 20/30: Loss = 0.0045
2025-06-07 18:00:28,178 - __main__ - INFO - Epoch 21/30: Loss = 0.0045
2025-06-07 18:00:28,415 - __main__ - INFO - Epoch 22/30: Loss = 0.0045
2025-06-07 18:00:28,673 - __main__ - INFO - Epoch 23/30: Loss = 0.0044
2025-06-07 18:00:28,914 - __main__ - INFO - Epoch 24/30: Loss = 0.0044
2025-06-07 18:00:29,160 - __main__ - INFO - Epoch 25/30: Loss = 0.0044
2025-06-07 18:00:29,421 - __main__ - INFO - Epoch 26/30: Loss = 0.0044
2025-06-07 18:00:29,681 - __main__ - INFO - Epoch 27/30: Loss = 0.0044
2025-06-07 18:00:29,944 - __main__ - INFO - Epoch 28/30: Loss = 0.0044
2025-06-07 18:00:30,192 - __main__ - INFO - Epoch 29/30: Loss = 0.0043
2025-06-07 18:00:30,426 - __main__ - INFO - Epoch 30/30: Loss = 0.0043
2025-06-07 18:00:30,662 - __main__ - INFO - ✅ Hybrid-Embeddings gespeichert unter /opt/***/data/processed/hybrid_deep_embedding.csv
2025-06-07 18:00:30,662 - __main__ - INFO - ✅ Hybrid-Embeddings gespeichert unter /opt/***/data/processed/hybrid_deep_embedding.csv
2025-06-07 18:00:30,673 - __main__ - INFO - ✅ Deep KNN Modell gespeichert unter /opt/***/models/hybrid_deep_knn.pkl
2025/06/07 18:00:35 INFO mlflow.pyfunc: Validating input example against model signature

Downloading artifacts:   0%|          | 0/1 [00:00<?, ?it/s]
Downloading artifacts: 100%|██████████| 1/1 [00:00<00:00, 88.21it/s]
Downloading artifacts: 100%|██████████| 1/1 [00:00<00:00, 87.00it/s]
Registered model 'hybrid_deep_model' already exists. Creating a new version of this model...
2025/06/07 18:01:00 INFO mlflow.store.model_registry.abstract_store: Waiting up to 300 seconds for model version to finish creation. Model name: hybrid_deep_model, version 15
Created version '15' of model 'hybrid_deep_model'.
2025-06-07 18:01:11,973 - __main__ - INFO - 📝 Tags für Modellversion 15 gesetzt: n_neighbors=15, latent_dim=32
2025-06-07 18:01:13,983 - __main__ - INFO - 🏁 Deep Hybrid-Model Training abgeschlossen und geloggt.

[2025-06-07T18:01:14.981+0000] {python.py:201} INFO - Done. Returned value was: None
[2025-06-07T18:01:14.991+0000] {taskinstance.py:1138} INFO - Marking task as SUCCESS. dag_id=deep_models_pipeline, task_id=train_deep_hybrid_model, execution_date=20250607T175237, start_date=20250607T180003, end_date=20250607T180114
[2025-06-07T18:01:15.012+0000] {local_task_job_runner.py:234} INFO - Task exited with return code 0
[2025-06-07T18:01:15.026+0000] {taskinstance.py:3280} INFO - 0 downstream tasks scheduled from follow-on schedule check
