[2025-06-06T19:37:07.389+0000] {taskinstance.py:1956} INFO - Dependencies all met for dep_context=non-requeueable deps ti=<TaskInstance: deep_models_pipeline.train_deep_hybrid_model manual__2025-06-06T19:37:02.128433+00:00 [queued]>
[2025-06-06T19:37:07.399+0000] {taskinstance.py:1956} INFO - Dependencies all met for dep_context=requeueable deps ti=<TaskInstance: deep_models_pipeline.train_deep_hybrid_model manual__2025-06-06T19:37:02.128433+00:00 [queued]>
[2025-06-06T19:37:07.400+0000] {taskinstance.py:2170} INFO - Starting attempt 1 of 3
[2025-06-06T19:37:07.413+0000] {taskinstance.py:2191} INFO - Executing <Task(PythonOperator): train_deep_hybrid_model> on 2025-06-06 19:37:02.128433+00:00
[2025-06-06T19:37:07.420+0000] {standard_task_runner.py:60} INFO - Started process 299 to run task
[2025-06-06T19:37:07.425+0000] {standard_task_runner.py:87} INFO - Running: ['***', 'tasks', 'run', 'deep_models_pipeline', 'train_deep_hybrid_model', 'manual__2025-06-06T19:37:02.128433+00:00', '--job-id', '2236', '--raw', '--subdir', 'DAGS_FOLDER/train_deep_model_dag.py', '--cfg-path', '/tmp/tmp4syd38yc']
[2025-06-06T19:37:07.427+0000] {standard_task_runner.py:88} INFO - Job 2236: Subtask train_deep_hybrid_model
[2025-06-06T19:37:07.468+0000] {task_command.py:423} INFO - Running <TaskInstance: deep_models_pipeline.train_deep_hybrid_model manual__2025-06-06T19:37:02.128433+00:00 [running]> on host 32ec0dd923ba
[2025-06-06T19:37:07.529+0000] {taskinstance.py:2480} INFO - Exporting env vars: AIRFLOW_CTX_DAG_OWNER='***' AIRFLOW_CTX_DAG_ID='deep_models_pipeline' AIRFLOW_CTX_TASK_ID='train_deep_hybrid_model' AIRFLOW_CTX_EXECUTION_DATE='2025-06-06T19:37:02.128433+00:00' AIRFLOW_CTX_TRY_NUMBER='1' AIRFLOW_CTX_DAG_RUN_ID='manual__2025-06-06T19:37:02.128433+00:00'
[2025-06-06T19:37:07.530+0000] {train_deep_model_dag.py:13} INFO - 🟦 Running command: python /opt/***/src/models/train_hybrid_deep_model.py --n_neighbors=10 --latent_dim=32 --epochs=30 --tfidf_features=300
[2025-06-06T19:38:05.949+0000] {train_deep_model_dag.py:20} INFO - 🟩 [stdout]:
🏃 View run train_hybrid_deep_model at: https://dagshub.com/sacer11/MLOps_movie_rec_apr25.mlflow/#/experiments/10/runs/c5dfeb45ff5f48ff94eb447b476bf12d
🧪 View experiment at: https://dagshub.com/sacer11/MLOps_movie_rec_apr25.mlflow/#/experiments/10

[2025-06-06T19:38:05.950+0000] {train_deep_model_dag.py:22} WARNING - 🟨 [stderr]:
/home/***/.local/lib/python3.10/site-packages/mlflow/pyfunc/utils/data_validation.py:186: UserWarning: [33mAdd type hints to the `predict` method to enable data validation and automatic signature inference during model logging. Check https://mlflow.org/docs/latest/model/python_model.html#type-hint-usage-in-pythonmodel for more details.[0m
  color_warning(
2025-06-06 19:37:12,026 - __main__ - INFO - 📥 Lade Rohdaten und baue Hybrid-Feature-Matrix ...
2025-06-06 19:37:18,032 - __main__ - INFO - 📐 Hybrid-Matrix erstellt mit Shape: (10381, 1429), Feature-Namen: 1429
2025-06-06 19:37:27,699 - __main__ - INFO - 💾 Hybrid-Matrix gespeichert unter /opt/***/data/processed/hybrid_matrix.csv
2025-06-06 19:37:27,791 - __main__ - INFO - 🚀 Starte Training Autoencoder ...
2025-06-06 19:37:28,832 - __main__ - INFO - Epoch 1/30: Loss = 0.0120
2025-06-06 19:37:29,086 - __main__ - INFO - Epoch 2/30: Loss = 0.0070
2025-06-06 19:37:29,333 - __main__ - INFO - Epoch 3/30: Loss = 0.0060
2025-06-06 19:37:29,585 - __main__ - INFO - Epoch 4/30: Loss = 0.0056
2025-06-06 19:37:29,819 - __main__ - INFO - Epoch 5/30: Loss = 0.0054
2025-06-06 19:37:30,069 - __main__ - INFO - Epoch 6/30: Loss = 0.0052
2025-06-06 19:37:30,331 - __main__ - INFO - Epoch 7/30: Loss = 0.0051
2025-06-06 19:37:30,598 - __main__ - INFO - Epoch 8/30: Loss = 0.0050
2025-06-06 19:37:30,859 - __main__ - INFO - Epoch 9/30: Loss = 0.0049
2025-06-06 19:37:31,096 - __main__ - INFO - Epoch 10/30: Loss = 0.0048
2025-06-06 19:37:31,350 - __main__ - INFO - Epoch 11/30: Loss = 0.0048
2025-06-06 19:37:31,609 - __main__ - INFO - Epoch 12/30: Loss = 0.0047
2025-06-06 19:37:31,839 - __main__ - INFO - Epoch 13/30: Loss = 0.0047
2025-06-06 19:37:32,084 - __main__ - INFO - Epoch 14/30: Loss = 0.0047
2025-06-06 19:37:32,321 - __main__ - INFO - Epoch 15/30: Loss = 0.0046
2025-06-06 19:37:32,579 - __main__ - INFO - Epoch 16/30: Loss = 0.0046
2025-06-06 19:37:32,836 - __main__ - INFO - Epoch 17/30: Loss = 0.0046
2025-06-06 19:37:33,083 - __main__ - INFO - Epoch 18/30: Loss = 0.0046
2025-06-06 19:37:33,323 - __main__ - INFO - Epoch 19/30: Loss = 0.0045
2025-06-06 19:37:33,593 - __main__ - INFO - Epoch 20/30: Loss = 0.0045
2025-06-06 19:37:33,836 - __main__ - INFO - Epoch 21/30: Loss = 0.0045
2025-06-06 19:37:34,126 - __main__ - INFO - Epoch 22/30: Loss = 0.0045
2025-06-06 19:37:34,427 - __main__ - INFO - Epoch 23/30: Loss = 0.0045
2025-06-06 19:37:34,697 - __main__ - INFO - Epoch 24/30: Loss = 0.0044
2025-06-06 19:37:34,928 - __main__ - INFO - Epoch 25/30: Loss = 0.0044
2025-06-06 19:37:35,168 - __main__ - INFO - Epoch 26/30: Loss = 0.0044
2025-06-06 19:37:35,411 - __main__ - INFO - Epoch 27/30: Loss = 0.0044
2025-06-06 19:37:35,651 - __main__ - INFO - Epoch 28/30: Loss = 0.0044
2025-06-06 19:37:35,890 - __main__ - INFO - Epoch 29/30: Loss = 0.0044
2025-06-06 19:37:36,125 - __main__ - INFO - Epoch 30/30: Loss = 0.0044
2025-06-06 19:37:36,356 - __main__ - INFO - ✅ Hybrid-Embeddings gespeichert unter /opt/***/data/processed/hybrid_deep_embedding.csv
2025-06-06 19:37:36,366 - __main__ - INFO - ✅ Deep KNN Modell gespeichert unter /opt/***/models/hybrid_deep_knn.pkl
2025/06/06 19:37:41 INFO mlflow.pyfunc: Validating input example against model signature

Downloading artifacts:   0%|          | 0/1 [00:00<?, ?it/s]
Downloading artifacts: 100%|██████████| 1/1 [00:00<00:00, 88.64it/s]
Downloading artifacts: 100%|██████████| 1/1 [00:00<00:00, 87.30it/s]
Registered model 'hybrid_deep_model' already exists. Creating a new version of this model...
2025/06/06 19:37:51 INFO mlflow.store.model_registry.abstract_store: Waiting up to 300 seconds for model version to finish creation. Model name: hybrid_deep_model, version 3
Created version '3' of model 'hybrid_deep_model'.
2025-06-06 19:38:02,632 - __main__ - INFO - 📝 Tags für Modellversion 3 gesetzt: n_neighbors=10, latent_dim=32
2025-06-06 19:38:04,646 - __main__ - INFO - 🏁 Deep Hybrid-Model Training abgeschlossen und geloggt.

[2025-06-06T19:38:05.951+0000] {python.py:201} INFO - Done. Returned value was: None
[2025-06-06T19:38:05.963+0000] {taskinstance.py:1138} INFO - Marking task as SUCCESS. dag_id=deep_models_pipeline, task_id=train_deep_hybrid_model, execution_date=20250606T193702, start_date=20250606T193707, end_date=20250606T193805
[2025-06-06T19:38:06.004+0000] {local_task_job_runner.py:234} INFO - Task exited with return code 0
[2025-06-06T19:38:06.030+0000] {taskinstance.py:3280} INFO - 1 downstream tasks scheduled from follow-on schedule check
