[2025-06-09T00:46:23.880+0000] {taskinstance.py:1956} INFO - Dependencies all met for dep_context=non-requeueable deps ti=<TaskInstance: deep_models_pipeline.import_raw_data manual__2025-06-09T00:46:23.130977+00:00 [queued]>
[2025-06-09T00:46:23.886+0000] {taskinstance.py:1956} INFO - Dependencies all met for dep_context=requeueable deps ti=<TaskInstance: deep_models_pipeline.import_raw_data manual__2025-06-09T00:46:23.130977+00:00 [queued]>
[2025-06-09T00:46:23.886+0000] {taskinstance.py:2170} INFO - Starting attempt 1 of 3
[2025-06-09T00:46:23.897+0000] {taskinstance.py:2191} INFO - Executing <Task(PythonOperator): import_raw_data> on 2025-06-09 00:46:23.130977+00:00
[2025-06-09T00:46:23.904+0000] {standard_task_runner.py:60} INFO - Started process 395 to run task
[2025-06-09T00:46:23.906+0000] {standard_task_runner.py:87} INFO - Running: ['***', 'tasks', 'run', 'deep_models_pipeline', 'import_raw_data', 'manual__2025-06-09T00:46:23.130977+00:00', '--job-id', '3652', '--raw', '--subdir', 'DAGS_FOLDER/train_deep_model_dag.py', '--cfg-path', '/tmp/tmpiw_arf43']
[2025-06-09T00:46:23.907+0000] {standard_task_runner.py:88} INFO - Job 3652: Subtask import_raw_data
[2025-06-09T00:46:23.942+0000] {task_command.py:423} INFO - Running <TaskInstance: deep_models_pipeline.import_raw_data manual__2025-06-09T00:46:23.130977+00:00 [running]> on host 98d378487119
[2025-06-09T00:46:24.000+0000] {taskinstance.py:2480} INFO - Exporting env vars: AIRFLOW_CTX_DAG_OWNER='***' AIRFLOW_CTX_DAG_ID='deep_models_pipeline' AIRFLOW_CTX_TASK_ID='import_raw_data' AIRFLOW_CTX_EXECUTION_DATE='2025-06-09T00:46:23.130977+00:00' AIRFLOW_CTX_TRY_NUMBER='1' AIRFLOW_CTX_DAG_RUN_ID='manual__2025-06-09T00:46:23.130977+00:00'
[2025-06-09T00:46:24.001+0000] {train_deep_model_dag.py:13} INFO - 🟦 Running command: python /opt/***/src/data/import_raw_data.py
[2025-06-09T00:46:24.192+0000] {train_deep_model_dag.py:20} INFO - 🟩 [stdout]:

[2025-06-09T00:46:24.192+0000] {train_deep_model_dag.py:22} WARNING - 🟨 [stderr]:
2025-06-09 00:46:24,171 - root - INFO - ✅ Datei bereits vorhanden, überspringe: genome-scores.csv
2025-06-09 00:46:24,173 - root - INFO - ✅ Datei bereits vorhanden, überspringe: genome-tags.csv
2025-06-09 00:46:24,174 - root - INFO - ✅ Datei bereits vorhanden, überspringe: links.csv
2025-06-09 00:46:24,175 - root - INFO - ✅ Datei bereits vorhanden, überspringe: movies.csv
2025-06-09 00:46:24,176 - root - INFO - ✅ Datei bereits vorhanden, überspringe: ratings.csv
2025-06-09 00:46:24,177 - root - INFO - ✅ Datei bereits vorhanden, überspringe: README.txt
2025-06-09 00:46:24,178 - root - INFO - ✅ Datei bereits vorhanden, überspringe: tags.csv
2025-06-09 00:46:24,178 - root - INFO - ✅ Rohdatenprüfung abgeschlossen.

[2025-06-09T00:46:24.193+0000] {python.py:201} INFO - Done. Returned value was: None
[2025-06-09T00:46:24.201+0000] {taskinstance.py:1138} INFO - Marking task as SUCCESS. dag_id=deep_models_pipeline, task_id=import_raw_data, execution_date=20250609T004623, start_date=20250609T004623, end_date=20250609T004624
[2025-06-09T00:46:24.239+0000] {local_task_job_runner.py:234} INFO - Task exited with return code 0
[2025-06-09T00:46:24.258+0000] {taskinstance.py:3280} INFO - 1 downstream tasks scheduled from follow-on schedule check
