[2025-06-06T15:41:35.125+0000] {taskinstance.py:1956} INFO - Dependencies all met for dep_context=non-requeueable deps ti=<TaskInstance: deep_models_pipeline.train_deep_hybrid_model manual__2025-06-06T15:41:08.809410+00:00 [queued]>
[2025-06-06T15:41:35.133+0000] {taskinstance.py:1956} INFO - Dependencies all met for dep_context=requeueable deps ti=<TaskInstance: deep_models_pipeline.train_deep_hybrid_model manual__2025-06-06T15:41:08.809410+00:00 [queued]>
[2025-06-06T15:41:35.134+0000] {taskinstance.py:2170} INFO - Starting attempt 1 of 3
[2025-06-06T15:41:35.144+0000] {taskinstance.py:2191} INFO - Executing <Task(PythonOperator): train_deep_hybrid_model> on 2025-06-06 15:41:08.809410+00:00
[2025-06-06T15:41:35.150+0000] {standard_task_runner.py:60} INFO - Started process 355 to run task
[2025-06-06T15:41:35.152+0000] {standard_task_runner.py:87} INFO - Running: ['***', 'tasks', 'run', 'deep_models_pipeline', 'train_deep_hybrid_model', 'manual__2025-06-06T15:41:08.809410+00:00', '--job-id', '2193', '--raw', '--subdir', 'DAGS_FOLDER/train_deep_model_dag.py', '--cfg-path', '/tmp/tmp9noewvhq']
[2025-06-06T15:41:35.154+0000] {standard_task_runner.py:88} INFO - Job 2193: Subtask train_deep_hybrid_model
[2025-06-06T15:41:35.185+0000] {task_command.py:423} INFO - Running <TaskInstance: deep_models_pipeline.train_deep_hybrid_model manual__2025-06-06T15:41:08.809410+00:00 [running]> on host 26b7f3e8e752
[2025-06-06T15:41:35.237+0000] {taskinstance.py:2480} INFO - Exporting env vars: AIRFLOW_CTX_DAG_OWNER='***' AIRFLOW_CTX_DAG_ID='deep_models_pipeline' AIRFLOW_CTX_TASK_ID='train_deep_hybrid_model' AIRFLOW_CTX_EXECUTION_DATE='2025-06-06T15:41:08.809410+00:00' AIRFLOW_CTX_TRY_NUMBER='1' AIRFLOW_CTX_DAG_RUN_ID='manual__2025-06-06T15:41:08.809410+00:00'
[2025-06-06T15:41:35.239+0000] {train_deep_model_dag.py:13} INFO - 🟦 Running command: python /opt/***/src/models/train_hybrid_deep_model.py --n_neighbors=10 --latent_dim=32 --epochs=30 --tfidf_features=300
[2025-06-06T15:42:34.516+0000] {train_deep_model_dag.py:20} INFO - 🟩 [stdout]:
🏃 View run train_hybrid_deep_model at: https://dagshub.com/sacer11/MLOps_movie_rec_apr25.mlflow/#/experiments/7/runs/cbea4b5760124046b25a60b6c14e6cd8
🧪 View experiment at: https://dagshub.com/sacer11/MLOps_movie_rec_apr25.mlflow/#/experiments/7

[2025-06-06T15:42:34.518+0000] {train_deep_model_dag.py:22} WARNING - 🟨 [stderr]:
/home/***/.local/lib/python3.10/site-packages/mlflow/pyfunc/utils/data_validation.py:186: UserWarning: [33mAdd type hints to the `predict` method to enable data validation and automatic signature inference during model logging. Check https://mlflow.org/docs/latest/model/python_model.html#type-hint-usage-in-pythonmodel for more details.[0m
  color_warning(
2025-06-06 15:41:40,105 - __main__ - INFO - 📥 Lade Rohdaten und baue Hybrid-Feature-Matrix ...
2025-06-06 15:41:46,788 - __main__ - INFO - 📐 Hybrid-Matrix erstellt mit Shape: (10381, 1429), Feature-Namen: 1429
2025-06-06 15:41:56,039 - __main__ - INFO - 💾 Hybrid-Matrix gespeichert unter /opt/***/data/processed/hybrid_matrix.csv
2025-06-06 15:41:56,139 - __main__ - INFO - 🚀 Starte Training Autoencoder ...
2025-06-06 15:41:57,336 - __main__ - INFO - Epoch 1/30: Loss = 0.0122
2025-06-06 15:41:57,595 - __main__ - INFO - Epoch 2/30: Loss = 0.0071
2025-06-06 15:41:57,844 - __main__ - INFO - Epoch 3/30: Loss = 0.0061
2025-06-06 15:41:58,145 - __main__ - INFO - Epoch 4/30: Loss = 0.0057
2025-06-06 15:41:58,436 - __main__ - INFO - Epoch 5/30: Loss = 0.0054
2025-06-06 15:41:58,678 - __main__ - INFO - Epoch 6/30: Loss = 0.0053
2025-06-06 15:41:58,927 - __main__ - INFO - Epoch 7/30: Loss = 0.0051
2025-06-06 15:41:59,157 - __main__ - INFO - Epoch 8/30: Loss = 0.0050
2025-06-06 15:41:59,389 - __main__ - INFO - Epoch 9/30: Loss = 0.0049
2025-06-06 15:41:59,642 - __main__ - INFO - Epoch 10/30: Loss = 0.0049
2025-06-06 15:41:59,879 - __main__ - INFO - Epoch 11/30: Loss = 0.0048
2025-06-06 15:42:00,119 - __main__ - INFO - Epoch 12/30: Loss = 0.0048
2025-06-06 15:42:00,376 - __main__ - INFO - Epoch 13/30: Loss = 0.0047
2025-06-06 15:42:00,623 - __main__ - INFO - Epoch 14/30: Loss = 0.0047
2025-06-06 15:42:00,875 - __main__ - INFO - Epoch 15/30: Loss = 0.0047
2025-06-06 15:42:01,112 - __main__ - INFO - Epoch 16/30: Loss = 0.0046
2025-06-06 15:42:01,354 - __main__ - INFO - Epoch 17/30: Loss = 0.0046
2025-06-06 15:42:01,638 - __main__ - INFO - Epoch 18/30: Loss = 0.0046
2025-06-06 15:42:01,933 - __main__ - INFO - Epoch 19/30: Loss = 0.0046
2025-06-06 15:42:02,170 - __main__ - INFO - Epoch 20/30: Loss = 0.0045
2025-06-06 15:42:02,426 - __main__ - INFO - Epoch 21/30: Loss = 0.0045
2025-06-06 15:42:02,661 - __main__ - INFO - Epoch 22/30: Loss = 0.0045
2025-06-06 15:42:02,894 - __main__ - INFO - Epoch 23/30: Loss = 0.0045
2025-06-06 15:42:03,133 - __main__ - INFO - Epoch 24/30: Loss = 0.0045
2025-06-06 15:42:03,379 - __main__ - INFO - Epoch 25/30: Loss = 0.0044
2025-06-06 15:42:03,635 - __main__ - INFO - Epoch 26/30: Loss = 0.0044
2025-06-06 15:42:03,886 - __main__ - INFO - Epoch 27/30: Loss = 0.0044
2025-06-06 15:42:04,185 - __main__ - INFO - Epoch 28/30: Loss = 0.0044
2025-06-06 15:42:04,415 - __main__ - INFO - Epoch 29/30: Loss = 0.0044
2025-06-06 15:42:04,646 - __main__ - INFO - Epoch 30/30: Loss = 0.0044
2025-06-06 15:42:04,870 - __main__ - INFO - ✅ Hybrid-Embeddings gespeichert unter /opt/***/data/processed/hybrid_deep_embedding.csv
2025-06-06 15:42:04,880 - __main__ - INFO - ✅ Deep KNN Modell gespeichert unter /opt/***/models/hybrid_deep_knn.pkl
2025/06/06 15:42:10 INFO mlflow.pyfunc: Validating input example against model signature

Downloading artifacts:   0%|          | 0/1 [00:00<?, ?it/s]
Downloading artifacts: 100%|██████████| 1/1 [00:00<00:00, 92.74it/s]
Downloading artifacts: 100%|██████████| 1/1 [00:00<00:00, 90.41it/s]
Registered model 'hybrid_deep_model' already exists. Creating a new version of this model...
2025/06/06 15:42:20 INFO mlflow.store.model_registry.abstract_store: Waiting up to 300 seconds for model version to finish creation. Model name: hybrid_deep_model, version 14
Created version '14' of model 'hybrid_deep_model'.
2025-06-06 15:42:31,166 - __main__ - INFO - 📝 Tags für Modellversion 14 gesetzt: n_neighbors=10, latent_dim=32
2025-06-06 15:42:31,172 - __main__ - INFO - 💾 Persistiere Modell-Metadaten unter /opt/***/models/hybrid_deep_model_meta.json: {'model_type': 'hybrid_deep_knn', 'n_neighbors': 10, 'latent_dim': 32, 'tfidf_features': 300, 'algorithm': 'cosine', 'epochs': 30, 'run_id': 'cbea4b5760124046b25a60b6c14e6cd8', 'version': '14', 'persisted_at': '2025-06-06T15:42:31.167580'}
2025-06-06 15:42:33,175 - __main__ - INFO - 🏁 Deep Hybrid-Model Training abgeschlossen und geloggt.

[2025-06-06T15:42:34.519+0000] {python.py:201} INFO - Done. Returned value was: None
[2025-06-06T15:42:34.531+0000] {taskinstance.py:1138} INFO - Marking task as SUCCESS. dag_id=deep_models_pipeline, task_id=train_deep_hybrid_model, execution_date=20250606T154108, start_date=20250606T154135, end_date=20250606T154234
[2025-06-06T15:42:34.560+0000] {local_task_job_runner.py:234} INFO - Task exited with return code 0
[2025-06-06T15:42:34.587+0000] {taskinstance.py:3280} INFO - 1 downstream tasks scheduled from follow-on schedule check
