[2025-06-07T22:18:26.938+0000] {taskinstance.py:1956} INFO - Dependencies all met for dep_context=non-requeueable deps ti=<TaskInstance: deep_models_pipeline.train_deep_hybrid_model manual__2025-06-07T22:18:22.474330+00:00 [queued]>
[2025-06-07T22:18:26.945+0000] {taskinstance.py:1956} INFO - Dependencies all met for dep_context=requeueable deps ti=<TaskInstance: deep_models_pipeline.train_deep_hybrid_model manual__2025-06-07T22:18:22.474330+00:00 [queued]>
[2025-06-07T22:18:26.946+0000] {taskinstance.py:2170} INFO - Starting attempt 1 of 3
[2025-06-07T22:18:26.957+0000] {taskinstance.py:2191} INFO - Executing <Task(PythonOperator): train_deep_hybrid_model> on 2025-06-07 22:18:22.474330+00:00
[2025-06-07T22:18:26.963+0000] {standard_task_runner.py:60} INFO - Started process 2482 to run task
[2025-06-07T22:18:26.965+0000] {standard_task_runner.py:87} INFO - Running: ['***', 'tasks', 'run', 'deep_models_pipeline', 'train_deep_hybrid_model', 'manual__2025-06-07T22:18:22.474330+00:00', '--job-id', '2772', '--raw', '--subdir', 'DAGS_FOLDER/train_deep_model_dag.py', '--cfg-path', '/tmp/tmpjo1upf04']
[2025-06-07T22:18:26.966+0000] {standard_task_runner.py:88} INFO - Job 2772: Subtask train_deep_hybrid_model
[2025-06-07T22:18:26.999+0000] {task_command.py:423} INFO - Running <TaskInstance: deep_models_pipeline.train_deep_hybrid_model manual__2025-06-07T22:18:22.474330+00:00 [running]> on host e4801a74e885
[2025-06-07T22:18:27.058+0000] {taskinstance.py:2480} INFO - Exporting env vars: AIRFLOW_CTX_DAG_OWNER='***' AIRFLOW_CTX_DAG_ID='deep_models_pipeline' AIRFLOW_CTX_TASK_ID='train_deep_hybrid_model' AIRFLOW_CTX_EXECUTION_DATE='2025-06-07T22:18:22.474330+00:00' AIRFLOW_CTX_TRY_NUMBER='1' AIRFLOW_CTX_DAG_RUN_ID='manual__2025-06-07T22:18:22.474330+00:00'
[2025-06-07T22:18:27.059+0000] {train_deep_model_dag.py:13} INFO - 🟦 Running command: python /opt/***/src/models/train_hybrid_deep_model.py --n_neighbors=50 --latent_dim=32 --epochs=75 --tfidf_features=1991
[2025-06-07T22:20:11.552+0000] {train_deep_model_dag.py:20} INFO - 🟩 [stdout]:
🏃 View run train_hybrid_deep_model at: https://dagshub.com/sacer11/MLOps_movie_rec_apr25.mlflow/#/experiments/10/runs/69e15304b1664a2d917f991a50355d63
🧪 View experiment at: https://dagshub.com/sacer11/MLOps_movie_rec_apr25.mlflow/#/experiments/10

[2025-06-07T22:20:11.553+0000] {train_deep_model_dag.py:22} WARNING - 🟨 [stderr]:
2025-06-07 22:18:30,496 - __main__ - INFO - 📥 Lade Rohdaten und baue Hybrid-Feature-Matrix ...
2025-06-07 22:18:35,613 - __main__ - INFO - 📐 Hybrid-Matrix erstellt mit Shape: (10381, 3120), Feature-Namen: 3120
2025-06-07 22:18:49,311 - __main__ - INFO - 💾 Hybrid-Matrix gespeichert unter /opt/***/data/processed/hybrid_matrix.csv
2025-06-07 22:18:49,497 - __main__ - INFO - 🚀 Starte Training Autoencoder ...
2025-06-07 22:18:50,514 - __main__ - INFO - Epoch 1/75: Loss = 0.0064
2025-06-07 22:18:51,006 - __main__ - INFO - Epoch 2/75: Loss = 0.0039
2025-06-07 22:18:51,480 - __main__ - INFO - Epoch 3/75: Loss = 0.0033
2025-06-07 22:18:51,991 - __main__ - INFO - Epoch 4/75: Loss = 0.0031
2025-06-07 22:18:52,494 - __main__ - INFO - Epoch 5/75: Loss = 0.0029
2025-06-07 22:18:52,951 - __main__ - INFO - Epoch 6/75: Loss = 0.0028
2025-06-07 22:18:53,386 - __main__ - INFO - Epoch 7/75: Loss = 0.0027
2025-06-07 22:18:53,840 - __main__ - INFO - Epoch 8/75: Loss = 0.0027
2025-06-07 22:18:54,306 - __main__ - INFO - Epoch 9/75: Loss = 0.0026
2025-06-07 22:18:54,780 - __main__ - INFO - Epoch 10/75: Loss = 0.0026
2025-06-07 22:18:55,259 - __main__ - INFO - Epoch 11/75: Loss = 0.0026
2025-06-07 22:18:55,710 - __main__ - INFO - Epoch 12/75: Loss = 0.0025
2025-06-07 22:18:56,163 - __main__ - INFO - Epoch 13/75: Loss = 0.0025
2025-06-07 22:18:56,618 - __main__ - INFO - Epoch 14/75: Loss = 0.0025
2025-06-07 22:18:57,086 - __main__ - INFO - Epoch 15/75: Loss = 0.0025
2025-06-07 22:18:57,619 - __main__ - INFO - Epoch 16/75: Loss = 0.0025
2025-06-07 22:18:58,140 - __main__ - INFO - Epoch 17/75: Loss = 0.0025
2025-06-07 22:18:58,678 - __main__ - INFO - Epoch 18/75: Loss = 0.0024
2025-06-07 22:18:59,333 - __main__ - INFO - Epoch 19/75: Loss = 0.0024
2025-06-07 22:18:59,829 - __main__ - INFO - Epoch 20/75: Loss = 0.0024
2025-06-07 22:19:00,273 - __main__ - INFO - Epoch 21/75: Loss = 0.0024
2025-06-07 22:19:00,730 - __main__ - INFO - Epoch 22/75: Loss = 0.0024
2025-06-07 22:19:01,187 - __main__ - INFO - Epoch 23/75: Loss = 0.0024
2025-06-07 22:19:01,656 - __main__ - INFO - Epoch 24/75: Loss = 0.0024
2025-06-07 22:19:02,101 - __main__ - INFO - Epoch 25/75: Loss = 0.0024
2025-06-07 22:19:02,560 - __main__ - INFO - Epoch 26/75: Loss = 0.0024
2025-06-07 22:19:03,031 - __main__ - INFO - Epoch 27/75: Loss = 0.0024
2025-06-07 22:19:03,517 - __main__ - INFO - Epoch 28/75: Loss = 0.0024
2025-06-07 22:19:03,989 - __main__ - INFO - Epoch 29/75: Loss = 0.0023
2025-06-07 22:19:04,485 - __main__ - INFO - Epoch 30/75: Loss = 0.0023
2025-06-07 22:19:04,938 - __main__ - INFO - Epoch 31/75: Loss = 0.0023
2025-06-07 22:19:05,394 - __main__ - INFO - Epoch 32/75: Loss = 0.0023
2025-06-07 22:19:05,864 - __main__ - INFO - Epoch 33/75: Loss = 0.0023
2025-06-07 22:19:06,330 - __main__ - INFO - Epoch 34/75: Loss = 0.0023
2025-06-07 22:19:06,824 - __main__ - INFO - Epoch 35/75: Loss = 0.0023
2025-06-07 22:19:07,355 - __main__ - INFO - Epoch 36/75: Loss = 0.0023
2025-06-07 22:19:07,809 - __main__ - INFO - Epoch 37/75: Loss = 0.0023
2025-06-07 22:19:08,307 - __main__ - INFO - Epoch 38/75: Loss = 0.0023
2025-06-07 22:19:08,757 - __main__ - INFO - Epoch 39/75: Loss = 0.0023
2025-06-07 22:19:09,208 - __main__ - INFO - Epoch 40/75: Loss = 0.0023
2025-06-07 22:19:09,665 - __main__ - INFO - Epoch 41/75: Loss = 0.0023
2025-06-07 22:19:10,114 - __main__ - INFO - Epoch 42/75: Loss = 0.0023
2025-06-07 22:19:10,581 - __main__ - INFO - Epoch 43/75: Loss = 0.0023
2025-06-07 22:19:11,035 - __main__ - INFO - Epoch 44/75: Loss = 0.0023
2025-06-07 22:19:11,455 - __main__ - INFO - Epoch 45/75: Loss = 0.0023
2025-06-07 22:19:11,904 - __main__ - INFO - Epoch 46/75: Loss = 0.0022
2025-06-07 22:19:12,364 - __main__ - INFO - Epoch 47/75: Loss = 0.0022
2025-06-07 22:19:12,825 - __main__ - INFO - Epoch 48/75: Loss = 0.0022
2025-06-07 22:19:13,280 - __main__ - INFO - Epoch 49/75: Loss = 0.0022
2025-06-07 22:19:13,752 - __main__ - INFO - Epoch 50/75: Loss = 0.0022
2025-06-07 22:19:14,216 - __main__ - INFO - Epoch 51/75: Loss = 0.0022
2025-06-07 22:19:14,668 - __main__ - INFO - Epoch 52/75: Loss = 0.0022
2025-06-07 22:19:15,126 - __main__ - INFO - Epoch 53/75: Loss = 0.0022
2025-06-07 22:19:15,576 - __main__ - INFO - Epoch 54/75: Loss = 0.0022
2025-06-07 22:19:16,034 - __main__ - INFO - Epoch 55/75: Loss = 0.0022
2025-06-07 22:19:16,533 - __main__ - INFO - Epoch 56/75: Loss = 0.0022
2025-06-07 22:19:16,992 - __main__ - INFO - Epoch 57/75: Loss = 0.0022
2025-06-07 22:19:17,457 - __main__ - INFO - Epoch 58/75: Loss = 0.0022
2025-06-07 22:19:17,927 - __main__ - INFO - Epoch 59/75: Loss = 0.0022
2025-06-07 22:19:18,405 - __main__ - INFO - Epoch 60/75: Loss = 0.0022
2025-06-07 22:19:18,868 - __main__ - INFO - Epoch 61/75: Loss = 0.0022
2025-06-07 22:19:19,307 - __main__ - INFO - Epoch 62/75: Loss = 0.0022
2025-06-07 22:19:19,768 - __main__ - INFO - Epoch 63/75: Loss = 0.0022
2025-06-07 22:19:20,239 - __main__ - INFO - Epoch 64/75: Loss = 0.0022
2025-06-07 22:19:20,685 - __main__ - INFO - Epoch 65/75: Loss = 0.0022
2025-06-07 22:19:21,155 - __main__ - INFO - Epoch 66/75: Loss = 0.0022
2025-06-07 22:19:21,606 - __main__ - INFO - Epoch 67/75: Loss = 0.0022
2025-06-07 22:19:22,090 - __main__ - INFO - Epoch 68/75: Loss = 0.0022
2025-06-07 22:19:22,553 - __main__ - INFO - Epoch 69/75: Loss = 0.0022
2025-06-07 22:19:23,035 - __main__ - INFO - Epoch 70/75: Loss = 0.0022
2025-06-07 22:19:23,499 - __main__ - INFO - Epoch 71/75: Loss = 0.0022
2025-06-07 22:19:23,960 - __main__ - INFO - Epoch 72/75: Loss = 0.0022
2025-06-07 22:19:24,451 - __main__ - INFO - Epoch 73/75: Loss = 0.0022
2025-06-07 22:19:24,916 - __main__ - INFO - Epoch 74/75: Loss = 0.0022
2025-06-07 22:19:25,437 - __main__ - INFO - Epoch 75/75: Loss = 0.0022
2025-06-07 22:19:25,686 - __main__ - INFO - ✅ Hybrid-Embeddings gespeichert unter /opt/***/data/processed/hybrid_deep_embedding.csv
2025-06-07 22:19:25,686 - __main__ - INFO - ✅ Hybrid-Embeddings gespeichert unter /opt/***/data/processed/hybrid_deep_embedding.csv
2025-06-07 22:19:25,696 - __main__ - INFO - ✅ Deep KNN Modell gespeichert unter /opt/***/models/hybrid_deep_knn.pkl
2025/06/07 22:19:32 INFO mlflow.pyfunc: Validating input example against model signature

Downloading artifacts:   0%|          | 0/1 [00:00<?, ?it/s]
Downloading artifacts: 100%|██████████| 1/1 [00:00<00:00, 87.49it/s]
Downloading artifacts: 100%|██████████| 1/1 [00:00<00:00, 86.17it/s]
Registered model 'hybrid_deep_model' already exists. Creating a new version of this model...
2025/06/07 22:19:49 INFO mlflow.store.model_registry.abstract_store: Waiting up to 300 seconds for model version to finish creation. Model name: hybrid_deep_model, version 28
Created version '28' of model 'hybrid_deep_model'.
2025-06-07 22:20:06,482 - __main__ - INFO - 📝 Tags für Modellversion 28 gesetzt: n_neighbors=50, latent_dim=32, tfidf_features=1991, epochs=75
2025-06-07 22:20:10,495 - __main__ - INFO - 🏁 Deep Hybrid-Model Training abgeschlossen und geloggt.

[2025-06-07T22:20:11.554+0000] {python.py:201} INFO - Done. Returned value was: None
[2025-06-07T22:20:11.562+0000] {taskinstance.py:1138} INFO - Marking task as SUCCESS. dag_id=deep_models_pipeline, task_id=train_deep_hybrid_model, execution_date=20250607T221822, start_date=20250607T221826, end_date=20250607T222011
[2025-06-07T22:20:11.606+0000] {local_task_job_runner.py:234} INFO - Task exited with return code 0
[2025-06-07T22:20:11.624+0000] {taskinstance.py:3280} INFO - 1 downstream tasks scheduled from follow-on schedule check
