[2025-06-01T22:52:21.946+0000] {taskinstance.py:1956} INFO - Dependencies all met for dep_context=non-requeueable deps ti=<TaskInstance: movie_recommendation_pipeline.predict_best_model manual__2025-06-01T22:47:15.461339+00:00 [queued]>
[2025-06-01T22:52:21.954+0000] {taskinstance.py:1956} INFO - Dependencies all met for dep_context=requeueable deps ti=<TaskInstance: movie_recommendation_pipeline.predict_best_model manual__2025-06-01T22:47:15.461339+00:00 [queued]>
[2025-06-01T22:52:21.954+0000] {taskinstance.py:2170} INFO - Starting attempt 1 of 3
[2025-06-01T22:52:21.964+0000] {taskinstance.py:2191} INFO - Executing <Task(PythonOperator): predict_best_model> on 2025-06-01 22:47:15.461339+00:00
[2025-06-01T22:52:21.970+0000] {standard_task_runner.py:60} INFO - Started process 756 to run task
[2025-06-01T22:52:21.972+0000] {standard_task_runner.py:87} INFO - Running: ['***', 'tasks', 'run', 'movie_recommendation_pipeline', 'predict_best_model', 'manual__2025-06-01T22:47:15.461339+00:00', '--job-id', '1310', '--raw', '--subdir', 'DAGS_FOLDER/mlops_movie_dag.py', '--cfg-path', '/tmp/tmpg72g4oen']
[2025-06-01T22:52:21.973+0000] {standard_task_runner.py:88} INFO - Job 1310: Subtask predict_best_model
[2025-06-01T22:52:22.003+0000] {task_command.py:423} INFO - Running <TaskInstance: movie_recommendation_pipeline.predict_best_model manual__2025-06-01T22:47:15.461339+00:00 [running]> on host aa4de0bdb8f9
[2025-06-01T22:52:22.053+0000] {taskinstance.py:2480} INFO - Exporting env vars: AIRFLOW_CTX_DAG_OWNER='***' AIRFLOW_CTX_DAG_ID='movie_recommendation_pipeline' AIRFLOW_CTX_TASK_ID='predict_best_model' AIRFLOW_CTX_EXECUTION_DATE='2025-06-01T22:47:15.461339+00:00' AIRFLOW_CTX_TRY_NUMBER='1' AIRFLOW_CTX_DAG_RUN_ID='manual__2025-06-01T22:47:15.461339+00:00'
[2025-06-01T22:52:22.053+0000] {mlops_movie_dag.py:12} INFO - 🟦 Running command: python /opt/***/src/models/predict_best_model.py
[2025-06-01T22:52:32.322+0000] {mlops_movie_dag.py:18} INFO - 🟩 [stdout]:
🏃 View run predict_best_model at: https://dagshub.com/sacer11/MLOps_movie_rec_apr25.mlflow/#/experiments/3/runs/81418f3669a4415bad8674f3cf6bad09
🧪 View experiment at: https://dagshub.com/sacer11/MLOps_movie_rec_apr25.mlflow/#/experiments/3

[2025-06-01T22:52:32.323+0000] {mlops_movie_dag.py:20} WARNING - 🟨 [stderr]:
2025-06-01 22:52:23,803 - INFO - 🚀 Starte Vorhersage mit MLflow Registry & DVC-Modell
2025-06-01 22:52:23,995 - INFO - 🔎 Bestes Modell laut Registry: Typ='hybrid', Version=96
2025-06-01 22:52:23,996 - INFO - 📦 Modell bereits lokal vorhanden: /opt/***/models/hybrid_model.pkl
2025-06-01 22:52:24,918 - INFO - 📦 Modell geladen: /opt/***/models/hybrid_model.pkl
2025-06-01 22:52:27,612 - INFO - 📥 Eingabematrix geladen: /opt/***/data/processed/hybrid_matrix.csv – Shape: (10381, 1428)
/home/***/.local/lib/python3.10/site-packages/sklearn/base.py:458: UserWarning: X has feature names, but NearestNeighbors was fitted without feature names
  warnings.warn(
2025-06-01 22:52:27,733 - INFO - 💾 Vorhersagen gespeichert unter: /opt/***/data/predictions.csv
2025-06-01 22:52:31,997 - INFO - ✅ Predictions erfolgreich in MLflow geloggt

[2025-06-01T22:52:32.323+0000] {python.py:201} INFO - Done. Returned value was: None
[2025-06-01T22:52:32.331+0000] {taskinstance.py:1138} INFO - Marking task as SUCCESS. dag_id=movie_recommendation_pipeline, task_id=predict_best_model, execution_date=20250601T224715, start_date=20250601T225221, end_date=20250601T225232
[2025-06-01T22:52:32.364+0000] {local_task_job_runner.py:234} INFO - Task exited with return code 0
[2025-06-01T22:52:32.376+0000] {taskinstance.py:3280} INFO - 0 downstream tasks scheduled from follow-on schedule check
