[2025-05-30T14:48:26.396+0000] {taskinstance.py:1956} INFO - Dependencies all met for dep_context=non-requeueable deps ti=<TaskInstance: movie_recommendation_pipeline.check_structure manual__2025-05-30T14:43:22.940762+00:00 [queued]>
[2025-05-30T14:48:26.403+0000] {taskinstance.py:1956} INFO - Dependencies all met for dep_context=requeueable deps ti=<TaskInstance: movie_recommendation_pipeline.check_structure manual__2025-05-30T14:43:22.940762+00:00 [queued]>
[2025-05-30T14:48:26.404+0000] {taskinstance.py:2170} INFO - Starting attempt 2 of 2
[2025-05-30T14:48:26.416+0000] {taskinstance.py:2191} INFO - Executing <Task(PythonOperator): check_structure> on 2025-05-30 14:43:22.940762+00:00
[2025-05-30T14:48:26.426+0000] {standard_task_runner.py:60} INFO - Started process 662 to run task
[2025-05-30T14:48:26.429+0000] {standard_task_runner.py:87} INFO - Running: ['***', 'tasks', 'run', 'movie_recommendation_pipeline', 'check_structure', 'manual__2025-05-30T14:43:22.940762+00:00', '--job-id', '20', '--raw', '--subdir', 'DAGS_FOLDER/mlops_movie_dag.py', '--cfg-path', '/tmp/tmplpzc9y1q']
[2025-05-30T14:48:26.432+0000] {standard_task_runner.py:88} INFO - Job 20: Subtask check_structure
[2025-05-30T14:48:26.484+0000] {task_command.py:423} INFO - Running <TaskInstance: movie_recommendation_pipeline.check_structure manual__2025-05-30T14:43:22.940762+00:00 [running]> on host 0a69d74bc359
[2025-05-30T14:48:26.548+0000] {taskinstance.py:2480} INFO - Exporting env vars: AIRFLOW_CTX_DAG_OWNER='***' AIRFLOW_CTX_DAG_ID='movie_recommendation_pipeline' AIRFLOW_CTX_TASK_ID='check_structure' AIRFLOW_CTX_EXECUTION_DATE='2025-05-30T14:43:22.940762+00:00' AIRFLOW_CTX_TRY_NUMBER='2' AIRFLOW_CTX_DAG_RUN_ID='manual__2025-05-30T14:43:22.940762+00:00'
[2025-05-30T14:48:26.551+0000] {logging_mixin.py:188} INFO - File movies.csv already exists. Do you want to overwrite it? (y/n): 
[2025-05-30T14:48:26.552+0000] {taskinstance.py:2698} ERROR - Task failed with exception
Traceback (most recent call last):
  File "/home/airflow/.local/lib/python3.10/site-packages/airflow/models/taskinstance.py", line 433, in _execute_task
    result = execute_callable(context=context, **execute_callable_kwargs)
  File "/home/airflow/.local/lib/python3.10/site-packages/airflow/operators/python.py", line 199, in execute
    return_value = self.execute_callable()
  File "/home/airflow/.local/lib/python3.10/site-packages/airflow/operators/python.py", line 216, in execute_callable
    return self.python_callable(*self.op_args, **self.op_kwargs)
  File "/opt/airflow/dags/mlops_movie_dag.py", line 23, in run_check_structure
    check_existing_file("/opt/airflow/data/raw/movies.csv")
  File "/opt/airflow/src/data/check_structure.py", line 7, in check_existing_file
    response = input(f"File {os.path.basename(file_path)} already exists. Do you want to overwrite it? (y/n): ")
EOFError: EOF when reading a line
[2025-05-30T14:48:26.565+0000] {taskinstance.py:1138} INFO - Marking task as FAILED. dag_id=movie_recommendation_pipeline, task_id=check_structure, execution_date=20250530T144322, start_date=20250530T144826, end_date=20250530T144826
[2025-05-30T14:48:26.575+0000] {standard_task_runner.py:107} ERROR - Failed to execute job 20 for task check_structure (EOF when reading a line; 662)
[2025-05-30T14:48:26.604+0000] {local_task_job_runner.py:234} INFO - Task exited with return code 1
[2025-05-30T14:48:26.625+0000] {taskinstance.py:3280} INFO - 0 downstream tasks scheduled from follow-on schedule check
