[2025-06-05T18:23:45.701+0000] {taskinstance.py:1956} INFO - Dependencies all met for dep_context=non-requeueable deps ti=<TaskInstance: deep_models_pipeline.train_deep_user_model manual__2025-06-05T18:17:20.878447+00:00 [queued]>
[2025-06-05T18:23:45.711+0000] {taskinstance.py:1956} INFO - Dependencies all met for dep_context=requeueable deps ti=<TaskInstance: deep_models_pipeline.train_deep_user_model manual__2025-06-05T18:17:20.878447+00:00 [queued]>
[2025-06-05T18:23:45.712+0000] {taskinstance.py:2170} INFO - Starting attempt 2 of 3
[2025-06-05T18:23:45.725+0000] {taskinstance.py:2191} INFO - Executing <Task(PythonOperator): train_deep_user_model> on 2025-06-05 18:17:20.878447+00:00
[2025-06-05T18:23:45.737+0000] {standard_task_runner.py:60} INFO - Started process 338 to run task
[2025-06-05T18:23:45.740+0000] {standard_task_runner.py:87} INFO - Running: ['***', 'tasks', 'run', 'deep_models_pipeline', 'train_deep_user_model', 'manual__2025-06-05T18:17:20.878447+00:00', '--job-id', '1951', '--raw', '--subdir', 'DAGS_FOLDER/train_deep_model_dag.py', '--cfg-path', '/tmp/tmpeftsumcc']
[2025-06-05T18:23:45.741+0000] {standard_task_runner.py:88} INFO - Job 1951: Subtask train_deep_user_model
[2025-06-05T18:23:45.786+0000] {task_command.py:423} INFO - Running <TaskInstance: deep_models_pipeline.train_deep_user_model manual__2025-06-05T18:17:20.878447+00:00 [running]> on host 380fc082ee8f
[2025-06-05T18:23:45.932+0000] {taskinstance.py:2480} INFO - Exporting env vars: AIRFLOW_CTX_DAG_OWNER='***' AIRFLOW_CTX_DAG_ID='deep_models_pipeline' AIRFLOW_CTX_TASK_ID='train_deep_user_model' AIRFLOW_CTX_EXECUTION_DATE='2025-06-05T18:17:20.878447+00:00' AIRFLOW_CTX_TRY_NUMBER='2' AIRFLOW_CTX_DAG_RUN_ID='manual__2025-06-05T18:17:20.878447+00:00'
[2025-06-05T18:23:45.934+0000] {train_deep_model_dag.py:13} INFO - 🟦 Running command: python /opt/***/src/models/train_user_deep_model.py --n_neighbors=10 --latent_dim=32
[2025-06-05T18:29:29.591+0000] {train_deep_model_dag.py:20} INFO - 🟩 [stdout]:
🏃 View run train_user_deep_model at: https://dagshub.com/sacer11/MLOps_movie_rec_apr25.mlflow/#/experiments/6/runs/5d788844552844ab8c7d106b4202ac33
🧪 View experiment at: https://dagshub.com/sacer11/MLOps_movie_rec_apr25.mlflow/#/experiments/6

[2025-06-05T18:29:29.592+0000] {train_deep_model_dag.py:22} WARNING - 🟨 [stderr]:
/home/***/.local/lib/python3.10/site-packages/mlflow/pyfunc/utils/data_validation.py:186: UserWarning: [33mAdd type hints to the `predict` method to enable data validation and automatic signature inference during model logging. Check https://mlflow.org/docs/latest/model/python_model.html#type-hint-usage-in-pythonmodel for more details.[0m
  color_warning(
2025-06-05 18:27:11,714 - __main__ - INFO - Epoch 1/25: Loss = 0.0005
2025-06-05 18:27:14,199 - __main__ - INFO - Epoch 2/25: Loss = 0.0000
2025-06-05 18:27:16,578 - __main__ - INFO - Epoch 3/25: Loss = 0.0000
2025-06-05 18:27:19,119 - __main__ - INFO - Epoch 4/25: Loss = 0.0000
2025-06-05 18:27:21,916 - __main__ - INFO - Epoch 5/25: Loss = 0.0000
2025-06-05 18:27:24,667 - __main__ - INFO - Epoch 6/25: Loss = 0.0000
2025-06-05 18:27:27,339 - __main__ - INFO - Epoch 7/25: Loss = 0.0000
2025-06-05 18:27:29,807 - __main__ - INFO - Epoch 8/25: Loss = 0.0000
2025-06-05 18:27:32,330 - __main__ - INFO - Epoch 9/25: Loss = 0.0000
2025-06-05 18:27:34,716 - __main__ - INFO - Epoch 10/25: Loss = 0.0000
2025-06-05 18:27:37,082 - __main__ - INFO - Epoch 11/25: Loss = 0.0000
2025-06-05 18:27:39,461 - __main__ - INFO - Epoch 12/25: Loss = 0.0000
2025-06-05 18:27:41,797 - __main__ - INFO - Epoch 13/25: Loss = 0.0000
2025-06-05 18:27:44,166 - __main__ - INFO - Epoch 14/25: Loss = 0.0000
2025-06-05 18:27:46,641 - __main__ - INFO - Epoch 15/25: Loss = 0.0000
2025-06-05 18:27:49,030 - __main__ - INFO - Epoch 16/25: Loss = 0.0000
2025-06-05 18:27:51,433 - __main__ - INFO - Epoch 17/25: Loss = 0.0000
2025-06-05 18:27:54,049 - __main__ - INFO - Epoch 18/25: Loss = 0.0000
2025-06-05 18:27:56,419 - __main__ - INFO - Epoch 19/25: Loss = 0.0000
2025-06-05 18:27:58,780 - __main__ - INFO - Epoch 20/25: Loss = 0.0000
2025-06-05 18:28:01,232 - __main__ - INFO - Epoch 21/25: Loss = 0.0000
2025-06-05 18:28:03,668 - __main__ - INFO - Epoch 22/25: Loss = 0.0000
2025-06-05 18:28:06,125 - __main__ - INFO - Epoch 23/25: Loss = 0.0000
2025-06-05 18:28:08,472 - __main__ - INFO - Epoch 24/25: Loss = 0.0000
2025-06-05 18:28:10,814 - __main__ - INFO - Epoch 25/25: Loss = 0.0000
2025-06-05 18:28:14,150 - __main__ - INFO - ✅ User-Embeddings gespeichert unter /opt/***/data/processed/user_deep_embedding.csv
2025-06-05 18:28:14,815 - __main__ - INFO - ✅ Deep KNN Modell gespeichert unter /opt/***/models/user_deep_knn.pkl
2025-06-05 18:28:14,818 - __main__ - INFO - ✅ Parameter als JSON gespeichert: /opt/***/models/user_deep_model_params.json
2025/06/05 18:28:46 INFO mlflow.pyfunc: Validating input example against model signature

Downloading artifacts:   0%|          | 0/1 [00:00<?, ?it/s]
Downloading artifacts: 100%|██████████| 1/1 [00:00<00:00,  1.29it/s]
Downloading artifacts: 100%|██████████| 1/1 [00:00<00:00,  1.29it/s]
Downloading artifacts: 100%|██████████| 1/1 [00:00<00:00,  1.29it/s]
Registered model 'user_deep_model' already exists. Creating a new version of this model...
2025/06/05 18:29:22 INFO mlflow.store.model_registry.abstract_store: Waiting up to 300 seconds for model version to finish creation. Model name: user_deep_model, version 7
Created version '7' of model 'user_deep_model'.
2025-06-05 18:29:26,050 - __main__ - INFO - 📝 Tags für Modellversion 7 gesetzt: n_neighbors=10, latent_dim=32
2025-06-05 18:29:27,966 - __main__ - INFO - 🏁 Deep User-Model Training abgeschlossen und geloggt.

[2025-06-05T18:29:29.593+0000] {python.py:201} INFO - Done. Returned value was: None
[2025-06-05T18:29:29.604+0000] {taskinstance.py:1138} INFO - Marking task as SUCCESS. dag_id=deep_models_pipeline, task_id=train_deep_user_model, execution_date=20250605T181720, start_date=20250605T182345, end_date=20250605T182929
[2025-06-05T18:29:29.633+0000] {local_task_job_runner.py:234} INFO - Task exited with return code 0
[2025-06-05T18:29:29.654+0000] {taskinstance.py:3280} INFO - 0 downstream tasks scheduled from follow-on schedule check
