[2025-06-06T21:17:29.310+0000] {taskinstance.py:1956} INFO - Dependencies all met for dep_context=non-requeueable deps ti=<TaskInstance: deep_models_pipeline.predict_best_model manual__2025-06-06T21:15:47.243535+00:00 [queued]>
[2025-06-06T21:17:29.319+0000] {taskinstance.py:1956} INFO - Dependencies all met for dep_context=requeueable deps ti=<TaskInstance: deep_models_pipeline.predict_best_model manual__2025-06-06T21:15:47.243535+00:00 [queued]>
[2025-06-06T21:17:29.320+0000] {taskinstance.py:2170} INFO - Starting attempt 1 of 3
[2025-06-06T21:17:29.332+0000] {taskinstance.py:2191} INFO - Executing <Task(PythonOperator): predict_best_model> on 2025-06-06 21:15:47.243535+00:00
[2025-06-06T21:17:29.342+0000] {standard_task_runner.py:60} INFO - Started process 629 to run task
[2025-06-06T21:17:29.344+0000] {standard_task_runner.py:87} INFO - Running: ['***', 'tasks', 'run', 'deep_models_pipeline', 'predict_best_model', 'manual__2025-06-06T21:15:47.243535+00:00', '--job-id', '2288', '--raw', '--subdir', 'DAGS_FOLDER/train_deep_model_dag.py', '--cfg-path', '/tmp/tmpyavs2z4h']
[2025-06-06T21:17:29.345+0000] {standard_task_runner.py:88} INFO - Job 2288: Subtask predict_best_model
[2025-06-06T21:17:29.388+0000] {task_command.py:423} INFO - Running <TaskInstance: deep_models_pipeline.predict_best_model manual__2025-06-06T21:15:47.243535+00:00 [running]> on host fa7df0d4030e
[2025-06-06T21:17:29.471+0000] {taskinstance.py:2480} INFO - Exporting env vars: AIRFLOW_CTX_DAG_OWNER='***' AIRFLOW_CTX_DAG_ID='deep_models_pipeline' AIRFLOW_CTX_TASK_ID='predict_best_model' AIRFLOW_CTX_EXECUTION_DATE='2025-06-06T21:15:47.243535+00:00' AIRFLOW_CTX_TRY_NUMBER='1' AIRFLOW_CTX_DAG_RUN_ID='manual__2025-06-06T21:15:47.243535+00:00'
[2025-06-06T21:17:29.473+0000] {train_deep_model_dag.py:13} INFO - 🟦 Running command: python /opt/***/src/models/predict_best_model.py
[2025-06-06T21:17:53.707+0000] {train_deep_model_dag.py:20} INFO - 🟩 [stdout]:
🏃 View run predict_best_model_hybrid_deep at: https://dagshub.com/sacer11/MLOps_movie_rec_apr25.mlflow/#/experiments/11/runs/866eda4085f0420aa476e40816f2ee66
🧪 View experiment at: https://dagshub.com/sacer11/MLOps_movie_rec_apr25.mlflow/#/experiments/11

[2025-06-06T21:17:53.708+0000] {train_deep_model_dag.py:22} WARNING - 🟨 [stderr]:
2025-06-06 21:17:31,501 - INFO - 🚀 Starte Prediction für hybrid_deep_model über MLflow Registry
2025-06-06 21:17:31,502 - INFO - 📦 Lade Modell: models:/hybrid_deep_model@best_model

Downloading artifacts:   0%|          | 0/8 [00:00<?, ?it/s]
Downloading artifacts:  12%|█▎        | 1/8 [00:00<00:06,  1.00it/s]
Downloading artifacts:  12%|█▎        | 1/8 [00:00<00:06,  1.00it/s]
Downloading artifacts:  25%|██▌       | 2/8 [00:02<00:06,  1.01s/it]
Downloading artifacts:  25%|██▌       | 2/8 [00:02<00:06,  1.01s/it]
Downloading artifacts:  38%|███▊      | 3/8 [00:02<00:04,  1.01it/s]
Downloading artifacts:  38%|███▊      | 3/8 [00:02<00:04,  1.01it/s]
Downloading artifacts:  50%|█████     | 4/8 [00:03<00:03,  1.01it/s]
Downloading artifacts:  50%|█████     | 4/8 [00:03<00:03,  1.01it/s]
Downloading artifacts:  62%|██████▎   | 5/8 [00:05<00:03,  1.25s/it]
Downloading artifacts:  62%|██████▎   | 5/8 [00:05<00:03,  1.25s/it]
Downloading artifacts:  75%|███████▌  | 6/8 [00:05<00:01,  1.08it/s]
Downloading artifacts:  75%|███████▌  | 6/8 [00:05<00:01,  1.08it/s]
Downloading artifacts:  88%|████████▊ | 7/8 [00:07<00:00,  1.04it/s]
Downloading artifacts:  88%|████████▊ | 7/8 [00:07<00:00,  1.04it/s]
Downloading artifacts: 100%|██████████| 8/8 [00:08<00:00,  1.19s/it]
Downloading artifacts: 100%|██████████| 8/8 [00:08<00:00,  1.19s/it]
Downloading artifacts: 100%|██████████| 8/8 [00:08<00:00,  1.09s/it]
2025-06-06 21:17:45,115 - INFO - 📥 Embedding geladen: /opt/***/data/processed/hybrid_deep_embedding.csv – Shape: (10381, 32)
2025-06-06 21:17:45,241 - INFO - 💾 Vorhersagen gespeichert unter: /opt/***/data/processed/predictions_hybrid_deep_model.csv
2025-06-06 21:17:53,199 - INFO - ✅ Predictions erfolgreich in MLflow geloggt

[2025-06-06T21:17:53.709+0000] {python.py:201} INFO - Done. Returned value was: None
[2025-06-06T21:17:53.722+0000] {taskinstance.py:1138} INFO - Marking task as SUCCESS. dag_id=deep_models_pipeline, task_id=predict_best_model, execution_date=20250606T211547, start_date=20250606T211729, end_date=20250606T211753
[2025-06-06T21:17:53.759+0000] {local_task_job_runner.py:234} INFO - Task exited with return code 0
[2025-06-06T21:17:53.776+0000] {taskinstance.py:3280} INFO - 0 downstream tasks scheduled from follow-on schedule check
