[2025-06-02T10:22:51.810+0000] {taskinstance.py:1956} INFO - Dependencies all met for dep_context=non-requeueable deps ti=<TaskInstance: movie_recommendation_pipeline.dvc_pull_all manual__2025-06-02T10:17:18.223328+00:00 [queued]>
[2025-06-02T10:22:51.817+0000] {taskinstance.py:1956} INFO - Dependencies all met for dep_context=requeueable deps ti=<TaskInstance: movie_recommendation_pipeline.dvc_pull_all manual__2025-06-02T10:17:18.223328+00:00 [queued]>
[2025-06-02T10:22:51.817+0000] {taskinstance.py:2170} INFO - Starting attempt 1 of 3
[2025-06-02T10:22:51.828+0000] {taskinstance.py:2191} INFO - Executing <Task(PythonOperator): dvc_pull_all> on 2025-06-02 10:17:18.223328+00:00
[2025-06-02T10:22:51.835+0000] {standard_task_runner.py:60} INFO - Started process 998 to run task
[2025-06-02T10:22:51.836+0000] {standard_task_runner.py:87} INFO - Running: ['***', 'tasks', 'run', 'movie_recommendation_pipeline', 'dvc_pull_all', 'manual__2025-06-02T10:17:18.223328+00:00', '--job-id', '1672', '--raw', '--subdir', 'DAGS_FOLDER/mlops_movie_dag.py', '--cfg-path', '/tmp/tmp4xg9lsfc']
[2025-06-02T10:22:51.838+0000] {standard_task_runner.py:88} INFO - Job 1672: Subtask dvc_pull_all
[2025-06-02T10:22:51.869+0000] {task_command.py:423} INFO - Running <TaskInstance: movie_recommendation_pipeline.dvc_pull_all manual__2025-06-02T10:17:18.223328+00:00 [running]> on host 6520fa36f146
[2025-06-02T10:22:51.921+0000] {taskinstance.py:2480} INFO - Exporting env vars: AIRFLOW_CTX_DAG_OWNER='***' AIRFLOW_CTX_DAG_ID='movie_recommendation_pipeline' AIRFLOW_CTX_TASK_ID='dvc_pull_all' AIRFLOW_CTX_EXECUTION_DATE='2025-06-02T10:17:18.223328+00:00' AIRFLOW_CTX_TRY_NUMBER='1' AIRFLOW_CTX_DAG_RUN_ID='manual__2025-06-02T10:17:18.223328+00:00'
[2025-06-02T10:22:51.922+0000] {mlops_movie_dag.py:12} INFO - 游릱 Running command: dvc pull /opt/***/models/hybrid_model.pkl
[2025-06-02T10:23:02.504+0000] {mlops_movie_dag.py:19} INFO - 游릴 [stdout]:
Everything is up to date.

[2025-06-02T10:23:02.505+0000] {mlops_movie_dag.py:12} INFO - 游릱 Running command: dvc pull /opt/***/data/processed/hybrid_matrix.csv
[2025-06-02T10:23:12.953+0000] {mlops_movie_dag.py:19} INFO - 游릴 [stdout]:
Everything is up to date.

[2025-06-02T10:23:12.954+0000] {mlops_movie_dag.py:12} INFO - 游릱 Running command: dvc pull /opt/***/data/processed/hybrid_matrix_features.txt
[2025-06-02T10:23:23.673+0000] {mlops_movie_dag.py:19} INFO - 游릴 [stdout]:
Everything is up to date.

[2025-06-02T10:23:23.674+0000] {mlops_movie_dag.py:12} INFO - 游릱 Running command: dvc pull /opt/***/models/user_model.pkl
[2025-06-02T10:23:34.336+0000] {mlops_movie_dag.py:19} INFO - 游릴 [stdout]:
Everything is up to date.

[2025-06-02T10:23:34.336+0000] {mlops_movie_dag.py:12} INFO - 游릱 Running command: dvc pull /opt/***/data/processed/user_matrix.csv
[2025-06-02T10:23:44.663+0000] {mlops_movie_dag.py:19} INFO - 游릴 [stdout]:
Everything is up to date.

[2025-06-02T10:23:44.664+0000] {mlops_movie_dag.py:12} INFO - 游릱 Running command: dvc pull /opt/***/data/processed/user_matrix_features.txt
[2025-06-02T10:23:55.581+0000] {mlops_movie_dag.py:19} INFO - 游릴 [stdout]:
Everything is up to date.

[2025-06-02T10:23:55.582+0000] {python.py:201} INFO - Done. Returned value was: None
[2025-06-02T10:23:55.592+0000] {taskinstance.py:1138} INFO - Marking task as SUCCESS. dag_id=movie_recommendation_pipeline, task_id=dvc_pull_all, execution_date=20250602T101718, start_date=20250602T102251, end_date=20250602T102355
[2025-06-02T10:23:55.611+0000] {local_task_job_runner.py:234} INFO - Task exited with return code 0
[2025-06-02T10:23:55.632+0000] {taskinstance.py:3280} INFO - 1 downstream tasks scheduled from follow-on schedule check
