[2025-06-18T12:18:40.754+0000] {taskinstance.py:1956} INFO - Dependencies all met for dep_context=non-requeueable deps ti=<TaskInstance: drift_monitoring_dag.generate_drift_report_extended manual__2025-06-18T12:18:23.006136+00:00 [queued]>
[2025-06-18T12:18:40.761+0000] {taskinstance.py:1956} INFO - Dependencies all met for dep_context=requeueable deps ti=<TaskInstance: drift_monitoring_dag.generate_drift_report_extended manual__2025-06-18T12:18:23.006136+00:00 [queued]>
[2025-06-18T12:18:40.762+0000] {taskinstance.py:2170} INFO - Starting attempt 1 of 2
[2025-06-18T12:18:40.772+0000] {taskinstance.py:2191} INFO - Executing <Task(PythonOperator): generate_drift_report_extended> on 2025-06-18 12:18:23.006136+00:00
[2025-06-18T12:18:40.778+0000] {standard_task_runner.py:60} INFO - Started process 1190 to run task
[2025-06-18T12:18:40.780+0000] {standard_task_runner.py:87} INFO - Running: ['***', 'tasks', 'run', 'drift_monitoring_dag', 'generate_drift_report_extended', 'manual__2025-06-18T12:18:23.006136+00:00', '--job-id', '580', '--raw', '--subdir', 'DAGS_FOLDER/drift_monitoring_dag.py', '--cfg-path', '/tmp/tmpo28gah08']
[2025-06-18T12:18:40.782+0000] {standard_task_runner.py:88} INFO - Job 580: Subtask generate_drift_report_extended
[2025-06-18T12:18:40.816+0000] {task_command.py:423} INFO - Running <TaskInstance: drift_monitoring_dag.generate_drift_report_extended manual__2025-06-18T12:18:23.006136+00:00 [running]> on host 6699b5c3cbca
[2025-06-18T12:18:40.876+0000] {taskinstance.py:2480} INFO - Exporting env vars: AIRFLOW_CTX_DAG_OWNER='***' AIRFLOW_CTX_DAG_ID='drift_monitoring_dag' AIRFLOW_CTX_TASK_ID='generate_drift_report_extended' AIRFLOW_CTX_EXECUTION_DATE='2025-06-18T12:18:23.006136+00:00' AIRFLOW_CTX_TRY_NUMBER='1' AIRFLOW_CTX_DAG_RUN_ID='manual__2025-06-18T12:18:23.006136+00:00'
[2025-06-18T12:18:40.877+0000] {drift_monitoring_dag.py:63} INFO - 📊 generate ext. Drift-Report...
[2025-06-18T12:18:46.607+0000] {drift_monitoring_dag.py:70} INFO - ✅ Extended Report ready with code 0
[2025-06-18T12:18:46.608+0000] {drift_monitoring_dag.py:74} WARNING - [2025-06-18 12:18:43,547] INFO - ✨ Loading reference data from /opt/***/data/processed/hybrid_deep_embedding_best.csv
[2025-06-18 12:18:43,605] INFO - ✨ Loading current data from /opt/***/data/processed/hybrid_deep_embedding.csv
[2025-06-18 12:18:43,663] INFO - ✨ Loading metrics from /opt/***/data/monitoring/metrics_from_mlflow.csv
[2025-06-18 12:18:43,669] INFO - 📊 Generating Evidently report
[2025-06-18 12:18:45,484] INFO - ✅ Drift report saved to: /opt/***/reports/drift_report_extended.html
INFO:drift_report_extended:✅ Drift report saved to: /opt/***/reports/drift_report_extended.html
[2025-06-18 12:18:45,619] INFO - 📈 Precision@10 plottet
INFO:drift_report_extended:📈 Precision@10 plottet
[2025-06-18 12:18:45,715] INFO - 📈 Drift Score lottet
INFO:drift_report_extended:📈 Drift Score lottet
[2025-06-18 12:18:45,797] INFO - 📈 Latency plottet
INFO:drift_report_extended:📈 Latency plottet

[2025-06-18T12:18:46.609+0000] {python.py:201} INFO - Done. Returned value was: None
[2025-06-18T12:18:46.618+0000] {taskinstance.py:1138} INFO - Marking task as SUCCESS. dag_id=drift_monitoring_dag, task_id=generate_drift_report_extended, execution_date=20250618T121823, start_date=20250618T121840, end_date=20250618T121846
[2025-06-18T12:18:46.658+0000] {local_task_job_runner.py:234} INFO - Task exited with return code 0
[2025-06-18T12:18:46.673+0000] {taskinstance.py:3280} INFO - 0 downstream tasks scheduled from follow-on schedule check
