[2025-06-01T16:33:04.905+0000] {taskinstance.py:1956} INFO - Dependencies all met for dep_context=non-requeueable deps ti=<TaskInstance: movie_recommendation_pipeline.train_user_model manual__2025-06-01T16:32:37.483202+00:00 [queued]>
[2025-06-01T16:33:04.911+0000] {taskinstance.py:1956} INFO - Dependencies all met for dep_context=requeueable deps ti=<TaskInstance: movie_recommendation_pipeline.train_user_model manual__2025-06-01T16:32:37.483202+00:00 [queued]>
[2025-06-01T16:33:04.912+0000] {taskinstance.py:2170} INFO - Starting attempt 1 of 3
[2025-06-01T16:33:04.923+0000] {taskinstance.py:2191} INFO - Executing <Task(PythonOperator): train_user_model> on 2025-06-01 16:32:37.483202+00:00
[2025-06-01T16:33:04.930+0000] {standard_task_runner.py:60} INFO - Started process 304 to run task
[2025-06-01T16:33:04.932+0000] {standard_task_runner.py:87} INFO - Running: ['***', 'tasks', 'run', 'movie_recommendation_pipeline', 'train_user_model', 'manual__2025-06-01T16:32:37.483202+00:00', '--job-id', '1150', '--raw', '--subdir', 'DAGS_FOLDER/mlops_movie_dag.py', '--cfg-path', '/tmp/tmpws2zdauk']
[2025-06-01T16:33:04.934+0000] {standard_task_runner.py:88} INFO - Job 1150: Subtask train_user_model
[2025-06-01T16:33:04.971+0000] {task_command.py:423} INFO - Running <TaskInstance: movie_recommendation_pipeline.train_user_model manual__2025-06-01T16:32:37.483202+00:00 [running]> on host 122ce6eebd36
[2025-06-01T16:33:05.030+0000] {taskinstance.py:2480} INFO - Exporting env vars: AIRFLOW_CTX_DAG_OWNER='***' AIRFLOW_CTX_DAG_ID='movie_recommendation_pipeline' AIRFLOW_CTX_TASK_ID='train_user_model' AIRFLOW_CTX_EXECUTION_DATE='2025-06-01T16:32:37.483202+00:00' AIRFLOW_CTX_TRY_NUMBER='1' AIRFLOW_CTX_DAG_RUN_ID='manual__2025-06-01T16:32:37.483202+00:00'
[2025-06-01T16:34:25.114+0000] {mlops_movie_dag.py:13} INFO - 
To track the changes with git, run:

	git add models/user_model.pkl.dvc

To enable auto staging, run:

	dvc config core.autostage true
fatal: detected dubious ownership in repository at '/opt/***'
To add an exception for this directory, call:

	git config --global --add safe.directory /opt/***
🚀 Starte Training des user_model
📥 Lade Bewertungen und Movie-Embeddings
⏱️ Daten geladen in 6.3s
🔄 Erstelle User-Vektoren
⏱️ User-Vektoren erstellt in 52.1s
💾 Featureliste gespeichert unter /opt/***/data/processed/user_features.csv
✅ 138493 User-Vektoren gespeichert unter /opt/***/data/processed/user_matrix.csv
📊 Trainiere NearestNeighbors-Modell
⏱️ Modelltraining: 0.2s
✅ Modell gespeichert unter /opt/***/models/user_model.pkl
Traceback (most recent call last):
  File "/opt/***/src/models/train_user_model.py", line 109, in <module>
    train_user_model()
  File "/opt/***/src/models/train_user_model.py", line 80, in train_user_model
    subprocess.run(["git", "add", f"{model_path}.dvc"], check=True)
  File "/usr/local/lib/python3.10/subprocess.py", line 526, in run
    raise CalledProcessError(retcode, process.args,
subprocess.CalledProcessError: Command '['git', 'add', '/opt/***/models/user_model.pkl.dvc']' returned non-zero exit status 128.

[2025-06-01T16:34:25.115+0000] {python.py:201} INFO - Done. Returned value was: None
[2025-06-01T16:34:25.125+0000] {taskinstance.py:1138} INFO - Marking task as SUCCESS. dag_id=movie_recommendation_pipeline, task_id=train_user_model, execution_date=20250601T163237, start_date=20250601T163304, end_date=20250601T163425
[2025-06-01T16:34:25.176+0000] {local_task_job_runner.py:234} INFO - Task exited with return code 0
[2025-06-01T16:34:25.195+0000] {taskinstance.py:3280} INFO - 0 downstream tasks scheduled from follow-on schedule check
