[2025-06-04T01:55:57.738+0000] {taskinstance.py:1956} INFO - Dependencies all met for dep_context=non-requeueable deps ti=<TaskInstance: deep_models_pipeline.train_deep_user_model manual__2025-06-04T01:55:56.758196+00:00 [queued]>
[2025-06-04T01:55:57.747+0000] {taskinstance.py:1956} INFO - Dependencies all met for dep_context=requeueable deps ti=<TaskInstance: deep_models_pipeline.train_deep_user_model manual__2025-06-04T01:55:56.758196+00:00 [queued]>
[2025-06-04T01:55:57.747+0000] {taskinstance.py:2170} INFO - Starting attempt 1 of 1
[2025-06-04T01:55:57.758+0000] {taskinstance.py:2191} INFO - Executing <Task(PythonOperator): train_deep_user_model> on 2025-06-04 01:55:56.758196+00:00
[2025-06-04T01:55:57.765+0000] {standard_task_runner.py:60} INFO - Started process 211 to run task
[2025-06-04T01:55:57.767+0000] {standard_task_runner.py:87} INFO - Running: ['***', 'tasks', 'run', 'deep_models_pipeline', 'train_deep_user_model', 'manual__2025-06-04T01:55:56.758196+00:00', '--job-id', '1743', '--raw', '--subdir', 'DAGS_FOLDER/train_deep_model_dag.py', '--cfg-path', '/tmp/tmpr6pq_6uy']
[2025-06-04T01:55:57.768+0000] {standard_task_runner.py:88} INFO - Job 1743: Subtask train_deep_user_model
[2025-06-04T01:55:57.804+0000] {task_command.py:423} INFO - Running <TaskInstance: deep_models_pipeline.train_deep_user_model manual__2025-06-04T01:55:56.758196+00:00 [running]> on host 287e8d8c3924
[2025-06-04T01:55:57.870+0000] {taskinstance.py:2480} INFO - Exporting env vars: AIRFLOW_CTX_DAG_OWNER='***' AIRFLOW_CTX_DAG_ID='deep_models_pipeline' AIRFLOW_CTX_TASK_ID='train_deep_user_model' AIRFLOW_CTX_EXECUTION_DATE='2025-06-04T01:55:56.758196+00:00' AIRFLOW_CTX_TRY_NUMBER='1' AIRFLOW_CTX_DAG_RUN_ID='manual__2025-06-04T01:55:56.758196+00:00'
[2025-06-04T01:55:57.871+0000] {train_deep_model_dag.py:11} INFO - 🟦 Running command: python /opt/***/src/models/train_user_deep_model.py --n_neighbors=10 --latent_dim=32
[2025-06-04T02:07:28.880+0000] {train_deep_model_dag.py:18} INFO - 🟩 [stdout]:
Epoch 1/25: Loss = 0.0006
Epoch 2/25: Loss = 0.0000
Epoch 3/25: Loss = 0.0000
Epoch 4/25: Loss = 0.0000
Epoch 5/25: Loss = 0.0000
Epoch 6/25: Loss = 0.0000
Epoch 7/25: Loss = 0.0000
Epoch 8/25: Loss = 0.0000
Epoch 9/25: Loss = 0.0000
Epoch 10/25: Loss = 0.0000
Epoch 11/25: Loss = 0.0000
Epoch 12/25: Loss = 0.0000
Epoch 13/25: Loss = 0.0000
Epoch 14/25: Loss = 0.0000
Epoch 15/25: Loss = 0.0000
Epoch 16/25: Loss = 0.0000
Epoch 17/25: Loss = 0.0000
Epoch 18/25: Loss = 0.0000
Epoch 19/25: Loss = 0.0000
Epoch 20/25: Loss = 0.0000
Epoch 21/25: Loss = 0.0000
Epoch 22/25: Loss = 0.0000
Epoch 23/25: Loss = 0.0000
Epoch 24/25: Loss = 0.0000
Epoch 25/25: Loss = 0.0000
✅ User-Embeddings gespeichert unter /opt/***/data/processed/user_deep_embedding.csv
✅ Deep KNN Modell gespeichert unter /opt/***/models/user_deep_knn.pkl
⚠️ Fehler beim MLflow-Logging: API request to https://dagshub.com/sacer11/MLOps_movie_rec_apr25.mlflow/api/2.0/mlflow/experiments/get-by-name failed with exception HTTPSConnectionPool(host='dagshub.com', port=443): Max retries exceeded with url: /sacer11/MLOps_movie_rec_apr25.mlflow/api/2.0/mlflow/experiments/get-by-name?experiment_name=movie_user_deep_model (Caused by ResponseError('too many 500 error responses'))
→ Das Modell wurde trotzdem lokal gespeichert (deep_knn_path).

[2025-06-04T02:07:28.881+0000] {train_deep_model_dag.py:20} WARNING - 🟨 [stderr]:
/home/***/.local/lib/python3.10/site-packages/mlflow/pyfunc/utils/data_validation.py:186: UserWarning: [33mAdd type hints to the `predict` method to enable data validation and automatic signature inference during model logging. Check https://mlflow.org/docs/latest/model/python_model.html#type-hint-usage-in-pythonmodel for more details.[0m
  color_warning(

[2025-06-04T02:07:28.882+0000] {python.py:201} INFO - Done. Returned value was: None
[2025-06-04T02:07:28.894+0000] {taskinstance.py:1138} INFO - Marking task as SUCCESS. dag_id=deep_models_pipeline, task_id=train_deep_user_model, execution_date=20250604T015556, start_date=20250604T015557, end_date=20250604T020728
[2025-06-04T02:07:28.936+0000] {local_task_job_runner.py:234} INFO - Task exited with return code 0
[2025-06-04T02:07:28.951+0000] {taskinstance.py:3280} INFO - 0 downstream tasks scheduled from follow-on schedule check
