[2025-06-02T05:58:36.274+0000] {taskinstance.py:1956} INFO - Dependencies all met for dep_context=non-requeueable deps ti=<TaskInstance: movie_recommendation_pipeline.import_raw_data manual__2025-06-02T05:58:35.671292+00:00 [queued]>
[2025-06-02T05:58:36.280+0000] {taskinstance.py:1956} INFO - Dependencies all met for dep_context=requeueable deps ti=<TaskInstance: movie_recommendation_pipeline.import_raw_data manual__2025-06-02T05:58:35.671292+00:00 [queued]>
[2025-06-02T05:58:36.281+0000] {taskinstance.py:2170} INFO - Starting attempt 1 of 3
[2025-06-02T05:58:36.290+0000] {taskinstance.py:2191} INFO - Executing <Task(PythonOperator): import_raw_data> on 2025-06-02 05:58:35.671292+00:00
[2025-06-02T05:58:36.294+0000] {standard_task_runner.py:60} INFO - Started process 1703 to run task
[2025-06-02T05:58:36.296+0000] {standard_task_runner.py:87} INFO - Running: ['***', 'tasks', 'run', 'movie_recommendation_pipeline', 'import_raw_data', 'manual__2025-06-02T05:58:35.671292+00:00', '--job-id', '1519', '--raw', '--subdir', 'DAGS_FOLDER/mlops_movie_dag.py', '--cfg-path', '/tmp/tmpbbkphyqn']
[2025-06-02T05:58:36.297+0000] {standard_task_runner.py:88} INFO - Job 1519: Subtask import_raw_data
[2025-06-02T05:58:36.331+0000] {task_command.py:423} INFO - Running <TaskInstance: movie_recommendation_pipeline.import_raw_data manual__2025-06-02T05:58:35.671292+00:00 [running]> on host 0e6e1ff1f8df
[2025-06-02T05:58:36.385+0000] {taskinstance.py:2480} INFO - Exporting env vars: AIRFLOW_CTX_DAG_OWNER='***' AIRFLOW_CTX_DAG_ID='movie_recommendation_pipeline' AIRFLOW_CTX_TASK_ID='import_raw_data' AIRFLOW_CTX_EXECUTION_DATE='2025-06-02T05:58:35.671292+00:00' AIRFLOW_CTX_TRY_NUMBER='1' AIRFLOW_CTX_DAG_RUN_ID='manual__2025-06-02T05:58:35.671292+00:00'
[2025-06-02T05:58:36.386+0000] {mlops_movie_dag.py:12} INFO - 🟦 Running command: python /opt/***/src/data/import_raw_data.py
[2025-06-02T05:58:36.586+0000] {mlops_movie_dag.py:19} INFO - 🟩 [stdout]:
✅ Datei bereits vorhanden, überspringe: genome-scores.csv
✅ Datei bereits vorhanden, überspringe: genome-tags.csv
✅ Datei bereits vorhanden, überspringe: links.csv
✅ Datei bereits vorhanden, überspringe: movies.csv
✅ Datei bereits vorhanden, überspringe: ratings.csv
✅ Datei bereits vorhanden, überspringe: README.txt
✅ Datei bereits vorhanden, überspringe: tags.csv

[2025-06-02T05:58:36.586+0000] {mlops_movie_dag.py:21} WARNING - 🟨 [stderr]:
2025-06-02 05:58:36,573 - __main__ - INFO - ✅ Rohdatenprüfung abgeschlossen.

[2025-06-02T05:58:36.587+0000] {python.py:201} INFO - Done. Returned value was: None
[2025-06-02T05:58:36.597+0000] {taskinstance.py:1138} INFO - Marking task as SUCCESS. dag_id=movie_recommendation_pipeline, task_id=import_raw_data, execution_date=20250602T055835, start_date=20250602T055836, end_date=20250602T055836
[2025-06-02T05:58:36.629+0000] {local_task_job_runner.py:234} INFO - Task exited with return code 0
[2025-06-02T05:58:36.649+0000] {taskinstance.py:3280} INFO - 1 downstream tasks scheduled from follow-on schedule check
