[2025-06-08T15:34:52.462+0000] {taskinstance.py:1956} INFO - Dependencies all met for dep_context=non-requeueable deps ti=<TaskInstance: deep_models_pipeline.train_deep_hybrid_model manual__2025-06-08T15:34:47.662321+00:00 [queued]>
[2025-06-08T15:34:52.468+0000] {taskinstance.py:1956} INFO - Dependencies all met for dep_context=requeueable deps ti=<TaskInstance: deep_models_pipeline.train_deep_hybrid_model manual__2025-06-08T15:34:47.662321+00:00 [queued]>
[2025-06-08T15:34:52.469+0000] {taskinstance.py:2170} INFO - Starting attempt 1 of 3
[2025-06-08T15:34:52.478+0000] {taskinstance.py:2191} INFO - Executing <Task(PythonOperator): train_deep_hybrid_model> on 2025-06-08 15:34:47.662321+00:00
[2025-06-08T15:34:52.484+0000] {standard_task_runner.py:60} INFO - Started process 314 to run task
[2025-06-08T15:34:52.486+0000] {standard_task_runner.py:87} INFO - Running: ['***', 'tasks', 'run', 'deep_models_pipeline', 'train_deep_hybrid_model', 'manual__2025-06-08T15:34:47.662321+00:00', '--job-id', '3282', '--raw', '--subdir', 'DAGS_FOLDER/train_deep_model_dag.py', '--cfg-path', '/tmp/tmpipcaot3a']
[2025-06-08T15:34:52.487+0000] {standard_task_runner.py:88} INFO - Job 3282: Subtask train_deep_hybrid_model
[2025-06-08T15:34:52.521+0000] {task_command.py:423} INFO - Running <TaskInstance: deep_models_pipeline.train_deep_hybrid_model manual__2025-06-08T15:34:47.662321+00:00 [running]> on host 38ed21fd2473
[2025-06-08T15:34:52.583+0000] {taskinstance.py:2480} INFO - Exporting env vars: AIRFLOW_CTX_DAG_OWNER='***' AIRFLOW_CTX_DAG_ID='deep_models_pipeline' AIRFLOW_CTX_TASK_ID='train_deep_hybrid_model' AIRFLOW_CTX_EXECUTION_DATE='2025-06-08T15:34:47.662321+00:00' AIRFLOW_CTX_TRY_NUMBER='1' AIRFLOW_CTX_DAG_RUN_ID='manual__2025-06-08T15:34:47.662321+00:00'
[2025-06-08T15:34:52.584+0000] {train_deep_model_dag.py:13} INFO - 🟦 Running command: python /opt/***/src/models/train_hybrid_deep_model.py --n_neighbors=15 --latent_dim=32 --epochs=30 --tfidf_features=300
[2025-06-08T15:36:06.856+0000] {train_deep_model_dag.py:20} INFO - 🟩 [stdout]:
🏃 View run train_hybrid_deep_model at: https://dagshub.com/sacer11/MLOps_movie_rec_apr25.mlflow/#/experiments/10/runs/e78471b4fb3944019a96a5c65e0254fd
🧪 View experiment at: https://dagshub.com/sacer11/MLOps_movie_rec_apr25.mlflow/#/experiments/10

[2025-06-08T15:36:06.857+0000] {train_deep_model_dag.py:22} WARNING - 🟨 [stderr]:
2025-06-08 15:34:57,547 - __main__ - INFO - 📥 Lade Rohdaten und baue Hybrid-Feature-Matrix ...
2025-06-08 15:35:02,561 - __main__ - INFO - 📐 Hybrid-Matrix erstellt mit Shape: (10381, 1429), Feature-Namen: 1429
2025-06-08 15:35:12,572 - __main__ - INFO - 💾 Hybrid-Matrix gespeichert unter /opt/***/data/processed/hybrid_matrix.csv
2025-06-08 15:35:12,663 - __main__ - INFO - 🚀 Starte Training Autoencoder ...
2025-06-08 15:35:13,677 - __main__ - INFO - Epoch 1/30: Loss = 0.0122
2025-06-08 15:35:13,919 - __main__ - INFO - Epoch 2/30: Loss = 0.0070
2025-06-08 15:35:14,171 - __main__ - INFO - Epoch 3/30: Loss = 0.0061
2025-06-08 15:35:14,423 - __main__ - INFO - Epoch 4/30: Loss = 0.0056
2025-06-08 15:35:14,658 - __main__ - INFO - Epoch 5/30: Loss = 0.0054
2025-06-08 15:35:14,903 - __main__ - INFO - Epoch 6/30: Loss = 0.0052
2025-06-08 15:35:15,140 - __main__ - INFO - Epoch 7/30: Loss = 0.0051
2025-06-08 15:35:15,381 - __main__ - INFO - Epoch 8/30: Loss = 0.0050
2025-06-08 15:35:15,614 - __main__ - INFO - Epoch 9/30: Loss = 0.0049
2025-06-08 15:35:15,848 - __main__ - INFO - Epoch 10/30: Loss = 0.0048
2025-06-08 15:35:16,069 - __main__ - INFO - Epoch 11/30: Loss = 0.0048
2025-06-08 15:35:16,294 - __main__ - INFO - Epoch 12/30: Loss = 0.0047
2025-06-08 15:35:16,523 - __main__ - INFO - Epoch 13/30: Loss = 0.0047
2025-06-08 15:35:16,760 - __main__ - INFO - Epoch 14/30: Loss = 0.0046
2025-06-08 15:35:17,016 - __main__ - INFO - Epoch 15/30: Loss = 0.0046
2025-06-08 15:35:17,260 - __main__ - INFO - Epoch 16/30: Loss = 0.0046
2025-06-08 15:35:17,513 - __main__ - INFO - Epoch 17/30: Loss = 0.0046
2025-06-08 15:35:17,751 - __main__ - INFO - Epoch 18/30: Loss = 0.0045
2025-06-08 15:35:17,983 - __main__ - INFO - Epoch 19/30: Loss = 0.0045
2025-06-08 15:35:18,217 - __main__ - INFO - Epoch 20/30: Loss = 0.0045
2025-06-08 15:35:18,442 - __main__ - INFO - Epoch 21/30: Loss = 0.0045
2025-06-08 15:35:18,738 - __main__ - INFO - Epoch 22/30: Loss = 0.0044
2025-06-08 15:35:18,998 - __main__ - INFO - Epoch 23/30: Loss = 0.0044
2025-06-08 15:35:19,257 - __main__ - INFO - Epoch 24/30: Loss = 0.0044
2025-06-08 15:35:19,491 - __main__ - INFO - Epoch 25/30: Loss = 0.0044
2025-06-08 15:35:19,726 - __main__ - INFO - Epoch 26/30: Loss = 0.0044
2025-06-08 15:35:19,958 - __main__ - INFO - Epoch 27/30: Loss = 0.0044
2025-06-08 15:35:20,185 - __main__ - INFO - Epoch 28/30: Loss = 0.0043
2025-06-08 15:35:20,414 - __main__ - INFO - Epoch 29/30: Loss = 0.0043
2025-06-08 15:35:20,656 - __main__ - INFO - Epoch 30/30: Loss = 0.0043
2025-06-08 15:35:20,886 - __main__ - INFO - ✅ Hybrid-Embeddings gespeichert unter /opt/***/data/processed/hybrid_deep_embedding.csv
2025-06-08 15:35:20,886 - __main__ - INFO - ✅ Hybrid-Embeddings gespeichert unter /opt/***/data/processed/hybrid_deep_embedding.csv
2025-06-08 15:35:20,896 - __main__ - INFO - ✅ Deep KNN Modell gespeichert unter /opt/***/models/hybrid_deep_knn.pkl
2025/06/08 15:35:27 INFO mlflow.pyfunc: Validating input example against model signature

Downloading artifacts:   0%|          | 0/1 [00:00<?, ?it/s]
Downloading artifacts: 100%|██████████| 1/1 [00:00<00:00, 80.86it/s]
Downloading artifacts: 100%|██████████| 1/1 [00:00<00:00, 79.78it/s]
Registered model 'hybrid_deep_model' already exists. Creating a new version of this model...
2025/06/08 15:35:44 INFO mlflow.store.model_registry.abstract_store: Waiting up to 300 seconds for model version to finish creation. Model name: hybrid_deep_model, version 33
Created version '33' of model 'hybrid_deep_model'.
2025-06-08 15:36:02,779 - __main__ - INFO - 📝 Tags für Modellversion 33 gesetzt: n_neighbors=15, latent_dim=32, tfidf_features=300, epochs=30
2025-06-08 15:36:05,790 - __main__ - INFO - 🏁 Deep Hybrid-Model Training abgeschlossen und geloggt.

[2025-06-08T15:36:06.858+0000] {python.py:201} INFO - Done. Returned value was: None
[2025-06-08T15:36:06.868+0000] {taskinstance.py:1138} INFO - Marking task as SUCCESS. dag_id=deep_models_pipeline, task_id=train_deep_hybrid_model, execution_date=20250608T153447, start_date=20250608T153452, end_date=20250608T153606
[2025-06-08T15:36:06.902+0000] {local_task_job_runner.py:234} INFO - Task exited with return code 0
[2025-06-08T15:36:06.929+0000] {taskinstance.py:3280} INFO - 1 downstream tasks scheduled from follow-on schedule check
