[2025-06-18T13:26:59.232+0000] {taskinstance.py:1956} INFO - Dependencies all met for dep_context=non-requeueable deps ti=<TaskInstance: deep_models_pipeline.train_deep_hybrid_model manual__2025-06-18T13:26:53.587560+00:00 [queued]>
[2025-06-18T13:26:59.239+0000] {taskinstance.py:1956} INFO - Dependencies all met for dep_context=requeueable deps ti=<TaskInstance: deep_models_pipeline.train_deep_hybrid_model manual__2025-06-18T13:26:53.587560+00:00 [queued]>
[2025-06-18T13:26:59.240+0000] {taskinstance.py:2170} INFO - Starting attempt 1 of 3
[2025-06-18T13:26:59.251+0000] {taskinstance.py:2191} INFO - Executing <Task(PythonOperator): train_deep_hybrid_model> on 2025-06-18 13:26:53.587560+00:00
[2025-06-18T13:26:59.258+0000] {standard_task_runner.py:60} INFO - Started process 2297 to run task
[2025-06-18T13:26:59.261+0000] {standard_task_runner.py:87} INFO - Running: ['***', 'tasks', 'run', 'deep_models_pipeline', 'train_deep_hybrid_model', 'manual__2025-06-18T13:26:53.587560+00:00', '--job-id', '616', '--raw', '--subdir', 'DAGS_FOLDER/train_deep_model_dag.py', '--cfg-path', '/tmp/tmprwxg1_1e']
[2025-06-18T13:26:59.262+0000] {standard_task_runner.py:88} INFO - Job 616: Subtask train_deep_hybrid_model
[2025-06-18T13:26:59.302+0000] {task_command.py:423} INFO - Running <TaskInstance: deep_models_pipeline.train_deep_hybrid_model manual__2025-06-18T13:26:53.587560+00:00 [running]> on host 3cef70cd7501
[2025-06-18T13:26:59.366+0000] {taskinstance.py:2480} INFO - Exporting env vars: AIRFLOW_CTX_DAG_OWNER='***' AIRFLOW_CTX_DAG_ID='deep_models_pipeline' AIRFLOW_CTX_TASK_ID='train_deep_hybrid_model' AIRFLOW_CTX_EXECUTION_DATE='2025-06-18T13:26:53.587560+00:00' AIRFLOW_CTX_TRY_NUMBER='1' AIRFLOW_CTX_DAG_RUN_ID='manual__2025-06-18T13:26:53.587560+00:00'
[2025-06-18T13:26:59.366+0000] {train_deep_model_dag.py:14} INFO - 🟦 Running command: python /opt/***/src/movie/models/train_hybrid_deep_model.py
[2025-06-18T13:26:59.367+0000] {train_deep_model_dag.py:15} INFO - 🟦 Working directory: /opt/***
[2025-06-18T13:26:59.367+0000] {train_deep_model_dag.py:16} INFO - MLflow Tracking URI: https://dagshub.com/sacer11/MLOps_movie_rec_apr25.mlflow
[2025-06-18T13:26:59.368+0000] {train_deep_model_dag.py:17} INFO - User: Klemp.Thomas
[2025-06-18T13:26:59.368+0000] {train_deep_model_dag.py:18} INFO - Password: 24a59c66cf
[2025-06-18T13:28:27.601+0000] {train_deep_model_dag.py:25} INFO - 🟩 [stdout]:
🏃 View run train_hybrid_deep_model at: https://dagshub.com/sacer11/MLOps_movie_rec_apr25.mlflow/#/experiments/10/runs/b9528a7c3f45461f8b810ce4fbf9f1f3
🧪 View experiment at: https://dagshub.com/sacer11/MLOps_movie_rec_apr25.mlflow/#/experiments/10

[2025-06-18T13:28:27.602+0000] {train_deep_model_dag.py:27} WARNING - 🟨 [stderr]:
2025-06-18 13:27:06,530 - __main__ - INFO - 📥 Loading raw data and building hybrid feature matrix ...
2025-06-18 13:27:12,180 - __main__ - INFO - 📐 Hybrid matrix created with shape: (10381, 1429), number of features: 1429
2025-06-18 13:27:23,005 - __main__ - INFO - 💾 Hybrid matrix saved at /opt/***/data/processed/hybrid_matrix.csv
2025-06-18 13:27:23,093 - __main__ - INFO - 🚀 Starting Autoencoder training ...
2025-06-18 13:27:24,678 - __main__ - INFO - Epoch 1/30: Loss = 0.0032
2025-06-18 13:27:25,051 - __main__ - INFO - Epoch 2/30: Loss = 0.0019
2025-06-18 13:27:25,433 - __main__ - INFO - Epoch 3/30: Loss = 0.0016
2025-06-18 13:27:25,771 - __main__ - INFO - Epoch 4/30: Loss = 0.0015
2025-06-18 13:27:26,118 - __main__ - INFO - Epoch 5/30: Loss = 0.0014
2025-06-18 13:27:26,440 - __main__ - INFO - Epoch 6/30: Loss = 0.0014
2025-06-18 13:27:26,761 - __main__ - INFO - Epoch 7/30: Loss = 0.0013
2025-06-18 13:27:27,078 - __main__ - INFO - Epoch 8/30: Loss = 0.0013
2025-06-18 13:27:27,416 - __main__ - INFO - Epoch 9/30: Loss = 0.0013
2025-06-18 13:27:27,741 - __main__ - INFO - Epoch 10/30: Loss = 0.0013
2025-06-18 13:27:28,072 - __main__ - INFO - Epoch 11/30: Loss = 0.0012
2025-06-18 13:27:28,405 - __main__ - INFO - Epoch 12/30: Loss = 0.0012
2025-06-18 13:27:28,738 - __main__ - INFO - Epoch 13/30: Loss = 0.0012
2025-06-18 13:27:29,056 - __main__ - INFO - Epoch 14/30: Loss = 0.0012
2025-06-18 13:27:29,376 - __main__ - INFO - Epoch 15/30: Loss = 0.0012
2025-06-18 13:27:29,670 - __main__ - INFO - Epoch 16/30: Loss = 0.0012
2025-06-18 13:27:30,000 - __main__ - INFO - Epoch 17/30: Loss = 0.0012
2025-06-18 13:27:30,341 - __main__ - INFO - Epoch 18/30: Loss = 0.0012
2025-06-18 13:27:30,341 - __main__ - INFO - ⛔️ EarlyStopping after 18 epochs (no improvement for 8)
2025-06-18 13:27:30,614 - __main__ - INFO - ✅ Hybrid embeddings saved at /opt/***/data/processed/hybrid_deep_embedding.csv
2025-06-18 13:27:30,626 - __main__ - INFO - ✅ Deep KNN model saved at /opt/***/models/hybrid_deep_knn.pkl
2025/06/18 13:27:42 INFO mlflow.pyfunc: Validating input example against model signature

Downloading artifacts:   0%|          | 0/1 [00:00<?, ?it/s]
Downloading artifacts: 100%|██████████| 1/1 [00:00<00:00, 82.68it/s]
Downloading artifacts: 100%|██████████| 1/1 [00:00<00:00, 80.75it/s]
Registered model 'hybrid_deep_model' already exists. Creating a new version of this model...
2025/06/18 13:27:54 INFO mlflow.store.model_registry.abstract_store: Waiting up to 300 seconds for model version to finish creation. Model name: hybrid_deep_model, version 93
Created version '93' of model 'hybrid_deep_model'.
2025-06-18 13:28:23,903 - __main__ - INFO - 📝 Tags set for model version 93: n_neighbors=12, latent_dim=32, hidden_dim=256, tfidf_features=300, epochs=30, lr=0.001, batch_size=128, metric=cosine, content_weight=0.5, collab_weight=0.5, power_factor=1.0, precision_10=0.0, validation_inference_latency=0.0
2025-06-18 13:28:23,908 - __main__ - INFO - 📝 Tags set for model version 93:         userId  movieId            tag   timestamp
0           18     4141    Mark Waters  1240597180
1           65      208      dark hero  1368150078
2           65      353      dark hero  1368150079
3           65      521  noir thriller  1368149983
4           65      592      dark hero  1368150078
...        ...      ...            ...         ...
465559  138446    55999        dragged  1358983772
465560  138446    55999  Jason Bateman  1358983778
465561  138446    55999         quirky  1358983778
465562  138446    55999            sad  1358983772
465563  138472      923  rise to power  1194037967

[465548 rows x 4 columns]
2025-06-18 13:28:25,896 - __main__ - INFO - 🏁 Deep hybrid model training completed and logged.
2025-06-18 13:28:25,902 - __main__ - INFO - 💾 Prometheus training metrics written to file.

[2025-06-18T13:28:27.602+0000] {python.py:201} INFO - Done. Returned value was: None
[2025-06-18T13:28:27.610+0000] {taskinstance.py:1138} INFO - Marking task as SUCCESS. dag_id=deep_models_pipeline, task_id=train_deep_hybrid_model, execution_date=20250618T132653, start_date=20250618T132659, end_date=20250618T132827
[2025-06-18T13:28:27.653+0000] {local_task_job_runner.py:234} INFO - Task exited with return code 0
[2025-06-18T13:28:27.674+0000] {taskinstance.py:3280} INFO - 1 downstream tasks scheduled from follow-on schedule check
