[2025-06-07T16:31:22.369+0000] {taskinstance.py:1956} INFO - Dependencies all met for dep_context=non-requeueable deps ti=<TaskInstance: deep_models_pipeline.train_deep_hybrid_model manual__2025-06-07T16:31:16.959567+00:00 [queued]>
[2025-06-07T16:31:22.375+0000] {taskinstance.py:1956} INFO - Dependencies all met for dep_context=requeueable deps ti=<TaskInstance: deep_models_pipeline.train_deep_hybrid_model manual__2025-06-07T16:31:16.959567+00:00 [queued]>
[2025-06-07T16:31:22.376+0000] {taskinstance.py:2170} INFO - Starting attempt 1 of 3
[2025-06-07T16:31:22.385+0000] {taskinstance.py:2191} INFO - Executing <Task(PythonOperator): train_deep_hybrid_model> on 2025-06-07 16:31:16.959567+00:00
[2025-06-07T16:31:22.391+0000] {standard_task_runner.py:60} INFO - Started process 299 to run task
[2025-06-07T16:31:22.393+0000] {standard_task_runner.py:87} INFO - Running: ['***', 'tasks', 'run', 'deep_models_pipeline', 'train_deep_hybrid_model', 'manual__2025-06-07T16:31:16.959567+00:00', '--job-id', '2506', '--raw', '--subdir', 'DAGS_FOLDER/train_deep_model_dag.py', '--cfg-path', '/tmp/tmp5mr7mn_h']
[2025-06-07T16:31:22.394+0000] {standard_task_runner.py:88} INFO - Job 2506: Subtask train_deep_hybrid_model
[2025-06-07T16:31:22.430+0000] {task_command.py:423} INFO - Running <TaskInstance: deep_models_pipeline.train_deep_hybrid_model manual__2025-06-07T16:31:16.959567+00:00 [running]> on host 67c37b4945e3
[2025-06-07T16:31:22.491+0000] {taskinstance.py:2480} INFO - Exporting env vars: AIRFLOW_CTX_DAG_OWNER='***' AIRFLOW_CTX_DAG_ID='deep_models_pipeline' AIRFLOW_CTX_TASK_ID='train_deep_hybrid_model' AIRFLOW_CTX_EXECUTION_DATE='2025-06-07T16:31:16.959567+00:00' AIRFLOW_CTX_TRY_NUMBER='1' AIRFLOW_CTX_DAG_RUN_ID='manual__2025-06-07T16:31:16.959567+00:00'
[2025-06-07T16:31:22.491+0000] {train_deep_model_dag.py:13} INFO - 🟦 Running command: python /opt/***/src/models/train_hybrid_deep_model.py --n_neighbors=31 --latent_dim=32 --epochs=30 --tfidf_features=1579
[2025-06-07T16:32:28.237+0000] {train_deep_model_dag.py:20} INFO - 🟩 [stdout]:
🏃 View run train_hybrid_deep_model at: https://dagshub.com/sacer11/MLOps_movie_rec_apr25.mlflow/#/experiments/10/runs/8728a90c863646cead3f9b0299a4e273
🧪 View experiment at: https://dagshub.com/sacer11/MLOps_movie_rec_apr25.mlflow/#/experiments/10

[2025-06-07T16:32:28.238+0000] {train_deep_model_dag.py:22} WARNING - 🟨 [stderr]:
2025-06-07 16:31:26,955 - __main__ - INFO - 📥 Lade Rohdaten und baue Hybrid-Feature-Matrix ...
2025-06-07 16:31:31,943 - __main__ - INFO - 📐 Hybrid-Matrix erstellt mit Shape: (10381, 2708), Feature-Namen: 2708
2025-06-07 16:31:44,497 - __main__ - INFO - 💾 Hybrid-Matrix gespeichert unter /opt/***/data/processed/hybrid_matrix.csv
2025-06-07 16:31:44,672 - __main__ - INFO - 🚀 Starte Training Autoencoder ...
2025-06-07 16:31:46,228 - __main__ - INFO - Epoch 1/30: Loss = 0.0072
2025-06-07 16:31:46,778 - __main__ - INFO - Epoch 2/30: Loss = 0.0044
2025-06-07 16:31:47,267 - __main__ - INFO - Epoch 3/30: Loss = 0.0038
2025-06-07 16:31:47,681 - __main__ - INFO - Epoch 4/30: Loss = 0.0035
2025-06-07 16:31:48,098 - __main__ - INFO - Epoch 5/30: Loss = 0.0033
2025-06-07 16:31:48,493 - __main__ - INFO - Epoch 6/30: Loss = 0.0032
2025-06-07 16:31:48,934 - __main__ - INFO - Epoch 7/30: Loss = 0.0031
2025-06-07 16:31:49,373 - __main__ - INFO - Epoch 8/30: Loss = 0.0030
2025-06-07 16:31:49,761 - __main__ - INFO - Epoch 9/30: Loss = 0.0030
2025-06-07 16:31:50,182 - __main__ - INFO - Epoch 10/30: Loss = 0.0029
2025-06-07 16:31:50,616 - __main__ - INFO - Epoch 11/30: Loss = 0.0029
2025-06-07 16:31:51,007 - __main__ - INFO - Epoch 12/30: Loss = 0.0029
2025-06-07 16:31:51,397 - __main__ - INFO - Epoch 13/30: Loss = 0.0028
2025-06-07 16:31:51,794 - __main__ - INFO - Epoch 14/30: Loss = 0.0028
2025-06-07 16:31:52,195 - __main__ - INFO - Epoch 15/30: Loss = 0.0028
2025-06-07 16:31:52,602 - __main__ - INFO - Epoch 16/30: Loss = 0.0028
2025-06-07 16:31:53,003 - __main__ - INFO - Epoch 17/30: Loss = 0.0028
2025-06-07 16:31:53,401 - __main__ - INFO - Epoch 18/30: Loss = 0.0027
2025-06-07 16:31:53,817 - __main__ - INFO - Epoch 19/30: Loss = 0.0027
2025-06-07 16:31:54,304 - __main__ - INFO - Epoch 20/30: Loss = 0.0027
2025-06-07 16:31:54,725 - __main__ - INFO - Epoch 21/30: Loss = 0.0027
2025-06-07 16:31:55,118 - __main__ - INFO - Epoch 22/30: Loss = 0.0027
2025-06-07 16:31:55,524 - __main__ - INFO - Epoch 23/30: Loss = 0.0027
2025-06-07 16:31:55,942 - __main__ - INFO - Epoch 24/30: Loss = 0.0027
2025-06-07 16:31:56,343 - __main__ - INFO - Epoch 25/30: Loss = 0.0027
2025-06-07 16:31:56,776 - __main__ - INFO - Epoch 26/30: Loss = 0.0026
2025-06-07 16:31:57,190 - __main__ - INFO - Epoch 27/30: Loss = 0.0026
2025-06-07 16:31:57,606 - __main__ - INFO - Epoch 28/30: Loss = 0.0026
2025-06-07 16:31:58,075 - __main__ - INFO - Epoch 29/30: Loss = 0.0026
2025-06-07 16:31:58,511 - __main__ - INFO - Epoch 30/30: Loss = 0.0026
2025-06-07 16:31:58,738 - __main__ - INFO - ✅ Hybrid-Embeddings gespeichert unter /opt/***/data/processed/hybrid_deep_embedding.csv
2025-06-07 16:31:58,739 - __main__ - INFO - ✅ Hybrid-Embeddings gespeichert unter /opt/***/data/processed/hybrid_deep_embedding.csv
2025-06-07 16:31:58,748 - __main__ - INFO - ✅ Deep KNN Modell gespeichert unter /opt/***/models/hybrid_deep_knn.pkl
2025/06/07 16:32:03 INFO mlflow.pyfunc: Validating input example against model signature

Downloading artifacts:   0%|          | 0/1 [00:00<?, ?it/s]
Downloading artifacts: 100%|██████████| 1/1 [00:00<00:00, 93.97it/s]
Downloading artifacts: 100%|██████████| 1/1 [00:00<00:00, 92.77it/s]
Registered model 'hybrid_deep_model' already exists. Creating a new version of this model...
2025/06/07 16:32:14 INFO mlflow.store.model_registry.abstract_store: Waiting up to 300 seconds for model version to finish creation. Model name: hybrid_deep_model, version 11
Created version '11' of model 'hybrid_deep_model'.
2025-06-07 16:32:25,035 - __main__ - INFO - 📝 Tags für Modellversion 11 gesetzt: n_neighbors=31, latent_dim=32
2025-06-07 16:32:27,026 - __main__ - INFO - 🏁 Deep Hybrid-Model Training abgeschlossen und geloggt.

[2025-06-07T16:32:28.239+0000] {python.py:201} INFO - Done. Returned value was: None
[2025-06-07T16:32:28.248+0000] {taskinstance.py:1138} INFO - Marking task as SUCCESS. dag_id=deep_models_pipeline, task_id=train_deep_hybrid_model, execution_date=20250607T163116, start_date=20250607T163122, end_date=20250607T163228
[2025-06-07T16:32:28.273+0000] {local_task_job_runner.py:234} INFO - Task exited with return code 0
[2025-06-07T16:32:28.296+0000] {taskinstance.py:3280} INFO - 1 downstream tasks scheduled from follow-on schedule check
