[2025-06-01T12:49:41.077+0000] {taskinstance.py:1956} INFO - Dependencies all met for dep_context=non-requeueable deps ti=<TaskInstance: movie_recommendation_pipeline.train_user_model manual__2025-06-01T12:49:15.136293+00:00 [queued]>
[2025-06-01T12:49:41.085+0000] {taskinstance.py:1956} INFO - Dependencies all met for dep_context=requeueable deps ti=<TaskInstance: movie_recommendation_pipeline.train_user_model manual__2025-06-01T12:49:15.136293+00:00 [queued]>
[2025-06-01T12:49:41.086+0000] {taskinstance.py:2170} INFO - Starting attempt 1 of 3
[2025-06-01T12:49:41.098+0000] {taskinstance.py:2191} INFO - Executing <Task(PythonOperator): train_user_model> on 2025-06-01 12:49:15.136293+00:00
[2025-06-01T12:49:41.104+0000] {standard_task_runner.py:60} INFO - Started process 305 to run task
[2025-06-01T12:49:41.106+0000] {standard_task_runner.py:87} INFO - Running: ['***', 'tasks', 'run', 'movie_recommendation_pipeline', 'train_user_model', 'manual__2025-06-01T12:49:15.136293+00:00', '--job-id', '1008', '--raw', '--subdir', 'DAGS_FOLDER/mlops_movie_dag.py', '--cfg-path', '/tmp/tmpl401c1hj']
[2025-06-01T12:49:41.108+0000] {standard_task_runner.py:88} INFO - Job 1008: Subtask train_user_model
[2025-06-01T12:49:41.140+0000] {task_command.py:423} INFO - Running <TaskInstance: movie_recommendation_pipeline.train_user_model manual__2025-06-01T12:49:15.136293+00:00 [running]> on host 4341016188c8
[2025-06-01T12:49:41.212+0000] {taskinstance.py:2480} INFO - Exporting env vars: AIRFLOW_CTX_DAG_OWNER='***' AIRFLOW_CTX_DAG_ID='movie_recommendation_pipeline' AIRFLOW_CTX_TASK_ID='train_user_model' AIRFLOW_CTX_EXECUTION_DATE='2025-06-01T12:49:15.136293+00:00' AIRFLOW_CTX_TRY_NUMBER='1' AIRFLOW_CTX_DAG_RUN_ID='manual__2025-06-01T12:49:15.136293+00:00'
[2025-06-01T12:53:11.668+0000] {mlops_movie_dag.py:15} INFO - ðŸš€ Starte Training des user_model
ðŸ“¥ Lade Bewertungen und Movie-Embeddings
ðŸ”„ Erstelle User-Vektoren
âœ… 138493 User-Vektoren gespeichert unter /opt/***/data/processed/user_matrix.csv
ðŸ“Š Trainiere NearestNeighbors-Modell
âœ… Modell gespeichert unter /opt/***/models/user_model.pkl
ðŸ“¡ Starte MLflow-Tracking

Downloading artifacts:   0%|          | 0/1 [00:00<?, ?it/s]
Downloading artifacts: 100%|â–ˆâ–ˆâ–ˆâ–ˆâ–ˆâ–ˆâ–ˆâ–ˆâ–ˆâ–ˆ| 1/1 [00:00<00:00,  5.00it/s]
Downloading artifacts: 100%|â–ˆâ–ˆâ–ˆâ–ˆâ–ˆâ–ˆâ–ˆâ–ˆâ–ˆâ–ˆ| 1/1 [00:00<00:00,  5.00it/s]
Downloading artifacts: 100%|â–ˆâ–ˆâ–ˆâ–ˆâ–ˆâ–ˆâ–ˆâ–ˆâ–ˆâ–ˆ| 1/1 [00:00<00:00,  4.99it/s]
ðŸ Training abgeschlossen und geloggt.

[2025-06-01T12:53:11.670+0000] {python.py:201} INFO - Done. Returned value was: None
[2025-06-01T12:53:11.681+0000] {taskinstance.py:1138} INFO - Marking task as SUCCESS. dag_id=movie_recommendation_pipeline, task_id=train_user_model, execution_date=20250601T124915, start_date=20250601T124941, end_date=20250601T125311
[2025-06-01T12:53:11.720+0000] {local_task_job_runner.py:234} INFO - Task exited with return code 0
[2025-06-01T12:53:11.743+0000] {taskinstance.py:3280} INFO - 1 downstream tasks scheduled from follow-on schedule check
