[2025-06-02T10:17:46.080+0000] {taskinstance.py:1956} INFO - Dependencies all met for dep_context=non-requeueable deps ti=<TaskInstance: movie_recommendation_pipeline.train_hybrid_model manual__2025-06-02T10:17:18.223328+00:00 [queued]>
[2025-06-02T10:17:46.089+0000] {taskinstance.py:1956} INFO - Dependencies all met for dep_context=requeueable deps ti=<TaskInstance: movie_recommendation_pipeline.train_hybrid_model manual__2025-06-02T10:17:18.223328+00:00 [queued]>
[2025-06-02T10:17:46.089+0000] {taskinstance.py:2170} INFO - Starting attempt 1 of 3
[2025-06-02T10:17:46.099+0000] {taskinstance.py:2191} INFO - Executing <Task(PythonOperator): train_hybrid_model> on 2025-06-02 10:17:18.223328+00:00
[2025-06-02T10:17:46.106+0000] {standard_task_runner.py:60} INFO - Started process 435 to run task
[2025-06-02T10:17:46.107+0000] {standard_task_runner.py:87} INFO - Running: ['***', 'tasks', 'run', 'movie_recommendation_pipeline', 'train_hybrid_model', 'manual__2025-06-02T10:17:18.223328+00:00', '--job-id', '1667', '--raw', '--subdir', 'DAGS_FOLDER/mlops_movie_dag.py', '--cfg-path', '/tmp/tmp8bbaazwx']
[2025-06-02T10:17:46.109+0000] {standard_task_runner.py:88} INFO - Job 1667: Subtask train_hybrid_model
[2025-06-02T10:17:46.144+0000] {task_command.py:423} INFO - Running <TaskInstance: movie_recommendation_pipeline.train_hybrid_model manual__2025-06-02T10:17:18.223328+00:00 [running]> on host 6520fa36f146
[2025-06-02T10:17:46.205+0000] {taskinstance.py:2480} INFO - Exporting env vars: AIRFLOW_CTX_DAG_OWNER='***' AIRFLOW_CTX_DAG_ID='movie_recommendation_pipeline' AIRFLOW_CTX_TASK_ID='train_hybrid_model' AIRFLOW_CTX_EXECUTION_DATE='2025-06-02T10:17:18.223328+00:00' AIRFLOW_CTX_TRY_NUMBER='1' AIRFLOW_CTX_DAG_RUN_ID='manual__2025-06-02T10:17:18.223328+00:00'
[2025-06-02T10:17:46.206+0000] {mlops_movie_dag.py:12} INFO - 🟦 Running command: python /opt/***/src/models/train_hybrid_model.py --n_neighbors=10 --tfidf_features=300
[2025-06-02T10:20:20.800+0000] {mlops_movie_dag.py:19} INFO - 🟩 [stdout]:
🏃 View run train_hybrid_model at: https://dagshub.com/sacer11/MLOps_movie_rec_apr25.mlflow/#/experiments/4/runs/de76343d333e401fba048722662639fa
🧪 View experiment at: https://dagshub.com/sacer11/MLOps_movie_rec_apr25.mlflow/#/experiments/4

[2025-06-02T10:20:20.801+0000] {mlops_movie_dag.py:21} WARNING - 🟨 [stderr]:
2025-06-02 10:17:48,611 - __main__ - INFO - 🚀 Starte Hybrid-Modelltraining
2025-06-02 10:17:52,972 - __main__ - INFO - 📥 Rohdaten erfolgreich geladen
2025-06-02 10:17:55,364 - __main__ - INFO - 📐 Hybrid-Matrix erstellt mit Shape: (10381, 1429), Feature-Namen: 1429
2025-06-02 10:17:55,443 - __main__ - INFO - 🤖 KNN-Modell trainiert
2025-06-02 10:18:06,023 - __main__ - INFO - ✅ Feature-Schema gespeichert unter /opt/***/data/processed/hybrid_matrix_features.txt
2025/06/02 10:18:18 INFO mlflow.pyfunc: Validating input example against model signature

Downloading artifacts:   0%|          | 0/1 [00:00<?, ?it/s]
Downloading artifacts: 100%|██████████| 1/1 [00:01<00:00,  1.01s/it]
Downloading artifacts: 100%|██████████| 1/1 [00:01<00:00,  1.01s/it]
Downloading artifacts: 100%|██████████| 1/1 [00:01<00:00,  1.01s/it]
Registered model 'movie_model' already exists. Creating a new version of this model...
2025/06/02 10:19:20 INFO mlflow.store.model_registry.abstract_store: Waiting up to 300 seconds for model version to finish creation. Model name: movie_model, version 108
Created version '108' of model 'movie_model'.
2025-06-02 10:20:20,006 - __main__ - INFO - 📝 Tags für Modellversion 108 gesetzt: n_neighbors=10, tfidf_features=300
2025-06-02 10:20:20,377 - __main__ - INFO - ✅ Modell & Matrix erfolgreich gespeichert und in MLflow geloggt

[2025-06-02T10:20:20.802+0000] {python.py:201} INFO - Done. Returned value was: None
[2025-06-02T10:20:20.811+0000] {taskinstance.py:1138} INFO - Marking task as SUCCESS. dag_id=movie_recommendation_pipeline, task_id=train_hybrid_model, execution_date=20250602T101718, start_date=20250602T101746, end_date=20250602T102020
[2025-06-02T10:20:20.841+0000] {local_task_job_runner.py:234} INFO - Task exited with return code 0
[2025-06-02T10:20:20.859+0000] {taskinstance.py:3280} INFO - 0 downstream tasks scheduled from follow-on schedule check
