[2025-06-08T02:36:41.627+0000] {taskinstance.py:1956} INFO - Dependencies all met for dep_context=non-requeueable deps ti=<TaskInstance: deep_models_pipeline.train_deep_hybrid_model manual__2025-06-08T02:36:34.410770+00:00 [queued]>
[2025-06-08T02:36:41.634+0000] {taskinstance.py:1956} INFO - Dependencies all met for dep_context=requeueable deps ti=<TaskInstance: deep_models_pipeline.train_deep_hybrid_model manual__2025-06-08T02:36:34.410770+00:00 [queued]>
[2025-06-08T02:36:41.635+0000] {taskinstance.py:2170} INFO - Starting attempt 1 of 3
[2025-06-08T02:36:41.647+0000] {taskinstance.py:2191} INFO - Executing <Task(PythonOperator): train_deep_hybrid_model> on 2025-06-08 02:36:34.410770+00:00
[2025-06-08T02:36:41.654+0000] {standard_task_runner.py:60} INFO - Started process 321 to run task
[2025-06-08T02:36:41.658+0000] {standard_task_runner.py:87} INFO - Running: ['***', 'tasks', 'run', 'deep_models_pipeline', 'train_deep_hybrid_model', 'manual__2025-06-08T02:36:34.410770+00:00', '--job-id', '2846', '--raw', '--subdir', 'DAGS_FOLDER/train_deep_model_dag.py', '--cfg-path', '/tmp/tmp8n3xk4xs']
[2025-06-08T02:36:41.661+0000] {standard_task_runner.py:88} INFO - Job 2846: Subtask train_deep_hybrid_model
[2025-06-08T02:36:41.704+0000] {task_command.py:423} INFO - Running <TaskInstance: deep_models_pipeline.train_deep_hybrid_model manual__2025-06-08T02:36:34.410770+00:00 [running]> on host a096f0d31aa8
[2025-06-08T02:36:41.846+0000] {taskinstance.py:2480} INFO - Exporting env vars: AIRFLOW_CTX_DAG_OWNER='***' AIRFLOW_CTX_DAG_ID='deep_models_pipeline' AIRFLOW_CTX_TASK_ID='train_deep_hybrid_model' AIRFLOW_CTX_EXECUTION_DATE='2025-06-08T02:36:34.410770+00:00' AIRFLOW_CTX_TRY_NUMBER='1' AIRFLOW_CTX_DAG_RUN_ID='manual__2025-06-08T02:36:34.410770+00:00'
[2025-06-08T02:36:41.848+0000] {train_deep_model_dag.py:13} INFO - 🟦 Running command: python /opt/***/src/models/train_hybrid_deep_model.py --n_neighbors=15 --latent_dim=32 --epochs=30 --tfidf_features=300
[2025-06-08T02:37:43.073+0000] {train_deep_model_dag.py:20} INFO - 🟩 [stdout]:

[2025-06-08T02:37:43.113+0000] {train_deep_model_dag.py:22} WARNING - 🟨 [stderr]:
2025-06-08 02:36:47,552 - __main__ - INFO - 📥 Lade Rohdaten und baue Hybrid-Feature-Matrix ...
2025-06-08 02:36:55,594 - __main__ - INFO - 📐 Hybrid-Matrix erstellt mit Shape: (10381, 1429), Feature-Namen: 1429
2025-06-08 02:37:12,481 - __main__ - INFO - 💾 Hybrid-Matrix gespeichert unter /opt/***/data/processed/hybrid_matrix.csv
2025-06-08 02:37:12,824 - __main__ - INFO - 🚀 Starte Training Autoencoder ...
2025-06-08 02:37:25,787 - __main__ - INFO - Epoch 1/30: Loss = 0.0119

[2025-06-08T02:37:43.328+0000] {train_deep_model_dag.py:29} ERROR - ❌ Subprozess-Fehler (exit code -9): python /opt/***/src/models/train_hybrid_deep_model.py --n_neighbors=15 --latent_dim=32 --epochs=30 --tfidf_features=300
[2025-06-08T02:37:43.367+0000] {train_deep_model_dag.py:32} ERROR - ❌ Subprozess-Ausnahme: Command '['python', '/opt/***/src/models/train_hybrid_deep_model.py', '--n_neighbors=15', '--latent_dim=32', '--epochs=30', '--tfidf_features=300']' died with <Signals.SIGKILL: 9>.
[2025-06-08T02:37:43.427+0000] {taskinstance.py:2698} ERROR - Task failed with exception
Traceback (most recent call last):
  File "/home/airflow/.local/lib/python3.10/site-packages/airflow/models/taskinstance.py", line 433, in _execute_task
    result = execute_callable(context=context, **execute_callable_kwargs)
  File "/home/airflow/.local/lib/python3.10/site-packages/airflow/operators/python.py", line 199, in execute
    return_value = self.execute_callable()
  File "/home/airflow/.local/lib/python3.10/site-packages/airflow/operators/python.py", line 216, in execute_callable
    return self.python_callable(*self.op_args, **self.op_kwargs)
  File "/opt/airflow/dags/train_deep_model_dag.py", line 54, in run_train_deep_hybrid_model
    run_and_log([
  File "/opt/airflow/dags/train_deep_model_dag.py", line 30, in run_and_log
    raise subprocess.CalledProcessError(result.returncode, command)
subprocess.CalledProcessError: Command '['python', '/opt/airflow/src/models/train_hybrid_deep_model.py', '--n_neighbors=15', '--latent_dim=32', '--epochs=30', '--tfidf_features=300']' died with <Signals.SIGKILL: 9>.
[2025-06-08T02:37:43.945+0000] {taskinstance.py:1138} INFO - Marking task as UP_FOR_RETRY. dag_id=deep_models_pipeline, task_id=train_deep_hybrid_model, execution_date=20250608T023634, start_date=20250608T023641, end_date=20250608T023743
[2025-06-08T02:37:44.395+0000] {standard_task_runner.py:107} ERROR - Failed to execute job 2846 for task train_deep_hybrid_model (Command '['python', '/opt/airflow/src/models/train_hybrid_deep_model.py', '--n_neighbors=15', '--latent_dim=32', '--epochs=30', '--tfidf_features=300']' died with <Signals.SIGKILL: 9>.; 321)
[2025-06-08T02:37:44.475+0000] {local_task_job_runner.py:234} INFO - Task exited with return code 1
[2025-06-08T02:37:44.961+0000] {taskinstance.py:3280} INFO - 0 downstream tasks scheduled from follow-on schedule check
