[2025-06-07T19:50:34.974+0000] {taskinstance.py:1956} INFO - Dependencies all met for dep_context=non-requeueable deps ti=<TaskInstance: deep_models_pipeline.predict_best_model manual__2025-06-07T19:50:34.279315+00:00 [queued]>
[2025-06-07T19:50:34.983+0000] {taskinstance.py:1956} INFO - Dependencies all met for dep_context=requeueable deps ti=<TaskInstance: deep_models_pipeline.predict_best_model manual__2025-06-07T19:50:34.279315+00:00 [queued]>
[2025-06-07T19:50:34.984+0000] {taskinstance.py:2170} INFO - Starting attempt 1 of 3
[2025-06-07T19:50:35.000+0000] {taskinstance.py:2191} INFO - Executing <Task(PythonOperator): predict_best_model> on 2025-06-07 19:50:34.279315+00:00
[2025-06-07T19:50:35.006+0000] {standard_task_runner.py:60} INFO - Started process 222 to run task
[2025-06-07T19:50:35.013+0000] {standard_task_runner.py:87} INFO - Running: ['***', 'tasks', 'run', 'deep_models_pipeline', 'predict_best_model', 'manual__2025-06-07T19:50:34.279315+00:00', '--job-id', '2576', '--raw', '--subdir', 'DAGS_FOLDER/train_deep_model_dag.py', '--cfg-path', '/tmp/tmp0dj50is9']
[2025-06-07T19:50:35.015+0000] {standard_task_runner.py:88} INFO - Job 2576: Subtask predict_best_model
[2025-06-07T19:50:35.064+0000] {task_command.py:423} INFO - Running <TaskInstance: deep_models_pipeline.predict_best_model manual__2025-06-07T19:50:34.279315+00:00 [running]> on host 42100edcd991
[2025-06-07T19:50:35.143+0000] {taskinstance.py:2480} INFO - Exporting env vars: AIRFLOW_CTX_DAG_OWNER='***' AIRFLOW_CTX_DAG_ID='deep_models_pipeline' AIRFLOW_CTX_TASK_ID='predict_best_model' AIRFLOW_CTX_EXECUTION_DATE='2025-06-07T19:50:34.279315+00:00' AIRFLOW_CTX_TRY_NUMBER='1' AIRFLOW_CTX_DAG_RUN_ID='manual__2025-06-07T19:50:34.279315+00:00'
[2025-06-07T19:50:35.145+0000] {train_deep_model_dag.py:13} INFO - 🟦 Running command: python /opt/***/src/models/predict_best_model.py
[2025-06-07T19:51:01.200+0000] {train_deep_model_dag.py:20} INFO - 🟩 [stdout]:
🏃 View run predict_best_model_hybrid_deep at: https://dagshub.com/sacer11/MLOps_movie_rec_apr25.mlflow/#/experiments/11/runs/24c8230555434c4497d1f1034ea7e660
🧪 View experiment at: https://dagshub.com/sacer11/MLOps_movie_rec_apr25.mlflow/#/experiments/11

[2025-06-07T19:51:01.200+0000] {train_deep_model_dag.py:22} WARNING - 🟨 [stderr]:
2025-06-07 19:50:37,671 - INFO - 🚀 Starte Prediction für hybrid_deep_model über MLflow Registry
2025-06-07 19:50:37,672 - INFO - 📦 Lade Modell: models:/hybrid_deep_model@best_model

Downloading artifacts:   0%|          | 0/8 [00:00<?, ?it/s]
Downloading artifacts:  12%|█▎        | 1/8 [00:00<00:00,  7.80it/s]
Downloading artifacts:  12%|█▎        | 1/8 [00:00<00:00,  7.80it/s]
Downloading artifacts:  25%|██▌       | 2/8 [00:00<00:01,  5.71it/s]
Downloading artifacts:  25%|██▌       | 2/8 [00:00<00:01,  5.71it/s]
Downloading artifacts:  38%|███▊      | 3/8 [00:00<00:00,  5.91it/s]
Downloading artifacts:  38%|███▊      | 3/8 [00:00<00:00,  5.91it/s]
Downloading artifacts:  50%|█████     | 4/8 [00:01<00:01,  2.40it/s]
Downloading artifacts:  50%|█████     | 4/8 [00:01<00:01,  2.40it/s]
Downloading artifacts:  62%|██████▎   | 5/8 [00:02<00:02,  1.50it/s]
Downloading artifacts:  62%|██████▎   | 5/8 [00:02<00:02,  1.50it/s]
Downloading artifacts:  75%|███████▌  | 6/8 [00:04<00:01,  1.00it/s]
Downloading artifacts:  75%|███████▌  | 6/8 [00:04<00:01,  1.00it/s]
Downloading artifacts:  88%|████████▊ | 7/8 [00:04<00:00,  1.32it/s]
Downloading artifacts:  88%|████████▊ | 7/8 [00:04<00:00,  1.32it/s]
Downloading artifacts: 100%|██████████| 8/8 [00:05<00:00,  1.16it/s]
Downloading artifacts: 100%|██████████| 8/8 [00:05<00:00,  1.16it/s]
Downloading artifacts: 100%|██████████| 8/8 [00:05<00:00,  1.48it/s]
2025-06-07 19:50:46,472 - INFO - 📥 Embedding geladen: /opt/***/data/processed/hybrid_deep_embedding_best.csv – Shape: (10381, 32)
2025-06-07 19:50:46,538 - INFO - 💾 Vorhersagen gespeichert unter: /opt/***/data/processed/predictions_hybrid_deep_model.csv
2025-06-07 19:51:00,671 - INFO - ✅ Predictions erfolgreich in MLflow geloggt

[2025-06-07T19:51:01.201+0000] {python.py:201} INFO - Done. Returned value was: None
[2025-06-07T19:51:01.210+0000] {taskinstance.py:1138} INFO - Marking task as SUCCESS. dag_id=deep_models_pipeline, task_id=predict_best_model, execution_date=20250607T195034, start_date=20250607T195034, end_date=20250607T195101
[2025-06-07T19:51:01.224+0000] {local_task_job_runner.py:234} INFO - Task exited with return code 0
[2025-06-07T19:51:01.236+0000] {taskinstance.py:3280} INFO - 0 downstream tasks scheduled from follow-on schedule check
