[2025-06-08T20:53:26.059+0000] {taskinstance.py:1956} INFO - Dependencies all met for dep_context=non-requeueable deps ti=<TaskInstance: deep_models_pipeline.train_deep_hybrid_model manual__2025-06-08T20:53:21.918692+00:00 [queued]>
[2025-06-08T20:53:26.065+0000] {taskinstance.py:1956} INFO - Dependencies all met for dep_context=requeueable deps ti=<TaskInstance: deep_models_pipeline.train_deep_hybrid_model manual__2025-06-08T20:53:21.918692+00:00 [queued]>
[2025-06-08T20:53:26.065+0000] {taskinstance.py:2170} INFO - Starting attempt 1 of 3
[2025-06-08T20:53:26.075+0000] {taskinstance.py:2191} INFO - Executing <Task(PythonOperator): train_deep_hybrid_model> on 2025-06-08 20:53:21.918692+00:00
[2025-06-08T20:53:26.082+0000] {standard_task_runner.py:60} INFO - Started process 4616 to run task
[2025-06-08T20:53:26.084+0000] {standard_task_runner.py:87} INFO - Running: ['***', 'tasks', 'run', 'deep_models_pipeline', 'train_deep_hybrid_model', 'manual__2025-06-08T20:53:21.918692+00:00', '--job-id', '3460', '--raw', '--subdir', 'DAGS_FOLDER/train_deep_model_dag.py', '--cfg-path', '/tmp/tmp63vx37zu']
[2025-06-08T20:53:26.085+0000] {standard_task_runner.py:88} INFO - Job 3460: Subtask train_deep_hybrid_model
[2025-06-08T20:53:26.117+0000] {task_command.py:423} INFO - Running <TaskInstance: deep_models_pipeline.train_deep_hybrid_model manual__2025-06-08T20:53:21.918692+00:00 [running]> on host 6b572a9ca403
[2025-06-08T20:53:26.180+0000] {taskinstance.py:2480} INFO - Exporting env vars: AIRFLOW_CTX_DAG_OWNER='***' AIRFLOW_CTX_DAG_ID='deep_models_pipeline' AIRFLOW_CTX_TASK_ID='train_deep_hybrid_model' AIRFLOW_CTX_EXECUTION_DATE='2025-06-08T20:53:21.918692+00:00' AIRFLOW_CTX_TRY_NUMBER='1' AIRFLOW_CTX_DAG_RUN_ID='manual__2025-06-08T20:53:21.918692+00:00'
[2025-06-08T20:53:26.181+0000] {train_deep_model_dag.py:13} INFO - 🟦 Running command: python /opt/***/src/models/train_hybrid_deep_model.py --n_neighbors=50 --latent_dim=32 --epochs=75 --tfidf_features=2000
[2025-06-08T20:54:59.210+0000] {train_deep_model_dag.py:20} INFO - 🟩 [stdout]:
🏃 View run train_hybrid_deep_model at: https://dagshub.com/sacer11/MLOps_movie_rec_apr25.mlflow/#/experiments/10/runs/95b2ea15e23a4d8eafbcc7836b517d17
🧪 View experiment at: https://dagshub.com/sacer11/MLOps_movie_rec_apr25.mlflow/#/experiments/10

[2025-06-08T20:54:59.211+0000] {train_deep_model_dag.py:22} WARNING - 🟨 [stderr]:
2025-06-08 20:53:29,693 - __main__ - INFO - 📥 Lade Rohdaten und baue Hybrid-Feature-Matrix ...
2025-06-08 20:53:34,798 - __main__ - INFO - 📐 Hybrid-Matrix erstellt mit Shape: (10381, 3129), Feature-Namen: 3129
2025-06-08 20:53:48,583 - __main__ - INFO - 💾 Hybrid-Matrix gespeichert unter /opt/***/data/processed/hybrid_matrix.csv
2025-06-08 20:53:48,778 - __main__ - INFO - 🚀 Starte Training Autoencoder ...
2025-06-08 20:53:49,990 - __main__ - INFO - Epoch 1/75: Loss = 0.0064
2025-06-08 20:53:50,561 - __main__ - INFO - Epoch 2/75: Loss = 0.0040
2025-06-08 20:53:51,049 - __main__ - INFO - Epoch 3/75: Loss = 0.0033
2025-06-08 20:53:51,517 - __main__ - INFO - Epoch 4/75: Loss = 0.0031
2025-06-08 20:53:51,949 - __main__ - INFO - Epoch 5/75: Loss = 0.0029
2025-06-08 20:53:52,413 - __main__ - INFO - Epoch 6/75: Loss = 0.0028
2025-06-08 20:53:52,864 - __main__ - INFO - Epoch 7/75: Loss = 0.0028
2025-06-08 20:53:53,313 - __main__ - INFO - Epoch 8/75: Loss = 0.0027
2025-06-08 20:53:53,757 - __main__ - INFO - Epoch 9/75: Loss = 0.0027
2025-06-08 20:53:54,243 - __main__ - INFO - Epoch 10/75: Loss = 0.0026
2025-06-08 20:53:54,725 - __main__ - INFO - Epoch 11/75: Loss = 0.0026
2025-06-08 20:53:55,212 - __main__ - INFO - Epoch 12/75: Loss = 0.0026
2025-06-08 20:53:55,678 - __main__ - INFO - Epoch 13/75: Loss = 0.0025
2025-06-08 20:53:56,143 - __main__ - INFO - Epoch 14/75: Loss = 0.0025
2025-06-08 20:53:56,614 - __main__ - INFO - Epoch 15/75: Loss = 0.0025
2025-06-08 20:53:57,083 - __main__ - INFO - Epoch 16/75: Loss = 0.0025
2025-06-08 20:53:57,560 - __main__ - INFO - Epoch 17/75: Loss = 0.0025
2025-06-08 20:53:58,032 - __main__ - INFO - Epoch 18/75: Loss = 0.0025
2025-06-08 20:53:58,522 - __main__ - INFO - Epoch 19/75: Loss = 0.0024
2025-06-08 20:53:59,029 - __main__ - INFO - Epoch 20/75: Loss = 0.0024
2025-06-08 20:53:59,541 - __main__ - INFO - Epoch 21/75: Loss = 0.0024
2025-06-08 20:54:00,085 - __main__ - INFO - Epoch 22/75: Loss = 0.0024
2025-06-08 20:54:00,554 - __main__ - INFO - Epoch 23/75: Loss = 0.0024
2025-06-08 20:54:01,033 - __main__ - INFO - Epoch 24/75: Loss = 0.0024
2025-06-08 20:54:01,497 - __main__ - INFO - Epoch 25/75: Loss = 0.0024
2025-06-08 20:54:01,977 - __main__ - INFO - Epoch 26/75: Loss = 0.0024
2025-06-08 20:54:02,444 - __main__ - INFO - Epoch 27/75: Loss = 0.0024
2025-06-08 20:54:02,940 - __main__ - INFO - Epoch 28/75: Loss = 0.0023
2025-06-08 20:54:03,473 - __main__ - INFO - Epoch 29/75: Loss = 0.0023
2025-06-08 20:54:04,011 - __main__ - INFO - Epoch 30/75: Loss = 0.0023
2025-06-08 20:54:04,481 - __main__ - INFO - Epoch 31/75: Loss = 0.0023
2025-06-08 20:54:04,931 - __main__ - INFO - Epoch 32/75: Loss = 0.0023
2025-06-08 20:54:05,378 - __main__ - INFO - Epoch 33/75: Loss = 0.0023
2025-06-08 20:54:05,855 - __main__ - INFO - Epoch 34/75: Loss = 0.0023
2025-06-08 20:54:06,326 - __main__ - INFO - Epoch 35/75: Loss = 0.0023
2025-06-08 20:54:06,791 - __main__ - INFO - Epoch 36/75: Loss = 0.0023
2025-06-08 20:54:07,258 - __main__ - INFO - Epoch 37/75: Loss = 0.0023
2025-06-08 20:54:07,732 - __main__ - INFO - Epoch 38/75: Loss = 0.0023
2025-06-08 20:54:08,246 - __main__ - INFO - Epoch 39/75: Loss = 0.0023
2025-06-08 20:54:08,790 - __main__ - INFO - Epoch 40/75: Loss = 0.0023
2025-06-08 20:54:09,265 - __main__ - INFO - Epoch 41/75: Loss = 0.0023
2025-06-08 20:54:09,724 - __main__ - INFO - Epoch 42/75: Loss = 0.0023
2025-06-08 20:54:10,195 - __main__ - INFO - Epoch 43/75: Loss = 0.0023
2025-06-08 20:54:10,633 - __main__ - INFO - Epoch 44/75: Loss = 0.0022
2025-06-08 20:54:11,105 - __main__ - INFO - Epoch 45/75: Loss = 0.0022
2025-06-08 20:54:11,583 - __main__ - INFO - Epoch 46/75: Loss = 0.0022
2025-06-08 20:54:12,065 - __main__ - INFO - Epoch 47/75: Loss = 0.0022
2025-06-08 20:54:12,584 - __main__ - INFO - Epoch 48/75: Loss = 0.0022
2025-06-08 20:54:13,122 - __main__ - INFO - Epoch 49/75: Loss = 0.0022
2025-06-08 20:54:13,615 - __main__ - INFO - Epoch 50/75: Loss = 0.0022
2025-06-08 20:54:14,092 - __main__ - INFO - Epoch 51/75: Loss = 0.0022
2025-06-08 20:54:14,546 - __main__ - INFO - Epoch 52/75: Loss = 0.0022
2025-06-08 20:54:14,995 - __main__ - INFO - Epoch 53/75: Loss = 0.0022
2025-06-08 20:54:15,467 - __main__ - INFO - Epoch 54/75: Loss = 0.0022
2025-06-08 20:54:15,920 - __main__ - INFO - Epoch 55/75: Loss = 0.0022
2025-06-08 20:54:16,404 - __main__ - INFO - Epoch 56/75: Loss = 0.0022
2025-06-08 20:54:16,928 - __main__ - INFO - Epoch 57/75: Loss = 0.0022
2025-06-08 20:54:17,478 - __main__ - INFO - Epoch 58/75: Loss = 0.0022
2025-06-08 20:54:17,984 - __main__ - INFO - Epoch 59/75: Loss = 0.0022
2025-06-08 20:54:18,454 - __main__ - INFO - Epoch 60/75: Loss = 0.0022
2025-06-08 20:54:18,914 - __main__ - INFO - Epoch 61/75: Loss = 0.0022
2025-06-08 20:54:19,396 - __main__ - INFO - Epoch 62/75: Loss = 0.0022
2025-06-08 20:54:19,863 - __main__ - INFO - Epoch 63/75: Loss = 0.0022
2025-06-08 20:54:20,320 - __main__ - INFO - Epoch 64/75: Loss = 0.0022
2025-06-08 20:54:20,791 - __main__ - INFO - Epoch 65/75: Loss = 0.0022
2025-06-08 20:54:21,281 - __main__ - INFO - Epoch 66/75: Loss = 0.0022
2025-06-08 20:54:21,816 - __main__ - INFO - Epoch 67/75: Loss = 0.0022
2025-06-08 20:54:22,332 - __main__ - INFO - Epoch 68/75: Loss = 0.0022
2025-06-08 20:54:22,773 - __main__ - INFO - Epoch 69/75: Loss = 0.0022
2025-06-08 20:54:23,248 - __main__ - INFO - Epoch 70/75: Loss = 0.0022
2025-06-08 20:54:23,714 - __main__ - INFO - Epoch 71/75: Loss = 0.0022
2025-06-08 20:54:24,210 - __main__ - INFO - Epoch 72/75: Loss = 0.0022
2025-06-08 20:54:24,659 - __main__ - INFO - Epoch 73/75: Loss = 0.0022
2025-06-08 20:54:25,142 - __main__ - INFO - Epoch 74/75: Loss = 0.0022
2025-06-08 20:54:25,642 - __main__ - INFO - Epoch 75/75: Loss = 0.0022
2025-06-08 20:54:25,900 - __main__ - INFO - ✅ Hybrid-Embeddings gespeichert unter /opt/***/data/processed/hybrid_deep_embedding.csv
2025-06-08 20:54:25,900 - __main__ - INFO - ✅ Hybrid-Embeddings gespeichert unter /opt/***/data/processed/hybrid_deep_embedding.csv
2025-06-08 20:54:25,910 - __main__ - INFO - ✅ Deep KNN Modell gespeichert unter /opt/***/models/hybrid_deep_knn.pkl
2025/06/08 20:54:30 INFO mlflow.pyfunc: Validating input example against model signature

Downloading artifacts:   0%|          | 0/1 [00:00<?, ?it/s]
Downloading artifacts: 100%|██████████| 1/1 [00:00<00:00, 82.69it/s]
Downloading artifacts: 100%|██████████| 1/1 [00:00<00:00, 81.72it/s]
Registered model 'hybrid_deep_model' already exists. Creating a new version of this model...
2025/06/08 20:54:41 INFO mlflow.store.model_registry.abstract_store: Waiting up to 300 seconds for model version to finish creation. Model name: hybrid_deep_model, version 48
Created version '48' of model 'hybrid_deep_model'.
2025-06-08 20:54:56,202 - __main__ - INFO - 📝 Tags für Modellversion 48 gesetzt: n_neighbors=50, latent_dim=32, tfidf_features=2000, epochs=75
2025-06-08 20:54:58,216 - __main__ - INFO - 🏁 Deep Hybrid-Model Training abgeschlossen und geloggt.

[2025-06-08T20:54:59.211+0000] {python.py:201} INFO - Done. Returned value was: None
[2025-06-08T20:54:59.220+0000] {taskinstance.py:1138} INFO - Marking task as SUCCESS. dag_id=deep_models_pipeline, task_id=train_deep_hybrid_model, execution_date=20250608T205321, start_date=20250608T205326, end_date=20250608T205459
[2025-06-08T20:54:59.273+0000] {local_task_job_runner.py:234} INFO - Task exited with return code 0
[2025-06-08T20:54:59.293+0000] {taskinstance.py:3280} INFO - 1 downstream tasks scheduled from follow-on schedule check
