[2025-06-05T23:48:06.617+0000] {taskinstance.py:1956} INFO - Dependencies all met for dep_context=non-requeueable deps ti=<TaskInstance: deep_models_pipeline.train_deep_user_model manual__2025-06-05T23:48:00.014235+00:00 [queued]>
[2025-06-05T23:48:06.625+0000] {taskinstance.py:1956} INFO - Dependencies all met for dep_context=requeueable deps ti=<TaskInstance: deep_models_pipeline.train_deep_user_model manual__2025-06-05T23:48:00.014235+00:00 [queued]>
[2025-06-05T23:48:06.625+0000] {taskinstance.py:2170} INFO - Starting attempt 1 of 3
[2025-06-05T23:48:06.635+0000] {taskinstance.py:2191} INFO - Executing <Task(PythonOperator): train_deep_user_model> on 2025-06-05 23:48:00.014235+00:00
[2025-06-05T23:48:06.642+0000] {standard_task_runner.py:60} INFO - Started process 856 to run task
[2025-06-05T23:48:06.644+0000] {standard_task_runner.py:87} INFO - Running: ['***', 'tasks', 'run', 'deep_models_pipeline', 'train_deep_user_model', 'manual__2025-06-05T23:48:00.014235+00:00', '--job-id', '2070', '--raw', '--subdir', 'DAGS_FOLDER/train_deep_model_dag.py', '--cfg-path', '/tmp/tmpd3lgmcv8']
[2025-06-05T23:48:06.645+0000] {standard_task_runner.py:88} INFO - Job 2070: Subtask train_deep_user_model
[2025-06-05T23:48:06.679+0000] {task_command.py:423} INFO - Running <TaskInstance: deep_models_pipeline.train_deep_user_model manual__2025-06-05T23:48:00.014235+00:00 [running]> on host c3c6a9191588
[2025-06-05T23:48:06.750+0000] {taskinstance.py:2480} INFO - Exporting env vars: AIRFLOW_CTX_DAG_OWNER='***' AIRFLOW_CTX_DAG_ID='deep_models_pipeline' AIRFLOW_CTX_TASK_ID='train_deep_user_model' AIRFLOW_CTX_EXECUTION_DATE='2025-06-05T23:48:00.014235+00:00' AIRFLOW_CTX_TRY_NUMBER='1' AIRFLOW_CTX_DAG_RUN_ID='manual__2025-06-05T23:48:00.014235+00:00'
[2025-06-05T23:48:06.751+0000] {train_deep_model_dag.py:13} INFO - 🟦 Running command: python /opt/***/src/models/train_user_deep_model.py --n_neighbors=10 --latent_dim=32
[2025-06-05T23:53:12.065+0000] {train_deep_model_dag.py:20} INFO - 🟩 [stdout]:
🏃 View run train_user_deep_model at: https://dagshub.com/sacer11/MLOps_movie_rec_apr25.mlflow/#/experiments/6/runs/d5b0ab5baadc4d11ab0f3e45591de076
🧪 View experiment at: https://dagshub.com/sacer11/MLOps_movie_rec_apr25.mlflow/#/experiments/6

[2025-06-05T23:53:12.066+0000] {train_deep_model_dag.py:22} WARNING - 🟨 [stderr]:
/home/***/.local/lib/python3.10/site-packages/mlflow/pyfunc/utils/data_validation.py:186: UserWarning: [33mAdd type hints to the `predict` method to enable data validation and automatic signature inference during model logging. Check https://mlflow.org/docs/latest/model/python_model.html#type-hint-usage-in-pythonmodel for more details.[0m
  color_warning(
2025-06-05 23:51:12,176 - __main__ - INFO - Epoch 1/25: Loss = 0.0004
2025-06-05 23:51:14,279 - __main__ - INFO - Epoch 2/25: Loss = 0.0000
2025-06-05 23:51:16,539 - __main__ - INFO - Epoch 3/25: Loss = 0.0000
2025-06-05 23:51:18,788 - __main__ - INFO - Epoch 4/25: Loss = 0.0000
2025-06-05 23:51:20,946 - __main__ - INFO - Epoch 5/25: Loss = 0.0000
2025-06-05 23:51:23,188 - __main__ - INFO - Epoch 6/25: Loss = 0.0000
2025-06-05 23:51:25,415 - __main__ - INFO - Epoch 7/25: Loss = 0.0000
2025-06-05 23:51:27,594 - __main__ - INFO - Epoch 8/25: Loss = 0.0000
2025-06-05 23:51:29,844 - __main__ - INFO - Epoch 9/25: Loss = 0.0000
2025-06-05 23:51:32,007 - __main__ - INFO - Epoch 10/25: Loss = 0.0000
2025-06-05 23:51:34,175 - __main__ - INFO - Epoch 11/25: Loss = 0.0000
2025-06-05 23:51:36,395 - __main__ - INFO - Epoch 12/25: Loss = 0.0000
2025-06-05 23:51:38,587 - __main__ - INFO - Epoch 13/25: Loss = 0.0000
2025-06-05 23:51:40,875 - __main__ - INFO - Epoch 14/25: Loss = 0.0000
2025-06-05 23:51:43,068 - __main__ - INFO - Epoch 15/25: Loss = 0.0000
2025-06-05 23:51:45,235 - __main__ - INFO - Epoch 16/25: Loss = 0.0000
2025-06-05 23:51:47,432 - __main__ - INFO - Epoch 17/25: Loss = 0.0000
2025-06-05 23:51:49,657 - __main__ - INFO - Epoch 18/25: Loss = 0.0000
2025-06-05 23:51:51,962 - __main__ - INFO - Epoch 19/25: Loss = 0.0000
2025-06-05 23:51:54,285 - __main__ - INFO - Epoch 20/25: Loss = 0.0000
2025-06-05 23:51:56,533 - __main__ - INFO - Epoch 21/25: Loss = 0.0000
2025-06-05 23:51:58,766 - __main__ - INFO - Epoch 22/25: Loss = 0.0000
2025-06-05 23:52:01,057 - __main__ - INFO - Epoch 23/25: Loss = 0.0000
2025-06-05 23:52:03,381 - __main__ - INFO - Epoch 24/25: Loss = 0.0000
2025-06-05 23:52:05,714 - __main__ - INFO - Epoch 25/25: Loss = 0.0000
2025-06-05 23:52:08,779 - __main__ - INFO - ✅ User-Embeddings gespeichert unter /opt/***/data/processed/user_deep_embedding.csv
2025-06-05 23:52:09,418 - __main__ - INFO - ✅ Deep KNN Modell gespeichert unter /opt/***/models/user_deep_knn.pkl
2025/06/05 23:52:38 INFO mlflow.pyfunc: Validating input example against model signature

Downloading artifacts:   0%|          | 0/1 [00:00<?, ?it/s]
Downloading artifacts: 100%|██████████| 1/1 [00:00<00:00,  2.33it/s]
Downloading artifacts: 100%|██████████| 1/1 [00:00<00:00,  2.33it/s]
Downloading artifacts: 100%|██████████| 1/1 [00:00<00:00,  2.33it/s]
Registered model 'user_deep_model' already exists. Creating a new version of this model...
2025/06/05 23:53:08 INFO mlflow.store.model_registry.abstract_store: Waiting up to 300 seconds for model version to finish creation. Model name: user_deep_model, version 10
Created version '10' of model 'user_deep_model'.
2025-06-05 23:53:10,062 - __main__ - INFO - 📝 Tags für Modellversion 10 gesetzt: n_neighbors=10, latent_dim=32
2025-06-05 23:53:10,065 - __main__ - INFO - 💾 Persistiere Modell-Metadaten unter /opt/***/models/user_deep_model_meta.json: {'model_type': 'user_deep_knn', 'n_neighbors': 10, 'latent_dim': 32, 'algorithm': 'ball_tree', 'epochs': 25, 'run_id': 'd5b0ab5baadc4d11ab0f3e45591de076', 'version': '10', 'persisted_at': '2025-06-05T23:53:10.062794'}
2025-06-05 23:53:10,417 - __main__ - INFO - 🏁 Deep User-Model Training abgeschlossen und geloggt.

[2025-06-05T23:53:12.067+0000] {python.py:201} INFO - Done. Returned value was: None
[2025-06-05T23:53:12.077+0000] {taskinstance.py:1138} INFO - Marking task as SUCCESS. dag_id=deep_models_pipeline, task_id=train_deep_user_model, execution_date=20250605T234800, start_date=20250605T234806, end_date=20250605T235312
[2025-06-05T23:53:12.131+0000] {local_task_job_runner.py:234} INFO - Task exited with return code 0
[2025-06-05T23:53:12.153+0000] {taskinstance.py:3280} INFO - 1 downstream tasks scheduled from follow-on schedule check
