[2025-06-12T09:55:44.133+0000] {taskinstance.py:1956} INFO - Dependencies all met for dep_context=non-requeueable deps ti=<TaskInstance: deep_models_pipeline.train_deep_hybrid_model manual__2025-06-12T09:55:38.675581+00:00 [queued]>
[2025-06-12T09:55:44.140+0000] {taskinstance.py:1956} INFO - Dependencies all met for dep_context=requeueable deps ti=<TaskInstance: deep_models_pipeline.train_deep_hybrid_model manual__2025-06-12T09:55:38.675581+00:00 [queued]>
[2025-06-12T09:55:44.141+0000] {taskinstance.py:2170} INFO - Starting attempt 1 of 3
[2025-06-12T09:55:44.150+0000] {taskinstance.py:2191} INFO - Executing <Task(PythonOperator): train_deep_hybrid_model> on 2025-06-12 09:55:38.675581+00:00
[2025-06-12T09:55:44.156+0000] {standard_task_runner.py:60} INFO - Started process 315 to run task
[2025-06-12T09:55:44.158+0000] {standard_task_runner.py:87} INFO - Running: ['***', 'tasks', 'run', 'deep_models_pipeline', 'train_deep_hybrid_model', 'manual__2025-06-12T09:55:38.675581+00:00', '--job-id', '18', '--raw', '--subdir', 'DAGS_FOLDER/train_deep_model_dag.py', '--cfg-path', '/tmp/tmpvmnupm0o']
[2025-06-12T09:55:44.159+0000] {standard_task_runner.py:88} INFO - Job 18: Subtask train_deep_hybrid_model
[2025-06-12T09:55:44.190+0000] {task_command.py:423} INFO - Running <TaskInstance: deep_models_pipeline.train_deep_hybrid_model manual__2025-06-12T09:55:38.675581+00:00 [running]> on host 7d12641b898c
[2025-06-12T09:55:44.238+0000] {taskinstance.py:2480} INFO - Exporting env vars: AIRFLOW_CTX_DAG_OWNER='***' AIRFLOW_CTX_DAG_ID='deep_models_pipeline' AIRFLOW_CTX_TASK_ID='train_deep_hybrid_model' AIRFLOW_CTX_EXECUTION_DATE='2025-06-12T09:55:38.675581+00:00' AIRFLOW_CTX_TRY_NUMBER='1' AIRFLOW_CTX_DAG_RUN_ID='manual__2025-06-12T09:55:38.675581+00:00'
[2025-06-12T09:55:44.239+0000] {train_deep_model_dag.py:13} INFO - 🟦 Running command: python /opt/***/src/models/train_hybrid_deep_model.py --n_neighbors=10 --latent_dim=64 --epochs=30 --tfidf_features=300
[2025-06-12T09:56:48.371+0000] {train_deep_model_dag.py:20} INFO - 🟩 [stdout]:
🏃 View run train_hybrid_deep_model at: https://dagshub.com/sacer11/MLOps_movie_rec_apr25.mlflow/#/experiments/10/runs/4371a74406a7489f975e596d4b1e0459
🧪 View experiment at: https://dagshub.com/sacer11/MLOps_movie_rec_apr25.mlflow/#/experiments/10

[2025-06-12T09:56:48.372+0000] {train_deep_model_dag.py:22} WARNING - 🟨 [stderr]:
2025-06-12 09:55:49,020 - __main__ - INFO - 📥 Lade Rohdaten und baue Hybrid-Feature-Matrix ...
2025-06-12 09:55:54,984 - __main__ - INFO - 📐 Hybrid-Matrix erstellt mit Shape: (10381, 1429), Feature-Namen: 1429
2025-06-12 09:56:04,626 - __main__ - INFO - 💾 Hybrid-Matrix gespeichert unter /opt/***/data/processed/hybrid_matrix.csv
2025-06-12 09:56:04,711 - __main__ - INFO - 🚀 Starte Training Autoencoder ...
2025-06-12 09:56:05,813 - __main__ - INFO - Epoch 1/30: Loss = 0.0118
2025-06-12 09:56:06,136 - __main__ - INFO - Epoch 2/30: Loss = 0.0069
2025-06-12 09:56:06,423 - __main__ - INFO - Epoch 3/30: Loss = 0.0059
2025-06-12 09:56:06,695 - __main__ - INFO - Epoch 4/30: Loss = 0.0055
2025-06-12 09:56:06,962 - __main__ - INFO - Epoch 5/30: Loss = 0.0052
2025-06-12 09:56:07,191 - __main__ - INFO - Epoch 6/30: Loss = 0.0050
2025-06-12 09:56:07,423 - __main__ - INFO - Epoch 7/30: Loss = 0.0048
2025-06-12 09:56:07,693 - __main__ - INFO - Epoch 8/30: Loss = 0.0047
2025-06-12 09:56:08,000 - __main__ - INFO - Epoch 9/30: Loss = 0.0046
2025-06-12 09:56:08,321 - __main__ - INFO - Epoch 10/30: Loss = 0.0045
2025-06-12 09:56:08,653 - __main__ - INFO - Epoch 11/30: Loss = 0.0044
2025-06-12 09:56:08,973 - __main__ - INFO - Epoch 12/30: Loss = 0.0043
2025-06-12 09:56:09,249 - __main__ - INFO - Epoch 13/30: Loss = 0.0043
2025-06-12 09:56:09,524 - __main__ - INFO - Epoch 14/30: Loss = 0.0042
2025-06-12 09:56:09,811 - __main__ - INFO - Epoch 15/30: Loss = 0.0042
2025-06-12 09:56:10,197 - __main__ - INFO - Epoch 16/30: Loss = 0.0042
2025-06-12 09:56:10,581 - __main__ - INFO - Epoch 17/30: Loss = 0.0041
2025-06-12 09:56:10,907 - __main__ - INFO - Epoch 18/30: Loss = 0.0041
2025-06-12 09:56:11,238 - __main__ - INFO - Epoch 19/30: Loss = 0.0041
2025-06-12 09:56:11,530 - __main__ - INFO - Epoch 20/30: Loss = 0.0040
2025-06-12 09:56:11,816 - __main__ - INFO - Epoch 21/30: Loss = 0.0040
2025-06-12 09:56:12,083 - __main__ - INFO - Epoch 22/30: Loss = 0.0040
2025-06-12 09:56:12,469 - __main__ - INFO - Epoch 23/30: Loss = 0.0040
2025-06-12 09:56:12,859 - __main__ - INFO - Epoch 24/30: Loss = 0.0040
2025-06-12 09:56:13,243 - __main__ - INFO - Epoch 25/30: Loss = 0.0039
2025-06-12 09:56:13,515 - __main__ - INFO - Epoch 26/30: Loss = 0.0039
2025-06-12 09:56:13,755 - __main__ - INFO - Epoch 27/30: Loss = 0.0039
2025-06-12 09:56:13,986 - __main__ - INFO - Epoch 28/30: Loss = 0.0039
2025-06-12 09:56:14,231 - __main__ - INFO - Epoch 29/30: Loss = 0.0039
2025-06-12 09:56:14,517 - __main__ - INFO - Epoch 30/30: Loss = 0.0039
2025-06-12 09:56:14,982 - __main__ - INFO - ✅ Hybrid-Embeddings gespeichert unter /opt/***/data/processed/hybrid_deep_embedding.csv
2025-06-12 09:56:14,982 - __main__ - INFO - ✅ Hybrid-Embeddings gespeichert unter /opt/***/data/processed/hybrid_deep_embedding.csv
2025-06-12 09:56:14,999 - __main__ - INFO - ✅ Deep KNN Modell gespeichert unter /opt/***/models/hybrid_deep_knn.pkl
2025/06/12 09:56:21 INFO mlflow.pyfunc: Validating input example against model signature

Downloading artifacts:   0%|          | 0/1 [00:00<?, ?it/s]
Downloading artifacts: 100%|██████████| 1/1 [00:00<00:00, 50.37it/s]
Downloading artifacts: 100%|██████████| 1/1 [00:00<00:00, 49.92it/s]
Registered model 'hybrid_deep_model' already exists. Creating a new version of this model...
2025/06/12 09:56:31 INFO mlflow.store.model_registry.abstract_store: Waiting up to 300 seconds for model version to finish creation. Model name: hybrid_deep_model, version 112
Created version '112' of model 'hybrid_deep_model'.
2025-06-12 09:56:45,268 - __main__ - INFO - 📝 Tags für Modellversion 112 gesetzt: n_neighbors=10, latent_dim=64, tfidf_features=300, epochs=30
2025-06-12 09:56:47,268 - __main__ - INFO - 🏁 Deep Hybrid-Model Training abgeschlossen und geloggt.

[2025-06-12T09:56:48.373+0000] {python.py:201} INFO - Done. Returned value was: None
[2025-06-12T09:56:48.382+0000] {taskinstance.py:1138} INFO - Marking task as SUCCESS. dag_id=deep_models_pipeline, task_id=train_deep_hybrid_model, execution_date=20250612T095538, start_date=20250612T095544, end_date=20250612T095648
[2025-06-12T09:56:48.420+0000] {local_task_job_runner.py:234} INFO - Task exited with return code 0
[2025-06-12T09:56:48.437+0000] {taskinstance.py:3280} INFO - 1 downstream tasks scheduled from follow-on schedule check
