[2025-05-31T13:02:38.311+0000] {taskinstance.py:1956} INFO - Dependencies all met for dep_context=non-requeueable deps ti=<TaskInstance: movie_recommendation_pipeline.import_raw_data manual__2025-05-31T13:02:36.135095+00:00 [queued]>
[2025-05-31T13:02:38.318+0000] {taskinstance.py:1956} INFO - Dependencies all met for dep_context=requeueable deps ti=<TaskInstance: movie_recommendation_pipeline.import_raw_data manual__2025-05-31T13:02:36.135095+00:00 [queued]>
[2025-05-31T13:02:38.318+0000] {taskinstance.py:2170} INFO - Starting attempt 1 of 2
[2025-05-31T13:02:38.329+0000] {taskinstance.py:2191} INFO - Executing <Task(PythonOperator): import_raw_data> on 2025-05-31 13:02:36.135095+00:00
[2025-05-31T13:02:38.339+0000] {standard_task_runner.py:60} INFO - Started process 973 to run task
[2025-05-31T13:02:38.342+0000] {standard_task_runner.py:87} INFO - Running: ['***', 'tasks', 'run', 'movie_recommendation_pipeline', 'import_raw_data', 'manual__2025-05-31T13:02:36.135095+00:00', '--job-id', '145', '--raw', '--subdir', 'DAGS_FOLDER/mlops_movie_dag.py', '--cfg-path', '/tmp/tmp825dfowo']
[2025-05-31T13:02:38.343+0000] {standard_task_runner.py:88} INFO - Job 145: Subtask import_raw_data
[2025-05-31T13:02:38.386+0000] {task_command.py:423} INFO - Running <TaskInstance: movie_recommendation_pipeline.import_raw_data manual__2025-05-31T13:02:36.135095+00:00 [running]> on host 870f5f0cd86b
[2025-05-31T13:02:38.685+0000] {taskinstance.py:2480} INFO - Exporting env vars: AIRFLOW_CTX_DAG_OWNER='***' AIRFLOW_CTX_DAG_ID='movie_recommendation_pipeline' AIRFLOW_CTX_TASK_ID='import_raw_data' AIRFLOW_CTX_EXECUTION_DATE='2025-05-31T13:02:36.135095+00:00' AIRFLOW_CTX_TRY_NUMBER='1' AIRFLOW_CTX_DAG_RUN_ID='manual__2025-05-31T13:02:36.135095+00:00'
[2025-05-31T13:02:38.687+0000] {logging_mixin.py:188} INFO - ✅ Datei bereits vorhanden, überspringe: genome-scores.csv
[2025-05-31T13:02:38.688+0000] {logging_mixin.py:188} INFO - ✅ Datei bereits vorhanden, überspringe: genome-tags.csv
[2025-05-31T13:02:38.689+0000] {logging_mixin.py:188} INFO - ✅ Datei bereits vorhanden, überspringe: links.csv
[2025-05-31T13:02:38.691+0000] {logging_mixin.py:188} INFO - ✅ Datei bereits vorhanden, überspringe: movies.csv
[2025-05-31T13:02:38.691+0000] {logging_mixin.py:188} INFO - ✅ Datei bereits vorhanden, überspringe: ratings.csv
[2025-05-31T13:02:38.692+0000] {logging_mixin.py:188} INFO - ✅ Datei bereits vorhanden, überspringe: README.txt
[2025-05-31T13:02:38.694+0000] {logging_mixin.py:188} INFO - ✅ Datei bereits vorhanden, überspringe: tags.csv
[2025-05-31T13:02:38.694+0000] {import_raw_data.py:46} INFO - ✅ Rohdatenprüfung abgeschlossen.
[2025-05-31T13:02:38.694+0000] {python.py:201} INFO - Done. Returned value was: None
[2025-05-31T13:02:38.702+0000] {taskinstance.py:1138} INFO - Marking task as SUCCESS. dag_id=movie_recommendation_pipeline, task_id=import_raw_data, execution_date=20250531T130236, start_date=20250531T130238, end_date=20250531T130238
[2025-05-31T13:02:38.756+0000] {local_task_job_runner.py:234} INFO - Task exited with return code 0
[2025-05-31T13:02:38.777+0000] {taskinstance.py:3280} INFO - 1 downstream tasks scheduled from follow-on schedule check
