[2025-06-04T04:36:57.250+0000] {taskinstance.py:1956} INFO - Dependencies all met for dep_context=non-requeueable deps ti=<TaskInstance: deep_models_pipeline.train_deep_user_model manual__2025-06-04T04:36:56.179121+00:00 [queued]>
[2025-06-04T04:36:57.256+0000] {taskinstance.py:1956} INFO - Dependencies all met for dep_context=requeueable deps ti=<TaskInstance: deep_models_pipeline.train_deep_user_model manual__2025-06-04T04:36:56.179121+00:00 [queued]>
[2025-06-04T04:36:57.256+0000] {taskinstance.py:2170} INFO - Starting attempt 1 of 1
[2025-06-04T04:36:57.269+0000] {taskinstance.py:2191} INFO - Executing <Task(PythonOperator): train_deep_user_model> on 2025-06-04 04:36:56.179121+00:00
[2025-06-04T04:36:57.275+0000] {standard_task_runner.py:60} INFO - Started process 291 to run task
[2025-06-04T04:36:57.277+0000] {standard_task_runner.py:87} INFO - Running: ['***', 'tasks', 'run', 'deep_models_pipeline', 'train_deep_user_model', 'manual__2025-06-04T04:36:56.179121+00:00', '--job-id', '1754', '--raw', '--subdir', 'DAGS_FOLDER/train_deep_model_dag.py', '--cfg-path', '/tmp/tmpeid3gltd']
[2025-06-04T04:36:57.279+0000] {standard_task_runner.py:88} INFO - Job 1754: Subtask train_deep_user_model
[2025-06-04T04:36:57.319+0000] {task_command.py:423} INFO - Running <TaskInstance: deep_models_pipeline.train_deep_user_model manual__2025-06-04T04:36:56.179121+00:00 [running]> on host 2271837a197c
[2025-06-04T04:36:57.385+0000] {taskinstance.py:2480} INFO - Exporting env vars: AIRFLOW_CTX_DAG_OWNER='***' AIRFLOW_CTX_DAG_ID='deep_models_pipeline' AIRFLOW_CTX_TASK_ID='train_deep_user_model' AIRFLOW_CTX_EXECUTION_DATE='2025-06-04T04:36:56.179121+00:00' AIRFLOW_CTX_TRY_NUMBER='1' AIRFLOW_CTX_DAG_RUN_ID='manual__2025-06-04T04:36:56.179121+00:00'
[2025-06-04T04:36:57.387+0000] {train_deep_model_dag.py:13} INFO - 🟦 Running command: python /opt/***/src/models/train_user_deep_model.py --n_neighbors=10 --latent_dim=32
[2025-06-04T04:42:01.851+0000] {train_deep_model_dag.py:20} INFO - 🟩 [stdout]:
Epoch 1/25: Loss = 0.0006
Epoch 2/25: Loss = 0.0000
Epoch 3/25: Loss = 0.0000
Epoch 4/25: Loss = 0.0000
Epoch 5/25: Loss = 0.0000
Epoch 6/25: Loss = 0.0000
Epoch 7/25: Loss = 0.0000
Epoch 8/25: Loss = 0.0000
Epoch 9/25: Loss = 0.0000
Epoch 10/25: Loss = 0.0000
Epoch 11/25: Loss = 0.0000
Epoch 12/25: Loss = 0.0000
Epoch 13/25: Loss = 0.0000
Epoch 14/25: Loss = 0.0000
Epoch 15/25: Loss = 0.0000
Epoch 16/25: Loss = 0.0000
Epoch 17/25: Loss = 0.0000
Epoch 18/25: Loss = 0.0000
Epoch 19/25: Loss = 0.0000
Epoch 20/25: Loss = 0.0000
Epoch 21/25: Loss = 0.0000
Epoch 22/25: Loss = 0.0000
Epoch 23/25: Loss = 0.0000
Epoch 24/25: Loss = 0.0000
Epoch 25/25: Loss = 0.0000
✅ User-Embeddings gespeichert unter /opt/***/data/processed/user_deep_embedding.csv
✅ Deep KNN Modell gespeichert unter /opt/***/models/user_deep_knn.pkl
📝 Tags für Modellversion 2 gesetzt: n_neighbors=10, latent_dim=32
🏃 View run train_user_deep_model at: https://dagshub.com/sacer11/MLOps_movie_rec_apr25.mlflow/#/experiments/6/runs/b51dca1b77a64b4fb4e770727f86469d
🧪 View experiment at: https://dagshub.com/sacer11/MLOps_movie_rec_apr25.mlflow/#/experiments/6
🏁 Deep User-Model Training abgeschlossen und geloggt.

[2025-06-04T04:42:01.852+0000] {train_deep_model_dag.py:22} WARNING - 🟨 [stderr]:
/home/***/.local/lib/python3.10/site-packages/mlflow/pyfunc/utils/data_validation.py:186: UserWarning: [33mAdd type hints to the `predict` method to enable data validation and automatic signature inference during model logging. Check https://mlflow.org/docs/latest/model/python_model.html#type-hint-usage-in-pythonmodel for more details.[0m
  color_warning(
2025/06/04 04:41:26 INFO mlflow.pyfunc: Validating input example against model signature

Downloading artifacts:   0%|          | 0/1 [00:00<?, ?it/s]
Downloading artifacts: 100%|██████████| 1/1 [00:00<00:00,  2.08it/s]
Downloading artifacts: 100%|██████████| 1/1 [00:00<00:00,  2.08it/s]
Downloading artifacts: 100%|██████████| 1/1 [00:00<00:00,  2.08it/s]
Registered model 'user_deep_model' already exists. Creating a new version of this model...
2025/06/04 04:41:58 INFO mlflow.store.model_registry.abstract_store: Waiting up to 300 seconds for model version to finish creation. Model name: user_deep_model, version 2
Created version '2' of model 'user_deep_model'.

[2025-06-04T04:42:01.852+0000] {python.py:201} INFO - Done. Returned value was: None
[2025-06-04T04:42:01.863+0000] {taskinstance.py:1138} INFO - Marking task as SUCCESS. dag_id=deep_models_pipeline, task_id=train_deep_user_model, execution_date=20250604T043656, start_date=20250604T043657, end_date=20250604T044201
[2025-06-04T04:42:01.904+0000] {local_task_job_runner.py:234} INFO - Task exited with return code 0
[2025-06-04T04:42:01.923+0000] {taskinstance.py:3280} INFO - 1 downstream tasks scheduled from follow-on schedule check
