[2025-06-01T10:16:45.212+0000] {taskinstance.py:1956} INFO - Dependencies all met for dep_context=non-requeueable deps ti=<TaskInstance: movie_recommendation_pipeline.make_dataset manual__2025-06-01T10:14:57.071102+00:00 [queued]>
[2025-06-01T10:16:45.219+0000] {taskinstance.py:1956} INFO - Dependencies all met for dep_context=requeueable deps ti=<TaskInstance: movie_recommendation_pipeline.make_dataset manual__2025-06-01T10:14:57.071102+00:00 [queued]>
[2025-06-01T10:16:45.219+0000] {taskinstance.py:2170} INFO - Starting attempt 1 of 3
[2025-06-01T10:16:45.229+0000] {taskinstance.py:2191} INFO - Executing <Task(PythonOperator): make_dataset> on 2025-06-01 10:14:57.071102+00:00
[2025-06-01T10:16:45.235+0000] {standard_task_runner.py:60} INFO - Started process 217 to run task
[2025-06-01T10:16:45.237+0000] {standard_task_runner.py:87} INFO - Running: ['***', 'tasks', 'run', 'movie_recommendation_pipeline', 'make_dataset', 'manual__2025-06-01T10:14:57.071102+00:00', '--job-id', '934', '--raw', '--subdir', 'DAGS_FOLDER/mlops_movie_dag.py', '--cfg-path', '/tmp/tmpvo5u1q2s']
[2025-06-01T10:16:45.238+0000] {standard_task_runner.py:88} INFO - Job 934: Subtask make_dataset
[2025-06-01T10:16:45.271+0000] {task_command.py:423} INFO - Running <TaskInstance: movie_recommendation_pipeline.make_dataset manual__2025-06-01T10:14:57.071102+00:00 [running]> on host ce4a8bea328b
[2025-06-01T10:16:45.327+0000] {taskinstance.py:2480} INFO - Exporting env vars: AIRFLOW_CTX_DAG_OWNER='***' AIRFLOW_CTX_DAG_ID='movie_recommendation_pipeline' AIRFLOW_CTX_TASK_ID='make_dataset' AIRFLOW_CTX_EXECUTION_DATE='2025-06-01T10:14:57.071102+00:00' AIRFLOW_CTX_TRY_NUMBER='1' AIRFLOW_CTX_DAG_RUN_ID='manual__2025-06-01T10:14:57.071102+00:00'
[2025-06-01T10:21:35.822+0000] {mlops_movie_dag.py:13} INFO - 2025-06-01 10:16:45,810 - __main__ - INFO - ðŸ“¦ Starte Verarbeitung der Rohdaten.

  0%|          | 0/138493 [00:00<?, ?it/s]
  0%|          | 1/138493 [00:00<22:08:36,  1.74it/s]
  0%|          | 107/138493 [00:00<10:52, 211.97it/s]
  0%|          | 207/138493 [00:00<05:58, 385.86it/s]
  0%|          | 303/138493 [00:00<04:24, 523.20it/s]
  0%|          | 390/138493 [00:00<03:46, 611.05it/s]
  0%|          | 477/138493 [00:01<03:29, 657.55it/s]
  0%|          | 572/138493 [00:01<03:09, 727.28it/s]
  0%|          | 658/138493 [00:01<03:08, 732.58it/s]
  1%|          | 741/138493 [00:01<03:08, 730.22it/s]
  1%|          | 829/138493 [00:01<02:59, 768.89it/s]
  1%|          | 915/138493 [00:01<02:53, 793.23it/s]
  1%|          | 1003/138493 [00:01<02:48, 815.82it/s]
  1%|          | 1113/138493 [00:01<02:33, 893.86it/s]
  1%|          | 1210/138493 [00:01<02:30, 914.41it/s]
  1%|          | 1311/138493 [00:02<02:25, 940.94it/s]
  1%|          | 1418/138493 [00:02<02:20, 976.97it/s]
  1%|          | 1517/138493 [00:02<02:20, 971.70it/s]
  1%|          | 1615/138493 [00:02<02:22, 958.77it/s]
  1%|          | 1715/138493 [00:02<02:22, 957.25it/s]
  1%|â–         | 1812/138493 [00:02<02:25, 942.60it/s]
  1%|â–         | 1907/138493 [00:02<02:28, 920.78it/s]
  1%|â–         | 2004/138493 [00:02<02:26, 932.60it/s]
  2%|â–         | 2098/138493 [00:02<03:02, 747.69it/s]
  2%|â–         | 2189/138493 [00:03<02:53, 787.65it/s]
  2%|â–         | 2273/138493 [00:03<02:56, 772.68it/s]
  2%|â–         | 2364/138493 [00:03<02:48, 808.81it/s]
  2%|â–         | 2466/138493 [00:03<02:37, 865.80it/s]
  2%|â–         | 2556/138493 [00:03<02:40, 846.73it/s]
  2%|â–         | 2659/138493 [00:03<02:31, 897.60it/s]
  2%|â–         | 2757/138493 [00:03<02:28, 913.55it/s]
  2%|â–         | 2851/138493 [00:03<02:27, 920.99it/s]
  2%|â–         | 2944/138493 [00:03<02:28, 911.04it/s]
  2%|â–         | 3036/138493 [00:03<02:30, 897.59it/s]
  2%|â–         | 3145/138493 [00:04<02:22, 949.83it/s]
  2%|â–         | 3241/138493 [00:04<02:28, 912.30it/s]
  2%|â–         | 3333/138493 [00:04<02:37, 857.74it/s]
  2%|â–         | 3430/138493 [00:04<02:32, 888.14it/s]
  3%|â–Ž         | 3520/138493 [00:04<02:32, 886.61it/s]
  3%|â–Ž         | 3610/138493 [00:04<02:37, 858.04it/s]
  3%|â–Ž         | 3697/138493 [00:04<02:42, 827.70it/s]
  3%|â–Ž         | 3783/138493 [00:04<02:41, 836.48it/s]
  3%|â–Ž         | 3881/138493 [00:04<02:33, 874.99it/s]
  3%|â–Ž         | 3970/138493 [00:05<02:33, 877.70it/s]
  3%|â–Ž         | 4059/138493 [00:05<02:32, 881.02it/s]
  3%|â–Ž         | 4150/138493 [00:05<02:31, 888.61it/s]
  3%|â–Ž         | 4251/138493 [00:05<02:25, 922.39it/s]
  3%|â–Ž         | 4344/138493 [00:05<02:26, 914.29it/s]
  3%|â–Ž         | 4436/138493 [00:05<02:31, 886.31it/s]
  3%|â–Ž         | 4531/138493 [00:05<02:28, 903.93it/s]
  3%|â–Ž         | 4622/138493 [00:05<02:28, 903.88it/s]
  3%|â–Ž         | 4729/138493 [00:05<02:20, 952.73it/s]
  3%|â–Ž         | 4825/138493 [00:05<02:21, 945.30it/s]
  4%|â–Ž         | 4928/138493 [00:06<02:17, 969.53it/s]
  4%|â–Ž         | 5026/138493 [00:06<02:23, 928.39it/s]
  4%|â–Ž         | 5120/138493 [00:06<02:24, 922.58it/s]
  4%|â–         | 5213/138493 [00:06<02:24, 923.78it/s]
  4%|â–         | 5312/138493 [00:06<02:21, 942.67it/s]
  4%|â–         | 5407/138493 [00:06<02:25, 912.37it/s]
  4%|â–         | 5502/138493 [00:06<02:24, 921.91it/s]
  4%|â–         | 5595/138493 [00:06<02:24, 921.95it/s]
  4%|â–         | 5703/138493 [00:06<02:17, 967.19it/s]
  4%|â–         | 5800/138493 [00:07<02:20, 946.28it/s]
  4%|â–         | 5898/138493 [00:07<02:18, 955.86it/s]
  4%|â–         | 6000/138493 [00:07<02:16, 970.93it/s]
  4%|â–         | 6098/138493 [00:07<02:19, 948.59it/s]
  4%|â–         | 6194/138493 [00:07<02:28, 890.67it/s]
  5%|â–         | 6304/138493 [00:07<02:19, 944.58it/s]
  5%|â–         | 6400/138493 [00:07<02:25, 908.19it/s]
  5%|â–         | 6501/138493 [00:07<02:21, 935.61it/s]
  5%|â–         | 6602/138493 [00:07<02:18, 951.96it/s]
  5%|â–         | 6698/138493 [00:07<02:19, 943.17it/s]
  5%|â–         | 6793/138493 [00:08<02:24, 908.35it/s]
  5%|â–         | 6885/138493 [00:08<02:25, 902.44it/s]
  5%|â–Œ         | 6978/138493 [00:08<02:25, 904.39it/s]
  5%|â–Œ         | 7076/138493 [00:08<02:21, 925.70it/s]
  5%|â–Œ         | 7182/138493 [00:08<02:16, 963.93it/s]
  5%|â–Œ         | 7279/138493 [00:08<02:18, 945.35it/s]
  5%|â–Œ         | 7386/138493 [00:08<02:13, 979.40it/s]
  5%|â–Œ         | 7485/138493 [00:08<02:14, 976.73it/s]
  5%|â–Œ         | 7583/138493 [00:08<02:16, 962.30it/s]
  6%|â–Œ         | 7693/138493 [00:09<02:11, 997.58it/s]
  6%|â–Œ         | 7793/138493 [00:09<02:55, 742.75it/s]
  6%|â–Œ         | 7886/138493 [00:09<02:46, 786.38it/s]
  6%|â–Œ         | 7995/138493 [00:09<02:31, 863.21it/s]
  6%|â–Œ         | 8089/138493 [00:09<02:29, 869.64it/s]
  6%|â–Œ         | 8185/138493 [00:09<02:25, 893.00it/s]
  6%|â–Œ         | 8287/138493 [00:09<02:20, 927.13it/s]
  6%|â–Œ         | 8386/138493 [00:09<02:17, 944.02it/s]
  6%|â–Œ         | 8483/138493 [00:09<02:31, 860.86it/s]
  6%|â–Œ         | 8572/138493 [00:10<02:29, 866.93it/s]
  6%|â–‹         | 8661/138493 [00:10<02:29, 866.44it/s]
  6%|â–‹         | 8767/138493 [00:10<02:20, 920.39it/s]
  6%|â–‹         | 8871/138493 [00:10<02:15, 954.48it/s]
  6%|â–‹         | 8968/138493 [00:10<02:20, 919.32it/s]
  7%|â–‹         | 9070/138493 [00:10<02:16, 947.80it/s]
  7%|â–‹         | 9166/138493 [00:10<02:20, 918.84it/s]
  7%|â–‹         | 9266/138493 [00:10<02:17, 941.74it/s]
  7%|â–‹         | 9365/138493 [00:10<02:15, 954.19it/s]
  7%|â–‹         | 9463/138493 [00:11<02:14, 960.38it/s]
  7%|â–‹         | 9560/138493 [00:11<02:21, 909.88it/s]
  7%|â–‹         | 9652/138493 [00:11<02:22, 905.23it/s]
  7%|â–‹         | 9744/138493 [00:11<02:31, 848.04it/s]
  7%|â–‹         | 9830/138493 [00:11<02:50, 754.40it/s]
  7%|â–‹         | 9908/138493 [00:11<02:50, 756.08it/s]
  7%|â–‹         | 9986/138493 [00:11<03:00, 713.26it/s]
  7%|â–‹         | 10059/138493 [00:11<03:05, 692.24it/s]
  7%|â–‹         | 10130/138493 [00:11<03:07, 684.26it/s]
  7%|â–‹         | 10199/138493 [00:12<03:08, 680.12it/s]
  7%|â–‹         | 10277/138493 [00:12<03:01, 707.85it/s]
  7%|â–‹         | 10349/138493 [00:12<03:02, 704.02it/s]
  8%|â–Š         | 10430/138493 [00:12<02:54, 733.54it/s]
  8%|â–Š         | 10504/138493 [00:12<03:00, 708.46it/s]
  8%|â–Š         | 10576/138493 [00:12<03:06, 687.53it/s]
  8%|â–Š         | 10651/138493 [00:12<03:01, 703.25it/s]
  8%|â–Š         | 10724/138493 [00:12<03:00, 706.93it/s]
  8%|â–Š         | 10806/138493 [00:12<02:52, 739.66it/s]
  8%|â–Š         | 10907/138493 [00:12<02:35, 818.55it/s]
  8%|â–Š         | 10999/138493 [00:13<02:31, 844.14it/s]
  8%|â–Š         | 11104/138493 [00:13<02:20, 904.86it/s]
  8%|â–Š         | 11202/138493 [00:13<02:17, 926.38it/s]
  8%|â–Š         | 11295/138493 [00:13<02:23, 889.40it/s]
  8%|â–Š         | 11398/138493 [00:13<02:16, 929.91it/s]
  8%|â–Š         | 11497/138493 [00:13<02:14, 946.93it/s]
  8%|â–Š         | 11593/138493 [00:13<02:19, 907.27it/s]
  8%|â–Š         | 11705/138493 [00:13<02:10, 967.91it/s]
  9%|â–Š         | 11803/138493 [00:13<02:15, 933.35it/s]
  9%|â–Š         | 11900/138493 [00:14<02:15, 935.93it/s]
  9%|â–Š         | 12008/138493 [00:14<02:09, 977.12it/s]
  9%|â–Š         | 12107/138493 [00:14<02:13, 946.44it/s]
  9%|â–‰         | 12203/138493 [00:14<02:23, 878.14it/s]
  9%|â–‰         | 12301/138493 [00:14<02:19, 904.36it/s]
  9%|â–‰         | 12404/138493 [00:14<02:14, 937.94it/s]
  9%|â–‰         | 12514/138493 [00:14<02:08, 982.88it/s]
  9%|â–‰         | 12614/138493 [00:14<02:13, 939.44it/s]
  9%|â–‰         | 12709/138493 [00:14<02:18, 908.97it/s]
  9%|â–‰         | 12801/138493 [00:15<02:26, 855.54it/s]
  9%|â–‰         | 12894/138493 [00:15<02:23, 875.24it/s]
  9%|â–‰         | 12995/138493 [00:15<02:17, 911.60it/s]
  9%|â–‰         | 13088/138493 [00:15<02:16, 916.16it/s]
 10%|â–‰         | 13194/138493 [00:15<02:10, 957.74it/s]
 10%|â–‰         | 13291/138493 [00:15<02:10, 958.13it/s]
 10%|â–‰         | 13391/138493 [00:15<02:08, 970.26it/s]
 10%|â–‰         | 13492/138493 [00:15<02:07, 981.40it/s]
 10%|â–‰         | 13591/138493 [00:15<02:10, 956.68it/s]
 10%|â–‰         | 13687/138493 [00:15<02:15, 922.08it/s]
 10%|â–‰         | 13780/138493 [00:16<02:16, 915.94it/s]
 10%|â–ˆ         | 13885/138493 [00:16<02:10, 954.26it/s]
 10%|â–ˆ         | 13981/138493 [00:16<02:17, 902.89it/s]
 10%|â–ˆ         | 14073/138493 [00:16<02:17, 906.17it/s]
 10%|â–ˆ         | 14175/138493 [00:16<02:12, 937.38it/s]
 10%|â–ˆ         | 14272/138493 [00:16<02:11, 944.48it/s]
 10%|â–ˆ         | 14369/138493 [00:16<02:10, 951.77it/s]
 10%|â–ˆ         | 14465/138493 [00:16<02:12, 936.24it/s]
 11%|â–ˆ         | 14559/138493 [00:17<03:37, 569.91it/s]
 11%|â–ˆ         | 14677/138493 [00:17<02:58, 692.50it/s]
 11%|â–ˆ         | 14765/138493 [00:17<02:48, 732.51it/s]
 11%|â–ˆ         | 14867/138493 [00:17<02:35, 797.17it/s]
 11%|â–ˆ         | 14959/138493 [00:17<02:29, 828.14it/s]
 11%|â–ˆ         | 15058/138493 [00:17<02:21, 869.79it/s]
 11%|â–ˆ         | 15166/138493 [00:17<02:12, 927.34it/s]
 11%|â–ˆ         | 15264/138493 [00:17<02:12, 932.28it/s]
 11%|â–ˆ         | 15369/138493 [00:17<02:07, 965.25it/s]
 11%|â–ˆ         | 15469/138493 [00:18<02:07, 963.06it/s]
 11%|â–ˆ         | 15568/138493 [00:18<02:16, 899.42it/s]
 11%|â–ˆâ–        | 15660/138493 [00:18<02:22, 859.93it/s]
 11%|â–ˆâ–        | 15748/138493 [00:18<02:29, 820.66it/s]
 11%|â–ˆâ–        | 15837/138493 [00:18<02:26, 838.40it/s]
 11%|â–ˆâ–        | 15922/138493 [00:18<02:28, 825.30it/s]
 12%|â–ˆâ–        | 16025/138493 [00:18<02:18, 881.67it/s]
 12%|â–ˆâ–        | 16115/138493 [00:18<02:19, 875.77it/s]
 12%|â–ˆâ–        | 16204/138493 [00:18<02:26, 833.59it/s]
 12%|â–ˆâ–        | 16297/138493 [00:19<02:22, 858.97it/s]
 12%|â–ˆâ–        | 16396/138493 [00:19<02:16, 896.08it/s]
 12%|â–ˆâ–        | 16498/138493 [00:19<02:11, 928.16it/s]
 12%|â–ˆâ–        | 16596/138493 [00:19<02:09, 943.11it/s]
 12%|â–ˆâ–        | 16691/138493 [00:19<02:10, 934.34it/s]
 12%|â–ˆâ–        | 16785/138493 [00:19<02:11, 927.28it/s]
 12%|â–ˆâ–        | 16888/138493 [00:19<02:07, 956.04it/s]
 12%|â–ˆâ–        | 16984/138493 [00:19<02:08, 946.78it/s]
 12%|â–ˆâ–        | 17079/138493 [00:19<02:12, 913.41it/s]
 12%|â–ˆâ–        | 17179/138493 [00:19<02:10, 932.81it/s]
 12%|â–ˆâ–        | 17288/138493 [00:20<02:04, 976.83it/s]
 13%|â–ˆâ–Ž        | 17386/138493 [00:20<02:05, 963.84it/s]
 13%|â–ˆâ–Ž        | 17488/138493 [00:20<02:04, 972.64it/s]
 13%|â–ˆâ–Ž        | 17586/138493 [00:20<02:05, 964.92it/s]
 13%|â–ˆâ–Ž        | 17683/138493 [00:20<02:06, 955.36it/s]
 13%|â–ˆâ–Ž        | 17784/138493 [00:20<02:04, 968.71it/s]
 13%|â–ˆâ–Ž        | 17881/138493 [00:20<02:05, 959.13it/s]
 13%|â–ˆâ–Ž        | 17982/138493 [00:20<02:03, 973.54it/s]
 13%|â–ˆâ–Ž        | 18080/138493 [00:20<02:07, 942.60it/s]
 13%|â–ˆâ–Ž        | 18175/138493 [00:21<02:11, 913.80it/s]
 13%|â–ˆâ–Ž        | 18267/138493 [00:21<02:12, 909.31it/s]
 13%|â–ˆâ–Ž        | 18362/138493 [00:21<02:10, 919.48it/s]
 13%|â–ˆâ–Ž        | 18456/138493 [00:21<02:10, 922.59it/s]
 13%|â–ˆâ–Ž        | 18550/138493 [00:21<02:09, 927.00it/s]
 13%|â–ˆâ–Ž        | 18643/138493 [00:21<02:14, 891.02it/s]
 14%|â–ˆâ–Ž        | 18733/138493 [00:21<02:15, 884.77it/s]
 14%|â–ˆâ–Ž        | 18822/138493 [00:21<02:15, 882.99it/s]
 14%|â–ˆâ–Ž        | 18911/138493 [00:21<02:18, 864.78it/s]
 14%|â–ˆâ–Ž        | 18998/138493 [00:21<02:23, 832.65it/s]
 14%|â–ˆâ–        | 19101/138493 [00:22<02:14, 888.31it/s]
 14%|â–ˆâ–        | 19196/138493 [00:22<02:11, 904.87it/s]
 14%|â–ˆâ–        | 19287/138493 [00:22<02:11, 905.58it/s]
 14%|â–ˆâ–        | 19378/138493 [00:22<02:13, 894.81it/s]
 14%|â–ˆâ–        | 19488/138493 [00:22<02:04, 954.80it/s]
 14%|â–ˆâ–        | 19584/138493 [00:22<02:05, 950.08it/s]
 14%|â–ˆâ–        | 19680/138493 [00:22<02:06, 941.69it/s]
 14%|â–ˆâ–        | 19775/138493 [00:22<02:07, 933.00it/s]
 14%|â–ˆâ–        | 19869/138493 [00:22<02:07, 929.98it/s]
 14%|â–ˆâ–        | 19971/138493 [00:22<02:03, 956.20it/s]
 14%|â–ˆâ–        | 20076/138493 [00:23<02:00, 982.29it/s]
 15%|â–ˆâ–        | 20175/138493 [00:23<02:08, 921.39it/s]
 15%|â–ˆâ–        | 20268/138493 [00:23<02:12, 893.87it/s]
 15%|â–ˆâ–        | 20359/138493 [00:23<02:13, 888.02it/s]
 15%|â–ˆâ–        | 20464/138493 [00:23<02:06, 933.21it/s]
 15%|â–ˆâ–        | 20566/138493 [00:23<02:03, 957.99it/s]
 15%|â–ˆâ–        | 20677/138493 [00:23<01:57, 1001.74it/s]
 15%|â–ˆâ–Œ        | 20790/138493 [00:23<01:53, 1038.06it/s]
 15%|â–ˆâ–Œ        | 20897/138493 [00:23<01:52, 1047.43it/s]
 15%|â–ˆâ–Œ        | 21003/138493 [00:24<01:54, 1023.77it/s]
 15%|â–ˆâ–Œ        | 21106/138493 [00:24<01:58, 993.25it/s] 
 15%|â–ˆâ–Œ        | 21206/138493 [00:24<02:05, 931.34it/s]
 15%|â–ˆâ–Œ        | 21312/138493 [00:24<02:01, 965.99it/s]
 15%|â–ˆâ–Œ        | 21410/138493 [00:24<02:07, 916.60it/s]
 16%|â–ˆâ–Œ        | 21527/138493 [00:24<01:58, 986.21it/s]
 16%|â–ˆâ–Œ        | 21632/138493 [00:24<01:56, 1002.61it/s]
 16%|â–ˆâ–Œ        | 21734/138493 [00:24<02:01, 958.15it/s] 
 16%|â–ˆâ–Œ        | 21840/138493 [00:24<01:59, 979.93it/s]
 16%|â–ˆâ–Œ        | 21939/138493 [00:25<02:08, 904.19it/s]
 16%|â–ˆâ–Œ        | 22033/138493 [00:25<02:07, 911.59it/s]
 16%|â–ˆâ–Œ        | 22126/138493 [00:25<02:11, 887.97it/s]
 16%|â–ˆâ–Œ        | 22216/138493 [00:25<02:18, 840.35it/s]
 16%|â–ˆâ–Œ        | 22306/138493 [00:25<02:16, 854.10it/s]
 16%|â–ˆâ–Œ        | 22393/138493 [00:25<02:17, 841.85it/s]
 16%|â–ˆâ–Œ        | 22491/138493 [00:25<02:11, 880.43it/s]
 16%|â–ˆâ–‹        | 22584/138493 [00:25<02:09, 893.57it/s]
 16%|â–ˆâ–‹        | 22676/138493 [00:25<02:09, 893.83it/s]
 16%|â–ˆâ–‹        | 22766/138493 [00:25<02:11, 879.41it/s]
 17%|â–ˆâ–‹        | 22877/138493 [00:26<02:02, 944.51it/s]
 17%|â–ˆâ–‹        | 22972/138493 [00:26<02:06, 910.32it/s]
 17%|â–ˆâ–‹        | 23064/138493 [00:26<02:10, 886.13it/s]
 17%|â–ˆâ–‹        | 23163/138493 [00:26<02:06, 915.24it/s]
 17%|â–ˆâ–‹        | 23255/138493 [00:26<02:08, 893.51it/s]
 17%|â–ˆâ–‹        | 23345/138493 [00:26<02:14, 857.11it/s]
 17%|â–ˆâ–‹        | 23432/138493 [00:26<03:38, 527.65it/s]
 17%|â–ˆâ–‹        | 23518/138493 [00:27<03:13, 592.85it/s]
 17%|â–ˆâ–‹        | 23617/138493 [00:27<02:49, 679.44it/s]
 17%|â–ˆâ–‹        | 23708/138493 [00:27<02:36, 734.54it/s]
 17%|â–ˆâ–‹        | 23821/138493 [00:27<02:17, 834.59it/s]
 17%|â–ˆâ–‹        | 23914/138493 [00:27<02:15, 846.66it/s]
 17%|â–ˆâ–‹        | 24006/138493 [00:27<02:13, 860.35it/s]
 17%|â–ˆâ–‹        | 24100/138493 [00:27<02:09, 881.81it/s]
 17%|â–ˆâ–‹        | 24192/138493 [00:27<02:08, 888.06it/s]
 18%|â–ˆâ–Š        | 24284/138493 [00:27<02:08, 891.77it/s]
 18%|â–ˆâ–Š        | 24397/138493 [00:27<01:59, 952.23it/s]
 18%|â–ˆâ–Š        | 24505/138493 [00:28<01:55, 986.00it/s]
 18%|â–ˆâ–Š        | 24605/138493 [00:28<01:55, 988.92it/s]
 18%|â–ˆâ–Š        | 24705/138493 [00:28<02:01, 933.85it/s]
 18%|â–ˆâ–Š        | 24800/138493 [00:28<02:06, 896.75it/s]
 18%|â–ˆâ–Š        | 24891/138493 [00:28<02:11, 865.94it/s]
 18%|â–ˆâ–Š        | 24979/138493 [00:28<02:14, 840.97it/s]
 18%|â–ˆâ–Š        | 25077/138493 [00:28<02:09, 876.24it/s]
 18%|â–ˆâ–Š        | 25166/138493 [00:28<02:13, 846.85it/s]
 18%|â–ˆâ–Š        | 25252/138493 [00:28<02:14, 843.80it/s]
 18%|â–ˆâ–Š        | 25342/138493 [00:29<02:12, 856.59it/s]
 18%|â–ˆâ–Š        | 25429/138493 [00:29<02:11, 858.80it/s]
 18%|â–ˆâ–Š        | 25522/138493 [00:29<02:08, 879.45it/s]
 19%|â–ˆâ–Š        | 25630/138493 [00:29<02:00, 937.48it/s]
 19%|â–ˆâ–Š        | 25725/138493 [00:29<02:01, 928.28it/s]
 19%|â–ˆâ–Š        | 25830/138493 [00:29<01:56, 962.97it/s]
 19%|â–ˆâ–Š        | 25944/138493 [00:29<01:51, 1011.92it/s]
 19%|â–ˆâ–‰        | 26046/138493 [00:29<01:54, 978.72it/s] 
 19%|â–ˆâ–‰        | 26148/138493 [00:29<01:53, 988.46it/s]
 19%|â–ˆâ–‰        | 26248/138493 [00:29<02:00, 934.41it/s]
 19%|â–ˆâ–‰        | 26348/138493 [00:30<01:57, 952.22it/s]
 19%|â–ˆâ–‰        | 26460/138493 [00:30<01:52, 996.14it/s]
 19%|â–ˆâ–‰        | 26561/138493 [00:30<01:55, 973.24it/s]
 19%|â–ˆâ–‰        | 26666/138493 [00:30<01:52, 993.64it/s]
 19%|â–ˆâ–‰        | 26784/138493 [00:30<01:46, 1044.81it/s]
 19%|â–ˆâ–‰        | 26889/138493 [00:30<02:00, 929.94it/s] 
 19%|â–ˆâ–‰        | 26989/138493 [00:30<01:57, 946.99it/s]
 20%|â–ˆâ–‰        | 27086/138493 [00:30<02:04, 891.72it/s]
 20%|â–ˆâ–‰        | 27181/138493 [00:30<02:02, 906.94it/s]
 20%|â–ˆâ–‰        | 27274/138493 [00:31<02:03, 900.71it/s]
 20%|â–ˆâ–‰        | 27377/138493 [00:31<01:58, 936.47it/s]
 20%|â–ˆâ–‰        | 27472/138493 [00:31<02:01, 912.41it/s]
 20%|â–ˆâ–‰        | 27573/138493 [00:31<01:58, 939.13it/s]
 20%|â–ˆâ–‰        | 27668/138493 [00:31<01:57, 939.62it/s]
 20%|â–ˆâ–ˆ        | 27763/138493 [00:31<01:57, 940.85it/s]
 20%|â–ˆâ–ˆ        | 27858/138493 [00:31<01:58, 937.08it/s]
 20%|â–ˆâ–ˆ        | 27952/138493 [00:31<01:58, 930.82it/s]
 20%|â–ˆâ–ˆ        | 28046/138493 [00:31<02:02, 905.10it/s]
 20%|â–ˆâ–ˆ        | 28137/138493 [00:32<02:03, 896.52it/s]
 20%|â–ˆâ–ˆ        | 28227/138493 [00:32<02:07, 867.55it/s]
 20%|â–ˆâ–ˆ        | 28318/138493 [00:32<02:05, 876.96it/s]
 21%|â–ˆâ–ˆ        | 28406/138493 [00:32<02:05, 877.11it/s]
 21%|â–ˆâ–ˆ        | 28506/138493 [00:32<02:00, 912.16it/s]
 21%|â–ˆâ–ˆ        | 28603/138493 [00:32<01:58, 927.26it/s]
 21%|â–ˆâ–ˆ        | 28696/138493 [00:32<02:00, 908.36it/s]
 21%|â–ˆâ–ˆ        | 28789/138493 [00:32<02:01, 905.89it/s]
 21%|â–ˆâ–ˆ        | 28885/138493 [00:32<01:59, 919.91it/s]
 21%|â–ˆâ–ˆ        | 28982/138493 [00:32<01:57, 932.53it/s]
 21%|â–ˆâ–ˆ        | 29076/138493 [00:33<02:00, 909.16it/s]
 21%|â–ˆâ–ˆ        | 29168/138493 [00:33<02:00, 907.33it/s]
 21%|â–ˆâ–ˆ        | 29263/138493 [00:33<01:59, 915.86it/s]
 21%|â–ˆâ–ˆ        | 29355/138493 [00:33<02:01, 899.65it/s]
 21%|â–ˆâ–ˆâ–       | 29462/138493 [00:33<01:55, 944.96it/s]
 21%|â–ˆâ–ˆâ–       | 29557/138493 [00:33<01:55, 941.46it/s]
 21%|â–ˆâ–ˆâ–       | 29656/138493 [00:33<01:54, 951.89it/s]
 21%|â–ˆâ–ˆâ–       | 29753/138493 [00:33<01:53, 954.58it/s]
 22%|â–ˆâ–ˆâ–       | 29865/138493 [00:33<01:48, 1002.43it/s]
 22%|â–ˆâ–ˆâ–       | 29966/138493 [00:33<01:50, 983.09it/s] 
 22%|â–ˆâ–ˆâ–       | 30081/138493 [00:34<01:45, 1030.80it/s]
 22%|â–ˆâ–ˆâ–       | 30185/138493 [00:34<01:52, 966.08it/s] 
 22%|â–ˆâ–ˆâ–       | 30283/138493 [00:34<01:53, 952.13it/s]
 22%|â–ˆâ–ˆâ–       | 30379/138493 [00:34<01:53, 953.23it/s]
 22%|â–ˆâ–ˆâ–       | 30489/138493 [00:34<01:48, 994.79it/s]
 22%|â–ˆâ–ˆâ–       | 30589/138493 [00:34<01:50, 973.69it/s]
 22%|â–ˆâ–ˆâ–       | 30687/138493 [00:34<01:53, 948.99it/s]
 22%|â–ˆâ–ˆâ–       | 30783/138493 [00:34<01:53, 949.35it/s]
 22%|â–ˆâ–ˆâ–       | 30884/138493 [00:34<01:51, 965.90it/s]
 22%|â–ˆâ–ˆâ–       | 30985/138493 [00:35<01:49, 978.34it/s]
 22%|â–ˆâ–ˆâ–       | 31095/138493 [00:35<01:45, 1014.16it/s]
 23%|â–ˆâ–ˆâ–Ž       | 31197/138493 [00:35<01:56, 919.58it/s] 
 23%|â–ˆâ–ˆâ–Ž       | 31291/138493 [00:35<02:00, 893.17it/s]
 23%|â–ˆâ–ˆâ–Ž       | 31382/138493 [00:35<01:59, 894.51it/s]
 23%|â–ˆâ–ˆâ–Ž       | 31473/138493 [00:35<02:01, 880.25it/s]
 23%|â–ˆâ–ˆâ–Ž       | 31586/138493 [00:35<01:52, 949.46it/s]
 23%|â–ˆâ–ˆâ–Ž       | 31682/138493 [00:35<01:54, 934.82it/s]
 23%|â–ˆâ–ˆâ–Ž       | 31777/138493 [00:35<01:53, 939.00it/s]
 23%|â–ˆâ–ˆâ–Ž       | 31887/138493 [00:35<01:48, 978.17it/s]
 23%|â–ˆâ–ˆâ–Ž       | 31988/138493 [00:36<01:48, 980.08it/s]
 23%|â–ˆâ–ˆâ–Ž       | 32093/138493 [00:36<01:47, 989.88it/s]
 23%|â–ˆâ–ˆâ–Ž       | 32193/138493 [00:36<01:49, 968.97it/s]
 23%|â–ˆâ–ˆâ–Ž       | 32292/138493 [00:36<01:48, 974.64it/s]
 23%|â–ˆâ–ˆâ–Ž       | 32390/138493 [00:36<01:53, 933.06it/s]
 23%|â–ˆâ–ˆâ–Ž       | 32505/138493 [00:36<01:46, 993.35it/s]
 24%|â–ˆâ–ˆâ–Ž       | 32605/138493 [00:36<01:50, 962.38it/s]
 24%|â–ˆâ–ˆâ–Ž       | 32702/138493 [00:36<01:53, 930.92it/s]
 24%|â–ˆâ–ˆâ–Ž       | 32804/138493 [00:36<01:50, 954.20it/s]
 24%|â–ˆâ–ˆâ–       | 32905/138493 [00:37<01:49, 967.65it/s]
 24%|â–ˆâ–ˆâ–       | 33013/138493 [00:37<01:45, 999.55it/s]
 24%|â–ˆâ–ˆâ–       | 33114/138493 [00:37<01:50, 956.27it/s]
 24%|â–ˆâ–ˆâ–       | 33211/138493 [00:37<01:50, 955.27it/s]
 24%|â–ˆâ–ˆâ–       | 33309/138493 [00:37<01:49, 961.00it/s]
 24%|â–ˆâ–ˆâ–       | 33406/138493 [00:37<02:00, 873.57it/s]
 24%|â–ˆâ–ˆâ–       | 33517/138493 [00:37<01:51, 938.26it/s]
 24%|â–ˆâ–ˆâ–       | 33622/138493 [00:37<01:48, 967.71it/s]
 24%|â–ˆâ–ˆâ–       | 33724/138493 [00:37<01:46, 981.37it/s]
 24%|â–ˆâ–ˆâ–       | 33824/138493 [00:38<01:48, 961.66it/s]
 25%|â–ˆâ–ˆâ–       | 33934/138493 [00:38<01:44, 1000.83it/s]
 25%|â–ˆâ–ˆâ–       | 34037/138493 [00:38<01:43, 1008.47it/s]
 25%|â–ˆâ–ˆâ–       | 34139/138493 [00:38<01:47, 974.60it/s] 
 25%|â–ˆâ–ˆâ–       | 34238/138493 [00:38<01:57, 887.64it/s]
 25%|â–ˆâ–ˆâ–       | 34334/138493 [00:38<01:55, 903.58it/s]
 25%|â–ˆâ–ˆâ–       | 34426/138493 [00:39<03:46, 460.21it/s]
 25%|â–ˆâ–ˆâ–       | 34500/138493 [00:39<03:25, 506.82it/s]
 25%|â–ˆâ–ˆâ–       | 34584/138493 [00:39<03:03, 567.61it/s]
 25%|â–ˆâ–ˆâ–Œ       | 34670/138493 [00:39<02:45, 628.86it/s]
 25%|â–ˆâ–ˆâ–Œ       | 34758/138493 [00:39<02:30, 687.55it/s]
 25%|â–ˆâ–ˆâ–Œ       | 34852/138493 [00:39<02:18, 750.43it/s]
 25%|â–ˆâ–ˆâ–Œ       | 34942/138493 [00:39<02:11, 789.66it/s]
 25%|â–ˆâ–ˆâ–Œ       | 35037/138493 [00:39<02:05, 824.72it/s]
 25%|â–ˆâ–ˆâ–Œ       | 35125/138493 [00:39<02:04, 828.41it/s]
 25%|â–ˆâ–ˆâ–Œ       | 35224/138493 [00:39<01:58, 873.94it/s]
 25%|â–ˆâ–ˆâ–Œ       | 35315/138493 [00:40<02:00, 856.49it/s]
 26%|â–ˆâ–ˆâ–Œ       | 35417/138493 [00:40<01:54, 901.76it/s]
 26%|â–ˆâ–ˆâ–Œ       | 35514/138493 [00:40<01:52, 914.67it/s]
 26%|â–ˆâ–ˆâ–Œ       | 35613/138493 [00:40<01:50, 934.95it/s]
 26%|â–ˆâ–ˆâ–Œ       | 35710/138493 [00:40<01:48, 943.34it/s]
 26%|â–ˆâ–ˆâ–Œ       | 35812/138493 [00:40<01:46, 964.31it/s]
 26%|â–ˆâ–ˆâ–Œ       | 35918/138493 [00:40<01:43, 990.14it/s]
 26%|â–ˆâ–ˆâ–Œ       | 36018/138493 [00:40<01:50, 925.44it/s]
 26%|â–ˆâ–ˆâ–Œ       | 36112/138493 [00:40<01:51, 915.03it/s]
 26%|â–ˆâ–ˆâ–Œ       | 36221/138493 [00:40<01:46, 958.11it/s]
 26%|â–ˆâ–ˆâ–Œ       | 36318/138493 [00:41<01:51, 919.61it/s]
 26%|â–ˆâ–ˆâ–‹       | 36411/138493 [00:41<01:51, 916.17it/s]
 26%|â–ˆâ–ˆâ–‹       | 36504/138493 [00:41<01:50, 920.04it/s]
 26%|â–ˆâ–ˆâ–‹       | 36604/138493 [00:41<01:48, 941.58it/s]
 27%|â–ˆâ–ˆâ–‹       | 36701/138493 [00:41<01:47, 948.55it/s]
 27%|â–ˆâ–ˆâ–‹       | 36803/138493 [00:41<01:45, 966.87it/s]
 27%|â–ˆâ–ˆâ–‹       | 36906/138493 [00:41<01:43, 984.21it/s]
 27%|â–ˆâ–ˆâ–‹       | 37005/138493 [00:41<01:43, 980.31it/s]
 27%|â–ˆâ–ˆâ–‹       | 37104/138493 [00:41<01:47, 946.74it/s]
 27%|â–ˆâ–ˆâ–‹       | 37199/138493 [00:42<01:49, 923.37it/s]
 27%|â–ˆâ–ˆâ–‹       | 37292/138493 [00:42<01:55, 875.34it/s]
 27%|â–ˆâ–ˆâ–‹       | 37381/138493 [00:42<01:58, 854.40it/s]
 27%|â–ˆâ–ˆâ–‹       | 37478/138493 [00:42<01:54, 885.19it/s]
 27%|â–ˆâ–ˆâ–‹       | 37569/138493 [00:42<01:53, 890.77it/s]
 27%|â–ˆâ–ˆâ–‹       | 37663/138493 [00:42<01:51, 904.21it/s]
 27%|â–ˆâ–ˆâ–‹       | 37755/138493 [00:42<01:51, 905.86it/s]
 27%|â–ˆâ–ˆâ–‹       | 37847/138493 [00:42<01:50, 908.13it/s]
 27%|â–ˆâ–ˆâ–‹       | 37938/138493 [00:42<01:52, 890.05it/s]
 27%|â–ˆâ–ˆâ–‹       | 38040/138493 [00:42<01:48, 927.51it/s]
 28%|â–ˆâ–ˆâ–Š       | 38134/138493 [00:43<01:47, 930.20it/s]
 28%|â–ˆâ–ˆâ–Š       | 38228/138493 [00:43<01:54, 872.25it/s]
 28%|â–ˆâ–ˆâ–Š       | 38317/138493 [00:43<01:56, 857.49it/s]
 28%|â–ˆâ–ˆâ–Š       | 38410/138493 [00:43<01:54, 877.65it/s]
 28%|â–ˆâ–ˆâ–Š       | 38516/138493 [00:43<01:47, 929.72it/s]
 28%|â–ˆâ–ˆâ–Š       | 38623/138493 [00:43<01:43, 969.15it/s]
 28%|â–ˆâ–ˆâ–Š       | 38721/138493 [00:43<01:46, 939.97it/s]
 28%|â–ˆâ–ˆâ–Š       | 38817/138493 [00:43<01:46, 938.75it/s]
 28%|â–ˆâ–ˆâ–Š       | 38914/138493 [00:43<01:45, 947.45it/s]
 28%|â–ˆâ–ˆâ–Š       | 39010/138493 [00:44<01:47, 921.39it/s]
 28%|â–ˆâ–ˆâ–Š       | 39108/138493 [00:44<01:45, 938.14it/s]
 28%|â–ˆâ–ˆâ–Š       | 39203/138493 [00:44<01:48, 915.38it/s]
 28%|â–ˆâ–ˆâ–Š       | 39305/138493 [00:44<01:44, 945.44it/s]
 28%|â–ˆâ–ˆâ–Š       | 39404/138493 [00:44<01:43, 955.45it/s]
 29%|â–ˆâ–ˆâ–Š       | 39500/138493 [00:44<01:47, 925.05it/s]
 29%|â–ˆâ–ˆâ–Š       | 39607/138493 [00:44<01:42, 966.50it/s]
 29%|â–ˆâ–ˆâ–Š       | 39720/138493 [00:44<01:37, 1013.88it/s]
 29%|â–ˆâ–ˆâ–‰       | 39822/138493 [00:44<01:37, 1007.31it/s]
 29%|â–ˆâ–ˆâ–‰       | 39926/138493 [00:44<01:37, 1012.31it/s]
 29%|â–ˆâ–ˆâ–‰       | 40028/138493 [00:45<01:43, 953.69it/s] 
 29%|â–ˆâ–ˆâ–‰       | 40125/138493 [00:45<01:48, 904.45it/s]
 29%|â–ˆâ–ˆâ–‰       | 40222/138493 [00:45<01:46, 920.63it/s]
 29%|â–ˆâ–ˆâ–‰       | 40316/138493 [00:45<01:46, 923.64it/s]
 29%|â–ˆâ–ˆâ–‰       | 40420/138493 [00:45<01:42, 954.68it/s]
 29%|â–ˆâ–ˆâ–‰       | 40516/138493 [00:45<01:44, 937.89it/s]
 29%|â–ˆâ–ˆâ–‰       | 40617/138493 [00:45<01:42, 957.27it/s]
 29%|â–ˆâ–ˆâ–‰       | 40714/138493 [00:45<01:42, 957.35it/s]
 29%|â–ˆâ–ˆâ–‰       | 40810/138493 [00:45<01:45, 921.80it/s]
 30%|â–ˆâ–ˆâ–‰       | 40905/138493 [00:46<01:45, 925.06it/s]
 30%|â–ˆâ–ˆâ–‰       | 41017/138493 [00:46<01:39, 980.93it/s]
 30%|â–ˆâ–ˆâ–‰       | 41116/138493 [00:46<01:40, 967.71it/s]
 30%|â–ˆâ–ˆâ–‰       | 41214/138493 [00:46<01:43, 944.06it/s]
 30%|â–ˆâ–ˆâ–‰       | 41309/138493 [00:46<01:46, 909.93it/s]
 30%|â–ˆâ–ˆâ–‰       | 41411/138493 [00:46<01:43, 940.57it/s]
 30%|â–ˆâ–ˆâ–‰       | 41506/138493 [00:46<01:46, 907.71it/s]
 30%|â–ˆâ–ˆâ–ˆ       | 41612/138493 [00:46<01:42, 949.62it/s]
 30%|â–ˆâ–ˆâ–ˆ       | 41708/138493 [00:46<01:41, 950.25it/s]
 30%|â–ˆâ–ˆâ–ˆ       | 41819/138493 [00:46<01:37, 988.92it/s]
 30%|â–ˆâ–ˆâ–ˆ       | 41926/138493 [00:47<01:35, 1010.97it/s]
 30%|â–ˆâ–ˆâ–ˆ       | 42029/138493 [00:47<01:35, 1013.57it/s]
 30%|â–ˆâ–ˆâ–ˆ       | 42131/138493 [00:47<01:39, 965.11it/s] 
 30%|â–ˆâ–ˆâ–ˆ       | 42229/138493 [00:47<01:40, 962.47it/s]
 31%|â–ˆâ–ˆâ–ˆ       | 42326/138493 [00:47<01:40, 952.58it/s]
 31%|â–ˆâ–ˆâ–ˆ       | 42422/138493 [00:47<01:45, 911.41it/s]
 31%|â–ˆâ–ˆâ–ˆ       | 42514/138493 [00:47<01:49, 879.21it/s]
 31%|â–ˆâ–ˆâ–ˆ       | 42612/138493 [00:47<01:45, 905.24it/s]
 31%|â–ˆâ–ˆâ–ˆ       | 42703/138493 [00:47<01:46, 899.29it/s]
 31%|â–ˆâ–ˆâ–ˆ       | 42794/138493 [00:48<01:50, 866.29it/s]
 31%|â–ˆâ–ˆâ–ˆ       | 42882/138493 [00:48<01:52, 850.48it/s]
 31%|â–ˆâ–ˆâ–ˆ       | 42968/138493 [00:48<02:04, 767.32it/s]
 31%|â–ˆâ–ˆâ–ˆ       | 43061/138493 [00:48<01:57, 809.37it/s]
 31%|â–ˆâ–ˆâ–ˆ       | 43162/138493 [00:48<01:50, 863.37it/s]
 31%|â–ˆâ–ˆâ–ˆ       | 43250/138493 [00:48<01:58, 805.88it/s]
 31%|â–ˆâ–ˆâ–ˆâ–      | 43337/138493 [00:48<01:55, 821.48it/s]
 31%|â–ˆâ–ˆâ–ˆâ–      | 43421/138493 [00:48<01:56, 816.51it/s]
 31%|â–ˆâ–ˆâ–ˆâ–      | 43504/138493 [00:48<01:57, 810.99it/s]
 31%|â–ˆâ–ˆâ–ˆâ–      | 43586/138493 [00:49<02:03, 768.97it/s]
 32%|â–ˆâ–ˆâ–ˆâ–      | 43664/138493 [00:49<02:04, 764.02it/s]
 32%|â–ˆâ–ˆâ–ˆâ–      | 43755/138493 [00:49<01:57, 804.04it/s]
 32%|â–ˆâ–ˆâ–ˆâ–      | 43849/138493 [00:49<01:52, 837.82it/s]
 32%|â–ˆâ–ˆâ–ˆâ–      | 43946/138493 [00:49<01:48, 872.58it/s]
 32%|â–ˆâ–ˆâ–ˆâ–      | 44050/138493 [00:49<01:42, 920.49it/s]
 32%|â–ˆâ–ˆâ–ˆâ–      | 44143/138493 [00:49<01:43, 911.40it/s]
 32%|â–ˆâ–ˆâ–ˆâ–      | 44237/138493 [00:49<01:42, 917.24it/s]
 32%|â–ˆâ–ˆâ–ˆâ–      | 44329/138493 [00:49<01:42, 914.76it/s]
 32%|â–ˆâ–ˆâ–ˆâ–      | 44428/138493 [00:49<01:40, 931.78it/s]
 32%|â–ˆâ–ˆâ–ˆâ–      | 44522/138493 [00:50<01:42, 913.51it/s]
 32%|â–ˆâ–ˆâ–ˆâ–      | 44617/138493 [00:50<01:42, 920.24it/s]
 32%|â–ˆâ–ˆâ–ˆâ–      | 44710/138493 [00:50<01:43, 901.98it/s]
 32%|â–ˆâ–ˆâ–ˆâ–      | 44813/138493 [00:50<01:39, 937.82it/s]
 32%|â–ˆâ–ˆâ–ˆâ–      | 44912/138493 [00:50<01:38, 952.08it/s]
 33%|â–ˆâ–ˆâ–ˆâ–Ž      | 45015/138493 [00:50<01:36, 971.48it/s]
 33%|â–ˆâ–ˆâ–ˆâ–Ž      | 45113/138493 [00:50<01:39, 940.41it/s]
 33%|â–ˆâ–ˆâ–ˆâ–Ž      | 45208/138493 [00:50<01:39, 938.60it/s]
 33%|â–ˆâ–ˆâ–ˆâ–Ž      | 45312/138493 [00:50<01:36, 966.38it/s]
 33%|â–ˆâ–ˆâ–ˆâ–Ž      | 45417/138493 [00:50<01:34, 987.25it/s]
 33%|â–ˆâ–ˆâ–ˆâ–Ž      | 45522/138493 [00:51<01:32, 1004.66it/s]
 33%|â–ˆâ–ˆâ–ˆâ–Ž      | 45628/138493 [00:51<01:31, 1019.93it/s]
 33%|â–ˆâ–ˆâ–ˆâ–Ž      | 45731/138493 [00:51<01:36, 956.54it/s] 
 33%|â–ˆâ–ˆâ–ˆâ–Ž      | 45841/138493 [00:51<01:33, 994.23it/s]
 33%|â–ˆâ–ˆâ–ˆâ–Ž      | 45942/138493 [00:51<01:34, 983.07it/s]
 33%|â–ˆâ–ˆâ–ˆâ–Ž      | 46041/138493 [00:51<01:39, 926.10it/s]
 33%|â–ˆâ–ˆâ–ˆâ–Ž      | 46140/138493 [00:51<01:37, 943.81it/s]
 33%|â–ˆâ–ˆâ–ˆâ–Ž      | 46242/138493 [00:51<01:35, 961.26it/s]
 33%|â–ˆâ–ˆâ–ˆâ–Ž      | 46344/138493 [00:51<01:34, 976.17it/s]
 34%|â–ˆâ–ˆâ–ˆâ–Ž      | 46443/138493 [00:52<01:37, 945.51it/s]
 34%|â–ˆâ–ˆâ–ˆâ–Ž      | 46539/138493 [00:52<01:41, 901.79it/s]
 34%|â–ˆâ–ˆâ–ˆâ–Ž      | 46630/138493 [00:52<01:45, 872.83it/s]
 34%|â–ˆâ–ˆâ–ˆâ–Ž      | 46718/138493 [00:52<01:49, 834.33it/s]
 34%|â–ˆâ–ˆâ–ˆâ–      | 46806/138493 [00:52<01:48, 845.49it/s]
 34%|â–ˆâ–ˆâ–ˆâ–      | 46892/138493 [00:52<01:48, 847.28it/s]
 34%|â–ˆâ–ˆâ–ˆâ–      | 46992/138493 [00:52<01:42, 888.83it/s]
 34%|â–ˆâ–ˆâ–ˆâ–      | 47091/138493 [00:52<01:39, 917.57it/s]
 34%|â–ˆâ–ˆâ–ˆâ–      | 47201/138493 [00:52<01:34, 966.74it/s]
 34%|â–ˆâ–ˆâ–ˆâ–      | 47306/138493 [00:53<01:32, 986.75it/s]
 34%|â–ˆâ–ˆâ–ˆâ–      | 47409/138493 [00:53<01:31, 997.71it/s]
 34%|â–ˆâ–ˆâ–ˆâ–      | 47509/138493 [00:53<01:34, 959.03it/s]
 34%|â–ˆâ–ˆâ–ˆâ–      | 47611/138493 [00:53<01:33, 975.53it/s]
 34%|â–ˆâ–ˆâ–ˆâ–      | 47709/138493 [00:53<01:35, 945.88it/s]
 35%|â–ˆâ–ˆâ–ˆâ–      | 47816/138493 [00:53<01:32, 980.41it/s]
 35%|â–ˆâ–ˆâ–ˆâ–      | 47915/138493 [00:53<01:34, 958.83it/s]
 35%|â–ˆâ–ˆâ–ˆâ–      | 48012/138493 [00:53<01:35, 946.42it/s]
 35%|â–ˆâ–ˆâ–ˆâ–      | 48107/138493 [00:53<01:38, 917.65it/s]
 35%|â–ˆâ–ˆâ–ˆâ–      | 48200/138493 [00:54<03:39, 410.84it/s]
 35%|â–ˆâ–ˆâ–ˆâ–      | 48314/138493 [00:54<02:52, 522.64it/s]
 35%|â–ˆâ–ˆâ–ˆâ–      | 48401/138493 [00:54<02:34, 584.74it/s]
 35%|â–ˆâ–ˆâ–ˆâ–Œ      | 48498/138493 [00:54<02:16, 660.59it/s]
 35%|â–ˆâ–ˆâ–ˆâ–Œ      | 48586/138493 [00:54<02:07, 706.28it/s]
 35%|â–ˆâ–ˆâ–ˆâ–Œ      | 48677/138493 [00:54<01:59, 753.15it/s]
 35%|â–ˆâ–ˆâ–ˆâ–Œ      | 48787/138493 [00:55<01:47, 838.24it/s]
 35%|â–ˆâ–ˆâ–ˆâ–Œ      | 48897/138493 [00:55<01:38, 907.71it/s]
 35%|â–ˆâ–ˆâ–ˆâ–Œ      | 48996/138493 [00:55<01:38, 910.72it/s]
 35%|â–ˆâ–ˆâ–ˆâ–Œ      | 49101/138493 [00:55<01:34, 948.46it/s]
 36%|â–ˆâ–ˆâ–ˆâ–Œ      | 49200/138493 [00:55<01:33, 957.64it/s]
 36%|â–ˆâ–ˆâ–ˆâ–Œ      | 49299/138493 [00:55<01:40, 888.84it/s]
 36%|â–ˆâ–ˆâ–ˆâ–Œ      | 49392/138493 [00:55<01:39, 895.69it/s]
 36%|â–ˆâ–ˆâ–ˆâ–Œ      | 49488/138493 [00:55<01:37, 911.34it/s]
 36%|â–ˆâ–ˆâ–ˆâ–Œ      | 49581/138493 [00:55<01:42, 869.96it/s]
 36%|â–ˆâ–ˆâ–ˆâ–Œ      | 49677/138493 [00:55<01:39, 894.72it/s]
 36%|â–ˆâ–ˆâ–ˆâ–Œ      | 49776/138493 [00:56<01:36, 915.93it/s]
 36%|â–ˆâ–ˆâ–ˆâ–Œ      | 49869/138493 [00:56<01:36, 916.13it/s]
 36%|â–ˆâ–ˆâ–ˆâ–Œ      | 49969/138493 [00:56<01:34, 938.80it/s]
 36%|â–ˆâ–ˆâ–ˆâ–Œ      | 50064/138493 [00:56<01:34, 934.26it/s]
 36%|â–ˆâ–ˆâ–ˆâ–Œ      | 50166/138493 [00:56<01:33, 948.71it/s]
 36%|â–ˆâ–ˆâ–ˆâ–‹      | 50262/138493 [00:56<01:35, 921.43it/s]
 36%|â–ˆâ–ˆâ–ˆâ–‹      | 50355/138493 [00:56<01:36, 916.36it/s]
 36%|â–ˆâ–ˆâ–ˆâ–‹      | 50447/138493 [00:56<01:38, 896.01it/s]
 37%|â–ˆâ–ˆâ–ˆâ–‹      | 50550/138493 [00:56<01:34, 933.32it/s]
 37%|â–ˆâ–ˆâ–ˆâ–‹      | 50644/138493 [00:57<01:36, 910.09it/s]
 37%|â–ˆâ–ˆâ–ˆâ–‹      | 50743/138493 [00:57<01:34, 931.43it/s]
 37%|â–ˆâ–ˆâ–ˆâ–‹      | 50837/138493 [00:57<01:36, 908.53it/s]
 37%|â–ˆâ–ˆâ–ˆâ–‹      | 50939/138493 [00:57<01:33, 939.77it/s]
 37%|â–ˆâ–ˆâ–ˆâ–‹      | 51034/138493 [00:57<01:33, 932.71it/s]
 37%|â–ˆâ–ˆâ–ˆâ–‹      | 51128/138493 [00:57<01:34, 922.59it/s]
 37%|â–ˆâ–ˆâ–ˆâ–‹      | 51221/138493 [00:57<01:35, 918.41it/s]
 37%|â–ˆâ–ˆâ–ˆâ–‹      | 51317/138493 [00:57<01:33, 930.10it/s]
 37%|â–ˆâ–ˆâ–ˆâ–‹      | 51419/138493 [00:57<01:31, 955.45it/s]
 37%|â–ˆâ–ˆâ–ˆâ–‹      | 51516/138493 [00:57<01:30, 959.31it/s]
 37%|â–ˆâ–ˆâ–ˆâ–‹      | 51613/138493 [00:58<01:35, 913.38it/s]
 37%|â–ˆâ–ˆâ–ˆâ–‹      | 51705/138493 [00:58<01:36, 897.26it/s]
 37%|â–ˆâ–ˆâ–ˆâ–‹      | 51801/138493 [00:58<01:34, 913.14it/s]
 37%|â–ˆâ–ˆâ–ˆâ–‹      | 51897/138493 [00:58<01:33, 924.57it/s]
 38%|â–ˆâ–ˆâ–ˆâ–Š      | 51992/138493 [00:58<01:33, 924.34it/s]
 38%|â–ˆâ–ˆâ–ˆâ–Š      | 52085/138493 [00:58<01:37, 887.10it/s]
 38%|â–ˆâ–ˆâ–ˆâ–Š      | 52179/138493 [00:58<01:35, 901.01it/s]
 38%|â–ˆâ–ˆâ–ˆâ–Š      | 52270/138493 [00:58<01:37, 882.93it/s]
 38%|â–ˆâ–ˆâ–ˆâ–Š      | 52364/138493 [00:58<01:35, 897.50it/s]
 38%|â–ˆâ–ˆâ–ˆâ–Š      | 52454/138493 [00:58<01:36, 890.50it/s]
 38%|â–ˆâ–ˆâ–ˆâ–Š      | 52544/138493 [00:59<01:42, 841.47it/s]
 38%|â–ˆâ–ˆâ–ˆâ–Š      | 52629/138493 [00:59<01:42, 839.09it/s]
 38%|â–ˆâ–ˆâ–ˆâ–Š      | 52714/138493 [00:59<01:46, 806.30it/s]
 38%|â–ˆâ–ˆâ–ˆâ–Š      | 52798/138493 [00:59<01:45, 815.33it/s]
 38%|â–ˆâ–ˆâ–ˆâ–Š      | 52886/138493 [00:59<01:43, 826.95it/s]
 38%|â–ˆâ–ˆâ–ˆâ–Š      | 52978/138493 [00:59<01:40, 853.78it/s]
 38%|â–ˆâ–ˆâ–ˆâ–Š      | 53074/138493 [00:59<01:36, 884.21it/s]
 38%|â–ˆâ–ˆâ–ˆâ–Š      | 53175/138493 [00:59<01:32, 919.71it/s]
 38%|â–ˆâ–ˆâ–ˆâ–Š      | 53281/138493 [00:59<01:28, 960.40it/s]
 39%|â–ˆâ–ˆâ–ˆâ–Š      | 53378/138493 [01:00<01:30, 945.08it/s]
 39%|â–ˆâ–ˆâ–ˆâ–Š      | 53500/138493 [01:00<01:22, 1025.12it/s]
 39%|â–ˆâ–ˆâ–ˆâ–Š      | 53608/138493 [01:00<01:22, 1034.26it/s]
 39%|â–ˆâ–ˆâ–ˆâ–‰      | 53712/138493 [01:00<01:23, 1019.74it/s]
 39%|â–ˆâ–ˆâ–ˆâ–‰      | 53817/138493 [01:00<01:22, 1028.11it/s]
 39%|â–ˆâ–ˆâ–ˆâ–‰      | 53920/138493 [01:00<01:27, 964.44it/s] 
 39%|â–ˆâ–ˆâ–ˆâ–‰      | 54018/138493 [01:00<01:29, 942.38it/s]
 39%|â–ˆâ–ˆâ–ˆâ–‰      | 54117/138493 [01:00<01:28, 953.86it/s]
 39%|â–ˆâ–ˆâ–ˆâ–‰      | 54214/138493 [01:00<01:28, 954.60it/s]
 39%|â–ˆâ–ˆâ–ˆâ–‰      | 54310/138493 [01:01<01:33, 901.43it/s]
 39%|â–ˆâ–ˆâ–ˆâ–‰      | 54407/138493 [01:01<01:31, 917.41it/s]
 39%|â–ˆâ–ˆâ–ˆâ–‰      | 54500/138493 [01:01<01:39, 841.97it/s]
 39%|â–ˆâ–ˆâ–ˆâ–‰      | 54595/138493 [01:01<01:36, 868.24it/s]
 39%|â–ˆâ–ˆâ–ˆâ–‰      | 54693/138493 [01:01<01:33, 895.20it/s]
 40%|â–ˆâ–ˆâ–ˆâ–‰      | 54784/138493 [01:01<01:34, 888.02it/s]
 40%|â–ˆâ–ˆâ–ˆâ–‰      | 54878/138493 [01:01<01:32, 901.88it/s]
 40%|â–ˆâ–ˆâ–ˆâ–‰      | 54975/138493 [01:01<01:30, 921.41it/s]
 40%|â–ˆâ–ˆâ–ˆâ–‰      | 55068/138493 [01:01<01:31, 910.55it/s]
 40%|â–ˆâ–ˆâ–ˆâ–‰      | 55160/138493 [01:01<01:34, 877.62it/s]
 40%|â–ˆâ–ˆâ–ˆâ–‰      | 55250/138493 [01:02<01:34, 881.94it/s]
 40%|â–ˆâ–ˆâ–ˆâ–‰      | 55339/138493 [01:02<01:38, 847.43it/s]
 40%|â–ˆâ–ˆâ–ˆâ–ˆ      | 55433/138493 [01:02<01:35, 870.50it/s]
 40%|â–ˆâ–ˆâ–ˆâ–ˆ      | 55529/138493 [01:02<01:32, 895.24it/s]
 40%|â–ˆâ–ˆâ–ˆâ–ˆ      | 55624/138493 [01:02<01:31, 905.70it/s]
 40%|â–ˆâ–ˆâ–ˆâ–ˆ      | 55720/138493 [01:02<01:29, 920.36it/s]
 40%|â–ˆâ–ˆâ–ˆâ–ˆ      | 55813/138493 [01:02<01:33, 880.96it/s]
 40%|â–ˆâ–ˆâ–ˆâ–ˆ      | 55909/138493 [01:02<01:31, 900.51it/s]
 40%|â–ˆâ–ˆâ–ˆâ–ˆ      | 56007/138493 [01:02<01:29, 922.18it/s]
 41%|â–ˆâ–ˆâ–ˆâ–ˆ      | 56104/138493 [01:03<01:28, 936.01it/s]
 41%|â–ˆâ–ˆâ–ˆâ–ˆ      | 56202/138493 [01:03<01:26, 948.33it/s]
 41%|â–ˆâ–ˆâ–ˆâ–ˆ      | 56298/138493 [01:03<01:27, 935.23it/s]
 41%|â–ˆâ–ˆâ–ˆâ–ˆ      | 56392/138493 [01:03<01:28, 927.19it/s]
 41%|â–ˆâ–ˆâ–ˆâ–ˆ      | 56493/138493 [01:03<01:26, 948.89it/s]
 41%|â–ˆâ–ˆâ–ˆâ–ˆ      | 56589/138493 [01:03<01:30, 906.89it/s]
 41%|â–ˆâ–ˆâ–ˆâ–ˆ      | 56709/138493 [01:03<01:22, 990.05it/s]
 41%|â–ˆâ–ˆâ–ˆâ–ˆ      | 56812/138493 [01:03<01:21, 1001.08it/s]
 41%|â–ˆâ–ˆâ–ˆâ–ˆ      | 56913/138493 [01:03<01:22, 989.79it/s] 
 41%|â–ˆâ–ˆâ–ˆâ–ˆ      | 57013/138493 [01:03<01:25, 953.47it/s]
 41%|â–ˆâ–ˆâ–ˆâ–ˆ      | 57109/138493 [01:04<01:26, 938.51it/s]
 41%|â–ˆâ–ˆâ–ˆâ–ˆâ–     | 57204/138493 [01:04<01:26, 940.09it/s]
 41%|â–ˆâ–ˆâ–ˆâ–ˆâ–     | 57317/138493 [01:04<01:21, 993.69it/s]
 41%|â–ˆâ–ˆâ–ˆâ–ˆâ–     | 57417/138493 [01:04<01:23, 976.47it/s]
 42%|â–ˆâ–ˆâ–ˆâ–ˆâ–     | 57515/138493 [01:04<01:23, 966.32it/s]
 42%|â–ˆâ–ˆâ–ˆâ–ˆâ–     | 57615/138493 [01:04<01:23, 973.12it/s]
 42%|â–ˆâ–ˆâ–ˆâ–ˆâ–     | 57713/138493 [01:04<01:23, 963.37it/s]
 42%|â–ˆâ–ˆâ–ˆâ–ˆâ–     | 57810/138493 [01:04<01:26, 933.11it/s]
 42%|â–ˆâ–ˆâ–ˆâ–ˆâ–     | 57920/138493 [01:04<01:22, 978.75it/s]
 42%|â–ˆâ–ˆâ–ˆâ–ˆâ–     | 58019/138493 [01:04<01:23, 964.27it/s]
 42%|â–ˆâ–ˆâ–ˆâ–ˆâ–     | 58123/138493 [01:05<01:21, 983.25it/s]
 42%|â–ˆâ–ˆâ–ˆâ–ˆâ–     | 58222/138493 [01:05<01:24, 953.20it/s]
 42%|â–ˆâ–ˆâ–ˆâ–ˆâ–     | 58318/138493 [01:05<01:24, 945.56it/s]
 42%|â–ˆâ–ˆâ–ˆâ–ˆâ–     | 58425/138493 [01:05<01:21, 980.70it/s]
 42%|â–ˆâ–ˆâ–ˆâ–ˆâ–     | 58524/138493 [01:05<01:21, 983.28it/s]
 42%|â–ˆâ–ˆâ–ˆâ–ˆâ–     | 58634/138493 [01:05<01:18, 1017.12it/s]
 42%|â–ˆâ–ˆâ–ˆâ–ˆâ–     | 58736/138493 [01:05<01:22, 972.59it/s] 
 42%|â–ˆâ–ˆâ–ˆâ–ˆâ–     | 58842/138493 [01:05<01:19, 996.66it/s]
 43%|â–ˆâ–ˆâ–ˆâ–ˆâ–Ž     | 58943/138493 [01:05<01:19, 997.38it/s]
 43%|â–ˆâ–ˆâ–ˆâ–ˆâ–Ž     | 59044/138493 [01:06<01:22, 959.08it/s]
 43%|â–ˆâ–ˆâ–ˆâ–ˆâ–Ž     | 59148/138493 [01:06<01:20, 980.51it/s]
 43%|â–ˆâ–ˆâ–ˆâ–ˆâ–Ž     | 59247/138493 [01:06<01:21, 971.05it/s]
 43%|â–ˆâ–ˆâ–ˆâ–ˆâ–Ž     | 59351/138493 [01:06<01:19, 991.05it/s]
 43%|â–ˆâ–ˆâ–ˆâ–ˆâ–Ž     | 59451/138493 [01:06<01:25, 928.05it/s]
 43%|â–ˆâ–ˆâ–ˆâ–ˆâ–Ž     | 59545/138493 [01:06<01:27, 903.15it/s]
 43%|â–ˆâ–ˆâ–ˆâ–ˆâ–Ž     | 59669/138493 [01:06<01:19, 997.52it/s]
 43%|â–ˆâ–ˆâ–ˆâ–ˆâ–Ž     | 59770/138493 [01:06<01:19, 990.47it/s]
 43%|â–ˆâ–ˆâ–ˆâ–ˆâ–Ž     | 59870/138493 [01:06<01:19, 984.76it/s]
 43%|â–ˆâ–ˆâ–ˆâ–ˆâ–Ž     | 59970/138493 [01:07<01:22, 949.95it/s]
 43%|â–ˆâ–ˆâ–ˆâ–ˆâ–Ž     | 60066/138493 [01:07<01:27, 895.78it/s]
 43%|â–ˆâ–ˆâ–ˆâ–ˆâ–Ž     | 60159/138493 [01:07<01:27, 896.19it/s]
 44%|â–ˆâ–ˆâ–ˆâ–ˆâ–Ž     | 60254/138493 [01:07<01:25, 911.07it/s]
 44%|â–ˆâ–ˆâ–ˆâ–ˆâ–Ž     | 60353/138493 [01:07<01:23, 933.48it/s]
 44%|â–ˆâ–ˆâ–ˆâ–ˆâ–Ž     | 60447/138493 [01:07<01:30, 864.46it/s]
 44%|â–ˆâ–ˆâ–ˆâ–ˆâ–Ž     | 60535/138493 [01:07<01:30, 862.74it/s]
 44%|â–ˆâ–ˆâ–ˆâ–ˆâ–     | 60630/138493 [01:07<01:27, 885.79it/s]
 44%|â–ˆâ–ˆâ–ˆâ–ˆâ–     | 60726/138493 [01:07<01:25, 906.19it/s]
 44%|â–ˆâ–ˆâ–ˆâ–ˆâ–     | 60818/138493 [01:07<01:26, 900.53it/s]
 44%|â–ˆâ–ˆâ–ˆâ–ˆâ–     | 60911/138493 [01:08<01:26, 899.88it/s]
 44%|â–ˆâ–ˆâ–ˆâ–ˆâ–     | 61014/138493 [01:08<01:22, 935.08it/s]
 44%|â–ˆâ–ˆâ–ˆâ–ˆâ–     | 61108/138493 [01:08<01:27, 880.39it/s]
 44%|â–ˆâ–ˆâ–ˆâ–ˆâ–     | 61209/138493 [01:08<01:24, 915.61it/s]
 44%|â–ˆâ–ˆâ–ˆâ–ˆâ–     | 61319/138493 [01:08<01:20, 962.70it/s]
 44%|â–ˆâ–ˆâ–ˆâ–ˆâ–     | 61416/138493 [01:08<01:20, 960.72it/s]
 44%|â–ˆâ–ˆâ–ˆâ–ˆâ–     | 61513/138493 [01:08<01:21, 945.63it/s]
 44%|â–ˆâ–ˆâ–ˆâ–ˆâ–     | 61608/138493 [01:08<01:21, 943.24it/s]
 45%|â–ˆâ–ˆâ–ˆâ–ˆâ–     | 61703/138493 [01:08<01:23, 920.14it/s]
 45%|â–ˆâ–ˆâ–ˆâ–ˆâ–     | 61798/138493 [01:09<01:22, 927.67it/s]
 45%|â–ˆâ–ˆâ–ˆâ–ˆâ–     | 61902/138493 [01:09<01:19, 960.00it/s]
 45%|â–ˆâ–ˆâ–ˆâ–ˆâ–     | 61999/138493 [01:09<01:22, 929.87it/s]
 45%|â–ˆâ–ˆâ–ˆâ–ˆâ–     | 62093/138493 [01:09<01:25, 890.70it/s]
 45%|â–ˆâ–ˆâ–ˆâ–ˆâ–     | 62184/138493 [01:09<01:25, 894.18it/s]
 45%|â–ˆâ–ˆâ–ˆâ–ˆâ–     | 62274/138493 [01:09<01:27, 874.20it/s]
 45%|â–ˆâ–ˆâ–ˆâ–ˆâ–Œ     | 62368/138493 [01:09<01:25, 891.17it/s]
 45%|â–ˆâ–ˆâ–ˆâ–ˆâ–Œ     | 62458/138493 [01:09<01:25, 892.24it/s]
 45%|â–ˆâ–ˆâ–ˆâ–ˆâ–Œ     | 62562/138493 [01:09<01:21, 935.28it/s]
 45%|â–ˆâ–ˆâ–ˆâ–ˆâ–Œ     | 62656/138493 [01:09<01:21, 929.32it/s]
 45%|â–ˆâ–ˆâ–ˆâ–ˆâ–Œ     | 62750/138493 [01:10<01:22, 923.44it/s]
 45%|â–ˆâ–ˆâ–ˆâ–ˆâ–Œ     | 62843/138493 [01:10<01:26, 870.04it/s]
 45%|â–ˆâ–ˆâ–ˆâ–ˆâ–Œ     | 62931/138493 [01:10<01:27, 864.92it/s]
 46%|â–ˆâ–ˆâ–ˆâ–ˆâ–Œ     | 63023/138493 [01:10<01:25, 878.11it/s]
 46%|â–ˆâ–ˆâ–ˆâ–ˆâ–Œ     | 63112/138493 [01:10<01:28, 855.55it/s]
 46%|â–ˆâ–ˆâ–ˆâ–ˆâ–Œ     | 63198/138493 [01:10<01:29, 838.30it/s]
 46%|â–ˆâ–ˆâ–ˆâ–ˆâ–Œ     | 63289/138493 [01:10<01:27, 854.79it/s]
 46%|â–ˆâ–ˆâ–ˆâ–ˆâ–Œ     | 63402/138493 [01:10<01:20, 933.10it/s]
 46%|â–ˆâ–ˆâ–ˆâ–ˆâ–Œ     | 63496/138493 [01:10<01:20, 934.07it/s]
 46%|â–ˆâ–ˆâ–ˆâ–ˆâ–Œ     | 63596/138493 [01:11<01:18, 951.59it/s]
 46%|â–ˆâ–ˆâ–ˆâ–ˆâ–Œ     | 63700/138493 [01:11<01:16, 977.43it/s]
 46%|â–ˆâ–ˆâ–ˆâ–ˆâ–Œ     | 63804/138493 [01:11<01:15, 993.51it/s]
 46%|â–ˆâ–ˆâ–ˆâ–ˆâ–Œ     | 63904/138493 [01:11<01:18, 954.72it/s]
 46%|â–ˆâ–ˆâ–ˆâ–ˆâ–Œ     | 64010/138493 [01:11<01:15, 983.79it/s]
 46%|â–ˆâ–ˆâ–ˆâ–ˆâ–‹     | 64109/138493 [01:11<01:15, 981.90it/s]
 46%|â–ˆâ–ˆâ–ˆâ–ˆâ–‹     | 64209/138493 [01:11<01:15, 985.16it/s]
 46%|â–ˆâ–ˆâ–ˆâ–ˆâ–‹     | 64308/138493 [01:11<01:15, 981.46it/s]
 47%|â–ˆâ–ˆâ–ˆâ–ˆâ–‹     | 64407/138493 [01:11<01:17, 960.57it/s]
 47%|â–ˆâ–ˆâ–ˆâ–ˆâ–‹     | 64507/138493 [01:11<01:16, 970.45it/s]
 47%|â–ˆâ–ˆâ–ˆâ–ˆâ–‹     | 64605/138493 [01:12<01:18, 947.04it/s]
 47%|â–ˆâ–ˆâ–ˆâ–ˆâ–‹     | 64714/138493 [01:12<01:14, 986.91it/s]
 47%|â–ˆâ–ˆâ–ˆâ–ˆâ–‹     | 64813/138493 [01:12<01:14, 986.39it/s]
 47%|â–ˆâ–ˆâ–ˆâ–ˆâ–‹     | 64912/138493 [01:12<01:16, 956.94it/s]
 47%|â–ˆâ–ˆâ–ˆâ–ˆâ–‹     | 65017/138493 [01:12<01:14, 982.60it/s]
 47%|â–ˆâ–ˆâ–ˆâ–ˆâ–‹     | 65122/138493 [01:12<01:13, 1001.16it/s]
 47%|â–ˆâ–ˆâ–ˆâ–ˆâ–‹     | 65223/138493 [01:13<03:19, 367.10it/s] 
 47%|â–ˆâ–ˆâ–ˆâ–ˆâ–‹     | 65304/138493 [01:13<02:52, 424.17it/s]
 47%|â–ˆâ–ˆâ–ˆâ–ˆâ–‹     | 65389/138493 [01:13<02:28, 491.29it/s]
 47%|â–ˆâ–ˆâ–ˆâ–ˆâ–‹     | 65472/138493 [01:13<02:12, 552.66it/s]
 47%|â–ˆâ–ˆâ–ˆâ–ˆâ–‹     | 65568/138493 [01:13<01:54, 636.68it/s]
 47%|â–ˆâ–ˆâ–ˆâ–ˆâ–‹     | 65682/138493 [01:13<01:36, 750.93it/s]
 47%|â–ˆâ–ˆâ–ˆâ–ˆâ–‹     | 65779/138493 [01:13<01:30, 803.99it/s]
 48%|â–ˆâ–ˆâ–ˆâ–ˆâ–Š     | 65893/138493 [01:13<01:21, 889.72it/s]
 48%|â–ˆâ–ˆâ–ˆâ–ˆâ–Š     | 65997/138493 [01:14<01:18, 926.71it/s]
 48%|â–ˆâ–ˆâ–ˆâ–ˆâ–Š     | 66098/138493 [01:14<01:17, 928.99it/s]
 48%|â–ˆâ–ˆâ–ˆâ–ˆâ–Š     | 66197/138493 [01:14<01:17, 929.25it/s]
 48%|â–ˆâ–ˆâ–ˆâ–ˆâ–Š     | 66294/138493 [01:14<01:21, 884.06it/s]
 48%|â–ˆâ–ˆâ–ˆâ–ˆâ–Š     | 66387/138493 [01:14<01:20, 893.74it/s]
 48%|â–ˆâ–ˆâ–ˆâ–ˆâ–Š     | 66481/138493 [01:14<01:19, 905.97it/s]
 48%|â–ˆâ–ˆâ–ˆâ–ˆâ–Š     | 66574/138493 [01:14<01:20, 890.54it/s]
 48%|â–ˆâ–ˆâ–ˆâ–ˆâ–Š     | 66665/138493 [01:14<01:21, 878.06it/s]
 48%|â–ˆâ–ˆâ–ˆâ–ˆâ–Š     | 66760/138493 [01:14<01:19, 897.45it/s]
 48%|â–ˆâ–ˆâ–ˆâ–ˆâ–Š     | 66851/138493 [01:15<01:26, 832.25it/s]
 48%|â–ˆâ–ˆâ–ˆâ–ˆâ–Š     | 66944/138493 [01:15<01:23, 856.02it/s]
 48%|â–ˆâ–ˆâ–ˆâ–ˆâ–Š     | 67033/138493 [01:15<01:22, 865.17it/s]
 48%|â–ˆâ–ˆâ–ˆâ–ˆâ–Š     | 67121/138493 [01:15<01:23, 855.11it/s]
 49%|â–ˆâ–ˆâ–ˆâ–ˆâ–Š     | 67225/138493 [01:15<01:18, 907.24it/s]
 49%|â–ˆâ–ˆâ–ˆâ–ˆâ–Š     | 67317/138493 [01:15<01:18, 906.96it/s]
 49%|â–ˆâ–ˆâ–ˆâ–ˆâ–Š     | 67411/138493 [01:15<01:17, 914.37it/s]
 49%|â–ˆâ–ˆâ–ˆâ–ˆâ–Š     | 67510/138493 [01:15<01:15, 935.68it/s]
 49%|â–ˆâ–ˆâ–ˆâ–ˆâ–‰     | 67604/138493 [01:15<01:20, 880.31it/s]
 49%|â–ˆâ–ˆâ–ˆâ–ˆâ–‰     | 67693/138493 [01:15<01:22, 860.08it/s]
 49%|â–ˆâ–ˆâ–ˆâ–ˆâ–‰     | 67794/138493 [01:16<01:18, 901.24it/s]
 49%|â–ˆâ–ˆâ–ˆâ–ˆâ–‰     | 67885/138493 [01:16<01:18, 902.36it/s]
 49%|â–ˆâ–ˆâ–ˆâ–ˆâ–‰     | 67976/138493 [01:16<01:18, 900.98it/s]
 49%|â–ˆâ–ˆâ–ˆâ–ˆâ–‰     | 68067/138493 [01:16<01:22, 855.99it/s]
 49%|â–ˆâ–ˆâ–ˆâ–ˆâ–‰     | 68164/138493 [01:16<01:19, 886.47it/s]
 49%|â–ˆâ–ˆâ–ˆâ–ˆâ–‰     | 68254/138493 [01:16<01:21, 858.47it/s]
 49%|â–ˆâ–ˆâ–ˆâ–ˆâ–‰     | 68351/138493 [01:16<01:19, 885.40it/s]
 49%|â–ˆâ–ˆâ–ˆâ–ˆâ–‰     | 68457/138493 [01:16<01:15, 931.77it/s]
 50%|â–ˆâ–ˆâ–ˆâ–ˆâ–‰     | 68557/138493 [01:16<01:13, 948.13it/s]
 50%|â–ˆâ–ˆâ–ˆâ–ˆâ–‰     | 68653/138493 [01:17<01:14, 937.68it/s]
 50%|â–ˆâ–ˆâ–ˆâ–ˆâ–‰     | 68759/138493 [01:17<01:11, 972.10it/s]
 50%|â–ˆâ–ˆâ–ˆâ–ˆâ–‰     | 68860/138493 [01:17<01:10, 982.64it/s]
 50%|â–ˆâ–ˆâ–ˆâ–ˆâ–‰     | 68959/138493 [01:17<01:10, 979.61it/s]
 50%|â–ˆâ–ˆâ–ˆâ–ˆâ–‰     | 69058/138493 [01:17<01:11, 977.44it/s]
 50%|â–ˆâ–ˆâ–ˆâ–ˆâ–‰     | 69161/138493 [01:17<01:09, 991.76it/s]
 50%|â–ˆâ–ˆâ–ˆâ–ˆâ–ˆ     | 69261/138493 [01:17<01:10, 987.79it/s]
 50%|â–ˆâ–ˆâ–ˆâ–ˆâ–ˆ     | 69360/138493 [01:17<01:11, 969.56it/s]
 50%|â–ˆâ–ˆâ–ˆâ–ˆâ–ˆ     | 69463/138493 [01:17<01:10, 985.91it/s]
 50%|â–ˆâ–ˆâ–ˆâ–ˆâ–ˆ     | 69562/138493 [01:17<01:10, 974.56it/s]
 50%|â–ˆâ–ˆâ–ˆâ–ˆâ–ˆ     | 69660/138493 [01:18<01:11, 965.04it/s]
 50%|â–ˆâ–ˆâ–ˆâ–ˆâ–ˆ     | 69757/138493 [01:18<01:15, 914.05it/s]
 50%|â–ˆâ–ˆâ–ˆâ–ˆâ–ˆ     | 69850/138493 [01:18<01:14, 917.72it/s]
 51%|â–ˆâ–ˆâ–ˆâ–ˆâ–ˆ     | 69950/138493 [01:18<01:12, 939.14it/s]
 51%|â–ˆâ–ˆâ–ˆâ–ˆâ–ˆ     | 70049/138493 [01:18<01:11, 952.86it/s]
 51%|â–ˆâ–ˆâ–ˆâ–ˆâ–ˆ     | 70156/138493 [01:18<01:09, 986.63it/s]
 51%|â–ˆâ–ˆâ–ˆâ–ˆâ–ˆ     | 70255/138493 [01:18<01:11, 954.60it/s]
 51%|â–ˆâ–ˆâ–ˆâ–ˆâ–ˆ     | 70351/138493 [01:18<01:11, 946.91it/s]
 51%|â–ˆâ–ˆâ–ˆâ–ˆâ–ˆ     | 70446/138493 [01:18<01:12, 940.65it/s]
 51%|â–ˆâ–ˆâ–ˆâ–ˆâ–ˆ     | 70546/138493 [01:18<01:11, 952.28it/s]
 51%|â–ˆâ–ˆâ–ˆâ–ˆâ–ˆ     | 70649/138493 [01:19<01:09, 973.10it/s]
 51%|â–ˆâ–ˆâ–ˆâ–ˆâ–ˆ     | 70747/138493 [01:19<01:10, 958.02it/s]
 51%|â–ˆâ–ˆâ–ˆâ–ˆâ–ˆ     | 70843/138493 [01:19<01:11, 945.24it/s]
 51%|â–ˆâ–ˆâ–ˆâ–ˆâ–ˆ     | 70938/138493 [01:19<01:18, 858.09it/s]
 51%|â–ˆâ–ˆâ–ˆâ–ˆâ–ˆâ–    | 71026/138493 [01:19<01:21, 823.04it/s]
 51%|â–ˆâ–ˆâ–ˆâ–ˆâ–ˆâ–    | 71116/138493 [01:19<01:20, 839.26it/s]
 51%|â–ˆâ–ˆâ–ˆâ–ˆâ–ˆâ–    | 71201/138493 [01:19<01:22, 814.76it/s]
 51%|â–ˆâ–ˆâ–ˆâ–ˆâ–ˆâ–    | 71295/138493 [01:19<01:19, 849.13it/s]
 52%|â–ˆâ–ˆâ–ˆâ–ˆâ–ˆâ–    | 71383/138493 [01:19<01:18, 856.72it/s]
 52%|â–ˆâ–ˆâ–ˆâ–ˆâ–ˆâ–    | 71480/138493 [01:20<01:15, 885.58it/s]
 52%|â–ˆâ–ˆâ–ˆâ–ˆâ–ˆâ–    | 71583/138493 [01:20<01:12, 924.72it/s]
 52%|â–ˆâ–ˆâ–ˆâ–ˆâ–ˆâ–    | 71680/138493 [01:20<01:11, 930.99it/s]
 52%|â–ˆâ–ˆâ–ˆâ–ˆâ–ˆâ–    | 71774/138493 [01:20<01:13, 903.17it/s]
 52%|â–ˆâ–ˆâ–ˆâ–ˆâ–ˆâ–    | 71865/138493 [01:20<01:14, 889.07it/s]
 52%|â–ˆâ–ˆâ–ˆâ–ˆâ–ˆâ–    | 71971/138493 [01:20<01:11, 934.59it/s]
 52%|â–ˆâ–ˆâ–ˆâ–ˆâ–ˆâ–    | 72065/138493 [01:20<01:13, 898.13it/s]
 52%|â–ˆâ–ˆâ–ˆâ–ˆâ–ˆâ–    | 72167/138493 [01:20<01:11, 932.48it/s]
 52%|â–ˆâ–ˆâ–ˆâ–ˆâ–ˆâ–    | 72274/138493 [01:20<01:08, 970.63it/s]
 52%|â–ˆâ–ˆâ–ˆâ–ˆâ–ˆâ–    | 72372/138493 [01:21<01:09, 952.85it/s]
 52%|â–ˆâ–ˆâ–ˆâ–ˆâ–ˆâ–    | 72468/138493 [01:21<01:10, 930.54it/s]
 52%|â–ˆâ–ˆâ–ˆâ–ˆâ–ˆâ–    | 72566/138493 [01:21<01:09, 943.33it/s]
 52%|â–ˆâ–ˆâ–ˆâ–ˆâ–ˆâ–    | 72668/138493 [01:21<01:08, 961.59it/s]
 53%|â–ˆâ–ˆâ–ˆâ–ˆâ–ˆâ–Ž    | 72769/138493 [01:21<01:07, 973.44it/s]
 53%|â–ˆâ–ˆâ–ˆâ–ˆâ–ˆâ–Ž    | 72867/138493 [01:21<01:09, 937.78it/s]
 53%|â–ˆâ–ˆâ–ˆâ–ˆâ–ˆâ–Ž    | 72965/138493 [01:21<01:09, 947.05it/s]
 53%|â–ˆâ–ˆâ–ˆâ–ˆâ–ˆâ–Ž    | 73060/138493 [01:21<01:11, 910.83it/s]
 53%|â–ˆâ–ˆâ–ˆâ–ˆâ–ˆâ–Ž    | 73170/138493 [01:21<01:07, 962.66it/s]
 53%|â–ˆâ–ˆâ–ˆâ–ˆâ–ˆâ–Ž    | 73267/138493 [01:21<01:07, 960.44it/s]
 53%|â–ˆâ–ˆâ–ˆâ–ˆâ–ˆâ–Ž    | 73370/138493 [01:22<01:06, 976.04it/s]
 53%|â–ˆâ–ˆâ–ˆâ–ˆâ–ˆâ–Ž    | 73478/138493 [01:22<01:04, 1000.34it/s]
 53%|â–ˆâ–ˆâ–ˆâ–ˆâ–ˆâ–Ž    | 73589/138493 [01:22<01:03, 1021.44it/s]
 53%|â–ˆâ–ˆâ–ˆâ–ˆâ–ˆâ–Ž    | 73692/138493 [01:22<01:05, 988.42it/s] 
 53%|â–ˆâ–ˆâ–ˆâ–ˆâ–ˆâ–Ž    | 73792/138493 [01:22<01:06, 975.80it/s]
 53%|â–ˆâ–ˆâ–ˆâ–ˆâ–ˆâ–Ž    | 73894/138493 [01:22<01:05, 987.65it/s]
 53%|â–ˆâ–ˆâ–ˆâ–ˆâ–ˆâ–Ž    | 73995/138493 [01:22<01:04, 992.82it/s]
 54%|â–ˆâ–ˆâ–ˆâ–ˆâ–ˆâ–Ž    | 74095/138493 [01:22<01:08, 935.25it/s]
 54%|â–ˆâ–ˆâ–ˆâ–ˆâ–ˆâ–Ž    | 74190/138493 [01:22<01:18, 817.43it/s]
 54%|â–ˆâ–ˆâ–ˆâ–ˆâ–ˆâ–Ž    | 74275/138493 [01:23<01:19, 802.88it/s]
 54%|â–ˆâ–ˆâ–ˆâ–ˆâ–ˆâ–Ž    | 74358/138493 [01:23<01:19, 803.40it/s]
 54%|â–ˆâ–ˆâ–ˆâ–ˆâ–ˆâ–    | 74455/138493 [01:23<01:15, 844.78it/s]
 54%|â–ˆâ–ˆâ–ˆâ–ˆâ–ˆâ–    | 74549/138493 [01:23<01:13, 865.98it/s]
 54%|â–ˆâ–ˆâ–ˆâ–ˆâ–ˆâ–    | 74652/138493 [01:23<01:09, 912.02it/s]
 54%|â–ˆâ–ˆâ–ˆâ–ˆâ–ˆâ–    | 74745/138493 [01:23<01:10, 909.55it/s]
 54%|â–ˆâ–ˆâ–ˆâ–ˆâ–ˆâ–    | 74849/138493 [01:23<01:07, 941.98it/s]
 54%|â–ˆâ–ˆâ–ˆâ–ˆâ–ˆâ–    | 74955/138493 [01:23<01:05, 972.15it/s]
 54%|â–ˆâ–ˆâ–ˆâ–ˆâ–ˆâ–    | 75053/138493 [01:23<01:06, 948.81it/s]
 54%|â–ˆâ–ˆâ–ˆâ–ˆâ–ˆâ–    | 75149/138493 [01:24<01:07, 941.82it/s]
 54%|â–ˆâ–ˆâ–ˆâ–ˆâ–ˆâ–    | 75244/138493 [01:24<01:07, 936.90it/s]
 54%|â–ˆâ–ˆâ–ˆâ–ˆâ–ˆâ–    | 75347/138493 [01:24<01:05, 960.84it/s]
 54%|â–ˆâ–ˆâ–ˆâ–ˆâ–ˆâ–    | 75447/138493 [01:24<01:05, 968.10it/s]
 55%|â–ˆâ–ˆâ–ˆâ–ˆâ–ˆâ–    | 75544/138493 [01:24<01:06, 943.86it/s]
 55%|â–ˆâ–ˆâ–ˆâ–ˆâ–ˆâ–    | 75641/138493 [01:24<01:06, 946.87it/s]
 55%|â–ˆâ–ˆâ–ˆâ–ˆâ–ˆâ–    | 75736/138493 [01:24<01:08, 914.82it/s]
 55%|â–ˆâ–ˆâ–ˆâ–ˆâ–ˆâ–    | 75828/138493 [01:24<01:09, 905.14it/s]
 55%|â–ˆâ–ˆâ–ˆâ–ˆâ–ˆâ–    | 75919/138493 [01:24<01:10, 888.98it/s]
 55%|â–ˆâ–ˆâ–ˆâ–ˆâ–ˆâ–    | 76015/138493 [01:24<01:08, 908.93it/s]
 55%|â–ˆâ–ˆâ–ˆâ–ˆâ–ˆâ–    | 76107/138493 [01:25<01:08, 904.16it/s]
 55%|â–ˆâ–ˆâ–ˆâ–ˆâ–ˆâ–Œ    | 76198/138493 [01:25<01:09, 896.39it/s]
 55%|â–ˆâ–ˆâ–ˆâ–ˆâ–ˆâ–Œ    | 76288/138493 [01:25<01:10, 882.54it/s]
 55%|â–ˆâ–ˆâ–ˆâ–ˆâ–ˆâ–Œ    | 76377/138493 [01:25<01:10, 875.54it/s]
 55%|â–ˆâ–ˆâ–ˆâ–ˆâ–ˆâ–Œ    | 76465/138493 [01:25<01:12, 860.51it/s]
 55%|â–ˆâ–ˆâ–ˆâ–ˆâ–ˆâ–Œ    | 76557/138493 [01:25<01:10, 875.05it/s]
 55%|â–ˆâ–ˆâ–ˆâ–ˆâ–ˆâ–Œ    | 76645/138493 [01:25<01:12, 849.18it/s]
 55%|â–ˆâ–ˆâ–ˆâ–ˆâ–ˆâ–Œ    | 76731/138493 [01:25<01:13, 843.06it/s]
 55%|â–ˆâ–ˆâ–ˆâ–ˆâ–ˆâ–Œ    | 76825/138493 [01:25<01:10, 870.91it/s]
 56%|â–ˆâ–ˆâ–ˆâ–ˆâ–ˆâ–Œ    | 76924/138493 [01:25<01:08, 904.65it/s]
 56%|â–ˆâ–ˆâ–ˆâ–ˆâ–ˆâ–Œ    | 77015/138493 [01:26<01:10, 876.57it/s]
 56%|â–ˆâ–ˆâ–ˆâ–ˆâ–ˆâ–Œ    | 77103/138493 [01:26<01:10, 871.19it/s]
 56%|â–ˆâ–ˆâ–ˆâ–ˆâ–ˆâ–Œ    | 77200/138493 [01:26<01:08, 896.67it/s]
 56%|â–ˆâ–ˆâ–ˆâ–ˆâ–ˆâ–Œ    | 77290/138493 [01:26<01:08, 893.95it/s]
 56%|â–ˆâ–ˆâ–ˆâ–ˆâ–ˆâ–Œ    | 77391/138493 [01:26<01:05, 927.99it/s]
 56%|â–ˆâ–ˆâ–ˆâ–ˆâ–ˆâ–Œ    | 77490/138493 [01:26<01:04, 944.15it/s]
 56%|â–ˆâ–ˆâ–ˆâ–ˆâ–ˆâ–Œ    | 77585/138493 [01:26<01:07, 896.85it/s]
 56%|â–ˆâ–ˆâ–ˆâ–ˆâ–ˆâ–Œ    | 77676/138493 [01:26<01:12, 844.67it/s]
 56%|â–ˆâ–ˆâ–ˆâ–ˆâ–ˆâ–Œ    | 77762/138493 [01:26<01:12, 843.01it/s]
 56%|â–ˆâ–ˆâ–ˆâ–ˆâ–ˆâ–Œ    | 77861/138493 [01:27<01:08, 882.46it/s]
 56%|â–ˆâ–ˆâ–ˆâ–ˆâ–ˆâ–‹    | 77951/138493 [01:27<01:08, 886.01it/s]
 56%|â–ˆâ–ˆâ–ˆâ–ˆâ–ˆâ–‹    | 78050/138493 [01:27<01:06, 915.22it/s]
 56%|â–ˆâ–ˆâ–ˆâ–ˆâ–ˆâ–‹    | 78142/138493 [01:27<01:07, 898.70it/s]
 56%|â–ˆâ–ˆâ–ˆâ–ˆâ–ˆâ–‹    | 78233/138493 [01:27<01:06, 899.56it/s]
 57%|â–ˆâ–ˆâ–ˆâ–ˆâ–ˆâ–‹    | 78324/138493 [01:27<01:10, 848.84it/s]
 57%|â–ˆâ–ˆâ–ˆâ–ˆâ–ˆâ–‹    | 78410/138493 [01:27<01:10, 849.72it/s]
 57%|â–ˆâ–ˆâ–ˆâ–ˆâ–ˆâ–‹    | 78496/138493 [01:27<01:13, 819.17it/s]
 57%|â–ˆâ–ˆâ–ˆâ–ˆâ–ˆâ–‹    | 78586/138493 [01:27<01:11, 841.22it/s]
 57%|â–ˆâ–ˆâ–ˆâ–ˆâ–ˆâ–‹    | 78686/138493 [01:27<01:07, 886.14it/s]
 57%|â–ˆâ–ˆâ–ˆâ–ˆâ–ˆâ–‹    | 78781/138493 [01:28<01:06, 898.16it/s]
 57%|â–ˆâ–ˆâ–ˆâ–ˆâ–ˆâ–‹    | 78873/138493 [01:28<01:05, 903.63it/s]
 57%|â–ˆâ–ˆâ–ˆâ–ˆâ–ˆâ–‹    | 78966/138493 [01:28<01:05, 910.36it/s]
 57%|â–ˆâ–ˆâ–ˆâ–ˆâ–ˆâ–‹    | 79073/138493 [01:28<01:02, 955.28it/s]
 57%|â–ˆâ–ˆâ–ˆâ–ˆâ–ˆâ–‹    | 79169/138493 [01:28<01:03, 927.74it/s]
 57%|â–ˆâ–ˆâ–ˆâ–ˆâ–ˆâ–‹    | 79275/138493 [01:28<01:01, 960.70it/s]
 57%|â–ˆâ–ˆâ–ˆâ–ˆâ–ˆâ–‹    | 79372/138493 [01:28<01:04, 919.66it/s]
 57%|â–ˆâ–ˆâ–ˆâ–ˆâ–ˆâ–‹    | 79465/138493 [01:28<01:07, 877.34it/s]
 57%|â–ˆâ–ˆâ–ˆâ–ˆâ–ˆâ–‹    | 79564/138493 [01:28<01:04, 906.86it/s]
 58%|â–ˆâ–ˆâ–ˆâ–ˆâ–ˆâ–Š    | 79656/138493 [01:29<01:05, 902.55it/s]
 58%|â–ˆâ–ˆâ–ˆâ–ˆâ–ˆâ–Š    | 79757/138493 [01:29<01:02, 933.34it/s]
 58%|â–ˆâ–ˆâ–ˆâ–ˆâ–ˆâ–Š    | 79852/138493 [01:29<01:02, 936.76it/s]
 58%|â–ˆâ–ˆâ–ˆâ–ˆâ–ˆâ–Š    | 79955/138493 [01:29<01:00, 960.41it/s]
 58%|â–ˆâ–ˆâ–ˆâ–ˆâ–ˆâ–Š    | 80055/138493 [01:29<01:00, 969.50it/s]
 58%|â–ˆâ–ˆâ–ˆâ–ˆâ–ˆâ–Š    | 80153/138493 [01:29<01:05, 893.57it/s]
 58%|â–ˆâ–ˆâ–ˆâ–ˆâ–ˆâ–Š    | 80244/138493 [01:29<01:05, 883.47it/s]
 58%|â–ˆâ–ˆâ–ˆâ–ˆâ–ˆâ–Š    | 80334/138493 [01:29<01:05, 883.52it/s]
 58%|â–ˆâ–ˆâ–ˆâ–ˆâ–ˆâ–Š    | 80423/138493 [01:29<01:09, 839.87it/s]
 58%|â–ˆâ–ˆâ–ˆâ–ˆâ–ˆâ–Š    | 80517/138493 [01:30<01:06, 867.56it/s]
 58%|â–ˆâ–ˆâ–ˆâ–ˆâ–ˆâ–Š    | 80617/138493 [01:30<01:03, 905.10it/s]
 58%|â–ˆâ–ˆâ–ˆâ–ˆâ–ˆâ–Š    | 80709/138493 [01:30<01:05, 881.88it/s]
 58%|â–ˆâ–ˆâ–ˆâ–ˆâ–ˆâ–Š    | 80801/138493 [01:30<01:04, 891.10it/s]
 58%|â–ˆâ–ˆâ–ˆâ–ˆâ–ˆâ–Š    | 80902/138493 [01:30<01:02, 924.37it/s]
 58%|â–ˆâ–ˆâ–ˆâ–ˆâ–ˆâ–Š    | 80995/138493 [01:30<01:04, 897.35it/s]
 59%|â–ˆâ–ˆâ–ˆâ–ˆâ–ˆâ–Š    | 81100/138493 [01:30<01:01, 939.65it/s]
 59%|â–ˆâ–ˆâ–ˆâ–ˆâ–ˆâ–Š    | 81195/138493 [01:30<01:02, 920.23it/s]
 59%|â–ˆâ–ˆâ–ˆâ–ˆâ–ˆâ–Š    | 81288/138493 [01:30<01:02, 912.61it/s]
 59%|â–ˆâ–ˆâ–ˆâ–ˆâ–ˆâ–‰    | 81380/138493 [01:30<01:04, 890.63it/s]
 59%|â–ˆâ–ˆâ–ˆâ–ˆâ–ˆâ–‰    | 81479/138493 [01:31<01:02, 918.83it/s]
 59%|â–ˆâ–ˆâ–ˆâ–ˆâ–ˆâ–‰    | 81572/138493 [01:31<01:03, 893.26it/s]
 59%|â–ˆâ–ˆâ–ˆâ–ˆâ–ˆâ–‰    | 81662/138493 [01:31<01:04, 875.88it/s]
 59%|â–ˆâ–ˆâ–ˆâ–ˆâ–ˆâ–‰    | 81750/138493 [01:31<01:06, 853.59it/s]
 59%|â–ˆâ–ˆâ–ˆâ–ˆâ–ˆâ–‰    | 81843/138493 [01:31<01:04, 874.27it/s]
 59%|â–ˆâ–ˆâ–ˆâ–ˆâ–ˆâ–‰    | 81947/138493 [01:31<01:01, 921.79it/s]
 59%|â–ˆâ–ˆâ–ˆâ–ˆâ–ˆâ–‰    | 82050/138493 [01:31<00:59, 950.04it/s]
 59%|â–ˆâ–ˆâ–ˆâ–ˆâ–ˆâ–‰    | 82146/138493 [01:31<00:59, 945.98it/s]
 59%|â–ˆâ–ˆâ–ˆâ–ˆâ–ˆâ–‰    | 82244/138493 [01:31<00:58, 955.65it/s]
 59%|â–ˆâ–ˆâ–ˆâ–ˆâ–ˆâ–‰    | 82357/138493 [01:31<00:55, 1005.85it/s]
 60%|â–ˆâ–ˆâ–ˆâ–ˆâ–ˆâ–‰    | 82458/138493 [01:32<00:58, 955.84it/s] 
 60%|â–ˆâ–ˆâ–ˆâ–ˆâ–ˆâ–‰    | 82560/138493 [01:32<00:57, 971.22it/s]
 60%|â–ˆâ–ˆâ–ˆâ–ˆâ–ˆâ–‰    | 82658/138493 [01:32<00:59, 939.74it/s]
 60%|â–ˆâ–ˆâ–ˆâ–ˆâ–ˆâ–‰    | 82753/138493 [01:32<01:01, 906.24it/s]
 60%|â–ˆâ–ˆâ–ˆâ–ˆâ–ˆâ–‰    | 82846/138493 [01:32<01:00, 912.87it/s]
 60%|â–ˆâ–ˆâ–ˆâ–ˆâ–ˆâ–‰    | 82938/138493 [01:32<01:01, 910.36it/s]
 60%|â–ˆâ–ˆâ–ˆâ–ˆâ–ˆâ–‰    | 83034/138493 [01:32<01:00, 922.15it/s]
 60%|â–ˆâ–ˆâ–ˆâ–ˆâ–ˆâ–ˆ    | 83127/138493 [01:32<01:02, 889.32it/s]
 60%|â–ˆâ–ˆâ–ˆâ–ˆâ–ˆâ–ˆ    | 83224/138493 [01:32<01:01, 905.21it/s]
 60%|â–ˆâ–ˆâ–ˆâ–ˆâ–ˆâ–ˆ    | 83315/138493 [01:33<01:03, 863.22it/s]
 60%|â–ˆâ–ˆâ–ˆâ–ˆâ–ˆâ–ˆ    | 83402/138493 [01:33<01:05, 836.96it/s]
 60%|â–ˆâ–ˆâ–ˆâ–ˆâ–ˆâ–ˆ    | 83493/138493 [01:33<01:04, 855.87it/s]
 60%|â–ˆâ–ˆâ–ˆâ–ˆâ–ˆâ–ˆ    | 83579/138493 [01:33<01:04, 853.11it/s]
 60%|â–ˆâ–ˆâ–ˆâ–ˆâ–ˆâ–ˆ    | 83675/138493 [01:33<01:02, 883.58it/s]
 60%|â–ˆâ–ˆâ–ˆâ–ˆâ–ˆâ–ˆ    | 83777/138493 [01:33<00:59, 923.41it/s]
 61%|â–ˆâ–ˆâ–ˆâ–ˆâ–ˆâ–ˆ    | 83884/138493 [01:33<00:56, 966.51it/s]
 61%|â–ˆâ–ˆâ–ˆâ–ˆâ–ˆâ–ˆ    | 83981/138493 [01:33<00:58, 930.23it/s]
 61%|â–ˆâ–ˆâ–ˆâ–ˆâ–ˆâ–ˆ    | 84078/138493 [01:33<00:57, 941.21it/s]
 61%|â–ˆâ–ˆâ–ˆâ–ˆâ–ˆâ–ˆ    | 84173/138493 [01:33<00:58, 936.48it/s]
 61%|â–ˆâ–ˆâ–ˆâ–ˆâ–ˆâ–ˆ    | 84281/138493 [01:34<00:55, 977.66it/s]
 61%|â–ˆâ–ˆâ–ˆâ–ˆâ–ˆâ–ˆ    | 84380/138493 [01:34<00:55, 980.30it/s]
 61%|â–ˆâ–ˆâ–ˆâ–ˆâ–ˆâ–ˆ    | 84479/138493 [01:34<00:59, 913.53it/s]
 61%|â–ˆâ–ˆâ–ˆâ–ˆâ–ˆâ–ˆ    | 84573/138493 [01:34<00:58, 920.42it/s]
 61%|â–ˆâ–ˆâ–ˆâ–ˆâ–ˆâ–ˆ    | 84672/138493 [01:34<00:57, 938.76it/s]
 61%|â–ˆâ–ˆâ–ˆâ–ˆâ–ˆâ–ˆ    | 84767/138493 [01:34<00:57, 933.04it/s]
 61%|â–ˆâ–ˆâ–ˆâ–ˆâ–ˆâ–ˆâ–   | 84861/138493 [01:34<00:58, 911.51it/s]
 61%|â–ˆâ–ˆâ–ˆâ–ˆâ–ˆâ–ˆâ–   | 84955/138493 [01:34<00:58, 919.02it/s]
 61%|â–ˆâ–ˆâ–ˆâ–ˆâ–ˆâ–ˆâ–   | 85053/138493 [01:34<00:57, 930.51it/s]
 61%|â–ˆâ–ˆâ–ˆâ–ˆâ–ˆâ–ˆâ–   | 85149/138493 [01:35<00:57, 935.12it/s]
 62%|â–ˆâ–ˆâ–ˆâ–ˆâ–ˆâ–ˆâ–   | 85248/138493 [01:35<00:56, 944.92it/s]
 62%|â–ˆâ–ˆâ–ˆâ–ˆâ–ˆâ–ˆâ–   | 85351/138493 [01:35<00:54, 968.80it/s]
 62%|â–ˆâ–ˆâ–ˆâ–ˆâ–ˆâ–ˆâ–   | 85448/138493 [01:35<00:57, 922.20it/s]
 62%|â–ˆâ–ˆâ–ˆâ–ˆâ–ˆâ–ˆâ–   | 85544/138493 [01:35<00:57, 927.06it/s]
 62%|â–ˆâ–ˆâ–ˆâ–ˆâ–ˆâ–ˆâ–   | 85638/138493 [01:35<00:59, 892.67it/s]
 62%|â–ˆâ–ˆâ–ˆâ–ˆâ–ˆâ–ˆâ–   | 85731/138493 [01:35<00:58, 901.25it/s]
 62%|â–ˆâ–ˆâ–ˆâ–ˆâ–ˆâ–ˆâ–   | 85826/138493 [01:35<00:57, 914.96it/s]
 62%|â–ˆâ–ˆâ–ˆâ–ˆâ–ˆâ–ˆâ–   | 85920/138493 [01:35<00:57, 921.88it/s]
 62%|â–ˆâ–ˆâ–ˆâ–ˆâ–ˆâ–ˆâ–   | 86016/138493 [01:35<00:56, 932.06it/s]
 62%|â–ˆâ–ˆâ–ˆâ–ˆâ–ˆâ–ˆâ–   | 86112/138493 [01:36<00:55, 940.01it/s]
 62%|â–ˆâ–ˆâ–ˆâ–ˆâ–ˆâ–ˆâ–   | 86213/138493 [01:36<00:54, 959.24it/s]
 62%|â–ˆâ–ˆâ–ˆâ–ˆâ–ˆâ–ˆâ–   | 86310/138493 [01:37<02:57, 294.64it/s]
 62%|â–ˆâ–ˆâ–ˆâ–ˆâ–ˆâ–ˆâ–   | 86410/138493 [01:37<02:18, 375.29it/s]
 62%|â–ˆâ–ˆâ–ˆâ–ˆâ–ˆâ–ˆâ–   | 86515/138493 [01:37<01:50, 469.83it/s]
 63%|â–ˆâ–ˆâ–ˆâ–ˆâ–ˆâ–ˆâ–Ž   | 86603/138493 [01:37<01:36, 537.60it/s]
 63%|â–ˆâ–ˆâ–ˆâ–ˆâ–ˆâ–ˆâ–Ž   | 86695/138493 [01:37<01:24, 609.64it/s]
 63%|â–ˆâ–ˆâ–ˆâ–ˆâ–ˆâ–ˆâ–Ž   | 86783/138493 [01:37<01:20, 645.46it/s]
 63%|â–ˆâ–ˆâ–ˆâ–ˆâ–ˆâ–ˆâ–Ž   | 86872/138493 [01:37<01:13, 700.89it/s]
 63%|â–ˆâ–ˆâ–ˆâ–ˆâ–ˆâ–ˆâ–Ž   | 86969/138493 [01:37<01:07, 766.37it/s]
 63%|â–ˆâ–ˆâ–ˆâ–ˆâ–ˆâ–ˆâ–Ž   | 87070/138493 [01:37<01:02, 828.69it/s]
 63%|â–ˆâ–ˆâ–ˆâ–ˆâ–ˆâ–ˆâ–Ž   | 87184/138493 [01:37<00:56, 911.97it/s]
 63%|â–ˆâ–ˆâ–ˆâ–ˆâ–ˆâ–ˆâ–Ž   | 87291/138493 [01:38<00:53, 955.19it/s]
 63%|â–ˆâ–ˆâ–ˆâ–ˆâ–ˆâ–ˆâ–Ž   | 87393/138493 [01:38<00:53, 958.82it/s]
 63%|â–ˆâ–ˆâ–ˆâ–ˆâ–ˆâ–ˆâ–Ž   | 87493/138493 [01:38<00:54, 936.11it/s]
 63%|â–ˆâ–ˆâ–ˆâ–ˆâ–ˆâ–ˆâ–Ž   | 87590/138493 [01:38<00:56, 908.61it/s]
 63%|â–ˆâ–ˆâ–ˆâ–ˆâ–ˆâ–ˆâ–Ž   | 87695/138493 [01:38<00:53, 946.07it/s]
 63%|â–ˆâ–ˆâ–ˆâ–ˆâ–ˆâ–ˆâ–Ž   | 87797/138493 [01:38<00:52, 962.78it/s]
 63%|â–ˆâ–ˆâ–ˆâ–ˆâ–ˆâ–ˆâ–Ž   | 87895/138493 [01:38<00:53, 942.00it/s]
 64%|â–ˆâ–ˆâ–ˆâ–ˆâ–ˆâ–ˆâ–Ž   | 87991/138493 [01:38<00:54, 919.69it/s]
 64%|â–ˆâ–ˆâ–ˆâ–ˆâ–ˆâ–ˆâ–Ž   | 88085/138493 [01:38<00:54, 922.69it/s]
 64%|â–ˆâ–ˆâ–ˆâ–ˆâ–ˆâ–ˆâ–Ž   | 88179/138493 [01:39<00:54, 926.11it/s]
 64%|â–ˆâ–ˆâ–ˆâ–ˆâ–ˆâ–ˆâ–Ž   | 88281/138493 [01:39<00:52, 951.58it/s]
 64%|â–ˆâ–ˆâ–ˆâ–ˆâ–ˆâ–ˆâ–   | 88383/138493 [01:39<00:51, 965.22it/s]
 64%|â–ˆâ–ˆâ–ˆâ–ˆâ–ˆâ–ˆâ–   | 88481/138493 [01:39<00:51, 965.27it/s]
 64%|â–ˆâ–ˆâ–ˆâ–ˆâ–ˆâ–ˆâ–   | 88581/138493 [01:39<00:51, 970.42it/s]
 64%|â–ˆâ–ˆâ–ˆâ–ˆâ–ˆâ–ˆâ–   | 88679/138493 [01:39<00:52, 945.89it/s]
 64%|â–ˆâ–ˆâ–ˆâ–ˆâ–ˆâ–ˆâ–   | 88775/138493 [01:39<00:52, 947.13it/s]
 64%|â–ˆâ–ˆâ–ˆâ–ˆâ–ˆâ–ˆâ–   | 88870/138493 [01:39<01:03, 778.45it/s]
 64%|â–ˆâ–ˆâ–ˆâ–ˆâ–ˆâ–ˆâ–   | 88955/138493 [01:39<01:02, 793.12it/s]
 64%|â–ˆâ–ˆâ–ˆâ–ˆâ–ˆâ–ˆâ–   | 89049/138493 [01:40<00:59, 829.69it/s]
 64%|â–ˆâ–ˆâ–ˆâ–ˆâ–ˆâ–ˆâ–   | 89135/138493 [01:40<00:59, 832.20it/s]
 64%|â–ˆâ–ˆâ–ˆâ–ˆâ–ˆâ–ˆâ–   | 89226/138493 [01:40<00:57, 853.09it/s]
 64%|â–ˆâ–ˆâ–ˆâ–ˆâ–ˆâ–ˆâ–   | 89313/138493 [01:40<00:58, 835.66it/s]
 65%|â–ˆâ–ˆâ–ˆâ–ˆâ–ˆâ–ˆâ–   | 89407/138493 [01:40<00:56, 864.67it/s]
 65%|â–ˆâ–ˆâ–ˆâ–ˆâ–ˆâ–ˆâ–   | 89500/138493 [01:40<00:55, 879.39it/s]
 65%|â–ˆâ–ˆâ–ˆâ–ˆâ–ˆâ–ˆâ–   | 89608/138493 [01:40<00:52, 936.80it/s]
 65%|â–ˆâ–ˆâ–ˆâ–ˆâ–ˆâ–ˆâ–   | 89719/138493 [01:40<00:49, 987.24it/s]
 65%|â–ˆâ–ˆâ–ˆâ–ˆâ–ˆâ–ˆâ–   | 89819/138493 [01:40<00:50, 969.11it/s]
 65%|â–ˆâ–ˆâ–ˆâ–ˆâ–ˆâ–ˆâ–   | 89917/138493 [01:40<00:50, 958.74it/s]
 65%|â–ˆâ–ˆâ–ˆâ–ˆâ–ˆâ–ˆâ–Œ   | 90022/138493 [01:41<00:49, 983.80it/s]
 65%|â–ˆâ–ˆâ–ˆâ–ˆâ–ˆâ–ˆâ–Œ   | 90121/138493 [01:41<00:51, 947.56it/s]
 65%|â–ˆâ–ˆâ–ˆâ–ˆâ–ˆâ–ˆâ–Œ   | 90218/138493 [01:41<00:50, 952.91it/s]
 65%|â–ˆâ–ˆâ–ˆâ–ˆâ–ˆâ–ˆâ–Œ   | 90314/138493 [01:41<00:50, 948.84it/s]
 65%|â–ˆâ–ˆâ–ˆâ–ˆâ–ˆâ–ˆâ–Œ   | 90430/138493 [01:41<00:47, 1010.10it/s]
 65%|â–ˆâ–ˆâ–ˆâ–ˆâ–ˆâ–ˆâ–Œ   | 90532/138493 [01:41<00:47, 1007.19it/s]
 65%|â–ˆâ–ˆâ–ˆâ–ˆâ–ˆâ–ˆâ–Œ   | 90633/138493 [01:41<00:48, 994.60it/s] 
 66%|â–ˆâ–ˆâ–ˆâ–ˆâ–ˆâ–ˆâ–Œ   | 90738/138493 [01:41<00:47, 1009.81it/s]
 66%|â–ˆâ–ˆâ–ˆâ–ˆâ–ˆâ–ˆâ–Œ   | 90840/138493 [01:41<00:47, 996.17it/s] 
 66%|â–ˆâ–ˆâ–ˆâ–ˆâ–ˆâ–ˆâ–Œ   | 90940/138493 [01:41<00:49, 951.98it/s]
 66%|â–ˆâ–ˆâ–ˆâ–ˆâ–ˆâ–ˆâ–Œ   | 91036/138493 [01:42<00:49, 953.80it/s]
 66%|â–ˆâ–ˆâ–ˆâ–ˆâ–ˆâ–ˆâ–Œ   | 91132/138493 [01:42<00:49, 952.36it/s]
 66%|â–ˆâ–ˆâ–ˆâ–ˆâ–ˆâ–ˆâ–Œ   | 91228/138493 [01:42<00:51, 922.93it/s]
 66%|â–ˆâ–ˆâ–ˆâ–ˆâ–ˆâ–ˆâ–Œ   | 91334/138493 [01:42<00:49, 962.19it/s]
 66%|â–ˆâ–ˆâ–ˆâ–ˆâ–ˆâ–ˆâ–Œ   | 91431/138493 [01:42<00:48, 964.39it/s]
 66%|â–ˆâ–ˆâ–ˆâ–ˆâ–ˆâ–ˆâ–Œ   | 91532/138493 [01:42<00:48, 977.25it/s]
 66%|â–ˆâ–ˆâ–ˆâ–ˆâ–ˆâ–ˆâ–Œ   | 91630/138493 [01:42<00:48, 956.70it/s]
 66%|â–ˆâ–ˆâ–ˆâ–ˆâ–ˆâ–ˆâ–Œ   | 91734/138493 [01:42<00:47, 976.31it/s]
 66%|â–ˆâ–ˆâ–ˆâ–ˆâ–ˆâ–ˆâ–‹   | 91836/138493 [01:42<00:47, 988.07it/s]
 66%|â–ˆâ–ˆâ–ˆâ–ˆâ–ˆâ–ˆâ–‹   | 91935/138493 [01:43<00:49, 947.75it/s]
 66%|â–ˆâ–ˆâ–ˆâ–ˆâ–ˆâ–ˆâ–‹   | 92031/138493 [01:43<00:52, 887.19it/s]
 67%|â–ˆâ–ˆâ–ˆâ–ˆâ–ˆâ–ˆâ–‹   | 92126/138493 [01:43<00:51, 903.86it/s]
 67%|â–ˆâ–ˆâ–ˆâ–ˆâ–ˆâ–ˆâ–‹   | 92218/138493 [01:43<00:51, 906.47it/s]
 67%|â–ˆâ–ˆâ–ˆâ–ˆâ–ˆâ–ˆâ–‹   | 92310/138493 [01:43<00:51, 903.28it/s]
 67%|â–ˆâ–ˆâ–ˆâ–ˆâ–ˆâ–ˆâ–‹   | 92406/138493 [01:43<00:50, 918.91it/s]
 67%|â–ˆâ–ˆâ–ˆâ–ˆâ–ˆâ–ˆâ–‹   | 92499/138493 [01:43<00:50, 908.57it/s]
 67%|â–ˆâ–ˆâ–ˆâ–ˆâ–ˆâ–ˆâ–‹   | 92601/138493 [01:43<00:48, 940.87it/s]
 67%|â–ˆâ–ˆâ–ˆâ–ˆâ–ˆâ–ˆâ–‹   | 92696/138493 [01:43<00:48, 939.90it/s]
 67%|â–ˆâ–ˆâ–ˆâ–ˆâ–ˆâ–ˆâ–‹   | 92791/138493 [01:43<00:50, 905.46it/s]
 67%|â–ˆâ–ˆâ–ˆâ–ˆâ–ˆâ–ˆâ–‹   | 92882/138493 [01:44<00:50, 903.27it/s]
 67%|â–ˆâ–ˆâ–ˆâ–ˆâ–ˆâ–ˆâ–‹   | 92973/138493 [01:44<00:51, 877.87it/s]
 67%|â–ˆâ–ˆâ–ˆâ–ˆâ–ˆâ–ˆâ–‹   | 93072/138493 [01:44<00:49, 908.52it/s]
 67%|â–ˆâ–ˆâ–ˆâ–ˆâ–ˆâ–ˆâ–‹   | 93164/138493 [01:44<00:50, 902.80it/s]
 67%|â–ˆâ–ˆâ–ˆâ–ˆâ–ˆâ–ˆâ–‹   | 93272/138493 [01:44<00:47, 950.82it/s]
 67%|â–ˆâ–ˆâ–ˆâ–ˆâ–ˆâ–ˆâ–‹   | 93368/138493 [01:44<00:48, 933.46it/s]
 67%|â–ˆâ–ˆâ–ˆâ–ˆâ–ˆâ–ˆâ–‹   | 93467/138493 [01:44<00:47, 949.53it/s]
 68%|â–ˆâ–ˆâ–ˆâ–ˆâ–ˆâ–ˆâ–Š   | 93563/138493 [01:44<00:47, 943.28it/s]
 68%|â–ˆâ–ˆâ–ˆâ–ˆâ–ˆâ–ˆâ–Š   | 93658/138493 [01:44<00:48, 927.31it/s]
 68%|â–ˆâ–ˆâ–ˆâ–ˆâ–ˆâ–ˆâ–Š   | 93751/138493 [01:45<00:50, 879.57it/s]
 68%|â–ˆâ–ˆâ–ˆâ–ˆâ–ˆâ–ˆâ–Š   | 93846/138493 [01:45<00:49, 899.29it/s]
 68%|â–ˆâ–ˆâ–ˆâ–ˆâ–ˆâ–ˆâ–Š   | 93942/138493 [01:45<00:48, 916.25it/s]
 68%|â–ˆâ–ˆâ–ˆâ–ˆâ–ˆâ–ˆâ–Š   | 94036/138493 [01:45<00:48, 919.42it/s]
 68%|â–ˆâ–ˆâ–ˆâ–ˆâ–ˆâ–ˆâ–Š   | 94129/138493 [01:45<00:48, 912.18it/s]
 68%|â–ˆâ–ˆâ–ˆâ–ˆâ–ˆâ–ˆâ–Š   | 94247/138493 [01:45<00:44, 990.34it/s]
 68%|â–ˆâ–ˆâ–ˆâ–ˆâ–ˆâ–ˆâ–Š   | 94347/138493 [01:45<00:46, 956.26it/s]
 68%|â–ˆâ–ˆâ–ˆâ–ˆâ–ˆâ–ˆâ–Š   | 94447/138493 [01:45<00:45, 966.58it/s]
 68%|â–ˆâ–ˆâ–ˆâ–ˆâ–ˆâ–ˆâ–Š   | 94545/138493 [01:45<00:45, 962.97it/s]
 68%|â–ˆâ–ˆâ–ˆâ–ˆâ–ˆâ–ˆâ–Š   | 94654/138493 [01:45<00:44, 995.89it/s]
 68%|â–ˆâ–ˆâ–ˆâ–ˆâ–ˆâ–ˆâ–Š   | 94754/138493 [01:46<00:44, 993.46it/s]
 68%|â–ˆâ–ˆâ–ˆâ–ˆâ–ˆâ–ˆâ–Š   | 94854/138493 [01:46<00:44, 985.63it/s]
 69%|â–ˆâ–ˆâ–ˆâ–ˆâ–ˆâ–ˆâ–Š   | 94953/138493 [01:46<00:45, 962.46it/s]
 69%|â–ˆâ–ˆâ–ˆâ–ˆâ–ˆâ–ˆâ–Š   | 95050/138493 [01:46<00:47, 923.32it/s]
 69%|â–ˆâ–ˆâ–ˆâ–ˆâ–ˆâ–ˆâ–Š   | 95152/138493 [01:46<00:45, 949.38it/s]
 69%|â–ˆâ–ˆâ–ˆâ–ˆâ–ˆâ–ˆâ–‰   | 95248/138493 [01:46<00:47, 902.68it/s]
 69%|â–ˆâ–ˆâ–ˆâ–ˆâ–ˆâ–ˆâ–‰   | 95339/138493 [01:46<00:50, 858.07it/s]
 69%|â–ˆâ–ˆâ–ˆâ–ˆâ–ˆâ–ˆâ–‰   | 95430/138493 [01:46<00:49, 871.84it/s]
 69%|â–ˆâ–ˆâ–ˆâ–ˆâ–ˆâ–ˆâ–‰   | 95518/138493 [01:46<00:49, 866.52it/s]
 69%|â–ˆâ–ˆâ–ˆâ–ˆâ–ˆâ–ˆâ–‰   | 95607/138493 [01:47<00:49, 870.68it/s]
 69%|â–ˆâ–ˆâ–ˆâ–ˆâ–ˆâ–ˆâ–‰   | 95705/138493 [01:47<00:47, 901.55it/s]
 69%|â–ˆâ–ˆâ–ˆâ–ˆâ–ˆâ–ˆâ–‰   | 95807/138493 [01:47<00:45, 935.31it/s]
 69%|â–ˆâ–ˆâ–ˆâ–ˆâ–ˆâ–ˆâ–‰   | 95905/138493 [01:47<00:44, 948.32it/s]
 69%|â–ˆâ–ˆâ–ˆâ–ˆâ–ˆâ–ˆâ–‰   | 96001/138493 [01:47<00:48, 874.92it/s]
 69%|â–ˆâ–ˆâ–ˆâ–ˆâ–ˆâ–ˆâ–‰   | 96090/138493 [01:47<00:49, 854.51it/s]
 69%|â–ˆâ–ˆâ–ˆâ–ˆâ–ˆâ–ˆâ–‰   | 96182/138493 [01:47<00:48, 870.05it/s]
 70%|â–ˆâ–ˆâ–ˆâ–ˆâ–ˆâ–ˆâ–‰   | 96280/138493 [01:47<00:46, 900.32it/s]
 70%|â–ˆâ–ˆâ–ˆâ–ˆâ–ˆâ–ˆâ–‰   | 96374/138493 [01:47<00:46, 910.88it/s]
 70%|â–ˆâ–ˆâ–ˆâ–ˆâ–ˆâ–ˆâ–‰   | 96471/138493 [01:47<00:45, 926.34it/s]
 70%|â–ˆâ–ˆâ–ˆâ–ˆâ–ˆâ–ˆâ–‰   | 96574/138493 [01:48<00:43, 956.14it/s]
 70%|â–ˆâ–ˆâ–ˆâ–ˆâ–ˆâ–ˆâ–‰   | 96670/138493 [01:48<00:44, 929.76it/s]
 70%|â–ˆâ–ˆâ–ˆâ–ˆâ–ˆâ–ˆâ–‰   | 96764/138493 [01:48<00:45, 920.79it/s]
 70%|â–ˆâ–ˆâ–ˆâ–ˆâ–ˆâ–ˆâ–‰   | 96859/138493 [01:48<00:45, 923.92it/s]
 70%|â–ˆâ–ˆâ–ˆâ–ˆâ–ˆâ–ˆâ–ˆ   | 96952/138493 [01:48<00:45, 918.92it/s]
 70%|â–ˆâ–ˆâ–ˆâ–ˆâ–ˆâ–ˆâ–ˆ   | 97062/138493 [01:48<00:42, 971.41it/s]
 70%|â–ˆâ–ˆâ–ˆâ–ˆâ–ˆâ–ˆâ–ˆ   | 97163/138493 [01:48<00:42, 980.93it/s]
 70%|â–ˆâ–ˆâ–ˆâ–ˆâ–ˆâ–ˆâ–ˆ   | 97262/138493 [01:48<00:44, 918.76it/s]
 70%|â–ˆâ–ˆâ–ˆâ–ˆâ–ˆâ–ˆâ–ˆ   | 97355/138493 [01:48<00:45, 907.19it/s]
 70%|â–ˆâ–ˆâ–ˆâ–ˆâ–ˆâ–ˆâ–ˆ   | 97447/138493 [01:49<00:45, 907.49it/s]
 70%|â–ˆâ–ˆâ–ˆâ–ˆâ–ˆâ–ˆâ–ˆ   | 97552/138493 [01:49<00:43, 947.94it/s]
 71%|â–ˆâ–ˆâ–ˆâ–ˆâ–ˆâ–ˆâ–ˆ   | 97648/138493 [01:49<00:43, 939.20it/s]
 71%|â–ˆâ–ˆâ–ˆâ–ˆâ–ˆâ–ˆâ–ˆ   | 97743/138493 [01:49<00:43, 939.65it/s]
 71%|â–ˆâ–ˆâ–ˆâ–ˆâ–ˆâ–ˆâ–ˆ   | 97838/138493 [01:49<00:44, 907.97it/s]
 71%|â–ˆâ–ˆâ–ˆâ–ˆâ–ˆâ–ˆâ–ˆ   | 97931/138493 [01:49<00:44, 913.10it/s]
 71%|â–ˆâ–ˆâ–ˆâ–ˆâ–ˆâ–ˆâ–ˆ   | 98029/138493 [01:49<00:43, 931.85it/s]
 71%|â–ˆâ–ˆâ–ˆâ–ˆâ–ˆâ–ˆâ–ˆ   | 98134/138493 [01:49<00:41, 964.61it/s]
 71%|â–ˆâ–ˆâ–ˆâ–ˆâ–ˆâ–ˆâ–ˆ   | 98231/138493 [01:49<00:42, 955.42it/s]
 71%|â–ˆâ–ˆâ–ˆâ–ˆâ–ˆâ–ˆâ–ˆ   | 98327/138493 [01:49<00:42, 948.36it/s]
 71%|â–ˆâ–ˆâ–ˆâ–ˆâ–ˆâ–ˆâ–ˆ   | 98422/138493 [01:50<00:43, 916.04it/s]
 71%|â–ˆâ–ˆâ–ˆâ–ˆâ–ˆâ–ˆâ–ˆ   | 98514/138493 [01:50<00:46, 866.75it/s]
 71%|â–ˆâ–ˆâ–ˆâ–ˆâ–ˆâ–ˆâ–ˆ   | 98603/138493 [01:50<00:45, 870.64it/s]
 71%|â–ˆâ–ˆâ–ˆâ–ˆâ–ˆâ–ˆâ–ˆâ–  | 98696/138493 [01:50<00:44, 886.35it/s]
 71%|â–ˆâ–ˆâ–ˆâ–ˆâ–ˆâ–ˆâ–ˆâ–  | 98786/138493 [01:50<00:44, 885.92it/s]
 71%|â–ˆâ–ˆâ–ˆâ–ˆâ–ˆâ–ˆâ–ˆâ–  | 98875/138493 [01:50<00:45, 880.25it/s]
 71%|â–ˆâ–ˆâ–ˆâ–ˆâ–ˆâ–ˆâ–ˆâ–  | 98977/138493 [01:50<00:42, 919.28it/s]
 72%|â–ˆâ–ˆâ–ˆâ–ˆâ–ˆâ–ˆâ–ˆâ–  | 99085/138493 [01:50<00:40, 966.42it/s]
 72%|â–ˆâ–ˆâ–ˆâ–ˆâ–ˆâ–ˆâ–ˆâ–  | 99183/138493 [01:50<00:40, 968.43it/s]
 72%|â–ˆâ–ˆâ–ˆâ–ˆâ–ˆâ–ˆâ–ˆâ–  | 99289/138493 [01:50<00:39, 994.24it/s]
 72%|â–ˆâ–ˆâ–ˆâ–ˆâ–ˆâ–ˆâ–ˆâ–  | 99389/138493 [01:51<00:40, 968.72it/s]
 72%|â–ˆâ–ˆâ–ˆâ–ˆâ–ˆâ–ˆâ–ˆâ–  | 99487/138493 [01:51<00:40, 954.30it/s]
 72%|â–ˆâ–ˆâ–ˆâ–ˆâ–ˆâ–ˆâ–ˆâ–  | 99583/138493 [01:51<00:42, 923.70it/s]
 72%|â–ˆâ–ˆâ–ˆâ–ˆâ–ˆâ–ˆâ–ˆâ–  | 99698/138493 [01:51<00:39, 987.16it/s]
 72%|â–ˆâ–ˆâ–ˆâ–ˆâ–ˆâ–ˆâ–ˆâ–  | 99798/138493 [01:51<00:41, 931.66it/s]
 72%|â–ˆâ–ˆâ–ˆâ–ˆâ–ˆâ–ˆâ–ˆâ–  | 99900/138493 [01:51<00:40, 955.86it/s]
 72%|â–ˆâ–ˆâ–ˆâ–ˆâ–ˆâ–ˆâ–ˆâ–  | 100007/138493 [01:51<00:39, 986.38it/s]
 72%|â–ˆâ–ˆâ–ˆâ–ˆâ–ˆâ–ˆâ–ˆâ–  | 100113/138493 [01:51<00:38, 1001.63it/s]
 72%|â–ˆâ–ˆâ–ˆâ–ˆâ–ˆâ–ˆâ–ˆâ–  | 100214/138493 [01:51<00:39, 964.41it/s] 
 72%|â–ˆâ–ˆâ–ˆâ–ˆâ–ˆâ–ˆâ–ˆâ–  | 100312/138493 [01:52<00:39, 968.37it/s]
 73%|â–ˆâ–ˆâ–ˆâ–ˆâ–ˆâ–ˆâ–ˆâ–Ž  | 100410/138493 [01:52<00:41, 925.97it/s]
 73%|â–ˆâ–ˆâ–ˆâ–ˆâ–ˆâ–ˆâ–ˆâ–Ž  | 100504/138493 [01:52<00:41, 913.89it/s]
 73%|â–ˆâ–ˆâ–ˆâ–ˆâ–ˆâ–ˆâ–ˆâ–Ž  | 100596/138493 [01:52<00:41, 906.73it/s]
 73%|â–ˆâ–ˆâ–ˆâ–ˆâ–ˆâ–ˆâ–ˆâ–Ž  | 100687/138493 [01:52<00:42, 896.38it/s]
 73%|â–ˆâ–ˆâ–ˆâ–ˆâ–ˆâ–ˆâ–ˆâ–Ž  | 100781/138493 [01:52<00:41, 902.63it/s]
 73%|â–ˆâ–ˆâ–ˆâ–ˆâ–ˆâ–ˆâ–ˆâ–Ž  | 100887/138493 [01:52<00:39, 946.69it/s]
 73%|â–ˆâ–ˆâ–ˆâ–ˆâ–ˆâ–ˆâ–ˆâ–Ž  | 100988/138493 [01:52<00:38, 963.73it/s]
 73%|â–ˆâ–ˆâ–ˆâ–ˆâ–ˆâ–ˆâ–ˆâ–Ž  | 101085/138493 [01:52<00:40, 932.95it/s]
 73%|â–ˆâ–ˆâ–ˆâ–ˆâ–ˆâ–ˆâ–ˆâ–Ž  | 101179/138493 [01:53<00:41, 903.86it/s]
 73%|â–ˆâ–ˆâ–ˆâ–ˆâ–ˆâ–ˆâ–ˆâ–Ž  | 101281/138493 [01:53<00:39, 936.48it/s]
 73%|â–ˆâ–ˆâ–ˆâ–ˆâ–ˆâ–ˆâ–ˆâ–Ž  | 101380/138493 [01:53<00:39, 950.02it/s]
 73%|â–ˆâ–ˆâ–ˆâ–ˆâ–ˆâ–ˆâ–ˆâ–Ž  | 101476/138493 [01:53<00:39, 932.43it/s]
 73%|â–ˆâ–ˆâ–ˆâ–ˆâ–ˆâ–ˆâ–ˆâ–Ž  | 101570/138493 [01:53<00:40, 904.56it/s]
 73%|â–ˆâ–ˆâ–ˆâ–ˆâ–ˆâ–ˆâ–ˆâ–Ž  | 101661/138493 [01:53<00:41, 878.55it/s]
 73%|â–ˆâ–ˆâ–ˆâ–ˆâ–ˆâ–ˆâ–ˆâ–Ž  | 101750/138493 [01:53<00:42, 866.21it/s]
 74%|â–ˆâ–ˆâ–ˆâ–ˆâ–ˆâ–ˆâ–ˆâ–Ž  | 101845/138493 [01:53<00:41, 889.61it/s]
 74%|â–ˆâ–ˆâ–ˆâ–ˆâ–ˆâ–ˆâ–ˆâ–Ž  | 101937/138493 [01:53<00:40, 897.12it/s]
 74%|â–ˆâ–ˆâ–ˆâ–ˆâ–ˆâ–ˆâ–ˆâ–Ž  | 102027/138493 [01:53<00:40, 891.86it/s]
 74%|â–ˆâ–ˆâ–ˆâ–ˆâ–ˆâ–ˆâ–ˆâ–Ž  | 102117/138493 [01:54<00:40, 888.49it/s]
 74%|â–ˆâ–ˆâ–ˆâ–ˆâ–ˆâ–ˆâ–ˆâ–  | 102225/138493 [01:54<00:38, 943.39it/s]
 74%|â–ˆâ–ˆâ–ˆâ–ˆâ–ˆâ–ˆâ–ˆâ–  | 102320/138493 [01:54<00:38, 928.73it/s]
 74%|â–ˆâ–ˆâ–ˆâ–ˆâ–ˆâ–ˆâ–ˆâ–  | 102426/138493 [01:54<00:37, 967.04it/s]
 74%|â–ˆâ–ˆâ–ˆâ–ˆâ–ˆâ–ˆâ–ˆâ–  | 102523/138493 [01:54<00:37, 964.04it/s]
 74%|â–ˆâ–ˆâ–ˆâ–ˆâ–ˆâ–ˆâ–ˆâ–  | 102620/138493 [01:54<00:37, 958.74it/s]
 74%|â–ˆâ–ˆâ–ˆâ–ˆâ–ˆâ–ˆâ–ˆâ–  | 102716/138493 [01:54<00:37, 944.89it/s]
 74%|â–ˆâ–ˆâ–ˆâ–ˆâ–ˆâ–ˆâ–ˆâ–  | 102822/138493 [01:54<00:36, 975.84it/s]
 74%|â–ˆâ–ˆâ–ˆâ–ˆâ–ˆâ–ˆâ–ˆâ–  | 102920/138493 [01:54<00:38, 920.56it/s]
 74%|â–ˆâ–ˆâ–ˆâ–ˆâ–ˆâ–ˆâ–ˆâ–  | 103016/138493 [01:54<00:38, 929.21it/s]
 74%|â–ˆâ–ˆâ–ˆâ–ˆâ–ˆâ–ˆâ–ˆâ–  | 103110/138493 [01:55<00:39, 906.37it/s]
 75%|â–ˆâ–ˆâ–ˆâ–ˆâ–ˆâ–ˆâ–ˆâ–  | 103202/138493 [01:55<00:40, 878.07it/s]
 75%|â–ˆâ–ˆâ–ˆâ–ˆâ–ˆâ–ˆâ–ˆâ–  | 103291/138493 [01:55<00:41, 852.22it/s]
 75%|â–ˆâ–ˆâ–ˆâ–ˆâ–ˆâ–ˆâ–ˆâ–  | 103384/138493 [01:55<00:40, 872.96it/s]
 75%|â–ˆâ–ˆâ–ˆâ–ˆâ–ˆâ–ˆâ–ˆâ–  | 103482/138493 [01:55<00:38, 901.74it/s]
 75%|â–ˆâ–ˆâ–ˆâ–ˆâ–ˆâ–ˆâ–ˆâ–  | 103577/138493 [01:55<00:38, 913.75it/s]
 75%|â–ˆâ–ˆâ–ˆâ–ˆâ–ˆâ–ˆâ–ˆâ–  | 103669/138493 [01:55<00:39, 882.56it/s]
 75%|â–ˆâ–ˆâ–ˆâ–ˆâ–ˆâ–ˆâ–ˆâ–  | 103758/138493 [01:55<00:39, 872.02it/s]
 75%|â–ˆâ–ˆâ–ˆâ–ˆâ–ˆâ–ˆâ–ˆâ–  | 103846/138493 [01:55<00:39, 873.74it/s]
 75%|â–ˆâ–ˆâ–ˆâ–ˆâ–ˆâ–ˆâ–ˆâ–Œ  | 103934/138493 [01:56<00:39, 875.55it/s]
 75%|â–ˆâ–ˆâ–ˆâ–ˆâ–ˆâ–ˆâ–ˆâ–Œ  | 104028/138493 [01:56<00:38, 894.40it/s]
 75%|â–ˆâ–ˆâ–ˆâ–ˆâ–ˆâ–ˆâ–ˆâ–Œ  | 104118/138493 [01:56<00:38, 887.53it/s]
 75%|â–ˆâ–ˆâ–ˆâ–ˆâ–ˆâ–ˆâ–ˆâ–Œ  | 104223/138493 [01:56<00:36, 933.69it/s]
 75%|â–ˆâ–ˆâ–ˆâ–ˆâ–ˆâ–ˆâ–ˆâ–Œ  | 104337/138493 [01:56<00:34, 992.36it/s]
 75%|â–ˆâ–ˆâ–ˆâ–ˆâ–ˆâ–ˆâ–ˆâ–Œ  | 104437/138493 [01:56<00:34, 981.46it/s]
 75%|â–ˆâ–ˆâ–ˆâ–ˆâ–ˆâ–ˆâ–ˆâ–Œ  | 104551/138493 [01:56<00:33, 1026.88it/s]
 76%|â–ˆâ–ˆâ–ˆâ–ˆâ–ˆâ–ˆâ–ˆâ–Œ  | 104669/138493 [01:56<00:31, 1069.32it/s]
 76%|â–ˆâ–ˆâ–ˆâ–ˆâ–ˆâ–ˆâ–ˆâ–Œ  | 104777/138493 [01:56<00:32, 1049.36it/s]
 76%|â–ˆâ–ˆâ–ˆâ–ˆâ–ˆâ–ˆâ–ˆâ–Œ  | 104883/138493 [01:56<00:32, 1043.94it/s]
 76%|â–ˆâ–ˆâ–ˆâ–ˆâ–ˆâ–ˆâ–ˆâ–Œ  | 104988/138493 [01:57<00:33, 1015.02it/s]
 76%|â–ˆâ–ˆâ–ˆâ–ˆâ–ˆâ–ˆâ–ˆâ–Œ  | 105090/138493 [01:57<00:33, 983.32it/s] 
 76%|â–ˆâ–ˆâ–ˆâ–ˆâ–ˆâ–ˆâ–ˆâ–Œ  | 105189/138493 [01:57<00:33, 981.48it/s]
 76%|â–ˆâ–ˆâ–ˆâ–ˆâ–ˆâ–ˆâ–ˆâ–Œ  | 105293/138493 [01:57<00:33, 997.91it/s]
 76%|â–ˆâ–ˆâ–ˆâ–ˆâ–ˆâ–ˆâ–ˆâ–Œ  | 105393/138493 [01:57<00:33, 983.84it/s]
 76%|â–ˆâ–ˆâ–ˆâ–ˆâ–ˆâ–ˆâ–ˆâ–Œ  | 105492/138493 [01:57<00:33, 982.87it/s]
 76%|â–ˆâ–ˆâ–ˆâ–ˆâ–ˆâ–ˆâ–ˆâ–Œ  | 105591/138493 [01:57<00:35, 924.56it/s]
 76%|â–ˆâ–ˆâ–ˆâ–ˆâ–ˆâ–ˆâ–ˆâ–‹  | 105693/138493 [01:57<00:34, 945.83it/s]
 76%|â–ˆâ–ˆâ–ˆâ–ˆâ–ˆâ–ˆâ–ˆâ–‹  | 105803/138493 [01:57<00:33, 988.93it/s]
 76%|â–ˆâ–ˆâ–ˆâ–ˆâ–ˆâ–ˆâ–ˆâ–‹  | 105916/138493 [01:58<00:31, 1028.32it/s]
 77%|â–ˆâ–ˆâ–ˆâ–ˆâ–ˆâ–ˆâ–ˆâ–‹  | 106032/138493 [01:58<00:30, 1063.43it/s]
 77%|â–ˆâ–ˆâ–ˆâ–ˆâ–ˆâ–ˆâ–ˆâ–‹  | 106139/138493 [01:58<00:30, 1045.21it/s]
 77%|â–ˆâ–ˆâ–ˆâ–ˆâ–ˆâ–ˆâ–ˆâ–‹  | 106244/138493 [01:58<00:32, 979.94it/s] 
 77%|â–ˆâ–ˆâ–ˆâ–ˆâ–ˆâ–ˆâ–ˆâ–‹  | 106343/138493 [01:58<00:34, 942.83it/s]
 77%|â–ˆâ–ˆâ–ˆâ–ˆâ–ˆâ–ˆâ–ˆâ–‹  | 106441/138493 [01:58<00:34, 941.99it/s]
 77%|â–ˆâ–ˆâ–ˆâ–ˆâ–ˆâ–ˆâ–ˆâ–‹  | 106536/138493 [01:58<00:34, 939.48it/s]
 77%|â–ˆâ–ˆâ–ˆâ–ˆâ–ˆâ–ˆâ–ˆâ–‹  | 106638/138493 [01:58<00:33, 956.60it/s]
 77%|â–ˆâ–ˆâ–ˆâ–ˆâ–ˆâ–ˆâ–ˆâ–‹  | 106734/138493 [01:58<00:35, 895.56it/s]
 77%|â–ˆâ–ˆâ–ˆâ–ˆâ–ˆâ–ˆâ–ˆâ–‹  | 106825/138493 [01:59<00:36, 870.79it/s]
 77%|â–ˆâ–ˆâ–ˆâ–ˆâ–ˆâ–ˆâ–ˆâ–‹  | 106913/138493 [01:59<00:36, 857.28it/s]
 77%|â–ˆâ–ˆâ–ˆâ–ˆâ–ˆâ–ˆâ–ˆâ–‹  | 107000/138493 [01:59<00:37, 841.45it/s]
 77%|â–ˆâ–ˆâ–ˆâ–ˆâ–ˆâ–ˆâ–ˆâ–‹  | 107093/138493 [01:59<00:36, 865.19it/s]
 77%|â–ˆâ–ˆâ–ˆâ–ˆâ–ˆâ–ˆâ–ˆâ–‹  | 107180/138493 [01:59<00:36, 858.85it/s]
 77%|â–ˆâ–ˆâ–ˆâ–ˆâ–ˆâ–ˆâ–ˆâ–‹  | 107273/138493 [01:59<00:35, 879.36it/s]
 78%|â–ˆâ–ˆâ–ˆâ–ˆâ–ˆâ–ˆâ–ˆâ–Š  | 107362/138493 [01:59<00:36, 852.61it/s]
 78%|â–ˆâ–ˆâ–ˆâ–ˆâ–ˆâ–ˆâ–ˆâ–Š  | 107467/138493 [01:59<00:34, 906.81it/s]
 78%|â–ˆâ–ˆâ–ˆâ–ˆâ–ˆâ–ˆâ–ˆâ–Š  | 107572/138493 [01:59<00:32, 944.72it/s]
 78%|â–ˆâ–ˆâ–ˆâ–ˆâ–ˆâ–ˆâ–ˆâ–Š  | 107669/138493 [01:59<00:32, 950.87it/s]
 78%|â–ˆâ–ˆâ–ˆâ–ˆâ–ˆâ–ˆâ–ˆâ–Š  | 107769/138493 [02:00<00:32, 959.06it/s]
 78%|â–ˆâ–ˆâ–ˆâ–ˆâ–ˆâ–ˆâ–ˆâ–Š  | 107866/138493 [02:00<00:32, 946.66it/s]
 78%|â–ˆâ–ˆâ–ˆâ–ˆâ–ˆâ–ˆâ–ˆâ–Š  | 107961/138493 [02:00<00:32, 928.31it/s]
 78%|â–ˆâ–ˆâ–ˆâ–ˆâ–ˆâ–ˆâ–ˆâ–Š  | 108054/138493 [02:00<00:33, 915.84it/s]
 78%|â–ˆâ–ˆâ–ˆâ–ˆâ–ˆâ–ˆâ–ˆâ–Š  | 108146/138493 [02:00<00:34, 883.93it/s]
 78%|â–ˆâ–ˆâ–ˆâ–ˆâ–ˆâ–ˆâ–ˆâ–Š  | 108235/138493 [02:00<00:35, 841.93it/s]
 78%|â–ˆâ–ˆâ–ˆâ–ˆâ–ˆâ–ˆâ–ˆâ–Š  | 108331/138493 [02:00<00:34, 872.93it/s]
 78%|â–ˆâ–ˆâ–ˆâ–ˆâ–ˆâ–ˆâ–ˆâ–Š  | 108419/138493 [02:00<00:34, 868.39it/s]
 78%|â–ˆâ–ˆâ–ˆâ–ˆâ–ˆâ–ˆâ–ˆâ–Š  | 108507/138493 [02:00<00:34, 871.61it/s]
 78%|â–ˆâ–ˆâ–ˆâ–ˆâ–ˆâ–ˆâ–ˆâ–Š  | 108599/138493 [02:01<00:33, 882.57it/s]
 78%|â–ˆâ–ˆâ–ˆâ–ˆâ–ˆâ–ˆâ–ˆâ–Š  | 108702/138493 [02:01<00:32, 922.65it/s]
 79%|â–ˆâ–ˆâ–ˆâ–ˆâ–ˆâ–ˆâ–ˆâ–Š  | 108795/138493 [02:01<00:32, 914.27it/s]
 79%|â–ˆâ–ˆâ–ˆâ–ˆâ–ˆâ–ˆâ–ˆâ–Š  | 108893/138493 [02:01<00:31, 930.60it/s]
 79%|â–ˆâ–ˆâ–ˆâ–ˆâ–ˆâ–ˆâ–ˆâ–Š  | 108987/138493 [02:01<00:32, 916.29it/s]
 79%|â–ˆâ–ˆâ–ˆâ–ˆâ–ˆâ–ˆâ–ˆâ–‰  | 109085/138493 [02:01<00:31, 933.14it/s]
 79%|â–ˆâ–ˆâ–ˆâ–ˆâ–ˆâ–ˆâ–ˆâ–‰  | 109180/138493 [02:01<00:31, 936.62it/s]
 79%|â–ˆâ–ˆâ–ˆâ–ˆâ–ˆâ–ˆâ–ˆâ–‰  | 109285/138493 [02:01<00:30, 968.37it/s]
 79%|â–ˆâ–ˆâ–ˆâ–ˆâ–ˆâ–ˆâ–ˆâ–‰  | 109382/138493 [02:01<00:30, 956.82it/s]
 79%|â–ˆâ–ˆâ–ˆâ–ˆâ–ˆâ–ˆâ–ˆâ–‰  | 109483/138493 [02:01<00:29, 972.14it/s]
 79%|â–ˆâ–ˆâ–ˆâ–ˆâ–ˆâ–ˆâ–ˆâ–‰  | 109583/138493 [02:02<00:29, 977.14it/s]
 79%|â–ˆâ–ˆâ–ˆâ–ˆâ–ˆâ–ˆâ–ˆâ–‰  | 109697/138493 [02:02<00:28, 1024.48it/s]
 79%|â–ˆâ–ˆâ–ˆâ–ˆâ–ˆâ–ˆâ–ˆâ–‰  | 109800/138493 [02:02<00:30, 947.02it/s] 
 79%|â–ˆâ–ˆâ–ˆâ–ˆâ–ˆâ–ˆâ–ˆâ–‰  | 109908/138493 [02:02<00:29, 983.14it/s]
 79%|â–ˆâ–ˆâ–ˆâ–ˆâ–ˆâ–ˆâ–ˆâ–‰  | 110008/138493 [02:02<00:30, 943.83it/s]
 80%|â–ˆâ–ˆâ–ˆâ–ˆâ–ˆâ–ˆâ–ˆâ–‰  | 110112/138493 [02:02<00:29, 969.63it/s]
 80%|â–ˆâ–ˆâ–ˆâ–ˆâ–ˆâ–ˆâ–ˆâ–‰  | 110210/138493 [02:02<00:29, 956.76it/s]
 80%|â–ˆâ–ˆâ–ˆâ–ˆâ–ˆâ–ˆâ–ˆâ–‰  | 110308/138493 [02:02<00:29, 960.93it/s]
 80%|â–ˆâ–ˆâ–ˆâ–ˆâ–ˆâ–ˆâ–ˆâ–‰  | 110417/138493 [02:02<00:28, 997.72it/s]
 80%|â–ˆâ–ˆâ–ˆâ–ˆâ–ˆâ–ˆâ–ˆâ–‰  | 110518/138493 [02:02<00:29, 960.83it/s]
 80%|â–ˆâ–ˆâ–ˆâ–ˆâ–ˆâ–ˆâ–ˆâ–‰  | 110618/138493 [02:03<00:28, 970.02it/s]
 80%|â–ˆâ–ˆâ–ˆâ–ˆâ–ˆâ–ˆâ–ˆâ–‰  | 110716/138493 [02:03<00:29, 954.14it/s]
 80%|â–ˆâ–ˆâ–ˆâ–ˆâ–ˆâ–ˆâ–ˆâ–ˆ  | 110812/138493 [02:03<00:29, 943.81it/s]
 80%|â–ˆâ–ˆâ–ˆâ–ˆâ–ˆâ–ˆâ–ˆâ–ˆ  | 110907/138493 [02:03<00:31, 877.18it/s]
 80%|â–ˆâ–ˆâ–ˆâ–ˆâ–ˆâ–ˆâ–ˆâ–ˆ  | 111005/138493 [02:03<00:30, 901.95it/s]
 80%|â–ˆâ–ˆâ–ˆâ–ˆâ–ˆâ–ˆâ–ˆâ–ˆ  | 111103/138493 [02:03<00:29, 921.73it/s]
 80%|â–ˆâ–ˆâ–ˆâ–ˆâ–ˆâ–ˆâ–ˆâ–ˆ  | 111196/138493 [02:03<00:30, 886.65it/s]
 80%|â–ˆâ–ˆâ–ˆâ–ˆâ–ˆâ–ˆâ–ˆâ–ˆ  | 111301/138493 [02:03<00:29, 932.61it/s]
 80%|â–ˆâ–ˆâ–ˆâ–ˆâ–ˆâ–ˆâ–ˆâ–ˆ  | 111398/138493 [02:03<00:28, 941.50it/s]
 81%|â–ˆâ–ˆâ–ˆâ–ˆâ–ˆâ–ˆâ–ˆâ–ˆ  | 111502/138493 [02:04<00:27, 967.22it/s]
 81%|â–ˆâ–ˆâ–ˆâ–ˆâ–ˆâ–ˆâ–ˆâ–ˆ  | 111600/138493 [02:04<00:28, 955.00it/s]
 81%|â–ˆâ–ˆâ–ˆâ–ˆâ–ˆâ–ˆâ–ˆâ–ˆ  | 111701/138493 [02:04<00:27, 969.97it/s]
 81%|â–ˆâ–ˆâ–ˆâ–ˆâ–ˆâ–ˆâ–ˆâ–ˆ  | 111801/138493 [02:04<00:27, 978.56it/s]
 81%|â–ˆâ–ˆâ–ˆâ–ˆâ–ˆâ–ˆâ–ˆâ–ˆ  | 111900/138493 [02:04<00:28, 937.85it/s]
 81%|â–ˆâ–ˆâ–ˆâ–ˆâ–ˆâ–ˆâ–ˆâ–ˆ  | 111995/138493 [02:04<00:28, 930.93it/s]
 81%|â–ˆâ–ˆâ–ˆâ–ˆâ–ˆâ–ˆâ–ˆâ–ˆ  | 112094/138493 [02:04<00:27, 947.18it/s]
 81%|â–ˆâ–ˆâ–ˆâ–ˆâ–ˆâ–ˆâ–ˆâ–ˆ  | 112199/138493 [02:04<00:26, 974.39it/s]
 81%|â–ˆâ–ˆâ–ˆâ–ˆâ–ˆâ–ˆâ–ˆâ–ˆ  | 112297/138493 [02:04<00:28, 925.42it/s]
 81%|â–ˆâ–ˆâ–ˆâ–ˆâ–ˆâ–ˆâ–ˆâ–ˆ  | 112391/138493 [02:05<00:29, 893.25it/s]
 81%|â–ˆâ–ˆâ–ˆâ–ˆâ–ˆâ–ˆâ–ˆâ–ˆ  | 112505/138493 [02:05<00:26, 962.55it/s]
 81%|â–ˆâ–ˆâ–ˆâ–ˆâ–ˆâ–ˆâ–ˆâ–ˆâ– | 112618/138493 [02:05<00:25, 1008.41it/s]
 81%|â–ˆâ–ˆâ–ˆâ–ˆâ–ˆâ–ˆâ–ˆâ–ˆâ– | 112720/138493 [02:06<01:36, 268.18it/s] 
 81%|â–ˆâ–ˆâ–ˆâ–ˆâ–ˆâ–ˆâ–ˆâ–ˆâ– | 112796/138493 [02:06<01:21, 316.65it/s]
 82%|â–ˆâ–ˆâ–ˆâ–ˆâ–ˆâ–ˆâ–ˆâ–ˆâ– | 112875/138493 [02:06<01:08, 374.57it/s]
 82%|â–ˆâ–ˆâ–ˆâ–ˆâ–ˆâ–ˆâ–ˆâ–ˆâ– | 112961/138493 [02:06<00:57, 447.30it/s]
 82%|â–ˆâ–ˆâ–ˆâ–ˆâ–ˆâ–ˆâ–ˆâ–ˆâ– | 113040/138493 [02:06<00:50, 507.44it/s]
 82%|â–ˆâ–ˆâ–ˆâ–ˆâ–ˆâ–ˆâ–ˆâ–ˆâ– | 113119/138493 [02:06<00:45, 559.90it/s]
 82%|â–ˆâ–ˆâ–ˆâ–ˆâ–ˆâ–ˆâ–ˆâ–ˆâ– | 113205/138493 [02:06<00:40, 625.91it/s]
 82%|â–ˆâ–ˆâ–ˆâ–ˆâ–ˆâ–ˆâ–ˆâ–ˆâ– | 113286/138493 [02:06<00:38, 661.58it/s]
 82%|â–ˆâ–ˆâ–ˆâ–ˆâ–ˆâ–ˆâ–ˆâ–ˆâ– | 113371/138493 [02:07<00:35, 708.10it/s]
 82%|â–ˆâ–ˆâ–ˆâ–ˆâ–ˆâ–ˆâ–ˆâ–ˆâ– | 113458/138493 [02:07<00:33, 750.28it/s]
 82%|â–ˆâ–ˆâ–ˆâ–ˆâ–ˆâ–ˆâ–ˆâ–ˆâ– | 113553/138493 [02:07<00:30, 804.83it/s]
 82%|â–ˆâ–ˆâ–ˆâ–ˆâ–ˆâ–ˆâ–ˆâ–ˆâ– | 113640/138493 [02:07<00:30, 819.04it/s]
 82%|â–ˆâ–ˆâ–ˆâ–ˆâ–ˆâ–ˆâ–ˆâ–ˆâ– | 113727/138493 [02:07<00:29, 829.80it/s]
 82%|â–ˆâ–ˆâ–ˆâ–ˆâ–ˆâ–ˆâ–ˆâ–ˆâ– | 113823/138493 [02:07<00:28, 864.14it/s]
 82%|â–ˆâ–ˆâ–ˆâ–ˆâ–ˆâ–ˆâ–ˆâ–ˆâ– | 113912/138493 [02:07<00:29, 831.61it/s]
 82%|â–ˆâ–ˆâ–ˆâ–ˆâ–ˆâ–ˆâ–ˆâ–ˆâ– | 114002/138493 [02:07<00:28, 850.29it/s]
 82%|â–ˆâ–ˆâ–ˆâ–ˆâ–ˆâ–ˆâ–ˆâ–ˆâ– | 114095/138493 [02:07<00:28, 869.53it/s]
 82%|â–ˆâ–ˆâ–ˆâ–ˆâ–ˆâ–ˆâ–ˆâ–ˆâ– | 114192/138493 [02:07<00:27, 897.99it/s]
 83%|â–ˆâ–ˆâ–ˆâ–ˆâ–ˆâ–ˆâ–ˆâ–ˆâ–Ž | 114293/138493 [02:08<00:26, 929.67it/s]
 83%|â–ˆâ–ˆâ–ˆâ–ˆâ–ˆâ–ˆâ–ˆâ–ˆâ–Ž | 114405/138493 [02:08<00:24, 984.71it/s]
 83%|â–ˆâ–ˆâ–ˆâ–ˆâ–ˆâ–ˆâ–ˆâ–ˆâ–Ž | 114504/138493 [02:08<00:26, 919.81it/s]
 83%|â–ˆâ–ˆâ–ˆâ–ˆâ–ˆâ–ˆâ–ˆâ–ˆâ–Ž | 114598/138493 [02:08<00:25, 920.36it/s]
 83%|â–ˆâ–ˆâ–ˆâ–ˆâ–ˆâ–ˆâ–ˆâ–ˆâ–Ž | 114694/138493 [02:08<00:25, 929.91it/s]
 83%|â–ˆâ–ˆâ–ˆâ–ˆâ–ˆâ–ˆâ–ˆâ–ˆâ–Ž | 114788/138493 [02:08<00:25, 930.79it/s]
 83%|â–ˆâ–ˆâ–ˆâ–ˆâ–ˆâ–ˆâ–ˆâ–ˆâ–Ž | 114898/138493 [02:08<00:24, 966.88it/s]
 83%|â–ˆâ–ˆâ–ˆâ–ˆâ–ˆâ–ˆâ–ˆâ–ˆâ–Ž | 114997/138493 [02:08<00:24, 972.43it/s]
 83%|â–ˆâ–ˆâ–ˆâ–ˆâ–ˆâ–ˆâ–ˆâ–ˆâ–Ž | 115095/138493 [02:08<00:24, 967.65it/s]
 83%|â–ˆâ–ˆâ–ˆâ–ˆâ–ˆâ–ˆâ–ˆâ–ˆâ–Ž | 115196/138493 [02:09<00:23, 979.39it/s]
 83%|â–ˆâ–ˆâ–ˆâ–ˆâ–ˆâ–ˆâ–ˆâ–ˆâ–Ž | 115295/138493 [02:09<00:24, 952.49it/s]
 83%|â–ˆâ–ˆâ–ˆâ–ˆâ–ˆâ–ˆâ–ˆâ–ˆâ–Ž | 115391/138493 [02:09<00:25, 921.44it/s]
 83%|â–ˆâ–ˆâ–ˆâ–ˆâ–ˆâ–ˆâ–ˆâ–ˆâ–Ž | 115484/138493 [02:09<00:25, 889.08it/s]
 83%|â–ˆâ–ˆâ–ˆâ–ˆâ–ˆâ–ˆâ–ˆâ–ˆâ–Ž | 115574/138493 [02:09<00:26, 881.00it/s]
 84%|â–ˆâ–ˆâ–ˆâ–ˆâ–ˆâ–ˆâ–ˆâ–ˆâ–Ž | 115663/138493 [02:09<00:27, 845.10it/s]
 84%|â–ˆâ–ˆâ–ˆâ–ˆâ–ˆâ–ˆâ–ˆâ–ˆâ–Ž | 115763/138493 [02:09<00:25, 888.22it/s]
 84%|â–ˆâ–ˆâ–ˆâ–ˆâ–ˆâ–ˆâ–ˆâ–ˆâ–Ž | 115853/138493 [02:09<00:28, 803.86it/s]
 84%|â–ˆâ–ˆâ–ˆâ–ˆâ–ˆâ–ˆâ–ˆâ–ˆâ–Ž | 115948/138493 [02:09<00:26, 842.84it/s]
 84%|â–ˆâ–ˆâ–ˆâ–ˆâ–ˆâ–ˆâ–ˆâ–ˆâ– | 116044/138493 [02:10<00:25, 871.46it/s]
 84%|â–ˆâ–ˆâ–ˆâ–ˆâ–ˆâ–ˆâ–ˆâ–ˆâ– | 116133/138493 [02:10<00:25, 866.77it/s]
 84%|â–ˆâ–ˆâ–ˆâ–ˆâ–ˆâ–ˆâ–ˆâ–ˆâ– | 116221/138493 [02:10<00:26, 835.94it/s]
 84%|â–ˆâ–ˆâ–ˆâ–ˆâ–ˆâ–ˆâ–ˆâ–ˆâ– | 116306/138493 [02:10<00:28, 785.17it/s]
 84%|â–ˆâ–ˆâ–ˆâ–ˆâ–ˆâ–ˆâ–ˆâ–ˆâ– | 116386/138493 [02:10<00:28, 785.64it/s]
 84%|â–ˆâ–ˆâ–ˆâ–ˆâ–ˆâ–ˆâ–ˆâ–ˆâ– | 116480/138493 [02:10<00:26, 828.78it/s]
 84%|â–ˆâ–ˆâ–ˆâ–ˆâ–ˆâ–ˆâ–ˆâ–ˆâ– | 116564/138493 [02:10<00:26, 815.45it/s]
 84%|â–ˆâ–ˆâ–ˆâ–ˆâ–ˆâ–ˆâ–ˆâ–ˆâ– | 116650/138493 [02:10<00:26, 827.77it/s]
 84%|â–ˆâ–ˆâ–ˆâ–ˆâ–ˆâ–ˆâ–ˆâ–ˆâ– | 116757/138493 [02:10<00:24, 895.79it/s]
 84%|â–ˆâ–ˆâ–ˆâ–ˆâ–ˆâ–ˆâ–ˆâ–ˆâ– | 116871/138493 [02:10<00:22, 965.72it/s]
 84%|â–ˆâ–ˆâ–ˆâ–ˆâ–ˆâ–ˆâ–ˆâ–ˆâ– | 116969/138493 [02:11<00:22, 967.19it/s]
 85%|â–ˆâ–ˆâ–ˆâ–ˆâ–ˆâ–ˆâ–ˆâ–ˆâ– | 117067/138493 [02:11<00:22, 939.25it/s]
 85%|â–ˆâ–ˆâ–ˆâ–ˆâ–ˆâ–ˆâ–ˆâ–ˆâ– | 117162/138493 [02:11<00:23, 904.70it/s]
 85%|â–ˆâ–ˆâ–ˆâ–ˆâ–ˆâ–ˆâ–ˆâ–ˆâ– | 117254/138493 [02:11<00:23, 908.65it/s]
 85%|â–ˆâ–ˆâ–ˆâ–ˆâ–ˆâ–ˆâ–ˆâ–ˆâ– | 117346/138493 [02:11<00:24, 851.40it/s]
 85%|â–ˆâ–ˆâ–ˆâ–ˆâ–ˆâ–ˆâ–ˆâ–ˆâ– | 117435/138493 [02:11<00:24, 859.69it/s]
 85%|â–ˆâ–ˆâ–ˆâ–ˆâ–ˆâ–ˆâ–ˆâ–ˆâ– | 117529/138493 [02:11<00:23, 882.38it/s]
 85%|â–ˆâ–ˆâ–ˆâ–ˆâ–ˆâ–ˆâ–ˆâ–ˆâ– | 117626/138493 [02:11<00:23, 905.38it/s]
 85%|â–ˆâ–ˆâ–ˆâ–ˆâ–ˆâ–ˆâ–ˆâ–ˆâ– | 117718/138493 [02:11<00:24, 848.75it/s]
 85%|â–ˆâ–ˆâ–ˆâ–ˆâ–ˆâ–ˆâ–ˆâ–ˆâ–Œ | 117822/138493 [02:12<00:22, 899.23it/s]
 85%|â–ˆâ–ˆâ–ˆâ–ˆâ–ˆâ–ˆâ–ˆâ–ˆâ–Œ | 117913/138493 [02:12<00:23, 870.07it/s]
 85%|â–ˆâ–ˆâ–ˆâ–ˆâ–ˆâ–ˆâ–ˆâ–ˆâ–Œ | 118001/138493 [02:12<00:23, 857.55it/s]
 85%|â–ˆâ–ˆâ–ˆâ–ˆâ–ˆâ–ˆâ–ˆâ–ˆâ–Œ | 118094/138493 [02:12<00:23, 876.05it/s]
 85%|â–ˆâ–ˆâ–ˆâ–ˆâ–ˆâ–ˆâ–ˆâ–ˆâ–Œ | 118186/138493 [02:12<00:22, 888.54it/s]
 85%|â–ˆâ–ˆâ–ˆâ–ˆâ–ˆâ–ˆâ–ˆâ–ˆâ–Œ | 118276/138493 [02:12<00:25, 800.23it/s]
 85%|â–ˆâ–ˆâ–ˆâ–ˆâ–ˆâ–ˆâ–ˆâ–ˆâ–Œ | 118376/138493 [02:12<00:23, 853.96it/s]
 86%|â–ˆâ–ˆâ–ˆâ–ˆâ–ˆâ–ˆâ–ˆâ–ˆâ–Œ | 118474/138493 [02:12<00:22, 888.57it/s]
 86%|â–ˆâ–ˆâ–ˆâ–ˆâ–ˆâ–ˆâ–ˆâ–ˆâ–Œ | 118569/138493 [02:12<00:22, 905.59it/s]
 86%|â–ˆâ–ˆâ–ˆâ–ˆâ–ˆâ–ˆâ–ˆâ–ˆâ–Œ | 118674/138493 [02:13<00:20, 947.31it/s]
 86%|â–ˆâ–ˆâ–ˆâ–ˆâ–ˆâ–ˆâ–ˆâ–ˆâ–Œ | 118777/138493 [02:13<00:20, 965.04it/s]
 86%|â–ˆâ–ˆâ–ˆâ–ˆâ–ˆâ–ˆâ–ˆâ–ˆâ–Œ | 118875/138493 [02:13<00:20, 965.25it/s]
 86%|â–ˆâ–ˆâ–ˆâ–ˆâ–ˆâ–ˆâ–ˆâ–ˆâ–Œ | 118973/138493 [02:13<00:20, 955.78it/s]
 86%|â–ˆâ–ˆâ–ˆâ–ˆâ–ˆâ–ˆâ–ˆâ–ˆâ–Œ | 119069/138493 [02:13<00:21, 904.50it/s]
 86%|â–ˆâ–ˆâ–ˆâ–ˆâ–ˆâ–ˆâ–ˆâ–ˆâ–Œ | 119161/138493 [02:13<00:21, 893.42it/s]
 86%|â–ˆâ–ˆâ–ˆâ–ˆâ–ˆâ–ˆâ–ˆâ–ˆâ–Œ | 119251/138493 [02:13<00:22, 866.07it/s]
 86%|â–ˆâ–ˆâ–ˆâ–ˆâ–ˆâ–ˆâ–ˆâ–ˆâ–Œ | 119339/138493 [02:13<00:23, 816.20it/s]
 86%|â–ˆâ–ˆâ–ˆâ–ˆâ–ˆâ–ˆâ–ˆâ–ˆâ–Œ | 119422/138493 [02:13<00:24, 792.96it/s]
 86%|â–ˆâ–ˆâ–ˆâ–ˆâ–ˆâ–ˆâ–ˆâ–ˆâ–‹ | 119502/138493 [02:14<00:24, 759.69it/s]
 86%|â–ˆâ–ˆâ–ˆâ–ˆâ–ˆâ–ˆâ–ˆâ–ˆâ–‹ | 119585/138493 [02:14<00:24, 778.66it/s]
 86%|â–ˆâ–ˆâ–ˆâ–ˆâ–ˆâ–ˆâ–ˆâ–ˆâ–‹ | 119677/138493 [02:14<00:23, 816.14it/s]
 86%|â–ˆâ–ˆâ–ˆâ–ˆâ–ˆâ–ˆâ–ˆâ–ˆâ–‹ | 119776/138493 [02:14<00:21, 861.57it/s]
 87%|â–ˆâ–ˆâ–ˆâ–ˆâ–ˆâ–ˆâ–ˆâ–ˆâ–‹ | 119870/138493 [02:14<00:21, 883.41it/s]
 87%|â–ˆâ–ˆâ–ˆâ–ˆâ–ˆâ–ˆâ–ˆâ–ˆâ–‹ | 119978/138493 [02:14<00:19, 940.09it/s]
 87%|â–ˆâ–ˆâ–ˆâ–ˆâ–ˆâ–ˆâ–ˆâ–ˆâ–‹ | 120074/138493 [02:14<00:19, 945.40it/s]
 87%|â–ˆâ–ˆâ–ˆâ–ˆâ–ˆâ–ˆâ–ˆâ–ˆâ–‹ | 120170/138493 [02:14<00:19, 948.10it/s]
 87%|â–ˆâ–ˆâ–ˆâ–ˆâ–ˆâ–ˆâ–ˆâ–ˆâ–‹ | 120274/138493 [02:14<00:18, 974.00it/s]
 87%|â–ˆâ–ˆâ–ˆâ–ˆâ–ˆâ–ˆâ–ˆâ–ˆâ–‹ | 120372/138493 [02:14<00:18, 971.63it/s]
 87%|â–ˆâ–ˆâ–ˆâ–ˆâ–ˆâ–ˆâ–ˆâ–ˆâ–‹ | 120470/138493 [02:15<00:19, 946.17it/s]
 87%|â–ˆâ–ˆâ–ˆâ–ˆâ–ˆâ–ˆâ–ˆâ–ˆâ–‹ | 120572/138493 [02:15<00:18, 956.83it/s]
 87%|â–ˆâ–ˆâ–ˆâ–ˆâ–ˆâ–ˆâ–ˆâ–ˆâ–‹ | 120668/138493 [02:15<00:19, 932.76it/s]
 87%|â–ˆâ–ˆâ–ˆâ–ˆâ–ˆâ–ˆâ–ˆâ–ˆâ–‹ | 120762/138493 [02:15<00:19, 932.38it/s]
 87%|â–ˆâ–ˆâ–ˆâ–ˆâ–ˆâ–ˆâ–ˆâ–ˆâ–‹ | 120856/138493 [02:15<00:19, 922.38it/s]
 87%|â–ˆâ–ˆâ–ˆâ–ˆâ–ˆâ–ˆâ–ˆâ–ˆâ–‹ | 120949/138493 [02:15<00:19, 896.02it/s]
 87%|â–ˆâ–ˆâ–ˆâ–ˆâ–ˆâ–ˆâ–ˆâ–ˆâ–‹ | 121050/138493 [02:15<00:18, 926.97it/s]
 87%|â–ˆâ–ˆâ–ˆâ–ˆâ–ˆâ–ˆâ–ˆâ–ˆâ–‹ | 121162/138493 [02:15<00:17, 982.33it/s]
 88%|â–ˆâ–ˆâ–ˆâ–ˆâ–ˆâ–ˆâ–ˆâ–ˆâ–Š | 121277/138493 [02:15<00:16, 1030.42it/s]
 88%|â–ˆâ–ˆâ–ˆâ–ˆâ–ˆâ–ˆâ–ˆâ–ˆâ–Š | 121381/138493 [02:15<00:16, 1006.64it/s]
 88%|â–ˆâ–ˆâ–ˆâ–ˆâ–ˆâ–ˆâ–ˆâ–ˆâ–Š | 121483/138493 [02:16<00:16, 1006.80it/s]
 88%|â–ˆâ–ˆâ–ˆâ–ˆâ–ˆâ–ˆâ–ˆâ–ˆâ–Š | 121584/138493 [02:16<00:18, 908.92it/s] 
 88%|â–ˆâ–ˆâ–ˆâ–ˆâ–ˆâ–ˆâ–ˆâ–ˆâ–Š | 121677/138493 [02:16<00:18, 908.22it/s]
 88%|â–ˆâ–ˆâ–ˆâ–ˆâ–ˆâ–ˆâ–ˆâ–ˆâ–Š | 121770/138493 [02:16<00:18, 889.32it/s]
 88%|â–ˆâ–ˆâ–ˆâ–ˆâ–ˆâ–ˆâ–ˆâ–ˆâ–Š | 121870/138493 [02:16<00:18, 909.21it/s]
 88%|â–ˆâ–ˆâ–ˆâ–ˆâ–ˆâ–ˆâ–ˆâ–ˆâ–Š | 121962/138493 [02:16<00:18, 910.71it/s]
 88%|â–ˆâ–ˆâ–ˆâ–ˆâ–ˆâ–ˆâ–ˆâ–ˆâ–Š | 122054/138493 [02:16<00:18, 906.70it/s]
 88%|â–ˆâ–ˆâ–ˆâ–ˆâ–ˆâ–ˆâ–ˆâ–ˆâ–Š | 122146/138493 [02:16<00:18, 905.61it/s]
 88%|â–ˆâ–ˆâ–ˆâ–ˆâ–ˆâ–ˆâ–ˆâ–ˆâ–Š | 122237/138493 [02:16<00:18, 900.12it/s]
 88%|â–ˆâ–ˆâ–ˆâ–ˆâ–ˆâ–ˆâ–ˆâ–ˆâ–Š | 122328/138493 [02:17<00:18, 888.57it/s]
 88%|â–ˆâ–ˆâ–ˆâ–ˆâ–ˆâ–ˆâ–ˆâ–ˆâ–Š | 122417/138493 [02:17<00:18, 856.34it/s]
 88%|â–ˆâ–ˆâ–ˆâ–ˆâ–ˆâ–ˆâ–ˆâ–ˆâ–Š | 122510/138493 [02:17<00:18, 869.99it/s]
 89%|â–ˆâ–ˆâ–ˆâ–ˆâ–ˆâ–ˆâ–ˆâ–ˆâ–Š | 122598/138493 [02:17<00:19, 824.47it/s]
 89%|â–ˆâ–ˆâ–ˆâ–ˆâ–ˆâ–ˆâ–ˆâ–ˆâ–Š | 122684/138493 [02:17<00:18, 834.32it/s]
 89%|â–ˆâ–ˆâ–ˆâ–ˆâ–ˆâ–ˆâ–ˆâ–ˆâ–Š | 122770/138493 [02:17<00:18, 841.18it/s]
 89%|â–ˆâ–ˆâ–ˆâ–ˆâ–ˆâ–ˆâ–ˆâ–ˆâ–Š | 122860/138493 [02:17<00:18, 856.80it/s]
 89%|â–ˆâ–ˆâ–ˆâ–ˆâ–ˆâ–ˆâ–ˆâ–ˆâ–‰ | 122960/138493 [02:17<00:17, 896.71it/s]
 89%|â–ˆâ–ˆâ–ˆâ–ˆâ–ˆâ–ˆâ–ˆâ–ˆâ–‰ | 123050/138493 [02:17<00:17, 869.87it/s]
 89%|â–ˆâ–ˆâ–ˆâ–ˆâ–ˆâ–ˆâ–ˆâ–ˆâ–‰ | 123162/138493 [02:17<00:16, 941.07it/s]
 89%|â–ˆâ–ˆâ–ˆâ–ˆâ–ˆâ–ˆâ–ˆâ–ˆâ–‰ | 123267/138493 [02:18<00:15, 972.54it/s]
 89%|â–ˆâ–ˆâ–ˆâ–ˆâ–ˆâ–ˆâ–ˆâ–ˆâ–‰ | 123365/138493 [02:18<00:16, 908.09it/s]
 89%|â–ˆâ–ˆâ–ˆâ–ˆâ–ˆâ–ˆâ–ˆâ–ˆâ–‰ | 123466/138493 [02:18<00:16, 932.96it/s]
 89%|â–ˆâ–ˆâ–ˆâ–ˆâ–ˆâ–ˆâ–ˆâ–ˆâ–‰ | 123571/138493 [02:18<00:15, 964.37it/s]
 89%|â–ˆâ–ˆâ–ˆâ–ˆâ–ˆâ–ˆâ–ˆâ–ˆâ–‰ | 123669/138493 [02:18<00:15, 935.50it/s]
 89%|â–ˆâ–ˆâ–ˆâ–ˆâ–ˆâ–ˆâ–ˆâ–ˆâ–‰ | 123764/138493 [02:18<00:16, 911.48it/s]
 89%|â–ˆâ–ˆâ–ˆâ–ˆâ–ˆâ–ˆâ–ˆâ–ˆâ–‰ | 123868/138493 [02:18<00:15, 947.07it/s]
 90%|â–ˆâ–ˆâ–ˆâ–ˆâ–ˆâ–ˆâ–ˆâ–ˆâ–‰ | 123964/138493 [02:18<00:15, 946.40it/s]
 90%|â–ˆâ–ˆâ–ˆâ–ˆâ–ˆâ–ˆâ–ˆâ–ˆâ–‰ | 124072/138493 [02:18<00:14, 984.75it/s]
 90%|â–ˆâ–ˆâ–ˆâ–ˆâ–ˆâ–ˆâ–ˆâ–ˆâ–‰ | 124171/138493 [02:19<00:15, 947.16it/s]
 90%|â–ˆâ–ˆâ–ˆâ–ˆâ–ˆâ–ˆâ–ˆâ–ˆâ–‰ | 124267/138493 [02:19<00:15, 935.93it/s]
 90%|â–ˆâ–ˆâ–ˆâ–ˆâ–ˆâ–ˆâ–ˆâ–ˆâ–‰ | 124361/138493 [02:19<00:15, 919.35it/s]
 90%|â–ˆâ–ˆâ–ˆâ–ˆâ–ˆâ–ˆâ–ˆâ–ˆâ–‰ | 124460/138493 [02:19<00:15, 931.67it/s]
 90%|â–ˆâ–ˆâ–ˆâ–ˆâ–ˆâ–ˆâ–ˆâ–ˆâ–‰ | 124564/138493 [02:19<00:14, 961.04it/s]
 90%|â–ˆâ–ˆâ–ˆâ–ˆâ–ˆâ–ˆâ–ˆâ–ˆâ–ˆ | 124664/138493 [02:19<00:14, 971.65it/s]
 90%|â–ˆâ–ˆâ–ˆâ–ˆâ–ˆâ–ˆâ–ˆâ–ˆâ–ˆ | 124762/138493 [02:19<00:14, 964.59it/s]
 90%|â–ˆâ–ˆâ–ˆâ–ˆâ–ˆâ–ˆâ–ˆâ–ˆâ–ˆ | 124859/138493 [02:19<00:14, 937.85it/s]
 90%|â–ˆâ–ˆâ–ˆâ–ˆâ–ˆâ–ˆâ–ˆâ–ˆâ–ˆ | 124963/138493 [02:19<00:14, 959.71it/s]
 90%|â–ˆâ–ˆâ–ˆâ–ˆâ–ˆâ–ˆâ–ˆâ–ˆâ–ˆ | 125060/138493 [02:20<00:14, 946.21it/s]
 90%|â–ˆâ–ˆâ–ˆâ–ˆâ–ˆâ–ˆâ–ˆâ–ˆâ–ˆ | 125161/138493 [02:20<00:13, 964.52it/s]
 90%|â–ˆâ–ˆâ–ˆâ–ˆâ–ˆâ–ˆâ–ˆâ–ˆâ–ˆ | 125258/138493 [02:20<00:14, 942.63it/s]
 91%|â–ˆâ–ˆâ–ˆâ–ˆâ–ˆâ–ˆâ–ˆâ–ˆâ–ˆ | 125353/138493 [02:20<00:13, 938.88it/s]
 91%|â–ˆâ–ˆâ–ˆâ–ˆâ–ˆâ–ˆâ–ˆâ–ˆâ–ˆ | 125455/138493 [02:20<00:13, 962.48it/s]
 91%|â–ˆâ–ˆâ–ˆâ–ˆâ–ˆâ–ˆâ–ˆâ–ˆâ–ˆ | 125552/138493 [02:20<00:14, 913.55it/s]
 91%|â–ˆâ–ˆâ–ˆâ–ˆâ–ˆâ–ˆâ–ˆâ–ˆâ–ˆ | 125644/138493 [02:20<00:15, 854.87it/s]
 91%|â–ˆâ–ˆâ–ˆâ–ˆâ–ˆâ–ˆâ–ˆâ–ˆâ–ˆ | 125731/138493 [02:20<00:15, 820.67it/s]
 91%|â–ˆâ–ˆâ–ˆâ–ˆâ–ˆâ–ˆâ–ˆâ–ˆâ–ˆ | 125814/138493 [02:20<00:15, 810.49it/s]
 91%|â–ˆâ–ˆâ–ˆâ–ˆâ–ˆâ–ˆâ–ˆâ–ˆâ–ˆ | 125903/138493 [02:20<00:15, 831.34it/s]
 91%|â–ˆâ–ˆâ–ˆâ–ˆâ–ˆâ–ˆâ–ˆâ–ˆâ–ˆ | 125992/138493 [02:21<00:14, 847.17it/s]
 91%|â–ˆâ–ˆâ–ˆâ–ˆâ–ˆâ–ˆâ–ˆâ–ˆâ–ˆ | 126092/138493 [02:21<00:13, 890.10it/s]
 91%|â–ˆâ–ˆâ–ˆâ–ˆâ–ˆâ–ˆâ–ˆâ–ˆâ–ˆ | 126191/138493 [02:21<00:13, 915.93it/s]
 91%|â–ˆâ–ˆâ–ˆâ–ˆâ–ˆâ–ˆâ–ˆâ–ˆâ–ˆ | 126294/138493 [02:21<00:12, 948.63it/s]
 91%|â–ˆâ–ˆâ–ˆâ–ˆâ–ˆâ–ˆâ–ˆâ–ˆâ–ˆâ–| 126406/138493 [02:21<00:12, 998.83it/s]
 91%|â–ˆâ–ˆâ–ˆâ–ˆâ–ˆâ–ˆâ–ˆâ–ˆâ–ˆâ–| 126507/138493 [02:21<00:12, 997.37it/s]
 91%|â–ˆâ–ˆâ–ˆâ–ˆâ–ˆâ–ˆâ–ˆâ–ˆâ–ˆâ–| 126607/138493 [02:21<00:12, 974.55it/s]
 91%|â–ˆâ–ˆâ–ˆâ–ˆâ–ˆâ–ˆâ–ˆâ–ˆâ–ˆâ–| 126705/138493 [02:21<00:12, 954.80it/s]
 92%|â–ˆâ–ˆâ–ˆâ–ˆâ–ˆâ–ˆâ–ˆâ–ˆâ–ˆâ–| 126808/138493 [02:21<00:11, 975.56it/s]
 92%|â–ˆâ–ˆâ–ˆâ–ˆâ–ˆâ–ˆâ–ˆâ–ˆâ–ˆâ–| 126913/138493 [02:22<00:11, 995.40it/s]
 92%|â–ˆâ–ˆâ–ˆâ–ˆâ–ˆâ–ˆâ–ˆâ–ˆâ–ˆâ–| 127013/138493 [02:22<00:12, 953.08it/s]
 92%|â–ˆâ–ˆâ–ˆâ–ˆâ–ˆâ–ˆâ–ˆâ–ˆâ–ˆâ–| 127117/138493 [02:22<00:11, 977.62it/s]
 92%|â–ˆâ–ˆâ–ˆâ–ˆâ–ˆâ–ˆâ–ˆâ–ˆâ–ˆâ–| 127216/138493 [02:22<00:11, 978.14it/s]
 92%|â–ˆâ–ˆâ–ˆâ–ˆâ–ˆâ–ˆâ–ˆâ–ˆâ–ˆâ–| 127315/138493 [02:22<00:11, 952.42it/s]
 92%|â–ˆâ–ˆâ–ˆâ–ˆâ–ˆâ–ˆâ–ˆâ–ˆâ–ˆâ–| 127415/138493 [02:22<00:11, 965.76it/s]
 92%|â–ˆâ–ˆâ–ˆâ–ˆâ–ˆâ–ˆâ–ˆâ–ˆâ–ˆâ–| 127512/138493 [02:22<00:11, 930.56it/s]
 92%|â–ˆâ–ˆâ–ˆâ–ˆâ–ˆâ–ˆâ–ˆâ–ˆâ–ˆâ–| 127606/138493 [02:22<00:11, 924.41it/s]
 92%|â–ˆâ–ˆâ–ˆâ–ˆâ–ˆâ–ˆâ–ˆâ–ˆâ–ˆâ–| 127710/138493 [02:22<00:11, 957.55it/s]
 92%|â–ˆâ–ˆâ–ˆâ–ˆâ–ˆâ–ˆâ–ˆâ–ˆâ–ˆâ–| 127807/138493 [02:22<00:11, 930.65it/s]
 92%|â–ˆâ–ˆâ–ˆâ–ˆâ–ˆâ–ˆâ–ˆâ–ˆâ–ˆâ–| 127901/138493 [02:23<00:11, 889.16it/s]
 92%|â–ˆâ–ˆâ–ˆâ–ˆâ–ˆâ–ˆâ–ˆâ–ˆâ–ˆâ–| 127992/138493 [02:23<00:11, 894.89it/s]
 92%|â–ˆâ–ˆâ–ˆâ–ˆâ–ˆâ–ˆâ–ˆâ–ˆâ–ˆâ–| 128082/138493 [02:23<00:12, 864.55it/s]
 93%|â–ˆâ–ˆâ–ˆâ–ˆâ–ˆâ–ˆâ–ˆâ–ˆâ–ˆâ–Ž| 128182/138493 [02:23<00:11, 900.14it/s]
 93%|â–ˆâ–ˆâ–ˆâ–ˆâ–ˆâ–ˆâ–ˆâ–ˆâ–ˆâ–Ž| 128273/138493 [02:23<00:11, 861.90it/s]
 93%|â–ˆâ–ˆâ–ˆâ–ˆâ–ˆâ–ˆâ–ˆâ–ˆâ–ˆâ–Ž| 128360/138493 [02:23<00:12, 832.36it/s]
 93%|â–ˆâ–ˆâ–ˆâ–ˆâ–ˆâ–ˆâ–ˆâ–ˆâ–ˆâ–Ž| 128455/138493 [02:23<00:11, 861.54it/s]
 93%|â–ˆâ–ˆâ–ˆâ–ˆâ–ˆâ–ˆâ–ˆâ–ˆâ–ˆâ–Ž| 128550/138493 [02:23<00:11, 886.08it/s]
 93%|â–ˆâ–ˆâ–ˆâ–ˆâ–ˆâ–ˆâ–ˆâ–ˆâ–ˆâ–Ž| 128646/138493 [02:23<00:10, 907.37it/s]
 93%|â–ˆâ–ˆâ–ˆâ–ˆâ–ˆâ–ˆâ–ˆâ–ˆâ–ˆâ–Ž| 128745/138493 [02:24<00:10, 930.09it/s]
 93%|â–ˆâ–ˆâ–ˆâ–ˆâ–ˆâ–ˆâ–ˆâ–ˆâ–ˆâ–Ž| 128852/138493 [02:24<00:09, 970.38it/s]
 93%|â–ˆâ–ˆâ–ˆâ–ˆâ–ˆâ–ˆâ–ˆâ–ˆâ–ˆâ–Ž| 128957/138493 [02:24<00:09, 990.27it/s]
 93%|â–ˆâ–ˆâ–ˆâ–ˆâ–ˆâ–ˆâ–ˆâ–ˆâ–ˆâ–Ž| 129057/138493 [02:24<00:09, 958.55it/s]
 93%|â–ˆâ–ˆâ–ˆâ–ˆâ–ˆâ–ˆâ–ˆâ–ˆâ–ˆâ–Ž| 129157/138493 [02:24<00:09, 970.29it/s]
 93%|â–ˆâ–ˆâ–ˆâ–ˆâ–ˆâ–ˆâ–ˆâ–ˆâ–ˆâ–Ž| 129255/138493 [02:24<00:09, 955.59it/s]
 93%|â–ˆâ–ˆâ–ˆâ–ˆâ–ˆâ–ˆâ–ˆâ–ˆâ–ˆâ–Ž| 129357/138493 [02:24<00:09, 973.82it/s]
 93%|â–ˆâ–ˆâ–ˆâ–ˆâ–ˆâ–ˆâ–ˆâ–ˆâ–ˆâ–Ž| 129464/138493 [02:24<00:09, 1001.31it/s]
 94%|â–ˆâ–ˆâ–ˆâ–ˆâ–ˆâ–ˆâ–ˆâ–ˆâ–ˆâ–Ž| 129565/138493 [02:24<00:09, 960.42it/s] 
 94%|â–ˆâ–ˆâ–ˆâ–ˆâ–ˆâ–ˆâ–ˆâ–ˆâ–ˆâ–Ž| 129662/138493 [02:24<00:09, 941.62it/s]
 94%|â–ˆâ–ˆâ–ˆâ–ˆâ–ˆâ–ˆâ–ˆâ–ˆâ–ˆâ–Ž| 129762/138493 [02:25<00:09, 957.93it/s]
 94%|â–ˆâ–ˆâ–ˆâ–ˆâ–ˆâ–ˆâ–ˆâ–ˆâ–ˆâ–| 129870/138493 [02:25<00:08, 991.49it/s]
 94%|â–ˆâ–ˆâ–ˆâ–ˆâ–ˆâ–ˆâ–ˆâ–ˆâ–ˆâ–| 129978/138493 [02:25<00:08, 1014.91it/s]
 94%|â–ˆâ–ˆâ–ˆâ–ˆâ–ˆâ–ˆâ–ˆâ–ˆâ–ˆâ–| 130091/138493 [02:25<00:08, 1041.31it/s]
 94%|â–ˆâ–ˆâ–ˆâ–ˆâ–ˆâ–ˆâ–ˆâ–ˆâ–ˆâ–| 130196/138493 [02:25<00:08, 983.18it/s] 
 94%|â–ˆâ–ˆâ–ˆâ–ˆâ–ˆâ–ˆâ–ˆâ–ˆâ–ˆâ–| 130301/138493 [02:25<00:08, 1001.59it/s]
 94%|â–ˆâ–ˆâ–ˆâ–ˆâ–ˆâ–ˆâ–ˆâ–ˆâ–ˆâ–| 130402/138493 [02:25<00:08, 997.98it/s] 
 94%|â–ˆâ–ˆâ–ˆâ–ˆâ–ˆâ–ˆâ–ˆâ–ˆâ–ˆâ–| 130503/138493 [02:25<00:08, 911.30it/s]
 94%|â–ˆâ–ˆâ–ˆâ–ˆâ–ˆâ–ˆâ–ˆâ–ˆâ–ˆâ–| 130598/138493 [02:25<00:08, 920.44it/s]
 94%|â–ˆâ–ˆâ–ˆâ–ˆâ–ˆâ–ˆâ–ˆâ–ˆâ–ˆâ–| 130692/138493 [02:26<00:08, 925.20it/s]
 94%|â–ˆâ–ˆâ–ˆâ–ˆâ–ˆâ–ˆâ–ˆâ–ˆâ–ˆâ–| 130786/138493 [02:26<00:08, 893.60it/s]
 95%|â–ˆâ–ˆâ–ˆâ–ˆâ–ˆâ–ˆâ–ˆâ–ˆâ–ˆâ–| 130877/138493 [02:26<00:08, 871.01it/s]
 95%|â–ˆâ–ˆâ–ˆâ–ˆâ–ˆâ–ˆâ–ˆâ–ˆâ–ˆâ–| 130987/138493 [02:26<00:08, 931.67it/s]
 95%|â–ˆâ–ˆâ–ˆâ–ˆâ–ˆâ–ˆâ–ˆâ–ˆâ–ˆâ–| 131081/138493 [02:26<00:08, 922.79it/s]
 95%|â–ˆâ–ˆâ–ˆâ–ˆâ–ˆâ–ˆâ–ˆâ–ˆâ–ˆâ–| 131180/138493 [02:26<00:07, 931.63it/s]
 95%|â–ˆâ–ˆâ–ˆâ–ˆâ–ˆâ–ˆâ–ˆâ–ˆâ–ˆâ–| 131274/138493 [02:26<00:07, 933.54it/s]
 95%|â–ˆâ–ˆâ–ˆâ–ˆâ–ˆâ–ˆâ–ˆâ–ˆâ–ˆâ–| 131368/138493 [02:26<00:08, 888.42it/s]
 95%|â–ˆâ–ˆâ–ˆâ–ˆâ–ˆâ–ˆâ–ˆâ–ˆâ–ˆâ–| 131467/138493 [02:26<00:07, 911.53it/s]
 95%|â–ˆâ–ˆâ–ˆâ–ˆâ–ˆâ–ˆâ–ˆâ–ˆâ–ˆâ–| 131559/138493 [02:26<00:07, 901.95it/s]
 95%|â–ˆâ–ˆâ–ˆâ–ˆâ–ˆâ–ˆâ–ˆâ–ˆâ–ˆâ–Œ| 131650/138493 [02:27<00:07, 892.82it/s]
 95%|â–ˆâ–ˆâ–ˆâ–ˆâ–ˆâ–ˆâ–ˆâ–ˆâ–ˆâ–Œ| 131740/138493 [02:27<00:07, 853.07it/s]
 95%|â–ˆâ–ˆâ–ˆâ–ˆâ–ˆâ–ˆâ–ˆâ–ˆâ–ˆâ–Œ| 131826/138493 [02:27<00:07, 838.84it/s]
 95%|â–ˆâ–ˆâ–ˆâ–ˆâ–ˆâ–ˆâ–ˆâ–ˆâ–ˆâ–Œ| 131911/138493 [02:27<00:08, 759.58it/s]
 95%|â–ˆâ–ˆâ–ˆâ–ˆâ–ˆâ–ˆâ–ˆâ–ˆâ–ˆâ–Œ| 131990/138493 [02:27<00:08, 767.31it/s]
 95%|â–ˆâ–ˆâ–ˆâ–ˆâ–ˆâ–ˆâ–ˆâ–ˆâ–ˆâ–Œ| 132076/138493 [02:27<00:08, 789.76it/s]
 95%|â–ˆâ–ˆâ–ˆâ–ˆâ–ˆâ–ˆâ–ˆâ–ˆâ–ˆâ–Œ| 132167/138493 [02:27<00:07, 821.19it/s]
 95%|â–ˆâ–ˆâ–ˆâ–ˆâ–ˆâ–ˆâ–ˆâ–ˆâ–ˆâ–Œ| 132258/138493 [02:27<00:07, 845.57it/s]
 96%|â–ˆâ–ˆâ–ˆâ–ˆâ–ˆâ–ˆâ–ˆâ–ˆâ–ˆâ–Œ| 132354/138493 [02:27<00:06, 878.27it/s]
 96%|â–ˆâ–ˆâ–ˆâ–ˆâ–ˆâ–ˆâ–ˆâ–ˆâ–ˆâ–Œ| 132446/138493 [02:28<00:06, 889.84it/s]
 96%|â–ˆâ–ˆâ–ˆâ–ˆâ–ˆâ–ˆâ–ˆâ–ˆâ–ˆâ–Œ| 132549/138493 [02:28<00:06, 929.87it/s]
 96%|â–ˆâ–ˆâ–ˆâ–ˆâ–ˆâ–ˆâ–ˆâ–ˆâ–ˆâ–Œ| 132643/138493 [02:28<00:06, 889.36it/s]
 96%|â–ˆâ–ˆâ–ˆâ–ˆâ–ˆâ–ˆâ–ˆâ–ˆâ–ˆâ–Œ| 132747/138493 [02:28<00:06, 930.02it/s]
 96%|â–ˆâ–ˆâ–ˆâ–ˆâ–ˆâ–ˆâ–ˆâ–ˆâ–ˆâ–Œ| 132848/138493 [02:28<00:05, 953.03it/s]
 96%|â–ˆâ–ˆâ–ˆâ–ˆâ–ˆâ–ˆâ–ˆâ–ˆâ–ˆâ–Œ| 132947/138493 [02:28<00:05, 953.14it/s]
 96%|â–ˆâ–ˆâ–ˆâ–ˆâ–ˆâ–ˆâ–ˆâ–ˆâ–ˆâ–Œ| 133047/138493 [02:28<00:05, 964.28it/s]
 96%|â–ˆâ–ˆâ–ˆâ–ˆâ–ˆâ–ˆâ–ˆâ–ˆâ–ˆâ–Œ| 133144/138493 [02:28<00:05, 946.51it/s]
 96%|â–ˆâ–ˆâ–ˆâ–ˆâ–ˆâ–ˆâ–ˆâ–ˆâ–ˆâ–Œ| 133248/138493 [02:28<00:05, 973.02it/s]
 96%|â–ˆâ–ˆâ–ˆâ–ˆâ–ˆâ–ˆâ–ˆâ–ˆâ–ˆâ–‹| 133346/138493 [02:28<00:05, 969.40it/s]
 96%|â–ˆâ–ˆâ–ˆâ–ˆâ–ˆâ–ˆâ–ˆâ–ˆâ–ˆâ–‹| 133444/138493 [02:29<00:05, 945.11it/s]
 96%|â–ˆâ–ˆâ–ˆâ–ˆâ–ˆâ–ˆâ–ˆâ–ˆâ–ˆâ–‹| 133539/138493 [02:29<00:05, 929.21it/s]
 96%|â–ˆâ–ˆâ–ˆâ–ˆâ–ˆâ–ˆâ–ˆâ–ˆâ–ˆâ–‹| 133634/138493 [02:29<00:05, 931.07it/s]
 97%|â–ˆâ–ˆâ–ˆâ–ˆâ–ˆâ–ˆâ–ˆâ–ˆâ–ˆâ–‹| 133728/138493 [02:29<00:05, 887.35it/s]
 97%|â–ˆâ–ˆâ–ˆâ–ˆâ–ˆâ–ˆâ–ˆâ–ˆâ–ˆâ–‹| 133818/138493 [02:29<00:05, 886.14it/s]
 97%|â–ˆâ–ˆâ–ˆâ–ˆâ–ˆâ–ˆâ–ˆâ–ˆâ–ˆâ–‹| 133907/138493 [02:29<00:05, 877.25it/s]
 97%|â–ˆâ–ˆâ–ˆâ–ˆâ–ˆâ–ˆâ–ˆâ–ˆâ–ˆâ–‹| 133995/138493 [02:29<00:05, 873.24it/s]
 97%|â–ˆâ–ˆâ–ˆâ–ˆâ–ˆâ–ˆâ–ˆâ–ˆâ–ˆâ–‹| 134083/138493 [02:29<00:05, 853.66it/s]
 97%|â–ˆâ–ˆâ–ˆâ–ˆâ–ˆâ–ˆâ–ˆâ–ˆâ–ˆâ–‹| 134169/138493 [02:29<00:05, 827.67it/s]
 97%|â–ˆâ–ˆâ–ˆâ–ˆâ–ˆâ–ˆâ–ˆâ–ˆâ–ˆâ–‹| 134255/138493 [02:30<00:05, 836.38it/s]
 97%|â–ˆâ–ˆâ–ˆâ–ˆâ–ˆâ–ˆâ–ˆâ–ˆâ–ˆâ–‹| 134339/138493 [02:30<00:04, 834.60it/s]
 97%|â–ˆâ–ˆâ–ˆâ–ˆâ–ˆâ–ˆâ–ˆâ–ˆâ–ˆâ–‹| 134423/138493 [02:30<00:05, 796.97it/s]
 97%|â–ˆâ–ˆâ–ˆâ–ˆâ–ˆâ–ˆâ–ˆâ–ˆâ–ˆâ–‹| 134513/138493 [02:30<00:04, 823.91it/s]
 97%|â–ˆâ–ˆâ–ˆâ–ˆâ–ˆâ–ˆâ–ˆâ–ˆâ–ˆâ–‹| 134601/138493 [02:30<00:04, 839.93it/s]
 97%|â–ˆâ–ˆâ–ˆâ–ˆâ–ˆâ–ˆâ–ˆâ–ˆâ–ˆâ–‹| 134686/138493 [02:30<00:04, 837.56it/s]
 97%|â–ˆâ–ˆâ–ˆâ–ˆâ–ˆâ–ˆâ–ˆâ–ˆâ–ˆâ–‹| 134774/138493 [02:30<00:04, 843.32it/s]
 97%|â–ˆâ–ˆâ–ˆâ–ˆâ–ˆâ–ˆâ–ˆâ–ˆâ–ˆâ–‹| 134859/138493 [02:30<00:04, 816.52it/s]
 97%|â–ˆâ–ˆâ–ˆâ–ˆâ–ˆâ–ˆâ–ˆâ–ˆâ–ˆâ–‹| 134941/138493 [02:30<00:04, 808.90it/s]
 97%|â–ˆâ–ˆâ–ˆâ–ˆâ–ˆâ–ˆâ–ˆâ–ˆâ–ˆâ–‹| 135023/138493 [02:31<00:04, 796.55it/s]
 98%|â–ˆâ–ˆâ–ˆâ–ˆâ–ˆâ–ˆâ–ˆâ–ˆâ–ˆâ–Š| 135103/138493 [02:31<00:04, 777.83it/s]
 98%|â–ˆâ–ˆâ–ˆâ–ˆâ–ˆâ–ˆâ–ˆâ–ˆâ–ˆâ–Š| 135194/138493 [02:31<00:04, 807.52it/s]
 98%|â–ˆâ–ˆâ–ˆâ–ˆâ–ˆâ–ˆâ–ˆâ–ˆâ–ˆâ–Š| 135295/138493 [02:31<00:03, 865.42it/s]
 98%|â–ˆâ–ˆâ–ˆâ–ˆâ–ˆâ–ˆâ–ˆâ–ˆâ–ˆâ–Š| 135400/138493 [02:31<00:03, 918.24it/s]
 98%|â–ˆâ–ˆâ–ˆâ–ˆâ–ˆâ–ˆâ–ˆâ–ˆâ–ˆâ–Š| 135504/138493 [02:31<00:03, 951.92it/s]
 98%|â–ˆâ–ˆâ–ˆâ–ˆâ–ˆâ–ˆâ–ˆâ–ˆâ–ˆâ–Š| 135600/138493 [02:31<00:03, 935.14it/s]
 98%|â–ˆâ–ˆâ–ˆâ–ˆâ–ˆâ–ˆâ–ˆâ–ˆâ–ˆâ–Š| 135703/138493 [02:31<00:02, 956.99it/s]
 98%|â–ˆâ–ˆâ–ˆâ–ˆâ–ˆâ–ˆâ–ˆâ–ˆâ–ˆâ–Š| 135799/138493 [02:31<00:02, 945.14it/s]
 98%|â–ˆâ–ˆâ–ˆâ–ˆâ–ˆâ–ˆâ–ˆâ–ˆâ–ˆâ–Š| 135894/138493 [02:31<00:02, 940.87it/s]
 98%|â–ˆâ–ˆâ–ˆâ–ˆâ–ˆâ–ˆâ–ˆâ–ˆâ–ˆâ–Š| 135993/138493 [02:32<00:02, 950.08it/s]
 98%|â–ˆâ–ˆâ–ˆâ–ˆâ–ˆâ–ˆâ–ˆâ–ˆâ–ˆâ–Š| 136089/138493 [02:32<00:02, 910.40it/s]
 98%|â–ˆâ–ˆâ–ˆâ–ˆâ–ˆâ–ˆâ–ˆâ–ˆâ–ˆâ–Š| 136191/138493 [02:32<00:02, 941.56it/s]
 98%|â–ˆâ–ˆâ–ˆâ–ˆâ–ˆâ–ˆâ–ˆâ–ˆâ–ˆâ–Š| 136286/138493 [02:32<00:02, 916.13it/s]
 98%|â–ˆâ–ˆâ–ˆâ–ˆâ–ˆâ–ˆâ–ˆâ–ˆâ–ˆâ–Š| 136383/138493 [02:32<00:02, 931.10it/s]
 99%|â–ˆâ–ˆâ–ˆâ–ˆâ–ˆâ–ˆâ–ˆâ–ˆâ–ˆâ–Š| 136481/138493 [02:32<00:02, 944.70it/s]
 99%|â–ˆâ–ˆâ–ˆâ–ˆâ–ˆâ–ˆâ–ˆâ–ˆâ–ˆâ–Š| 136576/138493 [02:32<00:02, 930.29it/s]
 99%|â–ˆâ–ˆâ–ˆâ–ˆâ–ˆâ–ˆâ–ˆâ–ˆâ–ˆâ–Š| 136670/138493 [02:32<00:01, 921.40it/s]
 99%|â–ˆâ–ˆâ–ˆâ–ˆâ–ˆâ–ˆâ–ˆâ–ˆâ–ˆâ–‰| 136769/138493 [02:32<00:01, 940.96it/s]
 99%|â–ˆâ–ˆâ–ˆâ–ˆâ–ˆâ–ˆâ–ˆâ–ˆâ–ˆâ–‰| 136872/138493 [02:32<00:01, 962.98it/s]
 99%|â–ˆâ–ˆâ–ˆâ–ˆâ–ˆâ–ˆâ–ˆâ–ˆâ–ˆâ–‰| 136969/138493 [02:33<00:01, 922.81it/s]
 99%|â–ˆâ–ˆâ–ˆâ–ˆâ–ˆâ–ˆâ–ˆâ–ˆâ–ˆâ–‰| 137062/138493 [02:33<00:01, 896.73it/s]
 99%|â–ˆâ–ˆâ–ˆâ–ˆâ–ˆâ–ˆâ–ˆâ–ˆâ–ˆâ–‰| 137170/138493 [02:33<00:01, 947.28it/s]
 99%|â–ˆâ–ˆâ–ˆâ–ˆâ–ˆâ–ˆâ–ˆâ–ˆâ–ˆâ–‰| 137266/138493 [02:33<00:01, 909.45it/s]
 99%|â–ˆâ–ˆâ–ˆâ–ˆâ–ˆâ–ˆâ–ˆâ–ˆâ–ˆâ–‰| 137361/138493 [02:33<00:01, 917.34it/s]
 99%|â–ˆâ–ˆâ–ˆâ–ˆâ–ˆâ–ˆâ–ˆâ–ˆâ–ˆâ–‰| 137460/138493 [02:33<00:01, 937.84it/s]
 99%|â–ˆâ–ˆâ–ˆâ–ˆâ–ˆâ–ˆâ–ˆâ–ˆâ–ˆâ–‰| 137563/138493 [02:33<00:00, 957.96it/s]
 99%|â–ˆâ–ˆâ–ˆâ–ˆâ–ˆâ–ˆâ–ˆâ–ˆâ–ˆâ–‰| 137667/138493 [02:33<00:00, 981.81it/s]
 99%|â–ˆâ–ˆâ–ˆâ–ˆâ–ˆâ–ˆâ–ˆâ–ˆâ–ˆâ–‰| 137766/138493 [02:33<00:00, 968.33it/s]
100%|â–ˆâ–ˆâ–ˆâ–ˆâ–ˆâ–ˆâ–ˆâ–ˆâ–ˆâ–‰| 137864/138493 [02:34<00:00, 948.94it/s]
100%|â–ˆâ–ˆâ–ˆâ–ˆâ–ˆâ–ˆâ–ˆâ–ˆâ–ˆâ–‰| 137960/138493 [02:34<00:00, 892.86it/s]
100%|â–ˆâ–ˆâ–ˆâ–ˆâ–ˆâ–ˆâ–ˆâ–ˆâ–ˆâ–‰| 138051/138493 [02:34<00:00, 890.96it/s]
100%|â–ˆâ–ˆâ–ˆâ–ˆâ–ˆâ–ˆâ–ˆâ–ˆâ–ˆâ–‰| 138141/138493 [02:34<00:00, 866.03it/s]
100%|â–ˆâ–ˆâ–ˆâ–ˆâ–ˆâ–ˆâ–ˆâ–ˆâ–ˆâ–‰| 138228/138493 [02:34<00:00, 818.30it/s]
100%|â–ˆâ–ˆâ–ˆâ–ˆâ–ˆâ–ˆâ–ˆâ–ˆâ–ˆâ–‰| 138321/138493 [02:34<00:00, 847.52it/s]
100%|â–ˆâ–ˆâ–ˆâ–ˆâ–ˆâ–ˆâ–ˆâ–ˆâ–ˆâ–‰| 138419/138493 [02:34<00:00, 882.08it/s]
100%|â–ˆâ–ˆâ–ˆâ–ˆâ–ˆâ–ˆâ–ˆâ–ˆâ–ˆâ–ˆ| 138493/138493 [02:34<00:00, 894.85it/s]
2025-06-01 10:21:34,812 - __main__ - INFO - âœ… movies_matrix.csv gespeichert unter: data/processed/movies_matrix.csv

[2025-06-01T10:21:35.836+0000] {python.py:201} INFO - Done. Returned value was: None
[2025-06-01T10:21:35.854+0000] {taskinstance.py:1138} INFO - Marking task as SUCCESS. dag_id=movie_recommendation_pipeline, task_id=make_dataset, execution_date=20250601T101457, start_date=20250601T101645, end_date=20250601T102135
[2025-06-01T10:21:35.901+0000] {local_task_job_runner.py:234} INFO - Task exited with return code 0
[2025-06-01T10:21:35.950+0000] {taskinstance.py:3280} INFO - 1 downstream tasks scheduled from follow-on schedule check
