[2025-06-08T14:58:52.007+0000] {taskinstance.py:1956} INFO - Dependencies all met for dep_context=non-requeueable deps ti=<TaskInstance: deep_models_pipeline.import_raw_data manual__2025-06-08T14:58:51.190543+00:00 [queued]>
[2025-06-08T14:58:52.014+0000] {taskinstance.py:1956} INFO - Dependencies all met for dep_context=requeueable deps ti=<TaskInstance: deep_models_pipeline.import_raw_data manual__2025-06-08T14:58:51.190543+00:00 [queued]>
[2025-06-08T14:58:52.014+0000] {taskinstance.py:2170} INFO - Starting attempt 1 of 3
[2025-06-08T14:58:52.024+0000] {taskinstance.py:2191} INFO - Executing <Task(PythonOperator): import_raw_data> on 2025-06-08 14:58:51.190543+00:00
[2025-06-08T14:58:52.029+0000] {standard_task_runner.py:60} INFO - Started process 301 to run task
[2025-06-08T14:58:52.032+0000] {standard_task_runner.py:87} INFO - Running: ['***', 'tasks', 'run', 'deep_models_pipeline', 'import_raw_data', 'manual__2025-06-08T14:58:51.190543+00:00', '--job-id', '3081', '--raw', '--subdir', 'DAGS_FOLDER/train_deep_model_dag.py', '--cfg-path', '/tmp/tmps95m8iv9']
[2025-06-08T14:58:52.035+0000] {standard_task_runner.py:88} INFO - Job 3081: Subtask import_raw_data
[2025-06-08T14:58:52.080+0000] {task_command.py:423} INFO - Running <TaskInstance: deep_models_pipeline.import_raw_data manual__2025-06-08T14:58:51.190543+00:00 [running]> on host 1edd6e13d53a
[2025-06-08T14:58:52.156+0000] {taskinstance.py:2480} INFO - Exporting env vars: AIRFLOW_CTX_DAG_OWNER='***' AIRFLOW_CTX_DAG_ID='deep_models_pipeline' AIRFLOW_CTX_TASK_ID='import_raw_data' AIRFLOW_CTX_EXECUTION_DATE='2025-06-08T14:58:51.190543+00:00' AIRFLOW_CTX_TRY_NUMBER='1' AIRFLOW_CTX_DAG_RUN_ID='manual__2025-06-08T14:58:51.190543+00:00'
[2025-06-08T14:58:52.157+0000] {train_deep_model_dag.py:13} INFO - 🟦 Running command: python /opt/***/src/data/import_raw_data.py
[2025-06-08T14:58:52.533+0000] {train_deep_model_dag.py:20} INFO - 🟩 [stdout]:

[2025-06-08T14:58:52.534+0000] {train_deep_model_dag.py:22} WARNING - 🟨 [stderr]:
2025-06-08 14:58:52,513 - root - INFO - ✅ Datei bereits vorhanden, überspringe: genome-scores.csv
2025-06-08 14:58:52,514 - root - INFO - ✅ Datei bereits vorhanden, überspringe: genome-tags.csv
2025-06-08 14:58:52,514 - root - INFO - ✅ Datei bereits vorhanden, überspringe: links.csv
2025-06-08 14:58:52,515 - root - INFO - ✅ Datei bereits vorhanden, überspringe: movies.csv
2025-06-08 14:58:52,516 - root - INFO - ✅ Datei bereits vorhanden, überspringe: ratings.csv
2025-06-08 14:58:52,517 - root - INFO - ✅ Datei bereits vorhanden, überspringe: README.txt
2025-06-08 14:58:52,518 - root - INFO - ✅ Datei bereits vorhanden, überspringe: tags.csv
2025-06-08 14:58:52,518 - root - INFO - ✅ Rohdatenprüfung abgeschlossen.

[2025-06-08T14:58:52.535+0000] {python.py:201} INFO - Done. Returned value was: None
[2025-06-08T14:58:52.544+0000] {taskinstance.py:1138} INFO - Marking task as SUCCESS. dag_id=deep_models_pipeline, task_id=import_raw_data, execution_date=20250608T145851, start_date=20250608T145852, end_date=20250608T145852
[2025-06-08T14:58:52.566+0000] {local_task_job_runner.py:234} INFO - Task exited with return code 0
[2025-06-08T14:58:52.588+0000] {taskinstance.py:3280} INFO - 1 downstream tasks scheduled from follow-on schedule check
