[2025-06-09T01:40:09.783+0000] {taskinstance.py:1956} INFO - Dependencies all met for dep_context=non-requeueable deps ti=<TaskInstance: bento_api_pipeline.bento_train manual__2025-06-09T01:38:05.657345+00:00 [queued]>
[2025-06-09T01:40:09.789+0000] {taskinstance.py:1956} INFO - Dependencies all met for dep_context=requeueable deps ti=<TaskInstance: bento_api_pipeline.bento_train manual__2025-06-09T01:38:05.657345+00:00 [queued]>
[2025-06-09T01:40:09.790+0000] {taskinstance.py:2170} INFO - Starting attempt 2 of 3
[2025-06-09T01:40:09.799+0000] {taskinstance.py:2191} INFO - Executing <Task(PythonOperator): bento_train> on 2025-06-09 01:38:05.657345+00:00
[2025-06-09T01:40:09.805+0000] {standard_task_runner.py:60} INFO - Started process 309 to run task
[2025-06-09T01:40:09.806+0000] {standard_task_runner.py:87} INFO - Running: ['***', 'tasks', 'run', 'bento_api_pipeline', 'bento_train', 'manual__2025-06-09T01:38:05.657345+00:00', '--job-id', '3690', '--raw', '--subdir', 'DAGS_FOLDER/bento_api_pipeline.py', '--cfg-path', '/tmp/tmpu8mhys2h']
[2025-06-09T01:40:09.808+0000] {standard_task_runner.py:88} INFO - Job 3690: Subtask bento_train
[2025-06-09T01:40:09.839+0000] {task_command.py:423} INFO - Running <TaskInstance: bento_api_pipeline.bento_train manual__2025-06-09T01:38:05.657345+00:00 [running]> on host 1382cc130a4b
[2025-06-09T01:40:09.901+0000] {taskinstance.py:2480} INFO - Exporting env vars: AIRFLOW_CTX_DAG_OWNER='***' AIRFLOW_CTX_DAG_ID='bento_api_pipeline' AIRFLOW_CTX_TASK_ID='bento_train' AIRFLOW_CTX_EXECUTION_DATE='2025-06-09T01:38:05.657345+00:00' AIRFLOW_CTX_TRY_NUMBER='2' AIRFLOW_CTX_DAG_RUN_ID='manual__2025-06-09T01:38:05.657345+00:00'
[2025-06-09T01:40:43.629+0000] {local_task_job_runner.py:121} ERROR - Received SIGTERM. Terminating subprocesses
[2025-06-09T01:40:43.634+0000] {process_utils.py:131} INFO - Sending 15 to group 309. PIDs of all processes in the group: [309]
[2025-06-09T01:40:43.635+0000] {process_utils.py:86} INFO - Sending the signal 15 to group 309
[2025-06-09T01:40:43.636+0000] {taskinstance.py:2450} ERROR - Received SIGTERM. Terminating subprocesses.
[2025-06-09T01:40:43.638+0000] {bento_api_pipeline.py:40} ERROR - Fehler im Training-Call: Task received SIGTERM signal
[2025-06-09T01:40:43.652+0000] {taskinstance.py:2698} ERROR - Task failed with exception
Traceback (most recent call last):
  File "/home/airflow/.local/lib/python3.10/site-packages/airflow/models/taskinstance.py", line 433, in _execute_task
    result = execute_callable(context=context, **execute_callable_kwargs)
  File "/home/airflow/.local/lib/python3.10/site-packages/airflow/operators/python.py", line 199, in execute
    return_value = self.execute_callable()
  File "/home/airflow/.local/lib/python3.10/site-packages/airflow/operators/python.py", line 216, in execute_callable
    return self.python_callable(*self.op_args, **self.op_kwargs)
  File "/opt/airflow/dags/bento_api_pipeline.py", line 32, in trigger_bento_training
    resp = requests.post(url, json=conf, timeout=300)
  File "/home/airflow/.local/lib/python3.10/site-packages/requests/api.py", line 115, in post
    return request("post", url, data=data, json=json, **kwargs)
  File "/home/airflow/.local/lib/python3.10/site-packages/requests/api.py", line 59, in request
    return session.request(method=method, url=url, **kwargs)
  File "/home/airflow/.local/lib/python3.10/site-packages/requests/sessions.py", line 589, in request
    resp = self.send(prep, **send_kwargs)
  File "/home/airflow/.local/lib/python3.10/site-packages/requests/sessions.py", line 703, in send
    r = adapter.send(request, **kwargs)
  File "/home/airflow/.local/lib/python3.10/site-packages/requests/adapters.py", line 486, in send
    resp = conn.urlopen(
  File "/home/airflow/.local/lib/python3.10/site-packages/urllib3/connectionpool.py", line 791, in urlopen
    response = self._make_request(
  File "/home/airflow/.local/lib/python3.10/site-packages/urllib3/connectionpool.py", line 537, in _make_request
    response = conn.getresponse()
  File "/home/airflow/.local/lib/python3.10/site-packages/urllib3/connection.py", line 461, in getresponse
    httplib_response = super().getresponse()
  File "/usr/local/lib/python3.10/http/client.py", line 1375, in getresponse
    response.begin()
  File "/usr/local/lib/python3.10/http/client.py", line 318, in begin
    version, status, reason = self._read_status()
  File "/usr/local/lib/python3.10/http/client.py", line 279, in _read_status
    line = str(self.fp.readline(_MAXLINE + 1), "iso-8859-1")
  File "/usr/local/lib/python3.10/socket.py", line 705, in readinto
    return self._sock.recv_into(b)
  File "/home/airflow/.local/lib/python3.10/site-packages/airflow/models/taskinstance.py", line 2452, in signal_handler
    raise AirflowException("Task received SIGTERM signal")
airflow.exceptions.AirflowException: Task received SIGTERM signal
[2025-06-09T01:40:43.666+0000] {taskinstance.py:1138} INFO - Marking task as UP_FOR_RETRY. dag_id=bento_api_pipeline, task_id=bento_train, execution_date=20250609T013805, start_date=20250609T014009, end_date=20250609T014043
[2025-06-09T01:40:43.685+0000] {standard_task_runner.py:107} ERROR - Failed to execute job 3690 for task bento_train (Task received SIGTERM signal; 309)
[2025-06-09T01:40:43.728+0000] {process_utils.py:79} INFO - Process psutil.Process(pid=309, status='terminated', exitcode=1, started='01:40:09') (309) terminated with exit code 1
[2025-06-09T01:40:43.729+0000] {local_task_job_runner.py:234} INFO - Task exited with return code 143
[2025-06-09T01:40:43.752+0000] {taskinstance.py:3280} INFO - 0 downstream tasks scheduled from follow-on schedule check
