[2025-06-08T23:49:05.840+0000] {taskinstance.py:1956} INFO - Dependencies all met for dep_context=non-requeueable deps ti=<TaskInstance: deep_models_pipeline.predict_best_model manual__2025-06-08T23:47:26.743450+00:00 [queued]>
[2025-06-08T23:49:05.847+0000] {taskinstance.py:1956} INFO - Dependencies all met for dep_context=requeueable deps ti=<TaskInstance: deep_models_pipeline.predict_best_model manual__2025-06-08T23:47:26.743450+00:00 [queued]>
[2025-06-08T23:49:05.848+0000] {taskinstance.py:2170} INFO - Starting attempt 1 of 3
[2025-06-08T23:49:05.858+0000] {taskinstance.py:2191} INFO - Executing <Task(PythonOperator): predict_best_model> on 2025-06-08 23:47:26.743450+00:00
[2025-06-08T23:49:05.865+0000] {standard_task_runner.py:60} INFO - Started process 891 to run task
[2025-06-08T23:49:05.867+0000] {standard_task_runner.py:87} INFO - Running: ['***', 'tasks', 'run', 'deep_models_pipeline', 'predict_best_model', 'manual__2025-06-08T23:47:26.743450+00:00', '--job-id', '3618', '--raw', '--subdir', 'DAGS_FOLDER/train_deep_model_dag.py', '--cfg-path', '/tmp/tmpw73vea1o']
[2025-06-08T23:49:05.869+0000] {standard_task_runner.py:88} INFO - Job 3618: Subtask predict_best_model
[2025-06-08T23:49:05.902+0000] {task_command.py:423} INFO - Running <TaskInstance: deep_models_pipeline.predict_best_model manual__2025-06-08T23:47:26.743450+00:00 [running]> on host df287bab431b
[2025-06-08T23:49:05.964+0000] {taskinstance.py:2480} INFO - Exporting env vars: AIRFLOW_CTX_DAG_OWNER='***' AIRFLOW_CTX_DAG_ID='deep_models_pipeline' AIRFLOW_CTX_TASK_ID='predict_best_model' AIRFLOW_CTX_EXECUTION_DATE='2025-06-08T23:47:26.743450+00:00' AIRFLOW_CTX_TRY_NUMBER='1' AIRFLOW_CTX_DAG_RUN_ID='manual__2025-06-08T23:47:26.743450+00:00'
[2025-06-08T23:49:05.965+0000] {train_deep_model_dag.py:13} INFO - 🟦 Running command: python /opt/***/src/models/predict_best_model.py
[2025-06-08T23:49:58.769+0000] {train_deep_model_dag.py:20} INFO - 🟩 [stdout]:
🏃 View run predict_best_model_hybrid_deep at: https://dagshub.com/sacer11/MLOps_movie_rec_apr25.mlflow/#/experiments/11/runs/67208ff5db024d239a736266d0ca2b48
🧪 View experiment at: https://dagshub.com/sacer11/MLOps_movie_rec_apr25.mlflow/#/experiments/11

[2025-06-08T23:49:58.769+0000] {train_deep_model_dag.py:22} WARNING - 🟨 [stderr]:

Downloading artifacts:   0%|          | 0/1 [00:00<?, ?it/s]
Downloading artifacts: 100%|██████████| 1/1 [00:02<00:00,  2.79s/it]
Downloading artifacts: 100%|██████████| 1/1 [00:02<00:00,  2.79s/it]
Downloading artifacts: 100%|██████████| 1/1 [00:02<00:00,  2.79s/it]
2025-06-08 23:49:18,204 - INFO - ✅ Best-Embedding aus MLflow geladen: /opt/***/data/processed/hybrid_deep_embedding_best.csv
2025-06-08 23:49:18,205 - INFO - 🚀 Starte Prediction für hybrid_deep_model über MLflow Registry
2025-06-08 23:49:18,205 - INFO - 📦 Lade Modell: models:/hybrid_deep_model@best_model

Downloading artifacts:   0%|          | 0/8 [00:00<?, ?it/s]
Downloading artifacts:  12%|█▎        | 1/8 [00:01<00:07,  1.13s/it]
Downloading artifacts:  12%|█▎        | 1/8 [00:01<00:07,  1.13s/it]
Downloading artifacts:  25%|██▌       | 2/8 [00:02<00:06,  1.12s/it]
Downloading artifacts:  25%|██▌       | 2/8 [00:02<00:06,  1.12s/it]
Downloading artifacts:  38%|███▊      | 3/8 [00:03<00:04,  1.01it/s]
Downloading artifacts:  38%|███▊      | 3/8 [00:03<00:04,  1.01it/s]
Downloading artifacts:  50%|█████     | 4/8 [00:04<00:04,  1.21s/it]
Downloading artifacts:  50%|█████     | 4/8 [00:04<00:04,  1.21s/it]
Downloading artifacts:  62%|██████▎   | 5/8 [00:05<00:02,  1.05it/s]
Downloading artifacts:  62%|██████▎   | 5/8 [00:05<00:02,  1.05it/s]
Downloading artifacts:  75%|███████▌  | 6/8 [00:06<00:01,  1.07it/s]
Downloading artifacts:  75%|███████▌  | 6/8 [00:06<00:01,  1.07it/s]
Downloading artifacts:  88%|████████▊ | 7/8 [00:07<00:00,  1.04it/s]
Downloading artifacts:  88%|████████▊ | 7/8 [00:07<00:00,  1.04it/s]
Downloading artifacts: 100%|██████████| 8/8 [00:08<00:00,  1.03it/s]
Downloading artifacts: 100%|██████████| 8/8 [00:08<00:00,  1.03it/s]
Downloading artifacts: 100%|██████████| 8/8 [00:08<00:00,  1.00s/it]
2025-06-08 23:49:38,364 - INFO - 📥 Embedding geladen: /opt/***/data/processed/hybrid_deep_embedding_best.csv – Shape: (10381, 32)
2025-06-08 23:49:38,474 - INFO - 💾 Vorhersagen gespeichert unter: /opt/***/data/processed/predictions_hybrid_deep_model.csv
2025-06-08 23:49:58,333 - INFO - ✅ Predictions erfolgreich in MLflow geloggt

[2025-06-08T23:49:58.770+0000] {python.py:201} INFO - Done. Returned value was: None
[2025-06-08T23:49:58.779+0000] {taskinstance.py:1138} INFO - Marking task as SUCCESS. dag_id=deep_models_pipeline, task_id=predict_best_model, execution_date=20250608T234726, start_date=20250608T234905, end_date=20250608T234958
[2025-06-08T23:49:58.801+0000] {local_task_job_runner.py:234} INFO - Task exited with return code 0
[2025-06-08T23:49:58.813+0000] {taskinstance.py:3280} INFO - 0 downstream tasks scheduled from follow-on schedule check
