[2025-06-08T23:24:47.439+0000] {taskinstance.py:1956} INFO - Dependencies all met for dep_context=non-requeueable deps ti=<TaskInstance: deep_models_pipeline.predict_best_model manual__2025-06-08T23:23:10.393016+00:00 [queued]>
[2025-06-08T23:24:47.448+0000] {taskinstance.py:1956} INFO - Dependencies all met for dep_context=requeueable deps ti=<TaskInstance: deep_models_pipeline.predict_best_model manual__2025-06-08T23:23:10.393016+00:00 [queued]>
[2025-06-08T23:24:47.448+0000] {taskinstance.py:2170} INFO - Starting attempt 1 of 3
[2025-06-08T23:24:47.462+0000] {taskinstance.py:2191} INFO - Executing <Task(PythonOperator): predict_best_model> on 2025-06-08 23:23:10.393016+00:00
[2025-06-08T23:24:47.469+0000] {standard_task_runner.py:60} INFO - Started process 625 to run task
[2025-06-08T23:24:47.471+0000] {standard_task_runner.py:87} INFO - Running: ['***', 'tasks', 'run', 'deep_models_pipeline', 'predict_best_model', 'manual__2025-06-08T23:23:10.393016+00:00', '--job-id', '3581', '--raw', '--subdir', 'DAGS_FOLDER/train_deep_model_dag.py', '--cfg-path', '/tmp/tmp0rwo3pj2']
[2025-06-08T23:24:47.473+0000] {standard_task_runner.py:88} INFO - Job 3581: Subtask predict_best_model
[2025-06-08T23:24:47.509+0000] {task_command.py:423} INFO - Running <TaskInstance: deep_models_pipeline.predict_best_model manual__2025-06-08T23:23:10.393016+00:00 [running]> on host 8a739447783a
[2025-06-08T23:24:47.571+0000] {taskinstance.py:2480} INFO - Exporting env vars: AIRFLOW_CTX_DAG_OWNER='***' AIRFLOW_CTX_DAG_ID='deep_models_pipeline' AIRFLOW_CTX_TASK_ID='predict_best_model' AIRFLOW_CTX_EXECUTION_DATE='2025-06-08T23:23:10.393016+00:00' AIRFLOW_CTX_TRY_NUMBER='1' AIRFLOW_CTX_DAG_RUN_ID='manual__2025-06-08T23:23:10.393016+00:00'
[2025-06-08T23:24:47.572+0000] {train_deep_model_dag.py:13} INFO - 🟦 Running command: python /opt/***/src/models/predict_best_model.py
[2025-06-08T23:25:16.245+0000] {train_deep_model_dag.py:20} INFO - 🟩 [stdout]:
🏃 View run predict_best_model_hybrid_deep at: https://dagshub.com/sacer11/MLOps_movie_rec_apr25.mlflow/#/experiments/11/runs/ffa71b94314347e9b7d86a8e4bdfe280
🧪 View experiment at: https://dagshub.com/sacer11/MLOps_movie_rec_apr25.mlflow/#/experiments/11

[2025-06-08T23:25:16.246+0000] {train_deep_model_dag.py:22} WARNING - 🟨 [stderr]:

Downloading artifacts:   0%|          | 0/1 [00:00<?, ?it/s]
Downloading artifacts: 100%|██████████| 1/1 [00:01<00:00,  1.46s/it]
Downloading artifacts: 100%|██████████| 1/1 [00:01<00:00,  1.46s/it]
Downloading artifacts: 100%|██████████| 1/1 [00:01<00:00,  1.46s/it]
2025-06-08 23:24:52,286 - INFO - ✅ Best-Embedding aus MLflow geladen: /opt/***/data/processed/hybrid_deep_embedding_best.csv
2025-06-08 23:24:52,287 - INFO - 🚀 Starte Prediction für hybrid_deep_model über MLflow Registry
2025-06-08 23:24:52,287 - INFO - 📦 Lade Modell: models:/hybrid_deep_model@best_model

Downloading artifacts:   0%|          | 0/8 [00:00<?, ?it/s]
Downloading artifacts:  12%|█▎        | 1/8 [00:00<00:00, 17050.02it/s]
Downloading artifacts:  25%|██▌       | 2/8 [00:01<00:03,  1.90it/s]   
Downloading artifacts:  25%|██▌       | 2/8 [00:01<00:03,  1.90it/s]
Downloading artifacts:  38%|███▊      | 3/8 [00:02<00:03,  1.36it/s]
Downloading artifacts:  38%|███▊      | 3/8 [00:02<00:03,  1.36it/s]
Downloading artifacts:  50%|█████     | 4/8 [00:03<00:03,  1.08it/s]
Downloading artifacts:  50%|█████     | 4/8 [00:03<00:03,  1.08it/s]
Downloading artifacts:  62%|██████▎   | 5/8 [00:04<00:02,  1.15it/s]
Downloading artifacts:  62%|██████▎   | 5/8 [00:04<00:02,  1.15it/s]
Downloading artifacts:  75%|███████▌  | 6/8 [00:05<00:01,  1.10it/s]
Downloading artifacts:  75%|███████▌  | 6/8 [00:05<00:01,  1.10it/s]
Downloading artifacts:  88%|████████▊ | 7/8 [00:06<00:00,  1.00it/s]
Downloading artifacts:  88%|████████▊ | 7/8 [00:06<00:00,  1.00it/s]
Downloading artifacts: 100%|██████████| 8/8 [00:07<00:00,  1.07it/s]
Downloading artifacts: 100%|██████████| 8/8 [00:07<00:00,  1.07it/s]
Downloading artifacts: 100%|██████████| 8/8 [00:07<00:00,  1.13it/s]
2025-06-08 23:25:06,865 - INFO - 📥 Embedding geladen: /opt/***/data/processed/hybrid_deep_embedding_best.csv – Shape: (10381, 32)
2025-06-08 23:25:06,990 - INFO - 💾 Vorhersagen gespeichert unter: /opt/***/data/processed/predictions_hybrid_deep_model.csv
2025-06-08 23:25:15,734 - INFO - ✅ Predictions erfolgreich in MLflow geloggt

[2025-06-08T23:25:16.247+0000] {python.py:201} INFO - Done. Returned value was: None
[2025-06-08T23:25:16.257+0000] {taskinstance.py:1138} INFO - Marking task as SUCCESS. dag_id=deep_models_pipeline, task_id=predict_best_model, execution_date=20250608T232310, start_date=20250608T232447, end_date=20250608T232516
[2025-06-08T23:25:16.286+0000] {local_task_job_runner.py:234} INFO - Task exited with return code 0
[2025-06-08T23:25:16.301+0000] {taskinstance.py:3280} INFO - 0 downstream tasks scheduled from follow-on schedule check
