[2025-06-02T10:04:40.152+0000] {taskinstance.py:1956} INFO - Dependencies all met for dep_context=non-requeueable deps ti=<TaskInstance: movie_recommendation_pipeline.train_hybrid_model manual__2025-06-02T10:04:11.335787+00:00 [queued]>
[2025-06-02T10:04:40.162+0000] {taskinstance.py:1956} INFO - Dependencies all met for dep_context=requeueable deps ti=<TaskInstance: movie_recommendation_pipeline.train_hybrid_model manual__2025-06-02T10:04:11.335787+00:00 [queued]>
[2025-06-02T10:04:40.163+0000] {taskinstance.py:2170} INFO - Starting attempt 1 of 3
[2025-06-02T10:04:40.173+0000] {taskinstance.py:2191} INFO - Executing <Task(PythonOperator): train_hybrid_model> on 2025-06-02 10:04:11.335787+00:00
[2025-06-02T10:04:40.182+0000] {standard_task_runner.py:60} INFO - Started process 465 to run task
[2025-06-02T10:04:40.185+0000] {standard_task_runner.py:87} INFO - Running: ['***', 'tasks', 'run', 'movie_recommendation_pipeline', 'train_hybrid_model', 'manual__2025-06-02T10:04:11.335787+00:00', '--job-id', '1655', '--raw', '--subdir', 'DAGS_FOLDER/mlops_movie_dag.py', '--cfg-path', '/tmp/tmpd1b1ub3q']
[2025-06-02T10:04:40.188+0000] {standard_task_runner.py:88} INFO - Job 1655: Subtask train_hybrid_model
[2025-06-02T10:04:40.231+0000] {task_command.py:423} INFO - Running <TaskInstance: movie_recommendation_pipeline.train_hybrid_model manual__2025-06-02T10:04:11.335787+00:00 [running]> on host 43a492dd7637
[2025-06-02T10:04:40.288+0000] {taskinstance.py:2480} INFO - Exporting env vars: AIRFLOW_CTX_DAG_OWNER='***' AIRFLOW_CTX_DAG_ID='movie_recommendation_pipeline' AIRFLOW_CTX_TASK_ID='train_hybrid_model' AIRFLOW_CTX_EXECUTION_DATE='2025-06-02T10:04:11.335787+00:00' AIRFLOW_CTX_TRY_NUMBER='1' AIRFLOW_CTX_DAG_RUN_ID='manual__2025-06-02T10:04:11.335787+00:00'
[2025-06-02T10:04:40.289+0000] {mlops_movie_dag.py:12} INFO - 🟦 Running command: python /opt/***/src/models/train_hybrid_model.py --n_neighbors=24 --tfidf_features=596
[2025-06-02T10:08:51.532+0000] {mlops_movie_dag.py:19} INFO - 🟩 [stdout]:
🏃 View run train_hybrid_model at: https://dagshub.com/sacer11/MLOps_movie_rec_apr25.mlflow/#/experiments/4/runs/a7396567d40c482488db0ee64de74e2b
🧪 View experiment at: https://dagshub.com/sacer11/MLOps_movie_rec_apr25.mlflow/#/experiments/4

[2025-06-02T10:08:51.534+0000] {mlops_movie_dag.py:21} WARNING - 🟨 [stderr]:
2025-06-02 10:04:43,199 - __main__ - INFO - 🚀 Starte Hybrid-Modelltraining
2025-06-02 10:04:48,117 - __main__ - INFO - 📥 Rohdaten erfolgreich geladen
2025-06-02 10:04:51,010 - __main__ - INFO - 📐 Hybrid-Matrix erstellt mit Shape: (10381, 1725), Feature-Namen: 1725
2025-06-02 10:04:51,058 - __main__ - INFO - 🤖 KNN-Modell trainiert
2025-06-02 10:05:02,926 - __main__ - INFO - ✅ Feature-Schema gespeichert unter /opt/***/data/processed/hybrid_matrix_features.txt
2025/06/02 10:05:16 INFO mlflow.pyfunc: Validating input example against model signature

Downloading artifacts:   0%|          | 0/1 [00:00<?, ?it/s]
Downloading artifacts: 100%|██████████| 1/1 [00:01<00:00,  1.38s/it]
Downloading artifacts: 100%|██████████| 1/1 [00:01<00:00,  1.38s/it]
Downloading artifacts: 100%|██████████| 1/1 [00:01<00:00,  1.39s/it]
Registered model 'movie_model' already exists. Creating a new version of this model...
2025/06/02 10:06:31 INFO mlflow.store.model_registry.abstract_store: Waiting up to 300 seconds for model version to finish creation. Model name: movie_model, version 107
Created version '107' of model 'movie_model'.
2025-06-02 10:08:50,655 - __main__ - INFO - 📝 Tags für Modellversion 107 gesetzt: n_neighbors=24, tfidf_features=596
2025-06-02 10:08:51,037 - __main__ - INFO - ✅ Modell & Matrix erfolgreich gespeichert und in MLflow geloggt

[2025-06-02T10:08:51.534+0000] {python.py:201} INFO - Done. Returned value was: None
[2025-06-02T10:08:51.547+0000] {taskinstance.py:1138} INFO - Marking task as SUCCESS. dag_id=movie_recommendation_pipeline, task_id=train_hybrid_model, execution_date=20250602T100411, start_date=20250602T100440, end_date=20250602T100851
[2025-06-02T10:08:51.590+0000] {local_task_job_runner.py:234} INFO - Task exited with return code 0
[2025-06-02T10:08:51.612+0000] {taskinstance.py:3280} INFO - 1 downstream tasks scheduled from follow-on schedule check
