[2025-06-08T15:36:44.375+0000] {taskinstance.py:1956} INFO - Dependencies all met for dep_context=non-requeueable deps ti=<TaskInstance: deep_models_pipeline.predict_best_model manual__2025-06-08T15:34:47.662321+00:00 [queued]>
[2025-06-08T15:36:44.384+0000] {taskinstance.py:1956} INFO - Dependencies all met for dep_context=requeueable deps ti=<TaskInstance: deep_models_pipeline.predict_best_model manual__2025-06-08T15:34:47.662321+00:00 [queued]>
[2025-06-08T15:36:44.385+0000] {taskinstance.py:2170} INFO - Starting attempt 1 of 3
[2025-06-08T15:36:44.398+0000] {taskinstance.py:2191} INFO - Executing <Task(PythonOperator): predict_best_model> on 2025-06-08 15:34:47.662321+00:00
[2025-06-08T15:36:44.407+0000] {standard_task_runner.py:60} INFO - Started process 635 to run task
[2025-06-08T15:36:44.410+0000] {standard_task_runner.py:87} INFO - Running: ['***', 'tasks', 'run', 'deep_models_pipeline', 'predict_best_model', 'manual__2025-06-08T15:34:47.662321+00:00', '--job-id', '3285', '--raw', '--subdir', 'DAGS_FOLDER/train_deep_model_dag.py', '--cfg-path', '/tmp/tmptjc2vq7n']
[2025-06-08T15:36:44.412+0000] {standard_task_runner.py:88} INFO - Job 3285: Subtask predict_best_model
[2025-06-08T15:36:44.454+0000] {task_command.py:423} INFO - Running <TaskInstance: deep_models_pipeline.predict_best_model manual__2025-06-08T15:34:47.662321+00:00 [running]> on host 38ed21fd2473
[2025-06-08T15:36:44.526+0000] {taskinstance.py:2480} INFO - Exporting env vars: AIRFLOW_CTX_DAG_OWNER='***' AIRFLOW_CTX_DAG_ID='deep_models_pipeline' AIRFLOW_CTX_TASK_ID='predict_best_model' AIRFLOW_CTX_EXECUTION_DATE='2025-06-08T15:34:47.662321+00:00' AIRFLOW_CTX_TRY_NUMBER='1' AIRFLOW_CTX_DAG_RUN_ID='manual__2025-06-08T15:34:47.662321+00:00'
[2025-06-08T15:36:44.527+0000] {train_deep_model_dag.py:13} INFO - 🟦 Running command: python /opt/***/src/models/predict_best_model.py
[2025-06-08T15:37:18.011+0000] {train_deep_model_dag.py:20} INFO - 🟩 [stdout]:
🏃 View run predict_best_model_hybrid_deep at: https://dagshub.com/sacer11/MLOps_movie_rec_apr25.mlflow/#/experiments/11/runs/193fc47f18804c0dafb15904aa6ba25a
🧪 View experiment at: https://dagshub.com/sacer11/MLOps_movie_rec_apr25.mlflow/#/experiments/11

[2025-06-08T15:37:18.012+0000] {train_deep_model_dag.py:22} WARNING - 🟨 [stderr]:
2025-06-08 15:36:46,527 - INFO - 🚀 Starte Prediction für hybrid_deep_model über MLflow Registry
2025-06-08 15:36:46,527 - INFO - 📦 Lade Modell: models:/hybrid_deep_model@best_model

Downloading artifacts:   0%|          | 0/8 [00:00<?, ?it/s]
Downloading artifacts:  12%|█▎        | 1/8 [00:00<00:00, 8160.12it/s]
Downloading artifacts:  25%|██▌       | 2/8 [00:01<00:04,  1.49it/s]  
Downloading artifacts:  25%|██▌       | 2/8 [00:01<00:04,  1.49it/s]
Downloading artifacts:  38%|███▊      | 3/8 [00:01<00:03,  1.58it/s]
Downloading artifacts:  38%|███▊      | 3/8 [00:01<00:03,  1.58it/s]
Downloading artifacts:  50%|█████     | 4/8 [00:02<00:03,  1.31it/s]
Downloading artifacts:  50%|█████     | 4/8 [00:02<00:03,  1.31it/s]
Downloading artifacts:  62%|██████▎   | 5/8 [00:04<00:02,  1.14it/s]
Downloading artifacts:  62%|██████▎   | 5/8 [00:04<00:02,  1.14it/s]
Downloading artifacts:  75%|███████▌  | 6/8 [00:04<00:01,  1.14it/s]
Downloading artifacts:  75%|███████▌  | 6/8 [00:04<00:01,  1.14it/s]
Downloading artifacts:  88%|████████▊ | 7/8 [00:05<00:00,  1.09it/s]
Downloading artifacts:  88%|████████▊ | 7/8 [00:05<00:00,  1.09it/s]
Downloading artifacts: 100%|██████████| 8/8 [00:07<00:00,  1.00it/s]
Downloading artifacts: 100%|██████████| 8/8 [00:07<00:00,  1.00it/s]
Downloading artifacts: 100%|██████████| 8/8 [00:07<00:00,  1.14it/s]
2025-06-08 15:37:03,990 - INFO - 📥 Embedding geladen: /opt/***/data/processed/hybrid_deep_embedding_best.csv – Shape: (10381, 32)
2025-06-08 15:37:04,107 - INFO - 💾 Vorhersagen gespeichert unter: /opt/***/data/processed/predictions_hybrid_deep_model.csv
2025-06-08 15:37:17,529 - INFO - ✅ Predictions erfolgreich in MLflow geloggt

[2025-06-08T15:37:18.013+0000] {python.py:201} INFO - Done. Returned value was: None
[2025-06-08T15:37:18.022+0000] {taskinstance.py:1138} INFO - Marking task as SUCCESS. dag_id=deep_models_pipeline, task_id=predict_best_model, execution_date=20250608T153447, start_date=20250608T153644, end_date=20250608T153718
[2025-06-08T15:37:18.053+0000] {local_task_job_runner.py:234} INFO - Task exited with return code 0
[2025-06-08T15:37:18.068+0000] {taskinstance.py:3280} INFO - 0 downstream tasks scheduled from follow-on schedule check
