[2025-06-02T01:57:03.900+0000] {taskinstance.py:1956} INFO - Dependencies all met for dep_context=non-requeueable deps ti=<TaskInstance: movie_recommendation_pipeline.dvc_add_and_push_all manual__2025-06-02T01:52:55.165012+00:00 [queued]>
[2025-06-02T01:57:03.909+0000] {taskinstance.py:1956} INFO - Dependencies all met for dep_context=requeueable deps ti=<TaskInstance: movie_recommendation_pipeline.dvc_add_and_push_all manual__2025-06-02T01:52:55.165012+00:00 [queued]>
[2025-06-02T01:57:03.910+0000] {taskinstance.py:2170} INFO - Starting attempt 1 of 3
[2025-06-02T01:57:03.921+0000] {taskinstance.py:2191} INFO - Executing <Task(PythonOperator): dvc_add_and_push_all> on 2025-06-02 01:52:55.165012+00:00
[2025-06-02T01:57:03.928+0000] {standard_task_runner.py:60} INFO - Started process 749 to run task
[2025-06-02T01:57:03.930+0000] {standard_task_runner.py:87} INFO - Running: ['***', 'tasks', 'run', 'movie_recommendation_pipeline', 'dvc_add_and_push_all', 'manual__2025-06-02T01:52:55.165012+00:00', '--job-id', '1394', '--raw', '--subdir', 'DAGS_FOLDER/mlops_movie_dag.py', '--cfg-path', '/tmp/tmppdm2wjhd']
[2025-06-02T01:57:03.931+0000] {standard_task_runner.py:88} INFO - Job 1394: Subtask dvc_add_and_push_all
[2025-06-02T01:57:03.964+0000] {task_command.py:423} INFO - Running <TaskInstance: movie_recommendation_pipeline.dvc_add_and_push_all manual__2025-06-02T01:52:55.165012+00:00 [running]> on host b5a60ea2ec29
[2025-06-02T01:57:04.021+0000] {taskinstance.py:2480} INFO - Exporting env vars: AIRFLOW_CTX_DAG_OWNER='***' AIRFLOW_CTX_DAG_ID='movie_recommendation_pipeline' AIRFLOW_CTX_TASK_ID='dvc_add_and_push_all' AIRFLOW_CTX_EXECUTION_DATE='2025-06-02T01:52:55.165012+00:00' AIRFLOW_CTX_TRY_NUMBER='1' AIRFLOW_CTX_DAG_RUN_ID='manual__2025-06-02T01:52:55.165012+00:00'
[2025-06-02T01:57:04.026+0000] {mlops_movie_dag.py:12} INFO - 🟦 Running command: git config --global --add safe.directory /opt/***
[2025-06-02T01:57:04.052+0000] {mlops_movie_dag.py:18} INFO - 🟩 [stdout]:

[2025-06-02T01:57:04.053+0000] {mlops_movie_dag.py:12} INFO - 🟦 Running command: dvc add /opt/***/models/hybrid_model.pkl
[2025-06-02T01:57:16.810+0000] {mlops_movie_dag.py:18} INFO - 🟩 [stdout]:

To track the changes with git, run:

	git add models/hybrid_model.pkl.dvc

To enable auto staging, run:

	dvc config core.autostage true

[2025-06-02T01:57:16.811+0000] {mlops_movie_dag.py:12} INFO - 🟦 Running command: dvc add /opt/***/data/processed/hybrid_matrix.csv
[2025-06-02T01:57:31.663+0000] {mlops_movie_dag.py:18} INFO - 🟩 [stdout]:

To track the changes with git, run:

	git add data/processed/hybrid_matrix.csv.dvc

To enable auto staging, run:

	dvc config core.autostage true

[2025-06-02T01:57:31.664+0000] {mlops_movie_dag.py:12} INFO - 🟦 Running command: dvc add /opt/***/data/processed/hybrid_matrix_features.txt
[2025-06-02T01:57:39.964+0000] {mlops_movie_dag.py:18} INFO - 🟩 [stdout]:

To track the changes with git, run:

	git add data/processed/hybrid_matrix_features.txt.dvc

To enable auto staging, run:

	dvc config core.autostage true

[2025-06-02T01:57:39.965+0000] {mlops_movie_dag.py:12} INFO - 🟦 Running command: dvc add /opt/***/models/user_model.pkl
[2025-06-02T01:57:49.009+0000] {mlops_movie_dag.py:18} INFO - 🟩 [stdout]:

To track the changes with git, run:

	git add models/user_model.pkl.dvc

To enable auto staging, run:

	dvc config core.autostage true

[2025-06-02T01:57:49.009+0000] {mlops_movie_dag.py:12} INFO - 🟦 Running command: dvc add /opt/***/data/processed/user_matrix.csv
[2025-06-02T01:57:58.354+0000] {mlops_movie_dag.py:18} INFO - 🟩 [stdout]:

To track the changes with git, run:

	git add data/processed/user_matrix.csv.dvc

To enable auto staging, run:

	dvc config core.autostage true

[2025-06-02T01:57:58.355+0000] {mlops_movie_dag.py:12} INFO - 🟦 Running command: dvc add /opt/***/data/processed/user_matrix_features.txt
[2025-06-02T01:58:06.776+0000] {mlops_movie_dag.py:18} INFO - 🟩 [stdout]:

To track the changes with git, run:

	git add data/processed/user_matrix_features.txt.dvc

To enable auto staging, run:

	dvc config core.autostage true

[2025-06-02T01:58:06.777+0000] {mlops_movie_dag.py:12} INFO - 🟦 Running command: git add /opt/***/models/hybrid_model.pkl.dvc /opt/***/data/processed/hybrid_matrix.csv.dvc /opt/***/data/processed/hybrid_matrix_features.txt.dvc /opt/***/models/user_model.pkl.dvc /opt/***/data/processed/user_matrix.csv.dvc /opt/***/data/processed/user_matrix_features.txt.dvc
[2025-06-02T01:58:06.936+0000] {mlops_movie_dag.py:18} INFO - 🟩 [stdout]:

[2025-06-02T01:58:06.936+0000] {mlops_movie_dag.py:12} INFO - 🟦 Running command: git commit -m Automatisches DVC-Tracking (beide Modelle/Matrizen)
[2025-06-02T01:58:07.843+0000] {mlops_movie_dag.py:18} INFO - 🟩 [stdout]:

[2025-06-02T01:58:07.844+0000] {mlops_movie_dag.py:20} WARNING - 🟨 [stderr]:
Author identity unknown

*** Please tell me who you are.

Run

  git config --global user.email "you@example.com"
  git config --global user.name "Your Name"

to set your account's default identity.
Omit --global to set the identity only in this repository.

fatal: unable to auto-detect email address (got '***@b5a60ea2ec29.(none)')

[2025-06-02T01:58:07.845+0000] {mlops_movie_dag.py:22} ERROR - ❌ Subprozess-Fehler (exit code 128): git commit -m Automatisches DVC-Tracking (beide Modelle/Matrizen)
[2025-06-02T01:58:07.845+0000] {mlops_movie_dag.py:25} ERROR - ❌ Subprozess-Ausnahme: Command '['git', 'commit', '-m', 'Automatisches DVC-Tracking (beide Modelle/Matrizen)']' returned non-zero exit status 128.
[2025-06-02T01:58:07.846+0000] {taskinstance.py:2698} ERROR - Task failed with exception
Traceback (most recent call last):
  File "/home/airflow/.local/lib/python3.10/site-packages/airflow/models/taskinstance.py", line 433, in _execute_task
    result = execute_callable(context=context, **execute_callable_kwargs)
  File "/home/airflow/.local/lib/python3.10/site-packages/airflow/operators/python.py", line 199, in execute
    return_value = self.execute_callable()
  File "/home/airflow/.local/lib/python3.10/site-packages/airflow/operators/python.py", line 216, in execute_callable
    return self.python_callable(*self.op_args, **self.op_kwargs)
  File "/opt/airflow/dags/mlops_movie_dag.py", line 73, in dvc_add_and_push_all
    run_and_log(["git", "commit", "-m", "Automatisches DVC-Tracking (beide Modelle/Matrizen)"])
  File "/opt/airflow/dags/mlops_movie_dag.py", line 23, in run_and_log
    raise subprocess.CalledProcessError(result.returncode, command)
subprocess.CalledProcessError: Command '['git', 'commit', '-m', 'Automatisches DVC-Tracking (beide Modelle/Matrizen)']' returned non-zero exit status 128.
[2025-06-02T01:58:07.857+0000] {taskinstance.py:1138} INFO - Marking task as UP_FOR_RETRY. dag_id=movie_recommendation_pipeline, task_id=dvc_add_and_push_all, execution_date=20250602T015255, start_date=20250602T015703, end_date=20250602T015807
[2025-06-02T01:58:07.871+0000] {standard_task_runner.py:107} ERROR - Failed to execute job 1394 for task dvc_add_and_push_all (Command '['git', 'commit', '-m', 'Automatisches DVC-Tracking (beide Modelle/Matrizen)']' returned non-zero exit status 128.; 749)
[2025-06-02T01:58:07.896+0000] {local_task_job_runner.py:234} INFO - Task exited with return code 1
[2025-06-02T01:58:07.913+0000] {taskinstance.py:3280} INFO - 0 downstream tasks scheduled from follow-on schedule check
