[2025-06-02T01:59:15.600+0000] {taskinstance.py:1956} INFO - Dependencies all met for dep_context=non-requeueable deps ti=<TaskInstance: movie_recommendation_pipeline.dvc_add_and_push_all manual__2025-06-02T01:52:55.165012+00:00 [queued]>
[2025-06-02T01:59:15.609+0000] {taskinstance.py:1956} INFO - Dependencies all met for dep_context=requeueable deps ti=<TaskInstance: movie_recommendation_pipeline.dvc_add_and_push_all manual__2025-06-02T01:52:55.165012+00:00 [queued]>
[2025-06-02T01:59:15.610+0000] {taskinstance.py:2170} INFO - Starting attempt 2 of 3
[2025-06-02T01:59:15.619+0000] {taskinstance.py:2191} INFO - Executing <Task(PythonOperator): dvc_add_and_push_all> on 2025-06-02 01:52:55.165012+00:00
[2025-06-02T01:59:15.625+0000] {standard_task_runner.py:60} INFO - Started process 912 to run task
[2025-06-02T01:59:15.627+0000] {standard_task_runner.py:87} INFO - Running: ['***', 'tasks', 'run', 'movie_recommendation_pipeline', 'dvc_add_and_push_all', 'manual__2025-06-02T01:52:55.165012+00:00', '--job-id', '1395', '--raw', '--subdir', 'DAGS_FOLDER/mlops_movie_dag.py', '--cfg-path', '/tmp/tmpe39c2ct1']
[2025-06-02T01:59:15.628+0000] {standard_task_runner.py:88} INFO - Job 1395: Subtask dvc_add_and_push_all
[2025-06-02T01:59:15.659+0000] {task_command.py:423} INFO - Running <TaskInstance: movie_recommendation_pipeline.dvc_add_and_push_all manual__2025-06-02T01:52:55.165012+00:00 [running]> on host b5a60ea2ec29
[2025-06-02T01:59:15.718+0000] {taskinstance.py:2480} INFO - Exporting env vars: AIRFLOW_CTX_DAG_OWNER='***' AIRFLOW_CTX_DAG_ID='movie_recommendation_pipeline' AIRFLOW_CTX_TASK_ID='dvc_add_and_push_all' AIRFLOW_CTX_EXECUTION_DATE='2025-06-02T01:52:55.165012+00:00' AIRFLOW_CTX_TRY_NUMBER='2' AIRFLOW_CTX_DAG_RUN_ID='manual__2025-06-02T01:52:55.165012+00:00'
[2025-06-02T01:59:15.722+0000] {mlops_movie_dag.py:12} INFO - 🟦 Running command: git config --global --add safe.directory /opt/***
[2025-06-02T01:59:15.735+0000] {mlops_movie_dag.py:18} INFO - 🟩 [stdout]:

[2025-06-02T01:59:15.735+0000] {mlops_movie_dag.py:12} INFO - 🟦 Running command: dvc add /opt/***/models/hybrid_model.pkl
[2025-06-02T01:59:25.984+0000] {mlops_movie_dag.py:18} INFO - 🟩 [stdout]:

To track the changes with git, run:

	git add models/hybrid_model.pkl.dvc

To enable auto staging, run:

	dvc config core.autostage true

[2025-06-02T01:59:25.985+0000] {mlops_movie_dag.py:12} INFO - 🟦 Running command: dvc add /opt/***/data/processed/hybrid_matrix.csv
[2025-06-02T01:59:38.487+0000] {mlops_movie_dag.py:18} INFO - 🟩 [stdout]:

To track the changes with git, run:

	git add data/processed/hybrid_matrix.csv.dvc

To enable auto staging, run:

	dvc config core.autostage true

[2025-06-02T01:59:38.488+0000] {mlops_movie_dag.py:12} INFO - 🟦 Running command: dvc add /opt/***/data/processed/hybrid_matrix_features.txt
[2025-06-02T01:59:47.285+0000] {mlops_movie_dag.py:18} INFO - 🟩 [stdout]:

To track the changes with git, run:

	git add data/processed/hybrid_matrix_features.txt.dvc

To enable auto staging, run:

	dvc config core.autostage true

[2025-06-02T01:59:47.286+0000] {mlops_movie_dag.py:12} INFO - 🟦 Running command: dvc add /opt/***/models/user_model.pkl
[2025-06-02T01:59:56.172+0000] {mlops_movie_dag.py:18} INFO - 🟩 [stdout]:

To track the changes with git, run:

	git add models/user_model.pkl.dvc

To enable auto staging, run:

	dvc config core.autostage true

[2025-06-02T01:59:56.173+0000] {mlops_movie_dag.py:12} INFO - 🟦 Running command: dvc add /opt/***/data/processed/user_matrix.csv
[2025-06-02T02:00:05.971+0000] {mlops_movie_dag.py:18} INFO - 🟩 [stdout]:

To track the changes with git, run:

	git add data/processed/user_matrix.csv.dvc

To enable auto staging, run:

	dvc config core.autostage true

[2025-06-02T02:00:05.971+0000] {mlops_movie_dag.py:12} INFO - 🟦 Running command: dvc add /opt/***/data/processed/user_matrix_features.txt
[2025-06-02T02:00:15.070+0000] {mlops_movie_dag.py:18} INFO - 🟩 [stdout]:

To track the changes with git, run:

	git add data/processed/user_matrix_features.txt.dvc

To enable auto staging, run:

	dvc config core.autostage true

[2025-06-02T02:00:15.071+0000] {mlops_movie_dag.py:12} INFO - 🟦 Running command: git add /opt/***/models/hybrid_model.pkl.dvc /opt/***/data/processed/hybrid_matrix.csv.dvc /opt/***/data/processed/hybrid_matrix_features.txt.dvc /opt/***/models/user_model.pkl.dvc /opt/***/data/processed/user_matrix.csv.dvc /opt/***/data/processed/user_matrix_features.txt.dvc
[2025-06-02T02:00:15.181+0000] {mlops_movie_dag.py:18} INFO - 🟩 [stdout]:

[2025-06-02T02:00:15.181+0000] {mlops_movie_dag.py:12} INFO - 🟦 Running command: git commit -m Automatisches DVC-Tracking (beide Modelle/Matrizen)
[2025-06-02T02:00:15.362+0000] {mlops_movie_dag.py:18} INFO - 🟩 [stdout]:

[2025-06-02T02:00:15.362+0000] {mlops_movie_dag.py:20} WARNING - 🟨 [stderr]:
Author identity unknown

*** Please tell me who you are.

Run

  git config --global user.email "you@example.com"
  git config --global user.name "Your Name"

to set your account's default identity.
Omit --global to set the identity only in this repository.

fatal: unable to auto-detect email address (got '***@b5a60ea2ec29.(none)')

[2025-06-02T02:00:15.363+0000] {mlops_movie_dag.py:22} ERROR - ❌ Subprozess-Fehler (exit code 128): git commit -m Automatisches DVC-Tracking (beide Modelle/Matrizen)
[2025-06-02T02:00:15.364+0000] {mlops_movie_dag.py:25} ERROR - ❌ Subprozess-Ausnahme: Command '['git', 'commit', '-m', 'Automatisches DVC-Tracking (beide Modelle/Matrizen)']' returned non-zero exit status 128.
[2025-06-02T02:00:15.364+0000] {taskinstance.py:2698} ERROR - Task failed with exception
Traceback (most recent call last):
  File "/home/airflow/.local/lib/python3.10/site-packages/airflow/models/taskinstance.py", line 433, in _execute_task
    result = execute_callable(context=context, **execute_callable_kwargs)
  File "/home/airflow/.local/lib/python3.10/site-packages/airflow/operators/python.py", line 199, in execute
    return_value = self.execute_callable()
  File "/home/airflow/.local/lib/python3.10/site-packages/airflow/operators/python.py", line 216, in execute_callable
    return self.python_callable(*self.op_args, **self.op_kwargs)
  File "/opt/airflow/dags/mlops_movie_dag.py", line 73, in dvc_add_and_push_all
    run_and_log(["git", "commit", "-m", "Automatisches DVC-Tracking (beide Modelle/Matrizen)"])
  File "/opt/airflow/dags/mlops_movie_dag.py", line 23, in run_and_log
    raise subprocess.CalledProcessError(result.returncode, command)
subprocess.CalledProcessError: Command '['git', 'commit', '-m', 'Automatisches DVC-Tracking (beide Modelle/Matrizen)']' returned non-zero exit status 128.
[2025-06-02T02:00:15.375+0000] {taskinstance.py:1138} INFO - Marking task as UP_FOR_RETRY. dag_id=movie_recommendation_pipeline, task_id=dvc_add_and_push_all, execution_date=20250602T015255, start_date=20250602T015915, end_date=20250602T020015
[2025-06-02T02:00:15.385+0000] {standard_task_runner.py:107} ERROR - Failed to execute job 1395 for task dvc_add_and_push_all (Command '['git', 'commit', '-m', 'Automatisches DVC-Tracking (beide Modelle/Matrizen)']' returned non-zero exit status 128.; 912)
[2025-06-02T02:00:15.428+0000] {local_task_job_runner.py:234} INFO - Task exited with return code 1
[2025-06-02T02:00:15.445+0000] {taskinstance.py:3280} INFO - 0 downstream tasks scheduled from follow-on schedule check
