[2025-06-07T20:19:00.827+0000] {taskinstance.py:1956} INFO - Dependencies all met for dep_context=non-requeueable deps ti=<TaskInstance: deep_models_pipeline.train_deep_hybrid_model manual__2025-06-07T20:19:00.316727+00:00 [queued]>
[2025-06-07T20:19:00.837+0000] {taskinstance.py:1956} INFO - Dependencies all met for dep_context=requeueable deps ti=<TaskInstance: deep_models_pipeline.train_deep_hybrid_model manual__2025-06-07T20:19:00.316727+00:00 [queued]>
[2025-06-07T20:19:00.837+0000] {taskinstance.py:2170} INFO - Starting attempt 1 of 3
[2025-06-07T20:19:00.850+0000] {taskinstance.py:2191} INFO - Executing <Task(PythonOperator): train_deep_hybrid_model> on 2025-06-07 20:19:00.316727+00:00
[2025-06-07T20:19:00.858+0000] {standard_task_runner.py:60} INFO - Started process 789 to run task
[2025-06-07T20:19:00.862+0000] {standard_task_runner.py:87} INFO - Running: ['***', 'tasks', 'run', 'deep_models_pipeline', 'train_deep_hybrid_model', 'manual__2025-06-07T20:19:00.316727+00:00', '--job-id', '2599', '--raw', '--subdir', 'DAGS_FOLDER/train_deep_model_dag.py', '--cfg-path', '/tmp/tmpac49ushc']
[2025-06-07T20:19:00.865+0000] {standard_task_runner.py:88} INFO - Job 2599: Subtask train_deep_hybrid_model
[2025-06-07T20:19:00.922+0000] {task_command.py:423} INFO - Running <TaskInstance: deep_models_pipeline.train_deep_hybrid_model manual__2025-06-07T20:19:00.316727+00:00 [running]> on host 78208c00c095
[2025-06-07T20:19:00.997+0000] {taskinstance.py:2480} INFO - Exporting env vars: AIRFLOW_CTX_DAG_OWNER='***' AIRFLOW_CTX_DAG_ID='deep_models_pipeline' AIRFLOW_CTX_TASK_ID='train_deep_hybrid_model' AIRFLOW_CTX_EXECUTION_DATE='2025-06-07T20:19:00.316727+00:00' AIRFLOW_CTX_TRY_NUMBER='1' AIRFLOW_CTX_DAG_RUN_ID='manual__2025-06-07T20:19:00.316727+00:00'
[2025-06-07T20:19:00.999+0000] {train_deep_model_dag.py:13} INFO - 🟦 Running command: python /opt/***/src/models/train_hybrid_deep_model.py --n_neighbors=40 --latent_dim=32 --epochs=75 --tfidf_features=1729
[2025-06-07T20:21:05.784+0000] {train_deep_model_dag.py:20} INFO - 🟩 [stdout]:
🏃 View run train_hybrid_deep_model at: https://dagshub.com/sacer11/MLOps_movie_rec_apr25.mlflow/#/experiments/10/runs/784c211ea09247b7bc1203c3a5959994
🧪 View experiment at: https://dagshub.com/sacer11/MLOps_movie_rec_apr25.mlflow/#/experiments/10

[2025-06-07T20:21:05.785+0000] {train_deep_model_dag.py:22} WARNING - 🟨 [stderr]:
2025-06-07 20:19:05,139 - __main__ - INFO - 📥 Lade Rohdaten und baue Hybrid-Feature-Matrix ...
2025-06-07 20:19:10,736 - __main__ - INFO - 📐 Hybrid-Matrix erstellt mit Shape: (10381, 2858), Feature-Namen: 2858
2025-06-07 20:19:29,162 - __main__ - INFO - 💾 Hybrid-Matrix gespeichert unter /opt/***/data/processed/hybrid_matrix.csv
2025-06-07 20:19:29,312 - __main__ - INFO - 🚀 Starte Training Autoencoder ...
2025-06-07 20:19:30,560 - __main__ - INFO - Epoch 1/75: Loss = 0.0069
2025-06-07 20:19:31,136 - __main__ - INFO - Epoch 2/75: Loss = 0.0042
2025-06-07 20:19:31,713 - __main__ - INFO - Epoch 3/75: Loss = 0.0035
2025-06-07 20:19:32,167 - __main__ - INFO - Epoch 4/75: Loss = 0.0032
2025-06-07 20:19:32,793 - __main__ - INFO - Epoch 5/75: Loss = 0.0031
2025-06-07 20:19:33,379 - __main__ - INFO - Epoch 6/75: Loss = 0.0030
2025-06-07 20:19:33,969 - __main__ - INFO - Epoch 7/75: Loss = 0.0029
2025-06-07 20:19:34,460 - __main__ - INFO - Epoch 8/75: Loss = 0.0029
2025-06-07 20:19:35,072 - __main__ - INFO - Epoch 9/75: Loss = 0.0028
2025-06-07 20:19:35,667 - __main__ - INFO - Epoch 10/75: Loss = 0.0028
2025-06-07 20:19:36,271 - __main__ - INFO - Epoch 11/75: Loss = 0.0027
2025-06-07 20:19:36,782 - __main__ - INFO - Epoch 12/75: Loss = 0.0027
2025-06-07 20:19:37,364 - __main__ - INFO - Epoch 13/75: Loss = 0.0027
2025-06-07 20:19:37,948 - __main__ - INFO - Epoch 14/75: Loss = 0.0027
2025-06-07 20:19:38,436 - __main__ - INFO - Epoch 15/75: Loss = 0.0027
2025-06-07 20:19:39,030 - __main__ - INFO - Epoch 16/75: Loss = 0.0026
2025-06-07 20:19:39,638 - __main__ - INFO - Epoch 17/75: Loss = 0.0026
2025-06-07 20:19:40,131 - __main__ - INFO - Epoch 18/75: Loss = 0.0026
2025-06-07 20:19:40,722 - __main__ - INFO - Epoch 19/75: Loss = 0.0026
2025-06-07 20:19:41,244 - __main__ - INFO - Epoch 20/75: Loss = 0.0026
2025-06-07 20:19:41,832 - __main__ - INFO - Epoch 21/75: Loss = 0.0026
2025-06-07 20:19:42,389 - __main__ - INFO - Epoch 22/75: Loss = 0.0026
2025-06-07 20:19:42,766 - __main__ - INFO - Epoch 23/75: Loss = 0.0025
2025-06-07 20:19:43,188 - __main__ - INFO - Epoch 24/75: Loss = 0.0025
2025-06-07 20:19:43,596 - __main__ - INFO - Epoch 25/75: Loss = 0.0025
2025-06-07 20:19:44,024 - __main__ - INFO - Epoch 26/75: Loss = 0.0025
2025-06-07 20:19:44,428 - __main__ - INFO - Epoch 27/75: Loss = 0.0025
2025-06-07 20:19:44,893 - __main__ - INFO - Epoch 28/75: Loss = 0.0025
2025-06-07 20:19:45,339 - __main__ - INFO - Epoch 29/75: Loss = 0.0025
2025-06-07 20:19:45,786 - __main__ - INFO - Epoch 30/75: Loss = 0.0025
2025-06-07 20:19:46,229 - __main__ - INFO - Epoch 31/75: Loss = 0.0025
2025-06-07 20:19:46,639 - __main__ - INFO - Epoch 32/75: Loss = 0.0025
2025-06-07 20:19:47,054 - __main__ - INFO - Epoch 33/75: Loss = 0.0025
2025-06-07 20:19:47,465 - __main__ - INFO - Epoch 34/75: Loss = 0.0025
2025-06-07 20:19:47,856 - __main__ - INFO - Epoch 35/75: Loss = 0.0025
2025-06-07 20:19:48,307 - __main__ - INFO - Epoch 36/75: Loss = 0.0024
2025-06-07 20:19:48,748 - __main__ - INFO - Epoch 37/75: Loss = 0.0024
2025-06-07 20:19:49,161 - __main__ - INFO - Epoch 38/75: Loss = 0.0024
2025-06-07 20:19:49,568 - __main__ - INFO - Epoch 39/75: Loss = 0.0024
2025-06-07 20:19:49,989 - __main__ - INFO - Epoch 40/75: Loss = 0.0024
2025-06-07 20:19:50,400 - __main__ - INFO - Epoch 41/75: Loss = 0.0024
2025-06-07 20:19:50,810 - __main__ - INFO - Epoch 42/75: Loss = 0.0024
2025-06-07 20:19:51,223 - __main__ - INFO - Epoch 43/75: Loss = 0.0024
2025-06-07 20:19:51,650 - __main__ - INFO - Epoch 44/75: Loss = 0.0024
2025-06-07 20:19:52,083 - __main__ - INFO - Epoch 45/75: Loss = 0.0024
2025-06-07 20:19:52,516 - __main__ - INFO - Epoch 46/75: Loss = 0.0024
2025-06-07 20:19:52,956 - __main__ - INFO - Epoch 47/75: Loss = 0.0024
2025-06-07 20:19:53,381 - __main__ - INFO - Epoch 48/75: Loss = 0.0024
2025-06-07 20:19:53,744 - __main__ - INFO - Epoch 49/75: Loss = 0.0024
2025-06-07 20:19:54,142 - __main__ - INFO - Epoch 50/75: Loss = 0.0024
2025-06-07 20:19:54,578 - __main__ - INFO - Epoch 51/75: Loss = 0.0024
2025-06-07 20:19:55,001 - __main__ - INFO - Epoch 52/75: Loss = 0.0024
2025-06-07 20:19:55,451 - __main__ - INFO - Epoch 53/75: Loss = 0.0024
2025-06-07 20:19:55,858 - __main__ - INFO - Epoch 54/75: Loss = 0.0024
2025-06-07 20:19:56,254 - __main__ - INFO - Epoch 55/75: Loss = 0.0024
2025-06-07 20:19:56,659 - __main__ - INFO - Epoch 56/75: Loss = 0.0024
2025-06-07 20:19:57,068 - __main__ - INFO - Epoch 57/75: Loss = 0.0024
2025-06-07 20:19:57,464 - __main__ - INFO - Epoch 58/75: Loss = 0.0024
2025-06-07 20:19:57,893 - __main__ - INFO - Epoch 59/75: Loss = 0.0024
2025-06-07 20:19:58,312 - __main__ - INFO - Epoch 60/75: Loss = 0.0024
2025-06-07 20:19:58,743 - __main__ - INFO - Epoch 61/75: Loss = 0.0024
2025-06-07 20:19:59,172 - __main__ - INFO - Epoch 62/75: Loss = 0.0024
2025-06-07 20:19:59,616 - __main__ - INFO - Epoch 63/75: Loss = 0.0024
2025-06-07 20:20:00,083 - __main__ - INFO - Epoch 64/75: Loss = 0.0024
2025-06-07 20:20:00,539 - __main__ - INFO - Epoch 65/75: Loss = 0.0023
2025-06-07 20:20:01,000 - __main__ - INFO - Epoch 66/75: Loss = 0.0023
2025-06-07 20:20:01,426 - __main__ - INFO - Epoch 67/75: Loss = 0.0023
2025-06-07 20:20:01,824 - __main__ - INFO - Epoch 68/75: Loss = 0.0023
2025-06-07 20:20:02,239 - __main__ - INFO - Epoch 69/75: Loss = 0.0023
2025-06-07 20:20:02,671 - __main__ - INFO - Epoch 70/75: Loss = 0.0023
2025-06-07 20:20:03,090 - __main__ - INFO - Epoch 71/75: Loss = 0.0023
2025-06-07 20:20:03,510 - __main__ - INFO - Epoch 72/75: Loss = 0.0023
2025-06-07 20:20:03,939 - __main__ - INFO - Epoch 73/75: Loss = 0.0023
2025-06-07 20:20:04,403 - __main__ - INFO - Epoch 74/75: Loss = 0.0023
2025-06-07 20:20:04,848 - __main__ - INFO - Epoch 75/75: Loss = 0.0023
2025-06-07 20:20:05,102 - __main__ - INFO - ✅ Hybrid-Embeddings gespeichert unter /opt/***/data/processed/hybrid_deep_embedding.csv
2025-06-07 20:20:05,102 - __main__ - INFO - ✅ Hybrid-Embeddings gespeichert unter /opt/***/data/processed/hybrid_deep_embedding.csv
2025-06-07 20:20:05,115 - __main__ - INFO - ✅ Deep KNN Modell gespeichert unter /opt/***/models/hybrid_deep_knn.pkl
2025/06/07 20:20:20 INFO mlflow.pyfunc: Validating input example against model signature

Downloading artifacts:   0%|          | 0/1 [00:00<?, ?it/s]
Downloading artifacts: 100%|██████████| 1/1 [00:00<00:00, 71.79it/s]
Downloading artifacts: 100%|██████████| 1/1 [00:00<00:00, 71.06it/s]
Registered model 'hybrid_deep_model' already exists. Creating a new version of this model...
2025/06/07 20:20:37 INFO mlflow.store.model_registry.abstract_store: Waiting up to 300 seconds for model version to finish creation. Model name: hybrid_deep_model, version 20
Created version '20' of model 'hybrid_deep_model'.
2025-06-07 20:21:00,779 - __main__ - INFO - 📝 Tags für Modellversion 20 gesetzt: n_neighbors=40, latent_dim=32, tfidf_features=1729, epochs=75
2025-06-07 20:21:04,777 - __main__ - INFO - 🏁 Deep Hybrid-Model Training abgeschlossen und geloggt.

[2025-06-07T20:21:05.785+0000] {python.py:201} INFO - Done. Returned value was: None
[2025-06-07T20:21:05.794+0000] {taskinstance.py:1138} INFO - Marking task as SUCCESS. dag_id=deep_models_pipeline, task_id=train_deep_hybrid_model, execution_date=20250607T201900, start_date=20250607T201900, end_date=20250607T202105
[2025-06-07T20:21:05.834+0000] {local_task_job_runner.py:234} INFO - Task exited with return code 0
[2025-06-07T20:21:05.848+0000] {taskinstance.py:3280} INFO - 0 downstream tasks scheduled from follow-on schedule check
