[2025-06-08T19:29:22.121+0000] {taskinstance.py:1956} INFO - Dependencies all met for dep_context=non-requeueable deps ti=<TaskInstance: deep_models_pipeline.import_raw_data manual__2025-06-08T19:29:21.714237+00:00 [queued]>
[2025-06-08T19:29:22.128+0000] {taskinstance.py:1956} INFO - Dependencies all met for dep_context=requeueable deps ti=<TaskInstance: deep_models_pipeline.import_raw_data manual__2025-06-08T19:29:21.714237+00:00 [queued]>
[2025-06-08T19:29:22.129+0000] {taskinstance.py:2170} INFO - Starting attempt 1 of 3
[2025-06-08T19:29:22.139+0000] {taskinstance.py:2191} INFO - Executing <Task(PythonOperator): import_raw_data> on 2025-06-08 19:29:21.714237+00:00
[2025-06-08T19:29:22.147+0000] {standard_task_runner.py:60} INFO - Started process 199 to run task
[2025-06-08T19:29:22.149+0000] {standard_task_runner.py:87} INFO - Running: ['***', 'tasks', 'run', 'deep_models_pipeline', 'import_raw_data', 'manual__2025-06-08T19:29:21.714237+00:00', '--job-id', '3376', '--raw', '--subdir', 'DAGS_FOLDER/train_deep_model_dag.py', '--cfg-path', '/tmp/tmpn1moxiyy']
[2025-06-08T19:29:22.151+0000] {standard_task_runner.py:88} INFO - Job 3376: Subtask import_raw_data
[2025-06-08T19:29:22.191+0000] {task_command.py:423} INFO - Running <TaskInstance: deep_models_pipeline.import_raw_data manual__2025-06-08T19:29:21.714237+00:00 [running]> on host dbf42b316bce
[2025-06-08T19:29:22.264+0000] {taskinstance.py:2480} INFO - Exporting env vars: AIRFLOW_CTX_DAG_OWNER='***' AIRFLOW_CTX_DAG_ID='deep_models_pipeline' AIRFLOW_CTX_TASK_ID='import_raw_data' AIRFLOW_CTX_EXECUTION_DATE='2025-06-08T19:29:21.714237+00:00' AIRFLOW_CTX_TRY_NUMBER='1' AIRFLOW_CTX_DAG_RUN_ID='manual__2025-06-08T19:29:21.714237+00:00'
[2025-06-08T19:29:22.266+0000] {train_deep_model_dag.py:13} INFO - 🟦 Running command: python /opt/***/src/data/import_raw_data.py
[2025-06-08T19:30:15.928+0000] {train_deep_model_dag.py:20} INFO - 🟩 [stdout]:

To track the changes with git, run:

	git add data/processed/hybrid_deep_embedding_best.csv.dvc

To enable auto staging, run:

	dvc config core.autostage true
[master 5198ec0] Track new best embedding (validate pipeline)
 1 file changed, 2 insertions(+), 2 deletions(-)
Everything is up to date.
rm 'data/processed/hybrid_deep_embedding_best.csv.dvc'
[master cea6181] Remove .dvc file for best embedding
 1 file changed, 5 deletions(-)
 delete mode 100644 data/processed/hybrid_deep_embedding_best.csv.dvc

[2025-06-08T19:30:15.929+0000] {train_deep_model_dag.py:22} WARNING - 🟨 [stderr]:
2025-06-08 19:29:48,150 - root - INFO - ✅ dvc add erfolgreich.
2025-06-08 19:29:48,199 - root - INFO - ✅ git add erfolgreich.
2025-06-08 19:29:48,815 - root - INFO - ✅ git commit erfolgreich.
2025-06-08 19:30:15,232 - root - INFO - ✅ DVC add, git commit & push für Best-Embedding abgeschlossen!
2025-06-08 19:30:15,234 - root - INFO - ✅ /opt/***/data/processed/hybrid_deep_embedding_best.csv.dvc gelöscht (lokal).
2025-06-08 19:30:15,278 - root - INFO - ✅ /opt/***/data/processed/hybrid_deep_embedding_best.csv.dvc aus Git entfernt.
2025-06-08 19:30:15,546 - root - INFO - ✅ git commit (Remove .dvc file) erfolgreich.
fatal: could not read Username for 'https://github.com': No such device or address
2025-06-08 19:30:15,907 - root - ERROR - ❌ Fehler beim DVC push und Entfernen der _best-Embedding-Datei: Command '['git', 'push']' returned non-zero exit status 128.
2025-06-08 19:30:15,910 - root - INFO - ✅ Datei bereits vorhanden, überspringe: genome-scores.csv
2025-06-08 19:30:15,911 - root - INFO - ✅ Datei bereits vorhanden, überspringe: genome-tags.csv
2025-06-08 19:30:15,912 - root - INFO - ✅ Datei bereits vorhanden, überspringe: links.csv
2025-06-08 19:30:15,913 - root - INFO - ✅ Datei bereits vorhanden, überspringe: movies.csv
2025-06-08 19:30:15,914 - root - INFO - ✅ Datei bereits vorhanden, überspringe: ratings.csv
2025-06-08 19:30:15,915 - root - INFO - ✅ Datei bereits vorhanden, überspringe: README.txt
2025-06-08 19:30:15,916 - root - INFO - ✅ Datei bereits vorhanden, überspringe: tags.csv
2025-06-08 19:30:15,916 - root - INFO - ✅ Rohdatenprüfung abgeschlossen.

[2025-06-08T19:30:15.930+0000] {python.py:201} INFO - Done. Returned value was: None
[2025-06-08T19:30:15.937+0000] {taskinstance.py:1138} INFO - Marking task as SUCCESS. dag_id=deep_models_pipeline, task_id=import_raw_data, execution_date=20250608T192921, start_date=20250608T192922, end_date=20250608T193015
[2025-06-08T19:30:15.954+0000] {local_task_job_runner.py:234} INFO - Task exited with return code 0
[2025-06-08T19:30:15.971+0000] {taskinstance.py:3280} INFO - 1 downstream tasks scheduled from follow-on schedule check
