[2025-06-08T23:47:31.630+0000] {taskinstance.py:1956} INFO - Dependencies all met for dep_context=non-requeueable deps ti=<TaskInstance: deep_models_pipeline.train_deep_hybrid_model manual__2025-06-08T23:47:26.743450+00:00 [queued]>
[2025-06-08T23:47:31.636+0000] {taskinstance.py:1956} INFO - Dependencies all met for dep_context=requeueable deps ti=<TaskInstance: deep_models_pipeline.train_deep_hybrid_model manual__2025-06-08T23:47:26.743450+00:00 [queued]>
[2025-06-08T23:47:31.636+0000] {taskinstance.py:2170} INFO - Starting attempt 1 of 3
[2025-06-08T23:47:31.645+0000] {taskinstance.py:2191} INFO - Executing <Task(PythonOperator): train_deep_hybrid_model> on 2025-06-08 23:47:26.743450+00:00
[2025-06-08T23:47:31.651+0000] {standard_task_runner.py:60} INFO - Started process 315 to run task
[2025-06-08T23:47:31.653+0000] {standard_task_runner.py:87} INFO - Running: ['***', 'tasks', 'run', 'deep_models_pipeline', 'train_deep_hybrid_model', 'manual__2025-06-08T23:47:26.743450+00:00', '--job-id', '3610', '--raw', '--subdir', 'DAGS_FOLDER/train_deep_model_dag.py', '--cfg-path', '/tmp/tmp92ba299t']
[2025-06-08T23:47:31.654+0000] {standard_task_runner.py:88} INFO - Job 3610: Subtask train_deep_hybrid_model
[2025-06-08T23:47:31.683+0000] {task_command.py:423} INFO - Running <TaskInstance: deep_models_pipeline.train_deep_hybrid_model manual__2025-06-08T23:47:26.743450+00:00 [running]> on host df287bab431b
[2025-06-08T23:47:31.737+0000] {taskinstance.py:2480} INFO - Exporting env vars: AIRFLOW_CTX_DAG_OWNER='***' AIRFLOW_CTX_DAG_ID='deep_models_pipeline' AIRFLOW_CTX_TASK_ID='train_deep_hybrid_model' AIRFLOW_CTX_EXECUTION_DATE='2025-06-08T23:47:26.743450+00:00' AIRFLOW_CTX_TRY_NUMBER='1' AIRFLOW_CTX_DAG_RUN_ID='manual__2025-06-08T23:47:26.743450+00:00'
[2025-06-08T23:47:31.741+0000] {train_deep_model_dag.py:13} INFO - 🟦 Running command: python /opt/***/src/models/train_hybrid_deep_model.py --n_neighbors=10 --latent_dim=64 --epochs=30 --tfidf_features=300
[2025-06-08T23:48:30.299+0000] {train_deep_model_dag.py:20} INFO - 🟩 [stdout]:
🏃 View run train_hybrid_deep_model at: https://dagshub.com/sacer11/MLOps_movie_rec_apr25.mlflow/#/experiments/10/runs/16d7688d4e31498d85aaa7a73b426f6e
🧪 View experiment at: https://dagshub.com/sacer11/MLOps_movie_rec_apr25.mlflow/#/experiments/10

[2025-06-08T23:48:30.300+0000] {train_deep_model_dag.py:22} WARNING - 🟨 [stderr]:
2025-06-08 23:47:35,436 - __main__ - INFO - 📥 Lade Rohdaten und baue Hybrid-Feature-Matrix ...
2025-06-08 23:47:40,472 - __main__ - INFO - 📐 Hybrid-Matrix erstellt mit Shape: (10381, 1429), Feature-Namen: 1429
2025-06-08 23:47:50,316 - __main__ - INFO - 💾 Hybrid-Matrix gespeichert unter /opt/***/data/processed/hybrid_matrix.csv
2025-06-08 23:47:50,399 - __main__ - INFO - 🚀 Starte Training Autoencoder ...
2025-06-08 23:47:51,202 - __main__ - INFO - Epoch 1/30: Loss = 0.0119
2025-06-08 23:47:51,501 - __main__ - INFO - Epoch 2/30: Loss = 0.0069
2025-06-08 23:47:51,800 - __main__ - INFO - Epoch 3/30: Loss = 0.0059
2025-06-08 23:47:52,038 - __main__ - INFO - Epoch 4/30: Loss = 0.0055
2025-06-08 23:47:52,290 - __main__ - INFO - Epoch 5/30: Loss = 0.0051
2025-06-08 23:47:52,522 - __main__ - INFO - Epoch 6/30: Loss = 0.0049
2025-06-08 23:47:52,762 - __main__ - INFO - Epoch 7/30: Loss = 0.0048
2025-06-08 23:47:53,003 - __main__ - INFO - Epoch 8/30: Loss = 0.0046
2025-06-08 23:47:53,250 - __main__ - INFO - Epoch 9/30: Loss = 0.0045
2025-06-08 23:47:53,507 - __main__ - INFO - Epoch 10/30: Loss = 0.0044
2025-06-08 23:47:53,754 - __main__ - INFO - Epoch 11/30: Loss = 0.0044
2025-06-08 23:47:54,003 - __main__ - INFO - Epoch 12/30: Loss = 0.0043
2025-06-08 23:47:54,239 - __main__ - INFO - Epoch 13/30: Loss = 0.0042
2025-06-08 23:47:54,471 - __main__ - INFO - Epoch 14/30: Loss = 0.0042
2025-06-08 23:47:54,712 - __main__ - INFO - Epoch 15/30: Loss = 0.0041
2025-06-08 23:47:54,964 - __main__ - INFO - Epoch 16/30: Loss = 0.0041
2025-06-08 23:47:55,207 - __main__ - INFO - Epoch 17/30: Loss = 0.0041
2025-06-08 23:47:55,455 - __main__ - INFO - Epoch 18/30: Loss = 0.0040
2025-06-08 23:47:55,718 - __main__ - INFO - Epoch 19/30: Loss = 0.0040
2025-06-08 23:47:55,970 - __main__ - INFO - Epoch 20/30: Loss = 0.0040
2025-06-08 23:47:56,207 - __main__ - INFO - Epoch 21/30: Loss = 0.0040
2025-06-08 23:47:56,438 - __main__ - INFO - Epoch 22/30: Loss = 0.0039
2025-06-08 23:47:56,666 - __main__ - INFO - Epoch 23/30: Loss = 0.0039
2025-06-08 23:47:56,918 - __main__ - INFO - Epoch 24/30: Loss = 0.0039
2025-06-08 23:47:57,202 - __main__ - INFO - Epoch 25/30: Loss = 0.0039
2025-06-08 23:47:57,462 - __main__ - INFO - Epoch 26/30: Loss = 0.0039
2025-06-08 23:47:57,747 - __main__ - INFO - Epoch 27/30: Loss = 0.0039
2025-06-08 23:47:58,055 - __main__ - INFO - Epoch 28/30: Loss = 0.0039
2025-06-08 23:47:58,301 - __main__ - INFO - Epoch 29/30: Loss = 0.0038
2025-06-08 23:47:58,538 - __main__ - INFO - Epoch 30/30: Loss = 0.0038
2025-06-08 23:47:58,983 - __main__ - INFO - ✅ Hybrid-Embeddings gespeichert unter /opt/***/data/processed/hybrid_deep_embedding.csv
2025-06-08 23:47:58,983 - __main__ - INFO - ✅ Hybrid-Embeddings gespeichert unter /opt/***/data/processed/hybrid_deep_embedding.csv
2025-06-08 23:47:59,000 - __main__ - INFO - ✅ Deep KNN Modell gespeichert unter /opt/***/models/hybrid_deep_knn.pkl
2025/06/08 23:48:05 INFO mlflow.pyfunc: Validating input example against model signature

Downloading artifacts:   0%|          | 0/1 [00:00<?, ?it/s]
Downloading artifacts: 100%|██████████| 1/1 [00:00<00:00, 45.81it/s]
Downloading artifacts: 100%|██████████| 1/1 [00:00<00:00, 45.40it/s]
Registered model 'hybrid_deep_model' already exists. Creating a new version of this model...
2025/06/08 23:48:14 INFO mlflow.store.model_registry.abstract_store: Waiting up to 300 seconds for model version to finish creation. Model name: hybrid_deep_model, version 64
Created version '64' of model 'hybrid_deep_model'.
2025-06-08 23:48:27,292 - __main__ - INFO - 📝 Tags für Modellversion 64 gesetzt: n_neighbors=10, latent_dim=64, tfidf_features=300, epochs=30
2025-06-08 23:48:29,303 - __main__ - INFO - 🏁 Deep Hybrid-Model Training abgeschlossen und geloggt.

[2025-06-08T23:48:30.300+0000] {python.py:201} INFO - Done. Returned value was: None
[2025-06-08T23:48:30.308+0000] {taskinstance.py:1138} INFO - Marking task as SUCCESS. dag_id=deep_models_pipeline, task_id=train_deep_hybrid_model, execution_date=20250608T234726, start_date=20250608T234731, end_date=20250608T234830
[2025-06-08T23:48:30.354+0000] {local_task_job_runner.py:234} INFO - Task exited with return code 0
[2025-06-08T23:48:30.371+0000] {taskinstance.py:3280} INFO - 1 downstream tasks scheduled from follow-on schedule check
