[2025-06-06T00:51:58.273+0000] {taskinstance.py:1956} INFO - Dependencies all met for dep_context=non-requeueable deps ti=<TaskInstance: deep_models_pipeline.train_deep_user_model manual__2025-06-06T00:51:52.792868+00:00 [queued]>
[2025-06-06T00:51:58.280+0000] {taskinstance.py:1956} INFO - Dependencies all met for dep_context=requeueable deps ti=<TaskInstance: deep_models_pipeline.train_deep_user_model manual__2025-06-06T00:51:52.792868+00:00 [queued]>
[2025-06-06T00:51:58.280+0000] {taskinstance.py:2170} INFO - Starting attempt 1 of 3
[2025-06-06T00:51:58.289+0000] {taskinstance.py:2191} INFO - Executing <Task(PythonOperator): train_deep_user_model> on 2025-06-06 00:51:52.792868+00:00
[2025-06-06T00:51:58.295+0000] {standard_task_runner.py:60} INFO - Started process 1943 to run task
[2025-06-06T00:51:58.297+0000] {standard_task_runner.py:87} INFO - Running: ['***', 'tasks', 'run', 'deep_models_pipeline', 'train_deep_user_model', 'manual__2025-06-06T00:51:52.792868+00:00', '--job-id', '2121', '--raw', '--subdir', 'DAGS_FOLDER/train_deep_model_dag.py', '--cfg-path', '/tmp/tmpz861qi7p']
[2025-06-06T00:51:58.298+0000] {standard_task_runner.py:88} INFO - Job 2121: Subtask train_deep_user_model
[2025-06-06T00:51:58.330+0000] {task_command.py:423} INFO - Running <TaskInstance: deep_models_pipeline.train_deep_user_model manual__2025-06-06T00:51:52.792868+00:00 [running]> on host 26ba7f5980a4
[2025-06-06T00:51:58.383+0000] {taskinstance.py:2480} INFO - Exporting env vars: AIRFLOW_CTX_DAG_OWNER='***' AIRFLOW_CTX_DAG_ID='deep_models_pipeline' AIRFLOW_CTX_TASK_ID='train_deep_user_model' AIRFLOW_CTX_EXECUTION_DATE='2025-06-06T00:51:52.792868+00:00' AIRFLOW_CTX_TRY_NUMBER='1' AIRFLOW_CTX_DAG_RUN_ID='manual__2025-06-06T00:51:52.792868+00:00'
[2025-06-06T00:51:58.384+0000] {train_deep_model_dag.py:13} INFO - 🟦 Running command: python /opt/***/src/models/train_user_deep_model.py --n_neighbors=10 --latent_dim=40
[2025-06-06T00:57:23.568+0000] {train_deep_model_dag.py:20} INFO - 🟩 [stdout]:
🏃 View run train_user_deep_model at: https://dagshub.com/sacer11/MLOps_movie_rec_apr25.mlflow/#/experiments/6/runs/eb6758a1616a479282e8a9a39d0e974c
🧪 View experiment at: https://dagshub.com/sacer11/MLOps_movie_rec_apr25.mlflow/#/experiments/6

[2025-06-06T00:57:23.569+0000] {train_deep_model_dag.py:22} WARNING - 🟨 [stderr]:
/home/***/.local/lib/python3.10/site-packages/mlflow/pyfunc/utils/data_validation.py:186: UserWarning: [33mAdd type hints to the `predict` method to enable data validation and automatic signature inference during model logging. Check https://mlflow.org/docs/latest/model/python_model.html#type-hint-usage-in-pythonmodel for more details.[0m
  color_warning(
2025-06-06 00:55:05,543 - __main__ - INFO - Epoch 1/25: Loss = 0.0005
2025-06-06 00:55:07,934 - __main__ - INFO - Epoch 2/25: Loss = 0.0000
2025-06-06 00:55:10,310 - __main__ - INFO - Epoch 3/25: Loss = 0.0000
2025-06-06 00:55:12,734 - __main__ - INFO - Epoch 4/25: Loss = 0.0000
2025-06-06 00:55:15,095 - __main__ - INFO - Epoch 5/25: Loss = 0.0000
2025-06-06 00:55:17,446 - __main__ - INFO - Epoch 6/25: Loss = 0.0000
2025-06-06 00:55:19,832 - __main__ - INFO - Epoch 7/25: Loss = 0.0000
2025-06-06 00:55:22,129 - __main__ - INFO - Epoch 8/25: Loss = 0.0000
2025-06-06 00:55:24,408 - __main__ - INFO - Epoch 9/25: Loss = 0.0000
2025-06-06 00:55:26,768 - __main__ - INFO - Epoch 10/25: Loss = 0.0000
2025-06-06 00:55:29,131 - __main__ - INFO - Epoch 11/25: Loss = 0.0000
2025-06-06 00:55:31,415 - __main__ - INFO - Epoch 12/25: Loss = 0.0000
2025-06-06 00:55:33,709 - __main__ - INFO - Epoch 13/25: Loss = 0.0000
2025-06-06 00:55:36,117 - __main__ - INFO - Epoch 14/25: Loss = 0.0000
2025-06-06 00:55:38,450 - __main__ - INFO - Epoch 15/25: Loss = 0.0000
2025-06-06 00:55:40,791 - __main__ - INFO - Epoch 16/25: Loss = 0.0000
2025-06-06 00:55:43,115 - __main__ - INFO - Epoch 17/25: Loss = 0.0000
2025-06-06 00:55:45,337 - __main__ - INFO - Epoch 18/25: Loss = 0.0000
2025-06-06 00:55:47,726 - __main__ - INFO - Epoch 19/25: Loss = 0.0000
2025-06-06 00:55:50,092 - __main__ - INFO - Epoch 20/25: Loss = 0.0000
2025-06-06 00:55:52,365 - __main__ - INFO - Epoch 21/25: Loss = 0.0000
2025-06-06 00:55:54,679 - __main__ - INFO - Epoch 22/25: Loss = 0.0000
2025-06-06 00:55:56,962 - __main__ - INFO - Epoch 23/25: Loss = 0.0000
2025-06-06 00:55:59,347 - __main__ - INFO - Epoch 24/25: Loss = 0.0000
2025-06-06 00:56:01,669 - __main__ - INFO - Epoch 25/25: Loss = 0.0000
2025-06-06 00:56:05,486 - __main__ - INFO - ✅ User-Embeddings gespeichert unter /opt/***/data/processed/user_deep_embedding.csv
2025-06-06 00:56:06,229 - __main__ - INFO - ✅ Deep KNN Modell gespeichert unter /opt/***/models/user_deep_knn.pkl
2025/06/06 00:56:41 INFO mlflow.pyfunc: Validating input example against model signature

Downloading artifacts:   0%|          | 0/1 [00:00<?, ?it/s]
Downloading artifacts: 100%|██████████| 1/1 [00:00<00:00,  2.10it/s]
Downloading artifacts: 100%|██████████| 1/1 [00:00<00:00,  2.10it/s]
Downloading artifacts: 100%|██████████| 1/1 [00:00<00:00,  2.10it/s]
Registered model 'user_deep_model' already exists. Creating a new version of this model...
2025/06/06 00:57:18 INFO mlflow.store.model_registry.abstract_store: Waiting up to 300 seconds for model version to finish creation. Model name: user_deep_model, version 11
Created version '11' of model 'user_deep_model'.
2025-06-06 00:57:20,383 - __main__ - INFO - 📝 Tags für Modellversion 11 gesetzt: n_neighbors=10, latent_dim=40
2025-06-06 00:57:20,386 - __main__ - INFO - 💾 Persistiere Modell-Metadaten unter /opt/***/models/user_deep_model_meta.json: {'model_type': 'user_deep_knn', 'n_neighbors': 10, 'latent_dim': 40, 'algorithm': 'ball_tree', 'epochs': 25, 'run_id': 'eb6758a1616a479282e8a9a39d0e974c', 'version': '11', 'persisted_at': '2025-06-06T00:57:20.383495'}
2025-06-06 00:57:22,015 - __main__ - INFO - 🏁 Deep User-Model Training abgeschlossen und geloggt.

[2025-06-06T00:57:23.570+0000] {python.py:201} INFO - Done. Returned value was: None
[2025-06-06T00:57:23.579+0000] {taskinstance.py:1138} INFO - Marking task as SUCCESS. dag_id=deep_models_pipeline, task_id=train_deep_user_model, execution_date=20250606T005152, start_date=20250606T005158, end_date=20250606T005723
[2025-06-06T00:57:23.624+0000] {local_task_job_runner.py:234} INFO - Task exited with return code 0
[2025-06-06T00:57:23.644+0000] {taskinstance.py:3280} INFO - 1 downstream tasks scheduled from follow-on schedule check
