[2025-06-02T05:16:47.735+0000] {taskinstance.py:1956} INFO - Dependencies all met for dep_context=non-requeueable deps ti=<TaskInstance: movie_recommendation_pipeline.predict_best_model manual__2025-06-02T05:09:39.789421+00:00 [queued]>
[2025-06-02T05:16:47.741+0000] {taskinstance.py:1956} INFO - Dependencies all met for dep_context=requeueable deps ti=<TaskInstance: movie_recommendation_pipeline.predict_best_model manual__2025-06-02T05:09:39.789421+00:00 [queued]>
[2025-06-02T05:16:47.742+0000] {taskinstance.py:2170} INFO - Starting attempt 1 of 3
[2025-06-02T05:16:47.751+0000] {taskinstance.py:2191} INFO - Executing <Task(PythonOperator): predict_best_model> on 2025-06-02 05:09:39.789421+00:00
[2025-06-02T05:16:47.758+0000] {standard_task_runner.py:60} INFO - Started process 1243 to run task
[2025-06-02T05:16:47.759+0000] {standard_task_runner.py:87} INFO - Running: ['***', 'tasks', 'run', 'movie_recommendation_pipeline', 'predict_best_model', 'manual__2025-06-02T05:09:39.789421+00:00', '--job-id', '1489', '--raw', '--subdir', 'DAGS_FOLDER/mlops_movie_dag.py', '--cfg-path', '/tmp/tmp6mr646mr']
[2025-06-02T05:16:47.761+0000] {standard_task_runner.py:88} INFO - Job 1489: Subtask predict_best_model
[2025-06-02T05:16:47.793+0000] {task_command.py:423} INFO - Running <TaskInstance: movie_recommendation_pipeline.predict_best_model manual__2025-06-02T05:09:39.789421+00:00 [running]> on host f568c1e83ae4
[2025-06-02T05:16:47.853+0000] {taskinstance.py:2480} INFO - Exporting env vars: AIRFLOW_CTX_DAG_OWNER='***' AIRFLOW_CTX_DAG_ID='movie_recommendation_pipeline' AIRFLOW_CTX_TASK_ID='predict_best_model' AIRFLOW_CTX_EXECUTION_DATE='2025-06-02T05:09:39.789421+00:00' AIRFLOW_CTX_TRY_NUMBER='1' AIRFLOW_CTX_DAG_RUN_ID='manual__2025-06-02T05:09:39.789421+00:00'
[2025-06-02T05:16:47.854+0000] {mlops_movie_dag.py:12} INFO - 🟦 Running command: python /opt/***/src/models/predict_best_model.py
[2025-06-02T05:16:58.914+0000] {mlops_movie_dag.py:19} INFO - 🟩 [stdout]:
🏃 View run predict_best_model at: https://dagshub.com/sacer11/MLOps_movie_rec_apr25.mlflow/#/experiments/3/runs/8d5af8938a1b4a86ad65f15a68d86fc2
🧪 View experiment at: https://dagshub.com/sacer11/MLOps_movie_rec_apr25.mlflow/#/experiments/3

[2025-06-02T05:16:58.915+0000] {mlops_movie_dag.py:21} WARNING - 🟨 [stderr]:
2025-06-02 05:16:49,808 - INFO - 🚀 Starte Vorhersage mit MLflow Registry & DVC-Modell
2025-06-02 05:16:50,041 - INFO - 🔎 Bestes Modell laut Registry: Typ='hybrid', Version=97
2025-06-02 05:16:50,973 - INFO - 📦 Modell geladen: /opt/***/models/hybrid_model.pkl
2025-06-02 05:16:53,723 - INFO - 📥 Eingabematrix geladen: /opt/***/data/processed/hybrid_matrix.csv – Shape: (10381, 1428)
/home/***/.local/lib/python3.10/site-packages/sklearn/base.py:458: UserWarning: X has feature names, but NearestNeighbors was fitted without feature names
  warnings.warn(
2025-06-02 05:16:53,860 - INFO - 💾 Vorhersagen gespeichert unter: /opt/***/data/predictions.csv
2025-06-02 05:16:58,584 - INFO - ✅ Predictions erfolgreich in MLflow geloggt

[2025-06-02T05:16:58.916+0000] {python.py:201} INFO - Done. Returned value was: None
[2025-06-02T05:16:58.924+0000] {taskinstance.py:1138} INFO - Marking task as SUCCESS. dag_id=movie_recommendation_pipeline, task_id=predict_best_model, execution_date=20250602T050939, start_date=20250602T051647, end_date=20250602T051658
[2025-06-02T05:16:58.964+0000] {local_task_job_runner.py:234} INFO - Task exited with return code 0
[2025-06-02T05:16:58.976+0000] {taskinstance.py:3280} INFO - 0 downstream tasks scheduled from follow-on schedule check
