[2025-06-08T21:14:08.387+0000] {taskinstance.py:1956} INFO - Dependencies all met for dep_context=non-requeueable deps ti=<TaskInstance: deep_models_pipeline.train_deep_hybrid_model manual__2025-06-08T21:14:03.448219+00:00 [queued]>
[2025-06-08T21:14:08.393+0000] {taskinstance.py:1956} INFO - Dependencies all met for dep_context=requeueable deps ti=<TaskInstance: deep_models_pipeline.train_deep_hybrid_model manual__2025-06-08T21:14:03.448219+00:00 [queued]>
[2025-06-08T21:14:08.393+0000] {taskinstance.py:2170} INFO - Starting attempt 1 of 3
[2025-06-08T21:14:08.406+0000] {taskinstance.py:2191} INFO - Executing <Task(PythonOperator): train_deep_hybrid_model> on 2025-06-08 21:14:03.448219+00:00
[2025-06-08T21:14:08.409+0000] {standard_task_runner.py:60} INFO - Started process 1821 to run task
[2025-06-08T21:14:08.411+0000] {standard_task_runner.py:87} INFO - Running: ['***', 'tasks', 'run', 'deep_models_pipeline', 'train_deep_hybrid_model', 'manual__2025-06-08T21:14:03.448219+00:00', '--job-id', '3507', '--raw', '--subdir', 'DAGS_FOLDER/train_deep_model_dag.py', '--cfg-path', '/tmp/tmpremq4tvs']
[2025-06-08T21:14:08.412+0000] {standard_task_runner.py:88} INFO - Job 3507: Subtask train_deep_hybrid_model
[2025-06-08T21:14:08.443+0000] {task_command.py:423} INFO - Running <TaskInstance: deep_models_pipeline.train_deep_hybrid_model manual__2025-06-08T21:14:03.448219+00:00 [running]> on host 2049a80cedbe
[2025-06-08T21:14:08.498+0000] {taskinstance.py:2480} INFO - Exporting env vars: AIRFLOW_CTX_DAG_OWNER='***' AIRFLOW_CTX_DAG_ID='deep_models_pipeline' AIRFLOW_CTX_TASK_ID='train_deep_hybrid_model' AIRFLOW_CTX_EXECUTION_DATE='2025-06-08T21:14:03.448219+00:00' AIRFLOW_CTX_TRY_NUMBER='1' AIRFLOW_CTX_DAG_RUN_ID='manual__2025-06-08T21:14:03.448219+00:00'
[2025-06-08T21:14:08.499+0000] {train_deep_model_dag.py:13} INFO - 🟦 Running command: python /opt/***/src/models/train_hybrid_deep_model.py --n_neighbors=58 --latent_dim=32 --epochs=75 --tfidf_features=2201
[2025-06-08T21:15:44.484+0000] {train_deep_model_dag.py:20} INFO - 🟩 [stdout]:
🏃 View run train_hybrid_deep_model at: https://dagshub.com/sacer11/MLOps_movie_rec_apr25.mlflow/#/experiments/10/runs/dd313d33c801414599ee7b5d64e1e138
🧪 View experiment at: https://dagshub.com/sacer11/MLOps_movie_rec_apr25.mlflow/#/experiments/10

[2025-06-08T21:15:44.485+0000] {train_deep_model_dag.py:22} WARNING - 🟨 [stderr]:
2025-06-08 21:14:11,932 - __main__ - INFO - 📥 Lade Rohdaten und baue Hybrid-Feature-Matrix ...
2025-06-08 21:14:17,153 - __main__ - INFO - 📐 Hybrid-Matrix erstellt mit Shape: (10381, 3330), Feature-Namen: 3330
2025-06-08 21:14:31,261 - __main__ - INFO - 💾 Hybrid-Matrix gespeichert unter /opt/***/data/processed/hybrid_matrix.csv
2025-06-08 21:14:31,469 - __main__ - INFO - 🚀 Starte Training Autoencoder ...
2025-06-08 21:14:32,673 - __main__ - INFO - Epoch 1/75: Loss = 0.0061
2025-06-08 21:14:33,258 - __main__ - INFO - Epoch 2/75: Loss = 0.0037
2025-06-08 21:14:33,784 - __main__ - INFO - Epoch 3/75: Loss = 0.0031
2025-06-08 21:14:34,241 - __main__ - INFO - Epoch 4/75: Loss = 0.0029
2025-06-08 21:14:34,742 - __main__ - INFO - Epoch 5/75: Loss = 0.0028
2025-06-08 21:14:35,273 - __main__ - INFO - Epoch 6/75: Loss = 0.0027
2025-06-08 21:14:35,790 - __main__ - INFO - Epoch 7/75: Loss = 0.0026
2025-06-08 21:14:36,298 - __main__ - INFO - Epoch 8/75: Loss = 0.0026
2025-06-08 21:14:36,811 - __main__ - INFO - Epoch 9/75: Loss = 0.0025
2025-06-08 21:14:37,284 - __main__ - INFO - Epoch 10/75: Loss = 0.0025
2025-06-08 21:14:37,760 - __main__ - INFO - Epoch 11/75: Loss = 0.0024
2025-06-08 21:14:38,234 - __main__ - INFO - Epoch 12/75: Loss = 0.0024
2025-06-08 21:14:38,732 - __main__ - INFO - Epoch 13/75: Loss = 0.0024
2025-06-08 21:14:39,223 - __main__ - INFO - Epoch 14/75: Loss = 0.0024
2025-06-08 21:14:39,726 - __main__ - INFO - Epoch 15/75: Loss = 0.0024
2025-06-08 21:14:40,302 - __main__ - INFO - Epoch 16/75: Loss = 0.0023
2025-06-08 21:14:40,934 - __main__ - INFO - Epoch 17/75: Loss = 0.0023
2025-06-08 21:14:41,413 - __main__ - INFO - Epoch 18/75: Loss = 0.0023
2025-06-08 21:14:41,903 - __main__ - INFO - Epoch 19/75: Loss = 0.0023
2025-06-08 21:14:42,404 - __main__ - INFO - Epoch 20/75: Loss = 0.0023
2025-06-08 21:14:42,887 - __main__ - INFO - Epoch 21/75: Loss = 0.0023
2025-06-08 21:14:43,381 - __main__ - INFO - Epoch 22/75: Loss = 0.0023
2025-06-08 21:14:43,899 - __main__ - INFO - Epoch 23/75: Loss = 0.0023
2025-06-08 21:14:44,401 - __main__ - INFO - Epoch 24/75: Loss = 0.0022
2025-06-08 21:14:44,964 - __main__ - INFO - Epoch 25/75: Loss = 0.0022
2025-06-08 21:14:45,466 - __main__ - INFO - Epoch 26/75: Loss = 0.0022
2025-06-08 21:14:45,975 - __main__ - INFO - Epoch 27/75: Loss = 0.0022
2025-06-08 21:14:46,474 - __main__ - INFO - Epoch 28/75: Loss = 0.0022
2025-06-08 21:14:47,028 - __main__ - INFO - Epoch 29/75: Loss = 0.0022
2025-06-08 21:14:47,532 - __main__ - INFO - Epoch 30/75: Loss = 0.0022
2025-06-08 21:14:48,052 - __main__ - INFO - Epoch 31/75: Loss = 0.0022
2025-06-08 21:14:48,576 - __main__ - INFO - Epoch 32/75: Loss = 0.0022
2025-06-08 21:14:49,213 - __main__ - INFO - Epoch 33/75: Loss = 0.0022
2025-06-08 21:14:49,794 - __main__ - INFO - Epoch 34/75: Loss = 0.0022
2025-06-08 21:14:50,305 - __main__ - INFO - Epoch 35/75: Loss = 0.0022
2025-06-08 21:14:50,828 - __main__ - INFO - Epoch 36/75: Loss = 0.0022
2025-06-08 21:14:51,350 - __main__ - INFO - Epoch 37/75: Loss = 0.0022
2025-06-08 21:14:51,870 - __main__ - INFO - Epoch 38/75: Loss = 0.0022
2025-06-08 21:14:52,380 - __main__ - INFO - Epoch 39/75: Loss = 0.0022
2025-06-08 21:14:52,920 - __main__ - INFO - Epoch 40/75: Loss = 0.0021
2025-06-08 21:14:53,478 - __main__ - INFO - Epoch 41/75: Loss = 0.0021
2025-06-08 21:14:54,023 - __main__ - INFO - Epoch 42/75: Loss = 0.0021
2025-06-08 21:14:54,521 - __main__ - INFO - Epoch 43/75: Loss = 0.0021
2025-06-08 21:14:55,019 - __main__ - INFO - Epoch 44/75: Loss = 0.0021
2025-06-08 21:14:55,517 - __main__ - INFO - Epoch 45/75: Loss = 0.0021
2025-06-08 21:14:55,987 - __main__ - INFO - Epoch 46/75: Loss = 0.0021
2025-06-08 21:14:56,493 - __main__ - INFO - Epoch 47/75: Loss = 0.0021
2025-06-08 21:14:56,980 - __main__ - INFO - Epoch 48/75: Loss = 0.0021
2025-06-08 21:14:57,533 - __main__ - INFO - Epoch 49/75: Loss = 0.0021
2025-06-08 21:14:58,089 - __main__ - INFO - Epoch 50/75: Loss = 0.0021
2025-06-08 21:14:58,635 - __main__ - INFO - Epoch 51/75: Loss = 0.0021
2025-06-08 21:14:59,152 - __main__ - INFO - Epoch 52/75: Loss = 0.0021
2025-06-08 21:14:59,647 - __main__ - INFO - Epoch 53/75: Loss = 0.0021
2025-06-08 21:15:00,140 - __main__ - INFO - Epoch 54/75: Loss = 0.0021
2025-06-08 21:15:00,637 - __main__ - INFO - Epoch 55/75: Loss = 0.0021
2025-06-08 21:15:01,124 - __main__ - INFO - Epoch 56/75: Loss = 0.0021
2025-06-08 21:15:01,616 - __main__ - INFO - Epoch 57/75: Loss = 0.0021
2025-06-08 21:15:02,113 - __main__ - INFO - Epoch 58/75: Loss = 0.0021
2025-06-08 21:15:02,682 - __main__ - INFO - Epoch 59/75: Loss = 0.0021
2025-06-08 21:15:03,247 - __main__ - INFO - Epoch 60/75: Loss = 0.0021
2025-06-08 21:15:03,736 - __main__ - INFO - Epoch 61/75: Loss = 0.0021
2025-06-08 21:15:04,240 - __main__ - INFO - Epoch 62/75: Loss = 0.0021
2025-06-08 21:15:04,723 - __main__ - INFO - Epoch 63/75: Loss = 0.0021
2025-06-08 21:15:05,223 - __main__ - INFO - Epoch 64/75: Loss = 0.0021
2025-06-08 21:15:05,713 - __main__ - INFO - Epoch 65/75: Loss = 0.0021
2025-06-08 21:15:06,227 - __main__ - INFO - Epoch 66/75: Loss = 0.0021
2025-06-08 21:15:06,750 - __main__ - INFO - Epoch 67/75: Loss = 0.0021
2025-06-08 21:15:07,314 - __main__ - INFO - Epoch 68/75: Loss = 0.0021
2025-06-08 21:15:07,844 - __main__ - INFO - Epoch 69/75: Loss = 0.0021
2025-06-08 21:15:08,344 - __main__ - INFO - Epoch 70/75: Loss = 0.0021
2025-06-08 21:15:08,829 - __main__ - INFO - Epoch 71/75: Loss = 0.0021
2025-06-08 21:15:09,343 - __main__ - INFO - Epoch 72/75: Loss = 0.0021
2025-06-08 21:15:09,833 - __main__ - INFO - Epoch 73/75: Loss = 0.0020
2025-06-08 21:15:10,306 - __main__ - INFO - Epoch 74/75: Loss = 0.0020
2025-06-08 21:15:10,820 - __main__ - INFO - Epoch 75/75: Loss = 0.0020
2025-06-08 21:15:11,080 - __main__ - INFO - ✅ Hybrid-Embeddings gespeichert unter /opt/***/data/processed/hybrid_deep_embedding.csv
2025-06-08 21:15:11,080 - __main__ - INFO - ✅ Hybrid-Embeddings gespeichert unter /opt/***/data/processed/hybrid_deep_embedding.csv
2025-06-08 21:15:11,091 - __main__ - INFO - ✅ Deep KNN Modell gespeichert unter /opt/***/models/hybrid_deep_knn.pkl
2025/06/08 21:15:16 INFO mlflow.pyfunc: Validating input example against model signature

Downloading artifacts:   0%|          | 0/1 [00:00<?, ?it/s]
Downloading artifacts: 100%|██████████| 1/1 [00:00<00:00, 79.94it/s]
Downloading artifacts: 100%|██████████| 1/1 [00:00<00:00, 78.66it/s]
Registered model 'hybrid_deep_model' already exists. Creating a new version of this model...
2025/06/08 21:15:28 INFO mlflow.store.model_registry.abstract_store: Waiting up to 300 seconds for model version to finish creation. Model name: hybrid_deep_model, version 53
Created version '53' of model 'hybrid_deep_model'.
2025-06-08 21:15:41,788 - __main__ - INFO - 📝 Tags für Modellversion 53 gesetzt: n_neighbors=58, latent_dim=32, tfidf_features=2201, epochs=75
2025-06-08 21:15:43,407 - __main__ - INFO - 🏁 Deep Hybrid-Model Training abgeschlossen und geloggt.

[2025-06-08T21:15:44.486+0000] {python.py:201} INFO - Done. Returned value was: None
[2025-06-08T21:15:44.495+0000] {taskinstance.py:1138} INFO - Marking task as SUCCESS. dag_id=deep_models_pipeline, task_id=train_deep_hybrid_model, execution_date=20250608T211403, start_date=20250608T211408, end_date=20250608T211544
[2025-06-08T21:15:44.512+0000] {local_task_job_runner.py:234} INFO - Task exited with return code 0
[2025-06-08T21:15:44.534+0000] {taskinstance.py:3280} INFO - 1 downstream tasks scheduled from follow-on schedule check
