[2025-06-07T02:24:49.916+0000] {taskinstance.py:1956} INFO - Dependencies all met for dep_context=non-requeueable deps ti=<TaskInstance: deep_models_pipeline.train_deep_hybrid_model manual__2025-06-07T02:24:45.110807+00:00 [queued]>
[2025-06-07T02:24:49.922+0000] {taskinstance.py:1956} INFO - Dependencies all met for dep_context=requeueable deps ti=<TaskInstance: deep_models_pipeline.train_deep_hybrid_model manual__2025-06-07T02:24:45.110807+00:00 [queued]>
[2025-06-07T02:24:49.922+0000] {taskinstance.py:2170} INFO - Starting attempt 1 of 3
[2025-06-07T02:24:49.931+0000] {taskinstance.py:2191} INFO - Executing <Task(PythonOperator): train_deep_hybrid_model> on 2025-06-07 02:24:45.110807+00:00
[2025-06-07T02:24:49.937+0000] {standard_task_runner.py:60} INFO - Started process 305 to run task
[2025-06-07T02:24:49.939+0000] {standard_task_runner.py:87} INFO - Running: ['***', 'tasks', 'run', 'deep_models_pipeline', 'train_deep_hybrid_model', 'manual__2025-06-07T02:24:45.110807+00:00', '--job-id', '2368', '--raw', '--subdir', 'DAGS_FOLDER/train_deep_model_dag.py', '--cfg-path', '/tmp/tmpk7f7d2yh']
[2025-06-07T02:24:49.940+0000] {standard_task_runner.py:88} INFO - Job 2368: Subtask train_deep_hybrid_model
[2025-06-07T02:24:49.971+0000] {task_command.py:423} INFO - Running <TaskInstance: deep_models_pipeline.train_deep_hybrid_model manual__2025-06-07T02:24:45.110807+00:00 [running]> on host dc6e260f1f90
[2025-06-07T02:24:50.025+0000] {taskinstance.py:2480} INFO - Exporting env vars: AIRFLOW_CTX_DAG_OWNER='***' AIRFLOW_CTX_DAG_ID='deep_models_pipeline' AIRFLOW_CTX_TASK_ID='train_deep_hybrid_model' AIRFLOW_CTX_EXECUTION_DATE='2025-06-07T02:24:45.110807+00:00' AIRFLOW_CTX_TRY_NUMBER='1' AIRFLOW_CTX_DAG_RUN_ID='manual__2025-06-07T02:24:45.110807+00:00'
[2025-06-07T02:24:50.026+0000] {train_deep_model_dag.py:13} INFO - 🟦 Running command: python /opt/***/src/models/train_hybrid_deep_model.py --n_neighbors=10 --latent_dim=32 --epochs=30 --tfidf_features=300
[2025-06-07T02:25:46.257+0000] {train_deep_model_dag.py:20} INFO - 🟩 [stdout]:
🏃 View run train_hybrid_deep_model at: https://dagshub.com/sacer11/MLOps_movie_rec_apr25.mlflow/#/experiments/10/runs/e77608b8b6b54165b3575d6927a7d461
🧪 View experiment at: https://dagshub.com/sacer11/MLOps_movie_rec_apr25.mlflow/#/experiments/10

[2025-06-07T02:25:46.258+0000] {train_deep_model_dag.py:22} WARNING - 🟨 [stderr]:
/home/***/.local/lib/python3.10/site-packages/mlflow/pyfunc/utils/data_validation.py:186: UserWarning: [33mAdd type hints to the `predict` method to enable data validation and automatic signature inference during model logging. Check https://mlflow.org/docs/latest/model/python_model.html#type-hint-usage-in-pythonmodel for more details.[0m
  color_warning(
2025-06-07 02:24:53,564 - __main__ - INFO - 📥 Lade Rohdaten und baue Hybrid-Feature-Matrix ...
2025-06-07 02:24:58,602 - __main__ - INFO - 📐 Hybrid-Matrix erstellt mit Shape: (10381, 1429), Feature-Namen: 1429
2025-06-07 02:25:08,282 - __main__ - INFO - 💾 Hybrid-Matrix gespeichert unter /opt/***/data/processed/hybrid_matrix.csv
2025-06-07 02:25:08,369 - __main__ - INFO - 🚀 Starte Training Autoencoder ...
2025-06-07 02:25:09,088 - __main__ - INFO - Epoch 1/30: Loss = 0.0119
2025-06-07 02:25:09,373 - __main__ - INFO - Epoch 2/30: Loss = 0.0071
2025-06-07 02:25:09,676 - __main__ - INFO - Epoch 3/30: Loss = 0.0062
2025-06-07 02:25:09,937 - __main__ - INFO - Epoch 4/30: Loss = 0.0057
2025-06-07 02:25:10,188 - __main__ - INFO - Epoch 5/30: Loss = 0.0055
2025-06-07 02:25:10,443 - __main__ - INFO - Epoch 6/30: Loss = 0.0053
2025-06-07 02:25:10,709 - __main__ - INFO - Epoch 7/30: Loss = 0.0052
2025-06-07 02:25:10,947 - __main__ - INFO - Epoch 8/30: Loss = 0.0050
2025-06-07 02:25:11,187 - __main__ - INFO - Epoch 9/30: Loss = 0.0050
2025-06-07 02:25:11,449 - __main__ - INFO - Epoch 10/30: Loss = 0.0049
2025-06-07 02:25:11,675 - __main__ - INFO - Epoch 11/30: Loss = 0.0048
2025-06-07 02:25:11,910 - __main__ - INFO - Epoch 12/30: Loss = 0.0048
2025-06-07 02:25:12,141 - __main__ - INFO - Epoch 13/30: Loss = 0.0047
2025-06-07 02:25:12,394 - __main__ - INFO - Epoch 14/30: Loss = 0.0047
2025-06-07 02:25:12,647 - __main__ - INFO - Epoch 15/30: Loss = 0.0047
2025-06-07 02:25:12,917 - __main__ - INFO - Epoch 16/30: Loss = 0.0046
2025-06-07 02:25:13,209 - __main__ - INFO - Epoch 17/30: Loss = 0.0046
2025-06-07 02:25:13,486 - __main__ - INFO - Epoch 18/30: Loss = 0.0046
2025-06-07 02:25:13,789 - __main__ - INFO - Epoch 19/30: Loss = 0.0046
2025-06-07 02:25:14,050 - __main__ - INFO - Epoch 20/30: Loss = 0.0045
2025-06-07 02:25:14,298 - __main__ - INFO - Epoch 21/30: Loss = 0.0045
2025-06-07 02:25:14,551 - __main__ - INFO - Epoch 22/30: Loss = 0.0045
2025-06-07 02:25:14,835 - __main__ - INFO - Epoch 23/30: Loss = 0.0045
2025-06-07 02:25:15,113 - __main__ - INFO - Epoch 24/30: Loss = 0.0045
2025-06-07 02:25:15,378 - __main__ - INFO - Epoch 25/30: Loss = 0.0044
2025-06-07 02:25:15,618 - __main__ - INFO - Epoch 26/30: Loss = 0.0044
2025-06-07 02:25:15,862 - __main__ - INFO - Epoch 27/30: Loss = 0.0044
2025-06-07 02:25:16,099 - __main__ - INFO - Epoch 28/30: Loss = 0.0044
2025-06-07 02:25:16,346 - __main__ - INFO - Epoch 29/30: Loss = 0.0044
2025-06-07 02:25:16,633 - __main__ - INFO - Epoch 30/30: Loss = 0.0044
2025-06-07 02:25:16,868 - __main__ - INFO - ✅ Hybrid-Embeddings gespeichert unter /opt/***/data/processed/hybrid_deep_embedding.csv
2025-06-07 02:25:16,869 - __main__ - INFO - ✅ Hybrid-Embeddings gespeichert unter /opt/***/data/processed/hybrid_deep_embedding.csv
2025-06-07 02:25:16,879 - __main__ - INFO - ✅ Deep KNN Modell gespeichert unter /opt/***/models/hybrid_deep_knn.pkl
2025/06/07 02:25:21 INFO mlflow.pyfunc: Validating input example against model signature

Downloading artifacts:   0%|          | 0/1 [00:00<?, ?it/s]
Downloading artifacts: 100%|██████████| 1/1 [00:00<00:00, 89.63it/s]
Downloading artifacts: 100%|██████████| 1/1 [00:00<00:00, 88.74it/s]
Registered model 'hybrid_deep_model' already exists. Creating a new version of this model...
2025/06/07 02:25:32 INFO mlflow.store.model_registry.abstract_store: Waiting up to 300 seconds for model version to finish creation. Model name: hybrid_deep_model, version 17
Created version '17' of model 'hybrid_deep_model'.
2025-06-07 02:25:43,123 - __main__ - INFO - 📝 Tags für Modellversion 17 gesetzt: n_neighbors=10, latent_dim=32
2025-06-07 02:25:45,141 - __main__ - INFO - 🏁 Deep Hybrid-Model Training abgeschlossen und geloggt.

[2025-06-07T02:25:46.258+0000] {python.py:201} INFO - Done. Returned value was: None
[2025-06-07T02:25:46.269+0000] {taskinstance.py:1138} INFO - Marking task as SUCCESS. dag_id=deep_models_pipeline, task_id=train_deep_hybrid_model, execution_date=20250607T022445, start_date=20250607T022449, end_date=20250607T022546
[2025-06-07T02:25:46.322+0000] {local_task_job_runner.py:234} INFO - Task exited with return code 0
[2025-06-07T02:25:46.346+0000] {taskinstance.py:3280} INFO - 1 downstream tasks scheduled from follow-on schedule check
