[2025-06-01T17:11:35.297+0000] {taskinstance.py:1956} INFO - Dependencies all met for dep_context=non-requeueable deps ti=<TaskInstance: movie_recommendation_pipeline.train_hybrid_model manual__2025-06-01T17:11:11.256198+00:00 [queued]>
[2025-06-01T17:11:35.305+0000] {taskinstance.py:1956} INFO - Dependencies all met for dep_context=requeueable deps ti=<TaskInstance: movie_recommendation_pipeline.train_hybrid_model manual__2025-06-01T17:11:11.256198+00:00 [queued]>
[2025-06-01T17:11:35.305+0000] {taskinstance.py:2170} INFO - Starting attempt 1 of 3
[2025-06-01T17:11:35.326+0000] {taskinstance.py:2191} INFO - Executing <Task(PythonOperator): train_hybrid_model> on 2025-06-01 17:11:11.256198+00:00
[2025-06-01T17:11:35.333+0000] {standard_task_runner.py:60} INFO - Started process 310 to run task
[2025-06-01T17:11:35.336+0000] {standard_task_runner.py:87} INFO - Running: ['***', 'tasks', 'run', 'movie_recommendation_pipeline', 'train_hybrid_model', 'manual__2025-06-01T17:11:11.256198+00:00', '--job-id', '1168', '--raw', '--subdir', 'DAGS_FOLDER/mlops_movie_dag.py', '--cfg-path', '/tmp/tmpmzxfn92i']
[2025-06-01T17:11:35.337+0000] {standard_task_runner.py:88} INFO - Job 1168: Subtask train_hybrid_model
[2025-06-01T17:11:35.377+0000] {task_command.py:423} INFO - Running <TaskInstance: movie_recommendation_pipeline.train_hybrid_model manual__2025-06-01T17:11:11.256198+00:00 [running]> on host c93e0a2294f2
[2025-06-01T17:11:35.448+0000] {taskinstance.py:2480} INFO - Exporting env vars: AIRFLOW_CTX_DAG_OWNER='***' AIRFLOW_CTX_DAG_ID='movie_recommendation_pipeline' AIRFLOW_CTX_TASK_ID='train_hybrid_model' AIRFLOW_CTX_EXECUTION_DATE='2025-06-01T17:11:11.256198+00:00' AIRFLOW_CTX_TRY_NUMBER='1' AIRFLOW_CTX_DAG_RUN_ID='manual__2025-06-01T17:11:11.256198+00:00'
[2025-06-01T17:13:02.058+0000] {mlops_movie_dag.py:13} INFO - 
To track the changes with git, run:

	git add models/hybrid_model.pkl.dvc

To enable auto staging, run:

	dvc config core.autostage true
Author identity unknown

*** Please tell me who you are.

Run

  git config --global user.email "you@example.com"
  git config --global user.name "Your Name"

to set your account's default identity.
Omit --global to set the identity only in this repository.

fatal: unable to auto-detect email address (got '***@c93e0a2294f2.(none)')
✅ MLFLOW_TRACKING_URI: https://dagshub.com/sacer11/MLOps_movie_rec_apr25.mlflow
🚀 Starte Hybrid-Modelltraining
📥 Rohdaten geladen
📐 Hybrid-Matrix erstellt mit Shape: (10381, 1428)
🤖 KNN-Modell trainiert
📡 MLflow-Run abgeschlossen: b25fd3f706e54cb78ea59159907c6bbe
✅ Modell gespeichert unter /opt/***/models/hybrid_model.pkl
Traceback (most recent call last):
  File "/opt/***/src/models/train_hybrid_model.py", line 120, in <module>
    train_hybrid_model()
  File "/opt/***/src/models/train_hybrid_model.py", line 104, in train_hybrid_model
    subprocess.run(["git", "commit", "-m", f"Add hybrid model for run {run_id}"], check=True)
  File "/usr/local/lib/python3.10/subprocess.py", line 526, in run
    raise CalledProcessError(retcode, process.args,
subprocess.CalledProcessError: Command '['git', 'commit', '-m', 'Add hybrid model for run b25fd3f706e54cb78ea59159907c6bbe']' returned non-zero exit status 128.

[2025-06-01T17:13:02.059+0000] {python.py:201} INFO - Done. Returned value was: None
[2025-06-01T17:13:02.069+0000] {taskinstance.py:1138} INFO - Marking task as SUCCESS. dag_id=movie_recommendation_pipeline, task_id=train_hybrid_model, execution_date=20250601T171111, start_date=20250601T171135, end_date=20250601T171302
[2025-06-01T17:13:02.106+0000] {local_task_job_runner.py:234} INFO - Task exited with return code 0
[2025-06-01T17:13:02.125+0000] {taskinstance.py:3280} INFO - 1 downstream tasks scheduled from follow-on schedule check
