[2025-06-01T14:18:42.515+0000] {taskinstance.py:1956} INFO - Dependencies all met for dep_context=non-requeueable deps ti=<TaskInstance: movie_recommendation_pipeline.train_hybrid_model manual__2025-06-01T14:18:05.342937+00:00 [queued]>
[2025-06-01T14:18:42.529+0000] {taskinstance.py:1956} INFO - Dependencies all met for dep_context=requeueable deps ti=<TaskInstance: movie_recommendation_pipeline.train_hybrid_model manual__2025-06-01T14:18:05.342937+00:00 [queued]>
[2025-06-01T14:18:42.530+0000] {taskinstance.py:2170} INFO - Starting attempt 1 of 3
[2025-06-01T14:18:42.561+0000] {taskinstance.py:2191} INFO - Executing <Task(PythonOperator): train_hybrid_model> on 2025-06-01 14:18:05.342937+00:00
[2025-06-01T14:18:42.566+0000] {standard_task_runner.py:60} INFO - Started process 477 to run task
[2025-06-01T14:18:42.568+0000] {standard_task_runner.py:87} INFO - Running: ['***', 'tasks', 'run', 'movie_recommendation_pipeline', 'train_hybrid_model', 'manual__2025-06-01T14:18:05.342937+00:00', '--job-id', '1075', '--raw', '--subdir', 'DAGS_FOLDER/mlops_movie_dag.py', '--cfg-path', '/tmp/tmp8ornlhpo']
[2025-06-01T14:18:42.570+0000] {standard_task_runner.py:88} INFO - Job 1075: Subtask train_hybrid_model
[2025-06-01T14:18:42.610+0000] {task_command.py:423} INFO - Running <TaskInstance: movie_recommendation_pipeline.train_hybrid_model manual__2025-06-01T14:18:05.342937+00:00 [running]> on host 69e06374b424
[2025-06-01T14:18:42.715+0000] {taskinstance.py:2480} INFO - Exporting env vars: AIRFLOW_CTX_DAG_OWNER='***' AIRFLOW_CTX_DAG_ID='movie_recommendation_pipeline' AIRFLOW_CTX_TASK_ID='train_hybrid_model' AIRFLOW_CTX_EXECUTION_DATE='2025-06-01T14:18:05.342937+00:00' AIRFLOW_CTX_TRY_NUMBER='1' AIRFLOW_CTX_DAG_RUN_ID='manual__2025-06-01T14:18:05.342937+00:00'
[2025-06-01T14:19:41.973+0000] {mlops_movie_dag.py:15} INFO - /home/***/.local/lib/python3.10/site-packages/_distutils_hack/__init__.py:33: UserWarning: Setuptools is replacing distutils.
  warnings.warn("Setuptools is replacing distutils.")
🚀 Starte Hybrid-Modelltraining
📥 Rohdaten erfolgreich geladen
📐 Hybrid-Matrix erstellt mit Shape: (10381, 1428)
🤖 KNN-Modell trainiert
💾 Featureliste gespeichert unter /opt/***/data/processed/hybrid_features.csv
✅ Modell & Matrix & Featureliste erfolgreich gespeichert und in MLflow geloggt

[2025-06-01T14:19:41.974+0000] {python.py:201} INFO - Done. Returned value was: None
[2025-06-01T14:19:41.986+0000] {taskinstance.py:1138} INFO - Marking task as SUCCESS. dag_id=movie_recommendation_pipeline, task_id=train_hybrid_model, execution_date=20250601T141805, start_date=20250601T141842, end_date=20250601T141941
[2025-06-01T14:19:42.027+0000] {local_task_job_runner.py:234} INFO - Task exited with return code 0
[2025-06-01T14:19:42.048+0000] {taskinstance.py:3280} INFO - 0 downstream tasks scheduled from follow-on schedule check
