[2025-06-12T22:04:50.951+0000] {taskinstance.py:1956} INFO - Dependencies all met for dep_context=non-requeueable deps ti=<TaskInstance: deep_models_pipeline.import_raw_data manual__2025-06-12T22:04:49.868862+00:00 [queued]>
[2025-06-12T22:04:50.957+0000] {taskinstance.py:1956} INFO - Dependencies all met for dep_context=requeueable deps ti=<TaskInstance: deep_models_pipeline.import_raw_data manual__2025-06-12T22:04:49.868862+00:00 [queued]>
[2025-06-12T22:04:50.957+0000] {taskinstance.py:2170} INFO - Starting attempt 1 of 3
[2025-06-12T22:04:50.966+0000] {taskinstance.py:2191} INFO - Executing <Task(PythonOperator): import_raw_data> on 2025-06-12 22:04:49.868862+00:00
[2025-06-12T22:04:50.972+0000] {standard_task_runner.py:60} INFO - Started process 249 to run task
[2025-06-12T22:04:50.974+0000] {standard_task_runner.py:87} INFO - Running: ['***', 'tasks', 'run', 'deep_models_pipeline', 'import_raw_data', 'manual__2025-06-12T22:04:49.868862+00:00', '--job-id', '115', '--raw', '--subdir', 'DAGS_FOLDER/train_deep_model_dag.py', '--cfg-path', '/tmp/tmp3c0djnx3']
[2025-06-12T22:04:50.976+0000] {standard_task_runner.py:88} INFO - Job 115: Subtask import_raw_data
[2025-06-12T22:04:51.012+0000] {task_command.py:423} INFO - Running <TaskInstance: deep_models_pipeline.import_raw_data manual__2025-06-12T22:04:49.868862+00:00 [running]> on host 1b5a75728537
[2025-06-12T22:04:51.075+0000] {taskinstance.py:2480} INFO - Exporting env vars: AIRFLOW_CTX_DAG_OWNER='***' AIRFLOW_CTX_DAG_ID='deep_models_pipeline' AIRFLOW_CTX_TASK_ID='import_raw_data' AIRFLOW_CTX_EXECUTION_DATE='2025-06-12T22:04:49.868862+00:00' AIRFLOW_CTX_TRY_NUMBER='1' AIRFLOW_CTX_DAG_RUN_ID='manual__2025-06-12T22:04:49.868862+00:00'
[2025-06-12T22:04:51.076+0000] {train_deep_model_dag.py:13} INFO - 🟦 Running command: python /opt/***/src/data/import_raw_data.py
[2025-06-12T22:04:51.282+0000] {train_deep_model_dag.py:20} INFO - 🟩 [stdout]:

[2025-06-12T22:04:51.283+0000] {train_deep_model_dag.py:22} WARNING - 🟨 [stderr]:
2025-06-12 22:04:51,266 - root - INFO - ✅ Datei bereits vorhanden, überspringe: genome-scores.csv
2025-06-12 22:04:51,267 - root - INFO - ✅ Datei bereits vorhanden, überspringe: genome-tags.csv
2025-06-12 22:04:51,268 - root - INFO - ✅ Datei bereits vorhanden, überspringe: links.csv
2025-06-12 22:04:51,269 - root - INFO - ✅ Datei bereits vorhanden, überspringe: movies.csv
2025-06-12 22:04:51,270 - root - INFO - ✅ Datei bereits vorhanden, überspringe: ratings.csv
2025-06-12 22:04:51,271 - root - INFO - ✅ Datei bereits vorhanden, überspringe: README.txt
2025-06-12 22:04:51,272 - root - INFO - ✅ Datei bereits vorhanden, überspringe: tags.csv
2025-06-12 22:04:51,272 - root - INFO - ✅ Rohdatenprüfung abgeschlossen.

[2025-06-12T22:04:51.283+0000] {python.py:201} INFO - Done. Returned value was: None
[2025-06-12T22:04:51.291+0000] {taskinstance.py:1138} INFO - Marking task as SUCCESS. dag_id=deep_models_pipeline, task_id=import_raw_data, execution_date=20250612T220449, start_date=20250612T220450, end_date=20250612T220451
[2025-06-12T22:04:51.308+0000] {local_task_job_runner.py:234} INFO - Task exited with return code 0
[2025-06-12T22:04:51.327+0000] {taskinstance.py:3280} INFO - 1 downstream tasks scheduled from follow-on schedule check
