[2025-06-04T03:48:48.929+0000] {taskinstance.py:1956} INFO - Dependencies all met for dep_context=non-requeueable deps ti=<TaskInstance: deep_models_pipeline.predict_best_model manual__2025-06-04T03:43:10.762815+00:00 [queued]>
[2025-06-04T03:48:48.935+0000] {taskinstance.py:1956} INFO - Dependencies all met for dep_context=requeueable deps ti=<TaskInstance: deep_models_pipeline.predict_best_model manual__2025-06-04T03:43:10.762815+00:00 [queued]>
[2025-06-04T03:48:48.935+0000] {taskinstance.py:2170} INFO - Starting attempt 1 of 1
[2025-06-04T03:48:48.945+0000] {taskinstance.py:2191} INFO - Executing <Task(PythonOperator): predict_best_model> on 2025-06-04 03:43:10.762815+00:00
[2025-06-04T03:48:48.951+0000] {standard_task_runner.py:60} INFO - Started process 697 to run task
[2025-06-04T03:48:48.953+0000] {standard_task_runner.py:87} INFO - Running: ['***', 'tasks', 'run', 'deep_models_pipeline', 'predict_best_model', 'manual__2025-06-04T03:43:10.762815+00:00', '--job-id', '1750', '--raw', '--subdir', 'DAGS_FOLDER/train_deep_model_dag.py', '--cfg-path', '/tmp/tmplf1caiq6']
[2025-06-04T03:48:48.954+0000] {standard_task_runner.py:88} INFO - Job 1750: Subtask predict_best_model
[2025-06-04T03:48:48.986+0000] {task_command.py:423} INFO - Running <TaskInstance: deep_models_pipeline.predict_best_model manual__2025-06-04T03:43:10.762815+00:00 [running]> on host 86e246642c4c
[2025-06-04T03:48:49.036+0000] {taskinstance.py:2480} INFO - Exporting env vars: AIRFLOW_CTX_DAG_OWNER='***' AIRFLOW_CTX_DAG_ID='deep_models_pipeline' AIRFLOW_CTX_TASK_ID='predict_best_model' AIRFLOW_CTX_EXECUTION_DATE='2025-06-04T03:43:10.762815+00:00' AIRFLOW_CTX_TRY_NUMBER='1' AIRFLOW_CTX_DAG_RUN_ID='manual__2025-06-04T03:43:10.762815+00:00'
[2025-06-04T03:48:49.037+0000] {train_deep_model_dag.py:13} INFO - 🟦 Running command: python /opt/***/src/models/predict_best_model.py --model_type=hybrid_deep_model --input_path=/opt/***/data/processed/hybrid_matrix.csv --output_path=/opt/***/data/processed/predictions_dl.csv
[2025-06-04T03:48:50.717+0000] {train_deep_model_dag.py:20} INFO - 🟩 [stdout]:

[2025-06-04T03:48:50.717+0000] {train_deep_model_dag.py:22} WARNING - 🟨 [stderr]:
usage: predict_best_model.py [-h] --model_type {hybrid,user,hybrid_dl,user_dl}
                             --input_path INPUT_PATH --output_path OUTPUT_PATH
predict_best_model.py: error: argument --model_type: invalid choice: 'hybrid_deep_model' (choose from 'hybrid', 'user', 'hybrid_dl', 'user_dl')

[2025-06-04T03:48:50.718+0000] {train_deep_model_dag.py:29} ERROR - ❌ Subprozess-Fehler (exit code 2): python /opt/***/src/models/predict_best_model.py --model_type=hybrid_deep_model --input_path=/opt/***/data/processed/hybrid_matrix.csv --output_path=/opt/***/data/processed/predictions_dl.csv
[2025-06-04T03:48:50.719+0000] {train_deep_model_dag.py:32} ERROR - ❌ Subprozess-Ausnahme: Command '['python', '/opt/***/src/models/predict_best_model.py', '--model_type=hybrid_deep_model', '--input_path=/opt/***/data/processed/hybrid_matrix.csv', '--output_path=/opt/***/data/processed/predictions_dl.csv']' returned non-zero exit status 2.
[2025-06-04T03:48:50.719+0000] {taskinstance.py:2698} ERROR - Task failed with exception
Traceback (most recent call last):
  File "/home/airflow/.local/lib/python3.10/site-packages/airflow/models/taskinstance.py", line 433, in _execute_task
    result = execute_callable(context=context, **execute_callable_kwargs)
  File "/home/airflow/.local/lib/python3.10/site-packages/airflow/operators/python.py", line 199, in execute
    return_value = self.execute_callable()
  File "/home/airflow/.local/lib/python3.10/site-packages/airflow/operators/python.py", line 216, in execute_callable
    return self.python_callable(*self.op_args, **self.op_kwargs)
  File "/opt/airflow/dags/train_deep_model_dag.py", line 71, in run_predict_best_model
    run_and_log([
  File "/opt/airflow/dags/train_deep_model_dag.py", line 30, in run_and_log
    raise subprocess.CalledProcessError(result.returncode, command)
subprocess.CalledProcessError: Command '['python', '/opt/airflow/src/models/predict_best_model.py', '--model_type=hybrid_deep_model', '--input_path=/opt/airflow/data/processed/hybrid_matrix.csv', '--output_path=/opt/airflow/data/processed/predictions_dl.csv']' returned non-zero exit status 2.
[2025-06-04T03:48:50.729+0000] {taskinstance.py:1138} INFO - Marking task as FAILED. dag_id=deep_models_pipeline, task_id=predict_best_model, execution_date=20250604T034310, start_date=20250604T034848, end_date=20250604T034850
[2025-06-04T03:48:50.744+0000] {standard_task_runner.py:107} ERROR - Failed to execute job 1750 for task predict_best_model (Command '['python', '/opt/airflow/src/models/predict_best_model.py', '--model_type=hybrid_deep_model', '--input_path=/opt/airflow/data/processed/hybrid_matrix.csv', '--output_path=/opt/airflow/data/processed/predictions_dl.csv']' returned non-zero exit status 2.; 697)
[2025-06-04T03:48:50.776+0000] {local_task_job_runner.py:234} INFO - Task exited with return code 1
[2025-06-04T03:48:50.789+0000] {taskinstance.py:3280} INFO - 0 downstream tasks scheduled from follow-on schedule check
