[2025-05-31T16:45:24.103+0000] {taskinstance.py:1956} INFO - Dependencies all met for dep_context=non-requeueable deps ti=<TaskInstance: movie_recommendation_pipeline.import_raw_data manual__2025-05-31T16:45:23.301023+00:00 [queued]>
[2025-05-31T16:45:24.109+0000] {taskinstance.py:1956} INFO - Dependencies all met for dep_context=requeueable deps ti=<TaskInstance: movie_recommendation_pipeline.import_raw_data manual__2025-05-31T16:45:23.301023+00:00 [queued]>
[2025-05-31T16:45:24.110+0000] {taskinstance.py:2170} INFO - Starting attempt 1 of 3
[2025-05-31T16:45:24.119+0000] {taskinstance.py:2191} INFO - Executing <Task(PythonOperator): import_raw_data> on 2025-05-31 16:45:23.301023+00:00
[2025-05-31T16:45:24.125+0000] {standard_task_runner.py:60} INFO - Started process 194 to run task
[2025-05-31T16:45:24.128+0000] {standard_task_runner.py:87} INFO - Running: ['***', 'tasks', 'run', 'movie_recommendation_pipeline', 'import_raw_data', 'manual__2025-05-31T16:45:23.301023+00:00', '--job-id', '292', '--raw', '--subdir', 'DAGS_FOLDER/mlops_movie_dag.py', '--cfg-path', '/tmp/tmpsn8gkawq']
[2025-05-31T16:45:24.130+0000] {standard_task_runner.py:88} INFO - Job 292: Subtask import_raw_data
[2025-05-31T16:45:24.164+0000] {task_command.py:423} INFO - Running <TaskInstance: movie_recommendation_pipeline.import_raw_data manual__2025-05-31T16:45:23.301023+00:00 [running]> on host 10b7b9151c42
[2025-05-31T16:45:24.219+0000] {taskinstance.py:2480} INFO - Exporting env vars: AIRFLOW_CTX_DAG_OWNER='***' AIRFLOW_CTX_DAG_ID='movie_recommendation_pipeline' AIRFLOW_CTX_TASK_ID='import_raw_data' AIRFLOW_CTX_EXECUTION_DATE='2025-05-31T16:45:23.301023+00:00' AIRFLOW_CTX_TRY_NUMBER='1' AIRFLOW_CTX_DAG_RUN_ID='manual__2025-05-31T16:45:23.301023+00:00'
[2025-05-31T16:45:24.393+0000] {mlops_movie_dag.py:12} INFO - 2025-05-31 16:45:24,382 - __main__ - INFO - ✅ Rohdatenprüfung abgeschlossen.
✅ Datei bereits vorhanden, überspringe: genome-scores.csv
✅ Datei bereits vorhanden, überspringe: genome-tags.csv
✅ Datei bereits vorhanden, überspringe: links.csv
✅ Datei bereits vorhanden, überspringe: movies.csv
✅ Datei bereits vorhanden, überspringe: ratings.csv
✅ Datei bereits vorhanden, überspringe: README.txt
✅ Datei bereits vorhanden, überspringe: tags.csv

[2025-05-31T16:45:24.394+0000] {python.py:201} INFO - Done. Returned value was: None
[2025-05-31T16:45:24.402+0000] {taskinstance.py:1138} INFO - Marking task as SUCCESS. dag_id=movie_recommendation_pipeline, task_id=import_raw_data, execution_date=20250531T164523, start_date=20250531T164524, end_date=20250531T164524
[2025-05-31T16:45:24.421+0000] {local_task_job_runner.py:234} INFO - Task exited with return code 0
[2025-05-31T16:45:24.439+0000] {taskinstance.py:3280} INFO - 1 downstream tasks scheduled from follow-on schedule check
