[2025-06-18T13:29:33.549+0000] {taskinstance.py:1956} INFO - Dependencies all met for dep_context=non-requeueable deps ti=<TaskInstance: drift_monitoring_dag.analyze_snapshot_drift manual__2025-06-18T13:29:31.183485+00:00 [queued]>
[2025-06-18T13:29:33.559+0000] {taskinstance.py:1956} INFO - Dependencies all met for dep_context=requeueable deps ti=<TaskInstance: drift_monitoring_dag.analyze_snapshot_drift manual__2025-06-18T13:29:31.183485+00:00 [queued]>
[2025-06-18T13:29:33.559+0000] {taskinstance.py:2170} INFO - Starting attempt 1 of 2
[2025-06-18T13:29:33.569+0000] {taskinstance.py:2191} INFO - Executing <Task(BashOperator): analyze_snapshot_drift> on 2025-06-18 13:29:31.183485+00:00
[2025-06-18T13:29:33.576+0000] {standard_task_runner.py:60} INFO - Started process 2772 to run task
[2025-06-18T13:29:33.578+0000] {standard_task_runner.py:87} INFO - Running: ['***', 'tasks', 'run', 'drift_monitoring_dag', 'analyze_snapshot_drift', 'manual__2025-06-18T13:29:31.183485+00:00', '--job-id', '622', '--raw', '--subdir', 'DAGS_FOLDER/drift_monitoring_dag.py', '--cfg-path', '/tmp/tmpmv1subu6']
[2025-06-18T13:29:33.579+0000] {standard_task_runner.py:88} INFO - Job 622: Subtask analyze_snapshot_drift
[2025-06-18T13:29:33.611+0000] {task_command.py:423} INFO - Running <TaskInstance: drift_monitoring_dag.analyze_snapshot_drift manual__2025-06-18T13:29:31.183485+00:00 [running]> on host 3cef70cd7501
[2025-06-18T13:29:33.670+0000] {taskinstance.py:2480} INFO - Exporting env vars: AIRFLOW_CTX_DAG_OWNER='***' AIRFLOW_CTX_DAG_ID='drift_monitoring_dag' AIRFLOW_CTX_TASK_ID='analyze_snapshot_drift' AIRFLOW_CTX_EXECUTION_DATE='2025-06-18T13:29:31.183485+00:00' AIRFLOW_CTX_TRY_NUMBER='1' AIRFLOW_CTX_DAG_RUN_ID='manual__2025-06-18T13:29:31.183485+00:00'
[2025-06-18T13:29:33.671+0000] {subprocess.py:63} INFO - Tmp dir root location: /tmp
[2025-06-18T13:29:33.672+0000] {subprocess.py:75} INFO - Running command: ['/usr/bin/bash', '-c', 'python /opt/***/src/monitoring/analyze_drift.py']
[2025-06-18T13:29:33.685+0000] {subprocess.py:86} INFO - Output:
[2025-06-18T13:29:37.442+0000] {subprocess.py:93} INFO - 2025/06/18 13:29:37 INFO mlflow.tracking.fluent: Experiment with name 'hybrid_deep_model' does not exist. Creating a new experiment.
[2025-06-18T13:29:37.442+0000] {subprocess.py:93} INFO - [2025-06-18 13:29:37,442] WARNING - ⚠️ Failed to load configuration – using default – Default: [Errno 2] No such file or directory: '/opt/***/data/monitoring/monitoring_conf.json'
[2025-06-18T13:29:37.493+0000] {subprocess.py:93} INFO - [2025-06-18 13:29:37,493] INFO - ✅ Training and test data loaded
[2025-06-18T13:29:40.222+0000] {subprocess.py:93} INFO - [2025-06-18 13:29:40,222] INFO - 📊 Evidently report saved: /opt/***/reports/drift_report.html
[2025-06-18T13:29:40.223+0000] {subprocess.py:93} INFO - INFO:***.task:📊 Evidently report saved: /opt/***/reports/drift_report.html
[2025-06-18T13:29:40.233+0000] {subprocess.py:93} INFO - [2025-06-18 13:29:40,233] INFO - ✅ Prometheus metrics saved: /opt/***/reports/drift_metrics.prom
[2025-06-18T13:29:40.234+0000] {subprocess.py:93} INFO - INFO:***.task:✅ Prometheus metrics saved: /opt/***/reports/drift_metrics.prom
[2025-06-18T13:29:40.336+0000] {subprocess.py:93} INFO - [2025-06-18 13:29:40,336] INFO - 📥 Embedding files successfully loaded.
[2025-06-18T13:29:40.337+0000] {subprocess.py:93} INFO - INFO:***.task:📥 Embedding files successfully loaded.
[2025-06-18T13:29:40.338+0000] {subprocess.py:93} INFO - [2025-06-18 13:29:40,338] INFO - ✅ 33 common columns for drift analysis.
[2025-06-18T13:29:40.338+0000] {subprocess.py:93} INFO - INFO:***.task:✅ 33 common columns for drift analysis.
[2025-06-18T13:29:41.003+0000] {subprocess.py:93} INFO - [2025-06-18 13:29:41,003] INFO - 📈 Classic Prometheus metrics saved.
[2025-06-18T13:29:41.004+0000] {subprocess.py:93} INFO - INFO:***.task:📈 Classic Prometheus metrics saved.
[2025-06-18T13:29:41.678+0000] {subprocess.py:93} INFO - [2025-06-18 13:29:41,678] WARNING - ⚠️ No model versions found – trying fallback to training run.
[2025-06-18T13:29:41.679+0000] {subprocess.py:93} INFO - WARNING:***.task:⚠️ No model versions found – trying fallback to training run.
[2025-06-18T13:29:41.682+0000] {subprocess.py:93} INFO - [2025-06-18 13:29:41,682] ERROR - ❌ No fallback training run found – cannot log metrics.
[2025-06-18T13:29:41.682+0000] {subprocess.py:93} INFO - ERROR:***.task:❌ No fallback training run found – cannot log metrics.
[2025-06-18T13:29:41.687+0000] {subprocess.py:93} INFO - [2025-06-18 13:29:41,687] INFO - 🔍  Drift detected in 50.00% of features (Alert=1)
[2025-06-18T13:29:41.688+0000] {subprocess.py:93} INFO - INFO:***.task:🔍  Drift detected in 50.00% of features (Alert=1)
[2025-06-18T13:29:41.695+0000] {subprocess.py:93} INFO - [2025-06-18 13:29:41,695] INFO - 📄 Drift metrics saved as JSON: /opt/***/reports/drift_metrics.json
[2025-06-18T13:29:41.695+0000] {subprocess.py:93} INFO - INFO:***.task:📄 Drift metrics saved as JSON: /opt/***/reports/drift_metrics.json
[2025-06-18T13:29:42.691+0000] {subprocess.py:97} INFO - Command exited with return code 0
[2025-06-18T13:29:42.701+0000] {taskinstance.py:1138} INFO - Marking task as SUCCESS. dag_id=drift_monitoring_dag, task_id=analyze_snapshot_drift, execution_date=20250618T132931, start_date=20250618T132933, end_date=20250618T132942
[2025-06-18T13:29:42.751+0000] {local_task_job_runner.py:234} INFO - Task exited with return code 0
[2025-06-18T13:29:42.770+0000] {taskinstance.py:3280} INFO - 1 downstream tasks scheduled from follow-on schedule check
