[2025-06-02T00:14:15.394+0000] {taskinstance.py:1956} INFO - Dependencies all met for dep_context=non-requeueable deps ti=<TaskInstance: movie_recommendation_pipeline.predict_best_model manual__2025-06-02T00:09:23.689057+00:00 [queued]>
[2025-06-02T00:14:15.400+0000] {taskinstance.py:1956} INFO - Dependencies all met for dep_context=requeueable deps ti=<TaskInstance: movie_recommendation_pipeline.predict_best_model manual__2025-06-02T00:09:23.689057+00:00 [queued]>
[2025-06-02T00:14:15.400+0000] {taskinstance.py:2170} INFO - Starting attempt 1 of 3
[2025-06-02T00:14:15.410+0000] {taskinstance.py:2191} INFO - Executing <Task(PythonOperator): predict_best_model> on 2025-06-02 00:09:23.689057+00:00
[2025-06-02T00:14:15.415+0000] {standard_task_runner.py:60} INFO - Started process 1203 to run task
[2025-06-02T00:14:15.417+0000] {standard_task_runner.py:87} INFO - Running: ['***', 'tasks', 'run', 'movie_recommendation_pipeline', 'predict_best_model', 'manual__2025-06-02T00:09:23.689057+00:00', '--job-id', '1340', '--raw', '--subdir', 'DAGS_FOLDER/mlops_movie_dag.py', '--cfg-path', '/tmp/tmpvwba9dn5']
[2025-06-02T00:14:15.419+0000] {standard_task_runner.py:88} INFO - Job 1340: Subtask predict_best_model
[2025-06-02T00:14:15.453+0000] {task_command.py:423} INFO - Running <TaskInstance: movie_recommendation_pipeline.predict_best_model manual__2025-06-02T00:09:23.689057+00:00 [running]> on host 2db812b1b691
[2025-06-02T00:14:15.507+0000] {taskinstance.py:2480} INFO - Exporting env vars: AIRFLOW_CTX_DAG_OWNER='***' AIRFLOW_CTX_DAG_ID='movie_recommendation_pipeline' AIRFLOW_CTX_TASK_ID='predict_best_model' AIRFLOW_CTX_EXECUTION_DATE='2025-06-02T00:09:23.689057+00:00' AIRFLOW_CTX_TRY_NUMBER='1' AIRFLOW_CTX_DAG_RUN_ID='manual__2025-06-02T00:09:23.689057+00:00'
[2025-06-02T00:14:15.508+0000] {mlops_movie_dag.py:12} INFO - 🟦 Running command: python /opt/***/src/models/predict_best_model.py
[2025-06-02T00:14:23.829+0000] {mlops_movie_dag.py:18} INFO - 🟩 [stdout]:
🏃 View run predict_best_model at: https://dagshub.com/sacer11/MLOps_movie_rec_apr25.mlflow/#/experiments/3/runs/50875450cf0c43f88eaf42bd23c32a91
🧪 View experiment at: https://dagshub.com/sacer11/MLOps_movie_rec_apr25.mlflow/#/experiments/3

[2025-06-02T00:14:23.830+0000] {mlops_movie_dag.py:20} WARNING - 🟨 [stderr]:
2025-06-02 00:14:17,276 - INFO - 🚀 Starte Vorhersage mit MLflow Registry & DVC-Modell
2025-06-02 00:14:17,470 - INFO - 🔎 Bestes Modell laut Registry: Typ='hybrid', Version=96
2025-06-02 00:14:17,471 - INFO - 📦 Modell bereits lokal vorhanden: /opt/***/models/hybrid_model.pkl
2025-06-02 00:14:18,461 - INFO - 📦 Modell geladen: /opt/***/models/hybrid_model.pkl
2025-06-02 00:14:21,143 - INFO - 📥 Eingabematrix geladen: /opt/***/data/processed/hybrid_matrix.csv – Shape: (10381, 1428)
/home/***/.local/lib/python3.10/site-packages/sklearn/base.py:458: UserWarning: X has feature names, but NearestNeighbors was fitted without feature names
  warnings.warn(
2025-06-02 00:14:21,300 - INFO - 💾 Vorhersagen gespeichert unter: /opt/***/data/predictions.csv
2025-06-02 00:14:23,428 - INFO - ✅ Predictions erfolgreich in MLflow geloggt

[2025-06-02T00:14:23.831+0000] {python.py:201} INFO - Done. Returned value was: None
[2025-06-02T00:14:23.840+0000] {taskinstance.py:1138} INFO - Marking task as SUCCESS. dag_id=movie_recommendation_pipeline, task_id=predict_best_model, execution_date=20250602T000923, start_date=20250602T001415, end_date=20250602T001423
[2025-06-02T00:14:23.854+0000] {local_task_job_runner.py:234} INFO - Task exited with return code 0
[2025-06-02T00:14:23.867+0000] {taskinstance.py:3280} INFO - 0 downstream tasks scheduled from follow-on schedule check
