[2025-06-01T20:30:01.013+0000] {taskinstance.py:1956} INFO - Dependencies all met for dep_context=non-requeueable deps ti=<TaskInstance: movie_recommendation_pipeline.train_hybrid_model manual__2025-06-01T20:29:34.732345+00:00 [queued]>
[2025-06-01T20:30:01.022+0000] {taskinstance.py:1956} INFO - Dependencies all met for dep_context=requeueable deps ti=<TaskInstance: movie_recommendation_pipeline.train_hybrid_model manual__2025-06-01T20:29:34.732345+00:00 [queued]>
[2025-06-01T20:30:01.023+0000] {taskinstance.py:2170} INFO - Starting attempt 1 of 3
[2025-06-01T20:30:01.035+0000] {taskinstance.py:2191} INFO - Executing <Task(PythonOperator): train_hybrid_model> on 2025-06-01 20:29:34.732345+00:00
[2025-06-01T20:30:01.043+0000] {standard_task_runner.py:60} INFO - Started process 510 to run task
[2025-06-01T20:30:01.045+0000] {standard_task_runner.py:87} INFO - Running: ['***', 'tasks', 'run', 'movie_recommendation_pipeline', 'train_hybrid_model', 'manual__2025-06-01T20:29:34.732345+00:00', '--job-id', '1256', '--raw', '--subdir', 'DAGS_FOLDER/mlops_movie_dag.py', '--cfg-path', '/tmp/tmpqr28qd0h']
[2025-06-01T20:30:01.047+0000] {standard_task_runner.py:88} INFO - Job 1256: Subtask train_hybrid_model
[2025-06-01T20:30:01.087+0000] {task_command.py:423} INFO - Running <TaskInstance: movie_recommendation_pipeline.train_hybrid_model manual__2025-06-01T20:29:34.732345+00:00 [running]> on host 232dd595ceb7
[2025-06-01T20:30:01.150+0000] {taskinstance.py:2480} INFO - Exporting env vars: AIRFLOW_CTX_DAG_OWNER='***' AIRFLOW_CTX_DAG_ID='movie_recommendation_pipeline' AIRFLOW_CTX_TASK_ID='train_hybrid_model' AIRFLOW_CTX_EXECUTION_DATE='2025-06-01T20:29:34.732345+00:00' AIRFLOW_CTX_TRY_NUMBER='1' AIRFLOW_CTX_DAG_RUN_ID='manual__2025-06-01T20:29:34.732345+00:00'
[2025-06-01T20:30:01.151+0000] {mlops_movie_dag.py:12} INFO - 🟦 Running command: python /opt/***/src/models/train_hybrid_model.py
[2025-06-01T20:37:53.130+0000] {mlops_movie_dag.py:18} INFO - 🟩 [stdout]:
🚀 Starte Hybrid-Modelltraining
📥 Rohdaten erfolgreich geladen
📐 Hybrid-Matrix erstellt mit Shape: (10381, 1428)
🤖 KNN-Modell trainiert
✅ Feature-Schema gespeichert unter /opt/***/data/processed/hybrid_matrix_features.txt
🏃 View run train_hybrid_model at: https://dagshub.com/sacer11/MLOps_movie_rec_apr25.mlflow/#/experiments/4/runs/548214c9567045deb6cfdb69a1a3fe28
🧪 View experiment at: https://dagshub.com/sacer11/MLOps_movie_rec_apr25.mlflow/#/experiments/4
✅ Modell & Matrix erfolgreich gespeichert und in MLflow geloggt

[2025-06-01T20:37:53.211+0000] {mlops_movie_dag.py:20} WARNING - 🟨 [stderr]:
2025/06/01 20:30:33 INFO mlflow.pyfunc: Validating input example against model signature

Downloading artifacts:   0%|          | 0/1 [00:00<?, ?it/s]
Downloading artifacts: 100%|██████████| 1/1 [00:01<00:00,  1.11s/it]
Downloading artifacts: 100%|██████████| 1/1 [00:01<00:00,  1.11s/it]
Downloading artifacts: 100%|██████████| 1/1 [00:01<00:00,  1.11s/it]
WARNING:urllib3.connectionpool:Retrying (Retry(total=6, connect=7, read=6, redirect=7, status=7)) after connection broken by 'ReadTimeoutError("HTTPSConnectionPool(host='dagshub.com', port=443): Read timed out. (read timeout=120)")': /sacer11/MLOps_movie_rec_apr25.mlflow/api/2.0/mlflow-artifacts/artifacts/072bca99326642ffbc9ff091a82cf3a3/548214c9567045deb6cfdb69a1a3fe28/artifacts/features/hybrid_matrix.csv
WARNING:urllib3.connectionpool:Retrying (Retry(total=5, connect=7, read=6, redirect=7, status=7)) after connection broken by 'SSLEOFError(8, 'EOF occurred in violation of protocol (_ssl.c:2426)')': /sacer11/MLOps_movie_rec_apr25.mlflow/api/2.0/mlflow-artifacts/artifacts/072bca99326642ffbc9ff091a82cf3a3/548214c9567045deb6cfdb69a1a3fe28/artifacts/features/hybrid_matrix.csv

[2025-06-01T20:37:53.223+0000] {python.py:201} INFO - Done. Returned value was: None
[2025-06-01T20:37:53.620+0000] {taskinstance.py:1138} INFO - Marking task as SUCCESS. dag_id=movie_recommendation_pipeline, task_id=train_hybrid_model, execution_date=20250601T202934, start_date=20250601T203001, end_date=20250601T203753
[2025-06-01T20:37:53.811+0000] {local_task_job_runner.py:234} INFO - Task exited with return code 0
[2025-06-01T20:37:54.017+0000] {taskinstance.py:3280} INFO - 1 downstream tasks scheduled from follow-on schedule check
