[2025-06-02T09:01:26.127+0000] {taskinstance.py:1956} INFO - Dependencies all met for dep_context=non-requeueable deps ti=<TaskInstance: movie_recommendation_pipeline.train_hybrid_model manual__2025-06-02T09:00:54.986418+00:00 [queued]>
[2025-06-02T09:01:26.134+0000] {taskinstance.py:1956} INFO - Dependencies all met for dep_context=requeueable deps ti=<TaskInstance: movie_recommendation_pipeline.train_hybrid_model manual__2025-06-02T09:00:54.986418+00:00 [queued]>
[2025-06-02T09:01:26.135+0000] {taskinstance.py:2170} INFO - Starting attempt 1 of 3
[2025-06-02T09:01:26.145+0000] {taskinstance.py:2191} INFO - Executing <Task(PythonOperator): train_hybrid_model> on 2025-06-02 09:00:54.986418+00:00
[2025-06-02T09:01:26.151+0000] {standard_task_runner.py:60} INFO - Started process 2813 to run task
[2025-06-02T09:01:26.153+0000] {standard_task_runner.py:87} INFO - Running: ['***', 'tasks', 'run', 'movie_recommendation_pipeline', 'train_hybrid_model', 'manual__2025-06-02T09:00:54.986418+00:00', '--job-id', '1624', '--raw', '--subdir', 'DAGS_FOLDER/mlops_movie_dag.py', '--cfg-path', '/tmp/tmpir6fgp_i']
[2025-06-02T09:01:26.154+0000] {standard_task_runner.py:88} INFO - Job 1624: Subtask train_hybrid_model
[2025-06-02T09:01:26.189+0000] {task_command.py:423} INFO - Running <TaskInstance: movie_recommendation_pipeline.train_hybrid_model manual__2025-06-02T09:00:54.986418+00:00 [running]> on host 3bd360313a9c
[2025-06-02T09:01:26.252+0000] {taskinstance.py:2480} INFO - Exporting env vars: AIRFLOW_CTX_DAG_OWNER='***' AIRFLOW_CTX_DAG_ID='movie_recommendation_pipeline' AIRFLOW_CTX_TASK_ID='train_hybrid_model' AIRFLOW_CTX_EXECUTION_DATE='2025-06-02T09:00:54.986418+00:00' AIRFLOW_CTX_TRY_NUMBER='1' AIRFLOW_CTX_DAG_RUN_ID='manual__2025-06-02T09:00:54.986418+00:00'
[2025-06-02T09:01:26.253+0000] {mlops_movie_dag.py:12} INFO - 🟦 Running command: python /opt/***/src/models/train_hybrid_model.py --n_neighbors=35 --tfidf_features=1328
[2025-06-02T09:05:09.219+0000] {mlops_movie_dag.py:19} INFO - 🟩 [stdout]:
🏃 View run train_hybrid_model at: https://dagshub.com/sacer11/MLOps_movie_rec_apr25.mlflow/#/experiments/4/runs/b293903a4ae34e308ec7b9f9d744011e
🧪 View experiment at: https://dagshub.com/sacer11/MLOps_movie_rec_apr25.mlflow/#/experiments/4

[2025-06-02T09:05:09.221+0000] {mlops_movie_dag.py:21} WARNING - 🟨 [stderr]:
2025-06-02 09:01:28,619 - __main__ - INFO - 🚀 Starte Hybrid-Modelltraining
2025-06-02 09:01:32,826 - __main__ - INFO - 📥 Rohdaten erfolgreich geladen
2025-06-02 09:01:35,337 - __main__ - INFO - 📐 Hybrid-Matrix erstellt mit Shape: (10381, 2457), Feature-Namen: 2457
2025-06-02 09:01:35,454 - __main__ - INFO - 🤖 KNN-Modell trainiert
2025-06-02 09:01:49,991 - __main__ - INFO - ✅ Feature-Schema gespeichert unter /opt/***/data/processed/hybrid_matrix_features.txt
2025/06/02 09:02:10 INFO mlflow.pyfunc: Validating input example against model signature

Downloading artifacts:   0%|          | 0/1 [00:00<?, ?it/s]
Downloading artifacts: 100%|██████████| 1/1 [00:01<00:00,  1.94s/it]
Downloading artifacts: 100%|██████████| 1/1 [00:01<00:00,  1.94s/it]
Downloading artifacts: 100%|██████████| 1/1 [00:01<00:00,  1.94s/it]
Registered model 'movie_model' already exists. Creating a new version of this model...
2025/06/02 09:03:51 INFO mlflow.store.model_registry.abstract_store: Waiting up to 300 seconds for model version to finish creation. Model name: movie_model, version 105
Created version '105' of model 'movie_model'.
2025-06-02 09:05:08,738 - __main__ - INFO - ✅ Modell & Matrix erfolgreich gespeichert und in MLflow geloggt

[2025-06-02T09:05:09.222+0000] {python.py:201} INFO - Done. Returned value was: None
[2025-06-02T09:05:09.233+0000] {taskinstance.py:1138} INFO - Marking task as SUCCESS. dag_id=movie_recommendation_pipeline, task_id=train_hybrid_model, execution_date=20250602T090054, start_date=20250602T090126, end_date=20250602T090509
[2025-06-02T09:05:09.266+0000] {local_task_job_runner.py:234} INFO - Task exited with return code 0
[2025-06-02T09:05:09.287+0000] {taskinstance.py:3280} INFO - 0 downstream tasks scheduled from follow-on schedule check
