[2025-06-08T21:20:01.910+0000] {taskinstance.py:1956} INFO - Dependencies all met for dep_context=non-requeueable deps ti=<TaskInstance: deep_models_pipeline.train_deep_hybrid_model manual__2025-06-08T21:19:57.701863+00:00 [queued]>
[2025-06-08T21:20:01.917+0000] {taskinstance.py:1956} INFO - Dependencies all met for dep_context=requeueable deps ti=<TaskInstance: deep_models_pipeline.train_deep_hybrid_model manual__2025-06-08T21:19:57.701863+00:00 [queued]>
[2025-06-08T21:20:01.918+0000] {taskinstance.py:2170} INFO - Starting attempt 1 of 3
[2025-06-08T21:20:01.930+0000] {taskinstance.py:2191} INFO - Executing <Task(PythonOperator): train_deep_hybrid_model> on 2025-06-08 21:19:57.701863+00:00
[2025-06-08T21:20:01.934+0000] {standard_task_runner.py:60} INFO - Started process 2995 to run task
[2025-06-08T21:20:01.935+0000] {standard_task_runner.py:87} INFO - Running: ['***', 'tasks', 'run', 'deep_models_pipeline', 'train_deep_hybrid_model', 'manual__2025-06-08T21:19:57.701863+00:00', '--job-id', '3524', '--raw', '--subdir', 'DAGS_FOLDER/train_deep_model_dag.py', '--cfg-path', '/tmp/tmpp22m5erd']
[2025-06-08T21:20:01.937+0000] {standard_task_runner.py:88} INFO - Job 3524: Subtask train_deep_hybrid_model
[2025-06-08T21:20:01.968+0000] {task_command.py:423} INFO - Running <TaskInstance: deep_models_pipeline.train_deep_hybrid_model manual__2025-06-08T21:19:57.701863+00:00 [running]> on host 2049a80cedbe
[2025-06-08T21:20:02.027+0000] {taskinstance.py:2480} INFO - Exporting env vars: AIRFLOW_CTX_DAG_OWNER='***' AIRFLOW_CTX_DAG_ID='deep_models_pipeline' AIRFLOW_CTX_TASK_ID='train_deep_hybrid_model' AIRFLOW_CTX_EXECUTION_DATE='2025-06-08T21:19:57.701863+00:00' AIRFLOW_CTX_TRY_NUMBER='1' AIRFLOW_CTX_DAG_RUN_ID='manual__2025-06-08T21:19:57.701863+00:00'
[2025-06-08T21:20:02.029+0000] {train_deep_model_dag.py:13} INFO - 🟦 Running command: python /opt/***/src/models/train_hybrid_deep_model.py --n_neighbors=61 --latent_dim=32 --epochs=75 --tfidf_features=2506
[2025-06-08T21:21:40.951+0000] {train_deep_model_dag.py:20} INFO - 🟩 [stdout]:
🏃 View run train_hybrid_deep_model at: https://dagshub.com/sacer11/MLOps_movie_rec_apr25.mlflow/#/experiments/10/runs/6c24edfea31b4fc98b8677e456f93e8f
🧪 View experiment at: https://dagshub.com/sacer11/MLOps_movie_rec_apr25.mlflow/#/experiments/10

[2025-06-08T21:21:40.952+0000] {train_deep_model_dag.py:22} WARNING - 🟨 [stderr]:
2025-06-08 21:20:05,394 - __main__ - INFO - 📥 Lade Rohdaten und baue Hybrid-Feature-Matrix ...
2025-06-08 21:20:10,473 - __main__ - INFO - 📐 Hybrid-Matrix erstellt mit Shape: (10381, 3635), Feature-Namen: 3635
2025-06-08 21:20:25,770 - __main__ - INFO - 💾 Hybrid-Matrix gespeichert unter /opt/***/data/processed/hybrid_matrix.csv
2025-06-08 21:20:26,002 - __main__ - INFO - 🚀 Starte Training Autoencoder ...
2025-06-08 21:20:27,244 - __main__ - INFO - Epoch 1/75: Loss = 0.0056
2025-06-08 21:20:27,860 - __main__ - INFO - Epoch 2/75: Loss = 0.0035
2025-06-08 21:20:28,396 - __main__ - INFO - Epoch 3/75: Loss = 0.0030
2025-06-08 21:20:28,924 - __main__ - INFO - Epoch 4/75: Loss = 0.0027
2025-06-08 21:20:29,460 - __main__ - INFO - Epoch 5/75: Loss = 0.0026
2025-06-08 21:20:30,000 - __main__ - INFO - Epoch 6/75: Loss = 0.0025
2025-06-08 21:20:30,573 - __main__ - INFO - Epoch 7/75: Loss = 0.0024
2025-06-08 21:20:31,104 - __main__ - INFO - Epoch 8/75: Loss = 0.0024
2025-06-08 21:20:31,664 - __main__ - INFO - Epoch 9/75: Loss = 0.0023
2025-06-08 21:20:32,261 - __main__ - INFO - Epoch 10/75: Loss = 0.0023
2025-06-08 21:20:32,922 - __main__ - INFO - Epoch 11/75: Loss = 0.0023
2025-06-08 21:20:33,464 - __main__ - INFO - Epoch 12/75: Loss = 0.0023
2025-06-08 21:20:34,032 - __main__ - INFO - Epoch 13/75: Loss = 0.0022
2025-06-08 21:20:34,644 - __main__ - INFO - Epoch 14/75: Loss = 0.0022
2025-06-08 21:20:35,267 - __main__ - INFO - Epoch 15/75: Loss = 0.0022
2025-06-08 21:20:35,935 - __main__ - INFO - Epoch 16/75: Loss = 0.0022
2025-06-08 21:20:36,517 - __main__ - INFO - Epoch 17/75: Loss = 0.0022
2025-06-08 21:20:37,066 - __main__ - INFO - Epoch 18/75: Loss = 0.0022
2025-06-08 21:20:37,639 - __main__ - INFO - Epoch 19/75: Loss = 0.0022
2025-06-08 21:20:38,232 - __main__ - INFO - Epoch 20/75: Loss = 0.0021
2025-06-08 21:20:38,846 - __main__ - INFO - Epoch 21/75: Loss = 0.0021
2025-06-08 21:20:39,456 - __main__ - INFO - Epoch 22/75: Loss = 0.0021
2025-06-08 21:20:40,079 - __main__ - INFO - Epoch 23/75: Loss = 0.0021
2025-06-08 21:20:40,649 - __main__ - INFO - Epoch 24/75: Loss = 0.0021
2025-06-08 21:20:41,233 - __main__ - INFO - Epoch 25/75: Loss = 0.0021
2025-06-08 21:20:41,846 - __main__ - INFO - Epoch 26/75: Loss = 0.0021
2025-06-08 21:20:42,443 - __main__ - INFO - Epoch 27/75: Loss = 0.0021
2025-06-08 21:20:43,027 - __main__ - INFO - Epoch 28/75: Loss = 0.0021
2025-06-08 21:20:43,620 - __main__ - INFO - Epoch 29/75: Loss = 0.0021
2025-06-08 21:20:44,231 - __main__ - INFO - Epoch 30/75: Loss = 0.0021
2025-06-08 21:20:44,761 - __main__ - INFO - Epoch 31/75: Loss = 0.0021
2025-06-08 21:20:45,392 - __main__ - INFO - Epoch 32/75: Loss = 0.0021
2025-06-08 21:20:45,951 - __main__ - INFO - Epoch 33/75: Loss = 0.0021
2025-06-08 21:20:46,479 - __main__ - INFO - Epoch 34/75: Loss = 0.0021
2025-06-08 21:20:47,014 - __main__ - INFO - Epoch 35/75: Loss = 0.0020
2025-06-08 21:20:47,577 - __main__ - INFO - Epoch 36/75: Loss = 0.0020
2025-06-08 21:20:48,196 - __main__ - INFO - Epoch 37/75: Loss = 0.0020
2025-06-08 21:20:48,785 - __main__ - INFO - Epoch 38/75: Loss = 0.0020
2025-06-08 21:20:49,324 - __main__ - INFO - Epoch 39/75: Loss = 0.0020
2025-06-08 21:20:49,870 - __main__ - INFO - Epoch 40/75: Loss = 0.0020
2025-06-08 21:20:50,427 - __main__ - INFO - Epoch 41/75: Loss = 0.0020
2025-06-08 21:20:50,967 - __main__ - INFO - Epoch 42/75: Loss = 0.0020
2025-06-08 21:20:51,504 - __main__ - INFO - Epoch 43/75: Loss = 0.0020
2025-06-08 21:20:52,094 - __main__ - INFO - Epoch 44/75: Loss = 0.0020
2025-06-08 21:20:52,675 - __main__ - INFO - Epoch 45/75: Loss = 0.0020
2025-06-08 21:20:53,250 - __main__ - INFO - Epoch 46/75: Loss = 0.0020
2025-06-08 21:20:53,781 - __main__ - INFO - Epoch 47/75: Loss = 0.0020
2025-06-08 21:20:54,332 - __main__ - INFO - Epoch 48/75: Loss = 0.0020
2025-06-08 21:20:54,872 - __main__ - INFO - Epoch 49/75: Loss = 0.0020
2025-06-08 21:20:55,418 - __main__ - INFO - Epoch 50/75: Loss = 0.0020
2025-06-08 21:20:55,972 - __main__ - INFO - Epoch 51/75: Loss = 0.0020
2025-06-08 21:20:56,532 - __main__ - INFO - Epoch 52/75: Loss = 0.0020
2025-06-08 21:20:57,101 - __main__ - INFO - Epoch 53/75: Loss = 0.0020
2025-06-08 21:20:57,679 - __main__ - INFO - Epoch 54/75: Loss = 0.0020
2025-06-08 21:20:58,195 - __main__ - INFO - Epoch 55/75: Loss = 0.0020
2025-06-08 21:20:58,749 - __main__ - INFO - Epoch 56/75: Loss = 0.0020
2025-06-08 21:20:59,289 - __main__ - INFO - Epoch 57/75: Loss = 0.0020
2025-06-08 21:20:59,818 - __main__ - INFO - Epoch 58/75: Loss = 0.0020
2025-06-08 21:21:00,360 - __main__ - INFO - Epoch 59/75: Loss = 0.0019
2025-06-08 21:21:00,903 - __main__ - INFO - Epoch 60/75: Loss = 0.0019
2025-06-08 21:21:01,493 - __main__ - INFO - Epoch 61/75: Loss = 0.0019
2025-06-08 21:21:02,095 - __main__ - INFO - Epoch 62/75: Loss = 0.0019
2025-06-08 21:21:02,686 - __main__ - INFO - Epoch 63/75: Loss = 0.0019
2025-06-08 21:21:03,264 - __main__ - INFO - Epoch 64/75: Loss = 0.0019
2025-06-08 21:21:03,804 - __main__ - INFO - Epoch 65/75: Loss = 0.0019
2025-06-08 21:21:04,342 - __main__ - INFO - Epoch 66/75: Loss = 0.0019
2025-06-08 21:21:04,873 - __main__ - INFO - Epoch 67/75: Loss = 0.0019
2025-06-08 21:21:05,446 - __main__ - INFO - Epoch 68/75: Loss = 0.0019
2025-06-08 21:21:06,016 - __main__ - INFO - Epoch 69/75: Loss = 0.0019
2025-06-08 21:21:06,625 - __main__ - INFO - Epoch 70/75: Loss = 0.0019
2025-06-08 21:21:07,163 - __main__ - INFO - Epoch 71/75: Loss = 0.0019
2025-06-08 21:21:07,699 - __main__ - INFO - Epoch 72/75: Loss = 0.0019
2025-06-08 21:21:08,272 - __main__ - INFO - Epoch 73/75: Loss = 0.0019
2025-06-08 21:21:08,791 - __main__ - INFO - Epoch 74/75: Loss = 0.0019
2025-06-08 21:21:09,329 - __main__ - INFO - Epoch 75/75: Loss = 0.0019
2025-06-08 21:21:09,583 - __main__ - INFO - ✅ Hybrid-Embeddings gespeichert unter /opt/***/data/processed/hybrid_deep_embedding.csv
2025-06-08 21:21:09,583 - __main__ - INFO - ✅ Hybrid-Embeddings gespeichert unter /opt/***/data/processed/hybrid_deep_embedding.csv
2025-06-08 21:21:09,594 - __main__ - INFO - ✅ Deep KNN Modell gespeichert unter /opt/***/models/hybrid_deep_knn.pkl
2025/06/08 21:21:14 INFO mlflow.pyfunc: Validating input example against model signature

Downloading artifacts:   0%|          | 0/1 [00:00<?, ?it/s]
Downloading artifacts: 100%|██████████| 1/1 [00:00<00:00, 77.77it/s]
Downloading artifacts: 100%|██████████| 1/1 [00:00<00:00, 76.63it/s]
Registered model 'hybrid_deep_model' already exists. Creating a new version of this model...
2025/06/08 21:21:24 INFO mlflow.store.model_registry.abstract_store: Waiting up to 300 seconds for model version to finish creation. Model name: hybrid_deep_model, version 55
Created version '55' of model 'hybrid_deep_model'.
2025-06-08 21:21:37,890 - __main__ - INFO - 📝 Tags für Modellversion 55 gesetzt: n_neighbors=61, latent_dim=32, tfidf_features=2506, epochs=75
2025-06-08 21:21:39,908 - __main__ - INFO - 🏁 Deep Hybrid-Model Training abgeschlossen und geloggt.

[2025-06-08T21:21:40.953+0000] {python.py:201} INFO - Done. Returned value was: None
[2025-06-08T21:21:40.965+0000] {taskinstance.py:1138} INFO - Marking task as SUCCESS. dag_id=deep_models_pipeline, task_id=train_deep_hybrid_model, execution_date=20250608T211957, start_date=20250608T212001, end_date=20250608T212140
[2025-06-08T21:21:41.003+0000] {local_task_job_runner.py:234} INFO - Task exited with return code 0
[2025-06-08T21:21:41.026+0000] {taskinstance.py:3280} INFO - 1 downstream tasks scheduled from follow-on schedule check
