[2025-05-30T16:01:55.944+0000] {taskinstance.py:1956} INFO - Dependencies all met for dep_context=non-requeueable deps ti=<TaskInstance: movie_recommendation_pipeline.train_model manual__2025-05-30T16:01:28.293747+00:00 [queued]>
[2025-05-30T16:01:55.950+0000] {taskinstance.py:1956} INFO - Dependencies all met for dep_context=requeueable deps ti=<TaskInstance: movie_recommendation_pipeline.train_model manual__2025-05-30T16:01:28.293747+00:00 [queued]>
[2025-05-30T16:01:55.951+0000] {taskinstance.py:2170} INFO - Starting attempt 1 of 2
[2025-05-30T16:01:55.960+0000] {taskinstance.py:2191} INFO - Executing <Task(PythonOperator): train_model> on 2025-05-30 16:01:28.293747+00:00
[2025-05-30T16:01:55.969+0000] {standard_task_runner.py:60} INFO - Started process 397 to run task
[2025-05-30T16:01:55.970+0000] {standard_task_runner.py:87} INFO - Running: ['***', 'tasks', 'run', 'movie_recommendation_pipeline', 'train_model', 'manual__2025-05-30T16:01:28.293747+00:00', '--job-id', '39', '--raw', '--subdir', 'DAGS_FOLDER/mlops_movie_dag.py', '--cfg-path', '/tmp/tmp_u67y8lt']
[2025-05-30T16:01:55.971+0000] {standard_task_runner.py:88} INFO - Job 39: Subtask train_model
[2025-05-30T16:01:56.008+0000] {task_command.py:423} INFO - Running <TaskInstance: movie_recommendation_pipeline.train_model manual__2025-05-30T16:01:28.293747+00:00 [running]> on host 1f4894b62cf1
[2025-05-30T16:01:56.067+0000] {taskinstance.py:2480} INFO - Exporting env vars: AIRFLOW_CTX_DAG_OWNER='***' AIRFLOW_CTX_DAG_ID='movie_recommendation_pipeline' AIRFLOW_CTX_TASK_ID='train_model' AIRFLOW_CTX_EXECUTION_DATE='2025-05-30T16:01:28.293747+00:00' AIRFLOW_CTX_TRY_NUMBER='1' AIRFLOW_CTX_DAG_RUN_ID='manual__2025-05-30T16:01:28.293747+00:00'
[2025-05-30T16:01:56.068+0000] {taskinstance.py:2698} ERROR - Task failed with exception
Traceback (most recent call last):
  File "/home/airflow/.local/lib/python3.10/site-packages/airflow/models/taskinstance.py", line 433, in _execute_task
    result = execute_callable(context=context, **execute_callable_kwargs)
  File "/home/airflow/.local/lib/python3.10/site-packages/airflow/operators/python.py", line 199, in execute
    return_value = self.execute_callable()
  File "/home/airflow/.local/lib/python3.10/site-packages/airflow/operators/python.py", line 216, in execute_callable
    return self.python_callable(*self.op_args, **self.op_kwargs)
TypeError: train_model() missing 1 required positional argument: 'movie_matrix'
[2025-05-30T16:01:56.073+0000] {taskinstance.py:1138} INFO - Marking task as UP_FOR_RETRY. dag_id=movie_recommendation_pipeline, task_id=train_model, execution_date=20250530T160128, start_date=20250530T160155, end_date=20250530T160156
[2025-05-30T16:01:56.081+0000] {standard_task_runner.py:107} ERROR - Failed to execute job 39 for task train_model (train_model() missing 1 required positional argument: 'movie_matrix'; 397)
[2025-05-30T16:01:56.103+0000] {local_task_job_runner.py:234} INFO - Task exited with return code 1
[2025-05-30T16:01:56.120+0000] {taskinstance.py:3280} INFO - 0 downstream tasks scheduled from follow-on schedule check
