[2025-06-08T23:29:14.443+0000] {taskinstance.py:1956} INFO - Dependencies all met for dep_context=non-requeueable deps ti=<TaskInstance: deep_models_pipeline.predict_best_model manual__2025-06-08T23:27:37.549830+00:00 [queued]>
[2025-06-08T23:29:14.451+0000] {taskinstance.py:1956} INFO - Dependencies all met for dep_context=requeueable deps ti=<TaskInstance: deep_models_pipeline.predict_best_model manual__2025-06-08T23:27:37.549830+00:00 [queued]>
[2025-06-08T23:29:14.451+0000] {taskinstance.py:2170} INFO - Starting attempt 1 of 3
[2025-06-08T23:29:14.461+0000] {taskinstance.py:2191} INFO - Executing <Task(PythonOperator): predict_best_model> on 2025-06-08 23:27:37.549830+00:00
[2025-06-08T23:29:14.467+0000] {standard_task_runner.py:60} INFO - Started process 625 to run task
[2025-06-08T23:29:14.469+0000] {standard_task_runner.py:87} INFO - Running: ['***', 'tasks', 'run', 'deep_models_pipeline', 'predict_best_model', 'manual__2025-06-08T23:27:37.549830+00:00', '--job-id', '3589', '--raw', '--subdir', 'DAGS_FOLDER/train_deep_model_dag.py', '--cfg-path', '/tmp/tmpu16g5ef6']
[2025-06-08T23:29:14.470+0000] {standard_task_runner.py:88} INFO - Job 3589: Subtask predict_best_model
[2025-06-08T23:29:14.507+0000] {task_command.py:423} INFO - Running <TaskInstance: deep_models_pipeline.predict_best_model manual__2025-06-08T23:27:37.549830+00:00 [running]> on host 187d44c3c042
[2025-06-08T23:29:14.569+0000] {taskinstance.py:2480} INFO - Exporting env vars: AIRFLOW_CTX_DAG_OWNER='***' AIRFLOW_CTX_DAG_ID='deep_models_pipeline' AIRFLOW_CTX_TASK_ID='predict_best_model' AIRFLOW_CTX_EXECUTION_DATE='2025-06-08T23:27:37.549830+00:00' AIRFLOW_CTX_TRY_NUMBER='1' AIRFLOW_CTX_DAG_RUN_ID='manual__2025-06-08T23:27:37.549830+00:00'
[2025-06-08T23:29:14.570+0000] {train_deep_model_dag.py:13} INFO - 🟦 Running command: python /opt/***/src/models/predict_best_model.py
[2025-06-08T23:29:42.556+0000] {train_deep_model_dag.py:20} INFO - 🟩 [stdout]:
🏃 View run predict_best_model_hybrid_deep at: https://dagshub.com/sacer11/MLOps_movie_rec_apr25.mlflow/#/experiments/11/runs/5240c18eaf954fa28fd3311b388e6c21
🧪 View experiment at: https://dagshub.com/sacer11/MLOps_movie_rec_apr25.mlflow/#/experiments/11

[2025-06-08T23:29:42.557+0000] {train_deep_model_dag.py:22} WARNING - 🟨 [stderr]:

Downloading artifacts:   0%|          | 0/1 [00:00<?, ?it/s]
Downloading artifacts: 100%|██████████| 1/1 [00:01<00:00,  1.29s/it]
Downloading artifacts: 100%|██████████| 1/1 [00:01<00:00,  1.29s/it]
Downloading artifacts: 100%|██████████| 1/1 [00:01<00:00,  1.29s/it]
2025-06-08 23:29:18,515 - INFO - ✅ Best-Embedding aus MLflow geladen: /opt/***/data/processed/hybrid_deep_embedding_best.csv
2025-06-08 23:29:18,516 - INFO - 🚀 Starte Prediction für hybrid_deep_model über MLflow Registry
2025-06-08 23:29:18,516 - INFO - 📦 Lade Modell: models:/hybrid_deep_model@best_model

Downloading artifacts:   0%|          | 0/8 [00:00<?, ?it/s]
Downloading artifacts:  12%|█▎        | 1/8 [00:00<00:00, 14716.86it/s]
Downloading artifacts:  25%|██▌       | 2/8 [00:01<00:04,  1.21it/s]   
Downloading artifacts:  25%|██▌       | 2/8 [00:01<00:04,  1.21it/s]
Downloading artifacts:  38%|███▊      | 3/8 [00:02<00:03,  1.52it/s]
Downloading artifacts:  38%|███▊      | 3/8 [00:02<00:03,  1.52it/s]
Downloading artifacts:  50%|█████     | 4/8 [00:03<00:03,  1.29it/s]
Downloading artifacts:  50%|█████     | 4/8 [00:03<00:03,  1.29it/s]
Downloading artifacts:  62%|██████▎   | 5/8 [00:04<00:02,  1.17it/s]
Downloading artifacts:  62%|██████▎   | 5/8 [00:04<00:02,  1.17it/s]
Downloading artifacts:  75%|███████▌  | 6/8 [00:05<00:02,  1.06s/it]
Downloading artifacts:  75%|███████▌  | 6/8 [00:05<00:02,  1.06s/it]
Downloading artifacts:  88%|████████▊ | 7/8 [00:06<00:00,  1.13it/s]
Downloading artifacts:  88%|████████▊ | 7/8 [00:06<00:00,  1.13it/s]
Downloading artifacts: 100%|██████████| 8/8 [00:07<00:00,  1.08it/s]
Downloading artifacts: 100%|██████████| 8/8 [00:07<00:00,  1.08it/s]
Downloading artifacts: 100%|██████████| 8/8 [00:07<00:00,  1.13it/s]
2025-06-08 23:29:33,354 - INFO - 📥 Embedding geladen: /opt/***/data/processed/hybrid_deep_embedding_best.csv – Shape: (10381, 32)
2025-06-08 23:29:33,463 - INFO - 💾 Vorhersagen gespeichert unter: /opt/***/data/processed/predictions_hybrid_deep_model.csv
2025-06-08 23:29:42,159 - INFO - ✅ Predictions erfolgreich in MLflow geloggt

[2025-06-08T23:29:42.558+0000] {python.py:201} INFO - Done. Returned value was: None
[2025-06-08T23:29:42.565+0000] {taskinstance.py:1138} INFO - Marking task as SUCCESS. dag_id=deep_models_pipeline, task_id=predict_best_model, execution_date=20250608T232737, start_date=20250608T232914, end_date=20250608T232942
[2025-06-08T23:29:42.606+0000] {local_task_job_runner.py:234} INFO - Task exited with return code 0
[2025-06-08T23:29:42.620+0000] {taskinstance.py:3280} INFO - 0 downstream tasks scheduled from follow-on schedule check
