[2025-05-31T22:51:48.487+0000] {taskinstance.py:1956} INFO - Dependencies all met for dep_context=non-requeueable deps ti=<TaskInstance: movie_recommendation_pipeline.train_user_model manual__2025-05-31T22:51:25.084600+00:00 [queued]>
[2025-05-31T22:51:48.494+0000] {taskinstance.py:1956} INFO - Dependencies all met for dep_context=requeueable deps ti=<TaskInstance: movie_recommendation_pipeline.train_user_model manual__2025-05-31T22:51:25.084600+00:00 [queued]>
[2025-05-31T22:51:48.495+0000] {taskinstance.py:2170} INFO - Starting attempt 1 of 3
[2025-05-31T22:51:48.508+0000] {taskinstance.py:2191} INFO - Executing <Task(PythonOperator): train_user_model> on 2025-05-31 22:51:25.084600+00:00
[2025-05-31T22:51:48.515+0000] {standard_task_runner.py:60} INFO - Started process 306 to run task
[2025-05-31T22:51:48.519+0000] {standard_task_runner.py:87} INFO - Running: ['***', 'tasks', 'run', 'movie_recommendation_pipeline', 'train_user_model', 'manual__2025-05-31T22:51:25.084600+00:00', '--job-id', '455', '--raw', '--subdir', 'DAGS_FOLDER/mlops_movie_dag.py', '--cfg-path', '/tmp/tmppdm5r80g']
[2025-05-31T22:51:48.521+0000] {standard_task_runner.py:88} INFO - Job 455: Subtask train_user_model
[2025-05-31T22:51:48.566+0000] {task_command.py:423} INFO - Running <TaskInstance: movie_recommendation_pipeline.train_user_model manual__2025-05-31T22:51:25.084600+00:00 [running]> on host 90d82ed3199e
[2025-05-31T22:51:48.628+0000] {taskinstance.py:2480} INFO - Exporting env vars: AIRFLOW_CTX_DAG_OWNER='***' AIRFLOW_CTX_DAG_ID='movie_recommendation_pipeline' AIRFLOW_CTX_TASK_ID='train_user_model' AIRFLOW_CTX_EXECUTION_DATE='2025-05-31T22:51:25.084600+00:00' AIRFLOW_CTX_TRY_NUMBER='1' AIRFLOW_CTX_DAG_RUN_ID='manual__2025-05-31T22:51:25.084600+00:00'
[2025-05-31T22:55:14.414+0000] {mlops_movie_dag.py:13} INFO - ðŸš€ Starte Training des user_model
ðŸ“¥ Lade Bewertungen und Movie-Embeddings
ðŸ”„ Erstelle User-Vektoren
âœ… 138493 User-Vektoren gespeichert unter /opt/***/data/processed/user_matrix.csv
ðŸ“Š Trainiere NearestNeighbors-Modell
âœ… Modell gespeichert unter /opt/***/models/user_model.pkl
ðŸ“¡ Starte MLflow-Tracking

Downloading artifacts:   0%|          | 0/1 [00:00<?, ?it/s]
Downloading artifacts: 100%|â–ˆâ–ˆâ–ˆâ–ˆâ–ˆâ–ˆâ–ˆâ–ˆâ–ˆâ–ˆ| 1/1 [00:00<00:00,  4.57it/s]
Downloading artifacts: 100%|â–ˆâ–ˆâ–ˆâ–ˆâ–ˆâ–ˆâ–ˆâ–ˆâ–ˆâ–ˆ| 1/1 [00:00<00:00,  4.57it/s]
Downloading artifacts: 100%|â–ˆâ–ˆâ–ˆâ–ˆâ–ˆâ–ˆâ–ˆâ–ˆâ–ˆâ–ˆ| 1/1 [00:00<00:00,  4.56it/s]
ðŸ Training abgeschlossen und geloggt.

[2025-05-31T22:55:14.416+0000] {python.py:201} INFO - Done. Returned value was: None
[2025-05-31T22:55:14.446+0000] {taskinstance.py:1138} INFO - Marking task as SUCCESS. dag_id=movie_recommendation_pipeline, task_id=train_user_model, execution_date=20250531T225125, start_date=20250531T225148, end_date=20250531T225514
[2025-05-31T22:55:14.492+0000] {local_task_job_runner.py:234} INFO - Task exited with return code 0
[2025-05-31T22:55:14.549+0000] {taskinstance.py:3280} INFO - 1 downstream tasks scheduled from follow-on schedule check
