[2025-05-31T13:01:41.411+0000] {taskinstance.py:1956} INFO - Dependencies all met for dep_context=non-requeueable deps ti=<TaskInstance: movie_recommendation_pipeline.import_raw_data manual__2025-05-31T13:01:39.257819+00:00 [queued]>
[2025-05-31T13:01:41.415+0000] {taskinstance.py:1956} INFO - Dependencies all met for dep_context=requeueable deps ti=<TaskInstance: movie_recommendation_pipeline.import_raw_data manual__2025-05-31T13:01:39.257819+00:00 [queued]>
[2025-05-31T13:01:41.416+0000] {taskinstance.py:2170} INFO - Starting attempt 1 of 2
[2025-05-31T13:01:41.425+0000] {taskinstance.py:2191} INFO - Executing <Task(PythonOperator): import_raw_data> on 2025-05-31 13:01:39.257819+00:00
[2025-05-31T13:01:41.434+0000] {standard_task_runner.py:60} INFO - Started process 627 to run task
[2025-05-31T13:01:41.436+0000] {standard_task_runner.py:87} INFO - Running: ['***', 'tasks', 'run', 'movie_recommendation_pipeline', 'import_raw_data', 'manual__2025-05-31T13:01:39.257819+00:00', '--job-id', '137', '--raw', '--subdir', 'DAGS_FOLDER/mlops_movie_dag.py', '--cfg-path', '/tmp/tmp5lisdgt5']
[2025-05-31T13:01:41.437+0000] {standard_task_runner.py:88} INFO - Job 137: Subtask import_raw_data
[2025-05-31T13:01:41.472+0000] {task_command.py:423} INFO - Running <TaskInstance: movie_recommendation_pipeline.import_raw_data manual__2025-05-31T13:01:39.257819+00:00 [running]> on host 870f5f0cd86b
[2025-05-31T13:01:41.730+0000] {taskinstance.py:2480} INFO - Exporting env vars: AIRFLOW_CTX_DAG_OWNER='***' AIRFLOW_CTX_DAG_ID='movie_recommendation_pipeline' AIRFLOW_CTX_TASK_ID='import_raw_data' AIRFLOW_CTX_EXECUTION_DATE='2025-05-31T13:01:39.257819+00:00' AIRFLOW_CTX_TRY_NUMBER='1' AIRFLOW_CTX_DAG_RUN_ID='manual__2025-05-31T13:01:39.257819+00:00'
[2025-05-31T13:01:41.735+0000] {logging_mixin.py:188} INFO - ✅ Datei bereits vorhanden, überspringe: genome-scores.csv
[2025-05-31T13:01:41.736+0000] {logging_mixin.py:188} INFO - ✅ Datei bereits vorhanden, überspringe: genome-tags.csv
[2025-05-31T13:01:41.738+0000] {logging_mixin.py:188} INFO - ✅ Datei bereits vorhanden, überspringe: links.csv
[2025-05-31T13:01:41.739+0000] {logging_mixin.py:188} INFO - ✅ Datei bereits vorhanden, überspringe: movies.csv
[2025-05-31T13:01:41.741+0000] {logging_mixin.py:188} INFO - ✅ Datei bereits vorhanden, überspringe: ratings.csv
[2025-05-31T13:01:41.742+0000] {logging_mixin.py:188} INFO - ✅ Datei bereits vorhanden, überspringe: README.txt
[2025-05-31T13:01:41.744+0000] {logging_mixin.py:188} INFO - ✅ Datei bereits vorhanden, überspringe: tags.csv
[2025-05-31T13:01:41.744+0000] {import_raw_data.py:46} INFO - ✅ Rohdatenprüfung abgeschlossen.
[2025-05-31T13:01:41.745+0000] {python.py:201} INFO - Done. Returned value was: None
[2025-05-31T13:01:41.753+0000] {taskinstance.py:1138} INFO - Marking task as SUCCESS. dag_id=movie_recommendation_pipeline, task_id=import_raw_data, execution_date=20250531T130139, start_date=20250531T130141, end_date=20250531T130141
[2025-05-31T13:01:41.811+0000] {local_task_job_runner.py:234} INFO - Task exited with return code 0
[2025-05-31T13:01:41.836+0000] {taskinstance.py:3280} INFO - 1 downstream tasks scheduled from follow-on schedule check
