[2025-06-09T00:46:27.746+0000] {taskinstance.py:1956} INFO - Dependencies all met for dep_context=non-requeueable deps ti=<TaskInstance: deep_models_pipeline.train_deep_hybrid_model manual__2025-06-09T00:46:23.130977+00:00 [queued]>
[2025-06-09T00:46:27.752+0000] {taskinstance.py:1956} INFO - Dependencies all met for dep_context=requeueable deps ti=<TaskInstance: deep_models_pipeline.train_deep_hybrid_model manual__2025-06-09T00:46:23.130977+00:00 [queued]>
[2025-06-09T00:46:27.752+0000] {taskinstance.py:2170} INFO - Starting attempt 1 of 3
[2025-06-09T00:46:27.762+0000] {taskinstance.py:2191} INFO - Executing <Task(PythonOperator): train_deep_hybrid_model> on 2025-06-09 00:46:23.130977+00:00
[2025-06-09T00:46:27.768+0000] {standard_task_runner.py:60} INFO - Started process 509 to run task
[2025-06-09T00:46:27.771+0000] {standard_task_runner.py:87} INFO - Running: ['***', 'tasks', 'run', 'deep_models_pipeline', 'train_deep_hybrid_model', 'manual__2025-06-09T00:46:23.130977+00:00', '--job-id', '3656', '--raw', '--subdir', 'DAGS_FOLDER/train_deep_model_dag.py', '--cfg-path', '/tmp/tmp7_bzs4ey']
[2025-06-09T00:46:27.772+0000] {standard_task_runner.py:88} INFO - Job 3656: Subtask train_deep_hybrid_model
[2025-06-09T00:46:27.802+0000] {task_command.py:423} INFO - Running <TaskInstance: deep_models_pipeline.train_deep_hybrid_model manual__2025-06-09T00:46:23.130977+00:00 [running]> on host 98d378487119
[2025-06-09T00:46:27.856+0000] {taskinstance.py:2480} INFO - Exporting env vars: AIRFLOW_CTX_DAG_OWNER='***' AIRFLOW_CTX_DAG_ID='deep_models_pipeline' AIRFLOW_CTX_TASK_ID='train_deep_hybrid_model' AIRFLOW_CTX_EXECUTION_DATE='2025-06-09T00:46:23.130977+00:00' AIRFLOW_CTX_TRY_NUMBER='1' AIRFLOW_CTX_DAG_RUN_ID='manual__2025-06-09T00:46:23.130977+00:00'
[2025-06-09T00:46:27.857+0000] {train_deep_model_dag.py:13} INFO - 🟦 Running command: python /opt/***/src/models/train_hybrid_deep_model.py --n_neighbors=10 --latent_dim=64 --epochs=30 --tfidf_features=300
[2025-06-09T00:47:26.695+0000] {train_deep_model_dag.py:20} INFO - 🟩 [stdout]:
🏃 View run train_hybrid_deep_model at: https://dagshub.com/sacer11/MLOps_movie_rec_apr25.mlflow/#/experiments/10/runs/b760277ecd18418785da52f4326f8d8b
🧪 View experiment at: https://dagshub.com/sacer11/MLOps_movie_rec_apr25.mlflow/#/experiments/10

[2025-06-09T00:47:26.696+0000] {train_deep_model_dag.py:22} WARNING - 🟨 [stderr]:
2025-06-09 00:46:31,635 - __main__ - INFO - 📥 Lade Rohdaten und baue Hybrid-Feature-Matrix ...
2025-06-09 00:46:36,675 - __main__ - INFO - 📐 Hybrid-Matrix erstellt mit Shape: (10381, 1429), Feature-Namen: 1429
2025-06-09 00:46:46,418 - __main__ - INFO - 💾 Hybrid-Matrix gespeichert unter /opt/***/data/processed/hybrid_matrix.csv
2025-06-09 00:46:46,522 - __main__ - INFO - 🚀 Starte Training Autoencoder ...
2025-06-09 00:46:47,345 - __main__ - INFO - Epoch 1/30: Loss = 0.0118
2025-06-09 00:46:47,634 - __main__ - INFO - Epoch 2/30: Loss = 0.0069
2025-06-09 00:46:47,895 - __main__ - INFO - Epoch 3/30: Loss = 0.0059
2025-06-09 00:46:48,146 - __main__ - INFO - Epoch 4/30: Loss = 0.0055
2025-06-09 00:46:48,424 - __main__ - INFO - Epoch 5/30: Loss = 0.0052
2025-06-09 00:46:48,669 - __main__ - INFO - Epoch 6/30: Loss = 0.0049
2025-06-09 00:46:48,940 - __main__ - INFO - Epoch 7/30: Loss = 0.0048
2025-06-09 00:46:49,199 - __main__ - INFO - Epoch 8/30: Loss = 0.0047
2025-06-09 00:46:49,471 - __main__ - INFO - Epoch 9/30: Loss = 0.0046
2025-06-09 00:46:49,725 - __main__ - INFO - Epoch 10/30: Loss = 0.0045
2025-06-09 00:46:49,952 - __main__ - INFO - Epoch 11/30: Loss = 0.0044
2025-06-09 00:46:50,188 - __main__ - INFO - Epoch 12/30: Loss = 0.0043
2025-06-09 00:46:50,429 - __main__ - INFO - Epoch 13/30: Loss = 0.0043
2025-06-09 00:46:50,690 - __main__ - INFO - Epoch 14/30: Loss = 0.0042
2025-06-09 00:46:50,941 - __main__ - INFO - Epoch 15/30: Loss = 0.0042
2025-06-09 00:46:51,195 - __main__ - INFO - Epoch 16/30: Loss = 0.0042
2025-06-09 00:46:51,441 - __main__ - INFO - Epoch 17/30: Loss = 0.0041
2025-06-09 00:46:51,690 - __main__ - INFO - Epoch 18/30: Loss = 0.0041
2025-06-09 00:46:51,914 - __main__ - INFO - Epoch 19/30: Loss = 0.0041
2025-06-09 00:46:52,158 - __main__ - INFO - Epoch 20/30: Loss = 0.0040
2025-06-09 00:46:52,409 - __main__ - INFO - Epoch 21/30: Loss = 0.0040
2025-06-09 00:46:52,678 - __main__ - INFO - Epoch 22/30: Loss = 0.0040
2025-06-09 00:46:52,983 - __main__ - INFO - Epoch 23/30: Loss = 0.0040
2025-06-09 00:46:53,251 - __main__ - INFO - Epoch 24/30: Loss = 0.0040
2025-06-09 00:46:53,501 - __main__ - INFO - Epoch 25/30: Loss = 0.0040
2025-06-09 00:46:53,750 - __main__ - INFO - Epoch 26/30: Loss = 0.0039
2025-06-09 00:46:54,043 - __main__ - INFO - Epoch 27/30: Loss = 0.0039
2025-06-09 00:46:54,296 - __main__ - INFO - Epoch 28/30: Loss = 0.0039
2025-06-09 00:46:54,571 - __main__ - INFO - Epoch 29/30: Loss = 0.0039
2025-06-09 00:46:54,850 - __main__ - INFO - Epoch 30/30: Loss = 0.0039
2025-06-09 00:46:55,298 - __main__ - INFO - ✅ Hybrid-Embeddings gespeichert unter /opt/***/data/processed/hybrid_deep_embedding.csv
2025-06-09 00:46:55,298 - __main__ - INFO - ✅ Hybrid-Embeddings gespeichert unter /opt/***/data/processed/hybrid_deep_embedding.csv
2025-06-09 00:46:55,316 - __main__ - INFO - ✅ Deep KNN Modell gespeichert unter /opt/***/models/hybrid_deep_knn.pkl
2025/06/09 00:47:01 INFO mlflow.pyfunc: Validating input example against model signature

Downloading artifacts:   0%|          | 0/1 [00:00<?, ?it/s]
Downloading artifacts: 100%|██████████| 1/1 [00:00<00:00, 47.47it/s]
Downloading artifacts: 100%|██████████| 1/1 [00:00<00:00, 47.01it/s]
Registered model 'hybrid_deep_model' already exists. Creating a new version of this model...
2025/06/09 00:47:11 INFO mlflow.store.model_registry.abstract_store: Waiting up to 300 seconds for model version to finish creation. Model name: hybrid_deep_model, version 71
Created version '71' of model 'hybrid_deep_model'.
2025-06-09 00:47:23,621 - __main__ - INFO - 📝 Tags für Modellversion 71 gesetzt: n_neighbors=10, latent_dim=64, tfidf_features=300, epochs=30
2025-06-09 00:47:25,623 - __main__ - INFO - 🏁 Deep Hybrid-Model Training abgeschlossen und geloggt.

[2025-06-09T00:47:26.696+0000] {python.py:201} INFO - Done. Returned value was: None
[2025-06-09T00:47:26.704+0000] {taskinstance.py:1138} INFO - Marking task as SUCCESS. dag_id=deep_models_pipeline, task_id=train_deep_hybrid_model, execution_date=20250609T004623, start_date=20250609T004627, end_date=20250609T004726
[2025-06-09T00:47:26.724+0000] {local_task_job_runner.py:234} INFO - Task exited with return code 0
[2025-06-09T00:47:26.743+0000] {taskinstance.py:3280} INFO - 1 downstream tasks scheduled from follow-on schedule check
