[2025-05-31T19:20:07.128+0000] {taskinstance.py:1956} INFO - Dependencies all met for dep_context=non-requeueable deps ti=<TaskInstance: movie_recommendation_pipeline.train_user_model manual__2025-05-31T19:19:43.279904+00:00 [queued]>
[2025-05-31T19:20:07.135+0000] {taskinstance.py:1956} INFO - Dependencies all met for dep_context=requeueable deps ti=<TaskInstance: movie_recommendation_pipeline.train_user_model manual__2025-05-31T19:19:43.279904+00:00 [queued]>
[2025-05-31T19:20:07.135+0000] {taskinstance.py:2170} INFO - Starting attempt 1 of 3
[2025-05-31T19:20:07.147+0000] {taskinstance.py:2191} INFO - Executing <Task(PythonOperator): train_user_model> on 2025-05-31 19:19:43.279904+00:00
[2025-05-31T19:20:07.153+0000] {standard_task_runner.py:60} INFO - Started process 363 to run task
[2025-05-31T19:20:07.155+0000] {standard_task_runner.py:87} INFO - Running: ['***', 'tasks', 'run', 'movie_recommendation_pipeline', 'train_user_model', 'manual__2025-05-31T19:19:43.279904+00:00', '--job-id', '355', '--raw', '--subdir', 'DAGS_FOLDER/mlops_movie_dag.py', '--cfg-path', '/tmp/tmp2rttgfp5']
[2025-05-31T19:20:07.156+0000] {standard_task_runner.py:88} INFO - Job 355: Subtask train_user_model
[2025-05-31T19:20:07.187+0000] {task_command.py:423} INFO - Running <TaskInstance: movie_recommendation_pipeline.train_user_model manual__2025-05-31T19:19:43.279904+00:00 [running]> on host 57b78e890464
[2025-05-31T19:20:07.247+0000] {taskinstance.py:2480} INFO - Exporting env vars: AIRFLOW_CTX_DAG_OWNER='***' AIRFLOW_CTX_DAG_ID='movie_recommendation_pipeline' AIRFLOW_CTX_TASK_ID='train_user_model' AIRFLOW_CTX_EXECUTION_DATE='2025-05-31T19:19:43.279904+00:00' AIRFLOW_CTX_TRY_NUMBER='1' AIRFLOW_CTX_DAG_RUN_ID='manual__2025-05-31T19:19:43.279904+00:00'
[2025-05-31T19:23:20.341+0000] {mlops_movie_dag.py:12} INFO - 🚀 Starte Training des user_model
📥 Lade Bewertungen und Movie-Embeddings
🔄 Erstelle User-Vektoren
✅ 138493 User-Vektoren gespeichert unter /opt/***/data/processed/user_matrix.csv
📊 Trainiere NearestNeighbors-Modell
✅ Modell gespeichert unter /opt/***/models/user_model.pkl
📡 Starte MLflow-Tracking
🏁 Training abgeschlossen und geloggt.

[2025-05-31T19:23:20.342+0000] {python.py:201} INFO - Done. Returned value was: None
[2025-05-31T19:23:20.350+0000] {taskinstance.py:1138} INFO - Marking task as SUCCESS. dag_id=movie_recommendation_pipeline, task_id=train_user_model, execution_date=20250531T191943, start_date=20250531T192007, end_date=20250531T192320
[2025-05-31T19:23:20.375+0000] {local_task_job_runner.py:234} INFO - Task exited with return code 0
[2025-05-31T19:23:20.394+0000] {taskinstance.py:3280} INFO - 1 downstream tasks scheduled from follow-on schedule check
