[2025-06-02T03:06:22.137+0000] {taskinstance.py:1956} INFO - Dependencies all met for dep_context=non-requeueable deps ti=<TaskInstance: movie_recommendation_pipeline.cleanup_all manual__2025-06-02T03:05:56.386817+00:00 [queued]>
[2025-06-02T03:06:22.144+0000] {taskinstance.py:1956} INFO - Dependencies all met for dep_context=requeueable deps ti=<TaskInstance: movie_recommendation_pipeline.cleanup_all manual__2025-06-02T03:05:56.386817+00:00 [queued]>
[2025-06-02T03:06:22.144+0000] {taskinstance.py:2170} INFO - Starting attempt 1 of 3
[2025-06-02T03:06:22.154+0000] {taskinstance.py:2191} INFO - Executing <Task(PythonOperator): cleanup_all> on 2025-06-02 03:05:56.386817+00:00
[2025-06-02T03:06:22.161+0000] {standard_task_runner.py:60} INFO - Started process 303 to run task
[2025-06-02T03:06:22.163+0000] {standard_task_runner.py:87} INFO - Running: ['***', 'tasks', 'run', 'movie_recommendation_pipeline', 'cleanup_all', 'manual__2025-06-02T03:05:56.386817+00:00', '--job-id', '1431', '--raw', '--subdir', 'DAGS_FOLDER/mlops_movie_dag.py', '--cfg-path', '/tmp/tmpgaymwnxx']
[2025-06-02T03:06:22.164+0000] {standard_task_runner.py:88} INFO - Job 1431: Subtask cleanup_all
[2025-06-02T03:06:22.193+0000] {task_command.py:423} INFO - Running <TaskInstance: movie_recommendation_pipeline.cleanup_all manual__2025-06-02T03:05:56.386817+00:00 [running]> on host b6ab02588040
[2025-06-02T03:06:22.245+0000] {taskinstance.py:2480} INFO - Exporting env vars: AIRFLOW_CTX_DAG_OWNER='***' AIRFLOW_CTX_DAG_ID='movie_recommendation_pipeline' AIRFLOW_CTX_TASK_ID='cleanup_all' AIRFLOW_CTX_EXECUTION_DATE='2025-06-02T03:05:56.386817+00:00' AIRFLOW_CTX_TRY_NUMBER='1' AIRFLOW_CTX_DAG_RUN_ID='manual__2025-06-02T03:05:56.386817+00:00'
[2025-06-02T03:06:22.264+0000] {mlops_movie_dag.py:12} INFO - 🟦 Running command: dvc remove /opt/***/models/hybrid_model.pkl.dvc
[2025-06-02T03:06:22.715+0000] {mlops_movie_dag.py:18} INFO - 🟩 [stdout]:

[2025-06-02T03:06:22.716+0000] {mlops_movie_dag.py:20} WARNING - 🟨 [stderr]:
ERROR: '/opt/***/models/hybrid_model.pkl.dvc' does not exist

[2025-06-02T03:06:22.716+0000] {mlops_movie_dag.py:27} ERROR - ❌ Subprozess-Fehler (exit code 1): dvc remove /opt/***/models/hybrid_model.pkl.dvc
[2025-06-02T03:06:22.716+0000] {mlops_movie_dag.py:30} ERROR - ❌ Subprozess-Ausnahme: Command '['dvc', 'remove', '/opt/***/models/hybrid_model.pkl.dvc']' returned non-zero exit status 1.
[2025-06-02T03:06:22.773+0000] {mlops_movie_dag.py:12} INFO - 🟦 Running command: dvc remove /opt/***/data/processed/hybrid_matrix.csv.dvc
[2025-06-02T03:06:23.169+0000] {mlops_movie_dag.py:18} INFO - 🟩 [stdout]:

[2025-06-02T03:06:23.170+0000] {mlops_movie_dag.py:20} WARNING - 🟨 [stderr]:
ERROR: '/opt/***/data/processed/hybrid_matrix.csv.dvc' does not exist

[2025-06-02T03:06:23.170+0000] {mlops_movie_dag.py:27} ERROR - ❌ Subprozess-Fehler (exit code 1): dvc remove /opt/***/data/processed/hybrid_matrix.csv.dvc
[2025-06-02T03:06:23.171+0000] {mlops_movie_dag.py:30} ERROR - ❌ Subprozess-Ausnahme: Command '['dvc', 'remove', '/opt/***/data/processed/hybrid_matrix.csv.dvc']' returned non-zero exit status 1.
[2025-06-02T03:06:23.177+0000] {mlops_movie_dag.py:12} INFO - 🟦 Running command: dvc remove /opt/***/data/processed/hybrid_matrix_features.txt.dvc
[2025-06-02T03:06:23.614+0000] {mlops_movie_dag.py:18} INFO - 🟩 [stdout]:

[2025-06-02T03:06:23.615+0000] {mlops_movie_dag.py:20} WARNING - 🟨 [stderr]:
ERROR: '/opt/***/data/processed/hybrid_matrix_features.txt.dvc' does not exist

[2025-06-02T03:06:23.615+0000] {mlops_movie_dag.py:27} ERROR - ❌ Subprozess-Fehler (exit code 1): dvc remove /opt/***/data/processed/hybrid_matrix_features.txt.dvc
[2025-06-02T03:06:23.616+0000] {mlops_movie_dag.py:30} ERROR - ❌ Subprozess-Ausnahme: Command '['dvc', 'remove', '/opt/***/data/processed/hybrid_matrix_features.txt.dvc']' returned non-zero exit status 1.
[2025-06-02T03:06:23.625+0000] {mlops_movie_dag.py:12} INFO - 🟦 Running command: dvc remove /opt/***/models/user_model.pkl.dvc
[2025-06-02T03:06:24.164+0000] {mlops_movie_dag.py:18} INFO - 🟩 [stdout]:

[2025-06-02T03:06:24.165+0000] {mlops_movie_dag.py:20} WARNING - 🟨 [stderr]:
ERROR: '/opt/***/models/user_model.pkl.dvc' does not exist

[2025-06-02T03:06:24.165+0000] {mlops_movie_dag.py:27} ERROR - ❌ Subprozess-Fehler (exit code 1): dvc remove /opt/***/models/user_model.pkl.dvc
[2025-06-02T03:06:24.166+0000] {mlops_movie_dag.py:30} ERROR - ❌ Subprozess-Ausnahme: Command '['dvc', 'remove', '/opt/***/models/user_model.pkl.dvc']' returned non-zero exit status 1.
[2025-06-02T03:06:24.178+0000] {mlops_movie_dag.py:12} INFO - 🟦 Running command: dvc remove /opt/***/data/processed/user_matrix.csv.dvc
[2025-06-02T03:06:24.574+0000] {mlops_movie_dag.py:18} INFO - 🟩 [stdout]:

[2025-06-02T03:06:24.575+0000] {mlops_movie_dag.py:20} WARNING - 🟨 [stderr]:
ERROR: '/opt/***/data/processed/user_matrix.csv.dvc' does not exist

[2025-06-02T03:06:24.576+0000] {mlops_movie_dag.py:27} ERROR - ❌ Subprozess-Fehler (exit code 1): dvc remove /opt/***/data/processed/user_matrix.csv.dvc
[2025-06-02T03:06:24.576+0000] {mlops_movie_dag.py:30} ERROR - ❌ Subprozess-Ausnahme: Command '['dvc', 'remove', '/opt/***/data/processed/user_matrix.csv.dvc']' returned non-zero exit status 1.
[2025-06-02T03:06:24.585+0000] {mlops_movie_dag.py:12} INFO - 🟦 Running command: dvc remove /opt/***/data/processed/user_matrix_features.txt.dvc
[2025-06-02T03:06:24.965+0000] {mlops_movie_dag.py:18} INFO - 🟩 [stdout]:

[2025-06-02T03:06:24.966+0000] {mlops_movie_dag.py:20} WARNING - 🟨 [stderr]:
ERROR: '/opt/***/data/processed/user_matrix_features.txt.dvc' does not exist

[2025-06-02T03:06:24.966+0000] {mlops_movie_dag.py:27} ERROR - ❌ Subprozess-Fehler (exit code 1): dvc remove /opt/***/data/processed/user_matrix_features.txt.dvc
[2025-06-02T03:06:24.967+0000] {mlops_movie_dag.py:30} ERROR - ❌ Subprozess-Ausnahme: Command '['dvc', 'remove', '/opt/***/data/processed/user_matrix_features.txt.dvc']' returned non-zero exit status 1.
[2025-06-02T03:06:24.967+0000] {python.py:201} INFO - Done. Returned value was: None
[2025-06-02T03:06:24.975+0000] {taskinstance.py:1138} INFO - Marking task as SUCCESS. dag_id=movie_recommendation_pipeline, task_id=cleanup_all, execution_date=20250602T030556, start_date=20250602T030622, end_date=20250602T030624
[2025-06-02T03:06:25.025+0000] {local_task_job_runner.py:234} INFO - Task exited with return code 0
[2025-06-02T03:06:25.048+0000] {taskinstance.py:3280} INFO - 2 downstream tasks scheduled from follow-on schedule check
