[2025-06-02T20:56:12.769+0000] {taskinstance.py:1956} INFO - Dependencies all met for dep_context=non-requeueable deps ti=<TaskInstance: deep_models_pipeline.train_deep_user_model manual__2025-06-02T20:56:11.620746+00:00 [queued]>
[2025-06-02T20:56:12.776+0000] {taskinstance.py:1956} INFO - Dependencies all met for dep_context=requeueable deps ti=<TaskInstance: deep_models_pipeline.train_deep_user_model manual__2025-06-02T20:56:11.620746+00:00 [queued]>
[2025-06-02T20:56:12.776+0000] {taskinstance.py:2170} INFO - Starting attempt 1 of 1
[2025-06-02T20:56:12.788+0000] {taskinstance.py:2191} INFO - Executing <Task(BashOperator): train_deep_user_model> on 2025-06-02 20:56:11.620746+00:00
[2025-06-02T20:56:12.796+0000] {standard_task_runner.py:60} INFO - Started process 1471 to run task
[2025-06-02T20:56:12.798+0000] {standard_task_runner.py:87} INFO - Running: ['***', 'tasks', 'run', 'deep_models_pipeline', 'train_deep_user_model', 'manual__2025-06-02T20:56:11.620746+00:00', '--job-id', '1730', '--raw', '--subdir', 'DAGS_FOLDER/train_deep_model_dag.py', '--cfg-path', '/tmp/tmplw9q9c22']
[2025-06-02T20:56:12.800+0000] {standard_task_runner.py:88} INFO - Job 1730: Subtask train_deep_user_model
[2025-06-02T20:56:12.836+0000] {task_command.py:423} INFO - Running <TaskInstance: deep_models_pipeline.train_deep_user_model manual__2025-06-02T20:56:11.620746+00:00 [running]> on host 01f7ed3412b0
[2025-06-02T20:56:12.890+0000] {taskinstance.py:2480} INFO - Exporting env vars: AIRFLOW_CTX_DAG_OWNER='***' AIRFLOW_CTX_DAG_ID='deep_models_pipeline' AIRFLOW_CTX_TASK_ID='train_deep_user_model' AIRFLOW_CTX_EXECUTION_DATE='2025-06-02T20:56:11.620746+00:00' AIRFLOW_CTX_TRY_NUMBER='1' AIRFLOW_CTX_DAG_RUN_ID='manual__2025-06-02T20:56:11.620746+00:00'
[2025-06-02T20:56:12.891+0000] {subprocess.py:63} INFO - Tmp dir root location: /tmp
[2025-06-02T20:56:12.893+0000] {subprocess.py:75} INFO - Running command: ['/usr/bin/bash', '-c', 'python /opt/***/src/models/train_user_deep_model.py']
[2025-06-02T20:56:12.903+0000] {subprocess.py:86} INFO - Output:
[2025-06-02T20:56:16.051+0000] {subprocess.py:93} INFO - /home/***/.local/lib/python3.10/site-packages/mlflow/pyfunc/utils/data_validation.py:186: UserWarning: [33mAdd type hints to the `predict` method to enable data validation and automatic signature inference during model logging. Check https://mlflow.org/docs/latest/model/python_model.html#type-hint-usage-in-pythonmodel for more details.[0m
[2025-06-02T20:56:16.052+0000] {subprocess.py:93} INFO -   color_warning(
[2025-06-02T21:13:02.830+0000] {subprocess.py:93} INFO - Epoch 1/25: Loss = 0.0005
[2025-06-02T21:13:02.832+0000] {subprocess.py:93} INFO - Epoch 2/25: Loss = 0.0000
[2025-06-02T21:13:02.832+0000] {subprocess.py:93} INFO - Epoch 3/25: Loss = 0.0000
[2025-06-02T21:13:02.833+0000] {subprocess.py:93} INFO - Epoch 4/25: Loss = 0.0000
[2025-06-02T21:13:02.834+0000] {subprocess.py:93} INFO - Epoch 5/25: Loss = 0.0000
[2025-06-02T21:13:02.834+0000] {subprocess.py:93} INFO - Epoch 6/25: Loss = 0.0000
[2025-06-02T21:13:02.834+0000] {subprocess.py:93} INFO - Epoch 7/25: Loss = 0.0000
[2025-06-02T21:13:02.835+0000] {subprocess.py:93} INFO - Epoch 8/25: Loss = 0.0000
[2025-06-02T21:13:02.835+0000] {subprocess.py:93} INFO - Epoch 9/25: Loss = 0.0000
[2025-06-02T21:13:02.835+0000] {subprocess.py:93} INFO - Epoch 10/25: Loss = 0.0000
[2025-06-02T21:13:02.836+0000] {subprocess.py:93} INFO - Epoch 11/25: Loss = 0.0000
[2025-06-02T21:13:02.836+0000] {subprocess.py:93} INFO - Epoch 12/25: Loss = 0.0000
[2025-06-02T21:13:02.837+0000] {subprocess.py:93} INFO - Epoch 13/25: Loss = 0.0000
[2025-06-02T21:13:02.837+0000] {subprocess.py:93} INFO - Epoch 14/25: Loss = 0.0000
[2025-06-02T21:13:02.837+0000] {subprocess.py:93} INFO - Epoch 15/25: Loss = 0.0000
[2025-06-02T21:13:02.838+0000] {subprocess.py:93} INFO - Epoch 16/25: Loss = 0.0000
[2025-06-02T21:13:02.838+0000] {subprocess.py:93} INFO - Epoch 17/25: Loss = 0.0000
[2025-06-02T21:13:02.838+0000] {subprocess.py:93} INFO - Epoch 18/25: Loss = 0.0000
[2025-06-02T21:13:02.839+0000] {subprocess.py:93} INFO - Epoch 19/25: Loss = 0.0000
[2025-06-02T21:13:02.839+0000] {subprocess.py:93} INFO - Epoch 20/25: Loss = 0.0000
[2025-06-02T21:13:02.840+0000] {subprocess.py:93} INFO - Epoch 21/25: Loss = 0.0000
[2025-06-02T21:13:02.840+0000] {subprocess.py:93} INFO - Epoch 22/25: Loss = 0.0000
[2025-06-02T21:13:02.841+0000] {subprocess.py:93} INFO - Epoch 23/25: Loss = 0.0000
[2025-06-02T21:13:02.841+0000] {subprocess.py:93} INFO - Epoch 24/25: Loss = 0.0000
[2025-06-02T21:13:02.841+0000] {subprocess.py:93} INFO - Epoch 25/25: Loss = 0.0000
[2025-06-02T21:13:02.842+0000] {subprocess.py:93} INFO - ✅ User-Embeddings gespeichert unter /opt/***/data/processed/user_deep_embedding.csv
[2025-06-02T21:13:02.842+0000] {subprocess.py:93} INFO - ✅ Deep KNN Modell gespeichert unter /opt/***/models/user_deep_knn.pkl
[2025-06-02T21:13:02.843+0000] {subprocess.py:93} INFO - ⚠️ Fehler beim MLflow-Logging: API request to https://dagshub.com/sacer11/MLOps_movie_rec_apr25.mlflow/api/2.0/mlflow/experiments/get-by-name failed with exception HTTPSConnectionPool(host='dagshub.com', port=443): Max retries exceeded with url: /sacer11/MLOps_movie_rec_apr25.mlflow/api/2.0/mlflow/experiments/get-by-name?experiment_name=movie_user_deep_model (Caused by ResponseError('too many 500 error responses'))
[2025-06-02T21:13:02.843+0000] {subprocess.py:93} INFO - → Das Modell wurde trotzdem lokal gespeichert (deep_knn_path).
[2025-06-02T21:13:03.875+0000] {subprocess.py:97} INFO - Command exited with return code 0
[2025-06-02T21:13:03.903+0000] {taskinstance.py:1138} INFO - Marking task as SUCCESS. dag_id=deep_models_pipeline, task_id=train_deep_user_model, execution_date=20250602T205611, start_date=20250602T205612, end_date=20250602T211303
[2025-06-02T21:13:03.962+0000] {local_task_job_runner.py:234} INFO - Task exited with return code 0
[2025-06-02T21:13:03.986+0000] {taskinstance.py:3280} INFO - 1 downstream tasks scheduled from follow-on schedule check
