[2025-05-31T13:24:20.452+0000] {taskinstance.py:1956} INFO - Dependencies all met for dep_context=non-requeueable deps ti=<TaskInstance: movie_recommendation_pipeline.train_user_model manual__2025-05-31T13:23:50.395858+00:00 [queued]>
[2025-05-31T13:24:20.459+0000] {taskinstance.py:1956} INFO - Dependencies all met for dep_context=requeueable deps ti=<TaskInstance: movie_recommendation_pipeline.train_user_model manual__2025-05-31T13:23:50.395858+00:00 [queued]>
[2025-05-31T13:24:20.459+0000] {taskinstance.py:2170} INFO - Starting attempt 1 of 2
[2025-05-31T13:24:20.469+0000] {taskinstance.py:2191} INFO - Executing <Task(PythonOperator): train_user_model> on 2025-05-31 13:23:50.395858+00:00
[2025-05-31T13:24:20.479+0000] {standard_task_runner.py:60} INFO - Started process 430 to run task
[2025-05-31T13:24:20.481+0000] {standard_task_runner.py:87} INFO - Running: ['***', 'tasks', 'run', 'movie_recommendation_pipeline', 'train_user_model', 'manual__2025-05-31T13:23:50.395858+00:00', '--job-id', '170', '--raw', '--subdir', 'DAGS_FOLDER/mlops_movie_dag.py', '--cfg-path', '/tmp/tmpa451cvfi']
[2025-05-31T13:24:20.482+0000] {standard_task_runner.py:88} INFO - Job 170: Subtask train_user_model
[2025-05-31T13:24:20.523+0000] {task_command.py:423} INFO - Running <TaskInstance: movie_recommendation_pipeline.train_user_model manual__2025-05-31T13:23:50.395858+00:00 [running]> on host d35b3b7ac69d
[2025-05-31T13:24:20.578+0000] {taskinstance.py:2480} INFO - Exporting env vars: AIRFLOW_CTX_DAG_OWNER='***' AIRFLOW_CTX_DAG_ID='movie_recommendation_pipeline' AIRFLOW_CTX_TASK_ID='train_user_model' AIRFLOW_CTX_EXECUTION_DATE='2025-05-31T13:23:50.395858+00:00' AIRFLOW_CTX_TRY_NUMBER='1' AIRFLOW_CTX_DAG_RUN_ID='manual__2025-05-31T13:23:50.395858+00:00'
[2025-05-31T13:27:09.085+0000] {logging_mixin.py:188} WARNING - 2025/05/31 13:27:09 WARNING mlflow.utils.git_utils: Failed to import Git (the Git executable is probably not on your PATH), so Git SHA is not available. Error: Failed to initialize: Bad git executable.
The git executable must be specified in one of the following ways:
    - be included in your $PATH
    - be set via $GIT_PYTHON_GIT_EXECUTABLE
    - explicitly set via git.refresh(<full-path-to-git-executable>)

All git commands will error until this is rectified.

This initial message can be silenced or aggravated in the future by setting the
$GIT_PYTHON_REFRESH environment variable. Use one of the following values:
    - quiet|q|silence|s|silent|none|n|0: for no message or exception
    - warn|w|warning|log|l|1: for a warning message (logging level CRITICAL, displayed by default)
    - error|e|exception|raise|r|2: for a raised exception

Example:
    export GIT_PYTHON_REFRESH=quiet
[2025-05-31T13:27:16.420+0000] {python.py:201} INFO - Done. Returned value was: None
[2025-05-31T13:27:16.429+0000] {taskinstance.py:1138} INFO - Marking task as SUCCESS. dag_id=movie_recommendation_pipeline, task_id=train_user_model, execution_date=20250531T132350, start_date=20250531T132420, end_date=20250531T132716
[2025-05-31T13:27:16.464+0000] {local_task_job_runner.py:234} INFO - Task exited with return code 0
[2025-05-31T13:27:16.481+0000] {taskinstance.py:3280} INFO - 1 downstream tasks scheduled from follow-on schedule check
