[2025-06-02T10:04:11.925+0000] {taskinstance.py:1956} INFO - Dependencies all met for dep_context=non-requeueable deps ti=<TaskInstance: movie_recommendation_pipeline.import_raw_data manual__2025-06-02T10:04:11.335787+00:00 [queued]>
[2025-06-02T10:04:11.932+0000] {taskinstance.py:1956} INFO - Dependencies all met for dep_context=requeueable deps ti=<TaskInstance: movie_recommendation_pipeline.import_raw_data manual__2025-06-02T10:04:11.335787+00:00 [queued]>
[2025-06-02T10:04:11.933+0000] {taskinstance.py:2170} INFO - Starting attempt 1 of 3
[2025-06-02T10:04:11.943+0000] {taskinstance.py:2191} INFO - Executing <Task(PythonOperator): import_raw_data> on 2025-06-02 10:04:11.335787+00:00
[2025-06-02T10:04:11.951+0000] {standard_task_runner.py:60} INFO - Started process 224 to run task
[2025-06-02T10:04:11.954+0000] {standard_task_runner.py:87} INFO - Running: ['***', 'tasks', 'run', 'movie_recommendation_pipeline', 'import_raw_data', 'manual__2025-06-02T10:04:11.335787+00:00', '--job-id', '1650', '--raw', '--subdir', 'DAGS_FOLDER/mlops_movie_dag.py', '--cfg-path', '/tmp/tmp4pttr_m4']
[2025-06-02T10:04:11.955+0000] {standard_task_runner.py:88} INFO - Job 1650: Subtask import_raw_data
[2025-06-02T10:04:11.991+0000] {task_command.py:423} INFO - Running <TaskInstance: movie_recommendation_pipeline.import_raw_data manual__2025-06-02T10:04:11.335787+00:00 [running]> on host 43a492dd7637
[2025-06-02T10:04:12.060+0000] {taskinstance.py:2480} INFO - Exporting env vars: AIRFLOW_CTX_DAG_OWNER='***' AIRFLOW_CTX_DAG_ID='movie_recommendation_pipeline' AIRFLOW_CTX_TASK_ID='import_raw_data' AIRFLOW_CTX_EXECUTION_DATE='2025-06-02T10:04:11.335787+00:00' AIRFLOW_CTX_TRY_NUMBER='1' AIRFLOW_CTX_DAG_RUN_ID='manual__2025-06-02T10:04:11.335787+00:00'
[2025-06-02T10:04:12.062+0000] {mlops_movie_dag.py:12} INFO - 🟦 Running command: python /opt/***/src/data/import_raw_data.py
[2025-06-02T10:04:12.248+0000] {mlops_movie_dag.py:19} INFO - 🟩 [stdout]:
✅ Datei bereits vorhanden, überspringe: genome-scores.csv
✅ Datei bereits vorhanden, überspringe: genome-tags.csv
✅ Datei bereits vorhanden, überspringe: links.csv
✅ Datei bereits vorhanden, überspringe: movies.csv
✅ Datei bereits vorhanden, überspringe: ratings.csv
✅ Datei bereits vorhanden, überspringe: README.txt
✅ Datei bereits vorhanden, überspringe: tags.csv

[2025-06-02T10:04:12.249+0000] {mlops_movie_dag.py:21} WARNING - 🟨 [stderr]:
2025-06-02 10:04:12,239 - __main__ - INFO - ✅ Rohdatenprüfung abgeschlossen.

[2025-06-02T10:04:12.249+0000] {python.py:201} INFO - Done. Returned value was: None
[2025-06-02T10:04:12.259+0000] {taskinstance.py:1138} INFO - Marking task as SUCCESS. dag_id=movie_recommendation_pipeline, task_id=import_raw_data, execution_date=20250602T100411, start_date=20250602T100411, end_date=20250602T100412
[2025-06-02T10:04:12.287+0000] {local_task_job_runner.py:234} INFO - Task exited with return code 0
[2025-06-02T10:04:12.309+0000] {taskinstance.py:3280} INFO - 1 downstream tasks scheduled from follow-on schedule check
