[2025-06-12T15:38:46.481+0000] {taskinstance.py:1956} INFO - Dependencies all met for dep_context=non-requeueable deps ti=<TaskInstance: deep_models_pipeline.train_deep_hybrid_model manual__2025-06-12T15:38:42.193565+00:00 [queued]>
[2025-06-12T15:38:46.488+0000] {taskinstance.py:1956} INFO - Dependencies all met for dep_context=requeueable deps ti=<TaskInstance: deep_models_pipeline.train_deep_hybrid_model manual__2025-06-12T15:38:42.193565+00:00 [queued]>
[2025-06-12T15:38:46.488+0000] {taskinstance.py:2170} INFO - Starting attempt 1 of 3
[2025-06-12T15:38:46.498+0000] {taskinstance.py:2191} INFO - Executing <Task(PythonOperator): train_deep_hybrid_model> on 2025-06-12 15:38:42.193565+00:00
[2025-06-12T15:38:46.504+0000] {standard_task_runner.py:60} INFO - Started process 1042 to run task
[2025-06-12T15:38:46.505+0000] {standard_task_runner.py:87} INFO - Running: ['***', 'tasks', 'run', 'deep_models_pipeline', 'train_deep_hybrid_model', 'manual__2025-06-12T15:38:42.193565+00:00', '--job-id', '45', '--raw', '--subdir', 'DAGS_FOLDER/train_deep_model_dag.py', '--cfg-path', '/tmp/tmpcgors755']
[2025-06-12T15:38:46.507+0000] {standard_task_runner.py:88} INFO - Job 45: Subtask train_deep_hybrid_model
[2025-06-12T15:38:46.539+0000] {task_command.py:423} INFO - Running <TaskInstance: deep_models_pipeline.train_deep_hybrid_model manual__2025-06-12T15:38:42.193565+00:00 [running]> on host e25078c6d813
[2025-06-12T15:38:46.594+0000] {taskinstance.py:2480} INFO - Exporting env vars: AIRFLOW_CTX_DAG_OWNER='***' AIRFLOW_CTX_DAG_ID='deep_models_pipeline' AIRFLOW_CTX_TASK_ID='train_deep_hybrid_model' AIRFLOW_CTX_EXECUTION_DATE='2025-06-12T15:38:42.193565+00:00' AIRFLOW_CTX_TRY_NUMBER='1' AIRFLOW_CTX_DAG_RUN_ID='manual__2025-06-12T15:38:42.193565+00:00'
[2025-06-12T15:38:46.595+0000] {train_deep_model_dag.py:13} INFO - 🟦 Running command: python /opt/***/src/models/train_hybrid_deep_model.py
[2025-06-12T15:40:51.430+0000] {train_deep_model_dag.py:20} INFO - 🟩 [stdout]:
🏃 View run train_hybrid_deep_model at: https://dagshub.com/sacer11/MLOps_movie_rec_apr25.mlflow/#/experiments/10/runs/e7f630516ab94569b3b62cf12ea63670
🧪 View experiment at: https://dagshub.com/sacer11/MLOps_movie_rec_apr25.mlflow/#/experiments/10

[2025-06-12T15:40:51.431+0000] {train_deep_model_dag.py:22} WARNING - 🟨 [stderr]:
2025-06-12 15:38:50,862 - __main__ - INFO - 📥 Lade Rohdaten und baue Hybrid-Feature-Matrix ...
2025-06-12 15:38:56,270 - __main__ - INFO - 📐 Hybrid-Matrix erstellt mit Shape: (10381, 3169), Feature-Namen: 3169
2025-06-12 15:39:12,218 - __main__ - INFO - 💾 Hybrid-Matrix gespeichert unter /opt/***/data/processed/hybrid_matrix.csv
2025-06-12 15:39:12,511 - __main__ - INFO - 🚀 Starte Training Autoencoder ...
2025-06-12 15:39:13,891 - __main__ - INFO - Epoch 1/75: Loss = 0.0017
2025-06-12 15:39:14,533 - __main__ - INFO - Epoch 2/75: Loss = 0.0011
2025-06-12 15:39:15,141 - __main__ - INFO - Epoch 3/75: Loss = 0.0009
2025-06-12 15:39:15,925 - __main__ - INFO - Epoch 4/75: Loss = 0.0008
2025-06-12 15:39:16,565 - __main__ - INFO - Epoch 5/75: Loss = 0.0008
2025-06-12 15:39:17,180 - __main__ - INFO - Epoch 6/75: Loss = 0.0007
2025-06-12 15:39:17,872 - __main__ - INFO - Epoch 7/75: Loss = 0.0007
2025-06-12 15:39:18,499 - __main__ - INFO - Epoch 8/75: Loss = 0.0007
2025-06-12 15:39:19,240 - __main__ - INFO - Epoch 9/75: Loss = 0.0007
2025-06-12 15:39:19,806 - __main__ - INFO - Epoch 10/75: Loss = 0.0007
2025-06-12 15:39:20,338 - __main__ - INFO - Epoch 11/75: Loss = 0.0007
2025-06-12 15:39:20,890 - __main__ - INFO - Epoch 12/75: Loss = 0.0007
2025-06-12 15:39:21,433 - __main__ - INFO - Epoch 13/75: Loss = 0.0007
2025-06-12 15:39:21,912 - __main__ - INFO - Epoch 14/75: Loss = 0.0006
2025-06-12 15:39:22,459 - __main__ - INFO - Epoch 15/75: Loss = 0.0006
2025-06-12 15:39:22,979 - __main__ - INFO - Epoch 16/75: Loss = 0.0006
2025-06-12 15:39:23,521 - __main__ - INFO - Epoch 17/75: Loss = 0.0006
2025-06-12 15:39:24,099 - __main__ - INFO - Epoch 18/75: Loss = 0.0006
2025-06-12 15:39:24,608 - __main__ - INFO - Epoch 19/75: Loss = 0.0006
2025-06-12 15:39:25,106 - __main__ - INFO - Epoch 20/75: Loss = 0.0006
2025-06-12 15:39:25,648 - __main__ - INFO - Epoch 21/75: Loss = 0.0006
2025-06-12 15:39:26,135 - __main__ - INFO - Epoch 22/75: Loss = 0.0006
2025-06-12 15:39:26,661 - __main__ - INFO - Epoch 23/75: Loss = 0.0006
2025-06-12 15:39:27,314 - __main__ - INFO - Epoch 24/75: Loss = 0.0006
2025-06-12 15:39:27,861 - __main__ - INFO - Epoch 25/75: Loss = 0.0006
2025-06-12 15:39:28,396 - __main__ - INFO - Epoch 26/75: Loss = 0.0006
2025-06-12 15:39:29,000 - __main__ - INFO - Epoch 27/75: Loss = 0.0006
2025-06-12 15:39:29,483 - __main__ - INFO - Epoch 28/75: Loss = 0.0006
2025-06-12 15:39:29,985 - __main__ - INFO - Epoch 29/75: Loss = 0.0006
2025-06-12 15:39:30,546 - __main__ - INFO - Epoch 30/75: Loss = 0.0006
2025-06-12 15:39:31,049 - __main__ - INFO - Epoch 31/75: Loss = 0.0006
2025-06-12 15:39:31,583 - __main__ - INFO - Epoch 32/75: Loss = 0.0006
2025-06-12 15:39:32,099 - __main__ - INFO - Epoch 33/75: Loss = 0.0006
2025-06-12 15:39:32,643 - __main__ - INFO - Epoch 34/75: Loss = 0.0006
2025-06-12 15:39:33,148 - __main__ - INFO - Epoch 35/75: Loss = 0.0006
2025-06-12 15:39:33,688 - __main__ - INFO - Epoch 36/75: Loss = 0.0006
2025-06-12 15:39:34,180 - __main__ - INFO - Epoch 37/75: Loss = 0.0006
2025-06-12 15:39:34,692 - __main__ - INFO - Epoch 38/75: Loss = 0.0006
2025-06-12 15:39:35,391 - __main__ - INFO - Epoch 39/75: Loss = 0.0006
2025-06-12 15:39:35,997 - __main__ - INFO - Epoch 40/75: Loss = 0.0006
2025-06-12 15:39:36,621 - __main__ - INFO - Epoch 41/75: Loss = 0.0006
2025-06-12 15:39:37,276 - __main__ - INFO - Epoch 42/75: Loss = 0.0006
2025-06-12 15:39:37,894 - __main__ - INFO - Epoch 43/75: Loss = 0.0006
2025-06-12 15:39:38,506 - __main__ - INFO - Epoch 44/75: Loss = 0.0006
2025-06-12 15:39:39,193 - __main__ - INFO - Epoch 45/75: Loss = 0.0006
2025-06-12 15:39:39,847 - __main__ - INFO - Epoch 46/75: Loss = 0.0006
2025-06-12 15:39:40,401 - __main__ - INFO - Epoch 47/75: Loss = 0.0006
2025-06-12 15:39:41,034 - __main__ - INFO - Epoch 48/75: Loss = 0.0006
2025-06-12 15:39:41,585 - __main__ - INFO - Epoch 49/75: Loss = 0.0006
2025-06-12 15:39:42,208 - __main__ - INFO - Epoch 50/75: Loss = 0.0006
2025-06-12 15:39:42,841 - __main__ - INFO - Epoch 51/75: Loss = 0.0006
2025-06-12 15:39:43,459 - __main__ - INFO - Epoch 52/75: Loss = 0.0006
2025-06-12 15:39:44,083 - __main__ - INFO - Epoch 53/75: Loss = 0.0006
2025-06-12 15:39:44,739 - __main__ - INFO - Epoch 54/75: Loss = 0.0006
2025-06-12 15:39:45,332 - __main__ - INFO - Epoch 55/75: Loss = 0.0006
2025-06-12 15:39:45,939 - __main__ - INFO - Epoch 56/75: Loss = 0.0006
2025-06-12 15:39:46,566 - __main__ - INFO - Epoch 57/75: Loss = 0.0006
2025-06-12 15:39:47,177 - __main__ - INFO - Epoch 58/75: Loss = 0.0006
2025-06-12 15:39:47,775 - __main__ - INFO - Epoch 59/75: Loss = 0.0006
2025-06-12 15:39:48,393 - __main__ - INFO - Epoch 60/75: Loss = 0.0006
2025-06-12 15:39:49,116 - __main__ - INFO - Epoch 61/75: Loss = 0.0006
2025-06-12 15:39:49,632 - __main__ - INFO - Epoch 62/75: Loss = 0.0006
2025-06-12 15:39:50,217 - __main__ - INFO - Epoch 63/75: Loss = 0.0006
2025-06-12 15:39:50,800 - __main__ - INFO - Epoch 64/75: Loss = 0.0006
2025-06-12 15:39:51,320 - __main__ - INFO - Epoch 65/75: Loss = 0.0006
2025-06-12 15:39:51,831 - __main__ - INFO - Epoch 66/75: Loss = 0.0006
2025-06-12 15:39:52,381 - __main__ - INFO - Epoch 67/75: Loss = 0.0006
2025-06-12 15:39:52,897 - __main__ - INFO - Epoch 68/75: Loss = 0.0006
2025-06-12 15:39:53,434 - __main__ - INFO - Epoch 69/75: Loss = 0.0006
2025-06-12 15:39:53,953 - __main__ - INFO - Epoch 70/75: Loss = 0.0006
2025-06-12 15:39:54,516 - __main__ - INFO - Epoch 71/75: Loss = 0.0005
2025-06-12 15:39:55,054 - __main__ - INFO - Epoch 72/75: Loss = 0.0005
2025-06-12 15:39:55,584 - __main__ - INFO - Epoch 73/75: Loss = 0.0005
2025-06-12 15:39:56,148 - __main__ - INFO - Epoch 74/75: Loss = 0.0005
2025-06-12 15:39:56,662 - __main__ - INFO - Epoch 75/75: Loss = 0.0005
2025-06-12 15:39:56,935 - __main__ - INFO - ✅ Hybrid-Embeddings gespeichert unter /opt/***/data/processed/hybrid_deep_embedding.csv
2025-06-12 15:39:56,949 - __main__ - INFO - ✅ Deep KNN Modell gespeichert unter /opt/***/models/hybrid_deep_knn.pkl
2025/06/12 15:40:08 INFO mlflow.pyfunc: Validating input example against model signature

Downloading artifacts:   0%|          | 0/1 [00:00<?, ?it/s]
Downloading artifacts: 100%|██████████| 1/1 [00:00<00:00, 71.36it/s]
Downloading artifacts: 100%|██████████| 1/1 [00:00<00:00, 70.43it/s]
Registered model 'hybrid_deep_model' already exists. Creating a new version of this model...
2025/06/12 15:40:21 INFO mlflow.store.model_registry.abstract_store: Waiting up to 300 seconds for model version to finish creation. Model name: hybrid_deep_model, version 115
Created version '115' of model 'hybrid_deep_model'.
2025-06-12 15:40:48,202 - __main__ - INFO - 📝 Tags gesetzt für Modellversion 115: n_neighbors=54, latent_dim=32, hidden_dim=256, tfidf_features=2040, epochs=75, lr=0.001, batch_size=128, metric=cosine, content_weight=0.5, collab_weight=0.5, power_factor=1.0, precision_10=0.0
2025-06-12 15:40:50,205 - __main__ - INFO - 🏁 Deep Hybrid-Model Training abgeschlossen und geloggt.

[2025-06-12T15:40:51.432+0000] {python.py:201} INFO - Done. Returned value was: None
[2025-06-12T15:40:51.445+0000] {taskinstance.py:1138} INFO - Marking task as SUCCESS. dag_id=deep_models_pipeline, task_id=train_deep_hybrid_model, execution_date=20250612T153842, start_date=20250612T153846, end_date=20250612T154051
[2025-06-12T15:40:51.468+0000] {local_task_job_runner.py:234} INFO - Task exited with return code 0
[2025-06-12T15:40:51.487+0000] {taskinstance.py:3280} INFO - 1 downstream tasks scheduled from follow-on schedule check
