[2025-06-04T06:01:52.347+0000] {taskinstance.py:1956} INFO - Dependencies all met for dep_context=non-requeueable deps ti=<TaskInstance: movie_recommendation_pipeline.dvc_pull_all manual__2025-06-04T05:56:09.674060+00:00 [queued]>
[2025-06-04T06:01:52.359+0000] {taskinstance.py:1956} INFO - Dependencies all met for dep_context=requeueable deps ti=<TaskInstance: movie_recommendation_pipeline.dvc_pull_all manual__2025-06-04T05:56:09.674060+00:00 [queued]>
[2025-06-04T06:01:52.360+0000] {taskinstance.py:2170} INFO - Starting attempt 1 of 3
[2025-06-04T06:01:52.370+0000] {taskinstance.py:2191} INFO - Executing <Task(PythonOperator): dvc_pull_all> on 2025-06-04 05:56:09.674060+00:00
[2025-06-04T06:01:52.377+0000] {standard_task_runner.py:60} INFO - Started process 1068 to run task
[2025-06-04T06:01:52.379+0000] {standard_task_runner.py:87} INFO - Running: ['***', 'tasks', 'run', 'movie_recommendation_pipeline', 'dvc_pull_all', 'manual__2025-06-04T05:56:09.674060+00:00', '--job-id', '1799', '--raw', '--subdir', 'DAGS_FOLDER/mlops_movie_dag.py', '--cfg-path', '/tmp/tmpbbloojbs']
[2025-06-04T06:01:52.381+0000] {standard_task_runner.py:88} INFO - Job 1799: Subtask dvc_pull_all
[2025-06-04T06:01:52.413+0000] {task_command.py:423} INFO - Running <TaskInstance: movie_recommendation_pipeline.dvc_pull_all manual__2025-06-04T05:56:09.674060+00:00 [running]> on host 4a0698f584f1
[2025-06-04T06:01:52.473+0000] {taskinstance.py:2480} INFO - Exporting env vars: AIRFLOW_CTX_DAG_OWNER='***' AIRFLOW_CTX_DAG_ID='movie_recommendation_pipeline' AIRFLOW_CTX_TASK_ID='dvc_pull_all' AIRFLOW_CTX_EXECUTION_DATE='2025-06-04T05:56:09.674060+00:00' AIRFLOW_CTX_TRY_NUMBER='1' AIRFLOW_CTX_DAG_RUN_ID='manual__2025-06-04T05:56:09.674060+00:00'
[2025-06-04T06:01:52.475+0000] {mlops_movie_dag.py:12} INFO - 游릱 Running command: dvc pull /opt/***/models/hybrid_model.pkl
[2025-06-04T06:02:04.335+0000] {mlops_movie_dag.py:19} INFO - 游릴 [stdout]:
Everything is up to date.

[2025-06-04T06:02:04.336+0000] {mlops_movie_dag.py:12} INFO - 游릱 Running command: dvc pull /opt/***/data/processed/hybrid_matrix.csv
[2025-06-04T06:02:16.182+0000] {mlops_movie_dag.py:19} INFO - 游릴 [stdout]:
Everything is up to date.

[2025-06-04T06:02:16.183+0000] {mlops_movie_dag.py:12} INFO - 游릱 Running command: dvc pull /opt/***/data/processed/hybrid_matrix_features.txt
[2025-06-04T06:02:27.921+0000] {mlops_movie_dag.py:19} INFO - 游릴 [stdout]:
Everything is up to date.

[2025-06-04T06:02:27.922+0000] {mlops_movie_dag.py:12} INFO - 游릱 Running command: dvc pull /opt/***/models/user_model.pkl
[2025-06-04T06:02:39.713+0000] {mlops_movie_dag.py:19} INFO - 游릴 [stdout]:
Everything is up to date.

[2025-06-04T06:02:39.714+0000] {mlops_movie_dag.py:12} INFO - 游릱 Running command: dvc pull /opt/***/data/processed/user_matrix.csv
[2025-06-04T06:02:51.504+0000] {mlops_movie_dag.py:19} INFO - 游릴 [stdout]:
Everything is up to date.

[2025-06-04T06:02:51.505+0000] {mlops_movie_dag.py:12} INFO - 游릱 Running command: dvc pull /opt/***/data/processed/user_matrix_features.txt
[2025-06-04T06:03:03.163+0000] {mlops_movie_dag.py:19} INFO - 游릴 [stdout]:
Everything is up to date.

[2025-06-04T06:03:03.164+0000] {python.py:201} INFO - Done. Returned value was: None
[2025-06-04T06:03:03.173+0000] {taskinstance.py:1138} INFO - Marking task as SUCCESS. dag_id=movie_recommendation_pipeline, task_id=dvc_pull_all, execution_date=20250604T055609, start_date=20250604T060152, end_date=20250604T060303
[2025-06-04T06:03:03.187+0000] {local_task_job_runner.py:234} INFO - Task exited with return code 0
[2025-06-04T06:03:03.208+0000] {taskinstance.py:3280} INFO - 1 downstream tasks scheduled from follow-on schedule check
