[2025-06-11T23:21:10.647+0000] {taskinstance.py:1956} INFO - Dependencies all met for dep_context=non-requeueable deps ti=<TaskInstance: deep_models_pipeline.train_deep_hybrid_model manual__2025-06-11T23:20:22.509654+00:00 [queued]>
[2025-06-11T23:21:10.659+0000] {taskinstance.py:1956} INFO - Dependencies all met for dep_context=requeueable deps ti=<TaskInstance: deep_models_pipeline.train_deep_hybrid_model manual__2025-06-11T23:20:22.509654+00:00 [queued]>
[2025-06-11T23:21:10.659+0000] {taskinstance.py:2170} INFO - Starting attempt 1 of 3
[2025-06-11T23:21:10.679+0000] {taskinstance.py:2191} INFO - Executing <Task(PythonOperator): train_deep_hybrid_model> on 2025-06-11 23:20:22.509654+00:00
[2025-06-11T23:21:10.685+0000] {standard_task_runner.py:60} INFO - Started process 1287 to run task
[2025-06-11T23:21:10.687+0000] {standard_task_runner.py:87} INFO - Running: ['***', 'tasks', 'run', 'deep_models_pipeline', 'train_deep_hybrid_model', 'manual__2025-06-11T23:20:22.509654+00:00', '--job-id', '3771', '--raw', '--subdir', 'DAGS_FOLDER/train_deep_model_dag.py', '--cfg-path', '/tmp/tmptrblst5x']
[2025-06-11T23:21:10.689+0000] {standard_task_runner.py:88} INFO - Job 3771: Subtask train_deep_hybrid_model
[2025-06-11T23:21:10.752+0000] {task_command.py:423} INFO - Running <TaskInstance: deep_models_pipeline.train_deep_hybrid_model manual__2025-06-11T23:20:22.509654+00:00 [running]> on host 801849b0525f
[2025-06-11T23:21:10.835+0000] {taskinstance.py:2480} INFO - Exporting env vars: AIRFLOW_CTX_DAG_OWNER='***' AIRFLOW_CTX_DAG_ID='deep_models_pipeline' AIRFLOW_CTX_TASK_ID='train_deep_hybrid_model' AIRFLOW_CTX_EXECUTION_DATE='2025-06-11T23:20:22.509654+00:00' AIRFLOW_CTX_TRY_NUMBER='1' AIRFLOW_CTX_DAG_RUN_ID='manual__2025-06-11T23:20:22.509654+00:00'
[2025-06-11T23:21:10.837+0000] {train_deep_model_dag.py:13} INFO - 🟦 Running command: python /opt/***/src/models/train_hybrid_deep_model.py --n_neighbors=10 --latent_dim=64 --epochs=30 --tfidf_features=300
[2025-06-11T23:22:15.156+0000] {train_deep_model_dag.py:20} INFO - 🟩 [stdout]:
🏃 View run train_hybrid_deep_model at: https://dagshub.com/sacer11/MLOps_movie_rec_apr25.mlflow/#/experiments/10/runs/f13de71ddad04d869c92bdbc730e5335
🧪 View experiment at: https://dagshub.com/sacer11/MLOps_movie_rec_apr25.mlflow/#/experiments/10

[2025-06-11T23:22:15.158+0000] {train_deep_model_dag.py:22} WARNING - 🟨 [stderr]:
2025-06-11 23:21:16,123 - __main__ - INFO - 📥 Lade Rohdaten und baue Hybrid-Feature-Matrix ...
2025-06-11 23:21:22,797 - __main__ - INFO - 📐 Hybrid-Matrix erstellt mit Shape: (10381, 1429), Feature-Namen: 1429
2025-06-11 23:21:33,140 - __main__ - INFO - 💾 Hybrid-Matrix gespeichert unter /opt/***/data/processed/hybrid_matrix.csv
2025-06-11 23:21:33,227 - __main__ - INFO - 🚀 Starte Training Autoencoder ...
2025-06-11 23:21:34,403 - __main__ - INFO - Epoch 1/30: Loss = 0.0119
2025-06-11 23:21:34,695 - __main__ - INFO - Epoch 2/30: Loss = 0.0070
2025-06-11 23:21:35,010 - __main__ - INFO - Epoch 3/30: Loss = 0.0060
2025-06-11 23:21:35,308 - __main__ - INFO - Epoch 4/30: Loss = 0.0055
2025-06-11 23:21:35,603 - __main__ - INFO - Epoch 5/30: Loss = 0.0053
2025-06-11 23:21:35,886 - __main__ - INFO - Epoch 6/30: Loss = 0.0050
2025-06-11 23:21:36,237 - __main__ - INFO - Epoch 7/30: Loss = 0.0049
2025-06-11 23:21:36,526 - __main__ - INFO - Epoch 8/30: Loss = 0.0048
2025-06-11 23:21:36,827 - __main__ - INFO - Epoch 9/30: Loss = 0.0047
2025-06-11 23:21:37,122 - __main__ - INFO - Epoch 10/30: Loss = 0.0046
2025-06-11 23:21:37,389 - __main__ - INFO - Epoch 11/30: Loss = 0.0045
2025-06-11 23:21:37,669 - __main__ - INFO - Epoch 12/30: Loss = 0.0044
2025-06-11 23:21:37,996 - __main__ - INFO - Epoch 13/30: Loss = 0.0043
2025-06-11 23:21:38,335 - __main__ - INFO - Epoch 14/30: Loss = 0.0043
2025-06-11 23:21:38,661 - __main__ - INFO - Epoch 15/30: Loss = 0.0042
2025-06-11 23:21:38,924 - __main__ - INFO - Epoch 16/30: Loss = 0.0042
2025-06-11 23:21:39,318 - __main__ - INFO - Epoch 17/30: Loss = 0.0042
2025-06-11 23:21:39,615 - __main__ - INFO - Epoch 18/30: Loss = 0.0041
2025-06-11 23:21:39,953 - __main__ - INFO - Epoch 19/30: Loss = 0.0041
2025-06-11 23:21:40,233 - __main__ - INFO - Epoch 20/30: Loss = 0.0041
2025-06-11 23:21:40,532 - __main__ - INFO - Epoch 21/30: Loss = 0.0040
2025-06-11 23:21:40,820 - __main__ - INFO - Epoch 22/30: Loss = 0.0040
2025-06-11 23:21:41,101 - __main__ - INFO - Epoch 23/30: Loss = 0.0040
2025-06-11 23:21:41,388 - __main__ - INFO - Epoch 24/30: Loss = 0.0040
2025-06-11 23:21:41,678 - __main__ - INFO - Epoch 25/30: Loss = 0.0040
2025-06-11 23:21:41,955 - __main__ - INFO - Epoch 26/30: Loss = 0.0040
2025-06-11 23:21:42,269 - __main__ - INFO - Epoch 27/30: Loss = 0.0039
2025-06-11 23:21:42,567 - __main__ - INFO - Epoch 28/30: Loss = 0.0039
2025-06-11 23:21:42,860 - __main__ - INFO - Epoch 29/30: Loss = 0.0039
2025-06-11 23:21:43,177 - __main__ - INFO - Epoch 30/30: Loss = 0.0039
2025-06-11 23:21:43,625 - __main__ - INFO - ✅ Hybrid-Embeddings gespeichert unter /opt/***/data/processed/hybrid_deep_embedding.csv
2025-06-11 23:21:43,626 - __main__ - INFO - ✅ Hybrid-Embeddings gespeichert unter /opt/***/data/processed/hybrid_deep_embedding.csv
2025-06-11 23:21:43,642 - __main__ - INFO - ✅ Deep KNN Modell gespeichert unter /opt/***/models/hybrid_deep_knn.pkl
2025/06/11 23:21:49 INFO mlflow.pyfunc: Validating input example against model signature

Downloading artifacts:   0%|          | 0/1 [00:00<?, ?it/s]
Downloading artifacts: 100%|██████████| 1/1 [00:00<00:00, 44.71it/s]
Downloading artifacts: 100%|██████████| 1/1 [00:00<00:00, 44.29it/s]
Registered model 'hybrid_deep_model' already exists. Creating a new version of this model...
2025/06/11 23:21:59 INFO mlflow.store.model_registry.abstract_store: Waiting up to 300 seconds for model version to finish creation. Model name: hybrid_deep_model, version 108
Created version '108' of model 'hybrid_deep_model'.
2025-06-11 23:22:11,980 - __main__ - INFO - 📝 Tags für Modellversion 108 gesetzt: n_neighbors=10, latent_dim=64, tfidf_features=300, epochs=30
2025-06-11 23:22:13,990 - __main__ - INFO - 🏁 Deep Hybrid-Model Training abgeschlossen und geloggt.

[2025-06-11T23:22:15.159+0000] {python.py:201} INFO - Done. Returned value was: None
[2025-06-11T23:22:15.167+0000] {taskinstance.py:1138} INFO - Marking task as SUCCESS. dag_id=deep_models_pipeline, task_id=train_deep_hybrid_model, execution_date=20250611T232022, start_date=20250611T232110, end_date=20250611T232215
[2025-06-11T23:22:15.207+0000] {local_task_job_runner.py:234} INFO - Task exited with return code 0
[2025-06-11T23:22:15.229+0000] {taskinstance.py:3280} INFO - 1 downstream tasks scheduled from follow-on schedule check
