[2025-06-02T09:26:36.914+0000] {taskinstance.py:1956} INFO - Dependencies all met for dep_context=non-requeueable deps ti=<TaskInstance: movie_recommendation_pipeline.predict_best_model manual__2025-06-02T09:16:01.229154+00:00 [queued]>
[2025-06-02T09:26:36.921+0000] {taskinstance.py:1956} INFO - Dependencies all met for dep_context=requeueable deps ti=<TaskInstance: movie_recommendation_pipeline.predict_best_model manual__2025-06-02T09:16:01.229154+00:00 [queued]>
[2025-06-02T09:26:36.922+0000] {taskinstance.py:2170} INFO - Starting attempt 1 of 3
[2025-06-02T09:26:36.933+0000] {taskinstance.py:2191} INFO - Executing <Task(PythonOperator): predict_best_model> on 2025-06-02 09:16:01.229154+00:00
[2025-06-02T09:26:36.941+0000] {standard_task_runner.py:60} INFO - Started process 1271 to run task
[2025-06-02T09:26:36.943+0000] {standard_task_runner.py:87} INFO - Running: ['***', 'tasks', 'run', 'movie_recommendation_pipeline', 'predict_best_model', 'manual__2025-06-02T09:16:01.229154+00:00', '--job-id', '1644', '--raw', '--subdir', 'DAGS_FOLDER/mlops_movie_dag.py', '--cfg-path', '/tmp/tmpmdsoqu9d']
[2025-06-02T09:26:36.945+0000] {standard_task_runner.py:88} INFO - Job 1644: Subtask predict_best_model
[2025-06-02T09:26:36.983+0000] {task_command.py:423} INFO - Running <TaskInstance: movie_recommendation_pipeline.predict_best_model manual__2025-06-02T09:16:01.229154+00:00 [running]> on host da28efa6d6d8
[2025-06-02T09:26:37.053+0000] {taskinstance.py:2480} INFO - Exporting env vars: AIRFLOW_CTX_DAG_OWNER='***' AIRFLOW_CTX_DAG_ID='movie_recommendation_pipeline' AIRFLOW_CTX_TASK_ID='predict_best_model' AIRFLOW_CTX_EXECUTION_DATE='2025-06-02T09:16:01.229154+00:00' AIRFLOW_CTX_TRY_NUMBER='1' AIRFLOW_CTX_DAG_RUN_ID='manual__2025-06-02T09:16:01.229154+00:00'
[2025-06-02T09:26:37.054+0000] {mlops_movie_dag.py:12} INFO - 🟦 Running command: python /opt/***/src/models/predict_best_model.py
[2025-06-02T09:26:47.991+0000] {mlops_movie_dag.py:19} INFO - 🟩 [stdout]:
🏃 View run predict_best_model at: https://dagshub.com/sacer11/MLOps_movie_rec_apr25.mlflow/#/experiments/3/runs/d241d2f5bfae45ab9a0301efd26f580d
🧪 View experiment at: https://dagshub.com/sacer11/MLOps_movie_rec_apr25.mlflow/#/experiments/3

[2025-06-02T09:26:47.992+0000] {mlops_movie_dag.py:21} WARNING - 🟨 [stderr]:
2025-06-02 09:26:38,930 - INFO - 🚀 Starte Vorhersage mit MLflow Registry & DVC-Modell
2025-06-02 09:26:39,137 - INFO - 🔎 Bestes Modell laut Registry: Typ='hybrid', Version=106
2025-06-02 09:26:40,741 - INFO - 📦 Modell geladen: /opt/***/models/hybrid_model.pkl
2025-06-02 09:26:45,037 - INFO - 📥 Eingabematrix geladen: /opt/***/data/processed/hybrid_matrix.csv – Shape: (10381, 2805)
/home/***/.local/lib/python3.10/site-packages/sklearn/base.py:458: UserWarning: X has feature names, but NearestNeighbors was fitted without feature names
  warnings.warn(
2025-06-02 09:26:45,259 - INFO - 💾 Vorhersagen gespeichert unter: /opt/***/data/predictions.csv
2025-06-02 09:26:47,558 - INFO - ✅ Predictions erfolgreich in MLflow geloggt

[2025-06-02T09:26:47.993+0000] {python.py:201} INFO - Done. Returned value was: None
[2025-06-02T09:26:48.001+0000] {taskinstance.py:1138} INFO - Marking task as SUCCESS. dag_id=movie_recommendation_pipeline, task_id=predict_best_model, execution_date=20250602T091601, start_date=20250602T092636, end_date=20250602T092648
[2025-06-02T09:26:48.019+0000] {local_task_job_runner.py:234} INFO - Task exited with return code 0
[2025-06-02T09:26:48.030+0000] {taskinstance.py:3280} INFO - 0 downstream tasks scheduled from follow-on schedule check
