[2025-06-01T10:37:18.215+0000] {taskinstance.py:1956} INFO - Dependencies all met for dep_context=non-requeueable deps ti=<TaskInstance: movie_recommendation_pipeline.check_model_registry manual__2025-06-01T10:14:57.071102+00:00 [queued]>
[2025-06-01T10:37:18.222+0000] {taskinstance.py:1956} INFO - Dependencies all met for dep_context=requeueable deps ti=<TaskInstance: movie_recommendation_pipeline.check_model_registry manual__2025-06-01T10:14:57.071102+00:00 [queued]>
[2025-06-01T10:37:18.222+0000] {taskinstance.py:2170} INFO - Starting attempt 1 of 3
[2025-06-01T10:37:18.232+0000] {taskinstance.py:2191} INFO - Executing <Task(PythonOperator): check_model_registry> on 2025-06-01 10:14:57.071102+00:00
[2025-06-01T10:37:18.239+0000] {standard_task_runner.py:60} INFO - Started process 620 to run task
[2025-06-01T10:37:18.241+0000] {standard_task_runner.py:87} INFO - Running: ['***', 'tasks', 'run', 'movie_recommendation_pipeline', 'check_model_registry', 'manual__2025-06-01T10:14:57.071102+00:00', '--job-id', '949', '--raw', '--subdir', 'DAGS_FOLDER/mlops_movie_dag.py', '--cfg-path', '/tmp/tmp00rhgdtb']
[2025-06-01T10:37:18.243+0000] {standard_task_runner.py:88} INFO - Job 949: Subtask check_model_registry
[2025-06-01T10:37:18.275+0000] {task_command.py:423} INFO - Running <TaskInstance: movie_recommendation_pipeline.check_model_registry manual__2025-06-01T10:14:57.071102+00:00 [running]> on host 9de233c7eb3e
[2025-06-01T10:37:18.326+0000] {taskinstance.py:2480} INFO - Exporting env vars: AIRFLOW_CTX_DAG_OWNER='***' AIRFLOW_CTX_DAG_ID='movie_recommendation_pipeline' AIRFLOW_CTX_TASK_ID='check_model_registry' AIRFLOW_CTX_EXECUTION_DATE='2025-06-01T10:14:57.071102+00:00' AIRFLOW_CTX_TRY_NUMBER='1' AIRFLOW_CTX_DAG_RUN_ID='manual__2025-06-01T10:14:57.071102+00:00'
[2025-06-01T10:37:18.997+0000] {checkreg.py:15} INFO - 🔍 Checking model registry for: 'movie_model' and alias '@best_model'
[2025-06-01T10:37:19.335+0000] {checkreg.py:21} ERROR - ❌ Fehler: Alias '@best_model' nicht gefunden! API request to endpoint /api/2.0/mlflow/registered-models/alias failed with error code 401 != 200. Response body: '=============== ATTENTION! ===============

To use authentication, you must first: 
    Get your default access token from: https://dagshub.com/user/settings/tokens
    OR 
    Set a password: https://dagshub.com/user/settings/password 
=========================================='
[2025-06-01T10:37:19.336+0000] {python.py:201} INFO - Done. Returned value was: None
[2025-06-01T10:37:19.344+0000] {taskinstance.py:1138} INFO - Marking task as SUCCESS. dag_id=movie_recommendation_pipeline, task_id=check_model_registry, execution_date=20250601T101457, start_date=20250601T103718, end_date=20250601T103719
[2025-06-01T10:37:19.377+0000] {local_task_job_runner.py:234} INFO - Task exited with return code 0
[2025-06-01T10:37:19.393+0000] {taskinstance.py:3280} INFO - 1 downstream tasks scheduled from follow-on schedule check
