[2025-06-02T21:13:18.085+0000] {taskinstance.py:1956} INFO - Dependencies all met for dep_context=non-requeueable deps ti=<TaskInstance: deep_models_pipeline.predict_deep_models manual__2025-06-02T20:56:11.620746+00:00 [queued]>
[2025-06-02T21:13:18.093+0000] {taskinstance.py:1956} INFO - Dependencies all met for dep_context=requeueable deps ti=<TaskInstance: deep_models_pipeline.predict_deep_models manual__2025-06-02T20:56:11.620746+00:00 [queued]>
[2025-06-02T21:13:18.094+0000] {taskinstance.py:2170} INFO - Starting attempt 1 of 1
[2025-06-02T21:13:18.107+0000] {taskinstance.py:2191} INFO - Executing <Task(BashOperator): predict_deep_models> on 2025-06-02 20:56:11.620746+00:00
[2025-06-02T21:13:18.114+0000] {standard_task_runner.py:60} INFO - Started process 1951 to run task
[2025-06-02T21:13:18.116+0000] {standard_task_runner.py:87} INFO - Running: ['***', 'tasks', 'run', 'deep_models_pipeline', 'predict_deep_models', 'manual__2025-06-02T20:56:11.620746+00:00', '--job-id', '1732', '--raw', '--subdir', 'DAGS_FOLDER/train_deep_model_dag.py', '--cfg-path', '/tmp/tmpl9a8j38r']
[2025-06-02T21:13:18.118+0000] {standard_task_runner.py:88} INFO - Job 1732: Subtask predict_deep_models
[2025-06-02T21:13:18.156+0000] {task_command.py:423} INFO - Running <TaskInstance: deep_models_pipeline.predict_deep_models manual__2025-06-02T20:56:11.620746+00:00 [running]> on host 01f7ed3412b0
[2025-06-02T21:13:18.211+0000] {taskinstance.py:2480} INFO - Exporting env vars: AIRFLOW_CTX_DAG_OWNER='***' AIRFLOW_CTX_DAG_ID='deep_models_pipeline' AIRFLOW_CTX_TASK_ID='predict_deep_models' AIRFLOW_CTX_EXECUTION_DATE='2025-06-02T20:56:11.620746+00:00' AIRFLOW_CTX_TRY_NUMBER='1' AIRFLOW_CTX_DAG_RUN_ID='manual__2025-06-02T20:56:11.620746+00:00'
[2025-06-02T21:13:18.212+0000] {subprocess.py:63} INFO - Tmp dir root location: /tmp
[2025-06-02T21:13:18.213+0000] {subprocess.py:75} INFO - Running command: ['/usr/bin/bash', '-c', 'python /opt/***/src/models/predict_deep_models.py']
[2025-06-02T21:13:18.225+0000] {subprocess.py:86} INFO - Output:
[2025-06-02T21:13:20.447+0000] {subprocess.py:93} INFO - /home/***/.local/lib/python3.10/site-packages/sklearn/base.py:458: UserWarning: X has feature names, but NearestNeighbors was fitted without feature names
[2025-06-02T21:13:20.448+0000] {subprocess.py:93} INFO -   warnings.warn(
[2025-06-02T21:13:22.121+0000] {subprocess.py:93} INFO - 2025-06-02 21:13:22,120 - INFO - ✅ Deep Predictions in MLflow geloggt
[2025-06-02T21:13:22.122+0000] {subprocess.py:93} INFO - 🏃 View run predict_hybrid_deep_model at: https://dagshub.com/sacer11/MLOps_movie_rec_apr25.mlflow/#/experiments/3/runs/0b5389a0b08941529adddcd95af2e517
[2025-06-02T21:13:22.122+0000] {subprocess.py:93} INFO - 🧪 View experiment at: https://dagshub.com/sacer11/MLOps_movie_rec_apr25.mlflow/#/experiments/3
[2025-06-02T21:13:22.528+0000] {subprocess.py:97} INFO - Command exited with return code 0
[2025-06-02T21:13:22.564+0000] {taskinstance.py:1138} INFO - Marking task as SUCCESS. dag_id=deep_models_pipeline, task_id=predict_deep_models, execution_date=20250602T205611, start_date=20250602T211318, end_date=20250602T211322
[2025-06-02T21:13:22.586+0000] {local_task_job_runner.py:234} INFO - Task exited with return code 0
[2025-06-02T21:13:22.602+0000] {taskinstance.py:3280} INFO - 0 downstream tasks scheduled from follow-on schedule check
