[2025-06-06T22:05:48.719+0000] {taskinstance.py:1956} INFO - Dependencies all met for dep_context=non-requeueable deps ti=<TaskInstance: deep_models_pipeline.predict_best_model manual__2025-06-06T22:04:08.653344+00:00 [queued]>
[2025-06-06T22:05:48.726+0000] {taskinstance.py:1956} INFO - Dependencies all met for dep_context=requeueable deps ti=<TaskInstance: deep_models_pipeline.predict_best_model manual__2025-06-06T22:04:08.653344+00:00 [queued]>
[2025-06-06T22:05:48.727+0000] {taskinstance.py:2170} INFO - Starting attempt 1 of 3
[2025-06-06T22:05:48.737+0000] {taskinstance.py:2191} INFO - Executing <Task(PythonOperator): predict_best_model> on 2025-06-06 22:04:08.653344+00:00
[2025-06-06T22:05:48.746+0000] {standard_task_runner.py:60} INFO - Started process 613 to run task
[2025-06-06T22:05:48.747+0000] {standard_task_runner.py:87} INFO - Running: ['***', 'tasks', 'run', 'deep_models_pipeline', 'predict_best_model', 'manual__2025-06-06T22:04:08.653344+00:00', '--job-id', '2305', '--raw', '--subdir', 'DAGS_FOLDER/train_deep_model_dag.py', '--cfg-path', '/tmp/tmp6kd10ho_']
[2025-06-06T22:05:48.749+0000] {standard_task_runner.py:88} INFO - Job 2305: Subtask predict_best_model
[2025-06-06T22:05:48.780+0000] {task_command.py:423} INFO - Running <TaskInstance: deep_models_pipeline.predict_best_model manual__2025-06-06T22:04:08.653344+00:00 [running]> on host d6f0f8aa3b46
[2025-06-06T22:05:48.828+0000] {taskinstance.py:2480} INFO - Exporting env vars: AIRFLOW_CTX_DAG_OWNER='***' AIRFLOW_CTX_DAG_ID='deep_models_pipeline' AIRFLOW_CTX_TASK_ID='predict_best_model' AIRFLOW_CTX_EXECUTION_DATE='2025-06-06T22:04:08.653344+00:00' AIRFLOW_CTX_TRY_NUMBER='1' AIRFLOW_CTX_DAG_RUN_ID='manual__2025-06-06T22:04:08.653344+00:00'
[2025-06-06T22:05:48.829+0000] {train_deep_model_dag.py:13} INFO - 🟦 Running command: python /opt/***/src/models/predict_best_model.py
[2025-06-06T22:06:12.883+0000] {train_deep_model_dag.py:20} INFO - 🟩 [stdout]:
🏃 View run predict_best_model_hybrid_deep at: https://dagshub.com/sacer11/MLOps_movie_rec_apr25.mlflow/#/experiments/11/runs/961cfaa7c6234066a2594ecf994c53da
🧪 View experiment at: https://dagshub.com/sacer11/MLOps_movie_rec_apr25.mlflow/#/experiments/11

[2025-06-06T22:06:12.884+0000] {train_deep_model_dag.py:22} WARNING - 🟨 [stderr]:
2025-06-06 22:05:50,646 - INFO - 🚀 Starte Prediction für hybrid_deep_model über MLflow Registry
2025-06-06 22:05:50,646 - INFO - 📦 Lade Modell: models:/hybrid_deep_model@best_model

Downloading artifacts:   0%|          | 0/8 [00:00<?, ?it/s]
Downloading artifacts:  12%|█▎        | 1/8 [00:00<00:00, 10951.19it/s]
Downloading artifacts:  25%|██▌       | 2/8 [00:00<00:02,  2.09it/s]   
Downloading artifacts:  25%|██▌       | 2/8 [00:00<00:02,  2.09it/s]
Downloading artifacts:  38%|███▊      | 3/8 [00:02<00:05,  1.01s/it]
Downloading artifacts:  38%|███▊      | 3/8 [00:02<00:05,  1.01s/it]
Downloading artifacts:  50%|█████     | 4/8 [00:02<00:02,  1.40it/s]
Downloading artifacts:  50%|█████     | 4/8 [00:02<00:02,  1.40it/s]
Downloading artifacts:  62%|██████▎   | 5/8 [00:04<00:02,  1.14it/s]
Downloading artifacts:  62%|██████▎   | 5/8 [00:04<00:02,  1.14it/s]
Downloading artifacts:  75%|███████▌  | 6/8 [00:04<00:01,  1.16it/s]
Downloading artifacts:  75%|███████▌  | 6/8 [00:04<00:01,  1.16it/s]
Downloading artifacts:  88%|████████▊ | 7/8 [00:05<00:00,  1.09it/s]
Downloading artifacts:  88%|████████▊ | 7/8 [00:05<00:00,  1.09it/s]
Downloading artifacts: 100%|██████████| 8/8 [00:06<00:00,  1.08it/s]
Downloading artifacts: 100%|██████████| 8/8 [00:06<00:00,  1.08it/s]
Downloading artifacts: 100%|██████████| 8/8 [00:06<00:00,  1.16it/s]
2025-06-06 22:06:03,480 - INFO - 📥 Embedding geladen: /opt/***/data/processed/hybrid_deep_embedding.csv – Shape: (10381, 32)
2025-06-06 22:06:03,630 - INFO - 💾 Vorhersagen gespeichert unter: /opt/***/data/processed/predictions_hybrid_deep_model.csv
2025-06-06 22:06:12,473 - INFO - ✅ Predictions erfolgreich in MLflow geloggt

[2025-06-06T22:06:12.885+0000] {python.py:201} INFO - Done. Returned value was: None
[2025-06-06T22:06:12.894+0000] {taskinstance.py:1138} INFO - Marking task as SUCCESS. dag_id=deep_models_pipeline, task_id=predict_best_model, execution_date=20250606T220408, start_date=20250606T220548, end_date=20250606T220612
[2025-06-06T22:06:12.913+0000] {local_task_job_runner.py:234} INFO - Task exited with return code 0
[2025-06-06T22:06:12.927+0000] {taskinstance.py:3280} INFO - 0 downstream tasks scheduled from follow-on schedule check
