[2025-06-02T20:33:09.139+0000] {taskinstance.py:1956} INFO - Dependencies all met for dep_context=non-requeueable deps ti=<TaskInstance: deep_models_pipeline.train_deep_hybrid_model manual__2025-06-02T20:33:07.953374+00:00 [queued]>
[2025-06-02T20:33:09.146+0000] {taskinstance.py:1956} INFO - Dependencies all met for dep_context=requeueable deps ti=<TaskInstance: deep_models_pipeline.train_deep_hybrid_model manual__2025-06-02T20:33:07.953374+00:00 [queued]>
[2025-06-02T20:33:09.147+0000] {taskinstance.py:2170} INFO - Starting attempt 1 of 1
[2025-06-02T20:33:09.159+0000] {taskinstance.py:2191} INFO - Executing <Task(BashOperator): train_deep_hybrid_model> on 2025-06-02 20:33:07.953374+00:00
[2025-06-02T20:33:09.166+0000] {standard_task_runner.py:60} INFO - Started process 856 to run task
[2025-06-02T20:33:09.169+0000] {standard_task_runner.py:87} INFO - Running: ['***', 'tasks', 'run', 'deep_models_pipeline', 'train_deep_hybrid_model', 'manual__2025-06-02T20:33:07.953374+00:00', '--job-id', '1726', '--raw', '--subdir', 'DAGS_FOLDER/train_deep_model_dag.py', '--cfg-path', '/tmp/tmp_6fsx_5a']
[2025-06-02T20:33:09.171+0000] {standard_task_runner.py:88} INFO - Job 1726: Subtask train_deep_hybrid_model
[2025-06-02T20:33:09.217+0000] {task_command.py:423} INFO - Running <TaskInstance: deep_models_pipeline.train_deep_hybrid_model manual__2025-06-02T20:33:07.953374+00:00 [running]> on host 01f7ed3412b0
[2025-06-02T20:33:09.276+0000] {taskinstance.py:2480} INFO - Exporting env vars: AIRFLOW_CTX_DAG_OWNER='***' AIRFLOW_CTX_DAG_ID='deep_models_pipeline' AIRFLOW_CTX_TASK_ID='train_deep_hybrid_model' AIRFLOW_CTX_EXECUTION_DATE='2025-06-02T20:33:07.953374+00:00' AIRFLOW_CTX_TRY_NUMBER='1' AIRFLOW_CTX_DAG_RUN_ID='manual__2025-06-02T20:33:07.953374+00:00'
[2025-06-02T20:33:09.278+0000] {subprocess.py:63} INFO - Tmp dir root location: /tmp
[2025-06-02T20:33:09.279+0000] {subprocess.py:75} INFO - Running command: ['/usr/bin/bash', '-c', 'python /opt/***/src/models/train_hybrid_deep_model.py']
[2025-06-02T20:33:09.288+0000] {subprocess.py:86} INFO - Output:
[2025-06-02T20:33:12.505+0000] {subprocess.py:93} INFO - /home/***/.local/lib/python3.10/site-packages/mlflow/pyfunc/utils/data_validation.py:186: UserWarning: [33mAdd type hints to the `predict` method to enable data validation and automatic signature inference during model logging. Check https://mlflow.org/docs/latest/model/python_model.html#type-hint-usage-in-pythonmodel for more details.[0m
[2025-06-02T20:33:12.506+0000] {subprocess.py:93} INFO -   color_warning(
[2025-06-02T20:33:44.570+0000] {subprocess.py:93} INFO - 2025/06/02 20:33:44 INFO mlflow.pyfunc: Validating input example against model signature
[2025-06-02T20:33:44.578+0000] {subprocess.py:93} INFO - Epoch 1/30: Loss = 0.0063
[2025-06-02T20:33:44.578+0000] {subprocess.py:93} INFO - Epoch 2/30: Loss = 0.0038
[2025-06-02T20:33:44.578+0000] {subprocess.py:93} INFO - Epoch 3/30: Loss = 0.0033
[2025-06-02T20:33:44.579+0000] {subprocess.py:93} INFO - Epoch 4/30: Loss = 0.0030
[2025-06-02T20:33:44.579+0000] {subprocess.py:93} INFO - Epoch 5/30: Loss = 0.0029
[2025-06-02T20:33:44.579+0000] {subprocess.py:93} INFO - Epoch 6/30: Loss = 0.0027
[2025-06-02T20:33:44.580+0000] {subprocess.py:93} INFO - Epoch 7/30: Loss = 0.0027
[2025-06-02T20:33:44.580+0000] {subprocess.py:93} INFO - Epoch 8/30: Loss = 0.0026
[2025-06-02T20:33:44.581+0000] {subprocess.py:93} INFO - Epoch 9/30: Loss = 0.0025
[2025-06-02T20:33:44.581+0000] {subprocess.py:93} INFO - Epoch 10/30: Loss = 0.0025
[2025-06-02T20:33:44.582+0000] {subprocess.py:93} INFO - Epoch 11/30: Loss = 0.0025
[2025-06-02T20:33:44.582+0000] {subprocess.py:93} INFO - Epoch 12/30: Loss = 0.0024
[2025-06-02T20:33:44.583+0000] {subprocess.py:93} INFO - Epoch 13/30: Loss = 0.0024
[2025-06-02T20:33:44.583+0000] {subprocess.py:93} INFO - Epoch 14/30: Loss = 0.0024
[2025-06-02T20:33:44.583+0000] {subprocess.py:93} INFO - Epoch 15/30: Loss = 0.0024
[2025-06-02T20:33:44.584+0000] {subprocess.py:93} INFO - Epoch 16/30: Loss = 0.0023
[2025-06-02T20:33:44.584+0000] {subprocess.py:93} INFO - Epoch 17/30: Loss = 0.0023
[2025-06-02T20:33:44.585+0000] {subprocess.py:93} INFO - Epoch 18/30: Loss = 0.0023
[2025-06-02T20:33:44.585+0000] {subprocess.py:93} INFO - Epoch 19/30: Loss = 0.0023
[2025-06-02T20:33:44.586+0000] {subprocess.py:93} INFO - Epoch 20/30: Loss = 0.0023
[2025-06-02T20:33:44.586+0000] {subprocess.py:93} INFO - Epoch 21/30: Loss = 0.0023
[2025-06-02T20:33:44.586+0000] {subprocess.py:93} INFO - Epoch 22/30: Loss = 0.0022
[2025-06-02T20:33:44.587+0000] {subprocess.py:93} INFO - Epoch 23/30: Loss = 0.0022
[2025-06-02T20:33:44.587+0000] {subprocess.py:93} INFO - Epoch 24/30: Loss = 0.0022
[2025-06-02T20:33:44.587+0000] {subprocess.py:93} INFO - Epoch 25/30: Loss = 0.0022
[2025-06-02T20:33:44.588+0000] {subprocess.py:93} INFO - Epoch 26/30: Loss = 0.0022
[2025-06-02T20:33:44.588+0000] {subprocess.py:93} INFO - Epoch 27/30: Loss = 0.0022
[2025-06-02T20:33:44.588+0000] {subprocess.py:93} INFO - Epoch 28/30: Loss = 0.0022
[2025-06-02T20:33:44.589+0000] {subprocess.py:93} INFO - Epoch 29/30: Loss = 0.0022
[2025-06-02T20:33:44.589+0000] {subprocess.py:93} INFO - Epoch 30/30: Loss = 0.0022
[2025-06-02T20:33:44.590+0000] {subprocess.py:93} INFO - âœ… Hybrid-Embeddings gespeichert unter /opt/***/data/processed/hybrid_deep_embedding.csv
[2025-06-02T20:33:44.590+0000] {subprocess.py:93} INFO - âœ… Deep KNN Modell gespeichert unter /opt/***/models/hybrid_deep_knn.pkl
[2025-06-02T20:33:44.604+0000] {subprocess.py:93} INFO - Downloading artifacts:   0%|          | 0/1 [00:00<?, ?it/s]Downloading artifacts: 100%|â–ˆâ–ˆâ–ˆâ–ˆâ–ˆâ–ˆâ–ˆâ–ˆâ–ˆâ–ˆ| 1/1 [00:00<00:00, 37.74it/s]Downloading artifacts: 100%|â–ˆâ–ˆâ–ˆâ–ˆâ–ˆâ–ˆâ–ˆâ–ˆâ–ˆâ–ˆ| 1/1 [00:00<00:00, 37.52it/s]
[2025-06-02T20:33:53.905+0000] {subprocess.py:93} INFO - ðŸƒ View run train_hybrid_deep_model at: https://dagshub.com/sacer11/MLOps_movie_rec_apr25.mlflow/#/experiments/5/runs/14a027d62b7349889496b67e21e6b94b
[2025-06-02T20:33:53.905+0000] {subprocess.py:93} INFO - ðŸ§ª View experiment at: https://dagshub.com/sacer11/MLOps_movie_rec_apr25.mlflow/#/experiments/5
[2025-06-02T20:33:53.906+0000] {subprocess.py:93} INFO - ðŸ Deep Hybrid-Model Training abgeschlossen und geloggt.
[2025-06-02T20:33:54.930+0000] {subprocess.py:97} INFO - Command exited with return code 0
[2025-06-02T20:33:54.952+0000] {taskinstance.py:1138} INFO - Marking task as SUCCESS. dag_id=deep_models_pipeline, task_id=train_deep_hybrid_model, execution_date=20250602T203307, start_date=20250602T203309, end_date=20250602T203354
[2025-06-02T20:33:54.971+0000] {local_task_job_runner.py:234} INFO - Task exited with return code 0
[2025-06-02T20:33:54.988+0000] {taskinstance.py:3280} INFO - 0 downstream tasks scheduled from follow-on schedule check
