[2025-06-02T06:14:43.037+0000] {taskinstance.py:1956} INFO - Dependencies all met for dep_context=non-requeueable deps ti=<TaskInstance: movie_recommendation_pipeline.dvc_pull_all manual__2025-06-02T06:09:18.136269+00:00 [queued]>
[2025-06-02T06:14:43.046+0000] {taskinstance.py:1956} INFO - Dependencies all met for dep_context=requeueable deps ti=<TaskInstance: movie_recommendation_pipeline.dvc_pull_all manual__2025-06-02T06:09:18.136269+00:00 [queued]>
[2025-06-02T06:14:43.047+0000] {taskinstance.py:2170} INFO - Starting attempt 1 of 3
[2025-06-02T06:14:43.057+0000] {taskinstance.py:2191} INFO - Executing <Task(PythonOperator): dvc_pull_all> on 2025-06-02 06:09:18.136269+00:00
[2025-06-02T06:14:43.065+0000] {standard_task_runner.py:60} INFO - Started process 1075 to run task
[2025-06-02T06:14:43.067+0000] {standard_task_runner.py:87} INFO - Running: ['***', 'tasks', 'run', 'movie_recommendation_pipeline', 'dvc_pull_all', 'manual__2025-06-02T06:09:18.136269+00:00', '--job-id', '1550', '--raw', '--subdir', 'DAGS_FOLDER/mlops_movie_dag.py', '--cfg-path', '/tmp/tmp6b0wppys']
[2025-06-02T06:14:43.068+0000] {standard_task_runner.py:88} INFO - Job 1550: Subtask dvc_pull_all
[2025-06-02T06:14:43.108+0000] {task_command.py:423} INFO - Running <TaskInstance: movie_recommendation_pipeline.dvc_pull_all manual__2025-06-02T06:09:18.136269+00:00 [running]> on host 3b111735b1ac
[2025-06-02T06:14:43.176+0000] {taskinstance.py:2480} INFO - Exporting env vars: AIRFLOW_CTX_DAG_OWNER='***' AIRFLOW_CTX_DAG_ID='movie_recommendation_pipeline' AIRFLOW_CTX_TASK_ID='dvc_pull_all' AIRFLOW_CTX_EXECUTION_DATE='2025-06-02T06:09:18.136269+00:00' AIRFLOW_CTX_TRY_NUMBER='1' AIRFLOW_CTX_DAG_RUN_ID='manual__2025-06-02T06:09:18.136269+00:00'
[2025-06-02T06:14:43.177+0000] {mlops_movie_dag.py:12} INFO - 游릱 Running command: dvc pull /opt/***/models/hybrid_model.pkl
[2025-06-02T06:14:53.391+0000] {mlops_movie_dag.py:19} INFO - 游릴 [stdout]:
Everything is up to date.

[2025-06-02T06:14:53.392+0000] {mlops_movie_dag.py:12} INFO - 游릱 Running command: dvc pull /opt/***/data/processed/hybrid_matrix.csv
[2025-06-02T06:15:03.390+0000] {mlops_movie_dag.py:19} INFO - 游릴 [stdout]:
Everything is up to date.

[2025-06-02T06:15:03.391+0000] {mlops_movie_dag.py:12} INFO - 游릱 Running command: dvc pull /opt/***/data/processed/hybrid_matrix_features.txt
[2025-06-02T06:15:13.304+0000] {mlops_movie_dag.py:19} INFO - 游릴 [stdout]:
Everything is up to date.

[2025-06-02T06:15:13.305+0000] {mlops_movie_dag.py:12} INFO - 游릱 Running command: dvc pull /opt/***/models/user_model.pkl
[2025-06-02T06:15:23.310+0000] {mlops_movie_dag.py:19} INFO - 游릴 [stdout]:
Everything is up to date.

[2025-06-02T06:15:23.311+0000] {mlops_movie_dag.py:12} INFO - 游릱 Running command: dvc pull /opt/***/data/processed/user_matrix.csv
[2025-06-02T06:15:33.413+0000] {mlops_movie_dag.py:19} INFO - 游릴 [stdout]:
Everything is up to date.

[2025-06-02T06:15:33.413+0000] {mlops_movie_dag.py:12} INFO - 游릱 Running command: dvc pull /opt/***/data/processed/user_matrix_features.txt
[2025-06-02T06:15:43.263+0000] {mlops_movie_dag.py:19} INFO - 游릴 [stdout]:
Everything is up to date.

[2025-06-02T06:15:43.264+0000] {python.py:201} INFO - Done. Returned value was: None
[2025-06-02T06:15:43.274+0000] {taskinstance.py:1138} INFO - Marking task as SUCCESS. dag_id=movie_recommendation_pipeline, task_id=dvc_pull_all, execution_date=20250602T060918, start_date=20250602T061443, end_date=20250602T061543
[2025-06-02T06:15:43.309+0000] {local_task_job_runner.py:234} INFO - Task exited with return code 0
[2025-06-02T06:15:43.328+0000] {taskinstance.py:3280} INFO - 1 downstream tasks scheduled from follow-on schedule check
