[2025-06-02T09:16:30.362+0000] {taskinstance.py:1956} INFO - Dependencies all met for dep_context=non-requeueable deps ti=<TaskInstance: movie_recommendation_pipeline.train_hybrid_model manual__2025-06-02T09:16:01.229154+00:00 [queued]>
[2025-06-02T09:16:30.372+0000] {taskinstance.py:1956} INFO - Dependencies all met for dep_context=requeueable deps ti=<TaskInstance: movie_recommendation_pipeline.train_hybrid_model manual__2025-06-02T09:16:01.229154+00:00 [queued]>
[2025-06-02T09:16:30.373+0000] {taskinstance.py:2170} INFO - Starting attempt 1 of 3
[2025-06-02T09:16:30.387+0000] {taskinstance.py:2191} INFO - Executing <Task(PythonOperator): train_hybrid_model> on 2025-06-02 09:16:01.229154+00:00
[2025-06-02T09:16:30.395+0000] {standard_task_runner.py:60} INFO - Started process 440 to run task
[2025-06-02T09:16:30.398+0000] {standard_task_runner.py:87} INFO - Running: ['***', 'tasks', 'run', 'movie_recommendation_pipeline', 'train_hybrid_model', 'manual__2025-06-02T09:16:01.229154+00:00', '--job-id', '1637', '--raw', '--subdir', 'DAGS_FOLDER/mlops_movie_dag.py', '--cfg-path', '/tmp/tmp0ga92iuz']
[2025-06-02T09:16:30.400+0000] {standard_task_runner.py:88} INFO - Job 1637: Subtask train_hybrid_model
[2025-06-02T09:16:30.439+0000] {task_command.py:423} INFO - Running <TaskInstance: movie_recommendation_pipeline.train_hybrid_model manual__2025-06-02T09:16:01.229154+00:00 [running]> on host da28efa6d6d8
[2025-06-02T09:16:30.510+0000] {taskinstance.py:2480} INFO - Exporting env vars: AIRFLOW_CTX_DAG_OWNER='***' AIRFLOW_CTX_DAG_ID='movie_recommendation_pipeline' AIRFLOW_CTX_TASK_ID='train_hybrid_model' AIRFLOW_CTX_EXECUTION_DATE='2025-06-02T09:16:01.229154+00:00' AIRFLOW_CTX_TRY_NUMBER='1' AIRFLOW_CTX_DAG_RUN_ID='manual__2025-06-02T09:16:01.229154+00:00'
[2025-06-02T09:16:30.511+0000] {mlops_movie_dag.py:12} INFO - 🟦 Running command: python /opt/***/src/models/train_hybrid_model.py --n_neighbors=41 --tfidf_features=1677
[2025-06-02T09:20:45.891+0000] {mlops_movie_dag.py:19} INFO - 🟩 [stdout]:
🏃 View run train_hybrid_model at: https://dagshub.com/sacer11/MLOps_movie_rec_apr25.mlflow/#/experiments/4/runs/f4aff739b01b44e681fa87e34491d02c
🧪 View experiment at: https://dagshub.com/sacer11/MLOps_movie_rec_apr25.mlflow/#/experiments/4

[2025-06-02T09:20:45.893+0000] {mlops_movie_dag.py:21} WARNING - 🟨 [stderr]:
2025-06-02 09:16:33,008 - __main__ - INFO - 🚀 Starte Hybrid-Modelltraining
2025-06-02 09:16:37,621 - __main__ - INFO - 📥 Rohdaten erfolgreich geladen
2025-06-02 09:16:40,458 - __main__ - INFO - 📐 Hybrid-Matrix erstellt mit Shape: (10381, 2806), Feature-Namen: 2806
2025-06-02 09:16:40,498 - __main__ - INFO - 🤖 KNN-Modell trainiert
2025-06-02 09:16:55,930 - __main__ - INFO - ✅ Feature-Schema gespeichert unter /opt/***/data/processed/hybrid_matrix_features.txt
2025/06/02 09:17:16 INFO mlflow.pyfunc: Validating input example against model signature

Downloading artifacts:   0%|          | 0/1 [00:00<?, ?it/s]
Downloading artifacts: 100%|██████████| 1/1 [00:02<00:00,  2.17s/it]
Downloading artifacts: 100%|██████████| 1/1 [00:02<00:00,  2.17s/it]
Downloading artifacts: 100%|██████████| 1/1 [00:02<00:00,  2.17s/it]
Registered model 'movie_model' already exists. Creating a new version of this model...
2025/06/02 09:19:11 INFO mlflow.store.model_registry.abstract_store: Waiting up to 300 seconds for model version to finish creation. Model name: movie_model, version 106
Created version '106' of model 'movie_model'.
2025-06-02 09:20:45,068 - __main__ - INFO - 📝 Tags für Modellversion 106 gesetzt: n_neighbors=41, tfidf_features=1677
2025-06-02 09:20:45,438 - __main__ - INFO - ✅ Modell & Matrix erfolgreich gespeichert und in MLflow geloggt

[2025-06-02T09:20:45.894+0000] {python.py:201} INFO - Done. Returned value was: None
[2025-06-02T09:20:45.906+0000] {taskinstance.py:1138} INFO - Marking task as SUCCESS. dag_id=movie_recommendation_pipeline, task_id=train_hybrid_model, execution_date=20250602T091601, start_date=20250602T091630, end_date=20250602T092045
[2025-06-02T09:20:45.957+0000] {local_task_job_runner.py:234} INFO - Task exited with return code 0
[2025-06-02T09:20:45.976+0000] {taskinstance.py:3280} INFO - 1 downstream tasks scheduled from follow-on schedule check
