[2025-06-04T05:56:39.119+0000] {taskinstance.py:1956} INFO - Dependencies all met for dep_context=non-requeueable deps ti=<TaskInstance: movie_recommendation_pipeline.train_user_model manual__2025-06-04T05:56:09.674060+00:00 [queued]>
[2025-06-04T05:56:39.126+0000] {taskinstance.py:1956} INFO - Dependencies all met for dep_context=requeueable deps ti=<TaskInstance: movie_recommendation_pipeline.train_user_model manual__2025-06-04T05:56:09.674060+00:00 [queued]>
[2025-06-04T05:56:39.127+0000] {taskinstance.py:2170} INFO - Starting attempt 1 of 3
[2025-06-04T05:56:39.137+0000] {taskinstance.py:2191} INFO - Executing <Task(PythonOperator): train_user_model> on 2025-06-04 05:56:09.674060+00:00
[2025-06-04T05:56:39.143+0000] {standard_task_runner.py:60} INFO - Started process 445 to run task
[2025-06-04T05:56:39.146+0000] {standard_task_runner.py:87} INFO - Running: ['***', 'tasks', 'run', 'movie_recommendation_pipeline', 'train_user_model', 'manual__2025-06-04T05:56:09.674060+00:00', '--job-id', '1795', '--raw', '--subdir', 'DAGS_FOLDER/mlops_movie_dag.py', '--cfg-path', '/tmp/tmpnl2yn7j3']
[2025-06-04T05:56:39.147+0000] {standard_task_runner.py:88} INFO - Job 1795: Subtask train_user_model
[2025-06-04T05:56:39.182+0000] {task_command.py:423} INFO - Running <TaskInstance: movie_recommendation_pipeline.train_user_model manual__2025-06-04T05:56:09.674060+00:00 [running]> on host 4a0698f584f1
[2025-06-04T05:56:39.238+0000] {taskinstance.py:2480} INFO - Exporting env vars: AIRFLOW_CTX_DAG_OWNER='***' AIRFLOW_CTX_DAG_ID='movie_recommendation_pipeline' AIRFLOW_CTX_TASK_ID='train_user_model' AIRFLOW_CTX_EXECUTION_DATE='2025-06-04T05:56:09.674060+00:00' AIRFLOW_CTX_TRY_NUMBER='1' AIRFLOW_CTX_DAG_RUN_ID='manual__2025-06-04T05:56:09.674060+00:00'
[2025-06-04T05:56:39.239+0000] {mlops_movie_dag.py:12} INFO - 🟦 Running command: python /opt/***/src/models/train_user_model.py --n_neighbors=10
[2025-06-04T06:00:16.830+0000] {mlops_movie_dag.py:19} INFO - 🟩 [stdout]:
📝 Tags für Modellversion 3 gesetzt: n_neighbors=10
🏃 View run train_user_model at: https://dagshub.com/sacer11/MLOps_movie_rec_apr25.mlflow/#/experiments/8/runs/635d07e029ba447687ff8c644c12fe8e
🧪 View experiment at: https://dagshub.com/sacer11/MLOps_movie_rec_apr25.mlflow/#/experiments/8

[2025-06-04T06:00:16.831+0000] {mlops_movie_dag.py:21} WARNING - 🟨 [stderr]:
2025/06/04 05:59:57 INFO mlflow.pyfunc: Validating input example against model signature

Downloading artifacts:   0%|          | 0/1 [00:00<?, ?it/s]
Downloading artifacts: 100%|██████████| 1/1 [00:00<00:00,  4.81it/s]
Downloading artifacts: 100%|██████████| 1/1 [00:00<00:00,  4.81it/s]
Downloading artifacts: 100%|██████████| 1/1 [00:00<00:00,  4.80it/s]
Registered model 'user_model' already exists. Creating a new version of this model...
2025/06/04 06:00:14 INFO mlflow.store.model_registry.abstract_store: Waiting up to 300 seconds for model version to finish creation. Model name: user_model, version 3
Created version '3' of model 'user_model'.

[2025-06-04T06:00:16.832+0000] {python.py:201} INFO - Done. Returned value was: None
[2025-06-04T06:00:16.843+0000] {taskinstance.py:1138} INFO - Marking task as SUCCESS. dag_id=movie_recommendation_pipeline, task_id=train_user_model, execution_date=20250604T055609, start_date=20250604T055639, end_date=20250604T060016
[2025-06-04T06:00:16.884+0000] {local_task_job_runner.py:234} INFO - Task exited with return code 0
[2025-06-04T06:00:16.906+0000] {taskinstance.py:3280} INFO - 1 downstream tasks scheduled from follow-on schedule check
