[2025-06-07T03:42:06.095+0000] {taskinstance.py:1956} INFO - Dependencies all met for dep_context=non-requeueable deps ti=<TaskInstance: deep_models_pipeline.train_deep_hybrid_model manual__2025-06-07T03:42:01.255982+00:00 [queued]>
[2025-06-07T03:42:06.102+0000] {taskinstance.py:1956} INFO - Dependencies all met for dep_context=requeueable deps ti=<TaskInstance: deep_models_pipeline.train_deep_hybrid_model manual__2025-06-07T03:42:01.255982+00:00 [queued]>
[2025-06-07T03:42:06.103+0000] {taskinstance.py:2170} INFO - Starting attempt 1 of 3
[2025-06-07T03:42:06.113+0000] {taskinstance.py:2191} INFO - Executing <Task(PythonOperator): train_deep_hybrid_model> on 2025-06-07 03:42:01.255982+00:00
[2025-06-07T03:42:06.119+0000] {standard_task_runner.py:60} INFO - Started process 309 to run task
[2025-06-07T03:42:06.123+0000] {standard_task_runner.py:87} INFO - Running: ['***', 'tasks', 'run', 'deep_models_pipeline', 'train_deep_hybrid_model', 'manual__2025-06-07T03:42:01.255982+00:00', '--job-id', '2426', '--raw', '--subdir', 'DAGS_FOLDER/train_deep_model_dag.py', '--cfg-path', '/tmp/tmpgyix6eno']
[2025-06-07T03:42:06.125+0000] {standard_task_runner.py:88} INFO - Job 2426: Subtask train_deep_hybrid_model
[2025-06-07T03:42:06.169+0000] {task_command.py:423} INFO - Running <TaskInstance: deep_models_pipeline.train_deep_hybrid_model manual__2025-06-07T03:42:01.255982+00:00 [running]> on host 15daee2d5ed2
[2025-06-07T03:42:06.240+0000] {taskinstance.py:2480} INFO - Exporting env vars: AIRFLOW_CTX_DAG_OWNER='***' AIRFLOW_CTX_DAG_ID='deep_models_pipeline' AIRFLOW_CTX_TASK_ID='train_deep_hybrid_model' AIRFLOW_CTX_EXECUTION_DATE='2025-06-07T03:42:01.255982+00:00' AIRFLOW_CTX_TRY_NUMBER='1' AIRFLOW_CTX_DAG_RUN_ID='manual__2025-06-07T03:42:01.255982+00:00'
[2025-06-07T03:42:06.241+0000] {train_deep_model_dag.py:13} INFO - 🟦 Running command: python /opt/***/src/models/train_hybrid_deep_model.py --n_neighbors=15 --latent_dim=32 --epochs=30 --tfidf_features=300
[2025-06-07T03:43:01.993+0000] {train_deep_model_dag.py:20} INFO - 🟩 [stdout]:
🏃 View run train_hybrid_deep_model at: https://dagshub.com/sacer11/MLOps_movie_rec_apr25.mlflow/#/experiments/10/runs/89e04ddce8654ed285661ecff1a79240
🧪 View experiment at: https://dagshub.com/sacer11/MLOps_movie_rec_apr25.mlflow/#/experiments/10

[2025-06-07T03:43:01.994+0000] {train_deep_model_dag.py:22} WARNING - 🟨 [stderr]:
/home/***/.local/lib/python3.10/site-packages/mlflow/pyfunc/utils/data_validation.py:186: UserWarning: [33mAdd type hints to the `predict` method to enable data validation and automatic signature inference during model logging. Check https://mlflow.org/docs/latest/model/python_model.html#type-hint-usage-in-pythonmodel for more details.[0m
  color_warning(
2025-06-07 03:42:09,780 - __main__ - INFO - 📥 Lade Rohdaten und baue Hybrid-Feature-Matrix ...
2025-06-07 03:42:14,647 - __main__ - INFO - 📐 Hybrid-Matrix erstellt mit Shape: (10381, 1429), Feature-Namen: 1429
2025-06-07 03:42:24,327 - __main__ - INFO - 💾 Hybrid-Matrix gespeichert unter /opt/***/data/processed/hybrid_matrix.csv
2025-06-07 03:42:24,414 - __main__ - INFO - 🚀 Starte Training Autoencoder ...
2025-06-07 03:42:25,153 - __main__ - INFO - Epoch 1/30: Loss = 0.0123
2025-06-07 03:42:25,425 - __main__ - INFO - Epoch 2/30: Loss = 0.0073
2025-06-07 03:42:25,713 - __main__ - INFO - Epoch 3/30: Loss = 0.0062
2025-06-07 03:42:25,997 - __main__ - INFO - Epoch 4/30: Loss = 0.0058
2025-06-07 03:42:26,242 - __main__ - INFO - Epoch 5/30: Loss = 0.0055
2025-06-07 03:42:26,481 - __main__ - INFO - Epoch 6/30: Loss = 0.0053
2025-06-07 03:42:26,717 - __main__ - INFO - Epoch 7/30: Loss = 0.0051
2025-06-07 03:42:26,943 - __main__ - INFO - Epoch 8/30: Loss = 0.0050
2025-06-07 03:42:27,166 - __main__ - INFO - Epoch 9/30: Loss = 0.0049
2025-06-07 03:42:27,393 - __main__ - INFO - Epoch 10/30: Loss = 0.0049
2025-06-07 03:42:27,621 - __main__ - INFO - Epoch 11/30: Loss = 0.0048
2025-06-07 03:42:27,845 - __main__ - INFO - Epoch 12/30: Loss = 0.0047
2025-06-07 03:42:28,102 - __main__ - INFO - Epoch 13/30: Loss = 0.0047
2025-06-07 03:42:28,335 - __main__ - INFO - Epoch 14/30: Loss = 0.0047
2025-06-07 03:42:28,576 - __main__ - INFO - Epoch 15/30: Loss = 0.0046
2025-06-07 03:42:28,827 - __main__ - INFO - Epoch 16/30: Loss = 0.0046
2025-06-07 03:42:29,109 - __main__ - INFO - Epoch 17/30: Loss = 0.0046
2025-06-07 03:42:29,391 - __main__ - INFO - Epoch 18/30: Loss = 0.0045
2025-06-07 03:42:29,698 - __main__ - INFO - Epoch 19/30: Loss = 0.0045
2025-06-07 03:42:29,956 - __main__ - INFO - Epoch 20/30: Loss = 0.0045
2025-06-07 03:42:30,196 - __main__ - INFO - Epoch 21/30: Loss = 0.0045
2025-06-07 03:42:30,443 - __main__ - INFO - Epoch 22/30: Loss = 0.0045
2025-06-07 03:42:30,689 - __main__ - INFO - Epoch 23/30: Loss = 0.0044
2025-06-07 03:42:30,937 - __main__ - INFO - Epoch 24/30: Loss = 0.0044
2025-06-07 03:42:31,174 - __main__ - INFO - Epoch 25/30: Loss = 0.0044
2025-06-07 03:42:31,425 - __main__ - INFO - Epoch 26/30: Loss = 0.0044
2025-06-07 03:42:31,672 - __main__ - INFO - Epoch 27/30: Loss = 0.0044
2025-06-07 03:42:31,909 - __main__ - INFO - Epoch 28/30: Loss = 0.0044
2025-06-07 03:42:32,147 - __main__ - INFO - Epoch 29/30: Loss = 0.0043
2025-06-07 03:42:32,396 - __main__ - INFO - Epoch 30/30: Loss = 0.0043
2025-06-07 03:42:32,618 - __main__ - INFO - ✅ Hybrid-Embeddings gespeichert unter /opt/***/data/processed/hybrid_deep_embedding.csv
2025-06-07 03:42:32,618 - __main__ - INFO - ✅ Hybrid-Embeddings gespeichert unter /opt/***/data/processed/hybrid_deep_embedding.csv
2025-06-07 03:42:32,631 - __main__ - INFO - ✅ Deep KNN Modell gespeichert unter /opt/***/models/hybrid_deep_knn.pkl
2025/06/07 03:42:37 INFO mlflow.pyfunc: Validating input example against model signature

Downloading artifacts:   0%|          | 0/1 [00:00<?, ?it/s]
Downloading artifacts: 100%|██████████| 1/1 [00:00<00:00, 86.48it/s]
Downloading artifacts: 100%|██████████| 1/1 [00:00<00:00, 85.26it/s]
Registered model 'hybrid_deep_model' already exists. Creating a new version of this model...
2025/06/07 03:42:47 INFO mlflow.store.model_registry.abstract_store: Waiting up to 300 seconds for model version to finish creation. Model name: hybrid_deep_model, version 4
Created version '4' of model 'hybrid_deep_model'.
2025-06-07 03:42:58,874 - __main__ - INFO - 📝 Tags für Modellversion 4 gesetzt: n_neighbors=15, latent_dim=32
2025-06-07 03:43:00,879 - __main__ - INFO - 🏁 Deep Hybrid-Model Training abgeschlossen und geloggt.

[2025-06-07T03:43:01.995+0000] {python.py:201} INFO - Done. Returned value was: None
[2025-06-07T03:43:02.005+0000] {taskinstance.py:1138} INFO - Marking task as SUCCESS. dag_id=deep_models_pipeline, task_id=train_deep_hybrid_model, execution_date=20250607T034201, start_date=20250607T034206, end_date=20250607T034302
[2025-06-07T03:43:02.038+0000] {local_task_job_runner.py:234} INFO - Task exited with return code 0
[2025-06-07T03:43:02.061+0000] {taskinstance.py:3280} INFO - 1 downstream tasks scheduled from follow-on schedule check
