[2025-06-04T05:27:28.266+0000] {taskinstance.py:1956} INFO - Dependencies all met for dep_context=non-requeueable deps ti=<TaskInstance: movie_recommendation_pipeline.train_user_model manual__2025-06-04T05:26:59.474168+00:00 [queued]>
[2025-06-04T05:27:28.274+0000] {taskinstance.py:1956} INFO - Dependencies all met for dep_context=requeueable deps ti=<TaskInstance: movie_recommendation_pipeline.train_user_model manual__2025-06-04T05:26:59.474168+00:00 [queued]>
[2025-06-04T05:27:28.275+0000] {taskinstance.py:2170} INFO - Starting attempt 1 of 3
[2025-06-04T05:27:28.286+0000] {taskinstance.py:2191} INFO - Executing <Task(PythonOperator): train_user_model> on 2025-06-04 05:26:59.474168+00:00
[2025-06-04T05:27:28.292+0000] {standard_task_runner.py:60} INFO - Started process 446 to run task
[2025-06-04T05:27:28.295+0000] {standard_task_runner.py:87} INFO - Running: ['***', 'tasks', 'run', 'movie_recommendation_pipeline', 'train_user_model', 'manual__2025-06-04T05:26:59.474168+00:00', '--job-id', '1781', '--raw', '--subdir', 'DAGS_FOLDER/mlops_movie_dag.py', '--cfg-path', '/tmp/tmphz5g995k']
[2025-06-04T05:27:28.296+0000] {standard_task_runner.py:88} INFO - Job 1781: Subtask train_user_model
[2025-06-04T05:27:28.333+0000] {task_command.py:423} INFO - Running <TaskInstance: movie_recommendation_pipeline.train_user_model manual__2025-06-04T05:26:59.474168+00:00 [running]> on host e2c85b369801
[2025-06-04T05:27:28.401+0000] {taskinstance.py:2480} INFO - Exporting env vars: AIRFLOW_CTX_DAG_OWNER='***' AIRFLOW_CTX_DAG_ID='movie_recommendation_pipeline' AIRFLOW_CTX_TASK_ID='train_user_model' AIRFLOW_CTX_EXECUTION_DATE='2025-06-04T05:26:59.474168+00:00' AIRFLOW_CTX_TRY_NUMBER='1' AIRFLOW_CTX_DAG_RUN_ID='manual__2025-06-04T05:26:59.474168+00:00'
[2025-06-04T05:27:28.402+0000] {mlops_movie_dag.py:12} INFO - 🟦 Running command: python /opt/***/src/models/train_user_model.py --n_neighbors=10
[2025-06-04T05:31:04.580+0000] {mlops_movie_dag.py:19} INFO - 🟩 [stdout]:
📝 Tags für Modellversion 2 gesetzt: n_neighbors=10
🏃 View run train_user_model at: https://dagshub.com/sacer11/MLOps_movie_rec_apr25.mlflow/#/experiments/8/runs/dff5452fc9d3458a8e06489018805cbf
🧪 View experiment at: https://dagshub.com/sacer11/MLOps_movie_rec_apr25.mlflow/#/experiments/8

[2025-06-04T05:31:04.581+0000] {mlops_movie_dag.py:21} WARNING - 🟨 [stderr]:
2025/06/04 05:30:44 INFO mlflow.pyfunc: Validating input example against model signature

Downloading artifacts:   0%|          | 0/1 [00:00<?, ?it/s]
Downloading artifacts: 100%|██████████| 1/1 [00:00<00:00,  3.90it/s]
Downloading artifacts: 100%|██████████| 1/1 [00:00<00:00,  3.90it/s]
Downloading artifacts: 100%|██████████| 1/1 [00:00<00:00,  3.89it/s]
Registered model 'user_model' already exists. Creating a new version of this model...
2025/06/04 05:31:02 INFO mlflow.store.model_registry.abstract_store: Waiting up to 300 seconds for model version to finish creation. Model name: user_model, version 2
Created version '2' of model 'user_model'.

[2025-06-04T05:31:04.582+0000] {python.py:201} INFO - Done. Returned value was: None
[2025-06-04T05:31:04.591+0000] {taskinstance.py:1138} INFO - Marking task as SUCCESS. dag_id=movie_recommendation_pipeline, task_id=train_user_model, execution_date=20250604T052659, start_date=20250604T052728, end_date=20250604T053104
[2025-06-04T05:31:04.632+0000] {local_task_job_runner.py:234} INFO - Task exited with return code 0
[2025-06-04T05:31:04.654+0000] {taskinstance.py:3280} INFO - 1 downstream tasks scheduled from follow-on schedule check
