[2025-06-01T17:25:12.861+0000] {taskinstance.py:1956} INFO - Dependencies all met for dep_context=non-requeueable deps ti=<TaskInstance: movie_recommendation_pipeline.train_user_model manual__2025-06-01T17:24:45.254290+00:00 [queued]>
[2025-06-01T17:25:12.867+0000] {taskinstance.py:1956} INFO - Dependencies all met for dep_context=requeueable deps ti=<TaskInstance: movie_recommendation_pipeline.train_user_model manual__2025-06-01T17:24:45.254290+00:00 [queued]>
[2025-06-01T17:25:12.868+0000] {taskinstance.py:2170} INFO - Starting attempt 1 of 3
[2025-06-01T17:25:12.880+0000] {taskinstance.py:2191} INFO - Executing <Task(PythonOperator): train_user_model> on 2025-06-01 17:24:45.254290+00:00
[2025-06-01T17:25:12.886+0000] {standard_task_runner.py:60} INFO - Started process 305 to run task
[2025-06-01T17:25:12.888+0000] {standard_task_runner.py:87} INFO - Running: ['***', 'tasks', 'run', 'movie_recommendation_pipeline', 'train_user_model', 'manual__2025-06-01T17:24:45.254290+00:00', '--job-id', '1178', '--raw', '--subdir', 'DAGS_FOLDER/mlops_movie_dag.py', '--cfg-path', '/tmp/tmpoqu8ywkq']
[2025-06-01T17:25:12.889+0000] {standard_task_runner.py:88} INFO - Job 1178: Subtask train_user_model
[2025-06-01T17:25:12.921+0000] {task_command.py:423} INFO - Running <TaskInstance: movie_recommendation_pipeline.train_user_model manual__2025-06-01T17:24:45.254290+00:00 [running]> on host 0b9c94812aa0
[2025-06-01T17:25:12.980+0000] {taskinstance.py:2480} INFO - Exporting env vars: AIRFLOW_CTX_DAG_OWNER='***' AIRFLOW_CTX_DAG_ID='movie_recommendation_pipeline' AIRFLOW_CTX_TASK_ID='train_user_model' AIRFLOW_CTX_EXECUTION_DATE='2025-06-01T17:24:45.254290+00:00' AIRFLOW_CTX_TRY_NUMBER='1' AIRFLOW_CTX_DAG_RUN_ID='manual__2025-06-01T17:24:45.254290+00:00'
[2025-06-01T17:26:37.809+0000] {mlops_movie_dag.py:13} INFO - ✅ MLFLOW_TRACKING_URI: https://dagshub.com/sacer11/MLOps_movie_rec_apr25.mlflow
🚀 Starte Training des user_model
📥 Lade Bewertungen und Movie-Embeddings
⏱️ Daten geladen in 6.6s
🔄 Erstelle User-Vektoren
⏱️ User-Vektoren erstellt in 53.2s
💾 Featureliste gespeichert unter /opt/***/data/processed/user_features.csv
✅ 138493 User-Vektoren gespeichert unter /opt/***/data/processed/user_matrix.csv
📊 Trainiere NearestNeighbors-Modell
⏱️ Modelltraining: 0.2s
✅ Modell gespeichert unter /opt/***/models/user_model.pkl
⏳ Starte MLflow-Run
⏳ MLflow-Run gestartet [bfcdc93033f24bba97c2fe17aad57e42] – Logging beginnt
⏳ MLflow-Logging abgeschlossen
⏳ MLflow-Run beendet
🏁 Training abgeschlossen & alles in MLflow geloggt. Gesamtdauer: 82.1s

[2025-06-01T17:26:37.810+0000] {python.py:201} INFO - Done. Returned value was: None
[2025-06-01T17:26:37.820+0000] {taskinstance.py:1138} INFO - Marking task as SUCCESS. dag_id=movie_recommendation_pipeline, task_id=train_user_model, execution_date=20250601T172445, start_date=20250601T172512, end_date=20250601T172637
[2025-06-01T17:26:37.875+0000] {local_task_job_runner.py:234} INFO - Task exited with return code 0
[2025-06-01T17:26:37.895+0000] {taskinstance.py:3280} INFO - 1 downstream tasks scheduled from follow-on schedule check
