[2025-06-07T04:37:46.749+0000] {taskinstance.py:1956} INFO - Dependencies all met for dep_context=non-requeueable deps ti=<TaskInstance: deep_models_pipeline.predict_best_model manual__2025-06-07T04:31:17.020000+00:00 [queued]>
[2025-06-07T04:37:46.756+0000] {taskinstance.py:1956} INFO - Dependencies all met for dep_context=requeueable deps ti=<TaskInstance: deep_models_pipeline.predict_best_model manual__2025-06-07T04:31:17.020000+00:00 [queued]>
[2025-06-07T04:37:46.757+0000] {taskinstance.py:2170} INFO - Starting attempt 3 of 3
[2025-06-07T04:37:46.766+0000] {taskinstance.py:2191} INFO - Executing <Task(PythonOperator): predict_best_model> on 2025-06-07 04:31:17.020000+00:00
[2025-06-07T04:37:46.773+0000] {standard_task_runner.py:60} INFO - Started process 194 to run task
[2025-06-07T04:37:46.775+0000] {standard_task_runner.py:87} INFO - Running: ['***', 'tasks', 'run', 'deep_models_pipeline', 'predict_best_model', 'manual__2025-06-07T04:31:17.020000+00:00', '--job-id', '2440', '--raw', '--subdir', 'DAGS_FOLDER/train_deep_model_dag.py', '--cfg-path', '/tmp/tmp6n6_qhil']
[2025-06-07T04:37:46.776+0000] {standard_task_runner.py:88} INFO - Job 2440: Subtask predict_best_model
[2025-06-07T04:37:46.816+0000] {task_command.py:423} INFO - Running <TaskInstance: deep_models_pipeline.predict_best_model manual__2025-06-07T04:31:17.020000+00:00 [running]> on host c37492a24a03
[2025-06-07T04:37:46.887+0000] {taskinstance.py:2480} INFO - Exporting env vars: AIRFLOW_CTX_DAG_OWNER='***' AIRFLOW_CTX_DAG_ID='deep_models_pipeline' AIRFLOW_CTX_TASK_ID='predict_best_model' AIRFLOW_CTX_EXECUTION_DATE='2025-06-07T04:31:17.020000+00:00' AIRFLOW_CTX_TRY_NUMBER='3' AIRFLOW_CTX_DAG_RUN_ID='manual__2025-06-07T04:31:17.020000+00:00'
[2025-06-07T04:37:46.888+0000] {train_deep_model_dag.py:13} INFO - 🟦 Running command: python /opt/***/src/models/predict_best_model.py
[2025-06-07T04:38:06.570+0000] {train_deep_model_dag.py:20} INFO - 🟩 [stdout]:
Everything is up to date.
🏃 View run predict_best_model_hybrid_deep at: https://dagshub.com/sacer11/MLOps_movie_rec_apr25.mlflow/#/experiments/11/runs/c8411ce65fc0401f9f0dcf6e8b6a023d
🧪 View experiment at: https://dagshub.com/sacer11/MLOps_movie_rec_apr25.mlflow/#/experiments/11

[2025-06-07T04:38:06.571+0000] {train_deep_model_dag.py:22} WARNING - 🟨 [stderr]:
2025-06-07 04:37:49,170 - WARNING - Fehlende Dateien: ['/opt/***/models/hybrid_deep_knn_best.pkl'] – Starte dvc pull ...
2025-06-07 04:37:52,872 - INFO - DVC pull abgeschlossen.
2025-06-07 04:37:52,872 - INFO - 🚀 Starte Prediction für hybrid_deep_model über MLflow Registry
2025-06-07 04:37:52,872 - INFO - 📦 Lade Modell: models:/hybrid_deep_model@best_model

Downloading artifacts:   0%|          | 0/8 [00:00<?, ?it/s]
Downloading artifacts:  12%|█▎        | 1/8 [00:00<00:00, 9177.91it/s]
Downloading artifacts:  25%|██▌       | 2/8 [00:00<00:00,  8.09it/s]  
Downloading artifacts:  25%|██▌       | 2/8 [00:00<00:00,  8.09it/s]
Downloading artifacts:  38%|███▊      | 3/8 [00:00<00:00,  8.19it/s]
Downloading artifacts:  38%|███▊      | 3/8 [00:00<00:00,  8.19it/s]
Downloading artifacts:  50%|█████     | 4/8 [00:00<00:00,  8.19it/s]
Downloading artifacts:  62%|██████▎   | 5/8 [00:00<00:00,  9.33it/s]
Downloading artifacts:  62%|██████▎   | 5/8 [00:00<00:00,  9.33it/s]
Downloading artifacts:  75%|███████▌  | 6/8 [00:00<00:00,  9.33it/s]
Downloading artifacts:  88%|████████▊ | 7/8 [00:00<00:00,  9.08it/s]
Downloading artifacts:  88%|████████▊ | 7/8 [00:00<00:00,  9.08it/s]
Downloading artifacts: 100%|██████████| 8/8 [00:01<00:00,  3.13it/s]
Downloading artifacts: 100%|██████████| 8/8 [00:01<00:00,  3.13it/s]
Downloading artifacts: 100%|██████████| 8/8 [00:01<00:00,  4.51it/s]
2025-06-07 04:37:57,583 - INFO - 📥 Embedding geladen: /opt/***/data/processed/hybrid_deep_embedding_best.csv – Shape: (10381, 32)
2025-06-07 04:37:57,706 - INFO - 💾 Vorhersagen gespeichert unter: /opt/***/data/processed/predictions_hybrid_deep_model.csv
2025-06-07 04:38:06,182 - INFO - ✅ Predictions erfolgreich in MLflow geloggt

[2025-06-07T04:38:06.571+0000] {python.py:201} INFO - Done. Returned value was: None
[2025-06-07T04:38:06.580+0000] {taskinstance.py:1138} INFO - Marking task as SUCCESS. dag_id=deep_models_pipeline, task_id=predict_best_model, execution_date=20250607T043117, start_date=20250607T043746, end_date=20250607T043806
[2025-06-07T04:38:06.604+0000] {local_task_job_runner.py:234} INFO - Task exited with return code 0
[2025-06-07T04:38:06.618+0000] {taskinstance.py:3280} INFO - 0 downstream tasks scheduled from follow-on schedule check
