[2025-06-02T02:47:11.485+0000] {taskinstance.py:1956} INFO - Dependencies all met for dep_context=non-requeueable deps ti=<TaskInstance: movie_recommendation_pipeline.train_hybrid_model manual__2025-06-02T02:46:43.979707+00:00 [queued]>
[2025-06-02T02:47:11.493+0000] {taskinstance.py:1956} INFO - Dependencies all met for dep_context=requeueable deps ti=<TaskInstance: movie_recommendation_pipeline.train_hybrid_model manual__2025-06-02T02:46:43.979707+00:00 [queued]>
[2025-06-02T02:47:11.494+0000] {taskinstance.py:2170} INFO - Starting attempt 1 of 3
[2025-06-02T02:47:11.504+0000] {taskinstance.py:2191} INFO - Executing <Task(PythonOperator): train_hybrid_model> on 2025-06-02 02:46:43.979707+00:00
[2025-06-02T02:47:11.510+0000] {standard_task_runner.py:60} INFO - Started process 2430 to run task
[2025-06-02T02:47:11.512+0000] {standard_task_runner.py:87} INFO - Running: ['***', 'tasks', 'run', 'movie_recommendation_pipeline', 'train_hybrid_model', 'manual__2025-06-02T02:46:43.979707+00:00', '--job-id', '1420', '--raw', '--subdir', 'DAGS_FOLDER/mlops_movie_dag.py', '--cfg-path', '/tmp/tmphhwnwin2']
[2025-06-02T02:47:11.513+0000] {standard_task_runner.py:88} INFO - Job 1420: Subtask train_hybrid_model
[2025-06-02T02:47:11.549+0000] {task_command.py:423} INFO - Running <TaskInstance: movie_recommendation_pipeline.train_hybrid_model manual__2025-06-02T02:46:43.979707+00:00 [running]> on host 69f945629b06
[2025-06-02T02:47:11.616+0000] {taskinstance.py:2480} INFO - Exporting env vars: AIRFLOW_CTX_DAG_OWNER='***' AIRFLOW_CTX_DAG_ID='movie_recommendation_pipeline' AIRFLOW_CTX_TASK_ID='train_hybrid_model' AIRFLOW_CTX_EXECUTION_DATE='2025-06-02T02:46:43.979707+00:00' AIRFLOW_CTX_TRY_NUMBER='1' AIRFLOW_CTX_DAG_RUN_ID='manual__2025-06-02T02:46:43.979707+00:00'
[2025-06-02T02:47:11.617+0000] {mlops_movie_dag.py:12} INFO - 🟦 Running command: python /opt/***/src/models/train_hybrid_model.py
[2025-06-02T02:49:46.911+0000] {mlops_movie_dag.py:18} INFO - 🟩 [stdout]:
🚀 Starte Hybrid-Modelltraining
📥 Rohdaten erfolgreich geladen
📐 Hybrid-Matrix erstellt mit Shape: (10381, 1429), Feature-Namen: 1429
🤖 KNN-Modell trainiert
✅ Feature-Schema gespeichert unter /opt/***/data/processed/hybrid_matrix_features.txt
🏃 View run train_hybrid_model at: https://dagshub.com/sacer11/MLOps_movie_rec_apr25.mlflow/#/experiments/4/runs/b4cdea6c5b3b4a7289ef8fe299d78533
🧪 View experiment at: https://dagshub.com/sacer11/MLOps_movie_rec_apr25.mlflow/#/experiments/4
✅ Modell & Matrix erfolgreich gespeichert und in MLflow geloggt

[2025-06-02T02:49:46.912+0000] {mlops_movie_dag.py:20} WARNING - 🟨 [stderr]:
2025/06/02 02:47:47 INFO mlflow.pyfunc: Validating input example against model signature

Downloading artifacts:   0%|          | 0/1 [00:00<?, ?it/s]
Downloading artifacts: 100%|██████████| 1/1 [00:01<00:00,  1.25s/it]
Downloading artifacts: 100%|██████████| 1/1 [00:01<00:00,  1.25s/it]
Downloading artifacts: 100%|██████████| 1/1 [00:01<00:00,  1.25s/it]

[2025-06-02T02:49:46.913+0000] {python.py:201} INFO - Done. Returned value was: None
[2025-06-02T02:49:46.923+0000] {taskinstance.py:1138} INFO - Marking task as SUCCESS. dag_id=movie_recommendation_pipeline, task_id=train_hybrid_model, execution_date=20250602T024643, start_date=20250602T024711, end_date=20250602T024946
[2025-06-02T02:49:46.981+0000] {local_task_job_runner.py:234} INFO - Task exited with return code 0
[2025-06-02T02:49:47.002+0000] {taskinstance.py:3280} INFO - 0 downstream tasks scheduled from follow-on schedule check
