[2025-06-06T20:33:51.128+0000] {taskinstance.py:1956} INFO - Dependencies all met for dep_context=non-requeueable deps ti=<TaskInstance: deep_models_pipeline.train_deep_hybrid_model manual__2025-06-06T20:33:46.461470+00:00 [queued]>
[2025-06-06T20:33:51.135+0000] {taskinstance.py:1956} INFO - Dependencies all met for dep_context=requeueable deps ti=<TaskInstance: deep_models_pipeline.train_deep_hybrid_model manual__2025-06-06T20:33:46.461470+00:00 [queued]>
[2025-06-06T20:33:51.135+0000] {taskinstance.py:2170} INFO - Starting attempt 1 of 3
[2025-06-06T20:33:51.144+0000] {taskinstance.py:2191} INFO - Executing <Task(PythonOperator): train_deep_hybrid_model> on 2025-06-06 20:33:46.461470+00:00
[2025-06-06T20:33:51.150+0000] {standard_task_runner.py:60} INFO - Started process 300 to run task
[2025-06-06T20:33:51.152+0000] {standard_task_runner.py:87} INFO - Running: ['***', 'tasks', 'run', 'deep_models_pipeline', 'train_deep_hybrid_model', 'manual__2025-06-06T20:33:46.461470+00:00', '--job-id', '2256', '--raw', '--subdir', 'DAGS_FOLDER/train_deep_model_dag.py', '--cfg-path', '/tmp/tmpwn142k1v']
[2025-06-06T20:33:51.153+0000] {standard_task_runner.py:88} INFO - Job 2256: Subtask train_deep_hybrid_model
[2025-06-06T20:33:51.184+0000] {task_command.py:423} INFO - Running <TaskInstance: deep_models_pipeline.train_deep_hybrid_model manual__2025-06-06T20:33:46.461470+00:00 [running]> on host 97f452330a36
[2025-06-06T20:33:51.240+0000] {taskinstance.py:2480} INFO - Exporting env vars: AIRFLOW_CTX_DAG_OWNER='***' AIRFLOW_CTX_DAG_ID='deep_models_pipeline' AIRFLOW_CTX_TASK_ID='train_deep_hybrid_model' AIRFLOW_CTX_EXECUTION_DATE='2025-06-06T20:33:46.461470+00:00' AIRFLOW_CTX_TRY_NUMBER='1' AIRFLOW_CTX_DAG_RUN_ID='manual__2025-06-06T20:33:46.461470+00:00'
[2025-06-06T20:33:51.240+0000] {train_deep_model_dag.py:13} INFO - 🟦 Running command: python /opt/***/src/models/train_hybrid_deep_model.py --n_neighbors=10 --latent_dim=32 --epochs=30 --tfidf_features=300
[2025-06-06T20:34:48.709+0000] {train_deep_model_dag.py:20} INFO - 🟩 [stdout]:
🏃 View run train_hybrid_deep_model at: https://dagshub.com/sacer11/MLOps_movie_rec_apr25.mlflow/#/experiments/10/runs/ab43316eb26b4f3ba67d737153f81150
🧪 View experiment at: https://dagshub.com/sacer11/MLOps_movie_rec_apr25.mlflow/#/experiments/10

[2025-06-06T20:34:48.710+0000] {train_deep_model_dag.py:22} WARNING - 🟨 [stderr]:
/home/***/.local/lib/python3.10/site-packages/mlflow/pyfunc/utils/data_validation.py:186: UserWarning: [33mAdd type hints to the `predict` method to enable data validation and automatic signature inference during model logging. Check https://mlflow.org/docs/latest/model/python_model.html#type-hint-usage-in-pythonmodel for more details.[0m
  color_warning(
2025-06-06 20:33:55,862 - __main__ - INFO - 📥 Lade Rohdaten und baue Hybrid-Feature-Matrix ...
2025-06-06 20:34:01,531 - __main__ - INFO - 📐 Hybrid-Matrix erstellt mit Shape: (10381, 1429), Feature-Namen: 1429
2025-06-06 20:34:10,913 - __main__ - INFO - 💾 Hybrid-Matrix gespeichert unter /opt/***/data/processed/hybrid_matrix.csv
2025-06-06 20:34:11,004 - __main__ - INFO - 🚀 Starte Training Autoencoder ...
2025-06-06 20:34:12,010 - __main__ - INFO - Epoch 1/30: Loss = 0.0122
2025-06-06 20:34:12,246 - __main__ - INFO - Epoch 2/30: Loss = 0.0071
2025-06-06 20:34:12,489 - __main__ - INFO - Epoch 3/30: Loss = 0.0061
2025-06-06 20:34:12,754 - __main__ - INFO - Epoch 4/30: Loss = 0.0056
2025-06-06 20:34:13,025 - __main__ - INFO - Epoch 5/30: Loss = 0.0054
2025-06-06 20:34:13,285 - __main__ - INFO - Epoch 6/30: Loss = 0.0053
2025-06-06 20:34:13,557 - __main__ - INFO - Epoch 7/30: Loss = 0.0051
2025-06-06 20:34:13,783 - __main__ - INFO - Epoch 8/30: Loss = 0.0050
2025-06-06 20:34:14,015 - __main__ - INFO - Epoch 9/30: Loss = 0.0050
2025-06-06 20:34:14,249 - __main__ - INFO - Epoch 10/30: Loss = 0.0049
2025-06-06 20:34:14,479 - __main__ - INFO - Epoch 11/30: Loss = 0.0048
2025-06-06 20:34:14,748 - __main__ - INFO - Epoch 12/30: Loss = 0.0048
2025-06-06 20:34:15,001 - __main__ - INFO - Epoch 13/30: Loss = 0.0047
2025-06-06 20:34:15,235 - __main__ - INFO - Epoch 14/30: Loss = 0.0047
2025-06-06 20:34:15,496 - __main__ - INFO - Epoch 15/30: Loss = 0.0047
2025-06-06 20:34:15,739 - __main__ - INFO - Epoch 16/30: Loss = 0.0046
2025-06-06 20:34:15,972 - __main__ - INFO - Epoch 17/30: Loss = 0.0046
2025-06-06 20:34:16,212 - __main__ - INFO - Epoch 18/30: Loss = 0.0046
2025-06-06 20:34:16,485 - __main__ - INFO - Epoch 19/30: Loss = 0.0045
2025-06-06 20:34:16,712 - __main__ - INFO - Epoch 20/30: Loss = 0.0045
2025-06-06 20:34:16,948 - __main__ - INFO - Epoch 21/30: Loss = 0.0045
2025-06-06 20:34:17,187 - __main__ - INFO - Epoch 22/30: Loss = 0.0045
2025-06-06 20:34:17,472 - __main__ - INFO - Epoch 23/30: Loss = 0.0045
2025-06-06 20:34:17,717 - __main__ - INFO - Epoch 24/30: Loss = 0.0044
2025-06-06 20:34:17,956 - __main__ - INFO - Epoch 25/30: Loss = 0.0044
2025-06-06 20:34:18,227 - __main__ - INFO - Epoch 26/30: Loss = 0.0044
2025-06-06 20:34:18,516 - __main__ - INFO - Epoch 27/30: Loss = 0.0044
2025-06-06 20:34:18,768 - __main__ - INFO - Epoch 28/30: Loss = 0.0044
2025-06-06 20:34:19,006 - __main__ - INFO - Epoch 29/30: Loss = 0.0044
2025-06-06 20:34:19,237 - __main__ - INFO - Epoch 30/30: Loss = 0.0043
2025-06-06 20:34:19,462 - __main__ - INFO - ✅ Hybrid-Embeddings gespeichert unter /opt/***/data/processed/hybrid_deep_embedding.csv
2025-06-06 20:34:19,462 - __main__ - INFO - ✅ Hybrid-Embeddings gespeichert unter /opt/***/data/processed/hybrid_deep_embedding.csv
2025-06-06 20:34:19,472 - __main__ - INFO - ✅ Deep KNN Modell gespeichert unter /opt/***/models/hybrid_deep_knn.pkl
2025/06/06 20:34:24 INFO mlflow.pyfunc: Validating input example against model signature

Downloading artifacts:   0%|          | 0/1 [00:00<?, ?it/s]
Downloading artifacts: 100%|██████████| 1/1 [00:00<00:00, 122.29it/s]
Downloading artifacts: 100%|██████████| 1/1 [00:00<00:00, 120.43it/s]
Registered model 'hybrid_deep_model' already exists. Creating a new version of this model...
2025/06/06 20:34:34 INFO mlflow.store.model_registry.abstract_store: Waiting up to 300 seconds for model version to finish creation. Model name: hybrid_deep_model, version 5
Created version '5' of model 'hybrid_deep_model'.
2025-06-06 20:34:45,738 - __main__ - INFO - 📝 Tags für Modellversion 5 gesetzt: n_neighbors=10, latent_dim=32
2025-06-06 20:34:47,731 - __main__ - INFO - 🏁 Deep Hybrid-Model Training abgeschlossen und geloggt.

[2025-06-06T20:34:48.710+0000] {python.py:201} INFO - Done. Returned value was: None
[2025-06-06T20:34:48.718+0000] {taskinstance.py:1138} INFO - Marking task as SUCCESS. dag_id=deep_models_pipeline, task_id=train_deep_hybrid_model, execution_date=20250606T203346, start_date=20250606T203351, end_date=20250606T203448
[2025-06-06T20:34:48.737+0000] {local_task_job_runner.py:234} INFO - Task exited with return code 0
[2025-06-06T20:34:48.755+0000] {taskinstance.py:3280} INFO - 1 downstream tasks scheduled from follow-on schedule check
