[2025-06-09T11:34:21.490+0000] {taskinstance.py:1956} INFO - Dependencies all met for dep_context=non-requeueable deps ti=<TaskInstance: deep_models_pipeline.import_raw_data manual__2025-06-09T11:34:20.753112+00:00 [queued]>
[2025-06-09T11:34:21.499+0000] {taskinstance.py:1956} INFO - Dependencies all met for dep_context=requeueable deps ti=<TaskInstance: deep_models_pipeline.import_raw_data manual__2025-06-09T11:34:20.753112+00:00 [queued]>
[2025-06-09T11:34:21.500+0000] {taskinstance.py:2170} INFO - Starting attempt 1 of 3
[2025-06-09T11:34:21.514+0000] {taskinstance.py:2191} INFO - Executing <Task(PythonOperator): import_raw_data> on 2025-06-09 11:34:20.753112+00:00
[2025-06-09T11:34:21.522+0000] {standard_task_runner.py:60} INFO - Started process 2372 to run task
[2025-06-09T11:34:21.525+0000] {standard_task_runner.py:87} INFO - Running: ['***', 'tasks', 'run', 'deep_models_pipeline', 'import_raw_data', 'manual__2025-06-09T11:34:20.753112+00:00', '--job-id', '3739', '--raw', '--subdir', 'DAGS_FOLDER/train_deep_model_dag.py', '--cfg-path', '/tmp/tmpvxq4euaq']
[2025-06-09T11:34:21.526+0000] {standard_task_runner.py:88} INFO - Job 3739: Subtask import_raw_data
[2025-06-09T11:34:21.578+0000] {task_command.py:423} INFO - Running <TaskInstance: deep_models_pipeline.import_raw_data manual__2025-06-09T11:34:20.753112+00:00 [running]> on host ef2125aafb6b
[2025-06-09T11:34:21.667+0000] {taskinstance.py:2480} INFO - Exporting env vars: AIRFLOW_CTX_DAG_OWNER='***' AIRFLOW_CTX_DAG_ID='deep_models_pipeline' AIRFLOW_CTX_TASK_ID='import_raw_data' AIRFLOW_CTX_EXECUTION_DATE='2025-06-09T11:34:20.753112+00:00' AIRFLOW_CTX_TRY_NUMBER='1' AIRFLOW_CTX_DAG_RUN_ID='manual__2025-06-09T11:34:20.753112+00:00'
[2025-06-09T11:34:21.669+0000] {train_deep_model_dag.py:13} INFO - 🟦 Running command: python /opt/***/src/data/import_raw_data.py
[2025-06-09T11:36:05.971+0000] {train_deep_model_dag.py:20} INFO - 🟩 [stdout]:

[2025-06-09T11:36:05.973+0000] {train_deep_model_dag.py:22} WARNING - 🟨 [stderr]:
2025-06-09 11:34:22,024 - root - INFO - ⬇️  Lade herunter: https://mlops-project-db.s3.eu-west-1.amazonaws.com/movie_recommandation/genome-scores.csv
2025-06-09 11:34:59,813 - root - INFO - ✅ Gespeichert unter: /opt/***/data/raw/genome-scores.csv
2025-06-09 11:34:59,814 - root - INFO - ⬇️  Lade herunter: https://mlops-project-db.s3.eu-west-1.amazonaws.com/movie_recommandation/genome-tags.csv
2025-06-09 11:35:00,022 - root - INFO - ✅ Gespeichert unter: /opt/***/data/raw/genome-tags.csv
2025-06-09 11:35:00,023 - root - INFO - ⬇️  Lade herunter: https://mlops-project-db.s3.eu-west-1.amazonaws.com/movie_recommandation/links.csv
2025-06-09 11:35:00,440 - root - INFO - ✅ Gespeichert unter: /opt/***/data/raw/links.csv
2025-06-09 11:35:00,441 - root - INFO - ⬇️  Lade herunter: https://mlops-project-db.s3.eu-west-1.amazonaws.com/movie_recommandation/movies.csv
2025-06-09 11:35:00,972 - root - INFO - ✅ Gespeichert unter: /opt/***/data/raw/movies.csv
2025-06-09 11:35:00,972 - root - INFO - ⬇️  Lade herunter: https://mlops-project-db.s3.eu-west-1.amazonaws.com/movie_recommandation/ratings.csv
2025-06-09 11:36:02,891 - root - INFO - ✅ Gespeichert unter: /opt/***/data/raw/ratings.csv
2025-06-09 11:36:02,893 - root - INFO - ⬇️  Lade herunter: https://mlops-project-db.s3.eu-west-1.amazonaws.com/movie_recommandation/README.txt
2025-06-09 11:36:03,208 - root - INFO - ✅ Gespeichert unter: /opt/***/data/raw/README.txt
2025-06-09 11:36:03,209 - root - INFO - ⬇️  Lade herunter: https://mlops-project-db.s3.eu-west-1.amazonaws.com/movie_recommandation/tags.csv
2025-06-09 11:36:05,926 - root - INFO - ✅ Gespeichert unter: /opt/***/data/raw/tags.csv
2025-06-09 11:36:05,929 - root - INFO - ✅ Rohdatenprüfung abgeschlossen.

[2025-06-09T11:36:05.973+0000] {python.py:201} INFO - Done. Returned value was: None
[2025-06-09T11:36:05.986+0000] {taskinstance.py:1138} INFO - Marking task as SUCCESS. dag_id=deep_models_pipeline, task_id=import_raw_data, execution_date=20250609T113420, start_date=20250609T113421, end_date=20250609T113605
[2025-06-09T11:36:06.005+0000] {local_task_job_runner.py:234} INFO - Task exited with return code 0
[2025-06-09T11:36:06.030+0000] {taskinstance.py:3280} INFO - 1 downstream tasks scheduled from follow-on schedule check
