[2025-06-07T17:17:52.895+0000] {taskinstance.py:1956} INFO - Dependencies all met for dep_context=non-requeueable deps ti=<TaskInstance: deep_models_pipeline.train_deep_hybrid_model manual__2025-06-07T17:17:51.713134+00:00 [queued]>
[2025-06-07T17:17:52.901+0000] {taskinstance.py:1956} INFO - Dependencies all met for dep_context=requeueable deps ti=<TaskInstance: deep_models_pipeline.train_deep_hybrid_model manual__2025-06-07T17:17:51.713134+00:00 [queued]>
[2025-06-07T17:17:52.902+0000] {taskinstance.py:2170} INFO - Starting attempt 1 of 3
[2025-06-07T17:17:52.912+0000] {taskinstance.py:2191} INFO - Executing <Task(PythonOperator): train_deep_hybrid_model> on 2025-06-07 17:17:51.713134+00:00
[2025-06-07T17:17:52.919+0000] {standard_task_runner.py:60} INFO - Started process 200 to run task
[2025-06-07T17:17:52.923+0000] {standard_task_runner.py:87} INFO - Running: ['***', 'tasks', 'run', 'deep_models_pipeline', 'train_deep_hybrid_model', 'manual__2025-06-07T17:17:51.713134+00:00', '--job-id', '2513', '--raw', '--subdir', 'DAGS_FOLDER/train_deep_model_dag.py', '--cfg-path', '/tmp/tmp_5obkort']
[2025-06-07T17:17:52.925+0000] {standard_task_runner.py:88} INFO - Job 2513: Subtask train_deep_hybrid_model
[2025-06-07T17:17:52.967+0000] {task_command.py:423} INFO - Running <TaskInstance: deep_models_pipeline.train_deep_hybrid_model manual__2025-06-07T17:17:51.713134+00:00 [running]> on host 5eaa5bf972f1
[2025-06-07T17:17:53.041+0000] {taskinstance.py:2480} INFO - Exporting env vars: AIRFLOW_CTX_DAG_OWNER='***' AIRFLOW_CTX_DAG_ID='deep_models_pipeline' AIRFLOW_CTX_TASK_ID='train_deep_hybrid_model' AIRFLOW_CTX_EXECUTION_DATE='2025-06-07T17:17:51.713134+00:00' AIRFLOW_CTX_TRY_NUMBER='1' AIRFLOW_CTX_DAG_RUN_ID='manual__2025-06-07T17:17:51.713134+00:00'
[2025-06-07T17:17:53.042+0000] {train_deep_model_dag.py:13} INFO - 🟦 Running command: python /opt/***/src/models/train_hybrid_deep_model.py --n_neighbors=15 --latent_dim=32 --epochs=30 --tfidf_features=300
[2025-06-07T17:19:17.608+0000] {train_deep_model_dag.py:20} INFO - 🟩 [stdout]:
🏃 View run train_hybrid_deep_model at: https://dagshub.com/sacer11/MLOps_movie_rec_apr25.mlflow/#/experiments/10/runs/42420f93611246b5b6e9d1109a5a22ba
🧪 View experiment at: https://dagshub.com/sacer11/MLOps_movie_rec_apr25.mlflow/#/experiments/10

[2025-06-07T17:19:17.608+0000] {train_deep_model_dag.py:22} WARNING - 🟨 [stderr]:
2025-06-07 17:18:01,583 - __main__ - INFO - 📥 Lade Rohdaten und baue Hybrid-Feature-Matrix ...
2025-06-07 17:18:08,121 - __main__ - INFO - 📐 Hybrid-Matrix erstellt mit Shape: (10381, 1429), Feature-Namen: 1429
2025-06-07 17:18:23,390 - __main__ - INFO - 💾 Hybrid-Matrix gespeichert unter /opt/***/data/processed/hybrid_matrix.csv
2025-06-07 17:18:23,455 - __main__ - INFO - 🚀 Starte Training Autoencoder ...
2025-06-07 17:18:25,116 - __main__ - INFO - Epoch 1/30: Loss = 0.0121
2025-06-07 17:18:25,541 - __main__ - INFO - Epoch 2/30: Loss = 0.0071
2025-06-07 17:18:25,904 - __main__ - INFO - Epoch 3/30: Loss = 0.0061
2025-06-07 17:18:26,377 - __main__ - INFO - Epoch 4/30: Loss = 0.0057
2025-06-07 17:18:26,753 - __main__ - INFO - Epoch 5/30: Loss = 0.0054
2025-06-07 17:18:27,215 - __main__ - INFO - Epoch 6/30: Loss = 0.0053
2025-06-07 17:18:27,571 - __main__ - INFO - Epoch 7/30: Loss = 0.0051
2025-06-07 17:18:28,050 - __main__ - INFO - Epoch 8/30: Loss = 0.0050
2025-06-07 17:18:28,329 - __main__ - INFO - Epoch 9/30: Loss = 0.0049
2025-06-07 17:18:28,627 - __main__ - INFO - Epoch 10/30: Loss = 0.0049
2025-06-07 17:18:28,922 - __main__ - INFO - Epoch 11/30: Loss = 0.0048
2025-06-07 17:18:29,196 - __main__ - INFO - Epoch 12/30: Loss = 0.0048
2025-06-07 17:18:29,486 - __main__ - INFO - Epoch 13/30: Loss = 0.0047
2025-06-07 17:18:29,801 - __main__ - INFO - Epoch 14/30: Loss = 0.0047
2025-06-07 17:18:30,087 - __main__ - INFO - Epoch 15/30: Loss = 0.0047
2025-06-07 17:18:30,351 - __main__ - INFO - Epoch 16/30: Loss = 0.0046
2025-06-07 17:18:30,658 - __main__ - INFO - Epoch 17/30: Loss = 0.0046
2025-06-07 17:18:30,923 - __main__ - INFO - Epoch 18/30: Loss = 0.0046
2025-06-07 17:18:31,185 - __main__ - INFO - Epoch 19/30: Loss = 0.0046
2025-06-07 17:18:31,456 - __main__ - INFO - Epoch 20/30: Loss = 0.0045
2025-06-07 17:18:31,728 - __main__ - INFO - Epoch 21/30: Loss = 0.0045
2025-06-07 17:18:32,020 - __main__ - INFO - Epoch 22/30: Loss = 0.0045
2025-06-07 17:18:32,321 - __main__ - INFO - Epoch 23/30: Loss = 0.0045
2025-06-07 17:18:32,630 - __main__ - INFO - Epoch 24/30: Loss = 0.0045
2025-06-07 17:18:32,921 - __main__ - INFO - Epoch 25/30: Loss = 0.0044
2025-06-07 17:18:33,198 - __main__ - INFO - Epoch 26/30: Loss = 0.0044
2025-06-07 17:18:33,479 - __main__ - INFO - Epoch 27/30: Loss = 0.0044
2025-06-07 17:18:33,750 - __main__ - INFO - Epoch 28/30: Loss = 0.0044
2025-06-07 17:18:34,026 - __main__ - INFO - Epoch 29/30: Loss = 0.0044
2025-06-07 17:18:34,282 - __main__ - INFO - Epoch 30/30: Loss = 0.0044
2025-06-07 17:18:34,522 - __main__ - INFO - ✅ Hybrid-Embeddings gespeichert unter /opt/***/data/processed/hybrid_deep_embedding.csv
2025-06-07 17:18:34,522 - __main__ - INFO - ✅ Hybrid-Embeddings gespeichert unter /opt/***/data/processed/hybrid_deep_embedding.csv
2025-06-07 17:18:34,532 - __main__ - INFO - ✅ Deep KNN Modell gespeichert unter /opt/***/models/hybrid_deep_knn.pkl
2025/06/07 17:18:52 INFO mlflow.pyfunc: Validating input example against model signature

Downloading artifacts:   0%|          | 0/1 [00:00<?, ?it/s]
Downloading artifacts: 100%|██████████| 1/1 [00:00<00:00, 82.32it/s]
Downloading artifacts: 100%|██████████| 1/1 [00:00<00:00, 81.32it/s]
Registered model 'hybrid_deep_model' already exists. Creating a new version of this model...
2025/06/07 17:19:03 INFO mlflow.store.model_registry.abstract_store: Waiting up to 300 seconds for model version to finish creation. Model name: hybrid_deep_model, version 12
Created version '12' of model 'hybrid_deep_model'.
2025-06-07 17:19:14,462 - __main__ - INFO - 📝 Tags für Modellversion 12 gesetzt: n_neighbors=15, latent_dim=32
2025-06-07 17:19:16,465 - __main__ - INFO - 🏁 Deep Hybrid-Model Training abgeschlossen und geloggt.

[2025-06-07T17:19:17.609+0000] {python.py:201} INFO - Done. Returned value was: None
[2025-06-07T17:19:17.619+0000] {taskinstance.py:1138} INFO - Marking task as SUCCESS. dag_id=deep_models_pipeline, task_id=train_deep_hybrid_model, execution_date=20250607T171751, start_date=20250607T171752, end_date=20250607T171917
[2025-06-07T17:19:17.642+0000] {local_task_job_runner.py:234} INFO - Task exited with return code 0
[2025-06-07T17:19:17.656+0000] {taskinstance.py:3280} INFO - 0 downstream tasks scheduled from follow-on schedule check
