[2025-06-12T02:24:05.814+0000] {taskinstance.py:1956} INFO - Dependencies all met for dep_context=non-requeueable deps ti=<TaskInstance: deep_models_pipeline.train_deep_hybrid_model manual__2025-06-12T02:24:00.724996+00:00 [queued]>
[2025-06-12T02:24:05.820+0000] {taskinstance.py:1956} INFO - Dependencies all met for dep_context=requeueable deps ti=<TaskInstance: deep_models_pipeline.train_deep_hybrid_model manual__2025-06-12T02:24:00.724996+00:00 [queued]>
[2025-06-12T02:24:05.820+0000] {taskinstance.py:2170} INFO - Starting attempt 1 of 3
[2025-06-12T02:24:05.830+0000] {taskinstance.py:2191} INFO - Executing <Task(PythonOperator): train_deep_hybrid_model> on 2025-06-12 02:24:00.724996+00:00
[2025-06-12T02:24:05.838+0000] {standard_task_runner.py:60} INFO - Started process 355 to run task
[2025-06-12T02:24:05.840+0000] {standard_task_runner.py:87} INFO - Running: ['***', 'tasks', 'run', 'deep_models_pipeline', 'train_deep_hybrid_model', 'manual__2025-06-12T02:24:00.724996+00:00', '--job-id', '3786', '--raw', '--subdir', 'DAGS_FOLDER/train_deep_model_dag.py', '--cfg-path', '/tmp/tmpyqa4vqps']
[2025-06-12T02:24:05.841+0000] {standard_task_runner.py:88} INFO - Job 3786: Subtask train_deep_hybrid_model
[2025-06-12T02:24:05.872+0000] {task_command.py:423} INFO - Running <TaskInstance: deep_models_pipeline.train_deep_hybrid_model manual__2025-06-12T02:24:00.724996+00:00 [running]> on host 7b6d86f9fb84
[2025-06-12T02:24:05.939+0000] {taskinstance.py:2480} INFO - Exporting env vars: AIRFLOW_CTX_DAG_OWNER='***' AIRFLOW_CTX_DAG_ID='deep_models_pipeline' AIRFLOW_CTX_TASK_ID='train_deep_hybrid_model' AIRFLOW_CTX_EXECUTION_DATE='2025-06-12T02:24:00.724996+00:00' AIRFLOW_CTX_TRY_NUMBER='1' AIRFLOW_CTX_DAG_RUN_ID='manual__2025-06-12T02:24:00.724996+00:00'
[2025-06-12T02:24:05.940+0000] {train_deep_model_dag.py:13} INFO - 🟦 Running command: python /opt/***/src/models/train_hybrid_deep_model.py --n_neighbors=10 --latent_dim=64 --epochs=30 --tfidf_features=300
[2025-06-12T02:25:12.600+0000] {train_deep_model_dag.py:20} INFO - 🟩 [stdout]:
🏃 View run train_hybrid_deep_model at: https://dagshub.com/sacer11/MLOps_movie_rec_apr25.mlflow/#/experiments/10/runs/9d13639161cd48188bce418e91e7e0ea
🧪 View experiment at: https://dagshub.com/sacer11/MLOps_movie_rec_apr25.mlflow/#/experiments/10

[2025-06-12T02:25:12.601+0000] {train_deep_model_dag.py:22} WARNING - 🟨 [stderr]:
2025-06-12 02:24:10,939 - __main__ - INFO - 📥 Lade Rohdaten und baue Hybrid-Feature-Matrix ...
2025-06-12 02:24:17,673 - __main__ - INFO - 📐 Hybrid-Matrix erstellt mit Shape: (10381, 1429), Feature-Namen: 1429
2025-06-12 02:24:28,095 - __main__ - INFO - 💾 Hybrid-Matrix gespeichert unter /opt/***/data/processed/hybrid_matrix.csv
2025-06-12 02:24:28,231 - __main__ - INFO - 🚀 Starte Training Autoencoder ...
2025-06-12 02:24:29,523 - __main__ - INFO - Epoch 1/30: Loss = 0.0121
2025-06-12 02:24:29,819 - __main__ - INFO - Epoch 2/30: Loss = 0.0070
2025-06-12 02:24:30,173 - __main__ - INFO - Epoch 3/30: Loss = 0.0059
2025-06-12 02:24:30,454 - __main__ - INFO - Epoch 4/30: Loss = 0.0055
2025-06-12 02:24:30,737 - __main__ - INFO - Epoch 5/30: Loss = 0.0052
2025-06-12 02:24:31,028 - __main__ - INFO - Epoch 6/30: Loss = 0.0050
2025-06-12 02:24:31,391 - __main__ - INFO - Epoch 7/30: Loss = 0.0048
2025-06-12 02:24:31,710 - __main__ - INFO - Epoch 8/30: Loss = 0.0047
2025-06-12 02:24:32,060 - __main__ - INFO - Epoch 9/30: Loss = 0.0046
2025-06-12 02:24:32,398 - __main__ - INFO - Epoch 10/30: Loss = 0.0045
2025-06-12 02:24:32,669 - __main__ - INFO - Epoch 11/30: Loss = 0.0044
2025-06-12 02:24:32,948 - __main__ - INFO - Epoch 12/30: Loss = 0.0044
2025-06-12 02:24:33,259 - __main__ - INFO - Epoch 13/30: Loss = 0.0043
2025-06-12 02:24:33,560 - __main__ - INFO - Epoch 14/30: Loss = 0.0043
2025-06-12 02:24:33,851 - __main__ - INFO - Epoch 15/30: Loss = 0.0042
2025-06-12 02:24:34,168 - __main__ - INFO - Epoch 16/30: Loss = 0.0042
2025-06-12 02:24:34,432 - __main__ - INFO - Epoch 17/30: Loss = 0.0041
2025-06-12 02:24:34,748 - __main__ - INFO - Epoch 18/30: Loss = 0.0041
2025-06-12 02:24:35,048 - __main__ - INFO - Epoch 19/30: Loss = 0.0041
2025-06-12 02:24:35,452 - __main__ - INFO - Epoch 20/30: Loss = 0.0041
2025-06-12 02:24:35,757 - __main__ - INFO - Epoch 21/30: Loss = 0.0040
2025-06-12 02:24:36,104 - __main__ - INFO - Epoch 22/30: Loss = 0.0040
2025-06-12 02:24:36,365 - __main__ - INFO - Epoch 23/30: Loss = 0.0040
2025-06-12 02:24:36,610 - __main__ - INFO - Epoch 24/30: Loss = 0.0040
2025-06-12 02:24:36,933 - __main__ - INFO - Epoch 25/30: Loss = 0.0040
2025-06-12 02:24:37,237 - __main__ - INFO - Epoch 26/30: Loss = 0.0039
2025-06-12 02:24:37,541 - __main__ - INFO - Epoch 27/30: Loss = 0.0039
2025-06-12 02:24:37,898 - __main__ - INFO - Epoch 28/30: Loss = 0.0039
2025-06-12 02:24:38,219 - __main__ - INFO - Epoch 29/30: Loss = 0.0039
2025-06-12 02:24:38,498 - __main__ - INFO - Epoch 30/30: Loss = 0.0039
2025-06-12 02:24:38,948 - __main__ - INFO - ✅ Hybrid-Embeddings gespeichert unter /opt/***/data/processed/hybrid_deep_embedding.csv
2025-06-12 02:24:38,948 - __main__ - INFO - ✅ Hybrid-Embeddings gespeichert unter /opt/***/data/processed/hybrid_deep_embedding.csv
2025-06-12 02:24:38,965 - __main__ - INFO - ✅ Deep KNN Modell gespeichert unter /opt/***/models/hybrid_deep_knn.pkl
2025/06/12 02:24:49 INFO mlflow.pyfunc: Validating input example against model signature

Downloading artifacts:   0%|          | 0/1 [00:00<?, ?it/s]
Downloading artifacts: 100%|██████████| 1/1 [00:00<00:00, 54.20it/s]
Downloading artifacts: 100%|██████████| 1/1 [00:00<00:00, 53.68it/s]
Registered model 'hybrid_deep_model' already exists. Creating a new version of this model...
2025/06/12 02:25:00 INFO mlflow.store.model_registry.abstract_store: Waiting up to 300 seconds for model version to finish creation. Model name: hybrid_deep_model, version 109
Created version '109' of model 'hybrid_deep_model'.
2025-06-12 02:25:09,305 - __main__ - INFO - 📝 Tags für Modellversion 109 gesetzt: n_neighbors=10, latent_dim=64, tfidf_features=300, epochs=30
2025-06-12 02:25:11,305 - __main__ - INFO - 🏁 Deep Hybrid-Model Training abgeschlossen und geloggt.

[2025-06-12T02:25:12.602+0000] {python.py:201} INFO - Done. Returned value was: None
[2025-06-12T02:25:12.611+0000] {taskinstance.py:1138} INFO - Marking task as SUCCESS. dag_id=deep_models_pipeline, task_id=train_deep_hybrid_model, execution_date=20250612T022400, start_date=20250612T022405, end_date=20250612T022512
[2025-06-12T02:25:12.637+0000] {local_task_job_runner.py:234} INFO - Task exited with return code 0
[2025-06-12T02:25:12.657+0000] {taskinstance.py:3280} INFO - 1 downstream tasks scheduled from follow-on schedule check
