[2025-06-08T19:27:25.340+0000] {taskinstance.py:1956} INFO - Dependencies all met for dep_context=non-requeueable deps ti=<TaskInstance: deep_models_pipeline.predict_best_model manual__2025-06-08T19:25:47.846272+00:00 [queued]>
[2025-06-08T19:27:25.347+0000] {taskinstance.py:1956} INFO - Dependencies all met for dep_context=requeueable deps ti=<TaskInstance: deep_models_pipeline.predict_best_model manual__2025-06-08T19:25:47.846272+00:00 [queued]>
[2025-06-08T19:27:25.348+0000] {taskinstance.py:2170} INFO - Starting attempt 1 of 3
[2025-06-08T19:27:25.359+0000] {taskinstance.py:2191} INFO - Executing <Task(PythonOperator): predict_best_model> on 2025-06-08 19:25:47.846272+00:00
[2025-06-08T19:27:25.365+0000] {standard_task_runner.py:60} INFO - Started process 635 to run task
[2025-06-08T19:27:25.367+0000] {standard_task_runner.py:87} INFO - Running: ['***', 'tasks', 'run', 'deep_models_pipeline', 'predict_best_model', 'manual__2025-06-08T19:25:47.846272+00:00', '--job-id', '3374', '--raw', '--subdir', 'DAGS_FOLDER/train_deep_model_dag.py', '--cfg-path', '/tmp/tmp0jd3370f']
[2025-06-08T19:27:25.369+0000] {standard_task_runner.py:88} INFO - Job 3374: Subtask predict_best_model
[2025-06-08T19:27:25.404+0000] {task_command.py:423} INFO - Running <TaskInstance: deep_models_pipeline.predict_best_model manual__2025-06-08T19:25:47.846272+00:00 [running]> on host a5eea76d27d4
[2025-06-08T19:27:25.468+0000] {taskinstance.py:2480} INFO - Exporting env vars: AIRFLOW_CTX_DAG_OWNER='***' AIRFLOW_CTX_DAG_ID='deep_models_pipeline' AIRFLOW_CTX_TASK_ID='predict_best_model' AIRFLOW_CTX_EXECUTION_DATE='2025-06-08T19:25:47.846272+00:00' AIRFLOW_CTX_TRY_NUMBER='1' AIRFLOW_CTX_DAG_RUN_ID='manual__2025-06-08T19:25:47.846272+00:00'
[2025-06-08T19:27:25.469+0000] {train_deep_model_dag.py:13} INFO - 🟦 Running command: python /opt/***/src/models/predict_best_model.py
[2025-06-08T19:27:49.534+0000] {train_deep_model_dag.py:20} INFO - 🟩 [stdout]:
🏃 View run predict_best_model_hybrid_deep at: https://dagshub.com/sacer11/MLOps_movie_rec_apr25.mlflow/#/experiments/11/runs/6781b7307aae4a50af931793b1ea25a0
🧪 View experiment at: https://dagshub.com/sacer11/MLOps_movie_rec_apr25.mlflow/#/experiments/11

[2025-06-08T19:27:49.535+0000] {train_deep_model_dag.py:22} WARNING - 🟨 [stderr]:
2025-06-08 19:27:27,460 - INFO - 🚀 Starte Prediction für hybrid_deep_model über MLflow Registry
2025-06-08 19:27:27,460 - INFO - 📦 Lade Modell: models:/hybrid_deep_model@best_model

Downloading artifacts:   0%|          | 0/8 [00:00<?, ?it/s]
Downloading artifacts:  12%|█▎        | 1/8 [00:00<00:00, 10034.22it/s]
Downloading artifacts:  25%|██▌       | 2/8 [00:00<00:02,  2.21it/s]   
Downloading artifacts:  25%|██▌       | 2/8 [00:00<00:02,  2.21it/s]
Downloading artifacts:  38%|███▊      | 3/8 [00:02<00:03,  1.28it/s]
Downloading artifacts:  38%|███▊      | 3/8 [00:02<00:03,  1.28it/s]
Downloading artifacts:  50%|█████     | 4/8 [00:02<00:03,  1.31it/s]
Downloading artifacts:  50%|█████     | 4/8 [00:02<00:03,  1.31it/s]
Downloading artifacts:  62%|██████▎   | 5/8 [00:04<00:03,  1.09s/it]
Downloading artifacts:  62%|██████▎   | 5/8 [00:04<00:03,  1.09s/it]
Downloading artifacts:  75%|███████▌  | 6/8 [00:04<00:01,  1.21it/s]
Downloading artifacts:  75%|███████▌  | 6/8 [00:04<00:01,  1.21it/s]
Downloading artifacts:  88%|████████▊ | 7/8 [00:05<00:00,  1.12it/s]
Downloading artifacts:  88%|████████▊ | 7/8 [00:05<00:00,  1.12it/s]
Downloading artifacts: 100%|██████████| 8/8 [00:06<00:00,  1.06it/s]
Downloading artifacts: 100%|██████████| 8/8 [00:06<00:00,  1.06it/s]
Downloading artifacts: 100%|██████████| 8/8 [00:06<00:00,  1.15it/s]
2025-06-08 19:27:40,068 - INFO - 📥 Embedding geladen: /opt/***/data/processed/hybrid_deep_embedding_best.csv – Shape: (10381, 32)
2025-06-08 19:27:40,185 - INFO - 💾 Vorhersagen gespeichert unter: /opt/***/data/processed/predictions_hybrid_deep_model.csv
2025-06-08 19:27:49,003 - INFO - ✅ Predictions erfolgreich in MLflow geloggt

[2025-06-08T19:27:49.535+0000] {python.py:201} INFO - Done. Returned value was: None
[2025-06-08T19:27:49.544+0000] {taskinstance.py:1138} INFO - Marking task as SUCCESS. dag_id=deep_models_pipeline, task_id=predict_best_model, execution_date=20250608T192547, start_date=20250608T192725, end_date=20250608T192749
[2025-06-08T19:27:49.588+0000] {local_task_job_runner.py:234} INFO - Task exited with return code 0
[2025-06-08T19:27:49.601+0000] {taskinstance.py:3280} INFO - 0 downstream tasks scheduled from follow-on schedule check
