[2025-06-04T07:17:45.625+0000] {taskinstance.py:1956} INFO - Dependencies all met for dep_context=non-requeueable deps ti=<TaskInstance: movie_recommendation_pipeline.dvc_pull_all manual__2025-06-04T07:12:00.425638+00:00 [queued]>
[2025-06-04T07:17:45.632+0000] {taskinstance.py:1956} INFO - Dependencies all met for dep_context=requeueable deps ti=<TaskInstance: movie_recommendation_pipeline.dvc_pull_all manual__2025-06-04T07:12:00.425638+00:00 [queued]>
[2025-06-04T07:17:45.633+0000] {taskinstance.py:2170} INFO - Starting attempt 1 of 3
[2025-06-04T07:17:45.644+0000] {taskinstance.py:2191} INFO - Executing <Task(PythonOperator): dvc_pull_all> on 2025-06-04 07:12:00.425638+00:00
[2025-06-04T07:17:45.651+0000] {standard_task_runner.py:60} INFO - Started process 1796 to run task
[2025-06-04T07:17:45.653+0000] {standard_task_runner.py:87} INFO - Running: ['***', 'tasks', 'run', 'movie_recommendation_pipeline', 'dvc_pull_all', 'manual__2025-06-04T07:12:00.425638+00:00', '--job-id', '1823', '--raw', '--subdir', 'DAGS_FOLDER/mlops_movie_dag.py', '--cfg-path', '/tmp/tmpbcxelu6d']
[2025-06-04T07:17:45.654+0000] {standard_task_runner.py:88} INFO - Job 1823: Subtask dvc_pull_all
[2025-06-04T07:17:45.688+0000] {task_command.py:423} INFO - Running <TaskInstance: movie_recommendation_pipeline.dvc_pull_all manual__2025-06-04T07:12:00.425638+00:00 [running]> on host e71253cfdb88
[2025-06-04T07:17:45.745+0000] {taskinstance.py:2480} INFO - Exporting env vars: AIRFLOW_CTX_DAG_OWNER='***' AIRFLOW_CTX_DAG_ID='movie_recommendation_pipeline' AIRFLOW_CTX_TASK_ID='dvc_pull_all' AIRFLOW_CTX_EXECUTION_DATE='2025-06-04T07:12:00.425638+00:00' AIRFLOW_CTX_TRY_NUMBER='1' AIRFLOW_CTX_DAG_RUN_ID='manual__2025-06-04T07:12:00.425638+00:00'
[2025-06-04T07:17:45.746+0000] {mlops_movie_dag.py:12} INFO - 游릱 Running command: dvc pull /opt/***/models/hybrid_model.pkl
[2025-06-04T07:17:57.849+0000] {mlops_movie_dag.py:19} INFO - 游릴 [stdout]:
Everything is up to date.

[2025-06-04T07:17:57.850+0000] {mlops_movie_dag.py:12} INFO - 游릱 Running command: dvc pull /opt/***/data/processed/hybrid_matrix.csv
[2025-06-04T07:18:10.025+0000] {mlops_movie_dag.py:19} INFO - 游릴 [stdout]:
Everything is up to date.

[2025-06-04T07:18:10.026+0000] {mlops_movie_dag.py:12} INFO - 游릱 Running command: dvc pull /opt/***/data/processed/hybrid_matrix_features.txt
[2025-06-04T07:18:22.145+0000] {mlops_movie_dag.py:19} INFO - 游릴 [stdout]:
Everything is up to date.

[2025-06-04T07:18:22.146+0000] {mlops_movie_dag.py:12} INFO - 游릱 Running command: dvc pull /opt/***/models/user_model.pkl
[2025-06-04T07:18:34.238+0000] {mlops_movie_dag.py:19} INFO - 游릴 [stdout]:
Everything is up to date.

[2025-06-04T07:18:34.238+0000] {mlops_movie_dag.py:12} INFO - 游릱 Running command: dvc pull /opt/***/data/processed/user_matrix.csv
[2025-06-04T07:18:45.796+0000] {mlops_movie_dag.py:19} INFO - 游릴 [stdout]:
Everything is up to date.

[2025-06-04T07:18:45.797+0000] {mlops_movie_dag.py:12} INFO - 游릱 Running command: dvc pull /opt/***/data/processed/user_matrix_features.txt
[2025-06-04T07:18:57.639+0000] {mlops_movie_dag.py:19} INFO - 游릴 [stdout]:
Everything is up to date.

[2025-06-04T07:18:57.640+0000] {python.py:201} INFO - Done. Returned value was: None
[2025-06-04T07:18:57.650+0000] {taskinstance.py:1138} INFO - Marking task as SUCCESS. dag_id=movie_recommendation_pipeline, task_id=dvc_pull_all, execution_date=20250604T071200, start_date=20250604T071745, end_date=20250604T071857
[2025-06-04T07:18:57.702+0000] {local_task_job_runner.py:234} INFO - Task exited with return code 0
[2025-06-04T07:18:57.724+0000] {taskinstance.py:3280} INFO - 1 downstream tasks scheduled from follow-on schedule check
