[2025-06-01T19:42:08.658+0000] {taskinstance.py:1956} INFO - Dependencies all met for dep_context=non-requeueable deps ti=<TaskInstance: movie_recommendation_pipeline.predict_best_model manual__2025-06-01T19:33:09.649118+00:00 [queued]>
[2025-06-01T19:42:08.667+0000] {taskinstance.py:1956} INFO - Dependencies all met for dep_context=requeueable deps ti=<TaskInstance: movie_recommendation_pipeline.predict_best_model manual__2025-06-01T19:33:09.649118+00:00 [queued]>
[2025-06-01T19:42:08.668+0000] {taskinstance.py:2170} INFO - Starting attempt 3 of 3
[2025-06-01T19:42:08.680+0000] {taskinstance.py:2191} INFO - Executing <Task(PythonOperator): predict_best_model> on 2025-06-01 19:33:09.649118+00:00
[2025-06-01T19:42:08.688+0000] {standard_task_runner.py:60} INFO - Started process 918 to run task
[2025-06-01T19:42:08.690+0000] {standard_task_runner.py:87} INFO - Running: ['***', 'tasks', 'run', 'movie_recommendation_pipeline', 'predict_best_model', 'manual__2025-06-01T19:33:09.649118+00:00', '--job-id', '1247', '--raw', '--subdir', 'DAGS_FOLDER/mlops_movie_dag.py', '--cfg-path', '/tmp/tmpehh837qx']
[2025-06-01T19:42:08.692+0000] {standard_task_runner.py:88} INFO - Job 1247: Subtask predict_best_model
[2025-06-01T19:42:08.727+0000] {task_command.py:423} INFO - Running <TaskInstance: movie_recommendation_pipeline.predict_best_model manual__2025-06-01T19:33:09.649118+00:00 [running]> on host 7b5591149ab9
[2025-06-01T19:42:08.802+0000] {taskinstance.py:2480} INFO - Exporting env vars: AIRFLOW_CTX_DAG_OWNER='***' AIRFLOW_CTX_DAG_ID='movie_recommendation_pipeline' AIRFLOW_CTX_TASK_ID='predict_best_model' AIRFLOW_CTX_EXECUTION_DATE='2025-06-01T19:33:09.649118+00:00' AIRFLOW_CTX_TRY_NUMBER='3' AIRFLOW_CTX_DAG_RUN_ID='manual__2025-06-01T19:33:09.649118+00:00'
[2025-06-01T19:42:08.804+0000] {mlops_movie_dag.py:12} INFO - 🟦 Running command: python /opt/***/src/models/predict_best_model.py
[2025-06-01T19:42:12.842+0000] {mlops_movie_dag.py:18} INFO - 🟩 [stdout]:

[2025-06-01T19:42:12.842+0000] {mlops_movie_dag.py:20} WARNING - 🟨 [stderr]:
2025-06-01 19:42:10,893 - INFO - 🚀 Starte Vorhersage mit MLflow Registry & DVC-Modell
2025-06-01 19:42:11,371 - INFO - 📥 User-Matrix geladen: /opt/***/data/processed/user_matrix.csv – Shape: (138493, 20)
2025-06-01 19:42:11,570 - INFO - 🔎 Bestes Modell laut Registry: Typ=hybrid, Version=97
2025-06-01 19:42:11,572 - INFO - 📦 Modell bereits lokal vorhanden: /opt/***/models/hybrid_model.pkl
2025-06-01 19:42:12,544 - INFO - 📦 Modell geladen: /opt/***/models/hybrid_model.pkl
/home/***/.local/lib/python3.10/site-packages/sklearn/base.py:458: UserWarning: X has feature names, but NearestNeighbors was fitted without feature names
  warnings.warn(
2025-06-01 19:42:12,546 - ERROR - ❌ Fehler bei der Vorhersage oder dem Logging: X has 20 features, but NearestNeighbors is expecting 1428 features as input.
Traceback (most recent call last):
  File "/opt/***/src/models/predict_best_model.py", line 126, in <module>
    predict_best_model()
  File "/opt/***/src/models/predict_best_model.py", line 98, in predict_best_model
    _, predictions = model.kneighbors(input_df)
  File "/home/***/.local/lib/python3.10/site-packages/sklearn/neighbors/_base.py", line 804, in kneighbors
    X = self._validate_data(X, accept_sparse="csr", reset=False, order="C")
  File "/home/***/.local/lib/python3.10/site-packages/sklearn/base.py", line 626, in _validate_data
    self._check_n_features(X, reset=reset)
  File "/home/***/.local/lib/python3.10/site-packages/sklearn/base.py", line 415, in _check_n_features
    raise ValueError(
ValueError: X has 20 features, but NearestNeighbors is expecting 1428 features as input.

[2025-06-01T19:42:12.843+0000] {mlops_movie_dag.py:22} ERROR - ❌ Subprozess-Fehler (exit code 1): python /opt/***/src/models/predict_best_model.py
[2025-06-01T19:42:12.843+0000] {mlops_movie_dag.py:25} ERROR - ❌ Subprozess-Ausnahme: Command '['python', '/opt/***/src/models/predict_best_model.py']' returned non-zero exit status 1.
[2025-06-01T19:42:12.844+0000] {taskinstance.py:2698} ERROR - Task failed with exception
Traceback (most recent call last):
  File "/home/airflow/.local/lib/python3.10/site-packages/airflow/models/taskinstance.py", line 433, in _execute_task
    result = execute_callable(context=context, **execute_callable_kwargs)
  File "/home/airflow/.local/lib/python3.10/site-packages/airflow/operators/python.py", line 199, in execute
    return_value = self.execute_callable()
  File "/home/airflow/.local/lib/python3.10/site-packages/airflow/operators/python.py", line 216, in execute_callable
    return self.python_callable(*self.op_args, **self.op_kwargs)
  File "/opt/airflow/dags/mlops_movie_dag.py", line 47, in run_predict_best_model
    run_and_log(["python", "/opt/airflow/src/models/predict_best_model.py"])
  File "/opt/airflow/dags/mlops_movie_dag.py", line 23, in run_and_log
    raise subprocess.CalledProcessError(result.returncode, command)
subprocess.CalledProcessError: Command '['python', '/opt/airflow/src/models/predict_best_model.py']' returned non-zero exit status 1.
[2025-06-01T19:42:12.855+0000] {taskinstance.py:1138} INFO - Marking task as FAILED. dag_id=movie_recommendation_pipeline, task_id=predict_best_model, execution_date=20250601T193309, start_date=20250601T194208, end_date=20250601T194212
[2025-06-01T19:42:12.864+0000] {standard_task_runner.py:107} ERROR - Failed to execute job 1247 for task predict_best_model (Command '['python', '/opt/airflow/src/models/predict_best_model.py']' returned non-zero exit status 1.; 918)
[2025-06-01T19:42:12.880+0000] {local_task_job_runner.py:234} INFO - Task exited with return code 1
[2025-06-01T19:42:12.893+0000] {taskinstance.py:3280} INFO - 0 downstream tasks scheduled from follow-on schedule check
