[2025-06-01T19:38:19.301+0000] {taskinstance.py:1956} INFO - Dependencies all met for dep_context=non-requeueable deps ti=<TaskInstance: movie_recommendation_pipeline.predict_best_model manual__2025-06-01T19:33:09.649118+00:00 [queued]>
[2025-06-01T19:38:19.310+0000] {taskinstance.py:1956} INFO - Dependencies all met for dep_context=requeueable deps ti=<TaskInstance: movie_recommendation_pipeline.predict_best_model manual__2025-06-01T19:33:09.649118+00:00 [queued]>
[2025-06-01T19:38:19.310+0000] {taskinstance.py:2170} INFO - Starting attempt 1 of 3
[2025-06-01T19:38:19.320+0000] {taskinstance.py:2191} INFO - Executing <Task(PythonOperator): predict_best_model> on 2025-06-01 19:33:09.649118+00:00
[2025-06-01T19:38:19.327+0000] {standard_task_runner.py:60} INFO - Started process 746 to run task
[2025-06-01T19:38:19.329+0000] {standard_task_runner.py:87} INFO - Running: ['***', 'tasks', 'run', 'movie_recommendation_pipeline', 'predict_best_model', 'manual__2025-06-01T19:33:09.649118+00:00', '--job-id', '1245', '--raw', '--subdir', 'DAGS_FOLDER/mlops_movie_dag.py', '--cfg-path', '/tmp/tmp8gwed2d1']
[2025-06-01T19:38:19.331+0000] {standard_task_runner.py:88} INFO - Job 1245: Subtask predict_best_model
[2025-06-01T19:38:19.363+0000] {task_command.py:423} INFO - Running <TaskInstance: movie_recommendation_pipeline.predict_best_model manual__2025-06-01T19:33:09.649118+00:00 [running]> on host 7b5591149ab9
[2025-06-01T19:38:19.417+0000] {taskinstance.py:2480} INFO - Exporting env vars: AIRFLOW_CTX_DAG_OWNER='***' AIRFLOW_CTX_DAG_ID='movie_recommendation_pipeline' AIRFLOW_CTX_TASK_ID='predict_best_model' AIRFLOW_CTX_EXECUTION_DATE='2025-06-01T19:33:09.649118+00:00' AIRFLOW_CTX_TRY_NUMBER='1' AIRFLOW_CTX_DAG_RUN_ID='manual__2025-06-01T19:33:09.649118+00:00'
[2025-06-01T19:38:19.418+0000] {mlops_movie_dag.py:12} INFO - 🟦 Running command: python /opt/***/src/models/predict_best_model.py
[2025-06-01T19:38:23.325+0000] {mlops_movie_dag.py:18} INFO - 🟩 [stdout]:

[2025-06-01T19:38:23.326+0000] {mlops_movie_dag.py:20} WARNING - 🟨 [stderr]:
2025-06-01 19:38:21,265 - INFO - 🚀 Starte Vorhersage mit MLflow Registry & DVC-Modell
2025-06-01 19:38:21,688 - INFO - 📥 User-Matrix geladen: /opt/***/data/processed/user_matrix.csv – Shape: (138493, 20)
2025-06-01 19:38:21,888 - INFO - 🔎 Bestes Modell laut Registry: Typ=hybrid, Version=97
2025-06-01 19:38:21,889 - INFO - 📦 Modell bereits lokal vorhanden: /opt/***/models/hybrid_model.pkl
2025-06-01 19:38:22,903 - INFO - 📦 Modell geladen: /opt/***/models/hybrid_model.pkl
/home/***/.local/lib/python3.10/site-packages/sklearn/base.py:458: UserWarning: X has feature names, but NearestNeighbors was fitted without feature names
  warnings.warn(
2025-06-01 19:38:22,907 - ERROR - ❌ Fehler bei der Vorhersage oder dem Logging: X has 20 features, but NearestNeighbors is expecting 1428 features as input.
Traceback (most recent call last):
  File "/opt/***/src/models/predict_best_model.py", line 126, in <module>
    predict_best_model()
  File "/opt/***/src/models/predict_best_model.py", line 98, in predict_best_model
    _, predictions = model.kneighbors(input_df)
  File "/home/***/.local/lib/python3.10/site-packages/sklearn/neighbors/_base.py", line 804, in kneighbors
    X = self._validate_data(X, accept_sparse="csr", reset=False, order="C")
  File "/home/***/.local/lib/python3.10/site-packages/sklearn/base.py", line 626, in _validate_data
    self._check_n_features(X, reset=reset)
  File "/home/***/.local/lib/python3.10/site-packages/sklearn/base.py", line 415, in _check_n_features
    raise ValueError(
ValueError: X has 20 features, but NearestNeighbors is expecting 1428 features as input.

[2025-06-01T19:38:23.326+0000] {mlops_movie_dag.py:22} ERROR - ❌ Subprozess-Fehler (exit code 1): python /opt/***/src/models/predict_best_model.py
[2025-06-01T19:38:23.327+0000] {mlops_movie_dag.py:25} ERROR - ❌ Subprozess-Ausnahme: Command '['python', '/opt/***/src/models/predict_best_model.py']' returned non-zero exit status 1.
[2025-06-01T19:38:23.327+0000] {taskinstance.py:2698} ERROR - Task failed with exception
Traceback (most recent call last):
  File "/home/airflow/.local/lib/python3.10/site-packages/airflow/models/taskinstance.py", line 433, in _execute_task
    result = execute_callable(context=context, **execute_callable_kwargs)
  File "/home/airflow/.local/lib/python3.10/site-packages/airflow/operators/python.py", line 199, in execute
    return_value = self.execute_callable()
  File "/home/airflow/.local/lib/python3.10/site-packages/airflow/operators/python.py", line 216, in execute_callable
    return self.python_callable(*self.op_args, **self.op_kwargs)
  File "/opt/airflow/dags/mlops_movie_dag.py", line 47, in run_predict_best_model
    run_and_log(["python", "/opt/airflow/src/models/predict_best_model.py"])
  File "/opt/airflow/dags/mlops_movie_dag.py", line 23, in run_and_log
    raise subprocess.CalledProcessError(result.returncode, command)
subprocess.CalledProcessError: Command '['python', '/opt/airflow/src/models/predict_best_model.py']' returned non-zero exit status 1.
[2025-06-01T19:38:23.339+0000] {taskinstance.py:1138} INFO - Marking task as UP_FOR_RETRY. dag_id=movie_recommendation_pipeline, task_id=predict_best_model, execution_date=20250601T193309, start_date=20250601T193819, end_date=20250601T193823
[2025-06-01T19:38:23.353+0000] {standard_task_runner.py:107} ERROR - Failed to execute job 1245 for task predict_best_model (Command '['python', '/opt/airflow/src/models/predict_best_model.py']' returned non-zero exit status 1.; 746)
[2025-06-01T19:38:23.398+0000] {local_task_job_runner.py:234} INFO - Task exited with return code 1
[2025-06-01T19:38:23.413+0000] {taskinstance.py:3280} INFO - 0 downstream tasks scheduled from follow-on schedule check
