[2025-06-02T08:45:30.246+0000] {taskinstance.py:1956} INFO - Dependencies all met for dep_context=non-requeueable deps ti=<TaskInstance: movie_recommendation_pipeline.cleanup_all manual__2025-06-02T08:45:05.116306+00:00 [queued]>
[2025-06-02T08:45:30.257+0000] {taskinstance.py:1956} INFO - Dependencies all met for dep_context=requeueable deps ti=<TaskInstance: movie_recommendation_pipeline.cleanup_all manual__2025-06-02T08:45:05.116306+00:00 [queued]>
[2025-06-02T08:45:30.258+0000] {taskinstance.py:2170} INFO - Starting attempt 1 of 3
[2025-06-02T08:45:30.272+0000] {taskinstance.py:2191} INFO - Executing <Task(PythonOperator): cleanup_all> on 2025-06-02 08:45:05.116306+00:00
[2025-06-02T08:45:30.279+0000] {standard_task_runner.py:60} INFO - Started process 1483 to run task
[2025-06-02T08:45:30.281+0000] {standard_task_runner.py:87} INFO - Running: ['***', 'tasks', 'run', 'movie_recommendation_pipeline', 'cleanup_all', 'manual__2025-06-02T08:45:05.116306+00:00', '--job-id', '1611', '--raw', '--subdir', 'DAGS_FOLDER/mlops_movie_dag.py', '--cfg-path', '/tmp/tmpg8bcm_iu']
[2025-06-02T08:45:30.282+0000] {standard_task_runner.py:88} INFO - Job 1611: Subtask cleanup_all
[2025-06-02T08:45:30.316+0000] {task_command.py:423} INFO - Running <TaskInstance: movie_recommendation_pipeline.cleanup_all manual__2025-06-02T08:45:05.116306+00:00 [running]> on host 3bd360313a9c
[2025-06-02T08:45:30.375+0000] {taskinstance.py:2480} INFO - Exporting env vars: AIRFLOW_CTX_DAG_OWNER='***' AIRFLOW_CTX_DAG_ID='movie_recommendation_pipeline' AIRFLOW_CTX_TASK_ID='cleanup_all' AIRFLOW_CTX_EXECUTION_DATE='2025-06-02T08:45:05.116306+00:00' AIRFLOW_CTX_TRY_NUMBER='1' AIRFLOW_CTX_DAG_RUN_ID='manual__2025-06-02T08:45:05.116306+00:00'
[2025-06-02T08:45:30.404+0000] {mlops_movie_dag.py:12} INFO - 🟦 Running command: dvc remove /opt/***/models/hybrid_model.pkl.dvc
[2025-06-02T08:45:30.804+0000] {mlops_movie_dag.py:19} INFO - 🟩 [stdout]:

[2025-06-02T08:45:30.805+0000] {mlops_movie_dag.py:21} WARNING - 🟨 [stderr]:
ERROR: '/opt/***/models/hybrid_model.pkl.dvc' does not exist

[2025-06-02T08:45:30.805+0000] {mlops_movie_dag.py:28} ERROR - ❌ Subprozess-Fehler (exit code 1): dvc remove /opt/***/models/hybrid_model.pkl.dvc
[2025-06-02T08:45:30.806+0000] {mlops_movie_dag.py:31} ERROR - ❌ Subprozess-Ausnahme: Command '['dvc', 'remove', '/opt/***/models/hybrid_model.pkl.dvc']' returned non-zero exit status 1.
[2025-06-02T08:45:30.806+0000] {mlops_movie_dag.py:92} WARNING - Ignoriere Fehler bei dvc remove für /opt/***/models/hybrid_model.pkl.dvc: Command '['dvc', 'remove', '/opt/***/models/hybrid_model.pkl.dvc']' returned non-zero exit status 1.
[2025-06-02T08:45:30.861+0000] {mlops_movie_dag.py:12} INFO - 🟦 Running command: dvc remove /opt/***/data/processed/hybrid_matrix.csv.dvc
[2025-06-02T08:45:31.325+0000] {mlops_movie_dag.py:19} INFO - 🟩 [stdout]:

[2025-06-02T08:45:31.326+0000] {mlops_movie_dag.py:21} WARNING - 🟨 [stderr]:
ERROR: '/opt/***/data/processed/hybrid_matrix.csv.dvc' does not exist

[2025-06-02T08:45:31.326+0000] {mlops_movie_dag.py:28} ERROR - ❌ Subprozess-Fehler (exit code 1): dvc remove /opt/***/data/processed/hybrid_matrix.csv.dvc
[2025-06-02T08:45:31.327+0000] {mlops_movie_dag.py:31} ERROR - ❌ Subprozess-Ausnahme: Command '['dvc', 'remove', '/opt/***/data/processed/hybrid_matrix.csv.dvc']' returned non-zero exit status 1.
[2025-06-02T08:45:31.327+0000] {mlops_movie_dag.py:92} WARNING - Ignoriere Fehler bei dvc remove für /opt/***/data/processed/hybrid_matrix.csv.dvc: Command '['dvc', 'remove', '/opt/***/data/processed/hybrid_matrix.csv.dvc']' returned non-zero exit status 1.
[2025-06-02T08:45:31.335+0000] {mlops_movie_dag.py:12} INFO - 🟦 Running command: dvc remove /opt/***/data/processed/hybrid_matrix_features.txt.dvc
[2025-06-02T08:45:31.781+0000] {mlops_movie_dag.py:19} INFO - 🟩 [stdout]:

[2025-06-02T08:45:31.782+0000] {mlops_movie_dag.py:21} WARNING - 🟨 [stderr]:
ERROR: '/opt/***/data/processed/hybrid_matrix_features.txt.dvc' does not exist

[2025-06-02T08:45:31.782+0000] {mlops_movie_dag.py:28} ERROR - ❌ Subprozess-Fehler (exit code 1): dvc remove /opt/***/data/processed/hybrid_matrix_features.txt.dvc
[2025-06-02T08:45:31.783+0000] {mlops_movie_dag.py:31} ERROR - ❌ Subprozess-Ausnahme: Command '['dvc', 'remove', '/opt/***/data/processed/hybrid_matrix_features.txt.dvc']' returned non-zero exit status 1.
[2025-06-02T08:45:31.783+0000] {mlops_movie_dag.py:92} WARNING - Ignoriere Fehler bei dvc remove für /opt/***/data/processed/hybrid_matrix_features.txt.dvc: Command '['dvc', 'remove', '/opt/***/data/processed/hybrid_matrix_features.txt.dvc']' returned non-zero exit status 1.
[2025-06-02T08:45:31.795+0000] {mlops_movie_dag.py:12} INFO - 🟦 Running command: dvc remove /opt/***/models/user_model.pkl.dvc
[2025-06-02T08:45:32.270+0000] {mlops_movie_dag.py:19} INFO - 🟩 [stdout]:

[2025-06-02T08:45:32.271+0000] {mlops_movie_dag.py:21} WARNING - 🟨 [stderr]:
ERROR: '/opt/***/models/user_model.pkl.dvc' does not exist

[2025-06-02T08:45:32.272+0000] {mlops_movie_dag.py:28} ERROR - ❌ Subprozess-Fehler (exit code 1): dvc remove /opt/***/models/user_model.pkl.dvc
[2025-06-02T08:45:32.272+0000] {mlops_movie_dag.py:31} ERROR - ❌ Subprozess-Ausnahme: Command '['dvc', 'remove', '/opt/***/models/user_model.pkl.dvc']' returned non-zero exit status 1.
[2025-06-02T08:45:32.273+0000] {mlops_movie_dag.py:92} WARNING - Ignoriere Fehler bei dvc remove für /opt/***/models/user_model.pkl.dvc: Command '['dvc', 'remove', '/opt/***/models/user_model.pkl.dvc']' returned non-zero exit status 1.
[2025-06-02T08:45:32.289+0000] {mlops_movie_dag.py:12} INFO - 🟦 Running command: dvc remove /opt/***/data/processed/user_matrix.csv.dvc
[2025-06-02T08:45:32.732+0000] {mlops_movie_dag.py:19} INFO - 🟩 [stdout]:

[2025-06-02T08:45:32.733+0000] {mlops_movie_dag.py:21} WARNING - 🟨 [stderr]:
ERROR: '/opt/***/data/processed/user_matrix.csv.dvc' does not exist

[2025-06-02T08:45:32.733+0000] {mlops_movie_dag.py:28} ERROR - ❌ Subprozess-Fehler (exit code 1): dvc remove /opt/***/data/processed/user_matrix.csv.dvc
[2025-06-02T08:45:32.734+0000] {mlops_movie_dag.py:31} ERROR - ❌ Subprozess-Ausnahme: Command '['dvc', 'remove', '/opt/***/data/processed/user_matrix.csv.dvc']' returned non-zero exit status 1.
[2025-06-02T08:45:32.734+0000] {mlops_movie_dag.py:92} WARNING - Ignoriere Fehler bei dvc remove für /opt/***/data/processed/user_matrix.csv.dvc: Command '['dvc', 'remove', '/opt/***/data/processed/user_matrix.csv.dvc']' returned non-zero exit status 1.
[2025-06-02T08:45:32.743+0000] {mlops_movie_dag.py:12} INFO - 🟦 Running command: dvc remove /opt/***/data/processed/user_matrix_features.txt.dvc
[2025-06-02T08:45:33.218+0000] {mlops_movie_dag.py:19} INFO - 🟩 [stdout]:

[2025-06-02T08:45:33.219+0000] {mlops_movie_dag.py:21} WARNING - 🟨 [stderr]:
ERROR: '/opt/***/data/processed/user_matrix_features.txt.dvc' does not exist

[2025-06-02T08:45:33.220+0000] {mlops_movie_dag.py:28} ERROR - ❌ Subprozess-Fehler (exit code 1): dvc remove /opt/***/data/processed/user_matrix_features.txt.dvc
[2025-06-02T08:45:33.220+0000] {mlops_movie_dag.py:31} ERROR - ❌ Subprozess-Ausnahme: Command '['dvc', 'remove', '/opt/***/data/processed/user_matrix_features.txt.dvc']' returned non-zero exit status 1.
[2025-06-02T08:45:33.221+0000] {mlops_movie_dag.py:92} WARNING - Ignoriere Fehler bei dvc remove für /opt/***/data/processed/user_matrix_features.txt.dvc: Command '['dvc', 'remove', '/opt/***/data/processed/user_matrix_features.txt.dvc']' returned non-zero exit status 1.
[2025-06-02T08:45:33.222+0000] {python.py:201} INFO - Done. Returned value was: None
[2025-06-02T08:45:33.230+0000] {taskinstance.py:1138} INFO - Marking task as SUCCESS. dag_id=movie_recommendation_pipeline, task_id=cleanup_all, execution_date=20250602T084505, start_date=20250602T084530, end_date=20250602T084533
[2025-06-02T08:45:33.265+0000] {local_task_job_runner.py:234} INFO - Task exited with return code 0
[2025-06-02T08:45:33.284+0000] {taskinstance.py:3280} INFO - 0 downstream tasks scheduled from follow-on schedule check
