[2025-06-06T21:45:54.745+0000] {taskinstance.py:1956} INFO - Dependencies all met for dep_context=non-requeueable deps ti=<TaskInstance: deep_models_pipeline.train_deep_hybrid_model manual__2025-06-06T21:45:49.519681+00:00 [queued]>
[2025-06-06T21:45:54.752+0000] {taskinstance.py:1956} INFO - Dependencies all met for dep_context=requeueable deps ti=<TaskInstance: deep_models_pipeline.train_deep_hybrid_model manual__2025-06-06T21:45:49.519681+00:00 [queued]>
[2025-06-06T21:45:54.752+0000] {taskinstance.py:2170} INFO - Starting attempt 1 of 3
[2025-06-06T21:45:54.761+0000] {taskinstance.py:2191} INFO - Executing <Task(PythonOperator): train_deep_hybrid_model> on 2025-06-06 21:45:49.519681+00:00
[2025-06-06T21:45:54.767+0000] {standard_task_runner.py:60} INFO - Started process 319 to run task
[2025-06-06T21:45:54.769+0000] {standard_task_runner.py:87} INFO - Running: ['***', 'tasks', 'run', 'deep_models_pipeline', 'train_deep_hybrid_model', 'manual__2025-06-06T21:45:49.519681+00:00', '--job-id', '2294', '--raw', '--subdir', 'DAGS_FOLDER/train_deep_model_dag.py', '--cfg-path', '/tmp/tmp440uszyy']
[2025-06-06T21:45:54.770+0000] {standard_task_runner.py:88} INFO - Job 2294: Subtask train_deep_hybrid_model
[2025-06-06T21:45:54.801+0000] {task_command.py:423} INFO - Running <TaskInstance: deep_models_pipeline.train_deep_hybrid_model manual__2025-06-06T21:45:49.519681+00:00 [running]> on host 509824e6aacb
[2025-06-06T21:45:54.857+0000] {taskinstance.py:2480} INFO - Exporting env vars: AIRFLOW_CTX_DAG_OWNER='***' AIRFLOW_CTX_DAG_ID='deep_models_pipeline' AIRFLOW_CTX_TASK_ID='train_deep_hybrid_model' AIRFLOW_CTX_EXECUTION_DATE='2025-06-06T21:45:49.519681+00:00' AIRFLOW_CTX_TRY_NUMBER='1' AIRFLOW_CTX_DAG_RUN_ID='manual__2025-06-06T21:45:49.519681+00:00'
[2025-06-06T21:45:54.858+0000] {train_deep_model_dag.py:13} INFO - 🟦 Running command: python /opt/***/src/models/train_hybrid_deep_model.py --n_neighbors=10 --latent_dim=32 --epochs=30 --tfidf_features=300
[2025-06-06T21:46:53.537+0000] {train_deep_model_dag.py:20} INFO - 🟩 [stdout]:
🏃 View run train_hybrid_deep_model at: https://dagshub.com/sacer11/MLOps_movie_rec_apr25.mlflow/#/experiments/10/runs/ebb2b74a16404edd875dcf6dd5abb164
🧪 View experiment at: https://dagshub.com/sacer11/MLOps_movie_rec_apr25.mlflow/#/experiments/10

[2025-06-06T21:46:53.538+0000] {train_deep_model_dag.py:22} WARNING - 🟨 [stderr]:
/home/***/.local/lib/python3.10/site-packages/mlflow/pyfunc/utils/data_validation.py:186: UserWarning: [33mAdd type hints to the `predict` method to enable data validation and automatic signature inference during model logging. Check https://mlflow.org/docs/latest/model/python_model.html#type-hint-usage-in-pythonmodel for more details.[0m
  color_warning(
2025-06-06 21:45:58,754 - __main__ - INFO - 📥 Lade Rohdaten und baue Hybrid-Feature-Matrix ...
2025-06-06 21:46:04,922 - __main__ - INFO - 📐 Hybrid-Matrix erstellt mit Shape: (10381, 1429), Feature-Namen: 1429
2025-06-06 21:46:14,215 - __main__ - INFO - 💾 Hybrid-Matrix gespeichert unter /opt/***/data/processed/hybrid_matrix.csv
2025-06-06 21:46:14,382 - __main__ - INFO - 🚀 Starte Training Autoencoder ...
2025-06-06 21:46:15,317 - __main__ - INFO - Epoch 1/30: Loss = 0.0120
2025-06-06 21:46:15,609 - __main__ - INFO - Epoch 2/30: Loss = 0.0071
2025-06-06 21:46:15,886 - __main__ - INFO - Epoch 3/30: Loss = 0.0061
2025-06-06 21:46:16,162 - __main__ - INFO - Epoch 4/30: Loss = 0.0057
2025-06-06 21:46:16,441 - __main__ - INFO - Epoch 5/30: Loss = 0.0054
2025-06-06 21:46:16,722 - __main__ - INFO - Epoch 6/30: Loss = 0.0053
2025-06-06 21:46:16,971 - __main__ - INFO - Epoch 7/30: Loss = 0.0051
2025-06-06 21:46:17,242 - __main__ - INFO - Epoch 8/30: Loss = 0.0050
2025-06-06 21:46:17,558 - __main__ - INFO - Epoch 9/30: Loss = 0.0049
2025-06-06 21:46:17,841 - __main__ - INFO - Epoch 10/30: Loss = 0.0049
2025-06-06 21:46:18,163 - __main__ - INFO - Epoch 11/30: Loss = 0.0048
2025-06-06 21:46:18,444 - __main__ - INFO - Epoch 12/30: Loss = 0.0048
2025-06-06 21:46:18,703 - __main__ - INFO - Epoch 13/30: Loss = 0.0047
2025-06-06 21:46:18,963 - __main__ - INFO - Epoch 14/30: Loss = 0.0047
2025-06-06 21:46:19,231 - __main__ - INFO - Epoch 15/30: Loss = 0.0047
2025-06-06 21:46:19,509 - __main__ - INFO - Epoch 16/30: Loss = 0.0046
2025-06-06 21:46:19,825 - __main__ - INFO - Epoch 17/30: Loss = 0.0046
2025-06-06 21:46:20,105 - __main__ - INFO - Epoch 18/30: Loss = 0.0046
2025-06-06 21:46:20,373 - __main__ - INFO - Epoch 19/30: Loss = 0.0045
2025-06-06 21:46:20,620 - __main__ - INFO - Epoch 20/30: Loss = 0.0045
2025-06-06 21:46:20,941 - __main__ - INFO - Epoch 21/30: Loss = 0.0045
2025-06-06 21:46:21,262 - __main__ - INFO - Epoch 22/30: Loss = 0.0045
2025-06-06 21:46:21,586 - __main__ - INFO - Epoch 23/30: Loss = 0.0045
2025-06-06 21:46:21,910 - __main__ - INFO - Epoch 24/30: Loss = 0.0044
2025-06-06 21:46:22,204 - __main__ - INFO - Epoch 25/30: Loss = 0.0044
2025-06-06 21:46:22,568 - __main__ - INFO - Epoch 26/30: Loss = 0.0044
2025-06-06 21:46:22,907 - __main__ - INFO - Epoch 27/30: Loss = 0.0044
2025-06-06 21:46:23,207 - __main__ - INFO - Epoch 28/30: Loss = 0.0044
2025-06-06 21:46:23,524 - __main__ - INFO - Epoch 29/30: Loss = 0.0044
2025-06-06 21:46:23,882 - __main__ - INFO - Epoch 30/30: Loss = 0.0043
2025-06-06 21:46:24,127 - __main__ - INFO - ✅ Hybrid-Embeddings gespeichert unter /opt/***/data/processed/hybrid_deep_embedding.csv
2025-06-06 21:46:24,127 - __main__ - INFO - ✅ Hybrid-Embeddings gespeichert unter /opt/***/data/processed/hybrid_deep_embedding.csv
2025-06-06 21:46:24,138 - __main__ - INFO - ✅ Deep KNN Modell gespeichert unter /opt/***/models/hybrid_deep_knn.pkl
2025/06/06 21:46:29 INFO mlflow.pyfunc: Validating input example against model signature

Downloading artifacts:   0%|          | 0/1 [00:00<?, ?it/s]
Downloading artifacts: 100%|██████████| 1/1 [00:00<00:00, 73.78it/s]
Downloading artifacts: 100%|██████████| 1/1 [00:00<00:00, 72.48it/s]
Registered model 'hybrid_deep_model' already exists. Creating a new version of this model...
2025/06/06 21:46:39 INFO mlflow.store.model_registry.abstract_store: Waiting up to 300 seconds for model version to finish creation. Model name: hybrid_deep_model, version 9
Created version '9' of model 'hybrid_deep_model'.
2025-06-06 21:46:50,409 - __main__ - INFO - 📝 Tags für Modellversion 9 gesetzt: n_neighbors=10, latent_dim=32
2025-06-06 21:46:52,410 - __main__ - INFO - 🏁 Deep Hybrid-Model Training abgeschlossen und geloggt.

[2025-06-06T21:46:53.539+0000] {python.py:201} INFO - Done. Returned value was: None
[2025-06-06T21:46:53.547+0000] {taskinstance.py:1138} INFO - Marking task as SUCCESS. dag_id=deep_models_pipeline, task_id=train_deep_hybrid_model, execution_date=20250606T214549, start_date=20250606T214554, end_date=20250606T214653
[2025-06-06T21:46:53.597+0000] {local_task_job_runner.py:234} INFO - Task exited with return code 0
[2025-06-06T21:46:53.618+0000] {taskinstance.py:3280} INFO - 1 downstream tasks scheduled from follow-on schedule check
