[2025-06-07T20:25:43.378+0000] {taskinstance.py:1956} INFO - Dependencies all met for dep_context=non-requeueable deps ti=<TaskInstance: deep_models_pipeline.import_raw_data manual__2025-06-07T20:25:42.492813+00:00 [queued]>
[2025-06-07T20:25:43.385+0000] {taskinstance.py:1956} INFO - Dependencies all met for dep_context=requeueable deps ti=<TaskInstance: deep_models_pipeline.import_raw_data manual__2025-06-07T20:25:42.492813+00:00 [queued]>
[2025-06-07T20:25:43.385+0000] {taskinstance.py:2170} INFO - Starting attempt 1 of 3
[2025-06-07T20:25:43.396+0000] {taskinstance.py:2191} INFO - Executing <Task(PythonOperator): import_raw_data> on 2025-06-07 20:25:42.492813+00:00
[2025-06-07T20:25:43.402+0000] {standard_task_runner.py:60} INFO - Started process 3026 to run task
[2025-06-07T20:25:43.408+0000] {standard_task_runner.py:87} INFO - Running: ['***', 'tasks', 'run', 'deep_models_pipeline', 'import_raw_data', 'manual__2025-06-07T20:25:42.492813+00:00', '--job-id', '2633', '--raw', '--subdir', 'DAGS_FOLDER/train_deep_model_dag.py', '--cfg-path', '/tmp/tmp8lbgdlz8']
[2025-06-07T20:25:43.410+0000] {standard_task_runner.py:88} INFO - Job 2633: Subtask import_raw_data
[2025-06-07T20:25:43.444+0000] {task_command.py:423} INFO - Running <TaskInstance: deep_models_pipeline.import_raw_data manual__2025-06-07T20:25:42.492813+00:00 [running]> on host 78208c00c095
[2025-06-07T20:25:43.506+0000] {taskinstance.py:2480} INFO - Exporting env vars: AIRFLOW_CTX_DAG_OWNER='***' AIRFLOW_CTX_DAG_ID='deep_models_pipeline' AIRFLOW_CTX_TASK_ID='import_raw_data' AIRFLOW_CTX_EXECUTION_DATE='2025-06-07T20:25:42.492813+00:00' AIRFLOW_CTX_TRY_NUMBER='1' AIRFLOW_CTX_DAG_RUN_ID='manual__2025-06-07T20:25:42.492813+00:00'
[2025-06-07T20:25:43.507+0000] {train_deep_model_dag.py:13} INFO - 🟦 Running command: python /opt/***/src/data/import_raw_data.py
[2025-06-07T20:25:43.942+0000] {train_deep_model_dag.py:20} INFO - 🟩 [stdout]:

[2025-06-07T20:25:43.943+0000] {train_deep_model_dag.py:22} WARNING - 🟨 [stderr]:
2025-06-07 20:25:43,921 - root - INFO - ✅ Datei bereits vorhanden, überspringe: genome-scores.csv
2025-06-07 20:25:43,922 - root - INFO - ✅ Datei bereits vorhanden, überspringe: genome-tags.csv
2025-06-07 20:25:43,923 - root - INFO - ✅ Datei bereits vorhanden, überspringe: links.csv
2025-06-07 20:25:43,924 - root - INFO - ✅ Datei bereits vorhanden, überspringe: movies.csv
2025-06-07 20:25:43,926 - root - INFO - ✅ Datei bereits vorhanden, überspringe: ratings.csv
2025-06-07 20:25:43,927 - root - INFO - ✅ Datei bereits vorhanden, überspringe: README.txt
2025-06-07 20:25:43,928 - root - INFO - ✅ Datei bereits vorhanden, überspringe: tags.csv
2025-06-07 20:25:43,928 - root - INFO - ✅ Rohdatenprüfung abgeschlossen.

[2025-06-07T20:25:43.943+0000] {python.py:201} INFO - Done. Returned value was: None
[2025-06-07T20:25:43.954+0000] {taskinstance.py:1138} INFO - Marking task as SUCCESS. dag_id=deep_models_pipeline, task_id=import_raw_data, execution_date=20250607T202542, start_date=20250607T202543, end_date=20250607T202543
[2025-06-07T20:25:43.980+0000] {local_task_job_runner.py:234} INFO - Task exited with return code 0
[2025-06-07T20:25:44.006+0000] {taskinstance.py:3280} INFO - 1 downstream tasks scheduled from follow-on schedule check
