[2025-06-18T12:38:26.344+0000] {taskinstance.py:1956} INFO - Dependencies all met for dep_context=non-requeueable deps ti=<TaskInstance: deep_models_pipeline.build_features manual__2025-06-18T12:38:21.705238+00:00 [queued]>
[2025-06-18T12:38:26.352+0000] {taskinstance.py:1956} INFO - Dependencies all met for dep_context=requeueable deps ti=<TaskInstance: deep_models_pipeline.build_features manual__2025-06-18T12:38:21.705238+00:00 [queued]>
[2025-06-18T12:38:26.352+0000] {taskinstance.py:2170} INFO - Starting attempt 1 of 3
[2025-06-18T12:38:26.363+0000] {taskinstance.py:2191} INFO - Executing <Task(PythonOperator): build_features> on 2025-06-18 12:38:21.705238+00:00
[2025-06-18T12:38:26.371+0000] {standard_task_runner.py:60} INFO - Started process 333 to run task
[2025-06-18T12:38:26.373+0000] {standard_task_runner.py:87} INFO - Running: ['***', 'tasks', 'run', 'deep_models_pipeline', 'build_features', 'manual__2025-06-18T12:38:21.705238+00:00', '--job-id', '586', '--raw', '--subdir', 'DAGS_FOLDER/train_deep_model_dag.py', '--cfg-path', '/tmp/tmp4w6caw_n']
[2025-06-18T12:38:26.375+0000] {standard_task_runner.py:88} INFO - Job 586: Subtask build_features
[2025-06-18T12:38:26.411+0000] {task_command.py:423} INFO - Running <TaskInstance: deep_models_pipeline.build_features manual__2025-06-18T12:38:21.705238+00:00 [running]> on host 2218a87e1a23
[2025-06-18T12:38:26.476+0000] {taskinstance.py:2480} INFO - Exporting env vars: AIRFLOW_CTX_DAG_OWNER='***' AIRFLOW_CTX_DAG_ID='deep_models_pipeline' AIRFLOW_CTX_TASK_ID='build_features' AIRFLOW_CTX_EXECUTION_DATE='2025-06-18T12:38:21.705238+00:00' AIRFLOW_CTX_TRY_NUMBER='1' AIRFLOW_CTX_DAG_RUN_ID='manual__2025-06-18T12:38:21.705238+00:00'
[2025-06-18T12:38:26.477+0000] {train_deep_model_dag.py:14} INFO - 🟦 Running command: python /opt/***/src/movie/features/build_features.py
[2025-06-18T12:38:26.478+0000] {train_deep_model_dag.py:15} INFO - 🟦 Working directory: /opt/***
[2025-06-18T12:38:26.478+0000] {train_deep_model_dag.py:16} INFO - MLflow Tracking URI: https://dagshub.com/sacer11/MLOps_movie_rec_apr25.mlflow
[2025-06-18T12:38:26.479+0000] {train_deep_model_dag.py:17} INFO - User: Klemp.Thomas
[2025-06-18T12:38:26.479+0000] {train_deep_model_dag.py:18} INFO - Password: 24a59c66cf
[2025-06-18T12:38:27.762+0000] {train_deep_model_dag.py:25} INFO - 🟩 [stdout]:
✅ Feature files already exist. No build required.

[2025-06-18T12:38:27.763+0000] {python.py:201} INFO - Done. Returned value was: None
[2025-06-18T12:38:27.771+0000] {taskinstance.py:1138} INFO - Marking task as SUCCESS. dag_id=deep_models_pipeline, task_id=build_features, execution_date=20250618T123821, start_date=20250618T123826, end_date=20250618T123827
[2025-06-18T12:38:27.806+0000] {local_task_job_runner.py:234} INFO - Task exited with return code 0
[2025-06-18T12:38:27.828+0000] {taskinstance.py:3280} INFO - 2 downstream tasks scheduled from follow-on schedule check
