[2025-06-02T10:21:22.957+0000] {taskinstance.py:1956} INFO - Dependencies all met for dep_context=non-requeueable deps ti=<TaskInstance: movie_recommendation_pipeline.dvc_add_and_push_all manual__2025-06-02T10:17:18.223328+00:00 [queued]>
[2025-06-02T10:21:22.965+0000] {taskinstance.py:1956} INFO - Dependencies all met for dep_context=requeueable deps ti=<TaskInstance: movie_recommendation_pipeline.dvc_add_and_push_all manual__2025-06-02T10:17:18.223328+00:00 [queued]>
[2025-06-02T10:21:22.965+0000] {taskinstance.py:2170} INFO - Starting attempt 1 of 3
[2025-06-02T10:21:22.976+0000] {taskinstance.py:2191} INFO - Executing <Task(PythonOperator): dvc_add_and_push_all> on 2025-06-02 10:17:18.223328+00:00
[2025-06-02T10:21:22.983+0000] {standard_task_runner.py:60} INFO - Started process 810 to run task
[2025-06-02T10:21:22.985+0000] {standard_task_runner.py:87} INFO - Running: ['***', 'tasks', 'run', 'movie_recommendation_pipeline', 'dvc_add_and_push_all', 'manual__2025-06-02T10:17:18.223328+00:00', '--job-id', '1670', '--raw', '--subdir', 'DAGS_FOLDER/mlops_movie_dag.py', '--cfg-path', '/tmp/tmpp56y7hfk']
[2025-06-02T10:21:22.986+0000] {standard_task_runner.py:88} INFO - Job 1670: Subtask dvc_add_and_push_all
[2025-06-02T10:21:23.021+0000] {task_command.py:423} INFO - Running <TaskInstance: movie_recommendation_pipeline.dvc_add_and_push_all manual__2025-06-02T10:17:18.223328+00:00 [running]> on host 6520fa36f146
[2025-06-02T10:21:23.077+0000] {taskinstance.py:2480} INFO - Exporting env vars: AIRFLOW_CTX_DAG_OWNER='***' AIRFLOW_CTX_DAG_ID='movie_recommendation_pipeline' AIRFLOW_CTX_TASK_ID='dvc_add_and_push_all' AIRFLOW_CTX_EXECUTION_DATE='2025-06-02T10:17:18.223328+00:00' AIRFLOW_CTX_TRY_NUMBER='1' AIRFLOW_CTX_DAG_RUN_ID='manual__2025-06-02T10:17:18.223328+00:00'
[2025-06-02T10:21:23.082+0000] {mlops_movie_dag.py:12} INFO - 游릱 Running command: git config --global --add safe.directory /opt/***
[2025-06-02T10:21:23.089+0000] {mlops_movie_dag.py:19} INFO - 游릴 [stdout]:

[2025-06-02T10:21:23.089+0000] {mlops_movie_dag.py:12} INFO - 游릱 Running command: git config --global user.email ***@mlops.local
[2025-06-02T10:21:23.101+0000] {mlops_movie_dag.py:19} INFO - 游릴 [stdout]:

[2025-06-02T10:21:23.101+0000] {mlops_movie_dag.py:12} INFO - 游릱 Running command: git config --global user.name Airflow
[2025-06-02T10:21:23.112+0000] {mlops_movie_dag.py:19} INFO - 游릴 [stdout]:

[2025-06-02T10:21:23.112+0000] {mlops_movie_dag.py:12} INFO - 游릱 Running command: dvc add /opt/***/models/hybrid_model.pkl
[2025-06-02T10:21:37.763+0000] {mlops_movie_dag.py:19} INFO - 游릴 [stdout]:

To track the changes with git, run:

	git add models/hybrid_model.pkl.dvc

To enable auto staging, run:

	dvc config core.autostage true

[2025-06-02T10:21:37.764+0000] {mlops_movie_dag.py:12} INFO - 游릱 Running command: dvc add /opt/***/data/processed/hybrid_matrix.csv
[2025-06-02T10:21:55.005+0000] {mlops_movie_dag.py:19} INFO - 游릴 [stdout]:

To track the changes with git, run:

	git add data/processed/hybrid_matrix.csv.dvc

To enable auto staging, run:

	dvc config core.autostage true

[2025-06-02T10:21:55.006+0000] {mlops_movie_dag.py:12} INFO - 游릱 Running command: dvc add /opt/***/data/processed/hybrid_matrix_features.txt
[2025-06-02T10:22:06.273+0000] {mlops_movie_dag.py:19} INFO - 游릴 [stdout]:

To track the changes with git, run:

	git add data/processed/hybrid_matrix_features.txt.dvc

To enable auto staging, run:

	dvc config core.autostage true

[2025-06-02T10:22:06.274+0000] {mlops_movie_dag.py:12} INFO - 游릱 Running command: dvc add /opt/***/models/user_model.pkl
[2025-06-02T10:22:17.294+0000] {mlops_movie_dag.py:19} INFO - 游릴 [stdout]:

To track the changes with git, run:

	git add models/user_model.pkl.dvc

To enable auto staging, run:

	dvc config core.autostage true

[2025-06-02T10:22:17.295+0000] {mlops_movie_dag.py:12} INFO - 游릱 Running command: dvc add /opt/***/data/processed/user_matrix.csv
[2025-06-02T10:22:28.917+0000] {mlops_movie_dag.py:19} INFO - 游릴 [stdout]:

To track the changes with git, run:

	git add data/processed/user_matrix.csv.dvc

To enable auto staging, run:

	dvc config core.autostage true

[2025-06-02T10:22:28.918+0000] {mlops_movie_dag.py:12} INFO - 游릱 Running command: dvc add /opt/***/data/processed/user_matrix_features.txt
[2025-06-02T10:22:39.118+0000] {mlops_movie_dag.py:19} INFO - 游릴 [stdout]:

To track the changes with git, run:

	git add data/processed/user_matrix_features.txt.dvc

To enable auto staging, run:

	dvc config core.autostage true

[2025-06-02T10:22:39.119+0000] {mlops_movie_dag.py:12} INFO - 游릱 Running command: git add /opt/***/models/hybrid_model.pkl.dvc /opt/***/data/processed/hybrid_matrix.csv.dvc /opt/***/data/processed/hybrid_matrix_features.txt.dvc /opt/***/models/user_model.pkl.dvc /opt/***/data/processed/user_matrix.csv.dvc /opt/***/data/processed/user_matrix_features.txt.dvc
[2025-06-02T10:22:39.226+0000] {mlops_movie_dag.py:19} INFO - 游릴 [stdout]:

[2025-06-02T10:22:39.300+0000] {mlops_movie_dag.py:12} INFO - 游릱 Running command: git commit -m Automatisches DVC-Tracking (beide Modelle/Matrizen)
[2025-06-02T10:22:40.008+0000] {mlops_movie_dag.py:19} INFO - 游릴 [stdout]:
[master c5855b8] Automatisches DVC-Tracking (beide Modelle/Matrizen)
 3 files changed, 6 insertions(+), 6 deletions(-)

[2025-06-02T10:22:40.009+0000] {mlops_movie_dag.py:12} INFO - 游릱 Running command: dvc push
[2025-06-02T10:22:50.396+0000] {mlops_movie_dag.py:19} INFO - 游릴 [stdout]:
Everything is up to date.

[2025-06-02T10:22:50.397+0000] {python.py:201} INFO - Done. Returned value was: None
[2025-06-02T10:22:50.405+0000] {taskinstance.py:1138} INFO - Marking task as SUCCESS. dag_id=movie_recommendation_pipeline, task_id=dvc_add_and_push_all, execution_date=20250602T101718, start_date=20250602T102122, end_date=20250602T102250
[2025-06-02T10:22:50.421+0000] {local_task_job_runner.py:234} INFO - Task exited with return code 0
[2025-06-02T10:22:50.440+0000] {taskinstance.py:3280} INFO - 1 downstream tasks scheduled from follow-on schedule check
