[2025-06-01T12:39:33.949+0000] {taskinstance.py:1956} INFO - Dependencies all met for dep_context=non-requeueable deps ti=<TaskInstance: movie_recommendation_pipeline.import_raw_data manual__2025-06-01T12:39:32.621360+00:00 [queued]>
[2025-06-01T12:39:33.957+0000] {taskinstance.py:1956} INFO - Dependencies all met for dep_context=requeueable deps ti=<TaskInstance: movie_recommendation_pipeline.import_raw_data manual__2025-06-01T12:39:32.621360+00:00 [queued]>
[2025-06-01T12:39:33.958+0000] {taskinstance.py:2170} INFO - Starting attempt 1 of 3
[2025-06-01T12:39:33.969+0000] {taskinstance.py:2191} INFO - Executing <Task(PythonOperator): import_raw_data> on 2025-06-01 12:39:32.621360+00:00
[2025-06-01T12:39:33.976+0000] {standard_task_runner.py:60} INFO - Started process 194 to run task
[2025-06-01T12:39:33.979+0000] {standard_task_runner.py:87} INFO - Running: ['***', 'tasks', 'run', 'movie_recommendation_pipeline', 'import_raw_data', 'manual__2025-06-01T12:39:32.621360+00:00', '--job-id', '995', '--raw', '--subdir', 'DAGS_FOLDER/mlops_movie_dag.py', '--cfg-path', '/tmp/tmp5uafqmsl']
[2025-06-01T12:39:33.982+0000] {standard_task_runner.py:88} INFO - Job 995: Subtask import_raw_data
[2025-06-01T12:39:34.029+0000] {task_command.py:423} INFO - Running <TaskInstance: movie_recommendation_pipeline.import_raw_data manual__2025-06-01T12:39:32.621360+00:00 [running]> on host cb5a5580c980
[2025-06-01T12:39:34.106+0000] {taskinstance.py:2480} INFO - Exporting env vars: AIRFLOW_CTX_DAG_OWNER='***' AIRFLOW_CTX_DAG_ID='movie_recommendation_pipeline' AIRFLOW_CTX_TASK_ID='import_raw_data' AIRFLOW_CTX_EXECUTION_DATE='2025-06-01T12:39:32.621360+00:00' AIRFLOW_CTX_TRY_NUMBER='1' AIRFLOW_CTX_DAG_RUN_ID='manual__2025-06-01T12:39:32.621360+00:00'
[2025-06-01T12:39:34.340+0000] {mlops_movie_dag.py:15} INFO - 2025-06-01 12:39:34,329 - __main__ - INFO - ✅ Rohdatenprüfung abgeschlossen.
✅ Datei bereits vorhanden, überspringe: genome-scores.csv
✅ Datei bereits vorhanden, überspringe: genome-tags.csv
✅ Datei bereits vorhanden, überspringe: links.csv
✅ Datei bereits vorhanden, überspringe: movies.csv
✅ Datei bereits vorhanden, überspringe: ratings.csv
✅ Datei bereits vorhanden, überspringe: README.txt
✅ Datei bereits vorhanden, überspringe: tags.csv

[2025-06-01T12:39:34.341+0000] {python.py:201} INFO - Done. Returned value was: None
[2025-06-01T12:39:34.350+0000] {taskinstance.py:1138} INFO - Marking task as SUCCESS. dag_id=movie_recommendation_pipeline, task_id=import_raw_data, execution_date=20250601T123932, start_date=20250601T123933, end_date=20250601T123934
[2025-06-01T12:39:34.393+0000] {local_task_job_runner.py:234} INFO - Task exited with return code 0
[2025-06-01T12:39:34.415+0000] {taskinstance.py:3280} INFO - 1 downstream tasks scheduled from follow-on schedule check
