[2025-06-07T03:00:47.709+0000] {taskinstance.py:1956} INFO - Dependencies all met for dep_context=non-requeueable deps ti=<TaskInstance: deep_models_pipeline.train_deep_hybrid_model manual__2025-06-07T03:00:42.562631+00:00 [queued]>
[2025-06-07T03:00:47.715+0000] {taskinstance.py:1956} INFO - Dependencies all met for dep_context=requeueable deps ti=<TaskInstance: deep_models_pipeline.train_deep_hybrid_model manual__2025-06-07T03:00:42.562631+00:00 [queued]>
[2025-06-07T03:00:47.716+0000] {taskinstance.py:2170} INFO - Starting attempt 1 of 3
[2025-06-07T03:00:47.725+0000] {taskinstance.py:2191} INFO - Executing <Task(PythonOperator): train_deep_hybrid_model> on 2025-06-07 03:00:42.562631+00:00
[2025-06-07T03:00:47.730+0000] {standard_task_runner.py:60} INFO - Started process 324 to run task
[2025-06-07T03:00:47.732+0000] {standard_task_runner.py:87} INFO - Running: ['***', 'tasks', 'run', 'deep_models_pipeline', 'train_deep_hybrid_model', 'manual__2025-06-07T03:00:42.562631+00:00', '--job-id', '2401', '--raw', '--subdir', 'DAGS_FOLDER/train_deep_model_dag.py', '--cfg-path', '/tmp/tmpmknodnmw']
[2025-06-07T03:00:47.734+0000] {standard_task_runner.py:88} INFO - Job 2401: Subtask train_deep_hybrid_model
[2025-06-07T03:00:47.764+0000] {task_command.py:423} INFO - Running <TaskInstance: deep_models_pipeline.train_deep_hybrid_model manual__2025-06-07T03:00:42.562631+00:00 [running]> on host d783324e2f70
[2025-06-07T03:00:47.820+0000] {taskinstance.py:2480} INFO - Exporting env vars: AIRFLOW_CTX_DAG_OWNER='***' AIRFLOW_CTX_DAG_ID='deep_models_pipeline' AIRFLOW_CTX_TASK_ID='train_deep_hybrid_model' AIRFLOW_CTX_EXECUTION_DATE='2025-06-07T03:00:42.562631+00:00' AIRFLOW_CTX_TRY_NUMBER='1' AIRFLOW_CTX_DAG_RUN_ID='manual__2025-06-07T03:00:42.562631+00:00'
[2025-06-07T03:00:47.821+0000] {train_deep_model_dag.py:13} INFO - 🟦 Running command: python /opt/***/src/models/train_hybrid_deep_model.py --n_neighbors=10 --latent_dim=32 --epochs=30 --tfidf_features=300
[2025-06-07T03:01:45.143+0000] {train_deep_model_dag.py:20} INFO - 🟩 [stdout]:
🏃 View run train_hybrid_deep_model at: https://dagshub.com/sacer11/MLOps_movie_rec_apr25.mlflow/#/experiments/10/runs/efd384bc82f74af398274b776c70c0fd
🧪 View experiment at: https://dagshub.com/sacer11/MLOps_movie_rec_apr25.mlflow/#/experiments/10

[2025-06-07T03:01:45.144+0000] {train_deep_model_dag.py:22} WARNING - 🟨 [stderr]:
/home/***/.local/lib/python3.10/site-packages/mlflow/pyfunc/utils/data_validation.py:186: UserWarning: [33mAdd type hints to the `predict` method to enable data validation and automatic signature inference during model logging. Check https://mlflow.org/docs/latest/model/python_model.html#type-hint-usage-in-pythonmodel for more details.[0m
  color_warning(
2025-06-07 03:00:52,122 - __main__ - INFO - 📥 Lade Rohdaten und baue Hybrid-Feature-Matrix ...
2025-06-07 03:00:57,469 - __main__ - INFO - 📐 Hybrid-Matrix erstellt mit Shape: (10381, 1429), Feature-Namen: 1429
2025-06-07 03:01:07,084 - __main__ - INFO - 💾 Hybrid-Matrix gespeichert unter /opt/***/data/processed/hybrid_matrix.csv
2025-06-07 03:01:07,173 - __main__ - INFO - 🚀 Starte Training Autoencoder ...
2025-06-07 03:01:08,184 - __main__ - INFO - Epoch 1/30: Loss = 0.0121
2025-06-07 03:01:08,434 - __main__ - INFO - Epoch 2/30: Loss = 0.0070
2025-06-07 03:01:08,683 - __main__ - INFO - Epoch 3/30: Loss = 0.0060
2025-06-07 03:01:08,920 - __main__ - INFO - Epoch 4/30: Loss = 0.0056
2025-06-07 03:01:09,165 - __main__ - INFO - Epoch 5/30: Loss = 0.0054
2025-06-07 03:01:09,416 - __main__ - INFO - Epoch 6/30: Loss = 0.0052
2025-06-07 03:01:09,660 - __main__ - INFO - Epoch 7/30: Loss = 0.0051
2025-06-07 03:01:09,887 - __main__ - INFO - Epoch 8/30: Loss = 0.0050
2025-06-07 03:01:10,127 - __main__ - INFO - Epoch 9/30: Loss = 0.0050
2025-06-07 03:01:10,389 - __main__ - INFO - Epoch 10/30: Loss = 0.0049
2025-06-07 03:01:10,634 - __main__ - INFO - Epoch 11/30: Loss = 0.0048
2025-06-07 03:01:10,884 - __main__ - INFO - Epoch 12/30: Loss = 0.0048
2025-06-07 03:01:11,123 - __main__ - INFO - Epoch 13/30: Loss = 0.0047
2025-06-07 03:01:11,357 - __main__ - INFO - Epoch 14/30: Loss = 0.0047
2025-06-07 03:01:11,596 - __main__ - INFO - Epoch 15/30: Loss = 0.0047
2025-06-07 03:01:11,841 - __main__ - INFO - Epoch 16/30: Loss = 0.0046
2025-06-07 03:01:12,091 - __main__ - INFO - Epoch 17/30: Loss = 0.0046
2025-06-07 03:01:12,324 - __main__ - INFO - Epoch 18/30: Loss = 0.0046
2025-06-07 03:01:12,564 - __main__ - INFO - Epoch 19/30: Loss = 0.0046
2025-06-07 03:01:12,804 - __main__ - INFO - Epoch 20/30: Loss = 0.0045
2025-06-07 03:01:13,062 - __main__ - INFO - Epoch 21/30: Loss = 0.0045
2025-06-07 03:01:13,304 - __main__ - INFO - Epoch 22/30: Loss = 0.0045
2025-06-07 03:01:13,546 - __main__ - INFO - Epoch 23/30: Loss = 0.0045
2025-06-07 03:01:13,794 - __main__ - INFO - Epoch 24/30: Loss = 0.0044
2025-06-07 03:01:14,089 - __main__ - INFO - Epoch 25/30: Loss = 0.0044
2025-06-07 03:01:14,349 - __main__ - INFO - Epoch 26/30: Loss = 0.0044
2025-06-07 03:01:14,596 - __main__ - INFO - Epoch 27/30: Loss = 0.0044
2025-06-07 03:01:14,836 - __main__ - INFO - Epoch 28/30: Loss = 0.0044
2025-06-07 03:01:15,094 - __main__ - INFO - Epoch 29/30: Loss = 0.0044
2025-06-07 03:01:15,343 - __main__ - INFO - Epoch 30/30: Loss = 0.0043
2025-06-07 03:01:15,570 - __main__ - INFO - ✅ Hybrid-Embeddings gespeichert unter /opt/***/data/processed/hybrid_deep_embedding.csv
2025-06-07 03:01:15,570 - __main__ - INFO - ✅ Hybrid-Embeddings gespeichert unter /opt/***/data/processed/hybrid_deep_embedding.csv
2025-06-07 03:01:15,581 - __main__ - INFO - ✅ Deep KNN Modell gespeichert unter /opt/***/models/hybrid_deep_knn.pkl
2025/06/07 03:01:20 INFO mlflow.pyfunc: Validating input example against model signature

Downloading artifacts:   0%|          | 0/1 [00:00<?, ?it/s]
Downloading artifacts: 100%|██████████| 1/1 [00:00<00:00, 71.13it/s]
Downloading artifacts: 100%|██████████| 1/1 [00:00<00:00, 70.41it/s]
Successfully registered model 'hybrid_deep_model'.
2025/06/07 03:01:30 INFO mlflow.store.model_registry.abstract_store: Waiting up to 300 seconds for model version to finish creation. Model name: hybrid_deep_model, version 1
Created version '1' of model 'hybrid_deep_model'.
2025-06-07 03:01:41,861 - __main__ - INFO - 📝 Tags für Modellversion 1 gesetzt: n_neighbors=10, latent_dim=32
2025-06-07 03:01:43,870 - __main__ - INFO - 🏁 Deep Hybrid-Model Training abgeschlossen und geloggt.

[2025-06-07T03:01:45.145+0000] {python.py:201} INFO - Done. Returned value was: None
[2025-06-07T03:01:45.153+0000] {taskinstance.py:1138} INFO - Marking task as SUCCESS. dag_id=deep_models_pipeline, task_id=train_deep_hybrid_model, execution_date=20250607T030042, start_date=20250607T030047, end_date=20250607T030145
[2025-06-07T03:01:45.172+0000] {local_task_job_runner.py:234} INFO - Task exited with return code 0
[2025-06-07T03:01:45.193+0000] {taskinstance.py:3280} INFO - 1 downstream tasks scheduled from follow-on schedule check
