[2025-06-01T22:07:57.294+0000] {taskinstance.py:1956} INFO - Dependencies all met for dep_context=non-requeueable deps ti=<TaskInstance: movie_recommendation_pipeline.train_hybrid_model manual__2025-06-01T22:07:32.766225+00:00 [queued]>
[2025-06-01T22:07:57.301+0000] {taskinstance.py:1956} INFO - Dependencies all met for dep_context=requeueable deps ti=<TaskInstance: movie_recommendation_pipeline.train_hybrid_model manual__2025-06-01T22:07:32.766225+00:00 [queued]>
[2025-06-01T22:07:57.301+0000] {taskinstance.py:2170} INFO - Starting attempt 1 of 3
[2025-06-01T22:07:57.311+0000] {taskinstance.py:2191} INFO - Executing <Task(PythonOperator): train_hybrid_model> on 2025-06-01 22:07:32.766225+00:00
[2025-06-01T22:07:57.318+0000] {standard_task_runner.py:60} INFO - Started process 310 to run task
[2025-06-01T22:07:57.321+0000] {standard_task_runner.py:87} INFO - Running: ['***', 'tasks', 'run', 'movie_recommendation_pipeline', 'train_hybrid_model', 'manual__2025-06-01T22:07:32.766225+00:00', '--job-id', '1296', '--raw', '--subdir', 'DAGS_FOLDER/mlops_movie_dag.py', '--cfg-path', '/tmp/tmp01x4u4mz']
[2025-06-01T22:07:57.322+0000] {standard_task_runner.py:88} INFO - Job 1296: Subtask train_hybrid_model
[2025-06-01T22:07:57.353+0000] {task_command.py:423} INFO - Running <TaskInstance: movie_recommendation_pipeline.train_hybrid_model manual__2025-06-01T22:07:32.766225+00:00 [running]> on host a9e42ab6026d
[2025-06-01T22:07:57.409+0000] {taskinstance.py:2480} INFO - Exporting env vars: AIRFLOW_CTX_DAG_OWNER='***' AIRFLOW_CTX_DAG_ID='movie_recommendation_pipeline' AIRFLOW_CTX_TASK_ID='train_hybrid_model' AIRFLOW_CTX_EXECUTION_DATE='2025-06-01T22:07:32.766225+00:00' AIRFLOW_CTX_TRY_NUMBER='1' AIRFLOW_CTX_DAG_RUN_ID='manual__2025-06-01T22:07:32.766225+00:00'
[2025-06-01T22:07:57.410+0000] {mlops_movie_dag.py:12} INFO - 🟦 Running command: python /opt/***/src/models/train_hybrid_model.py
[2025-06-01T22:10:33.740+0000] {mlops_movie_dag.py:18} INFO - 🟩 [stdout]:
🚀 Starte Hybrid-Modelltraining
📥 Rohdaten erfolgreich geladen
📐 Hybrid-Matrix erstellt mit Shape: (10381, 1428), Feature-Namen: 1428
🤖 KNN-Modell trainiert
✅ Feature-Schema gespeichert unter /opt/***/data/processed/hybrid_matrix_features.txt
🏃 View run train_hybrid_model at: https://dagshub.com/sacer11/MLOps_movie_rec_apr25.mlflow/#/experiments/4/runs/d21997742ce44494b642074472c7d0f4
🧪 View experiment at: https://dagshub.com/sacer11/MLOps_movie_rec_apr25.mlflow/#/experiments/4
✅ Modell & Matrix erfolgreich gespeichert und in MLflow geloggt

[2025-06-01T22:10:33.741+0000] {mlops_movie_dag.py:20} WARNING - 🟨 [stderr]:
2025/06/01 22:08:30 INFO mlflow.pyfunc: Validating input example against model signature

Downloading artifacts:   0%|          | 0/1 [00:00<?, ?it/s]
Downloading artifacts: 100%|██████████| 1/1 [00:01<00:00,  1.08s/it]
Downloading artifacts: 100%|██████████| 1/1 [00:01<00:00,  1.08s/it]
Downloading artifacts: 100%|██████████| 1/1 [00:01<00:00,  1.08s/it]

[2025-06-01T22:10:33.741+0000] {python.py:201} INFO - Done. Returned value was: None
[2025-06-01T22:10:33.752+0000] {taskinstance.py:1138} INFO - Marking task as SUCCESS. dag_id=movie_recommendation_pipeline, task_id=train_hybrid_model, execution_date=20250601T220732, start_date=20250601T220757, end_date=20250601T221033
[2025-06-01T22:10:33.771+0000] {local_task_job_runner.py:234} INFO - Task exited with return code 0
[2025-06-01T22:10:33.790+0000] {taskinstance.py:3280} INFO - 0 downstream tasks scheduled from follow-on schedule check
