[2025-06-06T20:42:35.236+0000] {taskinstance.py:1956} INFO - Dependencies all met for dep_context=non-requeueable deps ti=<TaskInstance: deep_models_pipeline.train_deep_hybrid_model manual__2025-06-06T20:42:30.710123+00:00 [queued]>
[2025-06-06T20:42:35.244+0000] {taskinstance.py:1956} INFO - Dependencies all met for dep_context=requeueable deps ti=<TaskInstance: deep_models_pipeline.train_deep_hybrid_model manual__2025-06-06T20:42:30.710123+00:00 [queued]>
[2025-06-06T20:42:35.244+0000] {taskinstance.py:2170} INFO - Starting attempt 1 of 3
[2025-06-06T20:42:35.256+0000] {taskinstance.py:2191} INFO - Executing <Task(PythonOperator): train_deep_hybrid_model> on 2025-06-06 20:42:30.710123+00:00
[2025-06-06T20:42:35.262+0000] {standard_task_runner.py:60} INFO - Started process 299 to run task
[2025-06-06T20:42:35.264+0000] {standard_task_runner.py:87} INFO - Running: ['***', 'tasks', 'run', 'deep_models_pipeline', 'train_deep_hybrid_model', 'manual__2025-06-06T20:42:30.710123+00:00', '--job-id', '2265', '--raw', '--subdir', 'DAGS_FOLDER/train_deep_model_dag.py', '--cfg-path', '/tmp/tmpfz3yscab']
[2025-06-06T20:42:35.265+0000] {standard_task_runner.py:88} INFO - Job 2265: Subtask train_deep_hybrid_model
[2025-06-06T20:42:35.297+0000] {task_command.py:423} INFO - Running <TaskInstance: deep_models_pipeline.train_deep_hybrid_model manual__2025-06-06T20:42:30.710123+00:00 [running]> on host e69802a76489
[2025-06-06T20:42:35.357+0000] {taskinstance.py:2480} INFO - Exporting env vars: AIRFLOW_CTX_DAG_OWNER='***' AIRFLOW_CTX_DAG_ID='deep_models_pipeline' AIRFLOW_CTX_TASK_ID='train_deep_hybrid_model' AIRFLOW_CTX_EXECUTION_DATE='2025-06-06T20:42:30.710123+00:00' AIRFLOW_CTX_TRY_NUMBER='1' AIRFLOW_CTX_DAG_RUN_ID='manual__2025-06-06T20:42:30.710123+00:00'
[2025-06-06T20:42:35.358+0000] {train_deep_model_dag.py:13} INFO - 🟦 Running command: python /opt/***/src/models/train_hybrid_deep_model.py --n_neighbors=10 --latent_dim=64 --epochs=30 --tfidf_features=300
[2025-06-06T20:43:31.945+0000] {train_deep_model_dag.py:20} INFO - 🟩 [stdout]:
🏃 View run train_hybrid_deep_model at: https://dagshub.com/sacer11/MLOps_movie_rec_apr25.mlflow/#/experiments/10/runs/1631455c62744f82b6c20211fa60a053
🧪 View experiment at: https://dagshub.com/sacer11/MLOps_movie_rec_apr25.mlflow/#/experiments/10

[2025-06-06T20:43:31.946+0000] {train_deep_model_dag.py:22} WARNING - 🟨 [stderr]:
/home/***/.local/lib/python3.10/site-packages/mlflow/pyfunc/utils/data_validation.py:186: UserWarning: [33mAdd type hints to the `predict` method to enable data validation and automatic signature inference during model logging. Check https://mlflow.org/docs/latest/model/python_model.html#type-hint-usage-in-pythonmodel for more details.[0m
  color_warning(
2025-06-06 20:42:38,834 - __main__ - INFO - 📥 Lade Rohdaten und baue Hybrid-Feature-Matrix ...
2025-06-06 20:42:44,631 - __main__ - INFO - 📐 Hybrid-Matrix erstellt mit Shape: (10381, 1429), Feature-Namen: 1429
2025-06-06 20:42:53,838 - __main__ - INFO - 💾 Hybrid-Matrix gespeichert unter /opt/***/data/processed/hybrid_matrix.csv
2025-06-06 20:42:53,925 - __main__ - INFO - 🚀 Starte Training Autoencoder ...
2025-06-06 20:42:54,653 - __main__ - INFO - Epoch 1/30: Loss = 0.0121
2025-06-06 20:42:54,918 - __main__ - INFO - Epoch 2/30: Loss = 0.0069
2025-06-06 20:42:55,155 - __main__ - INFO - Epoch 3/30: Loss = 0.0059
2025-06-06 20:42:55,399 - __main__ - INFO - Epoch 4/30: Loss = 0.0055
2025-06-06 20:42:55,647 - __main__ - INFO - Epoch 5/30: Loss = 0.0052
2025-06-06 20:42:55,889 - __main__ - INFO - Epoch 6/30: Loss = 0.0050
2025-06-06 20:42:56,117 - __main__ - INFO - Epoch 7/30: Loss = 0.0048
2025-06-06 20:42:56,391 - __main__ - INFO - Epoch 8/30: Loss = 0.0047
2025-06-06 20:42:56,631 - __main__ - INFO - Epoch 9/30: Loss = 0.0046
2025-06-06 20:42:56,868 - __main__ - INFO - Epoch 10/30: Loss = 0.0045
2025-06-06 20:42:57,091 - __main__ - INFO - Epoch 11/30: Loss = 0.0044
2025-06-06 20:42:57,341 - __main__ - INFO - Epoch 12/30: Loss = 0.0044
2025-06-06 20:42:57,587 - __main__ - INFO - Epoch 13/30: Loss = 0.0043
2025-06-06 20:42:57,853 - __main__ - INFO - Epoch 14/30: Loss = 0.0043
2025-06-06 20:42:58,105 - __main__ - INFO - Epoch 15/30: Loss = 0.0042
2025-06-06 20:42:58,372 - __main__ - INFO - Epoch 16/30: Loss = 0.0042
2025-06-06 20:42:58,626 - __main__ - INFO - Epoch 17/30: Loss = 0.0041
2025-06-06 20:42:58,937 - __main__ - INFO - Epoch 18/30: Loss = 0.0041
2025-06-06 20:42:59,209 - __main__ - INFO - Epoch 19/30: Loss = 0.0041
2025-06-06 20:42:59,500 - __main__ - INFO - Epoch 20/30: Loss = 0.0041
2025-06-06 20:42:59,755 - __main__ - INFO - Epoch 21/30: Loss = 0.0040
2025-06-06 20:43:00,105 - __main__ - INFO - Epoch 22/30: Loss = 0.0040
2025-06-06 20:43:00,396 - __main__ - INFO - Epoch 23/30: Loss = 0.0040
2025-06-06 20:43:00,650 - __main__ - INFO - Epoch 24/30: Loss = 0.0040
2025-06-06 20:43:00,942 - __main__ - INFO - Epoch 25/30: Loss = 0.0040
2025-06-06 20:43:01,216 - __main__ - INFO - Epoch 26/30: Loss = 0.0039
2025-06-06 20:43:01,483 - __main__ - INFO - Epoch 27/30: Loss = 0.0039
2025-06-06 20:43:01,741 - __main__ - INFO - Epoch 28/30: Loss = 0.0039
2025-06-06 20:43:02,032 - __main__ - INFO - Epoch 29/30: Loss = 0.0039
2025-06-06 20:43:02,296 - __main__ - INFO - Epoch 30/30: Loss = 0.0039
2025-06-06 20:43:02,723 - __main__ - INFO - ✅ Hybrid-Embeddings gespeichert unter /opt/***/data/processed/hybrid_deep_embedding.csv
2025-06-06 20:43:02,723 - __main__ - INFO - ✅ Hybrid-Embeddings gespeichert unter /opt/***/data/processed/hybrid_deep_embedding.csv
2025-06-06 20:43:02,740 - __main__ - INFO - ✅ Deep KNN Modell gespeichert unter /opt/***/models/hybrid_deep_knn.pkl
2025/06/06 20:43:08 INFO mlflow.pyfunc: Validating input example against model signature

Downloading artifacts:   0%|          | 0/1 [00:00<?, ?it/s]
Downloading artifacts: 100%|██████████| 1/1 [00:00<00:00, 46.06it/s]
Downloading artifacts: 100%|██████████| 1/1 [00:00<00:00, 45.69it/s]
Registered model 'hybrid_deep_model' already exists. Creating a new version of this model...
2025/06/06 20:43:18 INFO mlflow.store.model_registry.abstract_store: Waiting up to 300 seconds for model version to finish creation. Model name: hybrid_deep_model, version 6
Created version '6' of model 'hybrid_deep_model'.
2025-06-06 20:43:29,012 - __main__ - INFO - 📝 Tags für Modellversion 6 gesetzt: n_neighbors=10, latent_dim=64
2025-06-06 20:43:30,975 - __main__ - INFO - 🏁 Deep Hybrid-Model Training abgeschlossen und geloggt.

[2025-06-06T20:43:31.947+0000] {python.py:201} INFO - Done. Returned value was: None
[2025-06-06T20:43:31.956+0000] {taskinstance.py:1138} INFO - Marking task as SUCCESS. dag_id=deep_models_pipeline, task_id=train_deep_hybrid_model, execution_date=20250606T204230, start_date=20250606T204235, end_date=20250606T204331
[2025-06-06T20:43:31.997+0000] {local_task_job_runner.py:234} INFO - Task exited with return code 0
[2025-06-06T20:43:32.019+0000] {taskinstance.py:3280} INFO - 1 downstream tasks scheduled from follow-on schedule check
