[2025-06-02T19:41:31.207+0000] {taskinstance.py:1956} INFO - Dependencies all met for dep_context=non-requeueable deps ti=<TaskInstance: deep_models_pipeline.train_deep_user_model manual__2025-06-02T19:41:30.020704+00:00 [queued]>
[2025-06-02T19:41:31.212+0000] {taskinstance.py:1956} INFO - Dependencies all met for dep_context=requeueable deps ti=<TaskInstance: deep_models_pipeline.train_deep_user_model manual__2025-06-02T19:41:30.020704+00:00 [queued]>
[2025-06-02T19:41:31.213+0000] {taskinstance.py:2170} INFO - Starting attempt 1 of 1
[2025-06-02T19:41:31.223+0000] {taskinstance.py:2191} INFO - Executing <Task(BashOperator): train_deep_user_model> on 2025-06-02 19:41:30.020704+00:00
[2025-06-02T19:41:31.229+0000] {standard_task_runner.py:60} INFO - Started process 210 to run task
[2025-06-02T19:41:31.231+0000] {standard_task_runner.py:87} INFO - Running: ['***', 'tasks', 'run', 'deep_models_pipeline', 'train_deep_user_model', 'manual__2025-06-02T19:41:30.020704+00:00', '--job-id', '1720', '--raw', '--subdir', 'DAGS_FOLDER/train_deep_model_dag.py', '--cfg-path', '/tmp/tmpkp79fvgx']
[2025-06-02T19:41:31.232+0000] {standard_task_runner.py:88} INFO - Job 1720: Subtask train_deep_user_model
[2025-06-02T19:41:31.266+0000] {task_command.py:423} INFO - Running <TaskInstance: deep_models_pipeline.train_deep_user_model manual__2025-06-02T19:41:30.020704+00:00 [running]> on host 5c92a3ff33d6
[2025-06-02T19:41:31.322+0000] {taskinstance.py:2480} INFO - Exporting env vars: AIRFLOW_CTX_DAG_OWNER='***' AIRFLOW_CTX_DAG_ID='deep_models_pipeline' AIRFLOW_CTX_TASK_ID='train_deep_user_model' AIRFLOW_CTX_EXECUTION_DATE='2025-06-02T19:41:30.020704+00:00' AIRFLOW_CTX_TRY_NUMBER='1' AIRFLOW_CTX_DAG_RUN_ID='manual__2025-06-02T19:41:30.020704+00:00'
[2025-06-02T19:41:31.323+0000] {subprocess.py:63} INFO - Tmp dir root location: /tmp
[2025-06-02T19:41:31.324+0000] {subprocess.py:75} INFO - Running command: ['/usr/bin/bash', '-c', 'python /opt/***/src/models/train_user_deep_model.py']
[2025-06-02T19:41:31.333+0000] {subprocess.py:86} INFO - Output:
[2025-06-02T19:41:35.673+0000] {subprocess.py:93} INFO - /home/***/.local/lib/python3.10/site-packages/mlflow/pyfunc/utils/data_validation.py:186: UserWarning: [33mAdd type hints to the `predict` method to enable data validation and automatic signature inference during model logging. Check https://mlflow.org/docs/latest/model/python_model.html#type-hint-usage-in-pythonmodel for more details.[0m
[2025-06-02T19:41:35.674+0000] {subprocess.py:93} INFO -   color_warning(
[2025-06-02T19:49:43.668+0000] {subprocess.py:93} INFO - Epoch 1/25: Loss = 0.0005
[2025-06-02T19:49:43.669+0000] {subprocess.py:93} INFO - Epoch 2/25: Loss = 0.0000
[2025-06-02T19:49:43.669+0000] {subprocess.py:93} INFO - Epoch 3/25: Loss = 0.0000
[2025-06-02T19:49:43.669+0000] {subprocess.py:93} INFO - Epoch 4/25: Loss = 0.0000
[2025-06-02T19:49:43.670+0000] {subprocess.py:93} INFO - Epoch 5/25: Loss = 0.0000
[2025-06-02T19:49:43.671+0000] {subprocess.py:93} INFO - Epoch 6/25: Loss = 0.0000
[2025-06-02T19:49:43.671+0000] {subprocess.py:93} INFO - Epoch 7/25: Loss = 0.0000
[2025-06-02T19:49:43.672+0000] {subprocess.py:93} INFO - Epoch 8/25: Loss = 0.0000
[2025-06-02T19:49:43.672+0000] {subprocess.py:93} INFO - Epoch 9/25: Loss = 0.0000
[2025-06-02T19:49:43.672+0000] {subprocess.py:93} INFO - Epoch 10/25: Loss = 0.0000
[2025-06-02T19:49:43.673+0000] {subprocess.py:93} INFO - Epoch 11/25: Loss = 0.0000
[2025-06-02T19:49:43.673+0000] {subprocess.py:93} INFO - Epoch 12/25: Loss = 0.0000
[2025-06-02T19:49:43.674+0000] {subprocess.py:93} INFO - Epoch 13/25: Loss = 0.0000
[2025-06-02T19:49:43.674+0000] {subprocess.py:93} INFO - Epoch 14/25: Loss = 0.0000
[2025-06-02T19:49:43.675+0000] {subprocess.py:93} INFO - Epoch 15/25: Loss = 0.0000
[2025-06-02T19:49:43.675+0000] {subprocess.py:93} INFO - Epoch 16/25: Loss = 0.0000
[2025-06-02T19:49:43.675+0000] {subprocess.py:93} INFO - Epoch 17/25: Loss = 0.0000
[2025-06-02T19:49:43.676+0000] {subprocess.py:93} INFO - Epoch 18/25: Loss = 0.0000
[2025-06-02T19:49:43.676+0000] {subprocess.py:93} INFO - Epoch 19/25: Loss = 0.0000
[2025-06-02T19:49:43.677+0000] {subprocess.py:93} INFO - Epoch 20/25: Loss = 0.0000
[2025-06-02T19:49:43.677+0000] {subprocess.py:93} INFO - Epoch 21/25: Loss = 0.0000
[2025-06-02T19:49:43.678+0000] {subprocess.py:93} INFO - Epoch 22/25: Loss = 0.0000
[2025-06-02T19:49:43.678+0000] {subprocess.py:93} INFO - Epoch 23/25: Loss = 0.0000
[2025-06-02T19:49:43.679+0000] {subprocess.py:93} INFO - Epoch 24/25: Loss = 0.0000
[2025-06-02T19:49:43.679+0000] {subprocess.py:93} INFO - Epoch 25/25: Loss = 0.0000
[2025-06-02T19:49:43.679+0000] {subprocess.py:93} INFO - ✅ User-Embeddings gespeichert unter /opt/***/data/processed/user_deep_embedding.csv
[2025-06-02T19:49:43.680+0000] {subprocess.py:93} INFO - ✅ Deep KNN Modell gespeichert unter /opt/***/models/user_deep_knn.pkl
[2025-06-02T19:49:43.680+0000] {subprocess.py:93} INFO - ⚠️ Fehler beim MLflow-Logging: API request to https://dagshub.com/sacer11/MLOps_movie_rec_apr25.mlflow/api/2.0/mlflow/experiments/get-by-name failed with exception HTTPSConnectionPool(host='dagshub.com', port=443): Max retries exceeded with url: /sacer11/MLOps_movie_rec_apr25.mlflow/api/2.0/mlflow/experiments/get-by-name?experiment_name=movie_user_deep_model (Caused by ResponseError('too many 500 error responses'))
[2025-06-02T19:49:43.681+0000] {subprocess.py:93} INFO - → Das Modell wurde trotzdem lokal gespeichert (deep_knn_path).
[2025-06-02T19:49:44.510+0000] {subprocess.py:97} INFO - Command exited with return code 0
[2025-06-02T19:49:44.533+0000] {taskinstance.py:1138} INFO - Marking task as SUCCESS. dag_id=deep_models_pipeline, task_id=train_deep_user_model, execution_date=20250602T194130, start_date=20250602T194131, end_date=20250602T194944
[2025-06-02T19:49:44.582+0000] {local_task_job_runner.py:234} INFO - Task exited with return code 0
[2025-06-02T19:49:44.602+0000] {taskinstance.py:3280} INFO - 1 downstream tasks scheduled from follow-on schedule check
