[2025-06-02T20:49:17.922+0000] {taskinstance.py:1956} INFO - Dependencies all met for dep_context=non-requeueable deps ti=<TaskInstance: deep_models_pipeline.predict_deep_models manual__2025-06-02T20:33:07.953374+00:00 [queued]>
[2025-06-02T20:49:17.927+0000] {taskinstance.py:1956} INFO - Dependencies all met for dep_context=requeueable deps ti=<TaskInstance: deep_models_pipeline.predict_deep_models manual__2025-06-02T20:33:07.953374+00:00 [queued]>
[2025-06-02T20:49:17.928+0000] {taskinstance.py:2170} INFO - Starting attempt 1 of 1
[2025-06-02T20:49:17.937+0000] {taskinstance.py:2191} INFO - Executing <Task(BashOperator): predict_deep_models> on 2025-06-02 20:33:07.953374+00:00
[2025-06-02T20:49:17.944+0000] {standard_task_runner.py:60} INFO - Started process 1321 to run task
[2025-06-02T20:49:17.946+0000] {standard_task_runner.py:87} INFO - Running: ['***', 'tasks', 'run', 'deep_models_pipeline', 'predict_deep_models', 'manual__2025-06-02T20:33:07.953374+00:00', '--job-id', '1728', '--raw', '--subdir', 'DAGS_FOLDER/train_deep_model_dag.py', '--cfg-path', '/tmp/tmp9vzmlw0z']
[2025-06-02T20:49:17.947+0000] {standard_task_runner.py:88} INFO - Job 1728: Subtask predict_deep_models
[2025-06-02T20:49:17.981+0000] {task_command.py:423} INFO - Running <TaskInstance: deep_models_pipeline.predict_deep_models manual__2025-06-02T20:33:07.953374+00:00 [running]> on host 01f7ed3412b0
[2025-06-02T20:49:18.032+0000] {taskinstance.py:2480} INFO - Exporting env vars: AIRFLOW_CTX_DAG_OWNER='***' AIRFLOW_CTX_DAG_ID='deep_models_pipeline' AIRFLOW_CTX_TASK_ID='predict_deep_models' AIRFLOW_CTX_EXECUTION_DATE='2025-06-02T20:33:07.953374+00:00' AIRFLOW_CTX_TRY_NUMBER='1' AIRFLOW_CTX_DAG_RUN_ID='manual__2025-06-02T20:33:07.953374+00:00'
[2025-06-02T20:49:18.033+0000] {subprocess.py:63} INFO - Tmp dir root location: /tmp
[2025-06-02T20:49:18.035+0000] {subprocess.py:75} INFO - Running command: ['/usr/bin/bash', '-c', 'python /opt/***/src/models/predict_deep_models.py']
[2025-06-02T20:49:18.045+0000] {subprocess.py:86} INFO - Output:
[2025-06-02T20:49:18.064+0000] {subprocess.py:93} INFO - python: can't open file '/opt/***/src/models/predict_deep_models.py': [Errno 2] No such file or directory
[2025-06-02T20:49:18.066+0000] {subprocess.py:97} INFO - Command exited with return code 2
[2025-06-02T20:49:18.074+0000] {taskinstance.py:2698} ERROR - Task failed with exception
Traceback (most recent call last):
  File "/home/airflow/.local/lib/python3.10/site-packages/airflow/models/taskinstance.py", line 433, in _execute_task
    result = execute_callable(context=context, **execute_callable_kwargs)
  File "/home/airflow/.local/lib/python3.10/site-packages/airflow/operators/bash.py", line 212, in execute
    raise AirflowException(
airflow.exceptions.AirflowException: Bash command failed. The command returned a non-zero exit code 2.
[2025-06-02T20:49:18.077+0000] {taskinstance.py:1138} INFO - Marking task as FAILED. dag_id=deep_models_pipeline, task_id=predict_deep_models, execution_date=20250602T203307, start_date=20250602T204917, end_date=20250602T204918
[2025-06-02T20:49:18.091+0000] {standard_task_runner.py:107} ERROR - Failed to execute job 1728 for task predict_deep_models (Bash command failed. The command returned a non-zero exit code 2.; 1321)
[2025-06-02T20:49:18.120+0000] {local_task_job_runner.py:234} INFO - Task exited with return code 1
[2025-06-02T20:49:18.134+0000] {taskinstance.py:3280} INFO - 0 downstream tasks scheduled from follow-on schedule check
