[2025-06-07T22:12:52.958+0000] {taskinstance.py:1956} INFO - Dependencies all met for dep_context=non-requeueable deps ti=<TaskInstance: deep_models_pipeline.train_deep_hybrid_model manual__2025-06-07T22:12:48.218794+00:00 [queued]>
[2025-06-07T22:12:52.965+0000] {taskinstance.py:1956} INFO - Dependencies all met for dep_context=requeueable deps ti=<TaskInstance: deep_models_pipeline.train_deep_hybrid_model manual__2025-06-07T22:12:48.218794+00:00 [queued]>
[2025-06-07T22:12:52.965+0000] {taskinstance.py:2170} INFO - Starting attempt 1 of 3
[2025-06-07T22:12:52.974+0000] {taskinstance.py:2191} INFO - Executing <Task(PythonOperator): train_deep_hybrid_model> on 2025-06-07 22:12:48.218794+00:00
[2025-06-07T22:12:52.981+0000] {standard_task_runner.py:60} INFO - Started process 1951 to run task
[2025-06-07T22:12:52.983+0000] {standard_task_runner.py:87} INFO - Running: ['***', 'tasks', 'run', 'deep_models_pipeline', 'train_deep_hybrid_model', 'manual__2025-06-07T22:12:48.218794+00:00', '--job-id', '2764', '--raw', '--subdir', 'DAGS_FOLDER/train_deep_model_dag.py', '--cfg-path', '/tmp/tmp7a6b_m2k']
[2025-06-07T22:12:52.984+0000] {standard_task_runner.py:88} INFO - Job 2764: Subtask train_deep_hybrid_model
[2025-06-07T22:12:53.016+0000] {task_command.py:423} INFO - Running <TaskInstance: deep_models_pipeline.train_deep_hybrid_model manual__2025-06-07T22:12:48.218794+00:00 [running]> on host e4801a74e885
[2025-06-07T22:12:53.069+0000] {taskinstance.py:2480} INFO - Exporting env vars: AIRFLOW_CTX_DAG_OWNER='***' AIRFLOW_CTX_DAG_ID='deep_models_pipeline' AIRFLOW_CTX_TASK_ID='train_deep_hybrid_model' AIRFLOW_CTX_EXECUTION_DATE='2025-06-07T22:12:48.218794+00:00' AIRFLOW_CTX_TRY_NUMBER='1' AIRFLOW_CTX_DAG_RUN_ID='manual__2025-06-07T22:12:48.218794+00:00'
[2025-06-07T22:12:53.070+0000] {train_deep_model_dag.py:13} INFO - 🟦 Running command: python /opt/***/src/models/train_hybrid_deep_model.py --n_neighbors=46 --latent_dim=32 --epochs=75 --tfidf_features=1910
[2025-06-07T22:14:34.848+0000] {train_deep_model_dag.py:20} INFO - 🟩 [stdout]:
🏃 View run train_hybrid_deep_model at: https://dagshub.com/sacer11/MLOps_movie_rec_apr25.mlflow/#/experiments/10/runs/7e167a9d20214496b7eede0854ab0043
🧪 View experiment at: https://dagshub.com/sacer11/MLOps_movie_rec_apr25.mlflow/#/experiments/10

[2025-06-07T22:14:34.849+0000] {train_deep_model_dag.py:22} WARNING - 🟨 [stderr]:
2025-06-07 22:12:56,411 - __main__ - INFO - 📥 Lade Rohdaten und baue Hybrid-Feature-Matrix ...
2025-06-07 22:13:01,484 - __main__ - INFO - 📐 Hybrid-Matrix erstellt mit Shape: (10381, 3039), Feature-Namen: 3039
2025-06-07 22:13:15,076 - __main__ - INFO - 💾 Hybrid-Matrix gespeichert unter /opt/***/data/processed/hybrid_matrix.csv
2025-06-07 22:13:15,257 - __main__ - INFO - 🚀 Starte Training Autoencoder ...
2025-06-07 22:13:16,247 - __main__ - INFO - Epoch 1/75: Loss = 0.0065
2025-06-07 22:13:16,755 - __main__ - INFO - Epoch 2/75: Loss = 0.0041
2025-06-07 22:13:17,204 - __main__ - INFO - Epoch 3/75: Loss = 0.0035
2025-06-07 22:13:17,652 - __main__ - INFO - Epoch 4/75: Loss = 0.0032
2025-06-07 22:13:18,093 - __main__ - INFO - Epoch 5/75: Loss = 0.0030
2025-06-07 22:13:18,541 - __main__ - INFO - Epoch 6/75: Loss = 0.0029
2025-06-07 22:13:18,957 - __main__ - INFO - Epoch 7/75: Loss = 0.0028
2025-06-07 22:13:19,378 - __main__ - INFO - Epoch 8/75: Loss = 0.0028
2025-06-07 22:13:19,799 - __main__ - INFO - Epoch 9/75: Loss = 0.0027
2025-06-07 22:13:20,257 - __main__ - INFO - Epoch 10/75: Loss = 0.0027
2025-06-07 22:13:20,701 - __main__ - INFO - Epoch 11/75: Loss = 0.0027
2025-06-07 22:13:21,147 - __main__ - INFO - Epoch 12/75: Loss = 0.0026
2025-06-07 22:13:21,574 - __main__ - INFO - Epoch 13/75: Loss = 0.0026
2025-06-07 22:13:21,996 - __main__ - INFO - Epoch 14/75: Loss = 0.0026
2025-06-07 22:13:22,436 - __main__ - INFO - Epoch 15/75: Loss = 0.0026
2025-06-07 22:13:22,871 - __main__ - INFO - Epoch 16/75: Loss = 0.0025
2025-06-07 22:13:23,324 - __main__ - INFO - Epoch 17/75: Loss = 0.0025
2025-06-07 22:13:23,776 - __main__ - INFO - Epoch 18/75: Loss = 0.0025
2025-06-07 22:13:24,237 - __main__ - INFO - Epoch 19/75: Loss = 0.0025
2025-06-07 22:13:24,708 - __main__ - INFO - Epoch 20/75: Loss = 0.0025
2025-06-07 22:13:25,184 - __main__ - INFO - Epoch 21/75: Loss = 0.0025
2025-06-07 22:13:25,638 - __main__ - INFO - Epoch 22/75: Loss = 0.0025
2025-06-07 22:13:26,086 - __main__ - INFO - Epoch 23/75: Loss = 0.0024
2025-06-07 22:13:26,536 - __main__ - INFO - Epoch 24/75: Loss = 0.0024
2025-06-07 22:13:27,002 - __main__ - INFO - Epoch 25/75: Loss = 0.0024
2025-06-07 22:13:27,444 - __main__ - INFO - Epoch 26/75: Loss = 0.0024
2025-06-07 22:13:27,892 - __main__ - INFO - Epoch 27/75: Loss = 0.0024
2025-06-07 22:13:28,339 - __main__ - INFO - Epoch 28/75: Loss = 0.0024
2025-06-07 22:13:28,795 - __main__ - INFO - Epoch 29/75: Loss = 0.0024
2025-06-07 22:13:29,293 - __main__ - INFO - Epoch 30/75: Loss = 0.0024
2025-06-07 22:13:29,741 - __main__ - INFO - Epoch 31/75: Loss = 0.0024
2025-06-07 22:13:30,190 - __main__ - INFO - Epoch 32/75: Loss = 0.0024
2025-06-07 22:13:30,633 - __main__ - INFO - Epoch 33/75: Loss = 0.0024
2025-06-07 22:13:31,084 - __main__ - INFO - Epoch 34/75: Loss = 0.0024
2025-06-07 22:13:31,519 - __main__ - INFO - Epoch 35/75: Loss = 0.0024
2025-06-07 22:13:31,948 - __main__ - INFO - Epoch 36/75: Loss = 0.0023
2025-06-07 22:13:32,396 - __main__ - INFO - Epoch 37/75: Loss = 0.0023
2025-06-07 22:13:32,856 - __main__ - INFO - Epoch 38/75: Loss = 0.0023
2025-06-07 22:13:33,329 - __main__ - INFO - Epoch 39/75: Loss = 0.0023
2025-06-07 22:13:33,768 - __main__ - INFO - Epoch 40/75: Loss = 0.0023
2025-06-07 22:13:34,203 - __main__ - INFO - Epoch 41/75: Loss = 0.0023
2025-06-07 22:13:34,663 - __main__ - INFO - Epoch 42/75: Loss = 0.0023
2025-06-07 22:13:35,099 - __main__ - INFO - Epoch 43/75: Loss = 0.0023
2025-06-07 22:13:35,534 - __main__ - INFO - Epoch 44/75: Loss = 0.0023
2025-06-07 22:13:35,979 - __main__ - INFO - Epoch 45/75: Loss = 0.0023
2025-06-07 22:13:36,411 - __main__ - INFO - Epoch 46/75: Loss = 0.0023
2025-06-07 22:13:36,860 - __main__ - INFO - Epoch 47/75: Loss = 0.0023
2025-06-07 22:13:37,324 - __main__ - INFO - Epoch 48/75: Loss = 0.0023
2025-06-07 22:13:37,830 - __main__ - INFO - Epoch 49/75: Loss = 0.0023
2025-06-07 22:13:38,294 - __main__ - INFO - Epoch 50/75: Loss = 0.0023
2025-06-07 22:13:38,742 - __main__ - INFO - Epoch 51/75: Loss = 0.0023
2025-06-07 22:13:39,192 - __main__ - INFO - Epoch 52/75: Loss = 0.0023
2025-06-07 22:13:39,611 - __main__ - INFO - Epoch 53/75: Loss = 0.0023
2025-06-07 22:13:40,069 - __main__ - INFO - Epoch 54/75: Loss = 0.0023
2025-06-07 22:13:40,501 - __main__ - INFO - Epoch 55/75: Loss = 0.0023
2025-06-07 22:13:40,939 - __main__ - INFO - Epoch 56/75: Loss = 0.0023
2025-06-07 22:13:41,394 - __main__ - INFO - Epoch 57/75: Loss = 0.0023
2025-06-07 22:13:41,886 - __main__ - INFO - Epoch 58/75: Loss = 0.0023
2025-06-07 22:13:42,347 - __main__ - INFO - Epoch 59/75: Loss = 0.0023
2025-06-07 22:13:42,788 - __main__ - INFO - Epoch 60/75: Loss = 0.0022
2025-06-07 22:13:43,245 - __main__ - INFO - Epoch 61/75: Loss = 0.0022
2025-06-07 22:13:43,693 - __main__ - INFO - Epoch 62/75: Loss = 0.0022
2025-06-07 22:13:44,150 - __main__ - INFO - Epoch 63/75: Loss = 0.0022
2025-06-07 22:13:44,595 - __main__ - INFO - Epoch 64/75: Loss = 0.0022
2025-06-07 22:13:45,037 - __main__ - INFO - Epoch 65/75: Loss = 0.0022
2025-06-07 22:13:45,500 - __main__ - INFO - Epoch 66/75: Loss = 0.0022
2025-06-07 22:13:45,956 - __main__ - INFO - Epoch 67/75: Loss = 0.0022
2025-06-07 22:13:46,420 - __main__ - INFO - Epoch 68/75: Loss = 0.0022
2025-06-07 22:13:46,850 - __main__ - INFO - Epoch 69/75: Loss = 0.0022
2025-06-07 22:13:47,313 - __main__ - INFO - Epoch 70/75: Loss = 0.0022
2025-06-07 22:13:47,734 - __main__ - INFO - Epoch 71/75: Loss = 0.0022
2025-06-07 22:13:48,183 - __main__ - INFO - Epoch 72/75: Loss = 0.0022
2025-06-07 22:13:48,630 - __main__ - INFO - Epoch 73/75: Loss = 0.0022
2025-06-07 22:13:49,073 - __main__ - INFO - Epoch 74/75: Loss = 0.0022
2025-06-07 22:13:49,515 - __main__ - INFO - Epoch 75/75: Loss = 0.0022
2025-06-07 22:13:49,759 - __main__ - INFO - ✅ Hybrid-Embeddings gespeichert unter /opt/***/data/processed/hybrid_deep_embedding.csv
2025-06-07 22:13:49,759 - __main__ - INFO - ✅ Hybrid-Embeddings gespeichert unter /opt/***/data/processed/hybrid_deep_embedding.csv
2025-06-07 22:13:49,769 - __main__ - INFO - ✅ Deep KNN Modell gespeichert unter /opt/***/models/hybrid_deep_knn.pkl
2025/06/07 22:13:56 INFO mlflow.pyfunc: Validating input example against model signature

Downloading artifacts:   0%|          | 0/1 [00:00<?, ?it/s]
Downloading artifacts: 100%|██████████| 1/1 [00:00<00:00, 70.42it/s]
Downloading artifacts: 100%|██████████| 1/1 [00:00<00:00, 69.62it/s]
Registered model 'hybrid_deep_model' already exists. Creating a new version of this model...
2025/06/07 22:14:12 INFO mlflow.store.model_registry.abstract_store: Waiting up to 300 seconds for model version to finish creation. Model name: hybrid_deep_model, version 27
Created version '27' of model 'hybrid_deep_model'.
2025-06-07 22:14:31,841 - __main__ - INFO - 📝 Tags für Modellversion 27 gesetzt: n_neighbors=46, latent_dim=32, tfidf_features=1910, epochs=75
2025-06-07 22:14:33,813 - __main__ - INFO - 🏁 Deep Hybrid-Model Training abgeschlossen und geloggt.

[2025-06-07T22:14:34.850+0000] {python.py:201} INFO - Done. Returned value was: None
[2025-06-07T22:14:34.859+0000] {taskinstance.py:1138} INFO - Marking task as SUCCESS. dag_id=deep_models_pipeline, task_id=train_deep_hybrid_model, execution_date=20250607T221248, start_date=20250607T221252, end_date=20250607T221434
[2025-06-07T22:14:34.878+0000] {local_task_job_runner.py:234} INFO - Task exited with return code 0
[2025-06-07T22:14:34.899+0000] {taskinstance.py:3280} INFO - 1 downstream tasks scheduled from follow-on schedule check
