[2025-05-31T21:18:02.611+0000] {taskinstance.py:1956} INFO - Dependencies all met for dep_context=non-requeueable deps ti=<TaskInstance: movie_recommendation_pipeline.train_hybrid_model manual__2025-05-31T21:17:37.847852+00:00 [queued]>
[2025-05-31T21:18:02.618+0000] {taskinstance.py:1956} INFO - Dependencies all met for dep_context=requeueable deps ti=<TaskInstance: movie_recommendation_pipeline.train_hybrid_model manual__2025-05-31T21:17:37.847852+00:00 [queued]>
[2025-05-31T21:18:02.618+0000] {taskinstance.py:2170} INFO - Starting attempt 1 of 3
[2025-05-31T21:18:02.629+0000] {taskinstance.py:2191} INFO - Executing <Task(PythonOperator): train_hybrid_model> on 2025-05-31 21:17:37.847852+00:00
[2025-05-31T21:18:02.635+0000] {standard_task_runner.py:60} INFO - Started process 305 to run task
[2025-05-31T21:18:02.639+0000] {standard_task_runner.py:87} INFO - Running: ['***', 'tasks', 'run', 'movie_recommendation_pipeline', 'train_hybrid_model', 'manual__2025-05-31T21:17:37.847852+00:00', '--job-id', '415', '--raw', '--subdir', 'DAGS_FOLDER/mlops_movie_dag.py', '--cfg-path', '/tmp/tmp782ris09']
[2025-05-31T21:18:02.640+0000] {standard_task_runner.py:88} INFO - Job 415: Subtask train_hybrid_model
[2025-05-31T21:18:02.674+0000] {task_command.py:423} INFO - Running <TaskInstance: movie_recommendation_pipeline.train_hybrid_model manual__2025-05-31T21:17:37.847852+00:00 [running]> on host c19164f798b2
[2025-05-31T21:18:02.732+0000] {taskinstance.py:2480} INFO - Exporting env vars: AIRFLOW_CTX_DAG_OWNER='***' AIRFLOW_CTX_DAG_ID='movie_recommendation_pipeline' AIRFLOW_CTX_TASK_ID='train_hybrid_model' AIRFLOW_CTX_EXECUTION_DATE='2025-05-31T21:17:37.847852+00:00' AIRFLOW_CTX_TRY_NUMBER='1' AIRFLOW_CTX_DAG_RUN_ID='manual__2025-05-31T21:17:37.847852+00:00'
[2025-05-31T21:18:58.393+0000] {mlops_movie_dag.py:12} INFO - 🚀 Starte Hybrid-Modelltraining
📥 Rohdaten erfolgreich geladen
📐 Hybrid-Matrix erstellt mit Shape: (10381, 1428)
🤖 KNN-Modell trainiert

Downloading artifacts:   0%|          | 0/1 [00:00<?, ?it/s]
Downloading artifacts: 100%|██████████| 1/1 [00:00<00:00,  1.14it/s]
Downloading artifacts: 100%|██████████| 1/1 [00:00<00:00,  1.14it/s]
Downloading artifacts: 100%|██████████| 1/1 [00:00<00:00,  1.14it/s]
✅ Modell & Matrix erfolgreich gespeichert und in MLflow geloggt

[2025-05-31T21:18:58.395+0000] {python.py:201} INFO - Done. Returned value was: None
[2025-05-31T21:18:58.409+0000] {taskinstance.py:1138} INFO - Marking task as SUCCESS. dag_id=movie_recommendation_pipeline, task_id=train_hybrid_model, execution_date=20250531T211737, start_date=20250531T211802, end_date=20250531T211858
[2025-05-31T21:18:58.443+0000] {local_task_job_runner.py:234} INFO - Task exited with return code 0
[2025-05-31T21:18:58.461+0000] {taskinstance.py:3280} INFO - 0 downstream tasks scheduled from follow-on schedule check
