[2025-06-07T17:52:38.781+0000] {taskinstance.py:1956} INFO - Dependencies all met for dep_context=non-requeueable deps ti=<TaskInstance: deep_models_pipeline.import_raw_data manual__2025-06-07T17:52:37.753545+00:00 [queued]>
[2025-06-07T17:52:38.788+0000] {taskinstance.py:1956} INFO - Dependencies all met for dep_context=requeueable deps ti=<TaskInstance: deep_models_pipeline.import_raw_data manual__2025-06-07T17:52:37.753545+00:00 [queued]>
[2025-06-07T17:52:38.789+0000] {taskinstance.py:2170} INFO - Starting attempt 1 of 3
[2025-06-07T17:52:38.802+0000] {taskinstance.py:2191} INFO - Executing <Task(PythonOperator): import_raw_data> on 2025-06-07 17:52:37.753545+00:00
[2025-06-07T17:52:38.811+0000] {standard_task_runner.py:60} INFO - Started process 202 to run task
[2025-06-07T17:52:38.815+0000] {standard_task_runner.py:87} INFO - Running: ['***', 'tasks', 'run', 'deep_models_pipeline', 'import_raw_data', 'manual__2025-06-07T17:52:37.753545+00:00', '--job-id', '2534', '--raw', '--subdir', 'DAGS_FOLDER/train_deep_model_dag.py', '--cfg-path', '/tmp/tmpnxyku1nb']
[2025-06-07T17:52:38.816+0000] {standard_task_runner.py:88} INFO - Job 2534: Subtask import_raw_data
[2025-06-07T17:52:38.863+0000] {task_command.py:423} INFO - Running <TaskInstance: deep_models_pipeline.import_raw_data manual__2025-06-07T17:52:37.753545+00:00 [running]> on host cd4ea1a0aa51
[2025-06-07T17:52:38.960+0000] {taskinstance.py:2480} INFO - Exporting env vars: AIRFLOW_CTX_DAG_OWNER='***' AIRFLOW_CTX_DAG_ID='deep_models_pipeline' AIRFLOW_CTX_TASK_ID='import_raw_data' AIRFLOW_CTX_EXECUTION_DATE='2025-06-07T17:52:37.753545+00:00' AIRFLOW_CTX_TRY_NUMBER='1' AIRFLOW_CTX_DAG_RUN_ID='manual__2025-06-07T17:52:37.753545+00:00'
[2025-06-07T17:52:38.961+0000] {train_deep_model_dag.py:13} INFO - 🟦 Running command: python /opt/***/src/data/import_raw_data.py
[2025-06-07T17:52:46.781+0000] {train_deep_model_dag.py:20} INFO - 🟩 [stdout]:
[master c90a2e1] Track new best embedding (TEST-COMMIT)
 2 files changed, 2 insertions(+), 44 deletions(-)
 delete mode 100644 .gitignore
1 file pushed

[2025-06-07T17:52:46.782+0000] {train_deep_model_dag.py:22} WARNING - 🟨 [stderr]:
2025-06-07 17:52:39,364 - root - INFO - --- Test: Kopiere Best-Embedding (User: ***) ---
2025-06-07 17:52:39,364 - root - INFO - EMBEDDING_PATH: /opt/***/data/processed/hybrid_deep_embedding.csv
2025-06-07 17:52:39,364 - root - INFO - Best-Embedding Ziel: /opt/***/data/processed/hybrid_deep_embedding_best.csv
2025-06-07 17:52:39,365 - root - INFO - Write permission on Zielverzeichnis: True
2025-06-07 17:52:39,440 - root - INFO - ✅ Best-Embedding als _best gespeichert!
2025-06-07 17:52:39,490 - root - INFO - ✅ git add erfolgreich.
2025-06-07 17:52:40,349 - root - INFO - ✅ git commit erfolgreich.
2025-06-07 17:52:46,756 - root - INFO - ✅ DVC add, git commit & push für Best-Embedding abgeschlossen!
2025-06-07 17:52:46,757 - root - INFO - ✅ Datei bereits vorhanden, überspringe: genome-scores.csv
2025-06-07 17:52:46,758 - root - INFO - ✅ Datei bereits vorhanden, überspringe: genome-tags.csv
2025-06-07 17:52:46,759 - root - INFO - ✅ Datei bereits vorhanden, überspringe: links.csv
2025-06-07 17:52:46,760 - root - INFO - ✅ Datei bereits vorhanden, überspringe: movies.csv
2025-06-07 17:52:46,760 - root - INFO - ✅ Datei bereits vorhanden, überspringe: ratings.csv
2025-06-07 17:52:46,760 - root - INFO - ✅ Datei bereits vorhanden, überspringe: README.txt
2025-06-07 17:52:46,761 - root - INFO - ✅ Datei bereits vorhanden, überspringe: tags.csv
2025-06-07 17:52:46,761 - root - INFO - ✅ Rohdatenprüfung abgeschlossen.

[2025-06-07T17:52:46.783+0000] {python.py:201} INFO - Done. Returned value was: None
[2025-06-07T17:52:46.793+0000] {taskinstance.py:1138} INFO - Marking task as SUCCESS. dag_id=deep_models_pipeline, task_id=import_raw_data, execution_date=20250607T175237, start_date=20250607T175238, end_date=20250607T175246
[2025-06-07T17:52:46.827+0000] {local_task_job_runner.py:234} INFO - Task exited with return code 0
[2025-06-07T17:52:46.849+0000] {taskinstance.py:3280} INFO - 1 downstream tasks scheduled from follow-on schedule check
