[2025-06-07T17:49:34.277+0000] {taskinstance.py:1956} INFO - Dependencies all met for dep_context=non-requeueable deps ti=<TaskInstance: deep_models_pipeline.import_raw_data manual__2025-06-07T17:49:33.213824+00:00 [queued]>
[2025-06-07T17:49:34.284+0000] {taskinstance.py:1956} INFO - Dependencies all met for dep_context=requeueable deps ti=<TaskInstance: deep_models_pipeline.import_raw_data manual__2025-06-07T17:49:33.213824+00:00 [queued]>
[2025-06-07T17:49:34.285+0000] {taskinstance.py:2170} INFO - Starting attempt 1 of 3
[2025-06-07T17:49:34.296+0000] {taskinstance.py:2191} INFO - Executing <Task(PythonOperator): import_raw_data> on 2025-06-07 17:49:33.213824+00:00
[2025-06-07T17:49:34.305+0000] {standard_task_runner.py:60} INFO - Started process 201 to run task
[2025-06-07T17:49:34.309+0000] {standard_task_runner.py:87} INFO - Running: ['***', 'tasks', 'run', 'deep_models_pipeline', 'import_raw_data', 'manual__2025-06-07T17:49:33.213824+00:00', '--job-id', '2528', '--raw', '--subdir', 'DAGS_FOLDER/train_deep_model_dag.py', '--cfg-path', '/tmp/tmpovd8ruz3']
[2025-06-07T17:49:34.312+0000] {standard_task_runner.py:88} INFO - Job 2528: Subtask import_raw_data
[2025-06-07T17:49:34.356+0000] {task_command.py:423} INFO - Running <TaskInstance: deep_models_pipeline.import_raw_data manual__2025-06-07T17:49:33.213824+00:00 [running]> on host 2c9e87feb153
[2025-06-07T17:49:34.434+0000] {taskinstance.py:2480} INFO - Exporting env vars: AIRFLOW_CTX_DAG_OWNER='***' AIRFLOW_CTX_DAG_ID='deep_models_pipeline' AIRFLOW_CTX_TASK_ID='import_raw_data' AIRFLOW_CTX_EXECUTION_DATE='2025-06-07T17:49:33.213824+00:00' AIRFLOW_CTX_TRY_NUMBER='1' AIRFLOW_CTX_DAG_RUN_ID='manual__2025-06-07T17:49:33.213824+00:00'
[2025-06-07T17:49:34.435+0000] {train_deep_model_dag.py:13} INFO - 🟦 Running command: python /opt/***/src/data/import_raw_data.py
[2025-06-07T17:49:40.105+0000] {train_deep_model_dag.py:20} INFO - 🟩 [stdout]:

To track the changes with git, run:

	git add data/processed/hybrid_deep_embedding_best.csv.dvc

To enable auto staging, run:

	dvc config core.autostage true

[2025-06-07T17:49:40.106+0000] {train_deep_model_dag.py:22} WARNING - 🟨 [stderr]:
2025-06-07 17:49:34,776 - root - INFO - --- Test: Kopiere Best-Embedding (User: ***) ---
2025-06-07 17:49:34,776 - root - INFO - EMBEDDING_PATH: /opt/***/data/processed/hybrid_deep_embedding.csv
2025-06-07 17:49:34,776 - root - INFO - Best-Embedding Ziel: /opt/***/data/processed/hybrid_deep_embedding_best.csv
2025-06-07 17:49:34,777 - root - INFO - Write permission on Zielverzeichnis: True
2025-06-07 17:49:34,849 - root - INFO - ✅ Best-Embedding als _best gespeichert!
2025-06-07 17:49:40,031 - root - INFO - ✅ dvc add erfolgreich.
fatal: pathspec '.gitignore' did not match any files
2025-06-07 17:49:40,077 - root - ERROR - ❌ Fehler beim DVC push der _best-Embedding-Datei: Command '['git', 'add', '/opt/***/data/processed/hybrid_deep_embedding_best.csv.dvc', '.gitignore']' returned non-zero exit status 128.
2025-06-07 17:49:40,079 - root - INFO - ✅ Datei bereits vorhanden, überspringe: genome-scores.csv
2025-06-07 17:49:40,080 - root - INFO - ✅ Datei bereits vorhanden, überspringe: genome-tags.csv
2025-06-07 17:49:40,080 - root - INFO - ✅ Datei bereits vorhanden, überspringe: links.csv
2025-06-07 17:49:40,081 - root - INFO - ✅ Datei bereits vorhanden, überspringe: movies.csv
2025-06-07 17:49:40,082 - root - INFO - ✅ Datei bereits vorhanden, überspringe: ratings.csv
2025-06-07 17:49:40,083 - root - INFO - ✅ Datei bereits vorhanden, überspringe: README.txt
2025-06-07 17:49:40,083 - root - INFO - ✅ Datei bereits vorhanden, überspringe: tags.csv
2025-06-07 17:49:40,084 - root - INFO - ✅ Rohdatenprüfung abgeschlossen.

[2025-06-07T17:49:40.107+0000] {python.py:201} INFO - Done. Returned value was: None
[2025-06-07T17:49:40.115+0000] {taskinstance.py:1138} INFO - Marking task as SUCCESS. dag_id=deep_models_pipeline, task_id=import_raw_data, execution_date=20250607T174933, start_date=20250607T174934, end_date=20250607T174940
[2025-06-07T17:49:40.172+0000] {local_task_job_runner.py:234} INFO - Task exited with return code 0
[2025-06-07T17:49:40.196+0000] {taskinstance.py:3280} INFO - 1 downstream tasks scheduled from follow-on schedule check
