[2025-06-02T09:05:27.247+0000] {taskinstance.py:1956} INFO - Dependencies all met for dep_context=non-requeueable deps ti=<TaskInstance: movie_recommendation_pipeline.dvc_add_and_push_all manual__2025-06-02T09:00:54.986418+00:00 [queued]>
[2025-06-02T09:05:27.253+0000] {taskinstance.py:1956} INFO - Dependencies all met for dep_context=requeueable deps ti=<TaskInstance: movie_recommendation_pipeline.dvc_add_and_push_all manual__2025-06-02T09:00:54.986418+00:00 [queued]>
[2025-06-02T09:05:27.254+0000] {taskinstance.py:2170} INFO - Starting attempt 1 of 3
[2025-06-02T09:05:27.264+0000] {taskinstance.py:2191} INFO - Executing <Task(PythonOperator): dvc_add_and_push_all> on 2025-06-02 09:00:54.986418+00:00
[2025-06-02T09:05:27.270+0000] {standard_task_runner.py:60} INFO - Started process 3197 to run task
[2025-06-02T09:05:27.272+0000] {standard_task_runner.py:87} INFO - Running: ['***', 'tasks', 'run', 'movie_recommendation_pipeline', 'dvc_add_and_push_all', 'manual__2025-06-02T09:00:54.986418+00:00', '--job-id', '1627', '--raw', '--subdir', 'DAGS_FOLDER/mlops_movie_dag.py', '--cfg-path', '/tmp/tmp900a90io']
[2025-06-02T09:05:27.274+0000] {standard_task_runner.py:88} INFO - Job 1627: Subtask dvc_add_and_push_all
[2025-06-02T09:05:27.311+0000] {task_command.py:423} INFO - Running <TaskInstance: movie_recommendation_pipeline.dvc_add_and_push_all manual__2025-06-02T09:00:54.986418+00:00 [running]> on host 3bd360313a9c
[2025-06-02T09:05:27.372+0000] {taskinstance.py:2480} INFO - Exporting env vars: AIRFLOW_CTX_DAG_OWNER='***' AIRFLOW_CTX_DAG_ID='movie_recommendation_pipeline' AIRFLOW_CTX_TASK_ID='dvc_add_and_push_all' AIRFLOW_CTX_EXECUTION_DATE='2025-06-02T09:00:54.986418+00:00' AIRFLOW_CTX_TRY_NUMBER='1' AIRFLOW_CTX_DAG_RUN_ID='manual__2025-06-02T09:00:54.986418+00:00'
[2025-06-02T09:05:27.377+0000] {mlops_movie_dag.py:12} INFO - 游릱 Running command: git config --global --add safe.directory /opt/***
[2025-06-02T09:05:27.392+0000] {mlops_movie_dag.py:19} INFO - 游릴 [stdout]:

[2025-06-02T09:05:27.392+0000] {mlops_movie_dag.py:12} INFO - 游릱 Running command: git config --global user.email ***@mlops.local
[2025-06-02T09:05:27.406+0000] {mlops_movie_dag.py:19} INFO - 游릴 [stdout]:

[2025-06-02T09:05:27.407+0000] {mlops_movie_dag.py:12} INFO - 游릱 Running command: git config --global user.name Airflow
[2025-06-02T09:05:27.419+0000] {mlops_movie_dag.py:19} INFO - 游릴 [stdout]:

[2025-06-02T09:05:27.420+0000] {mlops_movie_dag.py:12} INFO - 游릱 Running command: dvc add /opt/***/models/hybrid_model.pkl
[2025-06-02T09:05:45.490+0000] {mlops_movie_dag.py:19} INFO - 游릴 [stdout]:

To track the changes with git, run:

	git add models/hybrid_model.pkl.dvc

To enable auto staging, run:

	dvc config core.autostage true

[2025-06-02T09:05:45.491+0000] {mlops_movie_dag.py:12} INFO - 游릱 Running command: dvc add /opt/***/data/processed/hybrid_matrix.csv
[2025-06-02T09:06:07.136+0000] {mlops_movie_dag.py:19} INFO - 游릴 [stdout]:

To track the changes with git, run:

	git add data/processed/hybrid_matrix.csv.dvc

To enable auto staging, run:

	dvc config core.autostage true

[2025-06-02T09:06:07.136+0000] {mlops_movie_dag.py:12} INFO - 游릱 Running command: dvc add /opt/***/data/processed/hybrid_matrix_features.txt
[2025-06-02T09:06:17.692+0000] {mlops_movie_dag.py:19} INFO - 游릴 [stdout]:

To track the changes with git, run:

	git add data/processed/hybrid_matrix_features.txt.dvc

To enable auto staging, run:

	dvc config core.autostage true

[2025-06-02T09:06:17.693+0000] {mlops_movie_dag.py:12} INFO - 游릱 Running command: dvc add /opt/***/models/user_model.pkl
[2025-06-02T09:06:28.483+0000] {mlops_movie_dag.py:19} INFO - 游릴 [stdout]:

To track the changes with git, run:

	git add models/user_model.pkl.dvc

To enable auto staging, run:

	dvc config core.autostage true

[2025-06-02T09:06:28.484+0000] {mlops_movie_dag.py:12} INFO - 游릱 Running command: dvc add /opt/***/data/processed/user_matrix.csv
[2025-06-02T09:06:39.756+0000] {mlops_movie_dag.py:19} INFO - 游릴 [stdout]:

To track the changes with git, run:

	git add data/processed/user_matrix.csv.dvc

To enable auto staging, run:

	dvc config core.autostage true

[2025-06-02T09:06:39.757+0000] {mlops_movie_dag.py:12} INFO - 游릱 Running command: dvc add /opt/***/data/processed/user_matrix_features.txt
[2025-06-02T09:06:50.775+0000] {mlops_movie_dag.py:19} INFO - 游릴 [stdout]:

To track the changes with git, run:

	git add data/processed/user_matrix_features.txt.dvc

To enable auto staging, run:

	dvc config core.autostage true

[2025-06-02T09:06:50.776+0000] {mlops_movie_dag.py:12} INFO - 游릱 Running command: git add /opt/***/models/hybrid_model.pkl.dvc /opt/***/data/processed/hybrid_matrix.csv.dvc /opt/***/data/processed/hybrid_matrix_features.txt.dvc /opt/***/models/user_model.pkl.dvc /opt/***/data/processed/user_matrix.csv.dvc /opt/***/data/processed/user_matrix_features.txt.dvc
[2025-06-02T09:06:50.954+0000] {mlops_movie_dag.py:19} INFO - 游릴 [stdout]:

[2025-06-02T09:06:51.041+0000] {mlops_movie_dag.py:12} INFO - 游릱 Running command: git commit -m Automatisches DVC-Tracking (beide Modelle/Matrizen)
[2025-06-02T09:06:51.920+0000] {mlops_movie_dag.py:19} INFO - 游릴 [stdout]:
[master 9edf3a7] Automatisches DVC-Tracking (beide Modelle/Matrizen)
 3 files changed, 6 insertions(+), 6 deletions(-)

[2025-06-02T09:06:51.921+0000] {mlops_movie_dag.py:12} INFO - 游릱 Running command: dvc push
[2025-06-02T09:08:54.623+0000] {mlops_movie_dag.py:19} INFO - 游릴 [stdout]:
3 files pushed

[2025-06-02T09:08:54.624+0000] {python.py:201} INFO - Done. Returned value was: None
[2025-06-02T09:08:54.634+0000] {taskinstance.py:1138} INFO - Marking task as SUCCESS. dag_id=movie_recommendation_pipeline, task_id=dvc_add_and_push_all, execution_date=20250602T090054, start_date=20250602T090527, end_date=20250602T090854
[2025-06-02T09:08:54.680+0000] {local_task_job_runner.py:234} INFO - Task exited with return code 0
[2025-06-02T09:08:54.705+0000] {taskinstance.py:3280} INFO - 1 downstream tasks scheduled from follow-on schedule check
