[2025-06-02T06:00:25.846+0000] {taskinstance.py:1956} INFO - Dependencies all met for dep_context=non-requeueable deps ti=<TaskInstance: movie_recommendation_pipeline.cleanup_all manual__2025-06-02T05:58:35.671292+00:00 [queued]>
[2025-06-02T06:00:25.855+0000] {taskinstance.py:1956} INFO - Dependencies all met for dep_context=requeueable deps ti=<TaskInstance: movie_recommendation_pipeline.cleanup_all manual__2025-06-02T05:58:35.671292+00:00 [queued]>
[2025-06-02T06:00:25.856+0000] {taskinstance.py:2170} INFO - Starting attempt 1 of 3
[2025-06-02T06:00:25.866+0000] {taskinstance.py:2191} INFO - Executing <Task(PythonOperator): cleanup_all> on 2025-06-02 05:58:35.671292+00:00
[2025-06-02T06:00:25.873+0000] {standard_task_runner.py:60} INFO - Started process 196 to run task
[2025-06-02T06:00:25.878+0000] {standard_task_runner.py:87} INFO - Running: ['***', 'tasks', 'run', 'movie_recommendation_pipeline', 'cleanup_all', 'manual__2025-06-02T05:58:35.671292+00:00', '--job-id', '1524', '--raw', '--subdir', 'DAGS_FOLDER/mlops_movie_dag.py', '--cfg-path', '/tmp/tmpfu8jetez']
[2025-06-02T06:00:25.880+0000] {standard_task_runner.py:88} INFO - Job 1524: Subtask cleanup_all
[2025-06-02T06:00:25.922+0000] {task_command.py:423} INFO - Running <TaskInstance: movie_recommendation_pipeline.cleanup_all manual__2025-06-02T05:58:35.671292+00:00 [running]> on host b538f1038008
[2025-06-02T06:00:25.995+0000] {taskinstance.py:2480} INFO - Exporting env vars: AIRFLOW_CTX_DAG_OWNER='***' AIRFLOW_CTX_DAG_ID='movie_recommendation_pipeline' AIRFLOW_CTX_TASK_ID='cleanup_all' AIRFLOW_CTX_EXECUTION_DATE='2025-06-02T05:58:35.671292+00:00' AIRFLOW_CTX_TRY_NUMBER='1' AIRFLOW_CTX_DAG_RUN_ID='manual__2025-06-02T05:58:35.671292+00:00'
[2025-06-02T06:00:26.019+0000] {mlops_movie_dag.py:12} INFO - 🟦 Running command: dvc remove /opt/***/models/hybrid_model.pkl.dvc
[2025-06-02T06:00:26.545+0000] {mlops_movie_dag.py:19} INFO - 🟩 [stdout]:

[2025-06-02T06:00:26.546+0000] {mlops_movie_dag.py:21} WARNING - 🟨 [stderr]:
ERROR: '/opt/***/models/hybrid_model.pkl.dvc' does not exist

[2025-06-02T06:00:26.547+0000] {mlops_movie_dag.py:29} ERROR - ❌ Subprozess-Fehler (exit code 1): dvc remove /opt/***/models/hybrid_model.pkl.dvc
[2025-06-02T06:00:26.547+0000] {mlops_movie_dag.py:32} ERROR - ❌ Subprozess-Ausnahme: Command '['dvc', 'remove', '/opt/***/models/hybrid_model.pkl.dvc']' returned non-zero exit status 1.
[2025-06-02T06:00:26.548+0000] {mlops_movie_dag.py:69} WARNING - Ignoriere Fehler bei dvc remove für /opt/***/models/hybrid_model.pkl.dvc: Command '['dvc', 'remove', '/opt/***/models/hybrid_model.pkl.dvc']' returned non-zero exit status 1.
[2025-06-02T06:00:26.582+0000] {mlops_movie_dag.py:12} INFO - 🟦 Running command: dvc remove /opt/***/data/processed/hybrid_matrix.csv.dvc
[2025-06-02T06:00:26.995+0000] {mlops_movie_dag.py:19} INFO - 🟩 [stdout]:

[2025-06-02T06:00:26.996+0000] {mlops_movie_dag.py:21} WARNING - 🟨 [stderr]:
ERROR: '/opt/***/data/processed/hybrid_matrix.csv.dvc' does not exist

[2025-06-02T06:00:26.996+0000] {mlops_movie_dag.py:29} ERROR - ❌ Subprozess-Fehler (exit code 1): dvc remove /opt/***/data/processed/hybrid_matrix.csv.dvc
[2025-06-02T06:00:26.996+0000] {mlops_movie_dag.py:32} ERROR - ❌ Subprozess-Ausnahme: Command '['dvc', 'remove', '/opt/***/data/processed/hybrid_matrix.csv.dvc']' returned non-zero exit status 1.
[2025-06-02T06:00:26.997+0000] {mlops_movie_dag.py:69} WARNING - Ignoriere Fehler bei dvc remove für /opt/***/data/processed/hybrid_matrix.csv.dvc: Command '['dvc', 'remove', '/opt/***/data/processed/hybrid_matrix.csv.dvc']' returned non-zero exit status 1.
[2025-06-02T06:00:27.003+0000] {mlops_movie_dag.py:12} INFO - 🟦 Running command: dvc remove /opt/***/data/processed/hybrid_matrix_features.txt.dvc
[2025-06-02T06:00:29.911+0000] {mlops_movie_dag.py:19} INFO - 🟩 [stdout]:

[2025-06-02T06:00:29.912+0000] {mlops_movie_dag.py:21} WARNING - 🟨 [stderr]:
ERROR: Unable to acquire lock. Most likely another DVC process is running or was terminated abruptly. Check the page <https://dvc.org/doc/user-guide/troubleshooting#lock-issue> for other possible reasons and to learn how to resolve this.

[2025-06-02T06:00:29.912+0000] {mlops_movie_dag.py:29} ERROR - ❌ Subprozess-Fehler (exit code 1): dvc remove /opt/***/data/processed/hybrid_matrix_features.txt.dvc
[2025-06-02T06:00:29.913+0000] {mlops_movie_dag.py:32} ERROR - ❌ Subprozess-Ausnahme: Command '['dvc', 'remove', '/opt/***/data/processed/hybrid_matrix_features.txt.dvc']' returned non-zero exit status 1.
[2025-06-02T06:00:29.913+0000] {mlops_movie_dag.py:69} WARNING - Ignoriere Fehler bei dvc remove für /opt/***/data/processed/hybrid_matrix_features.txt.dvc: Command '['dvc', 'remove', '/opt/***/data/processed/hybrid_matrix_features.txt.dvc']' returned non-zero exit status 1.
[2025-06-02T06:00:29.921+0000] {mlops_movie_dag.py:12} INFO - 🟦 Running command: dvc remove /opt/***/models/user_model.pkl.dvc
[2025-06-02T06:00:32.845+0000] {mlops_movie_dag.py:19} INFO - 🟩 [stdout]:

[2025-06-02T06:00:32.846+0000] {mlops_movie_dag.py:21} WARNING - 🟨 [stderr]:
ERROR: Unable to acquire lock. Most likely another DVC process is running or was terminated abruptly. Check the page <https://dvc.org/doc/user-guide/troubleshooting#lock-issue> for other possible reasons and to learn how to resolve this.

[2025-06-02T06:00:32.847+0000] {mlops_movie_dag.py:29} ERROR - ❌ Subprozess-Fehler (exit code 1): dvc remove /opt/***/models/user_model.pkl.dvc
[2025-06-02T06:00:32.847+0000] {mlops_movie_dag.py:32} ERROR - ❌ Subprozess-Ausnahme: Command '['dvc', 'remove', '/opt/***/models/user_model.pkl.dvc']' returned non-zero exit status 1.
[2025-06-02T06:00:32.848+0000] {mlops_movie_dag.py:69} WARNING - Ignoriere Fehler bei dvc remove für /opt/***/models/user_model.pkl.dvc: Command '['dvc', 'remove', '/opt/***/models/user_model.pkl.dvc']' returned non-zero exit status 1.
[2025-06-02T06:00:32.860+0000] {mlops_movie_dag.py:12} INFO - 🟦 Running command: dvc remove /opt/***/data/processed/user_matrix.csv.dvc
[2025-06-02T06:00:35.775+0000] {mlops_movie_dag.py:19} INFO - 🟩 [stdout]:

[2025-06-02T06:00:35.775+0000] {mlops_movie_dag.py:21} WARNING - 🟨 [stderr]:
ERROR: Unable to acquire lock. Most likely another DVC process is running or was terminated abruptly. Check the page <https://dvc.org/doc/user-guide/troubleshooting#lock-issue> for other possible reasons and to learn how to resolve this.

[2025-06-02T06:00:35.776+0000] {mlops_movie_dag.py:29} ERROR - ❌ Subprozess-Fehler (exit code 1): dvc remove /opt/***/data/processed/user_matrix.csv.dvc
[2025-06-02T06:00:35.776+0000] {mlops_movie_dag.py:32} ERROR - ❌ Subprozess-Ausnahme: Command '['dvc', 'remove', '/opt/***/data/processed/user_matrix.csv.dvc']' returned non-zero exit status 1.
[2025-06-02T06:00:35.776+0000] {mlops_movie_dag.py:69} WARNING - Ignoriere Fehler bei dvc remove für /opt/***/data/processed/user_matrix.csv.dvc: Command '['dvc', 'remove', '/opt/***/data/processed/user_matrix.csv.dvc']' returned non-zero exit status 1.
[2025-06-02T06:00:35.781+0000] {mlops_movie_dag.py:12} INFO - 🟦 Running command: dvc remove /opt/***/data/processed/user_matrix_features.txt.dvc
[2025-06-02T06:00:36.248+0000] {mlops_movie_dag.py:19} INFO - 🟩 [stdout]:

[2025-06-02T06:00:36.249+0000] {mlops_movie_dag.py:21} WARNING - 🟨 [stderr]:
ERROR: '/opt/***/data/processed/user_matrix_features.txt.dvc' does not exist

[2025-06-02T06:00:36.250+0000] {mlops_movie_dag.py:29} ERROR - ❌ Subprozess-Fehler (exit code 1): dvc remove /opt/***/data/processed/user_matrix_features.txt.dvc
[2025-06-02T06:00:36.250+0000] {mlops_movie_dag.py:32} ERROR - ❌ Subprozess-Ausnahme: Command '['dvc', 'remove', '/opt/***/data/processed/user_matrix_features.txt.dvc']' returned non-zero exit status 1.
[2025-06-02T06:00:36.251+0000] {mlops_movie_dag.py:69} WARNING - Ignoriere Fehler bei dvc remove für /opt/***/data/processed/user_matrix_features.txt.dvc: Command '['dvc', 'remove', '/opt/***/data/processed/user_matrix_features.txt.dvc']' returned non-zero exit status 1.
[2025-06-02T06:00:36.251+0000] {python.py:201} INFO - Done. Returned value was: None
[2025-06-02T06:00:36.259+0000] {taskinstance.py:1138} INFO - Marking task as SUCCESS. dag_id=movie_recommendation_pipeline, task_id=cleanup_all, execution_date=20250602T055835, start_date=20250602T060025, end_date=20250602T060036
[2025-06-02T06:00:36.303+0000] {local_task_job_runner.py:234} INFO - Task exited with return code 0
[2025-06-02T06:00:36.323+0000] {taskinstance.py:3280} INFO - 3 downstream tasks scheduled from follow-on schedule check
