[2025-06-07T15:57:26.293+0000] {taskinstance.py:1956} INFO - Dependencies all met for dep_context=non-requeueable deps ti=<TaskInstance: deep_models_pipeline.train_deep_hybrid_model manual__2025-06-07T15:57:21.102732+00:00 [queued]>
[2025-06-07T15:57:26.299+0000] {taskinstance.py:1956} INFO - Dependencies all met for dep_context=requeueable deps ti=<TaskInstance: deep_models_pipeline.train_deep_hybrid_model manual__2025-06-07T15:57:21.102732+00:00 [queued]>
[2025-06-07T15:57:26.299+0000] {taskinstance.py:2170} INFO - Starting attempt 1 of 3
[2025-06-07T15:57:26.308+0000] {taskinstance.py:2191} INFO - Executing <Task(PythonOperator): train_deep_hybrid_model> on 2025-06-07 15:57:21.102732+00:00
[2025-06-07T15:57:26.314+0000] {standard_task_runner.py:60} INFO - Started process 305 to run task
[2025-06-07T15:57:26.315+0000] {standard_task_runner.py:87} INFO - Running: ['***', 'tasks', 'run', 'deep_models_pipeline', 'train_deep_hybrid_model', 'manual__2025-06-07T15:57:21.102732+00:00', '--job-id', '2481', '--raw', '--subdir', 'DAGS_FOLDER/train_deep_model_dag.py', '--cfg-path', '/tmp/tmp9ui16tj1']
[2025-06-07T15:57:26.316+0000] {standard_task_runner.py:88} INFO - Job 2481: Subtask train_deep_hybrid_model
[2025-06-07T15:57:26.346+0000] {task_command.py:423} INFO - Running <TaskInstance: deep_models_pipeline.train_deep_hybrid_model manual__2025-06-07T15:57:21.102732+00:00 [running]> on host 6bdf78a81ed1
[2025-06-07T15:57:26.395+0000] {taskinstance.py:2480} INFO - Exporting env vars: AIRFLOW_CTX_DAG_OWNER='***' AIRFLOW_CTX_DAG_ID='deep_models_pipeline' AIRFLOW_CTX_TASK_ID='train_deep_hybrid_model' AIRFLOW_CTX_EXECUTION_DATE='2025-06-07T15:57:21.102732+00:00' AIRFLOW_CTX_TRY_NUMBER='1' AIRFLOW_CTX_DAG_RUN_ID='manual__2025-06-07T15:57:21.102732+00:00'
[2025-06-07T15:57:26.396+0000] {train_deep_model_dag.py:13} INFO - 🟦 Running command: python /opt/***/src/models/train_hybrid_deep_model.py --n_neighbors=15 --latent_dim=32 --epochs=30 --tfidf_features=300
[2025-06-07T15:58:25.148+0000] {train_deep_model_dag.py:20} INFO - 🟩 [stdout]:
🏃 View run train_hybrid_deep_model at: https://dagshub.com/sacer11/MLOps_movie_rec_apr25.mlflow/#/experiments/10/runs/46f87448ee9a4ba690c4668b8be2cec3
🧪 View experiment at: https://dagshub.com/sacer11/MLOps_movie_rec_apr25.mlflow/#/experiments/10

[2025-06-07T15:58:25.150+0000] {train_deep_model_dag.py:22} WARNING - 🟨 [stderr]:
/home/***/.local/lib/python3.10/site-packages/mlflow/pyfunc/utils/data_validation.py:186: UserWarning: [33mAdd type hints to the `predict` method to enable data validation and automatic signature inference during model logging. Check https://mlflow.org/docs/latest/model/python_model.html#type-hint-usage-in-pythonmodel for more details.[0m
  color_warning(
2025-06-07 15:57:30,952 - __main__ - INFO - 📥 Lade Rohdaten und baue Hybrid-Feature-Matrix ...
2025-06-07 15:57:36,513 - __main__ - INFO - 📐 Hybrid-Matrix erstellt mit Shape: (10381, 1429), Feature-Namen: 1429
2025-06-07 15:57:45,870 - __main__ - INFO - 💾 Hybrid-Matrix gespeichert unter /opt/***/data/processed/hybrid_matrix.csv
2025-06-07 15:57:45,982 - __main__ - INFO - 🚀 Starte Training Autoencoder ...
2025-06-07 15:57:47,033 - __main__ - INFO - Epoch 1/30: Loss = 0.0121
2025-06-07 15:57:47,294 - __main__ - INFO - Epoch 2/30: Loss = 0.0072
2025-06-07 15:57:47,551 - __main__ - INFO - Epoch 3/30: Loss = 0.0061
2025-06-07 15:57:47,847 - __main__ - INFO - Epoch 4/30: Loss = 0.0057
2025-06-07 15:57:48,127 - __main__ - INFO - Epoch 5/30: Loss = 0.0055
2025-06-07 15:57:48,388 - __main__ - INFO - Epoch 6/30: Loss = 0.0053
2025-06-07 15:57:48,629 - __main__ - INFO - Epoch 7/30: Loss = 0.0052
2025-06-07 15:57:48,886 - __main__ - INFO - Epoch 8/30: Loss = 0.0050
2025-06-07 15:57:49,134 - __main__ - INFO - Epoch 9/30: Loss = 0.0050
2025-06-07 15:57:49,377 - __main__ - INFO - Epoch 10/30: Loss = 0.0049
2025-06-07 15:57:49,621 - __main__ - INFO - Epoch 11/30: Loss = 0.0049
2025-06-07 15:57:49,860 - __main__ - INFO - Epoch 12/30: Loss = 0.0048
2025-06-07 15:57:50,120 - __main__ - INFO - Epoch 13/30: Loss = 0.0048
2025-06-07 15:57:50,376 - __main__ - INFO - Epoch 14/30: Loss = 0.0047
2025-06-07 15:57:50,630 - __main__ - INFO - Epoch 15/30: Loss = 0.0047
2025-06-07 15:57:50,878 - __main__ - INFO - Epoch 16/30: Loss = 0.0047
2025-06-07 15:57:51,119 - __main__ - INFO - Epoch 17/30: Loss = 0.0046
2025-06-07 15:57:51,431 - __main__ - INFO - Epoch 18/30: Loss = 0.0046
2025-06-07 15:57:51,759 - __main__ - INFO - Epoch 19/30: Loss = 0.0046
2025-06-07 15:57:52,024 - __main__ - INFO - Epoch 20/30: Loss = 0.0045
2025-06-07 15:57:52,286 - __main__ - INFO - Epoch 21/30: Loss = 0.0045
2025-06-07 15:57:52,544 - __main__ - INFO - Epoch 22/30: Loss = 0.0045
2025-06-07 15:57:52,789 - __main__ - INFO - Epoch 23/30: Loss = 0.0045
2025-06-07 15:57:53,043 - __main__ - INFO - Epoch 24/30: Loss = 0.0044
2025-06-07 15:57:53,353 - __main__ - INFO - Epoch 25/30: Loss = 0.0044
2025-06-07 15:57:53,703 - __main__ - INFO - Epoch 26/30: Loss = 0.0044
2025-06-07 15:57:54,075 - __main__ - INFO - Epoch 27/30: Loss = 0.0044
2025-06-07 15:57:54,453 - __main__ - INFO - Epoch 28/30: Loss = 0.0044
2025-06-07 15:57:54,775 - __main__ - INFO - Epoch 29/30: Loss = 0.0044
2025-06-07 15:57:55,095 - __main__ - INFO - Epoch 30/30: Loss = 0.0044
2025-06-07 15:57:55,330 - __main__ - INFO - ✅ Hybrid-Embeddings gespeichert unter /opt/***/data/processed/hybrid_deep_embedding.csv
2025-06-07 15:57:55,330 - __main__ - INFO - ✅ Hybrid-Embeddings gespeichert unter /opt/***/data/processed/hybrid_deep_embedding.csv
2025-06-07 15:57:55,342 - __main__ - INFO - ✅ Deep KNN Modell gespeichert unter /opt/***/models/hybrid_deep_knn.pkl
2025/06/07 15:58:00 INFO mlflow.pyfunc: Validating input example against model signature

Downloading artifacts:   0%|          | 0/1 [00:00<?, ?it/s]
Downloading artifacts: 100%|██████████| 1/1 [00:00<00:00, 81.12it/s]
Downloading artifacts: 100%|██████████| 1/1 [00:00<00:00, 79.39it/s]
Registered model 'hybrid_deep_model' already exists. Creating a new version of this model...
2025/06/07 15:58:10 INFO mlflow.store.model_registry.abstract_store: Waiting up to 300 seconds for model version to finish creation. Model name: hybrid_deep_model, version 8
Created version '8' of model 'hybrid_deep_model'.
2025-06-07 15:58:21,638 - __main__ - INFO - 📝 Tags für Modellversion 8 gesetzt: n_neighbors=15, latent_dim=32
2025-06-07 15:58:23,642 - __main__ - INFO - 🏁 Deep Hybrid-Model Training abgeschlossen und geloggt.

[2025-06-07T15:58:25.151+0000] {python.py:201} INFO - Done. Returned value was: None
[2025-06-07T15:58:25.164+0000] {taskinstance.py:1138} INFO - Marking task as SUCCESS. dag_id=deep_models_pipeline, task_id=train_deep_hybrid_model, execution_date=20250607T155721, start_date=20250607T155726, end_date=20250607T155825
[2025-06-07T15:58:25.216+0000] {local_task_job_runner.py:234} INFO - Task exited with return code 0
[2025-06-07T15:58:25.246+0000] {taskinstance.py:3280} INFO - 1 downstream tasks scheduled from follow-on schedule check
