[2025-06-18T12:54:36.384+0000] {taskinstance.py:1956} INFO - Dependencies all met for dep_context=non-requeueable deps ti=<TaskInstance: deep_models_pipeline.make_dataset manual__2025-06-18T12:54:33.587776+00:00 [queued]>
[2025-06-18T12:54:36.391+0000] {taskinstance.py:1956} INFO - Dependencies all met for dep_context=requeueable deps ti=<TaskInstance: deep_models_pipeline.make_dataset manual__2025-06-18T12:54:33.587776+00:00 [queued]>
[2025-06-18T12:54:36.392+0000] {taskinstance.py:2170} INFO - Starting attempt 1 of 3
[2025-06-18T12:54:36.402+0000] {taskinstance.py:2191} INFO - Executing <Task(PythonOperator): make_dataset> on 2025-06-18 12:54:33.587776+00:00
[2025-06-18T12:54:36.410+0000] {standard_task_runner.py:60} INFO - Started process 297 to run task
[2025-06-18T12:54:36.412+0000] {standard_task_runner.py:87} INFO - Running: ['***', 'tasks', 'run', 'deep_models_pipeline', 'make_dataset', 'manual__2025-06-18T12:54:33.587776+00:00', '--job-id', '598', '--raw', '--subdir', 'DAGS_FOLDER/train_deep_model_dag.py', '--cfg-path', '/tmp/tmp002wrre1']
[2025-06-18T12:54:36.414+0000] {standard_task_runner.py:88} INFO - Job 598: Subtask make_dataset
[2025-06-18T12:54:36.447+0000] {task_command.py:423} INFO - Running <TaskInstance: deep_models_pipeline.make_dataset manual__2025-06-18T12:54:33.587776+00:00 [running]> on host 3cef70cd7501
[2025-06-18T12:54:36.518+0000] {taskinstance.py:2480} INFO - Exporting env vars: AIRFLOW_CTX_DAG_OWNER='***' AIRFLOW_CTX_DAG_ID='deep_models_pipeline' AIRFLOW_CTX_TASK_ID='make_dataset' AIRFLOW_CTX_EXECUTION_DATE='2025-06-18T12:54:33.587776+00:00' AIRFLOW_CTX_TRY_NUMBER='1' AIRFLOW_CTX_DAG_RUN_ID='manual__2025-06-18T12:54:33.587776+00:00'
[2025-06-18T12:54:36.519+0000] {train_deep_model_dag.py:14} INFO - 🟦 Running command: python /opt/***/src/movie/data/make_dataset.py
[2025-06-18T12:54:36.519+0000] {train_deep_model_dag.py:15} INFO - 🟦 Working directory: /opt/***
[2025-06-18T12:54:36.520+0000] {train_deep_model_dag.py:16} INFO - MLflow Tracking URI: https://dagshub.com/sacer11/MLOps_movie_rec_apr25.mlflow
[2025-06-18T12:54:36.520+0000] {train_deep_model_dag.py:17} INFO - User: Klemp.Thomas
[2025-06-18T12:54:36.520+0000] {train_deep_model_dag.py:18} INFO - Password: 24a59c66cf
[2025-06-18T12:54:37.247+0000] {train_deep_model_dag.py:25} INFO - 🟩 [stdout]:

[2025-06-18T12:54:37.248+0000] {train_deep_model_dag.py:27} WARNING - 🟨 [stderr]:
2025-06-18 12:54:37,150 - __main__ - INFO - 📦 Starting preprocessing of raw data.
2025-06-18 12:54:37,151 - __main__ - INFO - ✅ movies_matrix.csv already exists – skipping processing.

[2025-06-18T12:54:37.248+0000] {python.py:201} INFO - Done. Returned value was: None
[2025-06-18T12:54:37.258+0000] {taskinstance.py:1138} INFO - Marking task as SUCCESS. dag_id=deep_models_pipeline, task_id=make_dataset, execution_date=20250618T125433, start_date=20250618T125436, end_date=20250618T125437
[2025-06-18T12:54:37.310+0000] {local_task_job_runner.py:234} INFO - Task exited with return code 0
[2025-06-18T12:54:37.337+0000] {taskinstance.py:3280} INFO - 1 downstream tasks scheduled from follow-on schedule check
