[2025-06-06T19:48:11.032+0000] {taskinstance.py:1956} INFO - Dependencies all met for dep_context=non-requeueable deps ti=<TaskInstance: deep_models_pipeline.train_deep_hybrid_model manual__2025-06-06T19:48:06.241026+00:00 [queued]>
[2025-06-06T19:48:11.039+0000] {taskinstance.py:1956} INFO - Dependencies all met for dep_context=requeueable deps ti=<TaskInstance: deep_models_pipeline.train_deep_hybrid_model manual__2025-06-06T19:48:06.241026+00:00 [queued]>
[2025-06-06T19:48:11.040+0000] {taskinstance.py:2170} INFO - Starting attempt 1 of 3
[2025-06-06T19:48:11.051+0000] {taskinstance.py:2191} INFO - Executing <Task(PythonOperator): train_deep_hybrid_model> on 2025-06-06 19:48:06.241026+00:00
[2025-06-06T19:48:11.057+0000] {standard_task_runner.py:60} INFO - Started process 310 to run task
[2025-06-06T19:48:11.059+0000] {standard_task_runner.py:87} INFO - Running: ['***', 'tasks', 'run', 'deep_models_pipeline', 'train_deep_hybrid_model', 'manual__2025-06-06T19:48:06.241026+00:00', '--job-id', '2245', '--raw', '--subdir', 'DAGS_FOLDER/train_deep_model_dag.py', '--cfg-path', '/tmp/tmpsp8dhaw0']
[2025-06-06T19:48:11.060+0000] {standard_task_runner.py:88} INFO - Job 2245: Subtask train_deep_hybrid_model
[2025-06-06T19:48:11.094+0000] {task_command.py:423} INFO - Running <TaskInstance: deep_models_pipeline.train_deep_hybrid_model manual__2025-06-06T19:48:06.241026+00:00 [running]> on host 0f93875cfa5a
[2025-06-06T19:48:11.155+0000] {taskinstance.py:2480} INFO - Exporting env vars: AIRFLOW_CTX_DAG_OWNER='***' AIRFLOW_CTX_DAG_ID='deep_models_pipeline' AIRFLOW_CTX_TASK_ID='train_deep_hybrid_model' AIRFLOW_CTX_EXECUTION_DATE='2025-06-06T19:48:06.241026+00:00' AIRFLOW_CTX_TRY_NUMBER='1' AIRFLOW_CTX_DAG_RUN_ID='manual__2025-06-06T19:48:06.241026+00:00'
[2025-06-06T19:48:11.157+0000] {train_deep_model_dag.py:13} INFO - 🟦 Running command: python /opt/***/src/models/train_hybrid_deep_model.py --n_neighbors=10 --latent_dim=32 --epochs=30 --tfidf_features=300
[2025-06-06T19:49:07.770+0000] {train_deep_model_dag.py:20} INFO - 🟩 [stdout]:
🏃 View run train_hybrid_deep_model at: https://dagshub.com/sacer11/MLOps_movie_rec_apr25.mlflow/#/experiments/10/runs/bfdb45c619214bd68c9633d63a68adb0
🧪 View experiment at: https://dagshub.com/sacer11/MLOps_movie_rec_apr25.mlflow/#/experiments/10

[2025-06-06T19:49:07.771+0000] {train_deep_model_dag.py:22} WARNING - 🟨 [stderr]:
/home/***/.local/lib/python3.10/site-packages/mlflow/pyfunc/utils/data_validation.py:186: UserWarning: [33mAdd type hints to the `predict` method to enable data validation and automatic signature inference during model logging. Check https://mlflow.org/docs/latest/model/python_model.html#type-hint-usage-in-pythonmodel for more details.[0m
  color_warning(
2025-06-06 19:48:15,104 - __main__ - INFO - 📥 Lade Rohdaten und baue Hybrid-Feature-Matrix ...
2025-06-06 19:48:20,905 - __main__ - INFO - 📐 Hybrid-Matrix erstellt mit Shape: (10381, 1429), Feature-Namen: 1429
2025-06-06 19:48:30,334 - __main__ - INFO - 💾 Hybrid-Matrix gespeichert unter /opt/***/data/processed/hybrid_matrix.csv
2025-06-06 19:48:30,424 - __main__ - INFO - 🚀 Starte Training Autoencoder ...
2025-06-06 19:48:31,159 - __main__ - INFO - Epoch 1/30: Loss = 0.0121
2025-06-06 19:48:31,457 - __main__ - INFO - Epoch 2/30: Loss = 0.0072
2025-06-06 19:48:31,698 - __main__ - INFO - Epoch 3/30: Loss = 0.0062
2025-06-06 19:48:31,957 - __main__ - INFO - Epoch 4/30: Loss = 0.0057
2025-06-06 19:48:32,199 - __main__ - INFO - Epoch 5/30: Loss = 0.0055
2025-06-06 19:48:32,441 - __main__ - INFO - Epoch 6/30: Loss = 0.0053
2025-06-06 19:48:32,693 - __main__ - INFO - Epoch 7/30: Loss = 0.0051
2025-06-06 19:48:32,930 - __main__ - INFO - Epoch 8/30: Loss = 0.0050
2025-06-06 19:48:33,144 - __main__ - INFO - Epoch 9/30: Loss = 0.0049
2025-06-06 19:48:33,372 - __main__ - INFO - Epoch 10/30: Loss = 0.0049
2025-06-06 19:48:33,604 - __main__ - INFO - Epoch 11/30: Loss = 0.0048
2025-06-06 19:48:33,849 - __main__ - INFO - Epoch 12/30: Loss = 0.0048
2025-06-06 19:48:34,122 - __main__ - INFO - Epoch 13/30: Loss = 0.0047
2025-06-06 19:48:34,384 - __main__ - INFO - Epoch 14/30: Loss = 0.0047
2025-06-06 19:48:34,626 - __main__ - INFO - Epoch 15/30: Loss = 0.0047
2025-06-06 19:48:34,861 - __main__ - INFO - Epoch 16/30: Loss = 0.0046
2025-06-06 19:48:35,100 - __main__ - INFO - Epoch 17/30: Loss = 0.0046
2025-06-06 19:48:35,329 - __main__ - INFO - Epoch 18/30: Loss = 0.0046
2025-06-06 19:48:35,559 - __main__ - INFO - Epoch 19/30: Loss = 0.0046
2025-06-06 19:48:35,805 - __main__ - INFO - Epoch 20/30: Loss = 0.0045
2025-06-06 19:48:36,047 - __main__ - INFO - Epoch 21/30: Loss = 0.0045
2025-06-06 19:48:36,290 - __main__ - INFO - Epoch 22/30: Loss = 0.0045
2025-06-06 19:48:36,529 - __main__ - INFO - Epoch 23/30: Loss = 0.0045
2025-06-06 19:48:36,770 - __main__ - INFO - Epoch 24/30: Loss = 0.0045
2025-06-06 19:48:37,014 - __main__ - INFO - Epoch 25/30: Loss = 0.0044
2025-06-06 19:48:37,289 - __main__ - INFO - Epoch 26/30: Loss = 0.0044
2025-06-06 19:48:37,551 - __main__ - INFO - Epoch 27/30: Loss = 0.0044
2025-06-06 19:48:37,837 - __main__ - INFO - Epoch 28/30: Loss = 0.0044
2025-06-06 19:48:38,086 - __main__ - INFO - Epoch 29/30: Loss = 0.0044
2025-06-06 19:48:38,334 - __main__ - INFO - Epoch 30/30: Loss = 0.0044
2025-06-06 19:48:38,552 - __main__ - INFO - ✅ Hybrid-Embeddings gespeichert unter /opt/***/data/processed/hybrid_deep_embedding.csv
2025-06-06 19:48:38,562 - __main__ - INFO - ✅ Deep KNN Modell gespeichert unter /opt/***/models/hybrid_deep_knn.pkl
2025/06/06 19:48:43 INFO mlflow.pyfunc: Validating input example against model signature

Downloading artifacts:   0%|          | 0/1 [00:00<?, ?it/s]
Downloading artifacts: 100%|██████████| 1/1 [00:00<00:00, 67.01it/s]
Downloading artifacts: 100%|██████████| 1/1 [00:00<00:00, 66.17it/s]
Registered model 'hybrid_deep_model' already exists. Creating a new version of this model...
2025/06/06 19:48:53 INFO mlflow.store.model_registry.abstract_store: Waiting up to 300 seconds for model version to finish creation. Model name: hybrid_deep_model, version 4
Created version '4' of model 'hybrid_deep_model'.
2025-06-06 19:49:04,800 - __main__ - INFO - 📝 Tags für Modellversion 4 gesetzt: n_neighbors=10, latent_dim=32
2025-06-06 19:49:06,809 - __main__ - INFO - 🏁 Deep Hybrid-Model Training abgeschlossen und geloggt.

[2025-06-06T19:49:07.771+0000] {python.py:201} INFO - Done. Returned value was: None
[2025-06-06T19:49:07.781+0000] {taskinstance.py:1138} INFO - Marking task as SUCCESS. dag_id=deep_models_pipeline, task_id=train_deep_hybrid_model, execution_date=20250606T194806, start_date=20250606T194811, end_date=20250606T194907
[2025-06-06T19:49:07.809+0000] {local_task_job_runner.py:234} INFO - Task exited with return code 0
[2025-06-06T19:49:07.838+0000] {taskinstance.py:3280} INFO - 0 downstream tasks scheduled from follow-on schedule check
