[2025-06-06T00:59:32.374+0000] {taskinstance.py:1956} INFO - Dependencies all met for dep_context=non-requeueable deps ti=<TaskInstance: deep_models_pipeline.predict_best_model_hybrid manual__2025-06-06T00:51:52.792868+00:00 [queued]>
[2025-06-06T00:59:32.383+0000] {taskinstance.py:1956} INFO - Dependencies all met for dep_context=requeueable deps ti=<TaskInstance: deep_models_pipeline.predict_best_model_hybrid manual__2025-06-06T00:51:52.792868+00:00 [queued]>
[2025-06-06T00:59:32.383+0000] {taskinstance.py:2170} INFO - Starting attempt 1 of 3
[2025-06-06T00:59:32.394+0000] {taskinstance.py:2191} INFO - Executing <Task(PythonOperator): predict_best_model_hybrid> on 2025-06-06 00:51:52.792868+00:00
[2025-06-06T00:59:32.401+0000] {standard_task_runner.py:60} INFO - Started process 2633 to run task
[2025-06-06T00:59:32.403+0000] {standard_task_runner.py:87} INFO - Running: ['***', 'tasks', 'run', 'deep_models_pipeline', 'predict_best_model_hybrid', 'manual__2025-06-06T00:51:52.792868+00:00', '--job-id', '2127', '--raw', '--subdir', 'DAGS_FOLDER/train_deep_model_dag.py', '--cfg-path', '/tmp/tmp7_j1_62q']
[2025-06-06T00:59:32.405+0000] {standard_task_runner.py:88} INFO - Job 2127: Subtask predict_best_model_hybrid
[2025-06-06T00:59:32.440+0000] {task_command.py:423} INFO - Running <TaskInstance: deep_models_pipeline.predict_best_model_hybrid manual__2025-06-06T00:51:52.792868+00:00 [running]> on host 26ba7f5980a4
[2025-06-06T00:59:32.501+0000] {taskinstance.py:2480} INFO - Exporting env vars: AIRFLOW_CTX_DAG_OWNER='***' AIRFLOW_CTX_DAG_ID='deep_models_pipeline' AIRFLOW_CTX_TASK_ID='predict_best_model_hybrid' AIRFLOW_CTX_EXECUTION_DATE='2025-06-06T00:51:52.792868+00:00' AIRFLOW_CTX_TRY_NUMBER='1' AIRFLOW_CTX_DAG_RUN_ID='manual__2025-06-06T00:51:52.792868+00:00'
[2025-06-06T00:59:32.503+0000] {train_deep_model_dag.py:13} INFO - 🟦 Running command: python /opt/***/src/models/predict_best_model.py --model_type=hybrid --pipeline_type=dl --n_users=100
[2025-06-06T00:59:54.789+0000] {train_deep_model_dag.py:20} INFO - 🟩 [stdout]:

[2025-06-06T00:59:54.789+0000] {train_deep_model_dag.py:22} WARNING - 🟨 [stderr]:
2025-06-06 00:59:34,542 - INFO - 🚀 Starte Prediction über MLflow Registry – Typ: hybrid, Pipeline: dl
2025-06-06 00:59:34,544 - INFO - 📦 Lade Modell aus MLflow Registry: models:/hybrid_deep_model@best_model

Downloading artifacts:   0%|          | 0/8 [00:00<?, ?it/s]
Downloading artifacts:  12%|█▎        | 1/8 [00:00<00:00, 9258.95it/s]
Downloading artifacts:  25%|██▌       | 2/8 [00:08<00:25,  4.30s/it]  
Downloading artifacts:  25%|██▌       | 2/8 [00:08<00:25,  4.30s/it]
Downloading artifacts:  38%|███▊      | 3/8 [00:08<00:13,  2.65s/it]
Downloading artifacts:  38%|███▊      | 3/8 [00:08<00:13,  2.65s/it]
Downloading artifacts:  50%|█████     | 4/8 [00:09<00:08,  2.04s/it]
Downloading artifacts:  50%|█████     | 4/8 [00:09<00:08,  2.04s/it]
Downloading artifacts:  62%|██████▎   | 5/8 [00:10<00:05,  1.67s/it]
Downloading artifacts:  62%|██████▎   | 5/8 [00:10<00:05,  1.67s/it]
Downloading artifacts:  75%|███████▌  | 6/8 [00:11<00:02,  1.45s/it]
Downloading artifacts:  75%|███████▌  | 6/8 [00:11<00:02,  1.45s/it]
Downloading artifacts:  88%|████████▊ | 7/8 [00:13<00:01,  1.40s/it]
Downloading artifacts:  88%|████████▊ | 7/8 [00:13<00:01,  1.40s/it]
Downloading artifacts: 100%|██████████| 8/8 [00:13<00:00,  1.18s/it]
Downloading artifacts: 100%|██████████| 8/8 [00:13<00:00,  1.18s/it]
Downloading artifacts: 100%|██████████| 8/8 [00:13<00:00,  1.74s/it]
2025-06-06 00:59:54,362 - INFO - 📥 Eingabematrix geladen: /opt/***/data/processed/hybrid_deep_embedding.csv – Shape: (10381, 40)
2025-06-06 00:59:54,382 - ERROR - ❌ Fehler bei der Modellvorhersage: Failed to enforce schema of data '            0         1         2  ...        37        38        39
1   -0.374695  0.108468 -0.312326  ... -0.286595 -0.683974  0.077658
2   -0.159526  0.183910 -0.027500  ...  0.158711 -0.503421  0.078193
3    0.116519 -0.199729  0.215433  ...  0.097482 -0.282619  0.184473
4    0.095506 -0.074278 -0.045850  ... -0.013129  0.110443  0.153910
5   -0.027334 -0.196786  0.214206  ...  0.168314 -0.224015  0.423889
..        ...       ...       ...  ...       ...       ...       ...
98  -0.107717  0.048176 -0.077393  ...  0.124509  0.053049  0.224691
99   0.037894 -0.092044 -0.147015  ...  0.016375  0.107248  0.140123
100  0.419966 -0.321994 -0.185374  ... -0.222850  0.030154  0.626407
101 -0.165370 -0.023162 -0.176894  ... -0.340718  0.096175  0.190418
102  0.046574 -0.032322  0.253009  ...  0.075039  0.061272  0.021033

[100 rows x 40 columns]' with schema '['emb_0': float (required), 'emb_1': float (required), 'emb_2': float (required), 'emb_3': float (required), 'emb_4': float (required), 'emb_5': float (required), 'emb_6': float (required), 'emb_7': float (required), 'emb_8': float (required), 'emb_9': float (required), 'emb_10': float (required), 'emb_11': float (required), 'emb_12': float (required), 'emb_13': float (required), 'emb_14': float (required), 'emb_15': float (required), 'emb_16': float (required), 'emb_17': float (required), 'emb_18': float (required), 'emb_19': float (required), 'emb_20': float (required), 'emb_21': float (required), 'emb_22': float (required), 'emb_23': float (required), 'emb_24': float (required), 'emb_25': float (required), 'emb_26': float (required), 'emb_27': float (required), 'emb_28': float (required), 'emb_29': float (required), 'emb_30': float (required), 'emb_31': float (required), 'emb_32': float (required), 'emb_33': float (required), 'emb_34': float (required), 'emb_35': float (required), 'emb_36': float (required), 'emb_37': float (required), 'emb_38': float (required), 'emb_39': float (required)]'. Error: Model is missing inputs ['emb_0', 'emb_1', 'emb_2', 'emb_3', 'emb_4', 'emb_5', 'emb_6', 'emb_7', 'emb_8', 'emb_9', 'emb_10', 'emb_11', 'emb_12', 'emb_13', 'emb_14', 'emb_15', 'emb_16', 'emb_17', 'emb_18', 'emb_19', 'emb_20', 'emb_21', 'emb_22', 'emb_23', 'emb_24', 'emb_25', 'emb_26', 'emb_27', 'emb_28', 'emb_29', 'emb_30', 'emb_31', 'emb_32', 'emb_33', 'emb_34', 'emb_35', 'emb_36', 'emb_37', 'emb_38', 'emb_39']. Note that there were extra inputs: ['8', '12', '28', '6', '32', '37', '4', '29', '30', '15', '18', '17', '23', '13', '21', '25', '36', '24', '5', '31', '2', '20', '19', '34', '10', '22', '14', '27', '0', '26', '35', '39', '38', '3', '7', '11', '16', '33', '9', '1']
Traceback (most recent call last):
  File "/home/***/.local/lib/python3.10/site-packages/mlflow/pyfunc/__init__.py", line 730, in _validate_prediction_input
    data = _enforce_schema(data, input_schema, flavor)
  File "/home/***/.local/lib/python3.10/site-packages/mlflow/models/utils.py", line 1259, in _enforce_schema
    raise MlflowException(message)
mlflow.exceptions.MlflowException: Model is missing inputs ['emb_0', 'emb_1', 'emb_2', 'emb_3', 'emb_4', 'emb_5', 'emb_6', 'emb_7', 'emb_8', 'emb_9', 'emb_10', 'emb_11', 'emb_12', 'emb_13', 'emb_14', 'emb_15', 'emb_16', 'emb_17', 'emb_18', 'emb_19', 'emb_20', 'emb_21', 'emb_22', 'emb_23', 'emb_24', 'emb_25', 'emb_26', 'emb_27', 'emb_28', 'emb_29', 'emb_30', 'emb_31', 'emb_32', 'emb_33', 'emb_34', 'emb_35', 'emb_36', 'emb_37', 'emb_38', 'emb_39']. Note that there were extra inputs: ['8', '12', '28', '6', '32', '37', '4', '29', '30', '15', '18', '17', '23', '13', '21', '25', '36', '24', '5', '31', '2', '20', '19', '34', '10', '22', '14', '27', '0', '26', '35', '39', '38', '3', '7', '11', '16', '33', '9', '1']

During handling of the above exception, another exception occurred:

Traceback (most recent call last):
  File "/opt/***/src/models/predict_best_model.py", line 130, in <module>
    predict_best_model(model_type=args.model_type, pipeline_type=args.pipeline_type, n_users=args.n_users)
  File "/opt/***/src/models/predict_best_model.py", line 85, in predict_best_model
    predictions = model.predict(input_df)
  File "/home/***/.local/lib/python3.10/site-packages/mlflow/pyfunc/__init__.py", line 812, in predict
    return self._predict(data, params)
  File "/home/***/.local/lib/python3.10/site-packages/mlflow/pyfunc/__init__.py", line 851, in _predict
    data, params = _validate_prediction_input(
  File "/home/***/.local/lib/python3.10/site-packages/mlflow/pyfunc/__init__.py", line 733, in _validate_prediction_input
    raise MlflowException.invalid_parameter_value(
mlflow.exceptions.MlflowException: Failed to enforce schema of data '            0         1         2  ...        37        38        39
1   -0.374695  0.108468 -0.312326  ... -0.286595 -0.683974  0.077658
2   -0.159526  0.183910 -0.027500  ...  0.158711 -0.503421  0.078193
3    0.116519 -0.199729  0.215433  ...  0.097482 -0.282619  0.184473
4    0.095506 -0.074278 -0.045850  ... -0.013129  0.110443  0.153910
5   -0.027334 -0.196786  0.214206  ...  0.168314 -0.224015  0.423889
..        ...       ...       ...  ...       ...       ...       ...
98  -0.107717  0.048176 -0.077393  ...  0.124509  0.053049  0.224691
99   0.037894 -0.092044 -0.147015  ...  0.016375  0.107248  0.140123
100  0.419966 -0.321994 -0.185374  ... -0.222850  0.030154  0.626407
101 -0.165370 -0.023162 -0.176894  ... -0.340718  0.096175  0.190418
102  0.046574 -0.032322  0.253009  ...  0.075039  0.061272  0.021033

[100 rows x 40 columns]' with schema '['emb_0': float (required), 'emb_1': float (required), 'emb_2': float (required), 'emb_3': float (required), 'emb_4': float (required), 'emb_5': float (required), 'emb_6': float (required), 'emb_7': float (required), 'emb_8': float (required), 'emb_9': float (required), 'emb_10': float (required), 'emb_11': float (required), 'emb_12': float (required), 'emb_13': float (required), 'emb_14': float (required), 'emb_15': float (required), 'emb_16': float (required), 'emb_17': float (required), 'emb_18': float (required), 'emb_19': float (required), 'emb_20': float (required), 'emb_21': float (required), 'emb_22': float (required), 'emb_23': float (required), 'emb_24': float (required), 'emb_25': float (required), 'emb_26': float (required), 'emb_27': float (required), 'emb_28': float (required), 'emb_29': float (required), 'emb_30': float (required), 'emb_31': float (required), 'emb_32': float (required), 'emb_33': float (required), 'emb_34': float (required), 'emb_35': float (required), 'emb_36': float (required), 'emb_37': float (required), 'emb_38': float (required), 'emb_39': float (required)]'. Error: Model is missing inputs ['emb_0', 'emb_1', 'emb_2', 'emb_3', 'emb_4', 'emb_5', 'emb_6', 'emb_7', 'emb_8', 'emb_9', 'emb_10', 'emb_11', 'emb_12', 'emb_13', 'emb_14', 'emb_15', 'emb_16', 'emb_17', 'emb_18', 'emb_19', 'emb_20', 'emb_21', 'emb_22', 'emb_23', 'emb_24', 'emb_25', 'emb_26', 'emb_27', 'emb_28', 'emb_29', 'emb_30', 'emb_31', 'emb_32', 'emb_33', 'emb_34', 'emb_35', 'emb_36', 'emb_37', 'emb_38', 'emb_39']. Note that there were extra inputs: ['8', '12', '28', '6', '32', '37', '4', '29', '30', '15', '18', '17', '23', '13', '21', '25', '36', '24', '5', '31', '2', '20', '19', '34', '10', '22', '14', '27', '0', '26', '35', '39', '38', '3', '7', '11', '16', '33', '9', '1']

[2025-06-06T00:59:54.790+0000] {train_deep_model_dag.py:29} ERROR - ❌ Subprozess-Fehler (exit code 1): python /opt/***/src/models/predict_best_model.py --model_type=hybrid --pipeline_type=dl --n_users=100
[2025-06-06T00:59:54.791+0000] {train_deep_model_dag.py:32} ERROR - ❌ Subprozess-Ausnahme: Command '['python', '/opt/***/src/models/predict_best_model.py', '--model_type=hybrid', '--pipeline_type=dl', '--n_users=100']' returned non-zero exit status 1.
[2025-06-06T00:59:54.791+0000] {taskinstance.py:2698} ERROR - Task failed with exception
Traceback (most recent call last):
  File "/home/airflow/.local/lib/python3.10/site-packages/airflow/models/taskinstance.py", line 433, in _execute_task
    result = execute_callable(context=context, **execute_callable_kwargs)
  File "/home/airflow/.local/lib/python3.10/site-packages/airflow/operators/python.py", line 199, in execute
    return_value = self.execute_callable()
  File "/home/airflow/.local/lib/python3.10/site-packages/airflow/operators/python.py", line 216, in execute_callable
    return self.python_callable(*self.op_args, **self.op_kwargs)
  File "/opt/airflow/dags/train_deep_model_dag.py", line 119, in run_predict_best_model_hybrid_dl
    run_and_log([
  File "/opt/airflow/dags/train_deep_model_dag.py", line 30, in run_and_log
    raise subprocess.CalledProcessError(result.returncode, command)
subprocess.CalledProcessError: Command '['python', '/opt/airflow/src/models/predict_best_model.py', '--model_type=hybrid', '--pipeline_type=dl', '--n_users=100']' returned non-zero exit status 1.
[2025-06-06T00:59:54.801+0000] {taskinstance.py:1138} INFO - Marking task as UP_FOR_RETRY. dag_id=deep_models_pipeline, task_id=predict_best_model_hybrid, execution_date=20250606T005152, start_date=20250606T005932, end_date=20250606T005954
[2025-06-06T00:59:54.811+0000] {standard_task_runner.py:107} ERROR - Failed to execute job 2127 for task predict_best_model_hybrid (Command '['python', '/opt/airflow/src/models/predict_best_model.py', '--model_type=hybrid', '--pipeline_type=dl', '--n_users=100']' returned non-zero exit status 1.; 2633)
[2025-06-06T00:59:54.841+0000] {local_task_job_runner.py:234} INFO - Task exited with return code 1
[2025-06-06T00:59:54.855+0000] {taskinstance.py:3280} INFO - 0 downstream tasks scheduled from follow-on schedule check
