[2025-06-12T22:16:26.271+0000] {taskinstance.py:1956} INFO - Dependencies all met for dep_context=non-requeueable deps ti=<TaskInstance: deep_models_pipeline.train_deep_hybrid_model manual__2025-06-12T22:16:22.510080+00:00 [queued]>
[2025-06-12T22:16:26.277+0000] {taskinstance.py:1956} INFO - Dependencies all met for dep_context=requeueable deps ti=<TaskInstance: deep_models_pipeline.train_deep_hybrid_model manual__2025-06-12T22:16:22.510080+00:00 [queued]>
[2025-06-12T22:16:26.278+0000] {taskinstance.py:2170} INFO - Starting attempt 1 of 3
[2025-06-12T22:16:26.291+0000] {taskinstance.py:2191} INFO - Executing <Task(PythonOperator): train_deep_hybrid_model> on 2025-06-12 22:16:22.510080+00:00
[2025-06-12T22:16:26.296+0000] {standard_task_runner.py:60} INFO - Started process 995 to run task
[2025-06-12T22:16:26.298+0000] {standard_task_runner.py:87} INFO - Running: ['***', 'tasks', 'run', 'deep_models_pipeline', 'train_deep_hybrid_model', 'manual__2025-06-12T22:16:22.510080+00:00', '--job-id', '125', '--raw', '--subdir', 'DAGS_FOLDER/train_deep_model_dag.py', '--cfg-path', '/tmp/tmpc84pv2lw']
[2025-06-12T22:16:26.300+0000] {standard_task_runner.py:88} INFO - Job 125: Subtask train_deep_hybrid_model
[2025-06-12T22:16:26.330+0000] {task_command.py:423} INFO - Running <TaskInstance: deep_models_pipeline.train_deep_hybrid_model manual__2025-06-12T22:16:22.510080+00:00 [running]> on host 1b5a75728537
[2025-06-12T22:16:26.390+0000] {taskinstance.py:2480} INFO - Exporting env vars: AIRFLOW_CTX_DAG_OWNER='***' AIRFLOW_CTX_DAG_ID='deep_models_pipeline' AIRFLOW_CTX_TASK_ID='train_deep_hybrid_model' AIRFLOW_CTX_EXECUTION_DATE='2025-06-12T22:16:22.510080+00:00' AIRFLOW_CTX_TRY_NUMBER='1' AIRFLOW_CTX_DAG_RUN_ID='manual__2025-06-12T22:16:22.510080+00:00'
[2025-06-12T22:16:26.391+0000] {train_deep_model_dag.py:13} INFO - 🟦 Running command: python /opt/***/src/models/train_hybrid_deep_model.py
[2025-06-12T22:17:40.607+0000] {train_deep_model_dag.py:20} INFO - 🟩 [stdout]:
🏃 View run train_hybrid_deep_model at: https://dagshub.com/sacer11/MLOps_movie_rec_apr25.mlflow/#/experiments/10/runs/104716ec50fa4b75b5df2ac3e5667c52
🧪 View experiment at: https://dagshub.com/sacer11/MLOps_movie_rec_apr25.mlflow/#/experiments/10

[2025-06-12T22:17:40.608+0000] {train_deep_model_dag.py:22} WARNING - 🟨 [stderr]:
2025-06-12 22:16:30,035 - __main__ - INFO - 📥 Lade Rohdaten und baue Hybrid-Feature-Matrix ...
2025-06-12 22:16:34,888 - __main__ - INFO - 📐 Hybrid-Matrix erstellt mit Shape: (10381, 803), Feature-Namen: 803
2025-06-12 22:16:40,473 - __main__ - INFO - 💾 Hybrid-Matrix gespeichert unter /opt/***/data/processed/hybrid_matrix.csv
2025-06-12 22:16:40,523 - __main__ - INFO - 🚀 Starte Training Autoencoder ...
2025-06-12 22:16:41,180 - __main__ - INFO - Epoch 1/30: Loss = 0.0016
2025-06-12 22:16:41,357 - __main__ - INFO - Epoch 2/30: Loss = 0.0012
2025-06-12 22:16:41,536 - __main__ - INFO - Epoch 3/30: Loss = 0.0010
2025-06-12 22:16:41,689 - __main__ - INFO - Epoch 4/30: Loss = 0.0009
2025-06-12 22:16:41,860 - __main__ - INFO - Epoch 5/30: Loss = 0.0009
2025-06-12 22:16:42,020 - __main__ - INFO - Epoch 6/30: Loss = 0.0008
2025-06-12 22:16:42,197 - __main__ - INFO - Epoch 7/30: Loss = 0.0008
2025-06-12 22:16:42,354 - __main__ - INFO - Epoch 8/30: Loss = 0.0008
2025-06-12 22:16:42,507 - __main__ - INFO - Epoch 9/30: Loss = 0.0008
2025-06-12 22:16:42,655 - __main__ - INFO - Epoch 10/30: Loss = 0.0007
2025-06-12 22:16:42,822 - __main__ - INFO - Epoch 11/30: Loss = 0.0007
2025-06-12 22:16:42,991 - __main__ - INFO - Epoch 12/30: Loss = 0.0007
2025-06-12 22:16:43,140 - __main__ - INFO - Epoch 13/30: Loss = 0.0007
2025-06-12 22:16:43,290 - __main__ - INFO - Epoch 14/30: Loss = 0.0007
2025-06-12 22:16:43,447 - __main__ - INFO - Epoch 15/30: Loss = 0.0007
2025-06-12 22:16:43,623 - __main__ - INFO - Epoch 16/30: Loss = 0.0007
2025-06-12 22:16:43,823 - __main__ - INFO - Epoch 17/30: Loss = 0.0007
2025-06-12 22:16:43,999 - __main__ - INFO - Epoch 18/30: Loss = 0.0007
2025-06-12 22:16:44,186 - __main__ - INFO - Epoch 19/30: Loss = 0.0007
2025-06-12 22:16:44,378 - __main__ - INFO - Epoch 20/30: Loss = 0.0006
2025-06-12 22:16:44,533 - __main__ - INFO - Epoch 21/30: Loss = 0.0006
2025-06-12 22:16:44,692 - __main__ - INFO - Epoch 22/30: Loss = 0.0006
2025-06-12 22:16:44,847 - __main__ - INFO - Epoch 23/30: Loss = 0.0006
2025-06-12 22:16:44,997 - __main__ - INFO - Epoch 24/30: Loss = 0.0006
2025-06-12 22:16:45,160 - __main__ - INFO - Epoch 25/30: Loss = 0.0006
2025-06-12 22:16:45,446 - __main__ - INFO - Epoch 26/30: Loss = 0.0006
2025-06-12 22:16:45,669 - __main__ - INFO - Epoch 27/30: Loss = 0.0006
2025-06-12 22:16:45,841 - __main__ - INFO - Epoch 28/30: Loss = 0.0006
2025-06-12 22:16:46,011 - __main__ - INFO - Epoch 29/30: Loss = 0.0006
2025-06-12 22:16:46,192 - __main__ - INFO - Epoch 30/30: Loss = 0.0006
2025-06-12 22:16:46,433 - __main__ - INFO - ✅ Hybrid-Embeddings gespeichert unter /opt/***/data/processed/hybrid_deep_embedding.csv
2025-06-12 22:16:46,443 - __main__ - INFO - ✅ Deep KNN Modell gespeichert unter /opt/***/models/hybrid_deep_knn.pkl
2025/06/12 22:16:58 INFO mlflow.pyfunc: Validating input example against model signature

Downloading artifacts:   0%|          | 0/1 [00:00<?, ?it/s]
Downloading artifacts: 100%|██████████| 1/1 [00:00<00:00, 58.86it/s]
Downloading artifacts: 100%|██████████| 1/1 [00:00<00:00, 58.02it/s]
Registered model 'hybrid_deep_model' already exists. Creating a new version of this model...
2025/06/12 22:17:10 INFO mlflow.store.model_registry.abstract_store: Waiting up to 300 seconds for model version to finish creation. Model name: hybrid_deep_model, version 9
Created version '9' of model 'hybrid_deep_model'.
2025-06-12 22:17:37,679 - __main__ - INFO - 📝 Tags gesetzt für Modellversion 9: n_neighbors=12, latent_dim=32, hidden_dim=176, tfidf_features=300, epochs=30, lr=0.001, batch_size=128, metric=cosine, content_weight=0.95, collab_weight=0.05, power_factor=1.0, precision_10=0.0
2025-06-12 22:17:39,685 - __main__ - INFO - 🏁 Deep Hybrid-Model Training abgeschlossen und geloggt.

[2025-06-12T22:17:40.609+0000] {python.py:201} INFO - Done. Returned value was: None
[2025-06-12T22:17:40.617+0000] {taskinstance.py:1138} INFO - Marking task as SUCCESS. dag_id=deep_models_pipeline, task_id=train_deep_hybrid_model, execution_date=20250612T221622, start_date=20250612T221626, end_date=20250612T221740
[2025-06-12T22:17:40.655+0000] {local_task_job_runner.py:234} INFO - Task exited with return code 0
[2025-06-12T22:17:40.672+0000] {taskinstance.py:3280} INFO - 1 downstream tasks scheduled from follow-on schedule check
