[2025-06-18T13:54:38.813+0000] {taskinstance.py:1956} INFO - Dependencies all met for dep_context=non-requeueable deps ti=<TaskInstance: drift_monitoring_dag.analyze_snapshot_drift manual__2025-06-18T13:54:35.510562+00:00 [queued]>
[2025-06-18T13:54:38.819+0000] {taskinstance.py:1956} INFO - Dependencies all met for dep_context=requeueable deps ti=<TaskInstance: drift_monitoring_dag.analyze_snapshot_drift manual__2025-06-18T13:54:35.510562+00:00 [queued]>
[2025-06-18T13:54:38.820+0000] {taskinstance.py:2170} INFO - Starting attempt 1 of 2
[2025-06-18T13:54:38.830+0000] {taskinstance.py:2191} INFO - Executing <Task(BashOperator): analyze_snapshot_drift> on 2025-06-18 13:54:35.510562+00:00
[2025-06-18T13:54:38.839+0000] {standard_task_runner.py:60} INFO - Started process 4225 to run task
[2025-06-18T13:54:38.841+0000] {standard_task_runner.py:87} INFO - Running: ['***', 'tasks', 'run', 'drift_monitoring_dag', 'analyze_snapshot_drift', 'manual__2025-06-18T13:54:35.510562+00:00', '--job-id', '634', '--raw', '--subdir', 'DAGS_FOLDER/drift_monitoring_dag.py', '--cfg-path', '/tmp/tmpxdh6z84o']
[2025-06-18T13:54:38.842+0000] {standard_task_runner.py:88} INFO - Job 634: Subtask analyze_snapshot_drift
[2025-06-18T13:54:38.877+0000] {task_command.py:423} INFO - Running <TaskInstance: drift_monitoring_dag.analyze_snapshot_drift manual__2025-06-18T13:54:35.510562+00:00 [running]> on host 3cef70cd7501
[2025-06-18T13:54:38.942+0000] {taskinstance.py:2480} INFO - Exporting env vars: AIRFLOW_CTX_DAG_OWNER='***' AIRFLOW_CTX_DAG_ID='drift_monitoring_dag' AIRFLOW_CTX_TASK_ID='analyze_snapshot_drift' AIRFLOW_CTX_EXECUTION_DATE='2025-06-18T13:54:35.510562+00:00' AIRFLOW_CTX_TRY_NUMBER='1' AIRFLOW_CTX_DAG_RUN_ID='manual__2025-06-18T13:54:35.510562+00:00'
[2025-06-18T13:54:38.943+0000] {subprocess.py:63} INFO - Tmp dir root location: /tmp
[2025-06-18T13:54:38.944+0000] {subprocess.py:75} INFO - Running command: ['/usr/bin/bash', '-c', 'python /opt/***/src/monitoring/analyze_drift.py']
[2025-06-18T13:54:38.957+0000] {subprocess.py:86} INFO - Output:
[2025-06-18T13:54:42.880+0000] {subprocess.py:93} INFO - 2025/06/18 13:54:42 INFO mlflow.tracking.fluent: Experiment with name 'hybrid_deep_model' does not exist. Creating a new experiment.
[2025-06-18T13:54:42.881+0000] {subprocess.py:93} INFO - [2025-06-18 13:54:42,881] WARNING - ⚠️ Failed to load configuration – using default – Default: [Errno 2] No such file or directory: '/opt/***/data/monitoring/monitoring_conf.json'
[2025-06-18T13:54:42.935+0000] {subprocess.py:93} INFO - [2025-06-18 13:54:42,935] INFO - ✅ Training and test data loaded
[2025-06-18T13:54:45.842+0000] {subprocess.py:93} INFO - [2025-06-18 13:54:45,841] INFO - 📊 Evidently report saved: /opt/***/reports/drift_report.html
[2025-06-18T13:54:45.843+0000] {subprocess.py:93} INFO - INFO:***.task:📊 Evidently report saved: /opt/***/reports/drift_report.html
[2025-06-18T13:54:45.854+0000] {subprocess.py:93} INFO - [2025-06-18 13:54:45,854] INFO - ✅ Prometheus metrics saved: /opt/***/reports/drift_metrics.prom
[2025-06-18T13:54:45.855+0000] {subprocess.py:93} INFO - INFO:***.task:✅ Prometheus metrics saved: /opt/***/reports/drift_metrics.prom
[2025-06-18T13:54:45.953+0000] {subprocess.py:93} INFO - [2025-06-18 13:54:45,952] INFO - 📥 Embedding files successfully loaded.
[2025-06-18T13:54:45.953+0000] {subprocess.py:93} INFO - INFO:***.task:📥 Embedding files successfully loaded.
[2025-06-18T13:54:45.954+0000] {subprocess.py:93} INFO - [2025-06-18 13:54:45,954] INFO - ✅ 33 common columns for drift analysis.
[2025-06-18T13:54:45.955+0000] {subprocess.py:93} INFO - INFO:***.task:✅ 33 common columns for drift analysis.
[2025-06-18T13:54:46.635+0000] {subprocess.py:93} INFO - [2025-06-18 13:54:46,635] INFO - 📈 Classic Prometheus metrics saved.
[2025-06-18T13:54:46.636+0000] {subprocess.py:93} INFO - INFO:***.task:📈 Classic Prometheus metrics saved.
[2025-06-18T13:54:47.362+0000] {subprocess.py:93} INFO - [2025-06-18 13:54:47,362] WARNING - ⚠️ No model versions found – trying fallback to training run.
[2025-06-18T13:54:47.363+0000] {subprocess.py:93} INFO - WARNING:***.task:⚠️ No model versions found – trying fallback to training run.
[2025-06-18T13:54:47.366+0000] {subprocess.py:93} INFO - [2025-06-18 13:54:47,366] ERROR - ❌ No fallback training run found – cannot log metrics.
[2025-06-18T13:54:47.366+0000] {subprocess.py:93} INFO - ERROR:***.task:❌ No fallback training run found – cannot log metrics.
[2025-06-18T13:54:47.371+0000] {subprocess.py:93} INFO - [2025-06-18 13:54:47,371] INFO - 🔍  Drift detected in 50.00% of features (Alert=1)
[2025-06-18T13:54:47.371+0000] {subprocess.py:93} INFO - INFO:***.task:🔍  Drift detected in 50.00% of features (Alert=1)
[2025-06-18T13:54:47.379+0000] {subprocess.py:93} INFO - [2025-06-18 13:54:47,378] INFO - 📄 Drift metrics saved as JSON: /opt/***/reports/drift_metrics.json
[2025-06-18T13:54:47.379+0000] {subprocess.py:93} INFO - INFO:***.task:📄 Drift metrics saved as JSON: /opt/***/reports/drift_metrics.json
[2025-06-18T13:54:48.414+0000] {subprocess.py:97} INFO - Command exited with return code 0
[2025-06-18T13:54:48.424+0000] {taskinstance.py:1138} INFO - Marking task as SUCCESS. dag_id=drift_monitoring_dag, task_id=analyze_snapshot_drift, execution_date=20250618T135435, start_date=20250618T135438, end_date=20250618T135448
[2025-06-18T13:54:48.470+0000] {local_task_job_runner.py:234} INFO - Task exited with return code 0
[2025-06-18T13:54:48.491+0000] {taskinstance.py:3280} INFO - 1 downstream tasks scheduled from follow-on schedule check
