[2025-06-08T23:23:15.674+0000] {taskinstance.py:1956} INFO - Dependencies all met for dep_context=non-requeueable deps ti=<TaskInstance: deep_models_pipeline.train_deep_hybrid_model manual__2025-06-08T23:23:10.393016+00:00 [queued]>
[2025-06-08T23:23:15.690+0000] {taskinstance.py:1956} INFO - Dependencies all met for dep_context=requeueable deps ti=<TaskInstance: deep_models_pipeline.train_deep_hybrid_model manual__2025-06-08T23:23:10.393016+00:00 [queued]>
[2025-06-08T23:23:15.690+0000] {taskinstance.py:2170} INFO - Starting attempt 1 of 3
[2025-06-08T23:23:15.699+0000] {taskinstance.py:2191} INFO - Executing <Task(PythonOperator): train_deep_hybrid_model> on 2025-06-08 23:23:10.393016+00:00
[2025-06-08T23:23:15.705+0000] {standard_task_runner.py:60} INFO - Started process 305 to run task
[2025-06-08T23:23:15.707+0000] {standard_task_runner.py:87} INFO - Running: ['***', 'tasks', 'run', 'deep_models_pipeline', 'train_deep_hybrid_model', 'manual__2025-06-08T23:23:10.393016+00:00', '--job-id', '3578', '--raw', '--subdir', 'DAGS_FOLDER/train_deep_model_dag.py', '--cfg-path', '/tmp/tmp74od15in']
[2025-06-08T23:23:15.709+0000] {standard_task_runner.py:88} INFO - Job 3578: Subtask train_deep_hybrid_model
[2025-06-08T23:23:15.744+0000] {task_command.py:423} INFO - Running <TaskInstance: deep_models_pipeline.train_deep_hybrid_model manual__2025-06-08T23:23:10.393016+00:00 [running]> on host 8a739447783a
[2025-06-08T23:23:15.800+0000] {taskinstance.py:2480} INFO - Exporting env vars: AIRFLOW_CTX_DAG_OWNER='***' AIRFLOW_CTX_DAG_ID='deep_models_pipeline' AIRFLOW_CTX_TASK_ID='train_deep_hybrid_model' AIRFLOW_CTX_EXECUTION_DATE='2025-06-08T23:23:10.393016+00:00' AIRFLOW_CTX_TRY_NUMBER='1' AIRFLOW_CTX_DAG_RUN_ID='manual__2025-06-08T23:23:10.393016+00:00'
[2025-06-08T23:23:15.801+0000] {train_deep_model_dag.py:13} INFO - 🟦 Running command: python /opt/***/src/models/train_hybrid_deep_model.py --n_neighbors=10 --latent_dim=64 --epochs=30 --tfidf_features=300
[2025-06-08T23:24:14.183+0000] {train_deep_model_dag.py:20} INFO - 🟩 [stdout]:
🏃 View run train_hybrid_deep_model at: https://dagshub.com/sacer11/MLOps_movie_rec_apr25.mlflow/#/experiments/10/runs/93fa243a6a6948efb55c159537758457
🧪 View experiment at: https://dagshub.com/sacer11/MLOps_movie_rec_apr25.mlflow/#/experiments/10

[2025-06-08T23:24:14.184+0000] {train_deep_model_dag.py:22} WARNING - 🟨 [stderr]:
2025-06-08 23:23:19,368 - __main__ - INFO - 📥 Lade Rohdaten und baue Hybrid-Feature-Matrix ...
2025-06-08 23:23:24,313 - __main__ - INFO - 📐 Hybrid-Matrix erstellt mit Shape: (10381, 1429), Feature-Namen: 1429
2025-06-08 23:23:34,141 - __main__ - INFO - 💾 Hybrid-Matrix gespeichert unter /opt/***/data/processed/hybrid_matrix.csv
2025-06-08 23:23:34,229 - __main__ - INFO - 🚀 Starte Training Autoencoder ...
2025-06-08 23:23:35,012 - __main__ - INFO - Epoch 1/30: Loss = 0.0121
2025-06-08 23:23:35,277 - __main__ - INFO - Epoch 2/30: Loss = 0.0070
2025-06-08 23:23:35,581 - __main__ - INFO - Epoch 3/30: Loss = 0.0059
2025-06-08 23:23:35,834 - __main__ - INFO - Epoch 4/30: Loss = 0.0055
2025-06-08 23:23:36,092 - __main__ - INFO - Epoch 5/30: Loss = 0.0052
2025-06-08 23:23:36,385 - __main__ - INFO - Epoch 6/30: Loss = 0.0050
2025-06-08 23:23:36,629 - __main__ - INFO - Epoch 7/30: Loss = 0.0048
2025-06-08 23:23:36,883 - __main__ - INFO - Epoch 8/30: Loss = 0.0047
2025-06-08 23:23:37,147 - __main__ - INFO - Epoch 9/30: Loss = 0.0046
2025-06-08 23:23:37,404 - __main__ - INFO - Epoch 10/30: Loss = 0.0045
2025-06-08 23:23:37,669 - __main__ - INFO - Epoch 11/30: Loss = 0.0044
2025-06-08 23:23:37,943 - __main__ - INFO - Epoch 12/30: Loss = 0.0044
2025-06-08 23:23:38,168 - __main__ - INFO - Epoch 13/30: Loss = 0.0043
2025-06-08 23:23:38,399 - __main__ - INFO - Epoch 14/30: Loss = 0.0043
2025-06-08 23:23:38,631 - __main__ - INFO - Epoch 15/30: Loss = 0.0042
2025-06-08 23:23:38,866 - __main__ - INFO - Epoch 16/30: Loss = 0.0042
2025-06-08 23:23:39,098 - __main__ - INFO - Epoch 17/30: Loss = 0.0042
2025-06-08 23:23:39,337 - __main__ - INFO - Epoch 18/30: Loss = 0.0041
2025-06-08 23:23:39,588 - __main__ - INFO - Epoch 19/30: Loss = 0.0041
2025-06-08 23:23:39,820 - __main__ - INFO - Epoch 20/30: Loss = 0.0041
2025-06-08 23:23:40,064 - __main__ - INFO - Epoch 21/30: Loss = 0.0041
2025-06-08 23:23:40,300 - __main__ - INFO - Epoch 22/30: Loss = 0.0040
2025-06-08 23:23:40,550 - __main__ - INFO - Epoch 23/30: Loss = 0.0040
2025-06-08 23:23:40,817 - __main__ - INFO - Epoch 24/30: Loss = 0.0040
2025-06-08 23:23:41,103 - __main__ - INFO - Epoch 25/30: Loss = 0.0040
2025-06-08 23:23:41,385 - __main__ - INFO - Epoch 26/30: Loss = 0.0040
2025-06-08 23:23:41,679 - __main__ - INFO - Epoch 27/30: Loss = 0.0040
2025-06-08 23:23:41,933 - __main__ - INFO - Epoch 28/30: Loss = 0.0039
2025-06-08 23:23:42,164 - __main__ - INFO - Epoch 29/30: Loss = 0.0039
2025-06-08 23:23:42,397 - __main__ - INFO - Epoch 30/30: Loss = 0.0039
2025-06-08 23:23:42,819 - __main__ - INFO - ✅ Hybrid-Embeddings gespeichert unter /opt/***/data/processed/hybrid_deep_embedding.csv
2025-06-08 23:23:42,819 - __main__ - INFO - ✅ Hybrid-Embeddings gespeichert unter /opt/***/data/processed/hybrid_deep_embedding.csv
2025-06-08 23:23:42,835 - __main__ - INFO - ✅ Deep KNN Modell gespeichert unter /opt/***/models/hybrid_deep_knn.pkl
2025/06/08 23:23:48 INFO mlflow.pyfunc: Validating input example against model signature

Downloading artifacts:   0%|          | 0/1 [00:00<?, ?it/s]
Downloading artifacts: 100%|██████████| 1/1 [00:00<00:00, 48.84it/s]
Downloading artifacts: 100%|██████████| 1/1 [00:00<00:00, 48.28it/s]
Registered model 'hybrid_deep_model' already exists. Creating a new version of this model...
2025/06/08 23:23:58 INFO mlflow.store.model_registry.abstract_store: Waiting up to 300 seconds for model version to finish creation. Model name: hybrid_deep_model, version 60
Created version '60' of model 'hybrid_deep_model'.
2025-06-08 23:24:11,119 - __main__ - INFO - 📝 Tags für Modellversion 60 gesetzt: n_neighbors=10, latent_dim=64, tfidf_features=300, epochs=30
2025-06-08 23:24:13,137 - __main__ - INFO - 🏁 Deep Hybrid-Model Training abgeschlossen und geloggt.

[2025-06-08T23:24:14.185+0000] {python.py:201} INFO - Done. Returned value was: None
[2025-06-08T23:24:14.196+0000] {taskinstance.py:1138} INFO - Marking task as SUCCESS. dag_id=deep_models_pipeline, task_id=train_deep_hybrid_model, execution_date=20250608T232310, start_date=20250608T232315, end_date=20250608T232414
[2025-06-08T23:24:14.225+0000] {local_task_job_runner.py:234} INFO - Task exited with return code 0
[2025-06-08T23:24:14.246+0000] {taskinstance.py:3280} INFO - 1 downstream tasks scheduled from follow-on schedule check
