[2025-06-01T12:53:12.097+0000] {taskinstance.py:1956} INFO - Dependencies all met for dep_context=non-requeueable deps ti=<TaskInstance: movie_recommendation_pipeline.dvc_push_models manual__2025-06-01T12:49:15.136293+00:00 [queued]>
[2025-06-01T12:53:12.103+0000] {taskinstance.py:1956} INFO - Dependencies all met for dep_context=requeueable deps ti=<TaskInstance: movie_recommendation_pipeline.dvc_push_models manual__2025-06-01T12:49:15.136293+00:00 [queued]>
[2025-06-01T12:53:12.104+0000] {taskinstance.py:2170} INFO - Starting attempt 1 of 3
[2025-06-01T12:53:12.113+0000] {taskinstance.py:2191} INFO - Executing <Task(BashOperator): dvc_push_models> on 2025-06-01 12:49:15.136293+00:00
[2025-06-01T12:53:12.120+0000] {standard_task_runner.py:60} INFO - Started process 678 to run task
[2025-06-01T12:53:12.122+0000] {standard_task_runner.py:87} INFO - Running: ['***', 'tasks', 'run', 'movie_recommendation_pipeline', 'dvc_push_models', 'manual__2025-06-01T12:49:15.136293+00:00', '--job-id', '1011', '--raw', '--subdir', 'DAGS_FOLDER/mlops_movie_dag.py', '--cfg-path', '/tmp/tmpgi85y98_']
[2025-06-01T12:53:12.123+0000] {standard_task_runner.py:88} INFO - Job 1011: Subtask dvc_push_models
[2025-06-01T12:53:12.155+0000] {task_command.py:423} INFO - Running <TaskInstance: movie_recommendation_pipeline.dvc_push_models manual__2025-06-01T12:49:15.136293+00:00 [running]> on host 4341016188c8
[2025-06-01T12:53:12.210+0000] {taskinstance.py:2480} INFO - Exporting env vars: AIRFLOW_CTX_DAG_OWNER='***' AIRFLOW_CTX_DAG_ID='movie_recommendation_pipeline' AIRFLOW_CTX_TASK_ID='dvc_push_models' AIRFLOW_CTX_EXECUTION_DATE='2025-06-01T12:49:15.136293+00:00' AIRFLOW_CTX_TRY_NUMBER='1' AIRFLOW_CTX_DAG_RUN_ID='manual__2025-06-01T12:49:15.136293+00:00'
[2025-06-01T12:53:12.212+0000] {subprocess.py:63} INFO - Tmp dir root location: /tmp
[2025-06-01T12:53:12.213+0000] {subprocess.py:75} INFO - Running command: ['/usr/bin/bash', '-c', '\n        cd /opt/*** &&\n        git config --global user.email \'***@localhost\' &&\n        git config --global user.name \'Airflow CI\' &&\n        dvc add models/hybrid_model.pkl &&\n        dvc add models/user_model.pkl &&\n        git add models/hybrid_model.pkl.dvc models/user_model.pkl.dvc .gitignore &&\n        git commit -m "Update hybrid_model and user_model with DVC" || echo "No changes to commit" &&\n        dvc push\n        ']
[2025-06-01T12:53:12.224+0000] {subprocess.py:86} INFO - Output:
[2025-06-01T12:53:21.359+0000] {subprocess.py:93} INFO - 
[2025-06-01T12:53:21.360+0000] {subprocess.py:93} INFO - To track the changes with git, run:
[2025-06-01T12:53:21.360+0000] {subprocess.py:93} INFO - 
[2025-06-01T12:53:21.361+0000] {subprocess.py:93} INFO - 	git add models/.gitignore models/hybrid_model.pkl.dvc
[2025-06-01T12:53:21.361+0000] {subprocess.py:93} INFO - 
[2025-06-01T12:53:21.362+0000] {subprocess.py:93} INFO - To enable auto staging, run:
[2025-06-01T12:53:21.362+0000] {subprocess.py:93} INFO - 
[2025-06-01T12:53:21.363+0000] {subprocess.py:93} INFO - 	dvc config core.autostage true
[2025-06-01T12:53:27.319+0000] {subprocess.py:93} INFO - 
[2025-06-01T12:53:27.320+0000] {subprocess.py:93} INFO - To track the changes with git, run:
[2025-06-01T12:53:27.320+0000] {subprocess.py:93} INFO - 
[2025-06-01T12:53:27.321+0000] {subprocess.py:93} INFO - 	git add models/.gitignore models/user_model.pkl.dvc
[2025-06-01T12:53:27.321+0000] {subprocess.py:93} INFO - 
[2025-06-01T12:53:27.321+0000] {subprocess.py:93} INFO - To enable auto staging, run:
[2025-06-01T12:53:27.322+0000] {subprocess.py:93} INFO - 
[2025-06-01T12:53:27.322+0000] {subprocess.py:93} INFO - 	dvc config core.autostage true
[2025-06-01T12:53:27.470+0000] {subprocess.py:93} INFO - fatal: detected dubious ownership in repository at '/opt/***'
[2025-06-01T12:53:27.471+0000] {subprocess.py:93} INFO - To add an exception for this directory, call:
[2025-06-01T12:53:27.471+0000] {subprocess.py:93} INFO - 
[2025-06-01T12:53:27.472+0000] {subprocess.py:93} INFO - 	git config --global --add safe.directory /opt/***
[2025-06-01T12:53:27.472+0000] {subprocess.py:93} INFO - No changes to commit
[2025-06-01T12:53:32.478+0000] {subprocess.py:93} INFO - Everything is up to date.
[2025-06-01T12:53:32.590+0000] {subprocess.py:97} INFO - Command exited with return code 0
[2025-06-01T12:53:32.613+0000] {taskinstance.py:1138} INFO - Marking task as SUCCESS. dag_id=movie_recommendation_pipeline, task_id=dvc_push_models, execution_date=20250601T124915, start_date=20250601T125312, end_date=20250601T125332
[2025-06-01T12:53:32.633+0000] {local_task_job_runner.py:234} INFO - Task exited with return code 0
[2025-06-01T12:53:32.654+0000] {taskinstance.py:3280} INFO - 1 downstream tasks scheduled from follow-on schedule check
