[2025-06-07T17:35:32.043+0000] {taskinstance.py:1956} INFO - Dependencies all met for dep_context=non-requeueable deps ti=<TaskInstance: deep_models_pipeline.import_raw_data manual__2025-06-07T17:35:30.788979+00:00 [queued]>
[2025-06-07T17:35:32.049+0000] {taskinstance.py:1956} INFO - Dependencies all met for dep_context=requeueable deps ti=<TaskInstance: deep_models_pipeline.import_raw_data manual__2025-06-07T17:35:30.788979+00:00 [queued]>
[2025-06-07T17:35:32.050+0000] {taskinstance.py:2170} INFO - Starting attempt 1 of 3
[2025-06-07T17:35:32.060+0000] {taskinstance.py:2191} INFO - Executing <Task(PythonOperator): import_raw_data> on 2025-06-07 17:35:30.788979+00:00
[2025-06-07T17:35:32.067+0000] {standard_task_runner.py:60} INFO - Started process 205 to run task
[2025-06-07T17:35:32.073+0000] {standard_task_runner.py:87} INFO - Running: ['***', 'tasks', 'run', 'deep_models_pipeline', 'import_raw_data', 'manual__2025-06-07T17:35:30.788979+00:00', '--job-id', '2520', '--raw', '--subdir', 'DAGS_FOLDER/train_deep_model_dag.py', '--cfg-path', '/tmp/tmphhw5sxlb']
[2025-06-07T17:35:32.075+0000] {standard_task_runner.py:88} INFO - Job 2520: Subtask import_raw_data
[2025-06-07T17:35:32.115+0000] {task_command.py:423} INFO - Running <TaskInstance: deep_models_pipeline.import_raw_data manual__2025-06-07T17:35:30.788979+00:00 [running]> on host c678c14eff55
[2025-06-07T17:35:32.186+0000] {taskinstance.py:2480} INFO - Exporting env vars: AIRFLOW_CTX_DAG_OWNER='***' AIRFLOW_CTX_DAG_ID='deep_models_pipeline' AIRFLOW_CTX_TASK_ID='import_raw_data' AIRFLOW_CTX_EXECUTION_DATE='2025-06-07T17:35:30.788979+00:00' AIRFLOW_CTX_TRY_NUMBER='1' AIRFLOW_CTX_DAG_RUN_ID='manual__2025-06-07T17:35:30.788979+00:00'
[2025-06-07T17:35:32.187+0000] {train_deep_model_dag.py:13} INFO - 🟦 Running command: python /opt/***/src/data/import_raw_data.py
[2025-06-07T17:35:38.700+0000] {train_deep_model_dag.py:20} INFO - 🟩 [stdout]:

To track the changes with git, run:

	git add data/processed/hybrid_deep_embedding_best.csv.dvc

To enable auto staging, run:

	dvc config core.autostage true

[2025-06-07T17:35:38.701+0000] {train_deep_model_dag.py:22} WARNING - 🟨 [stderr]:
2025-06-07 17:35:32,553 - root - INFO - --- Test: Kopiere Best-Embedding (User: ***) ---
2025-06-07 17:35:32,553 - root - INFO - EMBEDDING_PATH: /opt/***/data/processed/hybrid_deep_embedding.csv
2025-06-07 17:35:32,553 - root - INFO - Best-Embedding Ziel: /opt/***/data/processed/hybrid_deep_embedding_best.csv
2025-06-07 17:35:32,554 - root - INFO - Write permission on Zielverzeichnis: True
2025-06-07 17:35:32,651 - root - INFO - ✅ Best-Embedding als _best gespeichert!
2025-06-07 17:35:37,797 - root - INFO - ✅ dvc add erfolgreich.
2025-06-07 17:35:37,885 - root - INFO - ✅ git add erfolgreich.
Author identity unknown

*** Please tell me who you are.

Run

  git config --global user.email "you@example.com"
  git config --global user.name "Your Name"

to set your account's default identity.
Omit --global to set the identity only in this repository.

fatal: unable to auto-detect email address (got '***@c678c14eff55.(none)')
2025-06-07 17:35:38,676 - root - ERROR - ❌ Fehler beim DVC push der _best-Embedding-Datei: Command '['git', 'commit', '-m', 'Track new best embedding (TEST-COMMIT)']' returned non-zero exit status 128.
2025-06-07 17:35:38,677 - root - INFO - ✅ Datei bereits vorhanden, überspringe: genome-scores.csv
2025-06-07 17:35:38,678 - root - INFO - ✅ Datei bereits vorhanden, überspringe: genome-tags.csv
2025-06-07 17:35:38,679 - root - INFO - ✅ Datei bereits vorhanden, überspringe: links.csv
2025-06-07 17:35:38,680 - root - INFO - ✅ Datei bereits vorhanden, überspringe: movies.csv
2025-06-07 17:35:38,680 - root - INFO - ✅ Datei bereits vorhanden, überspringe: ratings.csv
2025-06-07 17:35:38,681 - root - INFO - ✅ Datei bereits vorhanden, überspringe: README.txt
2025-06-07 17:35:38,681 - root - INFO - ✅ Datei bereits vorhanden, überspringe: tags.csv
2025-06-07 17:35:38,681 - root - INFO - ✅ Rohdatenprüfung abgeschlossen.

[2025-06-07T17:35:38.701+0000] {python.py:201} INFO - Done. Returned value was: None
[2025-06-07T17:35:38.714+0000] {taskinstance.py:1138} INFO - Marking task as SUCCESS. dag_id=deep_models_pipeline, task_id=import_raw_data, execution_date=20250607T173530, start_date=20250607T173532, end_date=20250607T173538
[2025-06-07T17:35:38.747+0000] {local_task_job_runner.py:234} INFO - Task exited with return code 0
[2025-06-07T17:35:38.771+0000] {taskinstance.py:3280} INFO - 1 downstream tasks scheduled from follow-on schedule check
