[2025-06-06T18:16:25.404+0000] {taskinstance.py:1956} INFO - Dependencies all met for dep_context=non-requeueable deps ti=<TaskInstance: deep_models_pipeline.train_deep_hybrid_model manual__2025-06-06T18:16:20.041051+00:00 [queued]>
[2025-06-06T18:16:25.413+0000] {taskinstance.py:1956} INFO - Dependencies all met for dep_context=requeueable deps ti=<TaskInstance: deep_models_pipeline.train_deep_hybrid_model manual__2025-06-06T18:16:20.041051+00:00 [queued]>
[2025-06-06T18:16:25.413+0000] {taskinstance.py:2170} INFO - Starting attempt 1 of 3
[2025-06-06T18:16:25.425+0000] {taskinstance.py:2191} INFO - Executing <Task(PythonOperator): train_deep_hybrid_model> on 2025-06-06 18:16:20.041051+00:00
[2025-06-06T18:16:25.430+0000] {standard_task_runner.py:60} INFO - Started process 304 to run task
[2025-06-06T18:16:25.433+0000] {standard_task_runner.py:87} INFO - Running: ['***', 'tasks', 'run', 'deep_models_pipeline', 'train_deep_hybrid_model', 'manual__2025-06-06T18:16:20.041051+00:00', '--job-id', '2216', '--raw', '--subdir', 'DAGS_FOLDER/train_deep_model_dag.py', '--cfg-path', '/tmp/tmp_qpu8od2']
[2025-06-06T18:16:25.434+0000] {standard_task_runner.py:88} INFO - Job 2216: Subtask train_deep_hybrid_model
[2025-06-06T18:16:25.469+0000] {task_command.py:423} INFO - Running <TaskInstance: deep_models_pipeline.train_deep_hybrid_model manual__2025-06-06T18:16:20.041051+00:00 [running]> on host ad6b6abc6237
[2025-06-06T18:16:25.533+0000] {taskinstance.py:2480} INFO - Exporting env vars: AIRFLOW_CTX_DAG_OWNER='***' AIRFLOW_CTX_DAG_ID='deep_models_pipeline' AIRFLOW_CTX_TASK_ID='train_deep_hybrid_model' AIRFLOW_CTX_EXECUTION_DATE='2025-06-06T18:16:20.041051+00:00' AIRFLOW_CTX_TRY_NUMBER='1' AIRFLOW_CTX_DAG_RUN_ID='manual__2025-06-06T18:16:20.041051+00:00'
[2025-06-06T18:16:25.534+0000] {train_deep_model_dag.py:13} INFO - 🟦 Running command: python /opt/***/src/models/train_hybrid_deep_model.py --n_neighbors=10 --latent_dim=32 --epochs=30 --tfidf_features=300
[2025-06-06T18:17:23.515+0000] {train_deep_model_dag.py:20} INFO - 🟩 [stdout]:
🏃 View run train_hybrid_deep_model at: https://dagshub.com/sacer11/MLOps_movie_rec_apr25.mlflow/#/experiments/10/runs/8d038c2b2f494064a830e36b0469c3a9
🧪 View experiment at: https://dagshub.com/sacer11/MLOps_movie_rec_apr25.mlflow/#/experiments/10

[2025-06-06T18:17:23.516+0000] {train_deep_model_dag.py:22} WARNING - 🟨 [stderr]:
/home/***/.local/lib/python3.10/site-packages/mlflow/pyfunc/utils/data_validation.py:186: UserWarning: [33mAdd type hints to the `predict` method to enable data validation and automatic signature inference during model logging. Check https://mlflow.org/docs/latest/model/python_model.html#type-hint-usage-in-pythonmodel for more details.[0m
  color_warning(
2025/06/06 18:16:30 INFO mlflow.tracking.fluent: Experiment with name 'hybrid_deep_model' does not exist. Creating a new experiment.
2025-06-06 18:16:30,290 - __main__ - INFO - 📥 Lade Rohdaten und baue Hybrid-Feature-Matrix ...
2025-06-06 18:16:36,086 - __main__ - INFO - 📐 Hybrid-Matrix erstellt mit Shape: (10381, 1429), Feature-Namen: 1429
2025-06-06 18:16:45,287 - __main__ - INFO - 💾 Hybrid-Matrix gespeichert unter /opt/***/data/processed/hybrid_matrix.csv
2025-06-06 18:16:45,379 - __main__ - INFO - 🚀 Starte Training Autoencoder ...
2025-06-06 18:16:46,351 - __main__ - INFO - Epoch 1/30: Loss = 0.0122
2025-06-06 18:16:46,593 - __main__ - INFO - Epoch 2/30: Loss = 0.0071
2025-06-06 18:16:46,833 - __main__ - INFO - Epoch 3/30: Loss = 0.0061
2025-06-06 18:16:47,075 - __main__ - INFO - Epoch 4/30: Loss = 0.0057
2025-06-06 18:16:47,334 - __main__ - INFO - Epoch 5/30: Loss = 0.0054
2025-06-06 18:16:47,617 - __main__ - INFO - Epoch 6/30: Loss = 0.0052
2025-06-06 18:16:47,905 - __main__ - INFO - Epoch 7/30: Loss = 0.0051
2025-06-06 18:16:48,167 - __main__ - INFO - Epoch 8/30: Loss = 0.0050
2025-06-06 18:16:48,413 - __main__ - INFO - Epoch 9/30: Loss = 0.0049
2025-06-06 18:16:48,651 - __main__ - INFO - Epoch 10/30: Loss = 0.0049
2025-06-06 18:16:48,889 - __main__ - INFO - Epoch 11/30: Loss = 0.0048
2025-06-06 18:16:49,125 - __main__ - INFO - Epoch 12/30: Loss = 0.0048
2025-06-06 18:16:49,367 - __main__ - INFO - Epoch 13/30: Loss = 0.0047
2025-06-06 18:16:49,616 - __main__ - INFO - Epoch 14/30: Loss = 0.0047
2025-06-06 18:16:49,849 - __main__ - INFO - Epoch 15/30: Loss = 0.0046
2025-06-06 18:16:50,103 - __main__ - INFO - Epoch 16/30: Loss = 0.0046
2025-06-06 18:16:50,342 - __main__ - INFO - Epoch 17/30: Loss = 0.0046
2025-06-06 18:16:50,598 - __main__ - INFO - Epoch 18/30: Loss = 0.0045
2025-06-06 18:16:50,838 - __main__ - INFO - Epoch 19/30: Loss = 0.0045
2025-06-06 18:16:51,123 - __main__ - INFO - Epoch 20/30: Loss = 0.0045
2025-06-06 18:16:51,420 - __main__ - INFO - Epoch 21/30: Loss = 0.0045
2025-06-06 18:16:51,741 - __main__ - INFO - Epoch 22/30: Loss = 0.0045
2025-06-06 18:16:52,027 - __main__ - INFO - Epoch 23/30: Loss = 0.0044
2025-06-06 18:16:52,293 - __main__ - INFO - Epoch 24/30: Loss = 0.0044
2025-06-06 18:16:52,529 - __main__ - INFO - Epoch 25/30: Loss = 0.0044
2025-06-06 18:16:52,760 - __main__ - INFO - Epoch 26/30: Loss = 0.0044
2025-06-06 18:16:52,997 - __main__ - INFO - Epoch 27/30: Loss = 0.0044
2025-06-06 18:16:53,234 - __main__ - INFO - Epoch 28/30: Loss = 0.0044
2025-06-06 18:16:53,485 - __main__ - INFO - Epoch 29/30: Loss = 0.0044
2025-06-06 18:16:53,739 - __main__ - INFO - Epoch 30/30: Loss = 0.0044
2025-06-06 18:16:53,967 - __main__ - INFO - ✅ Hybrid-Embeddings gespeichert unter /opt/***/data/processed/hybrid_deep_embedding.csv
2025-06-06 18:16:53,977 - __main__ - INFO - ✅ Deep KNN Modell gespeichert unter /opt/***/models/hybrid_deep_knn.pkl
2025/06/06 18:16:58 INFO mlflow.pyfunc: Validating input example against model signature

Downloading artifacts:   0%|          | 0/1 [00:00<?, ?it/s]
Downloading artifacts: 100%|██████████| 1/1 [00:00<00:00, 87.61it/s]
Downloading artifacts: 100%|██████████| 1/1 [00:00<00:00, 86.62it/s]
Successfully registered model 'hybrid_deep_model'.
2025/06/06 18:17:09 INFO mlflow.store.model_registry.abstract_store: Waiting up to 300 seconds for model version to finish creation. Model name: hybrid_deep_model, version 1
Created version '1' of model 'hybrid_deep_model'.
2025-06-06 18:17:20,251 - __main__ - INFO - 📝 Tags für Modellversion 1 gesetzt: n_neighbors=10, latent_dim=32
2025-06-06 18:17:22,264 - __main__ - INFO - 🏁 Deep Hybrid-Model Training abgeschlossen und geloggt.

[2025-06-06T18:17:23.516+0000] {python.py:201} INFO - Done. Returned value was: None
[2025-06-06T18:17:23.524+0000] {taskinstance.py:1138} INFO - Marking task as SUCCESS. dag_id=deep_models_pipeline, task_id=train_deep_hybrid_model, execution_date=20250606T181620, start_date=20250606T181625, end_date=20250606T181723
[2025-06-06T18:17:23.547+0000] {local_task_job_runner.py:234} INFO - Task exited with return code 0
[2025-06-06T18:17:23.565+0000] {taskinstance.py:3280} INFO - 1 downstream tasks scheduled from follow-on schedule check
