[2025-06-02T00:38:34.690+0000] {taskinstance.py:1956} INFO - Dependencies all met for dep_context=non-requeueable deps ti=<TaskInstance: movie_recommendation_pipeline.predict_best_model manual__2025-06-02T00:34:18.343703+00:00 [queued]>
[2025-06-02T00:38:34.695+0000] {taskinstance.py:1956} INFO - Dependencies all met for dep_context=requeueable deps ti=<TaskInstance: movie_recommendation_pipeline.predict_best_model manual__2025-06-02T00:34:18.343703+00:00 [queued]>
[2025-06-02T00:38:34.695+0000] {taskinstance.py:2170} INFO - Starting attempt 1 of 3
[2025-06-02T00:38:34.705+0000] {taskinstance.py:2191} INFO - Executing <Task(PythonOperator): predict_best_model> on 2025-06-02 00:34:18.343703+00:00
[2025-06-02T00:38:34.712+0000] {standard_task_runner.py:60} INFO - Started process 810 to run task
[2025-06-02T00:38:34.714+0000] {standard_task_runner.py:87} INFO - Running: ['***', 'tasks', 'run', 'movie_recommendation_pipeline', 'predict_best_model', 'manual__2025-06-02T00:34:18.343703+00:00', '--job-id', '1349', '--raw', '--subdir', 'DAGS_FOLDER/mlops_movie_dag.py', '--cfg-path', '/tmp/tmpnrl71nrq']
[2025-06-02T00:38:34.715+0000] {standard_task_runner.py:88} INFO - Job 1349: Subtask predict_best_model
[2025-06-02T00:38:34.747+0000] {task_command.py:423} INFO - Running <TaskInstance: movie_recommendation_pipeline.predict_best_model manual__2025-06-02T00:34:18.343703+00:00 [running]> on host 8771dc7bcee3
[2025-06-02T00:38:34.803+0000] {taskinstance.py:2480} INFO - Exporting env vars: AIRFLOW_CTX_DAG_OWNER='***' AIRFLOW_CTX_DAG_ID='movie_recommendation_pipeline' AIRFLOW_CTX_TASK_ID='predict_best_model' AIRFLOW_CTX_EXECUTION_DATE='2025-06-02T00:34:18.343703+00:00' AIRFLOW_CTX_TRY_NUMBER='1' AIRFLOW_CTX_DAG_RUN_ID='manual__2025-06-02T00:34:18.343703+00:00'
[2025-06-02T00:38:34.804+0000] {mlops_movie_dag.py:12} INFO - 🟦 Running command: python /opt/***/src/models/predict_best_model.py
[2025-06-02T00:38:42.933+0000] {mlops_movie_dag.py:18} INFO - 🟩 [stdout]:
🏃 View run predict_best_model at: https://dagshub.com/sacer11/MLOps_movie_rec_apr25.mlflow/#/experiments/3/runs/7ac70fe824fb4fc5ba9d6c83b0c8eaa2
🧪 View experiment at: https://dagshub.com/sacer11/MLOps_movie_rec_apr25.mlflow/#/experiments/3

[2025-06-02T00:38:42.934+0000] {mlops_movie_dag.py:20} WARNING - 🟨 [stderr]:
2025-06-02 00:38:36,549 - INFO - 🚀 Starte Vorhersage mit MLflow Registry & DVC-Modell
2025-06-02 00:38:36,747 - INFO - 🔎 Bestes Modell laut Registry: Typ='hybrid', Version=96
2025-06-02 00:38:36,749 - INFO - 📦 Modell bereits lokal vorhanden: /opt/***/models/hybrid_model.pkl
2025-06-02 00:38:37,709 - INFO - 📦 Modell geladen: /opt/***/models/hybrid_model.pkl
2025-06-02 00:38:40,358 - INFO - 📥 Eingabematrix geladen: /opt/***/data/processed/hybrid_matrix.csv – Shape: (10381, 1428)
/home/***/.local/lib/python3.10/site-packages/sklearn/base.py:458: UserWarning: X has feature names, but NearestNeighbors was fitted without feature names
  warnings.warn(
2025-06-02 00:38:40,476 - INFO - 💾 Vorhersagen gespeichert unter: /opt/***/data/predictions.csv
2025-06-02 00:38:42,586 - INFO - ✅ Predictions erfolgreich in MLflow geloggt

[2025-06-02T00:38:42.934+0000] {python.py:201} INFO - Done. Returned value was: None
[2025-06-02T00:38:42.942+0000] {taskinstance.py:1138} INFO - Marking task as SUCCESS. dag_id=movie_recommendation_pipeline, task_id=predict_best_model, execution_date=20250602T003418, start_date=20250602T003834, end_date=20250602T003842
[2025-06-02T00:38:42.988+0000] {local_task_job_runner.py:234} INFO - Task exited with return code 0
[2025-06-02T00:38:43.001+0000] {taskinstance.py:3280} INFO - 0 downstream tasks scheduled from follow-on schedule check
