[2025-06-02T10:11:49.187+0000] {taskinstance.py:1956} INFO - Dependencies all met for dep_context=non-requeueable deps ti=<TaskInstance: movie_recommendation_pipeline.dvc_pull_all manual__2025-06-02T10:04:11.335787+00:00 [queued]>
[2025-06-02T10:11:49.195+0000] {taskinstance.py:1956} INFO - Dependencies all met for dep_context=requeueable deps ti=<TaskInstance: movie_recommendation_pipeline.dvc_pull_all manual__2025-06-02T10:04:11.335787+00:00 [queued]>
[2025-06-02T10:11:49.196+0000] {taskinstance.py:2170} INFO - Starting attempt 1 of 3
[2025-06-02T10:11:49.206+0000] {taskinstance.py:2191} INFO - Executing <Task(PythonOperator): dvc_pull_all> on 2025-06-02 10:04:11.335787+00:00
[2025-06-02T10:11:49.213+0000] {standard_task_runner.py:60} INFO - Started process 1049 to run task
[2025-06-02T10:11:49.215+0000] {standard_task_runner.py:87} INFO - Running: ['***', 'tasks', 'run', 'movie_recommendation_pipeline', 'dvc_pull_all', 'manual__2025-06-02T10:04:11.335787+00:00', '--job-id', '1659', '--raw', '--subdir', 'DAGS_FOLDER/mlops_movie_dag.py', '--cfg-path', '/tmp/tmpbqq2lozy']
[2025-06-02T10:11:49.216+0000] {standard_task_runner.py:88} INFO - Job 1659: Subtask dvc_pull_all
[2025-06-02T10:11:49.248+0000] {task_command.py:423} INFO - Running <TaskInstance: movie_recommendation_pipeline.dvc_pull_all manual__2025-06-02T10:04:11.335787+00:00 [running]> on host 43a492dd7637
[2025-06-02T10:11:49.299+0000] {taskinstance.py:2480} INFO - Exporting env vars: AIRFLOW_CTX_DAG_OWNER='***' AIRFLOW_CTX_DAG_ID='movie_recommendation_pipeline' AIRFLOW_CTX_TASK_ID='dvc_pull_all' AIRFLOW_CTX_EXECUTION_DATE='2025-06-02T10:04:11.335787+00:00' AIRFLOW_CTX_TRY_NUMBER='1' AIRFLOW_CTX_DAG_RUN_ID='manual__2025-06-02T10:04:11.335787+00:00'
[2025-06-02T10:11:49.301+0000] {mlops_movie_dag.py:12} INFO - 游릱 Running command: dvc pull /opt/***/models/hybrid_model.pkl
[2025-06-02T10:12:00.177+0000] {mlops_movie_dag.py:19} INFO - 游릴 [stdout]:
Everything is up to date.

[2025-06-02T10:12:00.178+0000] {mlops_movie_dag.py:12} INFO - 游릱 Running command: dvc pull /opt/***/data/processed/hybrid_matrix.csv
[2025-06-02T10:12:11.111+0000] {mlops_movie_dag.py:19} INFO - 游릴 [stdout]:
Everything is up to date.

[2025-06-02T10:12:11.111+0000] {mlops_movie_dag.py:12} INFO - 游릱 Running command: dvc pull /opt/***/data/processed/hybrid_matrix_features.txt
[2025-06-02T10:12:22.288+0000] {mlops_movie_dag.py:19} INFO - 游릴 [stdout]:
Everything is up to date.

[2025-06-02T10:12:22.289+0000] {mlops_movie_dag.py:12} INFO - 游릱 Running command: dvc pull /opt/***/models/user_model.pkl
[2025-06-02T10:12:33.297+0000] {mlops_movie_dag.py:19} INFO - 游릴 [stdout]:
Everything is up to date.

[2025-06-02T10:12:33.297+0000] {mlops_movie_dag.py:12} INFO - 游릱 Running command: dvc pull /opt/***/data/processed/user_matrix.csv
[2025-06-02T10:12:44.204+0000] {mlops_movie_dag.py:19} INFO - 游릴 [stdout]:
Everything is up to date.

[2025-06-02T10:12:44.205+0000] {mlops_movie_dag.py:12} INFO - 游릱 Running command: dvc pull /opt/***/data/processed/user_matrix_features.txt
[2025-06-02T10:12:54.950+0000] {mlops_movie_dag.py:19} INFO - 游릴 [stdout]:
Everything is up to date.

[2025-06-02T10:12:54.951+0000] {python.py:201} INFO - Done. Returned value was: None
[2025-06-02T10:12:54.961+0000] {taskinstance.py:1138} INFO - Marking task as SUCCESS. dag_id=movie_recommendation_pipeline, task_id=dvc_pull_all, execution_date=20250602T100411, start_date=20250602T101149, end_date=20250602T101254
[2025-06-02T10:12:54.982+0000] {local_task_job_runner.py:234} INFO - Task exited with return code 0
[2025-06-02T10:12:55.001+0000] {taskinstance.py:3280} INFO - 1 downstream tasks scheduled from follow-on schedule check
