[2025-06-01T14:21:15.687+0000] {taskinstance.py:1956} INFO - Dependencies all met for dep_context=non-requeueable deps ti=<TaskInstance: movie_recommendation_pipeline.dvc_push_models manual__2025-06-01T14:08:21.215577+00:00 [queued]>
[2025-06-01T14:21:15.695+0000] {taskinstance.py:1956} INFO - Dependencies all met for dep_context=requeueable deps ti=<TaskInstance: movie_recommendation_pipeline.dvc_push_models manual__2025-06-01T14:08:21.215577+00:00 [queued]>
[2025-06-01T14:21:15.695+0000] {taskinstance.py:2170} INFO - Starting attempt 1 of 3
[2025-06-01T14:21:15.708+0000] {taskinstance.py:2191} INFO - Executing <Task(BashOperator): dvc_push_models> on 2025-06-01 14:08:21.215577+00:00
[2025-06-01T14:21:15.713+0000] {standard_task_runner.py:60} INFO - Started process 907 to run task
[2025-06-01T14:21:15.715+0000] {standard_task_runner.py:87} INFO - Running: ['***', 'tasks', 'run', 'movie_recommendation_pipeline', 'dvc_push_models', 'manual__2025-06-01T14:08:21.215577+00:00', '--job-id', '1076', '--raw', '--subdir', 'DAGS_FOLDER/mlops_movie_dag.py', '--cfg-path', '/tmp/tmpov6bj59i']
[2025-06-01T14:21:15.716+0000] {standard_task_runner.py:88} INFO - Job 1076: Subtask dvc_push_models
[2025-06-01T14:21:15.748+0000] {task_command.py:423} INFO - Running <TaskInstance: movie_recommendation_pipeline.dvc_push_models manual__2025-06-01T14:08:21.215577+00:00 [running]> on host 69e06374b424
[2025-06-01T14:21:15.804+0000] {taskinstance.py:2480} INFO - Exporting env vars: AIRFLOW_CTX_DAG_OWNER='***' AIRFLOW_CTX_DAG_ID='movie_recommendation_pipeline' AIRFLOW_CTX_TASK_ID='dvc_push_models' AIRFLOW_CTX_EXECUTION_DATE='2025-06-01T14:08:21.215577+00:00' AIRFLOW_CTX_TRY_NUMBER='1' AIRFLOW_CTX_DAG_RUN_ID='manual__2025-06-01T14:08:21.215577+00:00'
[2025-06-01T14:21:15.805+0000] {subprocess.py:63} INFO - Tmp dir root location: /tmp
[2025-06-01T14:21:15.806+0000] {subprocess.py:75} INFO - Running command: ['/usr/bin/bash', '-c', '\n        cd /opt/*** &&\n        git config --global --add safe.directory /opt/*** &&\n        git config --global user.email \'***@localhost\' &&\n        git config --global user.name \'Airflow CI\' &&\n        dvc add models/hybrid_model.pkl &&\n        dvc add models/user_model.pkl &&\n        git add models/hybrid_model.pkl.dvc models/user_model.pkl.dvc .gitignore &&\n        git commit -m "Update hybrid_model and user_model with DVC" || echo "No changes to commit" &&\n        dvc push\n        ']
[2025-06-01T14:21:15.814+0000] {subprocess.py:86} INFO - Output:
[2025-06-01T14:21:25.851+0000] {subprocess.py:93} INFO - 
[2025-06-01T14:21:25.852+0000] {subprocess.py:93} INFO - To track the changes with git, run:
[2025-06-01T14:21:25.852+0000] {subprocess.py:93} INFO - 
[2025-06-01T14:21:25.853+0000] {subprocess.py:93} INFO - 	git add models/hybrid_model.pkl.dvc
[2025-06-01T14:21:25.853+0000] {subprocess.py:93} INFO - 
[2025-06-01T14:21:25.854+0000] {subprocess.py:93} INFO - To enable auto staging, run:
[2025-06-01T14:21:25.854+0000] {subprocess.py:93} INFO - 
[2025-06-01T14:21:25.855+0000] {subprocess.py:93} INFO - 	dvc config core.autostage true
[2025-06-01T14:21:28.882+0000] {subprocess.py:93} INFO - ERROR: Unable to acquire lock. Most likely another DVC process is running or was terminated abruptly. Check the page <https://dvc.org/doc/user-guide/troubleshooting#lock-issue> for other possible reasons and to learn how to resolve this.
[2025-06-01T14:21:28.985+0000] {subprocess.py:93} INFO - No changes to commit
[2025-06-01T14:21:36.872+0000] {subprocess.py:93} INFO - Everything is up to date.
[2025-06-01T14:21:36.979+0000] {subprocess.py:97} INFO - Command exited with return code 0
[2025-06-01T14:21:37.076+0000] {taskinstance.py:1138} INFO - Marking task as SUCCESS. dag_id=movie_recommendation_pipeline, task_id=dvc_push_models, execution_date=20250601T140821, start_date=20250601T142115, end_date=20250601T142137
[2025-06-01T14:21:37.102+0000] {local_task_job_runner.py:234} INFO - Task exited with return code 0
[2025-06-01T14:21:37.123+0000] {taskinstance.py:3280} INFO - 1 downstream tasks scheduled from follow-on schedule check
