[2025-06-01T21:41:52.423+0000] {taskinstance.py:1956} INFO - Dependencies all met for dep_context=non-requeueable deps ti=<TaskInstance: movie_recommendation_pipeline.train_hybrid_model manual__2025-06-01T21:41:27.735369+00:00 [queued]>
[2025-06-01T21:41:52.430+0000] {taskinstance.py:1956} INFO - Dependencies all met for dep_context=requeueable deps ti=<TaskInstance: movie_recommendation_pipeline.train_hybrid_model manual__2025-06-01T21:41:27.735369+00:00 [queued]>
[2025-06-01T21:41:52.431+0000] {taskinstance.py:2170} INFO - Starting attempt 1 of 3
[2025-06-01T21:41:52.442+0000] {taskinstance.py:2191} INFO - Executing <Task(PythonOperator): train_hybrid_model> on 2025-06-01 21:41:27.735369+00:00
[2025-06-01T21:41:52.449+0000] {standard_task_runner.py:60} INFO - Started process 309 to run task
[2025-06-01T21:41:52.451+0000] {standard_task_runner.py:87} INFO - Running: ['***', 'tasks', 'run', 'movie_recommendation_pipeline', 'train_hybrid_model', 'manual__2025-06-01T21:41:27.735369+00:00', '--job-id', '1285', '--raw', '--subdir', 'DAGS_FOLDER/mlops_movie_dag.py', '--cfg-path', '/tmp/tmpgui0v_8h']
[2025-06-01T21:41:52.452+0000] {standard_task_runner.py:88} INFO - Job 1285: Subtask train_hybrid_model
[2025-06-01T21:41:52.486+0000] {task_command.py:423} INFO - Running <TaskInstance: movie_recommendation_pipeline.train_hybrid_model manual__2025-06-01T21:41:27.735369+00:00 [running]> on host ac6ab3925967
[2025-06-01T21:41:52.548+0000] {taskinstance.py:2480} INFO - Exporting env vars: AIRFLOW_CTX_DAG_OWNER='***' AIRFLOW_CTX_DAG_ID='movie_recommendation_pipeline' AIRFLOW_CTX_TASK_ID='train_hybrid_model' AIRFLOW_CTX_EXECUTION_DATE='2025-06-01T21:41:27.735369+00:00' AIRFLOW_CTX_TRY_NUMBER='1' AIRFLOW_CTX_DAG_RUN_ID='manual__2025-06-01T21:41:27.735369+00:00'
[2025-06-01T21:41:52.549+0000] {mlops_movie_dag.py:12} INFO - 🟦 Running command: python /opt/***/src/models/train_hybrid_model.py
[2025-06-01T21:44:26.313+0000] {mlops_movie_dag.py:18} INFO - 🟩 [stdout]:
🚀 Starte Hybrid-Modelltraining
📥 Rohdaten erfolgreich geladen
📐 Hybrid-Matrix erstellt mit Shape: (10381, 1428)
🤖 KNN-Modell trainiert
✅ Feature-Schema gespeichert unter /opt/***/data/processed/hybrid_matrix_features.txt
🏃 View run train_hybrid_model at: https://dagshub.com/sacer11/MLOps_movie_rec_apr25.mlflow/#/experiments/4/runs/80f1bfee9f6f42c8a244ad4a26964ced
🧪 View experiment at: https://dagshub.com/sacer11/MLOps_movie_rec_apr25.mlflow/#/experiments/4
✅ Modell & Matrix erfolgreich gespeichert und in MLflow geloggt

[2025-06-01T21:44:26.315+0000] {mlops_movie_dag.py:20} WARNING - 🟨 [stderr]:
2025/06/01 21:42:27 INFO mlflow.pyfunc: Validating input example against model signature

Downloading artifacts:   0%|          | 0/1 [00:00<?, ?it/s]
Downloading artifacts: 100%|██████████| 1/1 [00:01<00:00,  1.20s/it]
Downloading artifacts: 100%|██████████| 1/1 [00:01<00:00,  1.20s/it]
Downloading artifacts: 100%|██████████| 1/1 [00:01<00:00,  1.20s/it]

[2025-06-01T21:44:26.315+0000] {python.py:201} INFO - Done. Returned value was: None
[2025-06-01T21:44:26.327+0000] {taskinstance.py:1138} INFO - Marking task as SUCCESS. dag_id=movie_recommendation_pipeline, task_id=train_hybrid_model, execution_date=20250601T214127, start_date=20250601T214152, end_date=20250601T214426
[2025-06-01T21:44:26.345+0000] {local_task_job_runner.py:234} INFO - Task exited with return code 0
[2025-06-01T21:44:26.366+0000] {taskinstance.py:3280} INFO - 0 downstream tasks scheduled from follow-on schedule check
