[2025-06-09T01:38:05.867+0000] {taskinstance.py:1956} INFO - Dependencies all met for dep_context=non-requeueable deps ti=<TaskInstance: bento_api_pipeline.bento_train manual__2025-06-09T01:38:05.657345+00:00 [queued]>
[2025-06-09T01:38:05.874+0000] {taskinstance.py:1956} INFO - Dependencies all met for dep_context=requeueable deps ti=<TaskInstance: bento_api_pipeline.bento_train manual__2025-06-09T01:38:05.657345+00:00 [queued]>
[2025-06-09T01:38:05.874+0000] {taskinstance.py:2170} INFO - Starting attempt 1 of 3
[2025-06-09T01:38:05.885+0000] {taskinstance.py:2191} INFO - Executing <Task(PythonOperator): bento_train> on 2025-06-09 01:38:05.657345+00:00
[2025-06-09T01:38:05.892+0000] {standard_task_runner.py:60} INFO - Started process 267 to run task
[2025-06-09T01:38:05.893+0000] {standard_task_runner.py:87} INFO - Running: ['***', 'tasks', 'run', 'bento_api_pipeline', 'bento_train', 'manual__2025-06-09T01:38:05.657345+00:00', '--job-id', '3689', '--raw', '--subdir', 'DAGS_FOLDER/bento_api_pipeline.py', '--cfg-path', '/tmp/tmpzddtljcb']
[2025-06-09T01:38:05.895+0000] {standard_task_runner.py:88} INFO - Job 3689: Subtask bento_train
[2025-06-09T01:38:05.938+0000] {task_command.py:423} INFO - Running <TaskInstance: bento_api_pipeline.bento_train manual__2025-06-09T01:38:05.657345+00:00 [running]> on host 1382cc130a4b
[2025-06-09T01:38:06.009+0000] {taskinstance.py:2480} INFO - Exporting env vars: AIRFLOW_CTX_DAG_OWNER='***' AIRFLOW_CTX_DAG_ID='bento_api_pipeline' AIRFLOW_CTX_TASK_ID='bento_train' AIRFLOW_CTX_EXECUTION_DATE='2025-06-09T01:38:05.657345+00:00' AIRFLOW_CTX_TRY_NUMBER='1' AIRFLOW_CTX_DAG_RUN_ID='manual__2025-06-09T01:38:05.657345+00:00'
[2025-06-09T01:39:06.015+0000] {bento_api_pipeline.py:33} INFO - BentoML-Training API Response: 504 {"error":"Not able to process the request in 60 seconds"}
[2025-06-09T01:39:06.016+0000] {bento_api_pipeline.py:40} ERROR - Fehler im Training-Call: BentoML Training Error: {'error': 'Not able to process the request in 60 seconds'}
[2025-06-09T01:39:06.016+0000] {taskinstance.py:2698} ERROR - Task failed with exception
Traceback (most recent call last):
  File "/home/airflow/.local/lib/python3.10/site-packages/airflow/models/taskinstance.py", line 433, in _execute_task
    result = execute_callable(context=context, **execute_callable_kwargs)
  File "/home/airflow/.local/lib/python3.10/site-packages/airflow/operators/python.py", line 199, in execute
    return_value = self.execute_callable()
  File "/home/airflow/.local/lib/python3.10/site-packages/airflow/operators/python.py", line 216, in execute_callable
    return self.python_callable(*self.op_args, **self.op_kwargs)
  File "/opt/airflow/dags/bento_api_pipeline.py", line 37, in trigger_bento_training
    raise Exception(f"BentoML Training Error: {resp_json}")
Exception: BentoML Training Error: {'error': 'Not able to process the request in 60 seconds'}
[2025-06-09T01:39:06.028+0000] {taskinstance.py:1138} INFO - Marking task as UP_FOR_RETRY. dag_id=bento_api_pipeline, task_id=bento_train, execution_date=20250609T013805, start_date=20250609T013805, end_date=20250609T013906
[2025-06-09T01:39:06.039+0000] {standard_task_runner.py:107} ERROR - Failed to execute job 3689 for task bento_train (BentoML Training Error: {'error': 'Not able to process the request in 60 seconds'}; 267)
[2025-06-09T01:39:06.047+0000] {local_task_job_runner.py:234} INFO - Task exited with return code 1
[2025-06-09T01:39:06.066+0000] {taskinstance.py:3280} INFO - 0 downstream tasks scheduled from follow-on schedule check
