[2025-06-01T14:09:21.023+0000] {taskinstance.py:1956} INFO - Dependencies all met for dep_context=non-requeueable deps ti=<TaskInstance: movie_recommendation_pipeline.train_user_model manual__2025-06-01T14:08:21.215577+00:00 [queued]>
[2025-06-01T14:09:21.031+0000] {taskinstance.py:1956} INFO - Dependencies all met for dep_context=requeueable deps ti=<TaskInstance: movie_recommendation_pipeline.train_user_model manual__2025-06-01T14:08:21.215577+00:00 [queued]>
[2025-06-01T14:09:21.031+0000] {taskinstance.py:2170} INFO - Starting attempt 1 of 3
[2025-06-01T14:09:21.048+0000] {taskinstance.py:2191} INFO - Executing <Task(PythonOperator): train_user_model> on 2025-06-01 14:08:21.215577+00:00
[2025-06-01T14:09:21.053+0000] {standard_task_runner.py:60} INFO - Started process 680 to run task
[2025-06-01T14:09:21.056+0000] {standard_task_runner.py:87} INFO - Running: ['***', 'tasks', 'run', 'movie_recommendation_pipeline', 'train_user_model', 'manual__2025-06-01T14:08:21.215577+00:00', '--job-id', '1065', '--raw', '--subdir', 'DAGS_FOLDER/mlops_movie_dag.py', '--cfg-path', '/tmp/tmpzzgjl175']
[2025-06-01T14:09:21.057+0000] {standard_task_runner.py:88} INFO - Job 1065: Subtask train_user_model
[2025-06-01T14:09:21.099+0000] {task_command.py:423} INFO - Running <TaskInstance: movie_recommendation_pipeline.train_user_model manual__2025-06-01T14:08:21.215577+00:00 [running]> on host 7f785d67be4d
[2025-06-01T14:09:21.172+0000] {taskinstance.py:2480} INFO - Exporting env vars: AIRFLOW_CTX_DAG_OWNER='***' AIRFLOW_CTX_DAG_ID='movie_recommendation_pipeline' AIRFLOW_CTX_TASK_ID='train_user_model' AIRFLOW_CTX_EXECUTION_DATE='2025-06-01T14:08:21.215577+00:00' AIRFLOW_CTX_TRY_NUMBER='1' AIRFLOW_CTX_DAG_RUN_ID='manual__2025-06-01T14:08:21.215577+00:00'
[2025-06-01T14:11:00.248+0000] {local_task_job_runner.py:121} ERROR - Received SIGTERM. Terminating subprocesses
[2025-06-01T14:11:00.254+0000] {process_utils.py:131} INFO - Sending 15 to group 680. PIDs of all processes in the group: [684, 680]
[2025-06-01T14:11:00.255+0000] {process_utils.py:86} INFO - Sending the signal 15 to group 680
[2025-06-01T14:11:00.258+0000] {taskinstance.py:2450} ERROR - Received SIGTERM. Terminating subprocesses.
[2025-06-01T14:11:00.332+0000] {taskinstance.py:2698} ERROR - Task failed with exception
Traceback (most recent call last):
  File "/home/airflow/.local/lib/python3.10/site-packages/airflow/models/taskinstance.py", line 433, in _execute_task
    result = execute_callable(context=context, **execute_callable_kwargs)
  File "/home/airflow/.local/lib/python3.10/site-packages/airflow/operators/python.py", line 199, in execute
    return_value = self.execute_callable()
  File "/home/airflow/.local/lib/python3.10/site-packages/airflow/operators/python.py", line 216, in execute_callable
    return self.python_callable(*self.op_args, **self.op_kwargs)
  File "/opt/airflow/dags/mlops_movie_dag.py", line 34, in run_train_user_model
    run_and_log(["python", "/opt/airflow/src/models/train_user_model.py"])
  File "/opt/airflow/dags/mlops_movie_dag.py", line 14, in run_and_log
    result = subprocess.run(command, stdout=subprocess.PIPE, stderr=subprocess.STDOUT, text=True)
  File "/usr/local/lib/python3.10/subprocess.py", line 505, in run
    stdout, stderr = process.communicate(input, timeout=timeout)
  File "/usr/local/lib/python3.10/subprocess.py", line 1141, in communicate
    stdout = self.stdout.read()
  File "/home/airflow/.local/lib/python3.10/site-packages/airflow/models/taskinstance.py", line 2452, in signal_handler
    raise AirflowException("Task received SIGTERM signal")
airflow.exceptions.AirflowException: Task received SIGTERM signal
[2025-06-01T14:11:00.349+0000] {taskinstance.py:1138} INFO - Marking task as UP_FOR_RETRY. dag_id=movie_recommendation_pipeline, task_id=train_user_model, execution_date=20250601T140821, start_date=20250601T140921, end_date=20250601T141100
[2025-06-01T14:11:00.351+0000] {process_utils.py:79} INFO - Process psutil.Process(pid=684, status='terminated', started='14:09:20') (684) terminated with exit code None
[2025-06-01T14:11:00.383+0000] {standard_task_runner.py:107} ERROR - Failed to execute job 1065 for task train_user_model (Task received SIGTERM signal; 680)
[2025-06-01T14:11:00.405+0000] {process_utils.py:79} INFO - Process psutil.Process(pid=680, status='terminated', exitcode=1, started='14:09:20') (680) terminated with exit code 1
[2025-06-01T14:11:00.406+0000] {local_task_job_runner.py:234} INFO - Task exited with return code 143
[2025-06-01T14:11:00.454+0000] {taskinstance.py:3280} INFO - 0 downstream tasks scheduled from follow-on schedule check
