[2025-06-08T20:42:40.776+0000] {taskinstance.py:1956} INFO - Dependencies all met for dep_context=non-requeueable deps ti=<TaskInstance: deep_models_pipeline.import_raw_data manual__2025-06-08T20:42:39.958025+00:00 [queued]>
[2025-06-08T20:42:40.782+0000] {taskinstance.py:1956} INFO - Dependencies all met for dep_context=requeueable deps ti=<TaskInstance: deep_models_pipeline.import_raw_data manual__2025-06-08T20:42:39.958025+00:00 [queued]>
[2025-06-08T20:42:40.783+0000] {taskinstance.py:2170} INFO - Starting attempt 1 of 3
[2025-06-08T20:42:40.792+0000] {taskinstance.py:2191} INFO - Executing <Task(PythonOperator): import_raw_data> on 2025-06-08 20:42:39.958025+00:00
[2025-06-08T20:42:40.798+0000] {standard_task_runner.py:60} INFO - Started process 2501 to run task
[2025-06-08T20:42:40.799+0000] {standard_task_runner.py:87} INFO - Running: ['***', 'tasks', 'run', 'deep_models_pipeline', 'import_raw_data', 'manual__2025-06-08T20:42:39.958025+00:00', '--job-id', '3429', '--raw', '--subdir', 'DAGS_FOLDER/train_deep_model_dag.py', '--cfg-path', '/tmp/tmpb72bv4he']
[2025-06-08T20:42:40.801+0000] {standard_task_runner.py:88} INFO - Job 3429: Subtask import_raw_data
[2025-06-08T20:42:40.830+0000] {task_command.py:423} INFO - Running <TaskInstance: deep_models_pipeline.import_raw_data manual__2025-06-08T20:42:39.958025+00:00 [running]> on host 6b572a9ca403
[2025-06-08T20:42:40.880+0000] {taskinstance.py:2480} INFO - Exporting env vars: AIRFLOW_CTX_DAG_OWNER='***' AIRFLOW_CTX_DAG_ID='deep_models_pipeline' AIRFLOW_CTX_TASK_ID='import_raw_data' AIRFLOW_CTX_EXECUTION_DATE='2025-06-08T20:42:39.958025+00:00' AIRFLOW_CTX_TRY_NUMBER='1' AIRFLOW_CTX_DAG_RUN_ID='manual__2025-06-08T20:42:39.958025+00:00'
[2025-06-08T20:42:40.881+0000] {train_deep_model_dag.py:13} INFO - 🟦 Running command: python /opt/***/src/data/import_raw_data.py
[2025-06-08T20:42:41.057+0000] {train_deep_model_dag.py:20} INFO - 🟩 [stdout]:

[2025-06-08T20:42:41.058+0000] {train_deep_model_dag.py:22} WARNING - 🟨 [stderr]:
2025-06-08 20:42:41,041 - root - INFO - ✅ Datei bereits vorhanden, überspringe: genome-scores.csv
2025-06-08 20:42:41,042 - root - INFO - ✅ Datei bereits vorhanden, überspringe: genome-tags.csv
2025-06-08 20:42:41,043 - root - INFO - ✅ Datei bereits vorhanden, überspringe: links.csv
2025-06-08 20:42:41,044 - root - INFO - ✅ Datei bereits vorhanden, überspringe: movies.csv
2025-06-08 20:42:41,045 - root - INFO - ✅ Datei bereits vorhanden, überspringe: ratings.csv
2025-06-08 20:42:41,045 - root - INFO - ✅ Datei bereits vorhanden, überspringe: README.txt
2025-06-08 20:42:41,046 - root - INFO - ✅ Datei bereits vorhanden, überspringe: tags.csv
2025-06-08 20:42:41,046 - root - INFO - ✅ Rohdatenprüfung abgeschlossen.

[2025-06-08T20:42:41.058+0000] {python.py:201} INFO - Done. Returned value was: None
[2025-06-08T20:42:41.066+0000] {taskinstance.py:1138} INFO - Marking task as SUCCESS. dag_id=deep_models_pipeline, task_id=import_raw_data, execution_date=20250608T204239, start_date=20250608T204240, end_date=20250608T204241
[2025-06-08T20:42:41.092+0000] {local_task_job_runner.py:234} INFO - Task exited with return code 0
[2025-06-08T20:42:41.111+0000] {taskinstance.py:3280} INFO - 1 downstream tasks scheduled from follow-on schedule check
