[2025-06-12T22:31:58.831+0000] {taskinstance.py:1956} INFO - Dependencies all met for dep_context=non-requeueable deps ti=<TaskInstance: deep_models_pipeline.train_deep_hybrid_model manual__2025-06-12T22:31:54.247019+00:00 [queued]>
[2025-06-12T22:31:58.837+0000] {taskinstance.py:1956} INFO - Dependencies all met for dep_context=requeueable deps ti=<TaskInstance: deep_models_pipeline.train_deep_hybrid_model manual__2025-06-12T22:31:54.247019+00:00 [queued]>
[2025-06-12T22:31:58.838+0000] {taskinstance.py:2170} INFO - Starting attempt 1 of 3
[2025-06-12T22:31:58.848+0000] {taskinstance.py:2191} INFO - Executing <Task(PythonOperator): train_deep_hybrid_model> on 2025-06-12 22:31:54.247019+00:00
[2025-06-12T22:31:58.853+0000] {standard_task_runner.py:60} INFO - Started process 325 to run task
[2025-06-12T22:31:58.856+0000] {standard_task_runner.py:87} INFO - Running: ['***', 'tasks', 'run', 'deep_models_pipeline', 'train_deep_hybrid_model', 'manual__2025-06-12T22:31:54.247019+00:00', '--job-id', '134', '--raw', '--subdir', 'DAGS_FOLDER/train_deep_model_dag.py', '--cfg-path', '/tmp/tmpcp9clxx5']
[2025-06-12T22:31:58.858+0000] {standard_task_runner.py:88} INFO - Job 134: Subtask train_deep_hybrid_model
[2025-06-12T22:31:58.892+0000] {task_command.py:423} INFO - Running <TaskInstance: deep_models_pipeline.train_deep_hybrid_model manual__2025-06-12T22:31:54.247019+00:00 [running]> on host 1d78a6340fb2
[2025-06-12T22:31:58.948+0000] {taskinstance.py:2480} INFO - Exporting env vars: AIRFLOW_CTX_DAG_OWNER='***' AIRFLOW_CTX_DAG_ID='deep_models_pipeline' AIRFLOW_CTX_TASK_ID='train_deep_hybrid_model' AIRFLOW_CTX_EXECUTION_DATE='2025-06-12T22:31:54.247019+00:00' AIRFLOW_CTX_TRY_NUMBER='1' AIRFLOW_CTX_DAG_RUN_ID='manual__2025-06-12T22:31:54.247019+00:00'
[2025-06-12T22:31:58.949+0000] {train_deep_model_dag.py:13} INFO - 🟦 Running command: python /opt/***/src/models/train_hybrid_deep_model.py
[2025-06-12T22:33:14.643+0000] {train_deep_model_dag.py:20} INFO - 🟩 [stdout]:
🏃 View run train_hybrid_deep_model at: https://dagshub.com/sacer11/MLOps_movie_rec_apr25.mlflow/#/experiments/10/runs/44cf1f4f7d064a0c8816cf186ee41512
🧪 View experiment at: https://dagshub.com/sacer11/MLOps_movie_rec_apr25.mlflow/#/experiments/10

[2025-06-12T22:33:14.644+0000] {train_deep_model_dag.py:22} WARNING - 🟨 [stderr]:
2025-06-12 22:32:03,592 - __main__ - INFO - 📥 Lade Rohdaten und baue Hybrid-Feature-Matrix ...
2025-06-12 22:32:08,870 - __main__ - INFO - 📐 Hybrid-Matrix erstellt mit Shape: (10381, 494), Feature-Namen: 494
2025-06-12 22:32:11,001 - __main__ - INFO - 💾 Hybrid-Matrix gespeichert unter /opt/***/data/processed/hybrid_matrix.csv
2025-06-12 22:32:11,012 - __main__ - INFO - 🚀 Starte Training Autoencoder ...
2025-06-12 22:32:12,106 - __main__ - INFO - Epoch 1/25: Loss = 0.0009
2025-06-12 22:32:12,353 - __main__ - INFO - Epoch 2/25: Loss = 0.0007
2025-06-12 22:32:12,599 - __main__ - INFO - Epoch 3/25: Loss = 0.0006
2025-06-12 22:32:12,837 - __main__ - INFO - Epoch 4/25: Loss = 0.0006
2025-06-12 22:32:13,169 - __main__ - INFO - Epoch 5/25: Loss = 0.0005
2025-06-12 22:32:13,428 - __main__ - INFO - Epoch 6/25: Loss = 0.0005
2025-06-12 22:32:13,660 - __main__ - INFO - Epoch 7/25: Loss = 0.0005
2025-06-12 22:32:13,910 - __main__ - INFO - Epoch 8/25: Loss = 0.0005
2025-06-12 22:32:14,152 - __main__ - INFO - Epoch 9/25: Loss = 0.0005
2025-06-12 22:32:14,406 - __main__ - INFO - Epoch 10/25: Loss = 0.0005
2025-06-12 22:32:14,628 - __main__ - INFO - Epoch 11/25: Loss = 0.0005
2025-06-12 22:32:14,853 - __main__ - INFO - Epoch 12/25: Loss = 0.0005
2025-06-12 22:32:15,082 - __main__ - INFO - Epoch 13/25: Loss = 0.0004
2025-06-12 22:32:15,351 - __main__ - INFO - Epoch 14/25: Loss = 0.0004
2025-06-12 22:32:15,596 - __main__ - INFO - Epoch 15/25: Loss = 0.0004
2025-06-12 22:32:15,889 - __main__ - INFO - Epoch 16/25: Loss = 0.0004
2025-06-12 22:32:16,145 - __main__ - INFO - Epoch 17/25: Loss = 0.0004
2025-06-12 22:32:16,391 - __main__ - INFO - Epoch 18/25: Loss = 0.0004
2025-06-12 22:32:16,616 - __main__ - INFO - Epoch 19/25: Loss = 0.0004
2025-06-12 22:32:16,834 - __main__ - INFO - Epoch 20/25: Loss = 0.0004
2025-06-12 22:32:17,065 - __main__ - INFO - Epoch 21/25: Loss = 0.0004
2025-06-12 22:32:17,286 - __main__ - INFO - Epoch 22/25: Loss = 0.0004
2025-06-12 22:32:17,551 - __main__ - INFO - Epoch 23/25: Loss = 0.0004
2025-06-12 22:32:17,821 - __main__ - INFO - Epoch 24/25: Loss = 0.0004
2025-06-12 22:32:18,093 - __main__ - INFO - Epoch 25/25: Loss = 0.0004
2025-06-12 22:32:18,276 - __main__ - INFO - ✅ Hybrid-Embeddings gespeichert unter /opt/***/data/processed/hybrid_deep_embedding.csv
2025-06-12 22:32:18,285 - __main__ - INFO - ✅ Deep KNN Modell gespeichert unter /opt/***/models/hybrid_deep_knn.pkl
2025/06/12 22:32:29 INFO mlflow.pyfunc: Validating input example against model signature

Downloading artifacts:   0%|          | 0/1 [00:00<?, ?it/s]
Downloading artifacts: 100%|██████████| 1/1 [00:00<00:00, 102.11it/s]
Downloading artifacts: 100%|██████████| 1/1 [00:00<00:00, 100.26it/s]
Registered model 'hybrid_deep_model' already exists. Creating a new version of this model...
2025/06/12 22:32:42 INFO mlflow.store.model_registry.abstract_store: Waiting up to 300 seconds for model version to finish creation. Model name: hybrid_deep_model, version 10
Created version '10' of model 'hybrid_deep_model'.
2025-06-12 22:33:11,546 - __main__ - INFO - 📝 Tags gesetzt für Modellversion 10: n_neighbors=14, latent_dim=24, hidden_dim=208, tfidf_features=427, epochs=25, lr=0.0005, batch_size=64, metric=euclidean, content_weight=0.75, collab_weight=0.25, power_factor=1.5, precision_10=0.0
2025-06-12 22:33:13,545 - __main__ - INFO - 🏁 Deep Hybrid-Model Training abgeschlossen und geloggt.

[2025-06-12T22:33:14.645+0000] {python.py:201} INFO - Done. Returned value was: None
[2025-06-12T22:33:14.654+0000] {taskinstance.py:1138} INFO - Marking task as SUCCESS. dag_id=deep_models_pipeline, task_id=train_deep_hybrid_model, execution_date=20250612T223154, start_date=20250612T223158, end_date=20250612T223314
[2025-06-12T22:33:14.687+0000] {local_task_job_runner.py:234} INFO - Task exited with return code 0
[2025-06-12T22:33:14.705+0000] {taskinstance.py:3280} INFO - 1 downstream tasks scheduled from follow-on schedule check
