[2025-06-02T08:05:05.315+0000] {taskinstance.py:1956} INFO - Dependencies all met for dep_context=non-requeueable deps ti=<TaskInstance: movie_recommendation_pipeline.dvc_add_and_push_all manual__2025-06-02T07:55:50.533186+00:00 [queued]>
[2025-06-02T08:05:05.322+0000] {taskinstance.py:1956} INFO - Dependencies all met for dep_context=requeueable deps ti=<TaskInstance: movie_recommendation_pipeline.dvc_add_and_push_all manual__2025-06-02T07:55:50.533186+00:00 [queued]>
[2025-06-02T08:05:05.323+0000] {taskinstance.py:2170} INFO - Starting attempt 1 of 3
[2025-06-02T08:05:05.333+0000] {taskinstance.py:2191} INFO - Executing <Task(PythonOperator): dvc_add_and_push_all> on 2025-06-02 07:55:50.533186+00:00
[2025-06-02T08:05:05.338+0000] {standard_task_runner.py:60} INFO - Started process 948 to run task
[2025-06-02T08:05:05.340+0000] {standard_task_runner.py:87} INFO - Running: ['***', 'tasks', 'run', 'movie_recommendation_pipeline', 'dvc_add_and_push_all', 'manual__2025-06-02T07:55:50.533186+00:00', '--job-id', '1590', '--raw', '--subdir', 'DAGS_FOLDER/mlops_movie_dag.py', '--cfg-path', '/tmp/tmprrvem3jr']
[2025-06-02T08:05:05.342+0000] {standard_task_runner.py:88} INFO - Job 1590: Subtask dvc_add_and_push_all
[2025-06-02T08:05:05.376+0000] {task_command.py:423} INFO - Running <TaskInstance: movie_recommendation_pipeline.dvc_add_and_push_all manual__2025-06-02T07:55:50.533186+00:00 [running]> on host db2b0a85f52a
[2025-06-02T08:05:05.443+0000] {taskinstance.py:2480} INFO - Exporting env vars: AIRFLOW_CTX_DAG_OWNER='***' AIRFLOW_CTX_DAG_ID='movie_recommendation_pipeline' AIRFLOW_CTX_TASK_ID='dvc_add_and_push_all' AIRFLOW_CTX_EXECUTION_DATE='2025-06-02T07:55:50.533186+00:00' AIRFLOW_CTX_TRY_NUMBER='1' AIRFLOW_CTX_DAG_RUN_ID='manual__2025-06-02T07:55:50.533186+00:00'
[2025-06-02T08:05:05.446+0000] {mlops_movie_dag.py:12} INFO - 🟦 Running command: git config --global --add safe.directory /opt/***
[2025-06-02T08:05:05.456+0000] {mlops_movie_dag.py:19} INFO - 🟩 [stdout]:

[2025-06-02T08:05:05.457+0000] {mlops_movie_dag.py:12} INFO - 🟦 Running command: git config --global user.email ***@mlops.local
[2025-06-02T08:05:05.471+0000] {mlops_movie_dag.py:19} INFO - 🟩 [stdout]:

[2025-06-02T08:05:05.471+0000] {mlops_movie_dag.py:12} INFO - 🟦 Running command: git config --global user.name Airflow
[2025-06-02T08:05:05.487+0000] {mlops_movie_dag.py:19} INFO - 🟩 [stdout]:

[2025-06-02T08:05:05.488+0000] {mlops_movie_dag.py:12} INFO - 🟦 Running command: dvc add /opt/***/models/hybrid_model.pkl
[2025-06-02T08:05:19.673+0000] {mlops_movie_dag.py:19} INFO - 🟩 [stdout]:

To track the changes with git, run:

	git add models/hybrid_model.pkl.dvc

To enable auto staging, run:

	dvc config core.autostage true

[2025-06-02T08:05:19.674+0000] {mlops_movie_dag.py:12} INFO - 🟦 Running command: dvc add /opt/***/data/processed/hybrid_matrix.csv
[2025-06-02T08:05:35.976+0000] {mlops_movie_dag.py:19} INFO - 🟩 [stdout]:

To track the changes with git, run:

	git add data/processed/hybrid_matrix.csv.dvc

To enable auto staging, run:

	dvc config core.autostage true

[2025-06-02T08:05:35.977+0000] {mlops_movie_dag.py:12} INFO - 🟦 Running command: dvc add /opt/***/data/processed/hybrid_matrix_features.txt
[2025-06-02T08:05:45.850+0000] {mlops_movie_dag.py:19} INFO - 🟩 [stdout]:

To track the changes with git, run:

	git add data/processed/hybrid_matrix_features.txt.dvc

To enable auto staging, run:

	dvc config core.autostage true

[2025-06-02T08:05:45.850+0000] {mlops_movie_dag.py:12} INFO - 🟦 Running command: dvc add /opt/***/models/user_model.pkl
[2025-06-02T08:05:56.724+0000] {mlops_movie_dag.py:19} INFO - 🟩 [stdout]:

To track the changes with git, run:

	git add models/user_model.pkl.dvc

To enable auto staging, run:

	dvc config core.autostage true

[2025-06-02T08:05:56.725+0000] {mlops_movie_dag.py:12} INFO - 🟦 Running command: dvc add /opt/***/data/processed/user_matrix.csv
[2025-06-02T08:06:07.844+0000] {mlops_movie_dag.py:19} INFO - 🟩 [stdout]:

To track the changes with git, run:

	git add data/processed/user_matrix.csv.dvc

To enable auto staging, run:

	dvc config core.autostage true

[2025-06-02T08:06:07.844+0000] {mlops_movie_dag.py:12} INFO - 🟦 Running command: dvc add /opt/***/data/processed/user_matrix_features.txt
[2025-06-02T08:06:17.763+0000] {mlops_movie_dag.py:19} INFO - 🟩 [stdout]:

To track the changes with git, run:

	git add data/processed/user_matrix_features.txt.dvc

To enable auto staging, run:

	dvc config core.autostage true

[2025-06-02T08:06:17.763+0000] {mlops_movie_dag.py:12} INFO - 🟦 Running command: git add /opt/***/models/hybrid_model.pkl.dvc /opt/***/data/processed/hybrid_matrix.csv.dvc /opt/***/data/processed/hybrid_matrix_features.txt.dvc /opt/***/models/user_model.pkl.dvc /opt/***/data/processed/user_matrix.csv.dvc /opt/***/data/processed/user_matrix_features.txt.dvc
[2025-06-02T08:06:17.880+0000] {mlops_movie_dag.py:19} INFO - 🟩 [stdout]:

[2025-06-02T08:06:17.963+0000] {mlops_movie_dag.py:118} INFO - ✅ Nichts zu committen (Skip git commit)
[2025-06-02T08:06:17.963+0000] {mlops_movie_dag.py:12} INFO - 🟦 Running command: dvc push
[2025-06-02T08:06:28.146+0000] {mlops_movie_dag.py:19} INFO - 🟩 [stdout]:
Everything is up to date.

[2025-06-02T08:06:28.147+0000] {python.py:201} INFO - Done. Returned value was: None
[2025-06-02T08:06:28.155+0000] {taskinstance.py:1138} INFO - Marking task as SUCCESS. dag_id=movie_recommendation_pipeline, task_id=dvc_add_and_push_all, execution_date=20250602T075550, start_date=20250602T080505, end_date=20250602T080628
[2025-06-02T08:06:28.190+0000] {local_task_job_runner.py:234} INFO - Task exited with return code 0
[2025-06-02T08:06:28.212+0000] {taskinstance.py:3280} INFO - 1 downstream tasks scheduled from follow-on schedule check
