[2025-06-06T20:37:29.164+0000] {taskinstance.py:1956} INFO - Dependencies all met for dep_context=non-requeueable deps ti=<TaskInstance: deep_models_pipeline.predict_best_model manual__2025-06-06T20:33:46.461470+00:00 [queued]>
[2025-06-06T20:37:29.171+0000] {taskinstance.py:1956} INFO - Dependencies all met for dep_context=requeueable deps ti=<TaskInstance: deep_models_pipeline.predict_best_model manual__2025-06-06T20:33:46.461470+00:00 [queued]>
[2025-06-06T20:37:29.171+0000] {taskinstance.py:2170} INFO - Starting attempt 2 of 3
[2025-06-06T20:37:29.180+0000] {taskinstance.py:2191} INFO - Executing <Task(PythonOperator): predict_best_model> on 2025-06-06 20:33:46.461470+00:00
[2025-06-06T20:37:29.186+0000] {standard_task_runner.py:60} INFO - Started process 698 to run task
[2025-06-06T20:37:29.188+0000] {standard_task_runner.py:87} INFO - Running: ['***', 'tasks', 'run', 'deep_models_pipeline', 'predict_best_model', 'manual__2025-06-06T20:33:46.461470+00:00', '--job-id', '2259', '--raw', '--subdir', 'DAGS_FOLDER/train_deep_model_dag.py', '--cfg-path', '/tmp/tmpartpdxgx']
[2025-06-06T20:37:29.189+0000] {standard_task_runner.py:88} INFO - Job 2259: Subtask predict_best_model
[2025-06-06T20:37:29.220+0000] {task_command.py:423} INFO - Running <TaskInstance: deep_models_pipeline.predict_best_model manual__2025-06-06T20:33:46.461470+00:00 [running]> on host 97f452330a36
[2025-06-06T20:37:29.274+0000] {taskinstance.py:2480} INFO - Exporting env vars: AIRFLOW_CTX_DAG_OWNER='***' AIRFLOW_CTX_DAG_ID='deep_models_pipeline' AIRFLOW_CTX_TASK_ID='predict_best_model' AIRFLOW_CTX_EXECUTION_DATE='2025-06-06T20:33:46.461470+00:00' AIRFLOW_CTX_TRY_NUMBER='2' AIRFLOW_CTX_DAG_RUN_ID='manual__2025-06-06T20:33:46.461470+00:00'
[2025-06-06T20:37:29.275+0000] {train_deep_model_dag.py:13} INFO - 🟦 Running command: python /opt/***/src/models/predict_best_model.py
[2025-06-06T20:37:36.675+0000] {train_deep_model_dag.py:20} INFO - 🟩 [stdout]:

[2025-06-06T20:37:36.676+0000] {train_deep_model_dag.py:22} WARNING - 🟨 [stderr]:
2025-06-06 20:37:31,257 - INFO - 🚀 Starte Prediction für hybrid_deep_model über MLflow Registry
2025-06-06 20:37:31,257 - INFO - 📦 Lade Modell: models:/hybrid_deep_model@best_model

Downloading artifacts:   0%|          | 0/8 [00:00<?, ?it/s]
Downloading artifacts:  12%|█▎        | 1/8 [00:00<00:00, 16.26it/s]
Downloading artifacts:  25%|██▌       | 2/8 [00:00<00:01,  5.90it/s]
Downloading artifacts:  25%|██▌       | 2/8 [00:00<00:01,  5.90it/s]
Downloading artifacts:  38%|███▊      | 3/8 [00:00<00:00,  5.90it/s]
Downloading artifacts:  50%|█████     | 4/8 [00:00<00:00,  5.90it/s]
Downloading artifacts:  62%|██████▎   | 5/8 [00:00<00:00, 12.42it/s]
Downloading artifacts:  62%|██████▎   | 5/8 [00:00<00:00, 12.42it/s]
Downloading artifacts:  75%|███████▌  | 6/8 [00:00<00:00, 12.42it/s]
Downloading artifacts:  88%|████████▊ | 7/8 [00:01<00:00,  4.21it/s]
Downloading artifacts:  88%|████████▊ | 7/8 [00:01<00:00,  4.21it/s]
Downloading artifacts: 100%|██████████| 8/8 [00:02<00:00,  4.21it/s]
Downloading artifacts: 100%|██████████| 8/8 [00:02<00:00,  3.46it/s]
2025-06-06 20:37:36,300 - INFO - 📥 Embedding geladen: /opt/***/data/processed/hybrid_deep_embedding.csv – Shape: (10381, 32)
2025-06-06 20:37:36,317 - ERROR - ❌ Fehler bei der Modellvorhersage: Failed to enforce schema of data '           0         1         2  ...        29        30        31
1  -0.008839  0.132666 -0.661769  ... -0.006485 -0.674272  0.696827
2  -0.209508  0.418891 -0.275260  ...  0.298173 -0.256109  0.224754
3   0.224527  0.100519 -0.285683  ...  0.141143  0.188211  0.250379
4   0.220596 -0.047618 -0.262028  ... -0.217656  0.090410  0.195527
5   0.251058  0.145365 -0.078004  ...  0.094179  0.162038  0.333171
6   0.115260  0.511303 -0.696503  ... -0.413038  0.319799  0.391449
7   0.312328  0.045462 -0.299335  ... -0.119689  0.117658  0.481713
8  -0.217703  0.227636 -0.158555  ...  0.146210 -0.213030  0.105572
9  -0.067743  0.335157 -0.204446  ...  0.114097  0.383269  0.162913
10  0.182550  0.540686 -0.441639  ...  0.340879  0.281937  0.132959

[10 rows x 32 columns]' with schema '['emb_0': float (required), 'emb_1': float (required), 'emb_2': float (required), 'emb_3': float (required), 'emb_4': float (required), 'emb_5': float (required), 'emb_6': float (required), 'emb_7': float (required), 'emb_8': float (required), 'emb_9': float (required), 'emb_10': float (required), 'emb_11': float (required), 'emb_12': float (required), 'emb_13': float (required), 'emb_14': float (required), 'emb_15': float (required), 'emb_16': float (required), 'emb_17': float (required), 'emb_18': float (required), 'emb_19': float (required), 'emb_20': float (required), 'emb_21': float (required), 'emb_22': float (required), 'emb_23': float (required), 'emb_24': float (required), 'emb_25': float (required), 'emb_26': float (required), 'emb_27': float (required), 'emb_28': float (required), 'emb_29': float (required), 'emb_30': float (required), 'emb_31': float (required)]'. Error: Model is missing inputs ['emb_0', 'emb_1', 'emb_2', 'emb_3', 'emb_4', 'emb_5', 'emb_6', 'emb_7', 'emb_8', 'emb_9', 'emb_10', 'emb_11', 'emb_12', 'emb_13', 'emb_14', 'emb_15', 'emb_16', 'emb_17', 'emb_18', 'emb_19', 'emb_20', 'emb_21', 'emb_22', 'emb_23', 'emb_24', 'emb_25', 'emb_26', 'emb_27', 'emb_28', 'emb_29', 'emb_30', 'emb_31']. Note that there were extra inputs: ['21', '3', '15', '10', '19', '25', '9', '30', '8', '20', '0', '26', '5', '28', '14', '13', '16', '22', '17', '24', '4', '23', '1', '7', '6', '12', '31', '2', '27', '29', '18', '11']
Traceback (most recent call last):
  File "/home/***/.local/lib/python3.10/site-packages/mlflow/pyfunc/__init__.py", line 730, in _validate_prediction_input
    data = _enforce_schema(data, input_schema, flavor)
  File "/home/***/.local/lib/python3.10/site-packages/mlflow/models/utils.py", line 1259, in _enforce_schema
    raise MlflowException(message)
mlflow.exceptions.MlflowException: Model is missing inputs ['emb_0', 'emb_1', 'emb_2', 'emb_3', 'emb_4', 'emb_5', 'emb_6', 'emb_7', 'emb_8', 'emb_9', 'emb_10', 'emb_11', 'emb_12', 'emb_13', 'emb_14', 'emb_15', 'emb_16', 'emb_17', 'emb_18', 'emb_19', 'emb_20', 'emb_21', 'emb_22', 'emb_23', 'emb_24', 'emb_25', 'emb_26', 'emb_27', 'emb_28', 'emb_29', 'emb_30', 'emb_31']. Note that there were extra inputs: ['21', '3', '15', '10', '19', '25', '9', '30', '8', '20', '0', '26', '5', '28', '14', '13', '16', '22', '17', '24', '4', '23', '1', '7', '6', '12', '31', '2', '27', '29', '18', '11']

During handling of the above exception, another exception occurred:

Traceback (most recent call last):
  File "/opt/***/src/models/predict_best_model.py", line 70, in <module>
    predict_best_model(n_users=args.n_users)
  File "/opt/***/src/models/predict_best_model.py", line 41, in predict_best_model
    predictions = model.predict(input_df)
  File "/home/***/.local/lib/python3.10/site-packages/mlflow/pyfunc/__init__.py", line 812, in predict
    return self._predict(data, params)
  File "/home/***/.local/lib/python3.10/site-packages/mlflow/pyfunc/__init__.py", line 851, in _predict
    data, params = _validate_prediction_input(
  File "/home/***/.local/lib/python3.10/site-packages/mlflow/pyfunc/__init__.py", line 733, in _validate_prediction_input
    raise MlflowException.invalid_parameter_value(
mlflow.exceptions.MlflowException: Failed to enforce schema of data '           0         1         2  ...        29        30        31
1  -0.008839  0.132666 -0.661769  ... -0.006485 -0.674272  0.696827
2  -0.209508  0.418891 -0.275260  ...  0.298173 -0.256109  0.224754
3   0.224527  0.100519 -0.285683  ...  0.141143  0.188211  0.250379
4   0.220596 -0.047618 -0.262028  ... -0.217656  0.090410  0.195527
5   0.251058  0.145365 -0.078004  ...  0.094179  0.162038  0.333171
6   0.115260  0.511303 -0.696503  ... -0.413038  0.319799  0.391449
7   0.312328  0.045462 -0.299335  ... -0.119689  0.117658  0.481713
8  -0.217703  0.227636 -0.158555  ...  0.146210 -0.213030  0.105572
9  -0.067743  0.335157 -0.204446  ...  0.114097  0.383269  0.162913
10  0.182550  0.540686 -0.441639  ...  0.340879  0.281937  0.132959

[10 rows x 32 columns]' with schema '['emb_0': float (required), 'emb_1': float (required), 'emb_2': float (required), 'emb_3': float (required), 'emb_4': float (required), 'emb_5': float (required), 'emb_6': float (required), 'emb_7': float (required), 'emb_8': float (required), 'emb_9': float (required), 'emb_10': float (required), 'emb_11': float (required), 'emb_12': float (required), 'emb_13': float (required), 'emb_14': float (required), 'emb_15': float (required), 'emb_16': float (required), 'emb_17': float (required), 'emb_18': float (required), 'emb_19': float (required), 'emb_20': float (required), 'emb_21': float (required), 'emb_22': float (required), 'emb_23': float (required), 'emb_24': float (required), 'emb_25': float (required), 'emb_26': float (required), 'emb_27': float (required), 'emb_28': float (required), 'emb_29': float (required), 'emb_30': float (required), 'emb_31': float (required)]'. Error: Model is missing inputs ['emb_0', 'emb_1', 'emb_2', 'emb_3', 'emb_4', 'emb_5', 'emb_6', 'emb_7', 'emb_8', 'emb_9', 'emb_10', 'emb_11', 'emb_12', 'emb_13', 'emb_14', 'emb_15', 'emb_16', 'emb_17', 'emb_18', 'emb_19', 'emb_20', 'emb_21', 'emb_22', 'emb_23', 'emb_24', 'emb_25', 'emb_26', 'emb_27', 'emb_28', 'emb_29', 'emb_30', 'emb_31']. Note that there were extra inputs: ['21', '3', '15', '10', '19', '25', '9', '30', '8', '20', '0', '26', '5', '28', '14', '13', '16', '22', '17', '24', '4', '23', '1', '7', '6', '12', '31', '2', '27', '29', '18', '11']

[2025-06-06T20:37:36.677+0000] {train_deep_model_dag.py:29} ERROR - ❌ Subprozess-Fehler (exit code 1): python /opt/***/src/models/predict_best_model.py
[2025-06-06T20:37:36.677+0000] {train_deep_model_dag.py:32} ERROR - ❌ Subprozess-Ausnahme: Command '['python', '/opt/***/src/models/predict_best_model.py']' returned non-zero exit status 1.
[2025-06-06T20:37:36.677+0000] {taskinstance.py:2698} ERROR - Task failed with exception
Traceback (most recent call last):
  File "/home/airflow/.local/lib/python3.10/site-packages/airflow/models/taskinstance.py", line 433, in _execute_task
    result = execute_callable(context=context, **execute_callable_kwargs)
  File "/home/airflow/.local/lib/python3.10/site-packages/airflow/operators/python.py", line 199, in execute
    return_value = self.execute_callable()
  File "/home/airflow/.local/lib/python3.10/site-packages/airflow/operators/python.py", line 216, in execute_callable
    return self.python_callable(*self.op_args, **self.op_kwargs)
  File "/opt/airflow/dags/train_deep_model_dag.py", line 71, in run_predict_best_model
    run_and_log(["python", "/opt/airflow/src/models/predict_best_model.py"])
  File "/opt/airflow/dags/train_deep_model_dag.py", line 30, in run_and_log
    raise subprocess.CalledProcessError(result.returncode, command)
subprocess.CalledProcessError: Command '['python', '/opt/airflow/src/models/predict_best_model.py']' returned non-zero exit status 1.
[2025-06-06T20:37:36.686+0000] {taskinstance.py:1138} INFO - Marking task as UP_FOR_RETRY. dag_id=deep_models_pipeline, task_id=predict_best_model, execution_date=20250606T203346, start_date=20250606T203729, end_date=20250606T203736
[2025-06-06T20:37:36.695+0000] {standard_task_runner.py:107} ERROR - Failed to execute job 2259 for task predict_best_model (Command '['python', '/opt/airflow/src/models/predict_best_model.py']' returned non-zero exit status 1.; 698)
[2025-06-06T20:37:36.727+0000] {local_task_job_runner.py:234} INFO - Task exited with return code 1
[2025-06-06T20:37:36.738+0000] {taskinstance.py:3280} INFO - 0 downstream tasks scheduled from follow-on schedule check
