[2025-06-05T23:59:24.416+0000] {taskinstance.py:1956} INFO - Dependencies all met for dep_context=non-requeueable deps ti=<TaskInstance: deep_models_pipeline.predict_best_model_user manual__2025-06-05T23:48:00.014235+00:00 [queued]>
[2025-06-05T23:59:24.424+0000] {taskinstance.py:1956} INFO - Dependencies all met for dep_context=requeueable deps ti=<TaskInstance: deep_models_pipeline.predict_best_model_user manual__2025-06-05T23:48:00.014235+00:00 [queued]>
[2025-06-05T23:59:24.425+0000] {taskinstance.py:2170} INFO - Starting attempt 3 of 3
[2025-06-05T23:59:24.435+0000] {taskinstance.py:2191} INFO - Executing <Task(PythonOperator): predict_best_model_user> on 2025-06-05 23:48:00.014235+00:00
[2025-06-05T23:59:24.442+0000] {standard_task_runner.py:60} INFO - Started process 2379 to run task
[2025-06-05T23:59:24.444+0000] {standard_task_runner.py:87} INFO - Running: ['***', 'tasks', 'run', 'deep_models_pipeline', 'predict_best_model_user', 'manual__2025-06-05T23:48:00.014235+00:00', '--job-id', '2084', '--raw', '--subdir', 'DAGS_FOLDER/train_deep_model_dag.py', '--cfg-path', '/tmp/tmp1qi01503']
[2025-06-05T23:59:24.445+0000] {standard_task_runner.py:88} INFO - Job 2084: Subtask predict_best_model_user
[2025-06-05T23:59:24.477+0000] {task_command.py:423} INFO - Running <TaskInstance: deep_models_pipeline.predict_best_model_user manual__2025-06-05T23:48:00.014235+00:00 [running]> on host c3c6a9191588
[2025-06-05T23:59:24.530+0000] {taskinstance.py:2480} INFO - Exporting env vars: AIRFLOW_CTX_DAG_OWNER='***' AIRFLOW_CTX_DAG_ID='deep_models_pipeline' AIRFLOW_CTX_TASK_ID='predict_best_model_user' AIRFLOW_CTX_EXECUTION_DATE='2025-06-05T23:48:00.014235+00:00' AIRFLOW_CTX_TRY_NUMBER='3' AIRFLOW_CTX_DAG_RUN_ID='manual__2025-06-05T23:48:00.014235+00:00'
[2025-06-05T23:59:24.531+0000] {train_deep_model_dag.py:13} INFO - 🟦 Running command: python /opt/***/src/models/predict_best_model.py --model_type=user --pipeline_type=dl --n_users=100
[2025-06-05T23:59:29.107+0000] {local_task_job_runner.py:121} ERROR - Received SIGTERM. Terminating subprocesses
[2025-06-05T23:59:29.130+0000] {process_utils.py:131} INFO - Sending 15 to group 2379. PIDs of all processes in the group: [2380, 2379]
[2025-06-05T23:59:29.133+0000] {process_utils.py:86} INFO - Sending the signal 15 to group 2379
[2025-06-05T23:59:29.137+0000] {taskinstance.py:2450} ERROR - Received SIGTERM. Terminating subprocesses.
[2025-06-05T23:59:29.168+0000] {train_deep_model_dag.py:32} ERROR - ❌ Subprozess-Ausnahme: Task received SIGTERM signal
[2025-06-05T23:59:29.180+0000] {taskinstance.py:2698} ERROR - Task failed with exception
Traceback (most recent call last):
  File "/home/airflow/.local/lib/python3.10/site-packages/airflow/models/taskinstance.py", line 433, in _execute_task
    result = execute_callable(context=context, **execute_callable_kwargs)
  File "/home/airflow/.local/lib/python3.10/site-packages/airflow/operators/python.py", line 199, in execute
    return_value = self.execute_callable()
  File "/home/airflow/.local/lib/python3.10/site-packages/airflow/operators/python.py", line 216, in execute_callable
    return self.python_callable(*self.op_args, **self.op_kwargs)
  File "/opt/airflow/dags/train_deep_model_dag.py", line 129, in run_predict_best_model_user_dl
    run_and_log([
  File "/opt/airflow/dags/train_deep_model_dag.py", line 14, in run_and_log
    result = subprocess.run(
  File "/usr/local/lib/python3.10/subprocess.py", line 505, in run
    stdout, stderr = process.communicate(input, timeout=timeout)
  File "/usr/local/lib/python3.10/subprocess.py", line 1154, in communicate
    stdout, stderr = self._communicate(input, endtime, timeout)
  File "/usr/local/lib/python3.10/subprocess.py", line 2021, in _communicate
    ready = selector.select(timeout)
  File "/usr/local/lib/python3.10/selectors.py", line 416, in select
    fd_event_list = self._selector.poll(timeout)
  File "/home/airflow/.local/lib/python3.10/site-packages/airflow/models/taskinstance.py", line 2452, in signal_handler
    raise AirflowException("Task received SIGTERM signal")
airflow.exceptions.AirflowException: Task received SIGTERM signal
[2025-06-05T23:59:29.189+0000] {taskinstance.py:1138} INFO - Marking task as FAILED. dag_id=deep_models_pipeline, task_id=predict_best_model_user, execution_date=20250605T234800, start_date=20250605T235924, end_date=20250605T235929
[2025-06-05T23:59:29.199+0000] {standard_task_runner.py:107} ERROR - Failed to execute job 2084 for task predict_best_model_user (Task received SIGTERM signal; 2379)
[2025-06-05T23:59:29.235+0000] {process_utils.py:79} INFO - Process psutil.Process(pid=2379, status='terminated', exitcode=1, started='23:59:23') (2379) terminated with exit code 1
[2025-06-05T23:59:29.237+0000] {process_utils.py:79} INFO - Process psutil.Process(pid=2380, status='terminated', started='23:59:23') (2380) terminated with exit code None
[2025-06-05T23:59:29.237+0000] {local_task_job_runner.py:234} INFO - Task exited with return code 143
[2025-06-05T23:59:29.256+0000] {taskinstance.py:3280} INFO - 0 downstream tasks scheduled from follow-on schedule check
