[2025-06-02T08:34:34.904+0000] {taskinstance.py:1956} INFO - Dependencies all met for dep_context=non-requeueable deps ti=<TaskInstance: movie_recommendation_pipeline.dvc_add_and_push_all manual__2025-06-02T08:30:28.616089+00:00 [queued]>
[2025-06-02T08:34:34.911+0000] {taskinstance.py:1956} INFO - Dependencies all met for dep_context=requeueable deps ti=<TaskInstance: movie_recommendation_pipeline.dvc_add_and_push_all manual__2025-06-02T08:30:28.616089+00:00 [queued]>
[2025-06-02T08:34:34.912+0000] {taskinstance.py:2170} INFO - Starting attempt 1 of 3
[2025-06-02T08:34:34.922+0000] {taskinstance.py:2191} INFO - Executing <Task(PythonOperator): dvc_add_and_push_all> on 2025-06-02 08:30:28.616089+00:00
[2025-06-02T08:34:34.928+0000] {standard_task_runner.py:60} INFO - Started process 810 to run task
[2025-06-02T08:34:34.931+0000] {standard_task_runner.py:87} INFO - Running: ['***', 'tasks', 'run', 'movie_recommendation_pipeline', 'dvc_add_and_push_all', 'manual__2025-06-02T08:30:28.616089+00:00', '--job-id', '1603', '--raw', '--subdir', 'DAGS_FOLDER/mlops_movie_dag.py', '--cfg-path', '/tmp/tmp782dr_pl']
[2025-06-02T08:34:34.932+0000] {standard_task_runner.py:88} INFO - Job 1603: Subtask dvc_add_and_push_all
[2025-06-02T08:34:34.966+0000] {task_command.py:423} INFO - Running <TaskInstance: movie_recommendation_pipeline.dvc_add_and_push_all manual__2025-06-02T08:30:28.616089+00:00 [running]> on host 3bd360313a9c
[2025-06-02T08:34:35.023+0000] {taskinstance.py:2480} INFO - Exporting env vars: AIRFLOW_CTX_DAG_OWNER='***' AIRFLOW_CTX_DAG_ID='movie_recommendation_pipeline' AIRFLOW_CTX_TASK_ID='dvc_add_and_push_all' AIRFLOW_CTX_EXECUTION_DATE='2025-06-02T08:30:28.616089+00:00' AIRFLOW_CTX_TRY_NUMBER='1' AIRFLOW_CTX_DAG_RUN_ID='manual__2025-06-02T08:30:28.616089+00:00'
[2025-06-02T08:34:35.028+0000] {mlops_movie_dag.py:12} INFO - 🟦 Running command: git config --global --add safe.directory /opt/***
[2025-06-02T08:34:35.038+0000] {mlops_movie_dag.py:19} INFO - 🟩 [stdout]:

[2025-06-02T08:34:35.038+0000] {mlops_movie_dag.py:12} INFO - 🟦 Running command: git config --global user.email ***@mlops.local
[2025-06-02T08:34:35.053+0000] {mlops_movie_dag.py:19} INFO - 🟩 [stdout]:

[2025-06-02T08:34:35.054+0000] {mlops_movie_dag.py:12} INFO - 🟦 Running command: git config --global user.name Airflow
[2025-06-02T08:34:35.066+0000] {mlops_movie_dag.py:19} INFO - 🟩 [stdout]:

[2025-06-02T08:34:35.067+0000] {mlops_movie_dag.py:12} INFO - 🟦 Running command: dvc add /opt/***/models/hybrid_model.pkl
[2025-06-02T08:34:48.958+0000] {mlops_movie_dag.py:19} INFO - 🟩 [stdout]:

To track the changes with git, run:

	git add models/hybrid_model.pkl.dvc

To enable auto staging, run:

	dvc config core.autostage true

[2025-06-02T08:34:48.959+0000] {mlops_movie_dag.py:12} INFO - 🟦 Running command: dvc add /opt/***/data/processed/hybrid_matrix.csv
[2025-06-02T08:35:05.004+0000] {mlops_movie_dag.py:19} INFO - 🟩 [stdout]:

To track the changes with git, run:

	git add data/processed/hybrid_matrix.csv.dvc

To enable auto staging, run:

	dvc config core.autostage true

[2025-06-02T08:35:05.005+0000] {mlops_movie_dag.py:12} INFO - 🟦 Running command: dvc add /opt/***/data/processed/hybrid_matrix_features.txt
[2025-06-02T08:35:14.524+0000] {mlops_movie_dag.py:19} INFO - 🟩 [stdout]:

To track the changes with git, run:

	git add data/processed/hybrid_matrix_features.txt.dvc

To enable auto staging, run:

	dvc config core.autostage true

[2025-06-02T08:35:14.525+0000] {mlops_movie_dag.py:12} INFO - 🟦 Running command: dvc add /opt/***/models/user_model.pkl
[2025-06-02T08:35:25.277+0000] {mlops_movie_dag.py:19} INFO - 🟩 [stdout]:

To track the changes with git, run:

	git add models/user_model.pkl.dvc

To enable auto staging, run:

	dvc config core.autostage true

[2025-06-02T08:35:25.278+0000] {mlops_movie_dag.py:12} INFO - 🟦 Running command: dvc add /opt/***/data/processed/user_matrix.csv
[2025-06-02T08:35:37.197+0000] {mlops_movie_dag.py:19} INFO - 🟩 [stdout]:

To track the changes with git, run:

	git add data/processed/user_matrix.csv.dvc

To enable auto staging, run:

	dvc config core.autostage true

[2025-06-02T08:35:37.198+0000] {mlops_movie_dag.py:12} INFO - 🟦 Running command: dvc add /opt/***/data/processed/user_matrix_features.txt
[2025-06-02T08:35:48.294+0000] {mlops_movie_dag.py:19} INFO - 🟩 [stdout]:

To track the changes with git, run:

	git add data/processed/user_matrix_features.txt.dvc

To enable auto staging, run:

	dvc config core.autostage true

[2025-06-02T08:35:48.295+0000] {mlops_movie_dag.py:12} INFO - 🟦 Running command: git add /opt/***/models/hybrid_model.pkl.dvc /opt/***/data/processed/hybrid_matrix.csv.dvc /opt/***/data/processed/hybrid_matrix_features.txt.dvc /opt/***/models/user_model.pkl.dvc /opt/***/data/processed/user_matrix.csv.dvc /opt/***/data/processed/user_matrix_features.txt.dvc
[2025-06-02T08:35:48.413+0000] {mlops_movie_dag.py:19} INFO - 🟩 [stdout]:

[2025-06-02T08:35:48.502+0000] {mlops_movie_dag.py:118} INFO - ✅ Nichts zu committen (Skip git commit)
[2025-06-02T08:35:48.502+0000] {mlops_movie_dag.py:12} INFO - 🟦 Running command: dvc push
[2025-06-02T08:35:59.539+0000] {mlops_movie_dag.py:19} INFO - 🟩 [stdout]:
Everything is up to date.

[2025-06-02T08:35:59.540+0000] {python.py:201} INFO - Done. Returned value was: None
[2025-06-02T08:35:59.548+0000] {taskinstance.py:1138} INFO - Marking task as SUCCESS. dag_id=movie_recommendation_pipeline, task_id=dvc_add_and_push_all, execution_date=20250602T083028, start_date=20250602T083434, end_date=20250602T083559
[2025-06-02T08:35:59.591+0000] {local_task_job_runner.py:234} INFO - Task exited with return code 0
[2025-06-02T08:35:59.611+0000] {taskinstance.py:3280} INFO - 1 downstream tasks scheduled from follow-on schedule check
