[2025-06-08T23:35:33.669+0000] {taskinstance.py:1956} INFO - Dependencies all met for dep_context=non-requeueable deps ti=<TaskInstance: deep_models_pipeline.train_deep_hybrid_model manual__2025-06-08T23:35:27.596498+00:00 [queued]>
[2025-06-08T23:35:33.674+0000] {taskinstance.py:1956} INFO - Dependencies all met for dep_context=requeueable deps ti=<TaskInstance: deep_models_pipeline.train_deep_hybrid_model manual__2025-06-08T23:35:27.596498+00:00 [queued]>
[2025-06-08T23:35:33.675+0000] {taskinstance.py:2170} INFO - Starting attempt 1 of 3
[2025-06-08T23:35:33.684+0000] {taskinstance.py:2191} INFO - Executing <Task(PythonOperator): train_deep_hybrid_model> on 2025-06-08 23:35:27.596498+00:00
[2025-06-08T23:35:33.690+0000] {standard_task_runner.py:60} INFO - Started process 315 to run task
[2025-06-08T23:35:33.692+0000] {standard_task_runner.py:87} INFO - Running: ['***', 'tasks', 'run', 'deep_models_pipeline', 'train_deep_hybrid_model', 'manual__2025-06-08T23:35:27.596498+00:00', '--job-id', '3594', '--raw', '--subdir', 'DAGS_FOLDER/train_deep_model_dag.py', '--cfg-path', '/tmp/tmp62908tz2']
[2025-06-08T23:35:33.694+0000] {standard_task_runner.py:88} INFO - Job 3594: Subtask train_deep_hybrid_model
[2025-06-08T23:35:33.726+0000] {task_command.py:423} INFO - Running <TaskInstance: deep_models_pipeline.train_deep_hybrid_model manual__2025-06-08T23:35:27.596498+00:00 [running]> on host c21358d6bdd9
[2025-06-08T23:35:33.782+0000] {taskinstance.py:2480} INFO - Exporting env vars: AIRFLOW_CTX_DAG_OWNER='***' AIRFLOW_CTX_DAG_ID='deep_models_pipeline' AIRFLOW_CTX_TASK_ID='train_deep_hybrid_model' AIRFLOW_CTX_EXECUTION_DATE='2025-06-08T23:35:27.596498+00:00' AIRFLOW_CTX_TRY_NUMBER='1' AIRFLOW_CTX_DAG_RUN_ID='manual__2025-06-08T23:35:27.596498+00:00'
[2025-06-08T23:35:33.783+0000] {train_deep_model_dag.py:13} INFO - 🟦 Running command: python /opt/***/src/models/train_hybrid_deep_model.py --n_neighbors=10 --latent_dim=64 --epochs=30 --tfidf_features=300
[2025-06-08T23:36:33.516+0000] {train_deep_model_dag.py:20} INFO - 🟩 [stdout]:
🏃 View run train_hybrid_deep_model at: https://dagshub.com/sacer11/MLOps_movie_rec_apr25.mlflow/#/experiments/10/runs/71393d89e57048a0b9f4aa48c9b49c93
🧪 View experiment at: https://dagshub.com/sacer11/MLOps_movie_rec_apr25.mlflow/#/experiments/10

[2025-06-08T23:36:33.517+0000] {train_deep_model_dag.py:22} WARNING - 🟨 [stderr]:
2025-06-08 23:35:37,497 - __main__ - INFO - 📥 Lade Rohdaten und baue Hybrid-Feature-Matrix ...
2025-06-08 23:35:42,544 - __main__ - INFO - 📐 Hybrid-Matrix erstellt mit Shape: (10381, 1429), Feature-Namen: 1429
2025-06-08 23:35:52,728 - __main__ - INFO - 💾 Hybrid-Matrix gespeichert unter /opt/***/data/processed/hybrid_matrix.csv
2025-06-08 23:35:52,816 - __main__ - INFO - 🚀 Starte Training Autoencoder ...
2025-06-08 23:35:53,662 - __main__ - INFO - Epoch 1/30: Loss = 0.0121
2025-06-08 23:35:53,949 - __main__ - INFO - Epoch 2/30: Loss = 0.0070
2025-06-08 23:35:54,209 - __main__ - INFO - Epoch 3/30: Loss = 0.0060
2025-06-08 23:35:54,460 - __main__ - INFO - Epoch 4/30: Loss = 0.0055
2025-06-08 23:35:54,744 - __main__ - INFO - Epoch 5/30: Loss = 0.0052
2025-06-08 23:35:55,008 - __main__ - INFO - Epoch 6/30: Loss = 0.0050
2025-06-08 23:35:55,270 - __main__ - INFO - Epoch 7/30: Loss = 0.0049
2025-06-08 23:35:55,532 - __main__ - INFO - Epoch 8/30: Loss = 0.0047
2025-06-08 23:35:55,802 - __main__ - INFO - Epoch 9/30: Loss = 0.0046
2025-06-08 23:35:56,100 - __main__ - INFO - Epoch 10/30: Loss = 0.0045
2025-06-08 23:35:56,341 - __main__ - INFO - Epoch 11/30: Loss = 0.0044
2025-06-08 23:35:56,665 - __main__ - INFO - Epoch 12/30: Loss = 0.0044
2025-06-08 23:35:56,923 - __main__ - INFO - Epoch 13/30: Loss = 0.0043
2025-06-08 23:35:57,151 - __main__ - INFO - Epoch 14/30: Loss = 0.0043
2025-06-08 23:35:57,437 - __main__ - INFO - Epoch 15/30: Loss = 0.0042
2025-06-08 23:35:57,725 - __main__ - INFO - Epoch 16/30: Loss = 0.0042
2025-06-08 23:35:58,015 - __main__ - INFO - Epoch 17/30: Loss = 0.0041
2025-06-08 23:35:58,323 - __main__ - INFO - Epoch 18/30: Loss = 0.0041
2025-06-08 23:35:58,685 - __main__ - INFO - Epoch 19/30: Loss = 0.0041
2025-06-08 23:35:58,954 - __main__ - INFO - Epoch 20/30: Loss = 0.0041
2025-06-08 23:35:59,233 - __main__ - INFO - Epoch 21/30: Loss = 0.0040
2025-06-08 23:35:59,513 - __main__ - INFO - Epoch 22/30: Loss = 0.0040
2025-06-08 23:35:59,848 - __main__ - INFO - Epoch 23/30: Loss = 0.0040
2025-06-08 23:36:00,131 - __main__ - INFO - Epoch 24/30: Loss = 0.0040
2025-06-08 23:36:00,399 - __main__ - INFO - Epoch 25/30: Loss = 0.0040
2025-06-08 23:36:00,667 - __main__ - INFO - Epoch 26/30: Loss = 0.0040
2025-06-08 23:36:00,936 - __main__ - INFO - Epoch 27/30: Loss = 0.0039
2025-06-08 23:36:01,200 - __main__ - INFO - Epoch 28/30: Loss = 0.0039
2025-06-08 23:36:01,464 - __main__ - INFO - Epoch 29/30: Loss = 0.0039
2025-06-08 23:36:01,731 - __main__ - INFO - Epoch 30/30: Loss = 0.0039
2025-06-08 23:36:02,173 - __main__ - INFO - ✅ Hybrid-Embeddings gespeichert unter /opt/***/data/processed/hybrid_deep_embedding.csv
2025-06-08 23:36:02,173 - __main__ - INFO - ✅ Hybrid-Embeddings gespeichert unter /opt/***/data/processed/hybrid_deep_embedding.csv
2025-06-08 23:36:02,189 - __main__ - INFO - ✅ Deep KNN Modell gespeichert unter /opt/***/models/hybrid_deep_knn.pkl
2025/06/08 23:36:08 INFO mlflow.pyfunc: Validating input example against model signature

Downloading artifacts:   0%|          | 0/1 [00:00<?, ?it/s]
Downloading artifacts: 100%|██████████| 1/1 [00:00<00:00, 45.19it/s]
Downloading artifacts: 100%|██████████| 1/1 [00:00<00:00, 44.71it/s]
Registered model 'hybrid_deep_model' already exists. Creating a new version of this model...
2025/06/08 23:36:18 INFO mlflow.store.model_registry.abstract_store: Waiting up to 300 seconds for model version to finish creation. Model name: hybrid_deep_model, version 62
Created version '62' of model 'hybrid_deep_model'.
2025-06-08 23:36:30,485 - __main__ - INFO - 📝 Tags für Modellversion 62 gesetzt: n_neighbors=10, latent_dim=64, tfidf_features=300, epochs=30
2025-06-08 23:36:32,500 - __main__ - INFO - 🏁 Deep Hybrid-Model Training abgeschlossen und geloggt.

[2025-06-08T23:36:33.518+0000] {python.py:201} INFO - Done. Returned value was: None
[2025-06-08T23:36:33.525+0000] {taskinstance.py:1138} INFO - Marking task as SUCCESS. dag_id=deep_models_pipeline, task_id=train_deep_hybrid_model, execution_date=20250608T233527, start_date=20250608T233533, end_date=20250608T233633
[2025-06-08T23:36:33.545+0000] {local_task_job_runner.py:234} INFO - Task exited with return code 0
[2025-06-08T23:36:33.563+0000] {taskinstance.py:3280} INFO - 1 downstream tasks scheduled from follow-on schedule check
