[2025-06-07T03:30:23.211+0000] {taskinstance.py:1956} INFO - Dependencies all met for dep_context=non-requeueable deps ti=<TaskInstance: deep_models_pipeline.predict_best_model manual__2025-06-07T03:28:33.725888+00:00 [queued]>
[2025-06-07T03:30:23.220+0000] {taskinstance.py:1956} INFO - Dependencies all met for dep_context=requeueable deps ti=<TaskInstance: deep_models_pipeline.predict_best_model manual__2025-06-07T03:28:33.725888+00:00 [queued]>
[2025-06-07T03:30:23.220+0000] {taskinstance.py:2170} INFO - Starting attempt 1 of 3
[2025-06-07T03:30:23.233+0000] {taskinstance.py:2191} INFO - Executing <Task(PythonOperator): predict_best_model> on 2025-06-07 03:28:33.725888+00:00
[2025-06-07T03:30:23.241+0000] {standard_task_runner.py:60} INFO - Started process 1121 to run task
[2025-06-07T03:30:23.243+0000] {standard_task_runner.py:87} INFO - Running: ['***', 'tasks', 'run', 'deep_models_pipeline', 'predict_best_model', 'manual__2025-06-07T03:28:33.725888+00:00', '--job-id', '2419', '--raw', '--subdir', 'DAGS_FOLDER/train_deep_model_dag.py', '--cfg-path', '/tmp/tmpk8n6rz6h']
[2025-06-07T03:30:23.245+0000] {standard_task_runner.py:88} INFO - Job 2419: Subtask predict_best_model
[2025-06-07T03:30:23.288+0000] {task_command.py:423} INFO - Running <TaskInstance: deep_models_pipeline.predict_best_model manual__2025-06-07T03:28:33.725888+00:00 [running]> on host 894920149c26
[2025-06-07T03:30:23.358+0000] {taskinstance.py:2480} INFO - Exporting env vars: AIRFLOW_CTX_DAG_OWNER='***' AIRFLOW_CTX_DAG_ID='deep_models_pipeline' AIRFLOW_CTX_TASK_ID='predict_best_model' AIRFLOW_CTX_EXECUTION_DATE='2025-06-07T03:28:33.725888+00:00' AIRFLOW_CTX_TRY_NUMBER='1' AIRFLOW_CTX_DAG_RUN_ID='manual__2025-06-07T03:28:33.725888+00:00'
[2025-06-07T03:30:23.359+0000] {train_deep_model_dag.py:13} INFO - 🟦 Running command: python /opt/***/src/models/predict_best_model.py
[2025-06-07T03:31:02.466+0000] {train_deep_model_dag.py:20} INFO - 🟩 [stdout]:
🏃 View run predict_best_model_hybrid_deep at: https://dagshub.com/sacer11/MLOps_movie_rec_apr25.mlflow/#/experiments/11/runs/92e2c8452b4f4e9a9c65cc0f0a819c21
🧪 View experiment at: https://dagshub.com/sacer11/MLOps_movie_rec_apr25.mlflow/#/experiments/11

[2025-06-07T03:31:02.467+0000] {train_deep_model_dag.py:22} WARNING - 🟨 [stderr]:
2025-06-07 03:30:26,978 - INFO - 🚀 Starte Prediction für hybrid_deep_model über MLflow Registry
2025-06-07 03:30:26,978 - INFO - 📦 Lade Modell: models:/hybrid_deep_model@best_model

Downloading artifacts:   0%|          | 0/8 [00:00<?, ?it/s]
Downloading artifacts:  12%|█▎        | 1/8 [00:00<00:00, 13357.66it/s]
Downloading artifacts:  25%|██▌       | 2/8 [00:01<00:03,  1.80it/s]   
Downloading artifacts:  25%|██▌       | 2/8 [00:01<00:03,  1.80it/s]
Downloading artifacts:  38%|███▊      | 3/8 [00:01<00:03,  1.50it/s]
Downloading artifacts:  38%|███▊      | 3/8 [00:01<00:03,  1.50it/s]
Downloading artifacts:  50%|█████     | 4/8 [00:03<00:04,  1.04s/it]
Downloading artifacts:  50%|█████     | 4/8 [00:03<00:04,  1.04s/it]
Downloading artifacts:  62%|██████▎   | 5/8 [00:04<00:03,  1.06s/it]
Downloading artifacts:  62%|██████▎   | 5/8 [00:04<00:03,  1.06s/it]
Downloading artifacts:  75%|███████▌  | 6/8 [00:05<00:01,  1.20it/s]
Downloading artifacts:  75%|███████▌  | 6/8 [00:05<00:01,  1.20it/s]
Downloading artifacts:  88%|████████▊ | 7/8 [00:05<00:00,  1.18it/s]
Downloading artifacts:  88%|████████▊ | 7/8 [00:05<00:00,  1.18it/s]
Downloading artifacts: 100%|██████████| 8/8 [00:06<00:00,  1.12it/s]
Downloading artifacts: 100%|██████████| 8/8 [00:06<00:00,  1.12it/s]
Downloading artifacts: 100%|██████████| 8/8 [00:06<00:00,  1.15it/s]
2025-06-07 03:30:52,977 - INFO - 📥 Embedding geladen: /opt/***/data/processed/hybrid_deep_embedding.csv – Shape: (10381, 40)
2025-06-07 03:30:53,077 - INFO - 💾 Vorhersagen gespeichert unter: /opt/***/data/processed/predictions_hybrid_deep_model.csv
2025-06-07 03:31:01,964 - INFO - ✅ Predictions erfolgreich in MLflow geloggt

[2025-06-07T03:31:02.468+0000] {python.py:201} INFO - Done. Returned value was: None
[2025-06-07T03:31:02.478+0000] {taskinstance.py:1138} INFO - Marking task as SUCCESS. dag_id=deep_models_pipeline, task_id=predict_best_model, execution_date=20250607T032833, start_date=20250607T033023, end_date=20250607T033102
[2025-06-07T03:31:02.531+0000] {local_task_job_runner.py:234} INFO - Task exited with return code 0
[2025-06-07T03:31:02.546+0000] {taskinstance.py:3280} INFO - 0 downstream tasks scheduled from follow-on schedule check
