[2025-06-07T22:23:21.154+0000] {taskinstance.py:1956} INFO - Dependencies all met for dep_context=non-requeueable deps ti=<TaskInstance: deep_models_pipeline.train_deep_hybrid_model manual__2025-06-07T22:23:15.653156+00:00 [queued]>
[2025-06-07T22:23:21.161+0000] {taskinstance.py:1956} INFO - Dependencies all met for dep_context=requeueable deps ti=<TaskInstance: deep_models_pipeline.train_deep_hybrid_model manual__2025-06-07T22:23:15.653156+00:00 [queued]>
[2025-06-07T22:23:21.161+0000] {taskinstance.py:2170} INFO - Starting attempt 1 of 3
[2025-06-07T22:23:21.171+0000] {taskinstance.py:2191} INFO - Executing <Task(PythonOperator): train_deep_hybrid_model> on 2025-06-07 22:23:15.653156+00:00
[2025-06-07T22:23:21.178+0000] {standard_task_runner.py:60} INFO - Started process 3054 to run task
[2025-06-07T22:23:21.179+0000] {standard_task_runner.py:87} INFO - Running: ['***', 'tasks', 'run', 'deep_models_pipeline', 'train_deep_hybrid_model', 'manual__2025-06-07T22:23:15.653156+00:00', '--job-id', '2778', '--raw', '--subdir', 'DAGS_FOLDER/train_deep_model_dag.py', '--cfg-path', '/tmp/tmpdt6url1j']
[2025-06-07T22:23:21.181+0000] {standard_task_runner.py:88} INFO - Job 2778: Subtask train_deep_hybrid_model
[2025-06-07T22:23:21.213+0000] {task_command.py:423} INFO - Running <TaskInstance: deep_models_pipeline.train_deep_hybrid_model manual__2025-06-07T22:23:15.653156+00:00 [running]> on host e4801a74e885
[2025-06-07T22:23:21.268+0000] {taskinstance.py:2480} INFO - Exporting env vars: AIRFLOW_CTX_DAG_OWNER='***' AIRFLOW_CTX_DAG_ID='deep_models_pipeline' AIRFLOW_CTX_TASK_ID='train_deep_hybrid_model' AIRFLOW_CTX_EXECUTION_DATE='2025-06-07T22:23:15.653156+00:00' AIRFLOW_CTX_TRY_NUMBER='1' AIRFLOW_CTX_DAG_RUN_ID='manual__2025-06-07T22:23:15.653156+00:00'
[2025-06-07T22:23:21.269+0000] {train_deep_model_dag.py:13} INFO - 🟦 Running command: python /opt/***/src/models/train_hybrid_deep_model.py --n_neighbors=50 --latent_dim=64 --epochs=90 --tfidf_features=1991
[2025-06-07T22:25:13.113+0000] {train_deep_model_dag.py:20} INFO - 🟩 [stdout]:
🏃 View run train_hybrid_deep_model at: https://dagshub.com/sacer11/MLOps_movie_rec_apr25.mlflow/#/experiments/10/runs/32b295efa92446569aeb1fce0de7cf6a
🧪 View experiment at: https://dagshub.com/sacer11/MLOps_movie_rec_apr25.mlflow/#/experiments/10

[2025-06-07T22:25:13.113+0000] {train_deep_model_dag.py:22} WARNING - 🟨 [stderr]:
2025-06-07 22:23:24,817 - __main__ - INFO - 📥 Lade Rohdaten und baue Hybrid-Feature-Matrix ...
2025-06-07 22:23:30,091 - __main__ - INFO - 📐 Hybrid-Matrix erstellt mit Shape: (10381, 3120), Feature-Namen: 3120
2025-06-07 22:23:43,887 - __main__ - INFO - 💾 Hybrid-Matrix gespeichert unter /opt/***/data/processed/hybrid_matrix.csv
2025-06-07 22:23:44,086 - __main__ - INFO - 🚀 Starte Training Autoencoder ...
2025-06-07 22:23:45,075 - __main__ - INFO - Epoch 1/90: Loss = 0.0062
2025-06-07 22:23:45,569 - __main__ - INFO - Epoch 2/90: Loss = 0.0038
2025-06-07 22:23:46,042 - __main__ - INFO - Epoch 3/90: Loss = 0.0032
2025-06-07 22:23:46,485 - __main__ - INFO - Epoch 4/90: Loss = 0.0030
2025-06-07 22:23:46,950 - __main__ - INFO - Epoch 5/90: Loss = 0.0028
2025-06-07 22:23:47,396 - __main__ - INFO - Epoch 6/90: Loss = 0.0027
2025-06-07 22:23:47,823 - __main__ - INFO - Epoch 7/90: Loss = 0.0026
2025-06-07 22:23:48,314 - __main__ - INFO - Epoch 8/90: Loss = 0.0026
2025-06-07 22:23:48,741 - __main__ - INFO - Epoch 9/90: Loss = 0.0025
2025-06-07 22:23:49,186 - __main__ - INFO - Epoch 10/90: Loss = 0.0025
2025-06-07 22:23:49,636 - __main__ - INFO - Epoch 11/90: Loss = 0.0024
2025-06-07 22:23:50,092 - __main__ - INFO - Epoch 12/90: Loss = 0.0024
2025-06-07 22:23:50,554 - __main__ - INFO - Epoch 13/90: Loss = 0.0024
2025-06-07 22:23:51,019 - __main__ - INFO - Epoch 14/90: Loss = 0.0023
2025-06-07 22:23:51,502 - __main__ - INFO - Epoch 15/90: Loss = 0.0023
2025-06-07 22:23:51,990 - __main__ - INFO - Epoch 16/90: Loss = 0.0023
2025-06-07 22:23:52,517 - __main__ - INFO - Epoch 17/90: Loss = 0.0023
2025-06-07 22:23:52,968 - __main__ - INFO - Epoch 18/90: Loss = 0.0023
2025-06-07 22:23:53,427 - __main__ - INFO - Epoch 19/90: Loss = 0.0022
2025-06-07 22:23:53,880 - __main__ - INFO - Epoch 20/90: Loss = 0.0022
2025-06-07 22:23:54,332 - __main__ - INFO - Epoch 21/90: Loss = 0.0022
2025-06-07 22:23:54,793 - __main__ - INFO - Epoch 22/90: Loss = 0.0022
2025-06-07 22:23:55,262 - __main__ - INFO - Epoch 23/90: Loss = 0.0022
2025-06-07 22:23:55,699 - __main__ - INFO - Epoch 24/90: Loss = 0.0022
2025-06-07 22:23:56,148 - __main__ - INFO - Epoch 25/90: Loss = 0.0022
2025-06-07 22:23:56,663 - __main__ - INFO - Epoch 26/90: Loss = 0.0022
2025-06-07 22:23:57,132 - __main__ - INFO - Epoch 27/90: Loss = 0.0022
2025-06-07 22:23:57,571 - __main__ - INFO - Epoch 28/90: Loss = 0.0022
2025-06-07 22:23:58,034 - __main__ - INFO - Epoch 29/90: Loss = 0.0021
2025-06-07 22:23:58,511 - __main__ - INFO - Epoch 30/90: Loss = 0.0021
2025-06-07 22:23:58,957 - __main__ - INFO - Epoch 31/90: Loss = 0.0021
2025-06-07 22:23:59,416 - __main__ - INFO - Epoch 32/90: Loss = 0.0021
2025-06-07 22:23:59,896 - __main__ - INFO - Epoch 33/90: Loss = 0.0021
2025-06-07 22:24:00,370 - __main__ - INFO - Epoch 34/90: Loss = 0.0021
2025-06-07 22:24:00,887 - __main__ - INFO - Epoch 35/90: Loss = 0.0021
2025-06-07 22:24:01,373 - __main__ - INFO - Epoch 36/90: Loss = 0.0021
2025-06-07 22:24:01,816 - __main__ - INFO - Epoch 37/90: Loss = 0.0021
2025-06-07 22:24:02,279 - __main__ - INFO - Epoch 38/90: Loss = 0.0021
2025-06-07 22:24:02,728 - __main__ - INFO - Epoch 39/90: Loss = 0.0021
2025-06-07 22:24:03,171 - __main__ - INFO - Epoch 40/90: Loss = 0.0021
2025-06-07 22:24:03,623 - __main__ - INFO - Epoch 41/90: Loss = 0.0021
2025-06-07 22:24:04,088 - __main__ - INFO - Epoch 42/90: Loss = 0.0021
2025-06-07 22:24:04,570 - __main__ - INFO - Epoch 43/90: Loss = 0.0021
2025-06-07 22:24:05,068 - __main__ - INFO - Epoch 44/90: Loss = 0.0021
2025-06-07 22:24:05,577 - __main__ - INFO - Epoch 45/90: Loss = 0.0021
2025-06-07 22:24:06,029 - __main__ - INFO - Epoch 46/90: Loss = 0.0021
2025-06-07 22:24:06,478 - __main__ - INFO - Epoch 47/90: Loss = 0.0021
2025-06-07 22:24:06,932 - __main__ - INFO - Epoch 48/90: Loss = 0.0021
2025-06-07 22:24:07,374 - __main__ - INFO - Epoch 49/90: Loss = 0.0020
2025-06-07 22:24:07,844 - __main__ - INFO - Epoch 50/90: Loss = 0.0020
2025-06-07 22:24:08,311 - __main__ - INFO - Epoch 51/90: Loss = 0.0020
2025-06-07 22:24:08,788 - __main__ - INFO - Epoch 52/90: Loss = 0.0020
2025-06-07 22:24:09,252 - __main__ - INFO - Epoch 53/90: Loss = 0.0020
2025-06-07 22:24:09,762 - __main__ - INFO - Epoch 54/90: Loss = 0.0020
2025-06-07 22:24:10,212 - __main__ - INFO - Epoch 55/90: Loss = 0.0020
2025-06-07 22:24:10,662 - __main__ - INFO - Epoch 56/90: Loss = 0.0020
2025-06-07 22:24:11,098 - __main__ - INFO - Epoch 57/90: Loss = 0.0020
2025-06-07 22:24:11,549 - __main__ - INFO - Epoch 58/90: Loss = 0.0020
2025-06-07 22:24:12,020 - __main__ - INFO - Epoch 59/90: Loss = 0.0020
2025-06-07 22:24:12,464 - __main__ - INFO - Epoch 60/90: Loss = 0.0020
2025-06-07 22:24:12,939 - __main__ - INFO - Epoch 61/90: Loss = 0.0020
2025-06-07 22:24:13,409 - __main__ - INFO - Epoch 62/90: Loss = 0.0020
2025-06-07 22:24:13,906 - __main__ - INFO - Epoch 63/90: Loss = 0.0020
2025-06-07 22:24:14,397 - __main__ - INFO - Epoch 64/90: Loss = 0.0020
2025-06-07 22:24:14,871 - __main__ - INFO - Epoch 65/90: Loss = 0.0020
2025-06-07 22:24:15,338 - __main__ - INFO - Epoch 66/90: Loss = 0.0020
2025-06-07 22:24:15,812 - __main__ - INFO - Epoch 67/90: Loss = 0.0020
2025-06-07 22:24:16,267 - __main__ - INFO - Epoch 68/90: Loss = 0.0020
2025-06-07 22:24:16,724 - __main__ - INFO - Epoch 69/90: Loss = 0.0020
2025-06-07 22:24:17,181 - __main__ - INFO - Epoch 70/90: Loss = 0.0020
2025-06-07 22:24:17,676 - __main__ - INFO - Epoch 71/90: Loss = 0.0020
2025-06-07 22:24:18,191 - __main__ - INFO - Epoch 72/90: Loss = 0.0020
2025-06-07 22:24:18,675 - __main__ - INFO - Epoch 73/90: Loss = 0.0020
2025-06-07 22:24:19,136 - __main__ - INFO - Epoch 74/90: Loss = 0.0020
2025-06-07 22:24:19,595 - __main__ - INFO - Epoch 75/90: Loss = 0.0020
2025-06-07 22:24:20,052 - __main__ - INFO - Epoch 76/90: Loss = 0.0020
2025-06-07 22:24:20,519 - __main__ - INFO - Epoch 77/90: Loss = 0.0020
2025-06-07 22:24:20,967 - __main__ - INFO - Epoch 78/90: Loss = 0.0020
2025-06-07 22:24:21,431 - __main__ - INFO - Epoch 79/90: Loss = 0.0020
2025-06-07 22:24:21,904 - __main__ - INFO - Epoch 80/90: Loss = 0.0020
2025-06-07 22:24:22,426 - __main__ - INFO - Epoch 81/90: Loss = 0.0020
2025-06-07 22:24:22,926 - __main__ - INFO - Epoch 82/90: Loss = 0.0020
2025-06-07 22:24:23,381 - __main__ - INFO - Epoch 83/90: Loss = 0.0020
2025-06-07 22:24:23,842 - __main__ - INFO - Epoch 84/90: Loss = 0.0020
2025-06-07 22:24:24,288 - __main__ - INFO - Epoch 85/90: Loss = 0.0020
2025-06-07 22:24:24,725 - __main__ - INFO - Epoch 86/90: Loss = 0.0020
2025-06-07 22:24:25,173 - __main__ - INFO - Epoch 87/90: Loss = 0.0020
2025-06-07 22:24:25,623 - __main__ - INFO - Epoch 88/90: Loss = 0.0020
2025-06-07 22:24:26,078 - __main__ - INFO - Epoch 89/90: Loss = 0.0020
2025-06-07 22:24:26,559 - __main__ - INFO - Epoch 90/90: Loss = 0.0020
2025-06-07 22:24:27,041 - __main__ - INFO - ✅ Hybrid-Embeddings gespeichert unter /opt/***/data/processed/hybrid_deep_embedding.csv
2025-06-07 22:24:27,041 - __main__ - INFO - ✅ Hybrid-Embeddings gespeichert unter /opt/***/data/processed/hybrid_deep_embedding.csv
2025-06-07 22:24:27,058 - __main__ - INFO - ✅ Deep KNN Modell gespeichert unter /opt/***/models/hybrid_deep_knn.pkl
2025/06/07 22:24:33 INFO mlflow.pyfunc: Validating input example against model signature

Downloading artifacts:   0%|          | 0/1 [00:00<?, ?it/s]
Downloading artifacts: 100%|██████████| 1/1 [00:00<00:00, 49.17it/s]
Downloading artifacts: 100%|██████████| 1/1 [00:00<00:00, 48.74it/s]
Registered model 'hybrid_deep_model' already exists. Creating a new version of this model...
2025/06/07 22:24:51 INFO mlflow.store.model_registry.abstract_store: Waiting up to 300 seconds for model version to finish creation. Model name: hybrid_deep_model, version 29
Created version '29' of model 'hybrid_deep_model'.
2025-06-07 22:25:08,124 - __main__ - INFO - 📝 Tags für Modellversion 29 gesetzt: n_neighbors=50, latent_dim=64, tfidf_features=1991, epochs=90
2025-06-07 22:25:12,136 - __main__ - INFO - 🏁 Deep Hybrid-Model Training abgeschlossen und geloggt.

[2025-06-07T22:25:13.114+0000] {python.py:201} INFO - Done. Returned value was: None
[2025-06-07T22:25:13.124+0000] {taskinstance.py:1138} INFO - Marking task as SUCCESS. dag_id=deep_models_pipeline, task_id=train_deep_hybrid_model, execution_date=20250607T222315, start_date=20250607T222321, end_date=20250607T222513
[2025-06-07T22:25:13.140+0000] {local_task_job_runner.py:234} INFO - Task exited with return code 0
[2025-06-07T22:25:13.162+0000] {taskinstance.py:3280} INFO - 1 downstream tasks scheduled from follow-on schedule check
