[2025-06-01T12:55:39.202+0000] {taskinstance.py:1956} INFO - Dependencies all met for dep_context=non-requeueable deps ti=<TaskInstance: movie_recommendation_pipeline.predict_best_model manual__2025-06-01T12:49:15.136293+00:00 [queued]>
[2025-06-01T12:55:39.209+0000] {taskinstance.py:1956} INFO - Dependencies all met for dep_context=requeueable deps ti=<TaskInstance: movie_recommendation_pipeline.predict_best_model manual__2025-06-01T12:49:15.136293+00:00 [queued]>
[2025-06-01T12:55:39.209+0000] {taskinstance.py:2170} INFO - Starting attempt 1 of 3
[2025-06-01T12:55:39.221+0000] {taskinstance.py:2191} INFO - Executing <Task(PythonOperator): predict_best_model> on 2025-06-01 12:49:15.136293+00:00
[2025-06-01T12:55:39.228+0000] {standard_task_runner.py:60} INFO - Started process 935 to run task
[2025-06-01T12:55:39.230+0000] {standard_task_runner.py:87} INFO - Running: ['***', 'tasks', 'run', 'movie_recommendation_pipeline', 'predict_best_model', 'manual__2025-06-01T12:49:15.136293+00:00', '--job-id', '1015', '--raw', '--subdir', 'DAGS_FOLDER/mlops_movie_dag.py', '--cfg-path', '/tmp/tmpqqwdw_n5']
[2025-06-01T12:55:39.231+0000] {standard_task_runner.py:88} INFO - Job 1015: Subtask predict_best_model
[2025-06-01T12:55:39.264+0000] {task_command.py:423} INFO - Running <TaskInstance: movie_recommendation_pipeline.predict_best_model manual__2025-06-01T12:49:15.136293+00:00 [running]> on host 4341016188c8
[2025-06-01T12:55:39.323+0000] {taskinstance.py:2480} INFO - Exporting env vars: AIRFLOW_CTX_DAG_OWNER='***' AIRFLOW_CTX_DAG_ID='movie_recommendation_pipeline' AIRFLOW_CTX_TASK_ID='predict_best_model' AIRFLOW_CTX_EXECUTION_DATE='2025-06-01T12:49:15.136293+00:00' AIRFLOW_CTX_TRY_NUMBER='1' AIRFLOW_CTX_DAG_RUN_ID='manual__2025-06-01T12:49:15.136293+00:00'
[2025-06-01T12:55:47.735+0000] {mlops_movie_dag.py:15} INFO - 2025-06-01 12:55:40,669 - INFO - 🚀 Starte Vorhersage mit MLflow Registry-Modell
2025-06-01 12:55:41,105 - INFO - 📥 User-Matrix geladen: /opt/***/data/processed/user_matrix.csv – Shape: (138493, 20)
2025-06-01 12:55:41,304 - INFO - 🔎 Alias @best_model zeigt auf Version 85 (hybrid)
Everything is up to date.
2025-06-01 12:55:46,433 - INFO - ✅ Modell hybrid_model.pkl erfolgreich per DVC geladen.
2025-06-01 12:55:47,424 - INFO - 🤖 Modell erfolgreich geladen (pickle)
2025-06-01 12:55:47,425 - ERROR - ❌ Fehler bei der Vorhersage oder dem Logging: X has 20 features, but NearestNeighbors is expecting 1428 features as input.

[2025-06-01T12:55:47.736+0000] {python.py:201} INFO - Done. Returned value was: None
[2025-06-01T12:55:47.745+0000] {taskinstance.py:1138} INFO - Marking task as SUCCESS. dag_id=movie_recommendation_pipeline, task_id=predict_best_model, execution_date=20250601T124915, start_date=20250601T125539, end_date=20250601T125547
[2025-06-01T12:55:47.785+0000] {local_task_job_runner.py:234} INFO - Task exited with return code 0
[2025-06-01T12:55:47.798+0000] {taskinstance.py:3280} INFO - 0 downstream tasks scheduled from follow-on schedule check
