[2025-06-08T20:56:13.233+0000] {taskinstance.py:1956} INFO - Dependencies all met for dep_context=non-requeueable deps ti=<TaskInstance: deep_models_pipeline.import_raw_data manual__2025-06-08T20:56:12.447073+00:00 [queued]>
[2025-06-08T20:56:13.239+0000] {taskinstance.py:1956} INFO - Dependencies all met for dep_context=requeueable deps ti=<TaskInstance: deep_models_pipeline.import_raw_data manual__2025-06-08T20:56:12.447073+00:00 [queued]>
[2025-06-08T20:56:13.239+0000] {taskinstance.py:2170} INFO - Starting attempt 1 of 3
[2025-06-08T20:56:13.248+0000] {taskinstance.py:2191} INFO - Executing <Task(PythonOperator): import_raw_data> on 2025-06-08 20:56:12.447073+00:00
[2025-06-08T20:56:13.255+0000] {standard_task_runner.py:60} INFO - Started process 5171 to run task
[2025-06-08T20:56:13.256+0000] {standard_task_runner.py:87} INFO - Running: ['***', 'tasks', 'run', 'deep_models_pipeline', 'import_raw_data', 'manual__2025-06-08T20:56:12.447073+00:00', '--job-id', '3465', '--raw', '--subdir', 'DAGS_FOLDER/train_deep_model_dag.py', '--cfg-path', '/tmp/tmp1lprcggt']
[2025-06-08T20:56:13.258+0000] {standard_task_runner.py:88} INFO - Job 3465: Subtask import_raw_data
[2025-06-08T20:56:13.292+0000] {task_command.py:423} INFO - Running <TaskInstance: deep_models_pipeline.import_raw_data manual__2025-06-08T20:56:12.447073+00:00 [running]> on host 6b572a9ca403
[2025-06-08T20:56:13.348+0000] {taskinstance.py:2480} INFO - Exporting env vars: AIRFLOW_CTX_DAG_OWNER='***' AIRFLOW_CTX_DAG_ID='deep_models_pipeline' AIRFLOW_CTX_TASK_ID='import_raw_data' AIRFLOW_CTX_EXECUTION_DATE='2025-06-08T20:56:12.447073+00:00' AIRFLOW_CTX_TRY_NUMBER='1' AIRFLOW_CTX_DAG_RUN_ID='manual__2025-06-08T20:56:12.447073+00:00'
[2025-06-08T20:56:13.349+0000] {train_deep_model_dag.py:13} INFO - 🟦 Running command: python /opt/***/src/data/import_raw_data.py
[2025-06-08T20:56:13.520+0000] {train_deep_model_dag.py:20} INFO - 🟩 [stdout]:

[2025-06-08T20:56:13.521+0000] {train_deep_model_dag.py:22} WARNING - 🟨 [stderr]:
2025-06-08 20:56:13,503 - root - INFO - ✅ Datei bereits vorhanden, überspringe: genome-scores.csv
2025-06-08 20:56:13,505 - root - INFO - ✅ Datei bereits vorhanden, überspringe: genome-tags.csv
2025-06-08 20:56:13,506 - root - INFO - ✅ Datei bereits vorhanden, überspringe: links.csv
2025-06-08 20:56:13,507 - root - INFO - ✅ Datei bereits vorhanden, überspringe: movies.csv
2025-06-08 20:56:13,508 - root - INFO - ✅ Datei bereits vorhanden, überspringe: ratings.csv
2025-06-08 20:56:13,509 - root - INFO - ✅ Datei bereits vorhanden, überspringe: README.txt
2025-06-08 20:56:13,510 - root - INFO - ✅ Datei bereits vorhanden, überspringe: tags.csv
2025-06-08 20:56:13,510 - root - INFO - ✅ Rohdatenprüfung abgeschlossen.

[2025-06-08T20:56:13.521+0000] {python.py:201} INFO - Done. Returned value was: None
[2025-06-08T20:56:13.529+0000] {taskinstance.py:1138} INFO - Marking task as SUCCESS. dag_id=deep_models_pipeline, task_id=import_raw_data, execution_date=20250608T205612, start_date=20250608T205613, end_date=20250608T205613
[2025-06-08T20:56:13.550+0000] {local_task_job_runner.py:234} INFO - Task exited with return code 0
[2025-06-08T20:56:13.568+0000] {taskinstance.py:3280} INFO - 1 downstream tasks scheduled from follow-on schedule check
