[2025-06-09T00:23:14.959+0000] {taskinstance.py:1956} INFO - Dependencies all met for dep_context=non-requeueable deps ti=<TaskInstance: deep_models_pipeline.predict_best_model manual__2025-06-09T00:21:38.655079+00:00 [queued]>
[2025-06-09T00:23:14.965+0000] {taskinstance.py:1956} INFO - Dependencies all met for dep_context=requeueable deps ti=<TaskInstance: deep_models_pipeline.predict_best_model manual__2025-06-09T00:21:38.655079+00:00 [queued]>
[2025-06-09T00:23:14.966+0000] {taskinstance.py:2170} INFO - Starting attempt 1 of 3
[2025-06-09T00:23:14.975+0000] {taskinstance.py:2191} INFO - Executing <Task(PythonOperator): predict_best_model> on 2025-06-09 00:21:38.655079+00:00
[2025-06-09T00:23:14.981+0000] {standard_task_runner.py:60} INFO - Started process 635 to run task
[2025-06-09T00:23:14.983+0000] {standard_task_runner.py:87} INFO - Running: ['***', 'tasks', 'run', 'deep_models_pipeline', 'predict_best_model', 'manual__2025-06-09T00:21:38.655079+00:00', '--job-id', '3644', '--raw', '--subdir', 'DAGS_FOLDER/train_deep_model_dag.py', '--cfg-path', '/tmp/tmp1w4cen5r']
[2025-06-09T00:23:14.984+0000] {standard_task_runner.py:88} INFO - Job 3644: Subtask predict_best_model
[2025-06-09T00:23:15.015+0000] {task_command.py:423} INFO - Running <TaskInstance: deep_models_pipeline.predict_best_model manual__2025-06-09T00:21:38.655079+00:00 [running]> on host 515eee4ca7b5
[2025-06-09T00:23:15.065+0000] {taskinstance.py:2480} INFO - Exporting env vars: AIRFLOW_CTX_DAG_OWNER='***' AIRFLOW_CTX_DAG_ID='deep_models_pipeline' AIRFLOW_CTX_TASK_ID='predict_best_model' AIRFLOW_CTX_EXECUTION_DATE='2025-06-09T00:21:38.655079+00:00' AIRFLOW_CTX_TRY_NUMBER='1' AIRFLOW_CTX_DAG_RUN_ID='manual__2025-06-09T00:21:38.655079+00:00'
[2025-06-09T00:23:15.066+0000] {train_deep_model_dag.py:13} INFO - 🟦 Running command: python /opt/***/src/models/predict_best_model.py
[2025-06-09T00:23:33.446+0000] {train_deep_model_dag.py:20} INFO - 🟩 [stdout]:
   user_id                                    recommendations
0        1  [0, 4331, 2064, 2769, 5445, 7994, 9847, 9070, ...
1        2  [1, 1790, 2138, 8359, 1591, 5551, 2805, 7680, ...
2        3  [2, 407, 390, 1886, 4, 3042, 6098, 1584, 5155,...
3        4  [3, 1889, 4651, 1379, 1207, 8642, 1627, 45, 93...
4        5  [4, 5834, 2, 7635, 7232, 1497, 5049, 173, 834,...

[2025-06-09T00:23:33.446+0000] {train_deep_model_dag.py:22} WARNING - 🟨 [stderr]:
2025-06-09 00:23:16,985 - INFO - 🚀 Starte Prediction für hybrid_deep_model über MLflow Registry

Downloading artifacts:   0%|          | 0/8 [00:00<?, ?it/s]
Downloading artifacts:  12%|█▎        | 1/8 [00:00<00:00, 10618.49it/s]
Downloading artifacts:  25%|██▌       | 2/8 [00:00<00:02,  2.21it/s]   
Downloading artifacts:  25%|██▌       | 2/8 [00:00<00:02,  2.21it/s]
Downloading artifacts:  38%|███▊      | 3/8 [00:01<00:03,  1.46it/s]
Downloading artifacts:  38%|███▊      | 3/8 [00:01<00:03,  1.46it/s]
Downloading artifacts:  50%|█████     | 4/8 [00:03<00:03,  1.04it/s]
Downloading artifacts:  50%|█████     | 4/8 [00:03<00:03,  1.04it/s]
Downloading artifacts:  62%|██████▎   | 5/8 [00:03<00:02,  1.21it/s]
Downloading artifacts:  62%|██████▎   | 5/8 [00:03<00:02,  1.21it/s]
Downloading artifacts:  75%|███████▌  | 6/8 [00:05<00:01,  1.06it/s]
Downloading artifacts:  75%|███████▌  | 6/8 [00:05<00:01,  1.06it/s]
Downloading artifacts:  88%|████████▊ | 7/8 [00:05<00:00,  1.10it/s]
Downloading artifacts:  88%|████████▊ | 7/8 [00:05<00:00,  1.10it/s]
Downloading artifacts: 100%|██████████| 8/8 [00:06<00:00,  1.07it/s]
Downloading artifacts: 100%|██████████| 8/8 [00:06<00:00,  1.07it/s]
Downloading artifacts: 100%|██████████| 8/8 [00:06<00:00,  1.16it/s]

Downloading artifacts:   0%|          | 0/1 [00:00<?, ?it/s]
Downloading artifacts: 100%|██████████| 1/1 [00:01<00:00,  1.26s/it]
Downloading artifacts: 100%|██████████| 1/1 [00:01<00:00,  1.26s/it]
Downloading artifacts: 100%|██████████| 1/1 [00:01<00:00,  1.26s/it]
2025-06-09 00:23:33,007 - INFO - 📥 Embedding geladen (direkt aus Registry): Shape: (10381, 32)
2025-06-09 00:23:33,069 - INFO - ✅ Prediction erfolgreich – keine Speicherung auf Disk, nur im RAM.

[2025-06-09T00:23:33.447+0000] {python.py:201} INFO - Done. Returned value was: None
[2025-06-09T00:23:33.454+0000] {taskinstance.py:1138} INFO - Marking task as SUCCESS. dag_id=deep_models_pipeline, task_id=predict_best_model, execution_date=20250609T002138, start_date=20250609T002314, end_date=20250609T002333
[2025-06-09T00:23:33.482+0000] {local_task_job_runner.py:234} INFO - Task exited with return code 0
[2025-06-09T00:23:33.494+0000] {taskinstance.py:3280} INFO - 0 downstream tasks scheduled from follow-on schedule check
