[2025-06-18T13:26:55.052+0000] {taskinstance.py:1956} INFO - Dependencies all met for dep_context=non-requeueable deps ti=<TaskInstance: deep_models_pipeline.make_dataset manual__2025-06-18T13:26:53.587560+00:00 [queued]>
[2025-06-18T13:26:55.060+0000] {taskinstance.py:1956} INFO - Dependencies all met for dep_context=requeueable deps ti=<TaskInstance: deep_models_pipeline.make_dataset manual__2025-06-18T13:26:53.587560+00:00 [queued]>
[2025-06-18T13:26:55.061+0000] {taskinstance.py:2170} INFO - Starting attempt 1 of 3
[2025-06-18T13:26:55.070+0000] {taskinstance.py:2191} INFO - Executing <Task(PythonOperator): make_dataset> on 2025-06-18 13:26:53.587560+00:00
[2025-06-18T13:26:55.078+0000] {standard_task_runner.py:60} INFO - Started process 2195 to run task
[2025-06-18T13:26:55.081+0000] {standard_task_runner.py:87} INFO - Running: ['***', 'tasks', 'run', 'deep_models_pipeline', 'make_dataset', 'manual__2025-06-18T13:26:53.587560+00:00', '--job-id', '614', '--raw', '--subdir', 'DAGS_FOLDER/train_deep_model_dag.py', '--cfg-path', '/tmp/tmp_jc1fnkk']
[2025-06-18T13:26:55.083+0000] {standard_task_runner.py:88} INFO - Job 614: Subtask make_dataset
[2025-06-18T13:26:55.115+0000] {task_command.py:423} INFO - Running <TaskInstance: deep_models_pipeline.make_dataset manual__2025-06-18T13:26:53.587560+00:00 [running]> on host 3cef70cd7501
[2025-06-18T13:26:55.174+0000] {taskinstance.py:2480} INFO - Exporting env vars: AIRFLOW_CTX_DAG_OWNER='***' AIRFLOW_CTX_DAG_ID='deep_models_pipeline' AIRFLOW_CTX_TASK_ID='make_dataset' AIRFLOW_CTX_EXECUTION_DATE='2025-06-18T13:26:53.587560+00:00' AIRFLOW_CTX_TRY_NUMBER='1' AIRFLOW_CTX_DAG_RUN_ID='manual__2025-06-18T13:26:53.587560+00:00'
[2025-06-18T13:26:55.175+0000] {train_deep_model_dag.py:14} INFO - 🟦 Running command: python /opt/***/src/movie/data/make_dataset.py
[2025-06-18T13:26:55.175+0000] {train_deep_model_dag.py:15} INFO - 🟦 Working directory: /opt/***
[2025-06-18T13:26:55.175+0000] {train_deep_model_dag.py:16} INFO - MLflow Tracking URI: https://dagshub.com/sacer11/MLOps_movie_rec_apr25.mlflow
[2025-06-18T13:26:55.176+0000] {train_deep_model_dag.py:17} INFO - User: Klemp.Thomas
[2025-06-18T13:26:55.176+0000] {train_deep_model_dag.py:18} INFO - Password: 24a59c66cf
[2025-06-18T13:26:55.979+0000] {train_deep_model_dag.py:25} INFO - 🟩 [stdout]:

[2025-06-18T13:26:55.980+0000] {train_deep_model_dag.py:27} WARNING - 🟨 [stderr]:
2025-06-18 13:26:55,898 - __main__ - INFO - 📦 Starting preprocessing of raw data.
2025-06-18 13:26:55,900 - __main__ - INFO - ✅ movies_matrix.csv already exists – skipping processing.

[2025-06-18T13:26:55.981+0000] {python.py:201} INFO - Done. Returned value was: None
[2025-06-18T13:26:55.989+0000] {taskinstance.py:1138} INFO - Marking task as SUCCESS. dag_id=deep_models_pipeline, task_id=make_dataset, execution_date=20250618T132653, start_date=20250618T132655, end_date=20250618T132655
[2025-06-18T13:26:56.018+0000] {local_task_job_runner.py:234} INFO - Task exited with return code 0
[2025-06-18T13:26:56.042+0000] {taskinstance.py:3280} INFO - 1 downstream tasks scheduled from follow-on schedule check
