[2025-06-01T10:51:25.436+0000] {taskinstance.py:1956} INFO - Dependencies all met for dep_context=non-requeueable deps ti=<TaskInstance: movie_recommendation_pipeline.check_model_registry manual__2025-06-01T10:32:33.819204+00:00 [queued]>
[2025-06-01T10:51:25.443+0000] {taskinstance.py:1956} INFO - Dependencies all met for dep_context=requeueable deps ti=<TaskInstance: movie_recommendation_pipeline.check_model_registry manual__2025-06-01T10:32:33.819204+00:00 [queued]>
[2025-06-01T10:51:25.444+0000] {taskinstance.py:2170} INFO - Starting attempt 1 of 3
[2025-06-01T10:51:25.454+0000] {taskinstance.py:2191} INFO - Executing <Task(PythonOperator): check_model_registry> on 2025-06-01 10:32:33.819204+00:00
[2025-06-01T10:51:25.461+0000] {standard_task_runner.py:60} INFO - Started process 682 to run task
[2025-06-01T10:51:25.462+0000] {standard_task_runner.py:87} INFO - Running: ['***', 'tasks', 'run', 'movie_recommendation_pipeline', 'check_model_registry', 'manual__2025-06-01T10:32:33.819204+00:00', '--job-id', '965', '--raw', '--subdir', 'DAGS_FOLDER/mlops_movie_dag.py', '--cfg-path', '/tmp/tmpbvw_w7k6']
[2025-06-01T10:51:25.464+0000] {standard_task_runner.py:88} INFO - Job 965: Subtask check_model_registry
[2025-06-01T10:51:25.497+0000] {task_command.py:423} INFO - Running <TaskInstance: movie_recommendation_pipeline.check_model_registry manual__2025-06-01T10:32:33.819204+00:00 [running]> on host ec4a1b49d043
[2025-06-01T10:51:25.553+0000] {taskinstance.py:2480} INFO - Exporting env vars: AIRFLOW_CTX_DAG_OWNER='***' AIRFLOW_CTX_DAG_ID='movie_recommendation_pipeline' AIRFLOW_CTX_TASK_ID='check_model_registry' AIRFLOW_CTX_EXECUTION_DATE='2025-06-01T10:32:33.819204+00:00' AIRFLOW_CTX_TRY_NUMBER='1' AIRFLOW_CTX_DAG_RUN_ID='manual__2025-06-01T10:32:33.819204+00:00'
[2025-06-01T10:51:26.184+0000] {checkreg.py:15} INFO - 🔍 Checking model registry for: 'movie_model' and alias '@best_model'
[2025-06-01T10:51:26.486+0000] {checkreg.py:21} ERROR - ❌ Fehler: Alias '@best_model' nicht gefunden! API request to endpoint /api/2.0/mlflow/registered-models/alias failed with error code 401 != 200. Response body: '=============== ATTENTION! ===============

To use authentication, you must first: 
    Get your default access token from: https://dagshub.com/user/settings/tokens
    OR 
    Set a password: https://dagshub.com/user/settings/password 
=========================================='
[2025-06-01T10:51:26.487+0000] {python.py:201} INFO - Done. Returned value was: None
[2025-06-01T10:51:26.496+0000] {taskinstance.py:1138} INFO - Marking task as SUCCESS. dag_id=movie_recommendation_pipeline, task_id=check_model_registry, execution_date=20250601T103233, start_date=20250601T105125, end_date=20250601T105126
[2025-06-01T10:51:26.518+0000] {local_task_job_runner.py:234} INFO - Task exited with return code 0
[2025-06-01T10:51:26.534+0000] {taskinstance.py:3280} INFO - 1 downstream tasks scheduled from follow-on schedule check
