[2025-06-12T16:04:50.010+0000] {taskinstance.py:1956} INFO - Dependencies all met for dep_context=non-requeueable deps ti=<TaskInstance: deep_models_pipeline.train_deep_hybrid_model manual__2025-06-12T16:04:45.269528+00:00 [queued]>
[2025-06-12T16:04:50.016+0000] {taskinstance.py:1956} INFO - Dependencies all met for dep_context=requeueable deps ti=<TaskInstance: deep_models_pipeline.train_deep_hybrid_model manual__2025-06-12T16:04:45.269528+00:00 [queued]>
[2025-06-12T16:04:50.017+0000] {taskinstance.py:2170} INFO - Starting attempt 1 of 3
[2025-06-12T16:04:50.025+0000] {taskinstance.py:2191} INFO - Executing <Task(PythonOperator): train_deep_hybrid_model> on 2025-06-12 16:04:45.269528+00:00
[2025-06-12T16:04:50.031+0000] {standard_task_runner.py:60} INFO - Started process 971 to run task
[2025-06-12T16:04:50.033+0000] {standard_task_runner.py:87} INFO - Running: ['***', 'tasks', 'run', 'deep_models_pipeline', 'train_deep_hybrid_model', 'manual__2025-06-12T16:04:45.269528+00:00', '--job-id', '60', '--raw', '--subdir', 'DAGS_FOLDER/train_deep_model_dag.py', '--cfg-path', '/tmp/tmpveayx998']
[2025-06-12T16:04:50.034+0000] {standard_task_runner.py:88} INFO - Job 60: Subtask train_deep_hybrid_model
[2025-06-12T16:04:50.070+0000] {task_command.py:423} INFO - Running <TaskInstance: deep_models_pipeline.train_deep_hybrid_model manual__2025-06-12T16:04:45.269528+00:00 [running]> on host a54be0beda27
[2025-06-12T16:04:50.128+0000] {taskinstance.py:2480} INFO - Exporting env vars: AIRFLOW_CTX_DAG_OWNER='***' AIRFLOW_CTX_DAG_ID='deep_models_pipeline' AIRFLOW_CTX_TASK_ID='train_deep_hybrid_model' AIRFLOW_CTX_EXECUTION_DATE='2025-06-12T16:04:45.269528+00:00' AIRFLOW_CTX_TRY_NUMBER='1' AIRFLOW_CTX_DAG_RUN_ID='manual__2025-06-12T16:04:45.269528+00:00'
[2025-06-12T16:04:50.128+0000] {train_deep_model_dag.py:13} INFO - 🟦 Running command: python /opt/***/src/models/train_hybrid_deep_model.py
[2025-06-12T16:06:14.317+0000] {train_deep_model_dag.py:20} INFO - 🟩 [stdout]:
🏃 View run train_hybrid_deep_model at: https://dagshub.com/sacer11/MLOps_movie_rec_apr25.mlflow/#/experiments/10/runs/965ae2e754774836be228240f5326ad1
🧪 View experiment at: https://dagshub.com/sacer11/MLOps_movie_rec_apr25.mlflow/#/experiments/10

[2025-06-12T16:06:14.318+0000] {train_deep_model_dag.py:22} WARNING - 🟨 [stderr]:
2025-06-12 16:04:54,489 - __main__ - INFO - 📥 Lade Rohdaten und baue Hybrid-Feature-Matrix ...
2025-06-12 16:04:59,528 - __main__ - INFO - 📐 Hybrid-Matrix erstellt mit Shape: (10381, 1429), Feature-Namen: 1429
2025-06-12 16:05:09,652 - __main__ - INFO - 💾 Hybrid-Matrix gespeichert unter /opt/***/data/processed/hybrid_matrix.csv
2025-06-12 16:05:09,737 - __main__ - INFO - 🚀 Starte Training Autoencoder ...
2025-06-12 16:05:10,501 - __main__ - INFO - Epoch 1/30: Loss = 0.0032
2025-06-12 16:05:10,772 - __main__ - INFO - Epoch 2/30: Loss = 0.0019
2025-06-12 16:05:11,057 - __main__ - INFO - Epoch 3/30: Loss = 0.0016
2025-06-12 16:05:11,359 - __main__ - INFO - Epoch 4/30: Loss = 0.0015
2025-06-12 16:05:11,640 - __main__ - INFO - Epoch 5/30: Loss = 0.0014
2025-06-12 16:05:11,955 - __main__ - INFO - Epoch 6/30: Loss = 0.0013
2025-06-12 16:05:12,218 - __main__ - INFO - Epoch 7/30: Loss = 0.0013
2025-06-12 16:05:12,486 - __main__ - INFO - Epoch 8/30: Loss = 0.0013
2025-06-12 16:05:12,747 - __main__ - INFO - Epoch 9/30: Loss = 0.0013
2025-06-12 16:05:13,032 - __main__ - INFO - Epoch 10/30: Loss = 0.0012
2025-06-12 16:05:13,318 - __main__ - INFO - Epoch 11/30: Loss = 0.0012
2025-06-12 16:05:13,610 - __main__ - INFO - Epoch 12/30: Loss = 0.0012
2025-06-12 16:05:13,867 - __main__ - INFO - Epoch 13/30: Loss = 0.0012
2025-06-12 16:05:14,143 - __main__ - INFO - Epoch 14/30: Loss = 0.0012
2025-06-12 16:05:14,411 - __main__ - INFO - Epoch 15/30: Loss = 0.0012
2025-06-12 16:05:14,707 - __main__ - INFO - Epoch 16/30: Loss = 0.0012
2025-06-12 16:05:15,002 - __main__ - INFO - Epoch 17/30: Loss = 0.0012
2025-06-12 16:05:15,304 - __main__ - INFO - Epoch 18/30: Loss = 0.0012
2025-06-12 16:05:15,586 - __main__ - INFO - Epoch 19/30: Loss = 0.0012
2025-06-12 16:05:15,860 - __main__ - INFO - Epoch 20/30: Loss = 0.0011
2025-06-12 16:05:16,130 - __main__ - INFO - Epoch 21/30: Loss = 0.0011
2025-06-12 16:05:16,434 - __main__ - INFO - Epoch 22/30: Loss = 0.0011
2025-06-12 16:05:16,731 - __main__ - INFO - Epoch 23/30: Loss = 0.0011
2025-06-12 16:05:17,061 - __main__ - INFO - Epoch 24/30: Loss = 0.0011
2025-06-12 16:05:17,367 - __main__ - INFO - Epoch 25/30: Loss = 0.0011
2025-06-12 16:05:17,672 - __main__ - INFO - Epoch 26/30: Loss = 0.0011
2025-06-12 16:05:17,977 - __main__ - INFO - Epoch 27/30: Loss = 0.0011
2025-06-12 16:05:18,322 - __main__ - INFO - Epoch 28/30: Loss = 0.0011
2025-06-12 16:05:18,620 - __main__ - INFO - Epoch 29/30: Loss = 0.0011
2025-06-12 16:05:18,899 - __main__ - INFO - Epoch 30/30: Loss = 0.0011
2025-06-12 16:05:19,155 - __main__ - INFO - ✅ Hybrid-Embeddings gespeichert unter /opt/***/data/processed/hybrid_deep_embedding.csv
2025-06-12 16:05:19,166 - __main__ - INFO - ✅ Deep KNN Modell gespeichert unter /opt/***/models/hybrid_deep_knn.pkl
2025/06/12 16:05:32 INFO mlflow.pyfunc: Validating input example against model signature

Downloading artifacts:   0%|          | 0/1 [00:00<?, ?it/s]
Downloading artifacts: 100%|██████████| 1/1 [00:00<00:00, 84.38it/s]
Downloading artifacts: 100%|██████████| 1/1 [00:00<00:00, 82.99it/s]
Registered model 'hybrid_deep_model' already exists. Creating a new version of this model...
2025/06/12 16:05:44 INFO mlflow.store.model_registry.abstract_store: Waiting up to 300 seconds for model version to finish creation. Model name: hybrid_deep_model, version 2
Created version '2' of model 'hybrid_deep_model'.
2025-06-12 16:06:11,408 - __main__ - INFO - 📝 Tags gesetzt für Modellversion 2: n_neighbors=10, latent_dim=32, hidden_dim=256, tfidf_features=300, epochs=30, lr=0.001, batch_size=128, metric=cosine, content_weight=0.5, collab_weight=0.5, power_factor=1.0, precision_10=0.0
2025-06-12 16:06:13,428 - __main__ - INFO - 🏁 Deep Hybrid-Model Training abgeschlossen und geloggt.

[2025-06-12T16:06:14.319+0000] {python.py:201} INFO - Done. Returned value was: None
[2025-06-12T16:06:14.327+0000] {taskinstance.py:1138} INFO - Marking task as SUCCESS. dag_id=deep_models_pipeline, task_id=train_deep_hybrid_model, execution_date=20250612T160445, start_date=20250612T160450, end_date=20250612T160614
[2025-06-12T16:06:14.362+0000] {local_task_job_runner.py:234} INFO - Task exited with return code 0
[2025-06-12T16:06:14.379+0000] {taskinstance.py:3280} INFO - 1 downstream tasks scheduled from follow-on schedule check
