[2025-06-01T15:35:36.325+0000] {taskinstance.py:1956} INFO - Dependencies all met for dep_context=non-requeueable deps ti=<TaskInstance: movie_recommendation_pipeline.train_hybrid_model manual__2025-06-01T15:35:08.823190+00:00 [queued]>
[2025-06-01T15:35:36.333+0000] {taskinstance.py:1956} INFO - Dependencies all met for dep_context=requeueable deps ti=<TaskInstance: movie_recommendation_pipeline.train_hybrid_model manual__2025-06-01T15:35:08.823190+00:00 [queued]>
[2025-06-01T15:35:36.334+0000] {taskinstance.py:2170} INFO - Starting attempt 1 of 3
[2025-06-01T15:35:36.344+0000] {taskinstance.py:2191} INFO - Executing <Task(PythonOperator): train_hybrid_model> on 2025-06-01 15:35:08.823190+00:00
[2025-06-01T15:35:36.351+0000] {standard_task_runner.py:60} INFO - Started process 309 to run task
[2025-06-01T15:35:36.354+0000] {standard_task_runner.py:87} INFO - Running: ['***', 'tasks', 'run', 'movie_recommendation_pipeline', 'train_hybrid_model', 'manual__2025-06-01T15:35:08.823190+00:00', '--job-id', '1116', '--raw', '--subdir', 'DAGS_FOLDER/mlops_movie_dag.py', '--cfg-path', '/tmp/tmp031b8cql']
[2025-06-01T15:35:36.355+0000] {standard_task_runner.py:88} INFO - Job 1116: Subtask train_hybrid_model
[2025-06-01T15:35:36.388+0000] {task_command.py:423} INFO - Running <TaskInstance: movie_recommendation_pipeline.train_hybrid_model manual__2025-06-01T15:35:08.823190+00:00 [running]> on host 511eed9a2c01
[2025-06-01T15:35:36.448+0000] {taskinstance.py:2480} INFO - Exporting env vars: AIRFLOW_CTX_DAG_OWNER='***' AIRFLOW_CTX_DAG_ID='movie_recommendation_pipeline' AIRFLOW_CTX_TASK_ID='train_hybrid_model' AIRFLOW_CTX_EXECUTION_DATE='2025-06-01T15:35:08.823190+00:00' AIRFLOW_CTX_TRY_NUMBER='1' AIRFLOW_CTX_DAG_RUN_ID='manual__2025-06-01T15:35:08.823190+00:00'
[2025-06-01T15:37:14.792+0000] {mlops_movie_dag.py:13} INFO - 
To track the changes with git, run:

	git add models/hybrid_model_v1.pkl.dvc

To enable auto staging, run:

	dvc config core.autostage true
[master 7293d71] Add hybrid model v1
 2 files changed, 10 insertions(+)
 create mode 100644 models/hybrid_model_v1.pkl.dvc
 create mode 100644 models/user_model_v1.pkl.dvc
Everything is up to date.
🚀 Starte Hybrid-Modelltraining
📥 Rohdaten erfolgreich geladen
📐 Hybrid-Matrix erstellt mit Shape: (10381, 1428)
🤖 KNN-Modell trainiert
✅ Modell gespeichert unter /opt/***/models/hybrid_model_v1.pkl
☁️ Modell via DVC gespeichert & gepusht.
💾 Featureliste gespeichert unter /opt/***/data/processed/hybrid_features.csv
🏁 Training abgeschlossen & in DVC+MLflow geloggt.

[2025-06-01T15:37:14.793+0000] {python.py:201} INFO - Done. Returned value was: None
[2025-06-01T15:37:14.803+0000] {taskinstance.py:1138} INFO - Marking task as SUCCESS. dag_id=movie_recommendation_pipeline, task_id=train_hybrid_model, execution_date=20250601T153508, start_date=20250601T153536, end_date=20250601T153714
[2025-06-01T15:37:14.858+0000] {local_task_job_runner.py:234} INFO - Task exited with return code 0
[2025-06-01T15:37:14.875+0000] {taskinstance.py:3280} INFO - 0 downstream tasks scheduled from follow-on schedule check
