[2025-06-07T21:23:21.555+0000] {taskinstance.py:1956} INFO - Dependencies all met for dep_context=non-requeueable deps ti=<TaskInstance: deep_models_pipeline.predict_best_model manual__2025-06-07T20:25:42.492813+00:00 [queued]>
[2025-06-07T21:23:21.563+0000] {taskinstance.py:1956} INFO - Dependencies all met for dep_context=requeueable deps ti=<TaskInstance: deep_models_pipeline.predict_best_model manual__2025-06-07T20:25:42.492813+00:00 [queued]>
[2025-06-07T21:23:21.564+0000] {taskinstance.py:2170} INFO - Starting attempt 2 of 3
[2025-06-07T21:23:21.574+0000] {taskinstance.py:2191} INFO - Executing <Task(PythonOperator): predict_best_model> on 2025-06-07 20:25:42.492813+00:00
[2025-06-07T21:23:21.579+0000] {standard_task_runner.py:60} INFO - Started process 196 to run task
[2025-06-07T21:23:21.582+0000] {standard_task_runner.py:87} INFO - Running: ['***', 'tasks', 'run', 'deep_models_pipeline', 'predict_best_model', 'manual__2025-06-07T20:25:42.492813+00:00', '--job-id', '2651', '--raw', '--subdir', 'DAGS_FOLDER/train_deep_model_dag.py', '--cfg-path', '/tmp/tmpnw049_9r']
[2025-06-07T21:23:21.584+0000] {standard_task_runner.py:88} INFO - Job 2651: Subtask predict_best_model
[2025-06-07T21:23:21.627+0000] {task_command.py:423} INFO - Running <TaskInstance: deep_models_pipeline.predict_best_model manual__2025-06-07T20:25:42.492813+00:00 [running]> on host 380ca131680a
[2025-06-07T21:23:21.693+0000] {taskinstance.py:2480} INFO - Exporting env vars: AIRFLOW_CTX_DAG_OWNER='***' AIRFLOW_CTX_DAG_ID='deep_models_pipeline' AIRFLOW_CTX_TASK_ID='predict_best_model' AIRFLOW_CTX_EXECUTION_DATE='2025-06-07T20:25:42.492813+00:00' AIRFLOW_CTX_TRY_NUMBER='2' AIRFLOW_CTX_DAG_RUN_ID='manual__2025-06-07T20:25:42.492813+00:00'
[2025-06-07T21:23:21.694+0000] {train_deep_model_dag.py:13} INFO - 🟦 Running command: python /opt/***/src/models/predict_best_model.py
[2025-06-07T21:23:45.229+0000] {train_deep_model_dag.py:20} INFO - 🟩 [stdout]:
🏃 View run predict_best_model_hybrid_deep at: https://dagshub.com/sacer11/MLOps_movie_rec_apr25.mlflow/#/experiments/11/runs/befe3390b94b42608db333e42064327c
🧪 View experiment at: https://dagshub.com/sacer11/MLOps_movie_rec_apr25.mlflow/#/experiments/11

[2025-06-07T21:23:45.230+0000] {train_deep_model_dag.py:22} WARNING - 🟨 [stderr]:
2025-06-07 21:23:24,622 - INFO - 🚀 Starte Prediction für hybrid_deep_model über MLflow Registry
2025-06-07 21:23:24,622 - INFO - 📦 Lade Modell: models:/hybrid_deep_model@best_model

Downloading artifacts:   0%|          | 0/8 [00:00<?, ?it/s]
Downloading artifacts:  12%|█▎        | 1/8 [00:00<00:00, 6364.65it/s]
Downloading artifacts:  25%|██▌       | 2/8 [00:00<00:00,  8.58it/s]  
Downloading artifacts:  25%|██▌       | 2/8 [00:00<00:00,  8.58it/s]
Downloading artifacts:  38%|███▊      | 3/8 [00:00<00:01,  4.94it/s]
Downloading artifacts:  38%|███▊      | 3/8 [00:00<00:01,  4.94it/s]
Downloading artifacts:  50%|█████     | 4/8 [00:02<00:02,  1.44it/s]
Downloading artifacts:  50%|█████     | 4/8 [00:02<00:02,  1.44it/s]
Downloading artifacts:  62%|██████▎   | 5/8 [00:02<00:01,  1.86it/s]
Downloading artifacts:  62%|██████▎   | 5/8 [00:02<00:01,  1.86it/s]
Downloading artifacts:  75%|███████▌  | 6/8 [00:03<00:01,  1.37it/s]
Downloading artifacts:  75%|███████▌  | 6/8 [00:03<00:01,  1.37it/s]
Downloading artifacts:  88%|████████▊ | 7/8 [00:04<00:00,  1.28it/s]
Downloading artifacts:  88%|████████▊ | 7/8 [00:04<00:00,  1.28it/s]
Downloading artifacts: 100%|██████████| 8/8 [00:05<00:00,  1.06it/s]
Downloading artifacts: 100%|██████████| 8/8 [00:05<00:00,  1.06it/s]
Downloading artifacts: 100%|██████████| 8/8 [00:05<00:00,  1.42it/s]
2025-06-07 21:23:34,285 - INFO - 📥 Embedding geladen: /opt/***/data/processed/hybrid_deep_embedding_best.csv – Shape: (10381, 32)
2025-06-07 21:23:34,382 - INFO - 💾 Vorhersagen gespeichert unter: /opt/***/data/processed/predictions_hybrid_deep_model.csv
2025-06-07 21:23:44,620 - INFO - ✅ Predictions erfolgreich in MLflow geloggt

[2025-06-07T21:23:45.230+0000] {python.py:201} INFO - Done. Returned value was: None
[2025-06-07T21:23:45.239+0000] {taskinstance.py:1138} INFO - Marking task as SUCCESS. dag_id=deep_models_pipeline, task_id=predict_best_model, execution_date=20250607T202542, start_date=20250607T212321, end_date=20250607T212345
[2025-06-07T21:23:45.271+0000] {local_task_job_runner.py:234} INFO - Task exited with return code 0
[2025-06-07T21:23:45.283+0000] {taskinstance.py:3280} INFO - 0 downstream tasks scheduled from follow-on schedule check
