[2025-06-07T01:02:32.723+0000] {taskinstance.py:1956} INFO - Dependencies all met for dep_context=non-requeueable deps ti=<TaskInstance: deep_models_pipeline.train_deep_hybrid_model manual__2025-06-07T01:02:27.845528+00:00 [queued]>
[2025-06-07T01:02:32.730+0000] {taskinstance.py:1956} INFO - Dependencies all met for dep_context=requeueable deps ti=<TaskInstance: deep_models_pipeline.train_deep_hybrid_model manual__2025-06-07T01:02:27.845528+00:00 [queued]>
[2025-06-07T01:02:32.731+0000] {taskinstance.py:2170} INFO - Starting attempt 1 of 3
[2025-06-07T01:02:32.740+0000] {taskinstance.py:2191} INFO - Executing <Task(PythonOperator): train_deep_hybrid_model> on 2025-06-07 01:02:27.845528+00:00
[2025-06-07T01:02:32.746+0000] {standard_task_runner.py:60} INFO - Started process 869 to run task
[2025-06-07T01:02:32.749+0000] {standard_task_runner.py:87} INFO - Running: ['***', 'tasks', 'run', 'deep_models_pipeline', 'train_deep_hybrid_model', 'manual__2025-06-07T01:02:27.845528+00:00', '--job-id', '2336', '--raw', '--subdir', 'DAGS_FOLDER/train_deep_model_dag.py', '--cfg-path', '/tmp/tmp7378r13h']
[2025-06-07T01:02:32.751+0000] {standard_task_runner.py:88} INFO - Job 2336: Subtask train_deep_hybrid_model
[2025-06-07T01:02:32.782+0000] {task_command.py:423} INFO - Running <TaskInstance: deep_models_pipeline.train_deep_hybrid_model manual__2025-06-07T01:02:27.845528+00:00 [running]> on host 54dc5c60a970
[2025-06-07T01:02:32.838+0000] {taskinstance.py:2480} INFO - Exporting env vars: AIRFLOW_CTX_DAG_OWNER='***' AIRFLOW_CTX_DAG_ID='deep_models_pipeline' AIRFLOW_CTX_TASK_ID='train_deep_hybrid_model' AIRFLOW_CTX_EXECUTION_DATE='2025-06-07T01:02:27.845528+00:00' AIRFLOW_CTX_TRY_NUMBER='1' AIRFLOW_CTX_DAG_RUN_ID='manual__2025-06-07T01:02:27.845528+00:00'
[2025-06-07T01:02:32.839+0000] {train_deep_model_dag.py:13} INFO - 🟦 Running command: python /opt/***/src/models/train_hybrid_deep_model.py --n_neighbors=15 --latent_dim=32 --epochs=30 --tfidf_features=300
[2025-06-07T01:03:28.689+0000] {train_deep_model_dag.py:20} INFO - 🟩 [stdout]:
🏃 View run train_hybrid_deep_model at: https://dagshub.com/sacer11/MLOps_movie_rec_apr25.mlflow/#/experiments/10/runs/4d607d085546402d89d0dfafad42cea4
🧪 View experiment at: https://dagshub.com/sacer11/MLOps_movie_rec_apr25.mlflow/#/experiments/10

[2025-06-07T01:03:28.690+0000] {train_deep_model_dag.py:22} WARNING - 🟨 [stderr]:
/home/***/.local/lib/python3.10/site-packages/mlflow/pyfunc/utils/data_validation.py:186: UserWarning: [33mAdd type hints to the `predict` method to enable data validation and automatic signature inference during model logging. Check https://mlflow.org/docs/latest/model/python_model.html#type-hint-usage-in-pythonmodel for more details.[0m
  color_warning(
2025-06-07 01:02:36,317 - __main__ - INFO - 📥 Lade Rohdaten und baue Hybrid-Feature-Matrix ...
2025-06-07 01:02:41,286 - __main__ - INFO - 📐 Hybrid-Matrix erstellt mit Shape: (10381, 1429), Feature-Namen: 1429
2025-06-07 01:02:50,966 - __main__ - INFO - 💾 Hybrid-Matrix gespeichert unter /opt/***/data/processed/hybrid_matrix.csv
2025-06-07 01:02:51,053 - __main__ - INFO - 🚀 Starte Training Autoencoder ...
2025-06-07 01:02:51,767 - __main__ - INFO - Epoch 1/30: Loss = 0.0120
2025-06-07 01:02:52,028 - __main__ - INFO - Epoch 2/30: Loss = 0.0070
2025-06-07 01:02:52,358 - __main__ - INFO - Epoch 3/30: Loss = 0.0061
2025-06-07 01:02:52,648 - __main__ - INFO - Epoch 4/30: Loss = 0.0057
2025-06-07 01:02:52,892 - __main__ - INFO - Epoch 5/30: Loss = 0.0054
2025-06-07 01:02:53,155 - __main__ - INFO - Epoch 6/30: Loss = 0.0052
2025-06-07 01:02:53,396 - __main__ - INFO - Epoch 7/30: Loss = 0.0051
2025-06-07 01:02:53,618 - __main__ - INFO - Epoch 8/30: Loss = 0.0050
2025-06-07 01:02:53,847 - __main__ - INFO - Epoch 9/30: Loss = 0.0049
2025-06-07 01:02:54,094 - __main__ - INFO - Epoch 10/30: Loss = 0.0049
2025-06-07 01:02:54,330 - __main__ - INFO - Epoch 11/30: Loss = 0.0048
2025-06-07 01:02:54,556 - __main__ - INFO - Epoch 12/30: Loss = 0.0048
2025-06-07 01:02:54,811 - __main__ - INFO - Epoch 13/30: Loss = 0.0047
2025-06-07 01:02:55,080 - __main__ - INFO - Epoch 14/30: Loss = 0.0047
2025-06-07 01:02:55,316 - __main__ - INFO - Epoch 15/30: Loss = 0.0047
2025-06-07 01:02:55,562 - __main__ - INFO - Epoch 16/30: Loss = 0.0047
2025-06-07 01:02:55,857 - __main__ - INFO - Epoch 17/30: Loss = 0.0046
2025-06-07 01:02:56,147 - __main__ - INFO - Epoch 18/30: Loss = 0.0046
2025-06-07 01:02:56,411 - __main__ - INFO - Epoch 19/30: Loss = 0.0046
2025-06-07 01:02:56,665 - __main__ - INFO - Epoch 20/30: Loss = 0.0046
2025-06-07 01:02:56,912 - __main__ - INFO - Epoch 21/30: Loss = 0.0045
2025-06-07 01:02:57,153 - __main__ - INFO - Epoch 22/30: Loss = 0.0045
2025-06-07 01:02:57,390 - __main__ - INFO - Epoch 23/30: Loss = 0.0045
2025-06-07 01:02:57,646 - __main__ - INFO - Epoch 24/30: Loss = 0.0045
2025-06-07 01:02:57,890 - __main__ - INFO - Epoch 25/30: Loss = 0.0045
2025-06-07 01:02:58,132 - __main__ - INFO - Epoch 26/30: Loss = 0.0044
2025-06-07 01:02:58,374 - __main__ - INFO - Epoch 27/30: Loss = 0.0044
2025-06-07 01:02:58,616 - __main__ - INFO - Epoch 28/30: Loss = 0.0044
2025-06-07 01:02:58,870 - __main__ - INFO - Epoch 29/30: Loss = 0.0044
2025-06-07 01:02:59,122 - __main__ - INFO - Epoch 30/30: Loss = 0.0044
2025-06-07 01:02:59,371 - __main__ - INFO - ✅ Hybrid-Embeddings gespeichert unter /opt/***/data/processed/hybrid_deep_embedding.csv
2025-06-07 01:02:59,372 - __main__ - INFO - ✅ Hybrid-Embeddings gespeichert unter /opt/***/data/processed/hybrid_deep_embedding.csv
2025-06-07 01:02:59,382 - __main__ - INFO - ✅ Deep KNN Modell gespeichert unter /opt/***/models/hybrid_deep_knn.pkl
2025/06/07 01:03:04 INFO mlflow.pyfunc: Validating input example against model signature

Downloading artifacts:   0%|          | 0/1 [00:00<?, ?it/s]
Downloading artifacts: 100%|██████████| 1/1 [00:00<00:00, 72.85it/s]
Downloading artifacts: 100%|██████████| 1/1 [00:00<00:00, 71.98it/s]
Registered model 'hybrid_deep_model' already exists. Creating a new version of this model...
2025/06/07 01:03:14 INFO mlflow.store.model_registry.abstract_store: Waiting up to 300 seconds for model version to finish creation. Model name: hybrid_deep_model, version 13
Created version '13' of model 'hybrid_deep_model'.
2025-06-07 01:03:25,631 - __main__ - INFO - 📝 Tags für Modellversion 13 gesetzt: n_neighbors=15, latent_dim=32
2025-06-07 01:03:27,673 - __main__ - INFO - 🏁 Deep Hybrid-Model Training abgeschlossen und geloggt.

[2025-06-07T01:03:28.691+0000] {python.py:201} INFO - Done. Returned value was: None
[2025-06-07T01:03:28.701+0000] {taskinstance.py:1138} INFO - Marking task as SUCCESS. dag_id=deep_models_pipeline, task_id=train_deep_hybrid_model, execution_date=20250607T010227, start_date=20250607T010232, end_date=20250607T010328
[2025-06-07T01:03:28.725+0000] {local_task_job_runner.py:234} INFO - Task exited with return code 0
[2025-06-07T01:03:28.747+0000] {taskinstance.py:3280} INFO - 1 downstream tasks scheduled from follow-on schedule check
