[2025-06-07T23:40:20.833+0000] {processor.py:161} INFO - Started process (PID=188) to work on /opt/airflow/dags/bento_api_pipeline.py
[2025-06-07T23:40:20.834+0000] {processor.py:830} INFO - Processing file /opt/airflow/dags/bento_api_pipeline.py for tasks to queue
[2025-06-07T23:40:20.835+0000] {logging_mixin.py:188} INFO - [2025-06-07T23:40:20.835+0000] {dagbag.py:538} INFO - Filling up the DagBag from /opt/airflow/dags/bento_api_pipeline.py
[2025-06-07T23:40:20.855+0000] {processor.py:840} INFO - DAG(s) 'bento_api_pipeline' retrieved from /opt/airflow/dags/bento_api_pipeline.py
[2025-06-07T23:40:20.876+0000] {logging_mixin.py:188} INFO - [2025-06-07T23:40:20.875+0000] {dag.py:3036} INFO - Sync 1 DAGs
[2025-06-07T23:40:20.884+0000] {logging_mixin.py:188} INFO - [2025-06-07T23:40:20.884+0000] {dag.py:3823} INFO - Setting next_dagrun for bento_api_pipeline to None, run_after=None
[2025-06-07T23:40:20.899+0000] {processor.py:183} INFO - Processing /opt/airflow/dags/bento_api_pipeline.py took 0.068 seconds
[2025-06-07T23:40:51.067+0000] {processor.py:161} INFO - Started process (PID=198) to work on /opt/airflow/dags/bento_api_pipeline.py
[2025-06-07T23:40:51.068+0000] {processor.py:830} INFO - Processing file /opt/airflow/dags/bento_api_pipeline.py for tasks to queue
[2025-06-07T23:40:51.070+0000] {logging_mixin.py:188} INFO - [2025-06-07T23:40:51.069+0000] {dagbag.py:538} INFO - Filling up the DagBag from /opt/airflow/dags/bento_api_pipeline.py
[2025-06-07T23:40:51.090+0000] {processor.py:840} INFO - DAG(s) 'bento_api_pipeline' retrieved from /opt/airflow/dags/bento_api_pipeline.py
[2025-06-07T23:40:51.282+0000] {logging_mixin.py:188} INFO - [2025-06-07T23:40:51.281+0000] {dag.py:3036} INFO - Sync 1 DAGs
[2025-06-07T23:40:51.293+0000] {logging_mixin.py:188} INFO - [2025-06-07T23:40:51.293+0000] {dag.py:3823} INFO - Setting next_dagrun for bento_api_pipeline to None, run_after=None
[2025-06-07T23:40:51.313+0000] {processor.py:183} INFO - Processing /opt/airflow/dags/bento_api_pipeline.py took 0.249 seconds
[2025-06-07T23:41:21.518+0000] {processor.py:161} INFO - Started process (PID=208) to work on /opt/airflow/dags/bento_api_pipeline.py
[2025-06-07T23:41:21.519+0000] {processor.py:830} INFO - Processing file /opt/airflow/dags/bento_api_pipeline.py for tasks to queue
[2025-06-07T23:41:21.520+0000] {logging_mixin.py:188} INFO - [2025-06-07T23:41:21.520+0000] {dagbag.py:538} INFO - Filling up the DagBag from /opt/airflow/dags/bento_api_pipeline.py
[2025-06-07T23:41:21.543+0000] {processor.py:840} INFO - DAG(s) 'bento_api_pipeline' retrieved from /opt/airflow/dags/bento_api_pipeline.py
[2025-06-07T23:41:21.574+0000] {logging_mixin.py:188} INFO - [2025-06-07T23:41:21.574+0000] {dag.py:3036} INFO - Sync 1 DAGs
[2025-06-07T23:41:21.588+0000] {logging_mixin.py:188} INFO - [2025-06-07T23:41:21.588+0000] {dag.py:3823} INFO - Setting next_dagrun for bento_api_pipeline to None, run_after=None
[2025-06-07T23:41:21.606+0000] {processor.py:183} INFO - Processing /opt/airflow/dags/bento_api_pipeline.py took 0.090 seconds
[2025-06-07T23:41:51.856+0000] {processor.py:161} INFO - Started process (PID=218) to work on /opt/airflow/dags/bento_api_pipeline.py
[2025-06-07T23:41:51.858+0000] {processor.py:830} INFO - Processing file /opt/airflow/dags/bento_api_pipeline.py for tasks to queue
[2025-06-07T23:41:51.859+0000] {logging_mixin.py:188} INFO - [2025-06-07T23:41:51.859+0000] {dagbag.py:538} INFO - Filling up the DagBag from /opt/airflow/dags/bento_api_pipeline.py
[2025-06-07T23:41:51.885+0000] {processor.py:840} INFO - DAG(s) 'bento_api_pipeline' retrieved from /opt/airflow/dags/bento_api_pipeline.py
[2025-06-07T23:41:51.914+0000] {logging_mixin.py:188} INFO - [2025-06-07T23:41:51.914+0000] {dag.py:3036} INFO - Sync 1 DAGs
[2025-06-07T23:41:51.927+0000] {logging_mixin.py:188} INFO - [2025-06-07T23:41:51.927+0000] {dag.py:3823} INFO - Setting next_dagrun for bento_api_pipeline to None, run_after=None
[2025-06-07T23:41:51.946+0000] {processor.py:183} INFO - Processing /opt/airflow/dags/bento_api_pipeline.py took 0.094 seconds
[2025-06-07T23:42:22.185+0000] {processor.py:161} INFO - Started process (PID=228) to work on /opt/airflow/dags/bento_api_pipeline.py
[2025-06-07T23:42:22.186+0000] {processor.py:830} INFO - Processing file /opt/airflow/dags/bento_api_pipeline.py for tasks to queue
[2025-06-07T23:42:22.187+0000] {logging_mixin.py:188} INFO - [2025-06-07T23:42:22.187+0000] {dagbag.py:538} INFO - Filling up the DagBag from /opt/airflow/dags/bento_api_pipeline.py
[2025-06-07T23:42:22.205+0000] {processor.py:840} INFO - DAG(s) 'bento_api_pipeline' retrieved from /opt/airflow/dags/bento_api_pipeline.py
[2025-06-07T23:42:22.236+0000] {logging_mixin.py:188} INFO - [2025-06-07T23:42:22.235+0000] {dag.py:3036} INFO - Sync 1 DAGs
[2025-06-07T23:42:22.246+0000] {logging_mixin.py:188} INFO - [2025-06-07T23:42:22.246+0000] {dag.py:3823} INFO - Setting next_dagrun for bento_api_pipeline to None, run_after=None
[2025-06-07T23:42:22.279+0000] {processor.py:183} INFO - Processing /opt/airflow/dags/bento_api_pipeline.py took 0.096 seconds
[2025-06-07T23:42:52.404+0000] {processor.py:161} INFO - Started process (PID=244) to work on /opt/airflow/dags/bento_api_pipeline.py
[2025-06-07T23:42:52.404+0000] {processor.py:830} INFO - Processing file /opt/airflow/dags/bento_api_pipeline.py for tasks to queue
[2025-06-07T23:42:52.405+0000] {logging_mixin.py:188} INFO - [2025-06-07T23:42:52.405+0000] {dagbag.py:538} INFO - Filling up the DagBag from /opt/airflow/dags/bento_api_pipeline.py
[2025-06-07T23:42:52.426+0000] {processor.py:840} INFO - DAG(s) 'bento_api_pipeline' retrieved from /opt/airflow/dags/bento_api_pipeline.py
[2025-06-07T23:42:52.450+0000] {logging_mixin.py:188} INFO - [2025-06-07T23:42:52.449+0000] {dag.py:3036} INFO - Sync 1 DAGs
[2025-06-07T23:42:52.460+0000] {logging_mixin.py:188} INFO - [2025-06-07T23:42:52.460+0000] {dag.py:3823} INFO - Setting next_dagrun for bento_api_pipeline to None, run_after=None
[2025-06-07T23:42:52.477+0000] {processor.py:183} INFO - Processing /opt/airflow/dags/bento_api_pipeline.py took 0.076 seconds
[2025-06-07T23:43:22.730+0000] {processor.py:161} INFO - Started process (PID=254) to work on /opt/airflow/dags/bento_api_pipeline.py
[2025-06-07T23:43:22.731+0000] {processor.py:830} INFO - Processing file /opt/airflow/dags/bento_api_pipeline.py for tasks to queue
[2025-06-07T23:43:22.732+0000] {logging_mixin.py:188} INFO - [2025-06-07T23:43:22.732+0000] {dagbag.py:538} INFO - Filling up the DagBag from /opt/airflow/dags/bento_api_pipeline.py
[2025-06-07T23:43:22.759+0000] {processor.py:840} INFO - DAG(s) 'bento_api_pipeline' retrieved from /opt/airflow/dags/bento_api_pipeline.py
[2025-06-07T23:43:22.801+0000] {logging_mixin.py:188} INFO - [2025-06-07T23:43:22.801+0000] {dag.py:3036} INFO - Sync 1 DAGs
[2025-06-07T23:43:22.816+0000] {logging_mixin.py:188} INFO - [2025-06-07T23:43:22.816+0000] {dag.py:3823} INFO - Setting next_dagrun for bento_api_pipeline to None, run_after=None
[2025-06-07T23:43:22.841+0000] {processor.py:183} INFO - Processing /opt/airflow/dags/bento_api_pipeline.py took 0.119 seconds
[2025-06-07T23:43:53.091+0000] {processor.py:161} INFO - Started process (PID=264) to work on /opt/airflow/dags/bento_api_pipeline.py
[2025-06-07T23:43:53.092+0000] {processor.py:830} INFO - Processing file /opt/airflow/dags/bento_api_pipeline.py for tasks to queue
[2025-06-07T23:43:53.093+0000] {logging_mixin.py:188} INFO - [2025-06-07T23:43:53.093+0000] {dagbag.py:538} INFO - Filling up the DagBag from /opt/airflow/dags/bento_api_pipeline.py
[2025-06-07T23:43:53.122+0000] {processor.py:840} INFO - DAG(s) 'bento_api_pipeline' retrieved from /opt/airflow/dags/bento_api_pipeline.py
[2025-06-07T23:43:53.165+0000] {logging_mixin.py:188} INFO - [2025-06-07T23:43:53.165+0000] {dag.py:3036} INFO - Sync 1 DAGs
[2025-06-07T23:43:53.177+0000] {logging_mixin.py:188} INFO - [2025-06-07T23:43:53.177+0000] {dag.py:3823} INFO - Setting next_dagrun for bento_api_pipeline to None, run_after=None
[2025-06-07T23:43:53.201+0000] {processor.py:183} INFO - Processing /opt/airflow/dags/bento_api_pipeline.py took 0.117 seconds
[2025-06-07T23:44:23.448+0000] {processor.py:161} INFO - Started process (PID=274) to work on /opt/airflow/dags/bento_api_pipeline.py
[2025-06-07T23:44:23.450+0000] {processor.py:830} INFO - Processing file /opt/airflow/dags/bento_api_pipeline.py for tasks to queue
[2025-06-07T23:44:23.451+0000] {logging_mixin.py:188} INFO - [2025-06-07T23:44:23.450+0000] {dagbag.py:538} INFO - Filling up the DagBag from /opt/airflow/dags/bento_api_pipeline.py
[2025-06-07T23:44:23.474+0000] {processor.py:840} INFO - DAG(s) 'bento_api_pipeline' retrieved from /opt/airflow/dags/bento_api_pipeline.py
[2025-06-07T23:44:23.500+0000] {logging_mixin.py:188} INFO - [2025-06-07T23:44:23.500+0000] {dag.py:3036} INFO - Sync 1 DAGs
[2025-06-07T23:44:23.515+0000] {logging_mixin.py:188} INFO - [2025-06-07T23:44:23.514+0000] {dag.py:3823} INFO - Setting next_dagrun for bento_api_pipeline to None, run_after=None
[2025-06-07T23:44:23.546+0000] {processor.py:183} INFO - Processing /opt/airflow/dags/bento_api_pipeline.py took 0.100 seconds
[2025-06-07T23:44:53.683+0000] {processor.py:161} INFO - Started process (PID=284) to work on /opt/airflow/dags/bento_api_pipeline.py
[2025-06-07T23:44:53.684+0000] {processor.py:830} INFO - Processing file /opt/airflow/dags/bento_api_pipeline.py for tasks to queue
[2025-06-07T23:44:53.685+0000] {logging_mixin.py:188} INFO - [2025-06-07T23:44:53.685+0000] {dagbag.py:538} INFO - Filling up the DagBag from /opt/airflow/dags/bento_api_pipeline.py
[2025-06-07T23:44:53.706+0000] {processor.py:840} INFO - DAG(s) 'bento_api_pipeline' retrieved from /opt/airflow/dags/bento_api_pipeline.py
[2025-06-07T23:44:53.734+0000] {logging_mixin.py:188} INFO - [2025-06-07T23:44:53.734+0000] {dag.py:3036} INFO - Sync 1 DAGs
[2025-06-07T23:44:53.748+0000] {logging_mixin.py:188} INFO - [2025-06-07T23:44:53.747+0000] {dag.py:3823} INFO - Setting next_dagrun for bento_api_pipeline to None, run_after=None
[2025-06-07T23:44:53.769+0000] {processor.py:183} INFO - Processing /opt/airflow/dags/bento_api_pipeline.py took 0.089 seconds
[2025-06-07T23:45:24.054+0000] {processor.py:161} INFO - Started process (PID=294) to work on /opt/airflow/dags/bento_api_pipeline.py
[2025-06-07T23:45:24.055+0000] {processor.py:830} INFO - Processing file /opt/airflow/dags/bento_api_pipeline.py for tasks to queue
[2025-06-07T23:45:24.056+0000] {logging_mixin.py:188} INFO - [2025-06-07T23:45:24.056+0000] {dagbag.py:538} INFO - Filling up the DagBag from /opt/airflow/dags/bento_api_pipeline.py
[2025-06-07T23:45:24.074+0000] {processor.py:840} INFO - DAG(s) 'bento_api_pipeline' retrieved from /opt/airflow/dags/bento_api_pipeline.py
[2025-06-07T23:45:24.099+0000] {logging_mixin.py:188} INFO - [2025-06-07T23:45:24.098+0000] {dag.py:3036} INFO - Sync 1 DAGs
[2025-06-07T23:45:24.110+0000] {logging_mixin.py:188} INFO - [2025-06-07T23:45:24.109+0000] {dag.py:3823} INFO - Setting next_dagrun for bento_api_pipeline to None, run_after=None
[2025-06-07T23:45:24.127+0000] {processor.py:183} INFO - Processing /opt/airflow/dags/bento_api_pipeline.py took 0.075 seconds
[2025-06-07T23:45:54.344+0000] {processor.py:161} INFO - Started process (PID=304) to work on /opt/airflow/dags/bento_api_pipeline.py
[2025-06-07T23:45:54.345+0000] {processor.py:830} INFO - Processing file /opt/airflow/dags/bento_api_pipeline.py for tasks to queue
[2025-06-07T23:45:54.346+0000] {logging_mixin.py:188} INFO - [2025-06-07T23:45:54.346+0000] {dagbag.py:538} INFO - Filling up the DagBag from /opt/airflow/dags/bento_api_pipeline.py
[2025-06-07T23:45:54.362+0000] {processor.py:840} INFO - DAG(s) 'bento_api_pipeline' retrieved from /opt/airflow/dags/bento_api_pipeline.py
[2025-06-07T23:45:54.379+0000] {logging_mixin.py:188} INFO - [2025-06-07T23:45:54.379+0000] {dag.py:3036} INFO - Sync 1 DAGs
[2025-06-07T23:45:54.388+0000] {logging_mixin.py:188} INFO - [2025-06-07T23:45:54.388+0000] {dag.py:3823} INFO - Setting next_dagrun for bento_api_pipeline to None, run_after=None
[2025-06-07T23:45:54.403+0000] {processor.py:183} INFO - Processing /opt/airflow/dags/bento_api_pipeline.py took 0.061 seconds
[2025-06-07T23:46:24.644+0000] {processor.py:161} INFO - Started process (PID=314) to work on /opt/airflow/dags/bento_api_pipeline.py
[2025-06-07T23:46:24.645+0000] {processor.py:830} INFO - Processing file /opt/airflow/dags/bento_api_pipeline.py for tasks to queue
[2025-06-07T23:46:24.646+0000] {logging_mixin.py:188} INFO - [2025-06-07T23:46:24.646+0000] {dagbag.py:538} INFO - Filling up the DagBag from /opt/airflow/dags/bento_api_pipeline.py
[2025-06-07T23:46:24.671+0000] {processor.py:840} INFO - DAG(s) 'bento_api_pipeline' retrieved from /opt/airflow/dags/bento_api_pipeline.py
[2025-06-07T23:46:24.708+0000] {logging_mixin.py:188} INFO - [2025-06-07T23:46:24.707+0000] {dag.py:3036} INFO - Sync 1 DAGs
[2025-06-07T23:46:24.724+0000] {logging_mixin.py:188} INFO - [2025-06-07T23:46:24.724+0000] {dag.py:3823} INFO - Setting next_dagrun for bento_api_pipeline to None, run_after=None
[2025-06-07T23:46:24.744+0000] {processor.py:183} INFO - Processing /opt/airflow/dags/bento_api_pipeline.py took 0.104 seconds
[2025-06-07T23:46:54.875+0000] {processor.py:161} INFO - Started process (PID=324) to work on /opt/airflow/dags/bento_api_pipeline.py
[2025-06-07T23:46:54.876+0000] {processor.py:830} INFO - Processing file /opt/airflow/dags/bento_api_pipeline.py for tasks to queue
[2025-06-07T23:46:54.877+0000] {logging_mixin.py:188} INFO - [2025-06-07T23:46:54.877+0000] {dagbag.py:538} INFO - Filling up the DagBag from /opt/airflow/dags/bento_api_pipeline.py
[2025-06-07T23:46:54.902+0000] {processor.py:840} INFO - DAG(s) 'bento_api_pipeline' retrieved from /opt/airflow/dags/bento_api_pipeline.py
[2025-06-07T23:46:54.939+0000] {logging_mixin.py:188} INFO - [2025-06-07T23:46:54.939+0000] {dag.py:3036} INFO - Sync 1 DAGs
[2025-06-07T23:46:54.954+0000] {logging_mixin.py:188} INFO - [2025-06-07T23:46:54.953+0000] {dag.py:3823} INFO - Setting next_dagrun for bento_api_pipeline to None, run_after=None
[2025-06-07T23:46:54.974+0000] {processor.py:183} INFO - Processing /opt/airflow/dags/bento_api_pipeline.py took 0.102 seconds
[2025-06-07T23:47:25.213+0000] {processor.py:161} INFO - Started process (PID=334) to work on /opt/airflow/dags/bento_api_pipeline.py
[2025-06-07T23:47:25.214+0000] {processor.py:830} INFO - Processing file /opt/airflow/dags/bento_api_pipeline.py for tasks to queue
[2025-06-07T23:47:25.215+0000] {logging_mixin.py:188} INFO - [2025-06-07T23:47:25.215+0000] {dagbag.py:538} INFO - Filling up the DagBag from /opt/airflow/dags/bento_api_pipeline.py
[2025-06-07T23:47:25.236+0000] {processor.py:840} INFO - DAG(s) 'bento_api_pipeline' retrieved from /opt/airflow/dags/bento_api_pipeline.py
[2025-06-07T23:47:25.259+0000] {logging_mixin.py:188} INFO - [2025-06-07T23:47:25.258+0000] {dag.py:3036} INFO - Sync 1 DAGs
[2025-06-07T23:47:25.269+0000] {logging_mixin.py:188} INFO - [2025-06-07T23:47:25.269+0000] {dag.py:3823} INFO - Setting next_dagrun for bento_api_pipeline to None, run_after=None
[2025-06-07T23:47:25.287+0000] {processor.py:183} INFO - Processing /opt/airflow/dags/bento_api_pipeline.py took 0.077 seconds
[2025-06-07T23:47:55.532+0000] {processor.py:161} INFO - Started process (PID=344) to work on /opt/airflow/dags/bento_api_pipeline.py
[2025-06-07T23:47:55.533+0000] {processor.py:830} INFO - Processing file /opt/airflow/dags/bento_api_pipeline.py for tasks to queue
[2025-06-07T23:47:55.534+0000] {logging_mixin.py:188} INFO - [2025-06-07T23:47:55.533+0000] {dagbag.py:538} INFO - Filling up the DagBag from /opt/airflow/dags/bento_api_pipeline.py
[2025-06-07T23:47:55.552+0000] {processor.py:840} INFO - DAG(s) 'bento_api_pipeline' retrieved from /opt/airflow/dags/bento_api_pipeline.py
[2025-06-07T23:47:55.576+0000] {logging_mixin.py:188} INFO - [2025-06-07T23:47:55.575+0000] {dag.py:3036} INFO - Sync 1 DAGs
[2025-06-07T23:47:55.588+0000] {logging_mixin.py:188} INFO - [2025-06-07T23:47:55.588+0000] {dag.py:3823} INFO - Setting next_dagrun for bento_api_pipeline to None, run_after=None
[2025-06-07T23:47:55.607+0000] {processor.py:183} INFO - Processing /opt/airflow/dags/bento_api_pipeline.py took 0.078 seconds
[2025-06-07T23:48:25.839+0000] {processor.py:161} INFO - Started process (PID=354) to work on /opt/airflow/dags/bento_api_pipeline.py
[2025-06-07T23:48:25.840+0000] {processor.py:830} INFO - Processing file /opt/airflow/dags/bento_api_pipeline.py for tasks to queue
[2025-06-07T23:48:25.840+0000] {logging_mixin.py:188} INFO - [2025-06-07T23:48:25.840+0000] {dagbag.py:538} INFO - Filling up the DagBag from /opt/airflow/dags/bento_api_pipeline.py
[2025-06-07T23:48:25.855+0000] {processor.py:840} INFO - DAG(s) 'bento_api_pipeline' retrieved from /opt/airflow/dags/bento_api_pipeline.py
[2025-06-07T23:48:25.877+0000] {logging_mixin.py:188} INFO - [2025-06-07T23:48:25.877+0000] {dag.py:3036} INFO - Sync 1 DAGs
[2025-06-07T23:48:25.887+0000] {logging_mixin.py:188} INFO - [2025-06-07T23:48:25.887+0000] {dag.py:3823} INFO - Setting next_dagrun for bento_api_pipeline to None, run_after=None
[2025-06-07T23:48:25.900+0000] {processor.py:183} INFO - Processing /opt/airflow/dags/bento_api_pipeline.py took 0.063 seconds
[2025-06-07T23:48:56.133+0000] {processor.py:161} INFO - Started process (PID=364) to work on /opt/airflow/dags/bento_api_pipeline.py
[2025-06-07T23:48:56.134+0000] {processor.py:830} INFO - Processing file /opt/airflow/dags/bento_api_pipeline.py for tasks to queue
[2025-06-07T23:48:56.135+0000] {logging_mixin.py:188} INFO - [2025-06-07T23:48:56.135+0000] {dagbag.py:538} INFO - Filling up the DagBag from /opt/airflow/dags/bento_api_pipeline.py
[2025-06-07T23:48:56.155+0000] {processor.py:840} INFO - DAG(s) 'bento_api_pipeline' retrieved from /opt/airflow/dags/bento_api_pipeline.py
[2025-06-07T23:48:56.185+0000] {logging_mixin.py:188} INFO - [2025-06-07T23:48:56.185+0000] {dag.py:3036} INFO - Sync 1 DAGs
[2025-06-07T23:48:56.197+0000] {logging_mixin.py:188} INFO - [2025-06-07T23:48:56.197+0000] {dag.py:3823} INFO - Setting next_dagrun for bento_api_pipeline to None, run_after=None
[2025-06-07T23:48:56.216+0000] {processor.py:183} INFO - Processing /opt/airflow/dags/bento_api_pipeline.py took 0.086 seconds
[2025-06-07T23:49:26.457+0000] {processor.py:161} INFO - Started process (PID=374) to work on /opt/airflow/dags/bento_api_pipeline.py
[2025-06-07T23:49:26.458+0000] {processor.py:830} INFO - Processing file /opt/airflow/dags/bento_api_pipeline.py for tasks to queue
[2025-06-07T23:49:26.459+0000] {logging_mixin.py:188} INFO - [2025-06-07T23:49:26.459+0000] {dagbag.py:538} INFO - Filling up the DagBag from /opt/airflow/dags/bento_api_pipeline.py
[2025-06-07T23:49:26.477+0000] {processor.py:840} INFO - DAG(s) 'bento_api_pipeline' retrieved from /opt/airflow/dags/bento_api_pipeline.py
[2025-06-07T23:49:26.501+0000] {logging_mixin.py:188} INFO - [2025-06-07T23:49:26.501+0000] {dag.py:3036} INFO - Sync 1 DAGs
[2025-06-07T23:49:26.512+0000] {logging_mixin.py:188} INFO - [2025-06-07T23:49:26.511+0000] {dag.py:3823} INFO - Setting next_dagrun for bento_api_pipeline to None, run_after=None
[2025-06-07T23:49:26.528+0000] {processor.py:183} INFO - Processing /opt/airflow/dags/bento_api_pipeline.py took 0.073 seconds
[2025-06-07T23:49:56.675+0000] {processor.py:161} INFO - Started process (PID=384) to work on /opt/airflow/dags/bento_api_pipeline.py
[2025-06-07T23:49:56.675+0000] {processor.py:830} INFO - Processing file /opt/airflow/dags/bento_api_pipeline.py for tasks to queue
[2025-06-07T23:49:56.676+0000] {logging_mixin.py:188} INFO - [2025-06-07T23:49:56.676+0000] {dagbag.py:538} INFO - Filling up the DagBag from /opt/airflow/dags/bento_api_pipeline.py
[2025-06-07T23:49:56.691+0000] {processor.py:840} INFO - DAG(s) 'bento_api_pipeline' retrieved from /opt/airflow/dags/bento_api_pipeline.py
[2025-06-07T23:49:56.711+0000] {logging_mixin.py:188} INFO - [2025-06-07T23:49:56.711+0000] {dag.py:3036} INFO - Sync 1 DAGs
[2025-06-07T23:49:56.719+0000] {logging_mixin.py:188} INFO - [2025-06-07T23:49:56.718+0000] {dag.py:3823} INFO - Setting next_dagrun for bento_api_pipeline to None, run_after=None
[2025-06-07T23:49:56.731+0000] {processor.py:183} INFO - Processing /opt/airflow/dags/bento_api_pipeline.py took 0.058 seconds
[2025-06-07T23:50:26.938+0000] {processor.py:161} INFO - Started process (PID=394) to work on /opt/airflow/dags/bento_api_pipeline.py
[2025-06-07T23:50:26.939+0000] {processor.py:830} INFO - Processing file /opt/airflow/dags/bento_api_pipeline.py for tasks to queue
[2025-06-07T23:50:26.940+0000] {logging_mixin.py:188} INFO - [2025-06-07T23:50:26.940+0000] {dagbag.py:538} INFO - Filling up the DagBag from /opt/airflow/dags/bento_api_pipeline.py
[2025-06-07T23:50:26.965+0000] {processor.py:840} INFO - DAG(s) 'bento_api_pipeline' retrieved from /opt/airflow/dags/bento_api_pipeline.py
[2025-06-07T23:50:27.010+0000] {logging_mixin.py:188} INFO - [2025-06-07T23:50:27.010+0000] {dag.py:3036} INFO - Sync 1 DAGs
[2025-06-07T23:50:27.021+0000] {logging_mixin.py:188} INFO - [2025-06-07T23:50:27.021+0000] {dag.py:3823} INFO - Setting next_dagrun for bento_api_pipeline to None, run_after=None
[2025-06-07T23:50:27.035+0000] {processor.py:183} INFO - Processing /opt/airflow/dags/bento_api_pipeline.py took 0.100 seconds
[2025-06-07T23:50:57.168+0000] {processor.py:161} INFO - Started process (PID=404) to work on /opt/airflow/dags/bento_api_pipeline.py
[2025-06-07T23:50:57.169+0000] {processor.py:830} INFO - Processing file /opt/airflow/dags/bento_api_pipeline.py for tasks to queue
[2025-06-07T23:50:57.170+0000] {logging_mixin.py:188} INFO - [2025-06-07T23:50:57.170+0000] {dagbag.py:538} INFO - Filling up the DagBag from /opt/airflow/dags/bento_api_pipeline.py
[2025-06-07T23:50:57.189+0000] {processor.py:840} INFO - DAG(s) 'bento_api_pipeline' retrieved from /opt/airflow/dags/bento_api_pipeline.py
[2025-06-07T23:50:57.214+0000] {logging_mixin.py:188} INFO - [2025-06-07T23:50:57.214+0000] {dag.py:3036} INFO - Sync 1 DAGs
[2025-06-07T23:50:57.229+0000] {logging_mixin.py:188} INFO - [2025-06-07T23:50:57.228+0000] {dag.py:3823} INFO - Setting next_dagrun for bento_api_pipeline to None, run_after=None
[2025-06-07T23:50:57.253+0000] {processor.py:183} INFO - Processing /opt/airflow/dags/bento_api_pipeline.py took 0.087 seconds
[2025-06-07T23:51:27.493+0000] {processor.py:161} INFO - Started process (PID=414) to work on /opt/airflow/dags/bento_api_pipeline.py
[2025-06-07T23:51:27.494+0000] {processor.py:830} INFO - Processing file /opt/airflow/dags/bento_api_pipeline.py for tasks to queue
[2025-06-07T23:51:27.495+0000] {logging_mixin.py:188} INFO - [2025-06-07T23:51:27.494+0000] {dagbag.py:538} INFO - Filling up the DagBag from /opt/airflow/dags/bento_api_pipeline.py
[2025-06-07T23:51:27.520+0000] {processor.py:840} INFO - DAG(s) 'bento_api_pipeline' retrieved from /opt/airflow/dags/bento_api_pipeline.py
[2025-06-07T23:51:27.547+0000] {logging_mixin.py:188} INFO - [2025-06-07T23:51:27.547+0000] {dag.py:3036} INFO - Sync 1 DAGs
[2025-06-07T23:51:27.559+0000] {logging_mixin.py:188} INFO - [2025-06-07T23:51:27.559+0000] {dag.py:3823} INFO - Setting next_dagrun for bento_api_pipeline to None, run_after=None
[2025-06-07T23:51:27.581+0000] {processor.py:183} INFO - Processing /opt/airflow/dags/bento_api_pipeline.py took 0.091 seconds
[2025-06-07T23:51:57.827+0000] {processor.py:161} INFO - Started process (PID=424) to work on /opt/airflow/dags/bento_api_pipeline.py
[2025-06-07T23:51:57.828+0000] {processor.py:830} INFO - Processing file /opt/airflow/dags/bento_api_pipeline.py for tasks to queue
[2025-06-07T23:51:57.829+0000] {logging_mixin.py:188} INFO - [2025-06-07T23:51:57.829+0000] {dagbag.py:538} INFO - Filling up the DagBag from /opt/airflow/dags/bento_api_pipeline.py
[2025-06-07T23:51:57.846+0000] {processor.py:840} INFO - DAG(s) 'bento_api_pipeline' retrieved from /opt/airflow/dags/bento_api_pipeline.py
[2025-06-07T23:51:57.872+0000] {logging_mixin.py:188} INFO - [2025-06-07T23:51:57.872+0000] {dag.py:3036} INFO - Sync 1 DAGs
[2025-06-07T23:51:57.883+0000] {logging_mixin.py:188} INFO - [2025-06-07T23:51:57.883+0000] {dag.py:3823} INFO - Setting next_dagrun for bento_api_pipeline to None, run_after=None
[2025-06-07T23:51:57.900+0000] {processor.py:183} INFO - Processing /opt/airflow/dags/bento_api_pipeline.py took 0.075 seconds
[2025-06-07T23:52:28.141+0000] {processor.py:161} INFO - Started process (PID=434) to work on /opt/airflow/dags/bento_api_pipeline.py
[2025-06-07T23:52:28.142+0000] {processor.py:830} INFO - Processing file /opt/airflow/dags/bento_api_pipeline.py for tasks to queue
[2025-06-07T23:52:28.143+0000] {logging_mixin.py:188} INFO - [2025-06-07T23:52:28.143+0000] {dagbag.py:538} INFO - Filling up the DagBag from /opt/airflow/dags/bento_api_pipeline.py
[2025-06-07T23:52:28.162+0000] {processor.py:840} INFO - DAG(s) 'bento_api_pipeline' retrieved from /opt/airflow/dags/bento_api_pipeline.py
[2025-06-07T23:52:28.185+0000] {logging_mixin.py:188} INFO - [2025-06-07T23:52:28.185+0000] {dag.py:3036} INFO - Sync 1 DAGs
[2025-06-07T23:52:28.196+0000] {logging_mixin.py:188} INFO - [2025-06-07T23:52:28.196+0000] {dag.py:3823} INFO - Setting next_dagrun for bento_api_pipeline to None, run_after=None
[2025-06-07T23:52:28.219+0000] {processor.py:183} INFO - Processing /opt/airflow/dags/bento_api_pipeline.py took 0.080 seconds
[2025-06-07T23:52:58.458+0000] {processor.py:161} INFO - Started process (PID=444) to work on /opt/airflow/dags/bento_api_pipeline.py
[2025-06-07T23:52:58.459+0000] {processor.py:830} INFO - Processing file /opt/airflow/dags/bento_api_pipeline.py for tasks to queue
[2025-06-07T23:52:58.459+0000] {logging_mixin.py:188} INFO - [2025-06-07T23:52:58.459+0000] {dagbag.py:538} INFO - Filling up the DagBag from /opt/airflow/dags/bento_api_pipeline.py
[2025-06-07T23:52:58.478+0000] {processor.py:840} INFO - DAG(s) 'bento_api_pipeline' retrieved from /opt/airflow/dags/bento_api_pipeline.py
[2025-06-07T23:52:58.503+0000] {logging_mixin.py:188} INFO - [2025-06-07T23:52:58.502+0000] {dag.py:3036} INFO - Sync 1 DAGs
[2025-06-07T23:52:58.513+0000] {logging_mixin.py:188} INFO - [2025-06-07T23:52:58.513+0000] {dag.py:3823} INFO - Setting next_dagrun for bento_api_pipeline to None, run_after=None
[2025-06-07T23:52:58.530+0000] {processor.py:183} INFO - Processing /opt/airflow/dags/bento_api_pipeline.py took 0.075 seconds
[2025-06-07T23:53:28.682+0000] {processor.py:161} INFO - Started process (PID=454) to work on /opt/airflow/dags/bento_api_pipeline.py
[2025-06-07T23:53:28.682+0000] {processor.py:830} INFO - Processing file /opt/airflow/dags/bento_api_pipeline.py for tasks to queue
[2025-06-07T23:53:28.683+0000] {logging_mixin.py:188} INFO - [2025-06-07T23:53:28.683+0000] {dagbag.py:538} INFO - Filling up the DagBag from /opt/airflow/dags/bento_api_pipeline.py
[2025-06-07T23:53:28.701+0000] {processor.py:840} INFO - DAG(s) 'bento_api_pipeline' retrieved from /opt/airflow/dags/bento_api_pipeline.py
[2025-06-07T23:53:28.724+0000] {logging_mixin.py:188} INFO - [2025-06-07T23:53:28.724+0000] {dag.py:3036} INFO - Sync 1 DAGs
[2025-06-07T23:53:28.734+0000] {logging_mixin.py:188} INFO - [2025-06-07T23:53:28.734+0000] {dag.py:3823} INFO - Setting next_dagrun for bento_api_pipeline to None, run_after=None
[2025-06-07T23:53:28.751+0000] {processor.py:183} INFO - Processing /opt/airflow/dags/bento_api_pipeline.py took 0.072 seconds
[2025-06-07T23:53:58.933+0000] {processor.py:161} INFO - Started process (PID=464) to work on /opt/airflow/dags/bento_api_pipeline.py
[2025-06-07T23:53:58.934+0000] {processor.py:830} INFO - Processing file /opt/airflow/dags/bento_api_pipeline.py for tasks to queue
[2025-06-07T23:53:58.935+0000] {logging_mixin.py:188} INFO - [2025-06-07T23:53:58.935+0000] {dagbag.py:538} INFO - Filling up the DagBag from /opt/airflow/dags/bento_api_pipeline.py
[2025-06-07T23:53:58.967+0000] {processor.py:840} INFO - DAG(s) 'bento_api_pipeline' retrieved from /opt/airflow/dags/bento_api_pipeline.py
[2025-06-07T23:53:59.003+0000] {logging_mixin.py:188} INFO - [2025-06-07T23:53:59.002+0000] {dag.py:3036} INFO - Sync 1 DAGs
[2025-06-07T23:53:59.017+0000] {logging_mixin.py:188} INFO - [2025-06-07T23:53:59.017+0000] {dag.py:3823} INFO - Setting next_dagrun for bento_api_pipeline to None, run_after=None
[2025-06-07T23:53:59.043+0000] {processor.py:183} INFO - Processing /opt/airflow/dags/bento_api_pipeline.py took 0.113 seconds
[2025-06-07T23:54:29.148+0000] {processor.py:161} INFO - Started process (PID=474) to work on /opt/airflow/dags/bento_api_pipeline.py
[2025-06-07T23:54:29.149+0000] {processor.py:830} INFO - Processing file /opt/airflow/dags/bento_api_pipeline.py for tasks to queue
[2025-06-07T23:54:29.150+0000] {logging_mixin.py:188} INFO - [2025-06-07T23:54:29.150+0000] {dagbag.py:538} INFO - Filling up the DagBag from /opt/airflow/dags/bento_api_pipeline.py
[2025-06-07T23:54:29.166+0000] {processor.py:840} INFO - DAG(s) 'bento_api_pipeline' retrieved from /opt/airflow/dags/bento_api_pipeline.py
[2025-06-07T23:54:29.186+0000] {logging_mixin.py:188} INFO - [2025-06-07T23:54:29.186+0000] {dag.py:3036} INFO - Sync 1 DAGs
[2025-06-07T23:54:29.194+0000] {logging_mixin.py:188} INFO - [2025-06-07T23:54:29.194+0000] {dag.py:3823} INFO - Setting next_dagrun for bento_api_pipeline to None, run_after=None
[2025-06-07T23:54:29.207+0000] {processor.py:183} INFO - Processing /opt/airflow/dags/bento_api_pipeline.py took 0.061 seconds
[2025-06-07T23:54:59.438+0000] {processor.py:161} INFO - Started process (PID=484) to work on /opt/airflow/dags/bento_api_pipeline.py
[2025-06-07T23:54:59.439+0000] {processor.py:830} INFO - Processing file /opt/airflow/dags/bento_api_pipeline.py for tasks to queue
[2025-06-07T23:54:59.440+0000] {logging_mixin.py:188} INFO - [2025-06-07T23:54:59.439+0000] {dagbag.py:538} INFO - Filling up the DagBag from /opt/airflow/dags/bento_api_pipeline.py
[2025-06-07T23:54:59.458+0000] {processor.py:840} INFO - DAG(s) 'bento_api_pipeline' retrieved from /opt/airflow/dags/bento_api_pipeline.py
[2025-06-07T23:54:59.482+0000] {logging_mixin.py:188} INFO - [2025-06-07T23:54:59.481+0000] {dag.py:3036} INFO - Sync 1 DAGs
[2025-06-07T23:54:59.492+0000] {logging_mixin.py:188} INFO - [2025-06-07T23:54:59.492+0000] {dag.py:3823} INFO - Setting next_dagrun for bento_api_pipeline to None, run_after=None
[2025-06-07T23:54:59.510+0000] {processor.py:183} INFO - Processing /opt/airflow/dags/bento_api_pipeline.py took 0.074 seconds
[2025-06-07T23:55:29.795+0000] {processor.py:161} INFO - Started process (PID=494) to work on /opt/airflow/dags/bento_api_pipeline.py
[2025-06-07T23:55:29.796+0000] {processor.py:830} INFO - Processing file /opt/airflow/dags/bento_api_pipeline.py for tasks to queue
[2025-06-07T23:55:29.797+0000] {logging_mixin.py:188} INFO - [2025-06-07T23:55:29.796+0000] {dagbag.py:538} INFO - Filling up the DagBag from /opt/airflow/dags/bento_api_pipeline.py
[2025-06-07T23:55:29.815+0000] {processor.py:840} INFO - DAG(s) 'bento_api_pipeline' retrieved from /opt/airflow/dags/bento_api_pipeline.py
[2025-06-07T23:55:29.839+0000] {logging_mixin.py:188} INFO - [2025-06-07T23:55:29.838+0000] {dag.py:3036} INFO - Sync 1 DAGs
[2025-06-07T23:55:29.850+0000] {logging_mixin.py:188} INFO - [2025-06-07T23:55:29.850+0000] {dag.py:3823} INFO - Setting next_dagrun for bento_api_pipeline to None, run_after=None
[2025-06-07T23:55:29.868+0000] {processor.py:183} INFO - Processing /opt/airflow/dags/bento_api_pipeline.py took 0.075 seconds
[2025-06-07T23:56:00.114+0000] {processor.py:161} INFO - Started process (PID=504) to work on /opt/airflow/dags/bento_api_pipeline.py
[2025-06-07T23:56:00.115+0000] {processor.py:830} INFO - Processing file /opt/airflow/dags/bento_api_pipeline.py for tasks to queue
[2025-06-07T23:56:00.116+0000] {logging_mixin.py:188} INFO - [2025-06-07T23:56:00.115+0000] {dagbag.py:538} INFO - Filling up the DagBag from /opt/airflow/dags/bento_api_pipeline.py
[2025-06-07T23:56:00.135+0000] {processor.py:840} INFO - DAG(s) 'bento_api_pipeline' retrieved from /opt/airflow/dags/bento_api_pipeline.py
[2025-06-07T23:56:00.161+0000] {logging_mixin.py:188} INFO - [2025-06-07T23:56:00.161+0000] {dag.py:3036} INFO - Sync 1 DAGs
[2025-06-07T23:56:00.174+0000] {logging_mixin.py:188} INFO - [2025-06-07T23:56:00.174+0000] {dag.py:3823} INFO - Setting next_dagrun for bento_api_pipeline to None, run_after=None
[2025-06-07T23:56:00.194+0000] {processor.py:183} INFO - Processing /opt/airflow/dags/bento_api_pipeline.py took 0.083 seconds
[2025-06-07T23:56:30.443+0000] {processor.py:161} INFO - Started process (PID=514) to work on /opt/airflow/dags/bento_api_pipeline.py
[2025-06-07T23:56:30.444+0000] {processor.py:830} INFO - Processing file /opt/airflow/dags/bento_api_pipeline.py for tasks to queue
[2025-06-07T23:56:30.445+0000] {logging_mixin.py:188} INFO - [2025-06-07T23:56:30.445+0000] {dagbag.py:538} INFO - Filling up the DagBag from /opt/airflow/dags/bento_api_pipeline.py
[2025-06-07T23:56:30.467+0000] {processor.py:840} INFO - DAG(s) 'bento_api_pipeline' retrieved from /opt/airflow/dags/bento_api_pipeline.py
[2025-06-07T23:56:30.493+0000] {logging_mixin.py:188} INFO - [2025-06-07T23:56:30.493+0000] {dag.py:3036} INFO - Sync 1 DAGs
[2025-06-07T23:56:30.506+0000] {logging_mixin.py:188} INFO - [2025-06-07T23:56:30.506+0000] {dag.py:3823} INFO - Setting next_dagrun for bento_api_pipeline to None, run_after=None
[2025-06-07T23:56:30.525+0000] {processor.py:183} INFO - Processing /opt/airflow/dags/bento_api_pipeline.py took 0.084 seconds
