[2025-06-02T09:20:46.810+0000] {taskinstance.py:1956} INFO - Dependencies all met for dep_context=non-requeueable deps ti=<TaskInstance: movie_recommendation_pipeline.dvc_add_and_push_all manual__2025-06-02T09:16:01.229154+00:00 [queued]>
[2025-06-02T09:20:46.818+0000] {taskinstance.py:1956} INFO - Dependencies all met for dep_context=requeueable deps ti=<TaskInstance: movie_recommendation_pipeline.dvc_add_and_push_all manual__2025-06-02T09:16:01.229154+00:00 [queued]>
[2025-06-02T09:20:46.818+0000] {taskinstance.py:2170} INFO - Starting attempt 1 of 3
[2025-06-02T09:20:46.831+0000] {taskinstance.py:2191} INFO - Executing <Task(PythonOperator): dvc_add_and_push_all> on 2025-06-02 09:16:01.229154+00:00
[2025-06-02T09:20:46.839+0000] {standard_task_runner.py:60} INFO - Started process 820 to run task
[2025-06-02T09:20:46.841+0000] {standard_task_runner.py:87} INFO - Running: ['***', 'tasks', 'run', 'movie_recommendation_pipeline', 'dvc_add_and_push_all', 'manual__2025-06-02T09:16:01.229154+00:00', '--job-id', '1640', '--raw', '--subdir', 'DAGS_FOLDER/mlops_movie_dag.py', '--cfg-path', '/tmp/tmp_dq6drdh']
[2025-06-02T09:20:46.842+0000] {standard_task_runner.py:88} INFO - Job 1640: Subtask dvc_add_and_push_all
[2025-06-02T09:20:46.877+0000] {task_command.py:423} INFO - Running <TaskInstance: movie_recommendation_pipeline.dvc_add_and_push_all manual__2025-06-02T09:16:01.229154+00:00 [running]> on host da28efa6d6d8
[2025-06-02T09:20:46.934+0000] {taskinstance.py:2480} INFO - Exporting env vars: AIRFLOW_CTX_DAG_OWNER='***' AIRFLOW_CTX_DAG_ID='movie_recommendation_pipeline' AIRFLOW_CTX_TASK_ID='dvc_add_and_push_all' AIRFLOW_CTX_EXECUTION_DATE='2025-06-02T09:16:01.229154+00:00' AIRFLOW_CTX_TRY_NUMBER='1' AIRFLOW_CTX_DAG_RUN_ID='manual__2025-06-02T09:16:01.229154+00:00'
[2025-06-02T09:20:46.940+0000] {mlops_movie_dag.py:12} INFO - 游릱 Running command: git config --global --add safe.directory /opt/***
[2025-06-02T09:20:46.947+0000] {mlops_movie_dag.py:19} INFO - 游릴 [stdout]:

[2025-06-02T09:20:46.947+0000] {mlops_movie_dag.py:12} INFO - 游릱 Running command: git config --global user.email ***@mlops.local
[2025-06-02T09:20:46.959+0000] {mlops_movie_dag.py:19} INFO - 游릴 [stdout]:

[2025-06-02T09:20:46.959+0000] {mlops_movie_dag.py:12} INFO - 游릱 Running command: git config --global user.name Airflow
[2025-06-02T09:20:46.969+0000] {mlops_movie_dag.py:19} INFO - 游릴 [stdout]:

[2025-06-02T09:20:46.969+0000] {mlops_movie_dag.py:12} INFO - 游릱 Running command: dvc add /opt/***/models/hybrid_model.pkl
[2025-06-02T09:21:07.244+0000] {mlops_movie_dag.py:19} INFO - 游릴 [stdout]:

To track the changes with git, run:

	git add models/hybrid_model.pkl.dvc

To enable auto staging, run:

	dvc config core.autostage true

[2025-06-02T09:21:07.245+0000] {mlops_movie_dag.py:12} INFO - 游릱 Running command: dvc add /opt/***/data/processed/hybrid_matrix.csv
[2025-06-02T09:21:30.439+0000] {mlops_movie_dag.py:19} INFO - 游릴 [stdout]:

To track the changes with git, run:

	git add data/processed/hybrid_matrix.csv.dvc

To enable auto staging, run:

	dvc config core.autostage true

[2025-06-02T09:21:30.440+0000] {mlops_movie_dag.py:12} INFO - 游릱 Running command: dvc add /opt/***/data/processed/hybrid_matrix_features.txt
[2025-06-02T09:21:41.140+0000] {mlops_movie_dag.py:19} INFO - 游릴 [stdout]:

To track the changes with git, run:

	git add data/processed/hybrid_matrix_features.txt.dvc

To enable auto staging, run:

	dvc config core.autostage true

[2025-06-02T09:21:41.141+0000] {mlops_movie_dag.py:12} INFO - 游릱 Running command: dvc add /opt/***/models/user_model.pkl
[2025-06-02T09:21:52.362+0000] {mlops_movie_dag.py:19} INFO - 游릴 [stdout]:

To track the changes with git, run:

	git add models/user_model.pkl.dvc

To enable auto staging, run:

	dvc config core.autostage true

[2025-06-02T09:21:52.363+0000] {mlops_movie_dag.py:12} INFO - 游릱 Running command: dvc add /opt/***/data/processed/user_matrix.csv
[2025-06-02T09:22:03.930+0000] {mlops_movie_dag.py:19} INFO - 游릴 [stdout]:

To track the changes with git, run:

	git add data/processed/user_matrix.csv.dvc

To enable auto staging, run:

	dvc config core.autostage true

[2025-06-02T09:22:03.932+0000] {mlops_movie_dag.py:12} INFO - 游릱 Running command: dvc add /opt/***/data/processed/user_matrix_features.txt
[2025-06-02T09:22:14.648+0000] {mlops_movie_dag.py:19} INFO - 游릴 [stdout]:

To track the changes with git, run:

	git add data/processed/user_matrix_features.txt.dvc

To enable auto staging, run:

	dvc config core.autostage true

[2025-06-02T09:22:14.649+0000] {mlops_movie_dag.py:12} INFO - 游릱 Running command: git add /opt/***/models/hybrid_model.pkl.dvc /opt/***/data/processed/hybrid_matrix.csv.dvc /opt/***/data/processed/hybrid_matrix_features.txt.dvc /opt/***/models/user_model.pkl.dvc /opt/***/data/processed/user_matrix.csv.dvc /opt/***/data/processed/user_matrix_features.txt.dvc
[2025-06-02T09:22:14.766+0000] {mlops_movie_dag.py:19} INFO - 游릴 [stdout]:

[2025-06-02T09:22:14.845+0000] {mlops_movie_dag.py:12} INFO - 游릱 Running command: git commit -m Automatisches DVC-Tracking (beide Modelle/Matrizen)
[2025-06-02T09:22:15.638+0000] {mlops_movie_dag.py:19} INFO - 游릴 [stdout]:
[master 236abbf] Automatisches DVC-Tracking (beide Modelle/Matrizen)
 3 files changed, 6 insertions(+), 6 deletions(-)

[2025-06-02T09:22:15.639+0000] {mlops_movie_dag.py:12} INFO - 游릱 Running command: dvc push
[2025-06-02T09:24:16.794+0000] {mlops_movie_dag.py:19} INFO - 游릴 [stdout]:
3 files pushed

[2025-06-02T09:24:16.794+0000] {python.py:201} INFO - Done. Returned value was: None
[2025-06-02T09:24:16.803+0000] {taskinstance.py:1138} INFO - Marking task as SUCCESS. dag_id=movie_recommendation_pipeline, task_id=dvc_add_and_push_all, execution_date=20250602T091601, start_date=20250602T092046, end_date=20250602T092416
[2025-06-02T09:24:16.819+0000] {local_task_job_runner.py:234} INFO - Task exited with return code 0
[2025-06-02T09:24:16.840+0000] {taskinstance.py:3280} INFO - 1 downstream tasks scheduled from follow-on schedule check
