[2025-06-08T20:28:00.359+0000] {taskinstance.py:1956} INFO - Dependencies all met for dep_context=non-requeueable deps ti=<TaskInstance: deep_models_pipeline.train_deep_hybrid_model manual__2025-06-08T20:27:54.241310+00:00 [queued]>
[2025-06-08T20:28:00.365+0000] {taskinstance.py:1956} INFO - Dependencies all met for dep_context=requeueable deps ti=<TaskInstance: deep_models_pipeline.train_deep_hybrid_model manual__2025-06-08T20:27:54.241310+00:00 [queued]>
[2025-06-08T20:28:00.365+0000] {taskinstance.py:2170} INFO - Starting attempt 1 of 3
[2025-06-08T20:28:00.375+0000] {taskinstance.py:2191} INFO - Executing <Task(PythonOperator): train_deep_hybrid_model> on 2025-06-08 20:27:54.241310+00:00
[2025-06-08T20:28:00.381+0000] {standard_task_runner.py:60} INFO - Started process 324 to run task
[2025-06-08T20:28:00.382+0000] {standard_task_runner.py:87} INFO - Running: ['***', 'tasks', 'run', 'deep_models_pipeline', 'train_deep_hybrid_model', 'manual__2025-06-08T20:27:54.241310+00:00', '--job-id', '3402', '--raw', '--subdir', 'DAGS_FOLDER/train_deep_model_dag.py', '--cfg-path', '/tmp/tmpotmpuss8']
[2025-06-08T20:28:00.384+0000] {standard_task_runner.py:88} INFO - Job 3402: Subtask train_deep_hybrid_model
[2025-06-08T20:28:00.414+0000] {task_command.py:423} INFO - Running <TaskInstance: deep_models_pipeline.train_deep_hybrid_model manual__2025-06-08T20:27:54.241310+00:00 [running]> on host 6b572a9ca403
[2025-06-08T20:28:00.467+0000] {taskinstance.py:2480} INFO - Exporting env vars: AIRFLOW_CTX_DAG_OWNER='***' AIRFLOW_CTX_DAG_ID='deep_models_pipeline' AIRFLOW_CTX_TASK_ID='train_deep_hybrid_model' AIRFLOW_CTX_EXECUTION_DATE='2025-06-08T20:27:54.241310+00:00' AIRFLOW_CTX_TRY_NUMBER='1' AIRFLOW_CTX_DAG_RUN_ID='manual__2025-06-08T20:27:54.241310+00:00'
[2025-06-08T20:28:00.468+0000] {train_deep_model_dag.py:13} INFO - 🟦 Running command: python /opt/***/src/models/train_hybrid_deep_model.py --n_neighbors=50 --latent_dim=32 --epochs=80 --tfidf_features=1982
[2025-06-08T20:29:33.738+0000] {train_deep_model_dag.py:20} INFO - 🟩 [stdout]:
🏃 View run train_hybrid_deep_model at: https://dagshub.com/sacer11/MLOps_movie_rec_apr25.mlflow/#/experiments/10/runs/c584f8f45a854994abcfc4512c2c2737
🧪 View experiment at: https://dagshub.com/sacer11/MLOps_movie_rec_apr25.mlflow/#/experiments/10

[2025-06-08T20:29:33.739+0000] {train_deep_model_dag.py:22} WARNING - 🟨 [stderr]:
2025-06-08 20:28:05,051 - __main__ - INFO - 📥 Lade Rohdaten und baue Hybrid-Feature-Matrix ...
2025-06-08 20:28:10,256 - __main__ - INFO - 📐 Hybrid-Matrix erstellt mit Shape: (10381, 3111), Feature-Namen: 3111
2025-06-08 20:28:23,935 - __main__ - INFO - 💾 Hybrid-Matrix gespeichert unter /opt/***/data/processed/hybrid_matrix.csv
2025-06-08 20:28:24,129 - __main__ - INFO - 🚀 Starte Training Autoencoder ...
2025-06-08 20:28:25,481 - __main__ - INFO - Epoch 1/80: Loss = 0.0064
2025-06-08 20:28:25,954 - __main__ - INFO - Epoch 2/80: Loss = 0.0040
2025-06-08 20:28:26,429 - __main__ - INFO - Epoch 3/80: Loss = 0.0034
2025-06-08 20:28:26,889 - __main__ - INFO - Epoch 4/80: Loss = 0.0031
2025-06-08 20:28:27,352 - __main__ - INFO - Epoch 5/80: Loss = 0.0030
2025-06-08 20:28:27,812 - __main__ - INFO - Epoch 6/80: Loss = 0.0029
2025-06-08 20:28:28,247 - __main__ - INFO - Epoch 7/80: Loss = 0.0028
2025-06-08 20:28:28,699 - __main__ - INFO - Epoch 8/80: Loss = 0.0027
2025-06-08 20:28:29,152 - __main__ - INFO - Epoch 9/80: Loss = 0.0027
2025-06-08 20:28:29,596 - __main__ - INFO - Epoch 10/80: Loss = 0.0026
2025-06-08 20:28:30,034 - __main__ - INFO - Epoch 11/80: Loss = 0.0026
2025-06-08 20:28:30,477 - __main__ - INFO - Epoch 12/80: Loss = 0.0026
2025-06-08 20:28:30,924 - __main__ - INFO - Epoch 13/80: Loss = 0.0025
2025-06-08 20:28:31,404 - __main__ - INFO - Epoch 14/80: Loss = 0.0025
2025-06-08 20:28:31,870 - __main__ - INFO - Epoch 15/80: Loss = 0.0025
2025-06-08 20:28:32,380 - __main__ - INFO - Epoch 16/80: Loss = 0.0025
2025-06-08 20:28:32,881 - __main__ - INFO - Epoch 17/80: Loss = 0.0025
2025-06-08 20:28:33,323 - __main__ - INFO - Epoch 18/80: Loss = 0.0025
2025-06-08 20:28:33,763 - __main__ - INFO - Epoch 19/80: Loss = 0.0025
2025-06-08 20:28:34,214 - __main__ - INFO - Epoch 20/80: Loss = 0.0024
2025-06-08 20:28:34,642 - __main__ - INFO - Epoch 21/80: Loss = 0.0024
2025-06-08 20:28:35,101 - __main__ - INFO - Epoch 22/80: Loss = 0.0024
2025-06-08 20:28:35,577 - __main__ - INFO - Epoch 23/80: Loss = 0.0024
2025-06-08 20:28:36,057 - __main__ - INFO - Epoch 24/80: Loss = 0.0024
2025-06-08 20:28:36,526 - __main__ - INFO - Epoch 25/80: Loss = 0.0024
2025-06-08 20:28:37,027 - __main__ - INFO - Epoch 26/80: Loss = 0.0024
2025-06-08 20:28:37,488 - __main__ - INFO - Epoch 27/80: Loss = 0.0024
2025-06-08 20:28:37,939 - __main__ - INFO - Epoch 28/80: Loss = 0.0024
2025-06-08 20:28:38,372 - __main__ - INFO - Epoch 29/80: Loss = 0.0024
2025-06-08 20:28:38,836 - __main__ - INFO - Epoch 30/80: Loss = 0.0024
2025-06-08 20:28:39,293 - __main__ - INFO - Epoch 31/80: Loss = 0.0023
2025-06-08 20:28:39,758 - __main__ - INFO - Epoch 32/80: Loss = 0.0023
2025-06-08 20:28:40,224 - __main__ - INFO - Epoch 33/80: Loss = 0.0023
2025-06-08 20:28:40,797 - __main__ - INFO - Epoch 34/80: Loss = 0.0023
2025-06-08 20:28:41,260 - __main__ - INFO - Epoch 35/80: Loss = 0.0023
2025-06-08 20:28:41,781 - __main__ - INFO - Epoch 36/80: Loss = 0.0023
2025-06-08 20:28:42,266 - __main__ - INFO - Epoch 37/80: Loss = 0.0023
2025-06-08 20:28:42,670 - __main__ - INFO - Epoch 38/80: Loss = 0.0023
2025-06-08 20:28:43,122 - __main__ - INFO - Epoch 39/80: Loss = 0.0023
2025-06-08 20:28:43,573 - __main__ - INFO - Epoch 40/80: Loss = 0.0023
2025-06-08 20:28:44,018 - __main__ - INFO - Epoch 41/80: Loss = 0.0023
2025-06-08 20:28:44,457 - __main__ - INFO - Epoch 42/80: Loss = 0.0023
2025-06-08 20:28:44,901 - __main__ - INFO - Epoch 43/80: Loss = 0.0023
2025-06-08 20:28:45,365 - __main__ - INFO - Epoch 44/80: Loss = 0.0023
2025-06-08 20:28:45,852 - __main__ - INFO - Epoch 45/80: Loss = 0.0023
2025-06-08 20:28:46,348 - __main__ - INFO - Epoch 46/80: Loss = 0.0023
2025-06-08 20:28:46,831 - __main__ - INFO - Epoch 47/80: Loss = 0.0023
2025-06-08 20:28:47,255 - __main__ - INFO - Epoch 48/80: Loss = 0.0023
2025-06-08 20:28:47,700 - __main__ - INFO - Epoch 49/80: Loss = 0.0023
2025-06-08 20:28:48,138 - __main__ - INFO - Epoch 50/80: Loss = 0.0022
2025-06-08 20:28:48,577 - __main__ - INFO - Epoch 51/80: Loss = 0.0022
2025-06-08 20:28:48,992 - __main__ - INFO - Epoch 52/80: Loss = 0.0022
2025-06-08 20:28:49,452 - __main__ - INFO - Epoch 53/80: Loss = 0.0022
2025-06-08 20:28:49,909 - __main__ - INFO - Epoch 54/80: Loss = 0.0022
2025-06-08 20:28:50,395 - __main__ - INFO - Epoch 55/80: Loss = 0.0022
2025-06-08 20:28:50,913 - __main__ - INFO - Epoch 56/80: Loss = 0.0022
2025-06-08 20:28:51,356 - __main__ - INFO - Epoch 57/80: Loss = 0.0022
2025-06-08 20:28:51,790 - __main__ - INFO - Epoch 58/80: Loss = 0.0022
2025-06-08 20:28:52,229 - __main__ - INFO - Epoch 59/80: Loss = 0.0022
2025-06-08 20:28:52,693 - __main__ - INFO - Epoch 60/80: Loss = 0.0022
2025-06-08 20:28:53,147 - __main__ - INFO - Epoch 61/80: Loss = 0.0022
2025-06-08 20:28:53,598 - __main__ - INFO - Epoch 62/80: Loss = 0.0022
2025-06-08 20:28:54,052 - __main__ - INFO - Epoch 63/80: Loss = 0.0022
2025-06-08 20:28:54,528 - __main__ - INFO - Epoch 64/80: Loss = 0.0022
2025-06-08 20:28:54,990 - __main__ - INFO - Epoch 65/80: Loss = 0.0022
2025-06-08 20:28:55,492 - __main__ - INFO - Epoch 66/80: Loss = 0.0022
2025-06-08 20:28:55,921 - __main__ - INFO - Epoch 67/80: Loss = 0.0022
2025-06-08 20:28:56,360 - __main__ - INFO - Epoch 68/80: Loss = 0.0022
2025-06-08 20:28:56,823 - __main__ - INFO - Epoch 69/80: Loss = 0.0022
2025-06-08 20:28:57,267 - __main__ - INFO - Epoch 70/80: Loss = 0.0022
2025-06-08 20:28:57,704 - __main__ - INFO - Epoch 71/80: Loss = 0.0022
2025-06-08 20:28:58,154 - __main__ - INFO - Epoch 72/80: Loss = 0.0022
2025-06-08 20:28:58,611 - __main__ - INFO - Epoch 73/80: Loss = 0.0022
2025-06-08 20:28:59,095 - __main__ - INFO - Epoch 74/80: Loss = 0.0022
2025-06-08 20:28:59,627 - __main__ - INFO - Epoch 75/80: Loss = 0.0022
2025-06-08 20:29:00,102 - __main__ - INFO - Epoch 76/80: Loss = 0.0022
2025-06-08 20:29:00,572 - __main__ - INFO - Epoch 77/80: Loss = 0.0022
2025-06-08 20:29:01,040 - __main__ - INFO - Epoch 78/80: Loss = 0.0022
2025-06-08 20:29:01,482 - __main__ - INFO - Epoch 79/80: Loss = 0.0022
2025-06-08 20:29:01,924 - __main__ - INFO - Epoch 80/80: Loss = 0.0022
2025-06-08 20:29:02,172 - __main__ - INFO - ✅ Hybrid-Embeddings gespeichert unter /opt/***/data/processed/hybrid_deep_embedding.csv
2025-06-08 20:29:02,172 - __main__ - INFO - ✅ Hybrid-Embeddings gespeichert unter /opt/***/data/processed/hybrid_deep_embedding.csv
2025-06-08 20:29:02,183 - __main__ - INFO - ✅ Deep KNN Modell gespeichert unter /opt/***/models/hybrid_deep_knn.pkl
2025/06/08 20:29:07 INFO mlflow.pyfunc: Validating input example against model signature

Downloading artifacts:   0%|          | 0/1 [00:00<?, ?it/s]
Downloading artifacts: 100%|██████████| 1/1 [00:00<00:00, 76.33it/s]
Downloading artifacts: 100%|██████████| 1/1 [00:00<00:00, 75.21it/s]
Registered model 'hybrid_deep_model' already exists. Creating a new version of this model...
2025/06/08 20:29:17 INFO mlflow.store.model_registry.abstract_store: Waiting up to 300 seconds for model version to finish creation. Model name: hybrid_deep_model, version 41
Created version '41' of model 'hybrid_deep_model'.
2025-06-08 20:29:30,503 - __main__ - INFO - 📝 Tags für Modellversion 41 gesetzt: n_neighbors=50, latent_dim=32, tfidf_features=1982, epochs=80
2025-06-08 20:29:32,534 - __main__ - INFO - 🏁 Deep Hybrid-Model Training abgeschlossen und geloggt.

[2025-06-08T20:29:33.740+0000] {python.py:201} INFO - Done. Returned value was: None
[2025-06-08T20:29:33.749+0000] {taskinstance.py:1138} INFO - Marking task as SUCCESS. dag_id=deep_models_pipeline, task_id=train_deep_hybrid_model, execution_date=20250608T202754, start_date=20250608T202800, end_date=20250608T202933
[2025-06-08T20:29:33.793+0000] {local_task_job_runner.py:234} INFO - Task exited with return code 0
[2025-06-08T20:29:33.812+0000] {taskinstance.py:3280} INFO - 1 downstream tasks scheduled from follow-on schedule check
