[2025-06-08T18:11:49.267+0000] {taskinstance.py:1956} INFO - Dependencies all met for dep_context=non-requeueable deps ti=<TaskInstance: deep_models_pipeline.train_deep_hybrid_model manual__2025-06-08T18:11:44.273052+00:00 [queued]>
[2025-06-08T18:11:49.275+0000] {taskinstance.py:1956} INFO - Dependencies all met for dep_context=requeueable deps ti=<TaskInstance: deep_models_pipeline.train_deep_hybrid_model manual__2025-06-08T18:11:44.273052+00:00 [queued]>
[2025-06-08T18:11:49.276+0000] {taskinstance.py:2170} INFO - Starting attempt 1 of 3
[2025-06-08T18:11:49.288+0000] {taskinstance.py:2191} INFO - Executing <Task(PythonOperator): train_deep_hybrid_model> on 2025-06-08 18:11:44.273052+00:00
[2025-06-08T18:11:49.294+0000] {standard_task_runner.py:60} INFO - Started process 314 to run task
[2025-06-08T18:11:49.296+0000] {standard_task_runner.py:87} INFO - Running: ['***', 'tasks', 'run', 'deep_models_pipeline', 'train_deep_hybrid_model', 'manual__2025-06-08T18:11:44.273052+00:00', '--job-id', '3343', '--raw', '--subdir', 'DAGS_FOLDER/train_deep_model_dag.py', '--cfg-path', '/tmp/tmp48z61_rg']
[2025-06-08T18:11:49.298+0000] {standard_task_runner.py:88} INFO - Job 3343: Subtask train_deep_hybrid_model
[2025-06-08T18:11:49.361+0000] {task_command.py:423} INFO - Running <TaskInstance: deep_models_pipeline.train_deep_hybrid_model manual__2025-06-08T18:11:44.273052+00:00 [running]> on host eeacddf3aa47
[2025-06-08T18:11:49.443+0000] {taskinstance.py:2480} INFO - Exporting env vars: AIRFLOW_CTX_DAG_OWNER='***' AIRFLOW_CTX_DAG_ID='deep_models_pipeline' AIRFLOW_CTX_TASK_ID='train_deep_hybrid_model' AIRFLOW_CTX_EXECUTION_DATE='2025-06-08T18:11:44.273052+00:00' AIRFLOW_CTX_TRY_NUMBER='1' AIRFLOW_CTX_DAG_RUN_ID='manual__2025-06-08T18:11:44.273052+00:00'
[2025-06-08T18:11:49.445+0000] {train_deep_model_dag.py:13} INFO - 🟦 Running command: python /opt/***/src/models/train_hybrid_deep_model.py --n_neighbors=15 --latent_dim=32 --epochs=30 --tfidf_features=300
[2025-06-08T18:12:48.231+0000] {train_deep_model_dag.py:20} INFO - 🟩 [stdout]:
🏃 View run train_hybrid_deep_model at: https://dagshub.com/sacer11/MLOps_movie_rec_apr25.mlflow/#/experiments/10/runs/19a76f880de345048c21cbf8093f933b
🧪 View experiment at: https://dagshub.com/sacer11/MLOps_movie_rec_apr25.mlflow/#/experiments/10

[2025-06-08T18:12:48.232+0000] {train_deep_model_dag.py:22} WARNING - 🟨 [stderr]:
2025-06-08 18:11:53,988 - __main__ - INFO - 📥 Lade Rohdaten und baue Hybrid-Feature-Matrix ...
2025-06-08 18:11:58,857 - __main__ - INFO - 📐 Hybrid-Matrix erstellt mit Shape: (10381, 1429), Feature-Namen: 1429
2025-06-08 18:12:08,379 - __main__ - INFO - 💾 Hybrid-Matrix gespeichert unter /opt/***/data/processed/hybrid_matrix.csv
2025-06-08 18:12:08,466 - __main__ - INFO - 🚀 Starte Training Autoencoder ...
2025-06-08 18:12:09,499 - __main__ - INFO - Epoch 1/30: Loss = 0.0122
2025-06-08 18:12:09,731 - __main__ - INFO - Epoch 2/30: Loss = 0.0072
2025-06-08 18:12:09,984 - __main__ - INFO - Epoch 3/30: Loss = 0.0062
2025-06-08 18:12:10,240 - __main__ - INFO - Epoch 4/30: Loss = 0.0057
2025-06-08 18:12:10,484 - __main__ - INFO - Epoch 5/30: Loss = 0.0055
2025-06-08 18:12:10,716 - __main__ - INFO - Epoch 6/30: Loss = 0.0053
2025-06-08 18:12:10,989 - __main__ - INFO - Epoch 7/30: Loss = 0.0051
2025-06-08 18:12:11,220 - __main__ - INFO - Epoch 8/30: Loss = 0.0050
2025-06-08 18:12:11,454 - __main__ - INFO - Epoch 9/30: Loss = 0.0050
2025-06-08 18:12:11,688 - __main__ - INFO - Epoch 10/30: Loss = 0.0049
2025-06-08 18:12:11,941 - __main__ - INFO - Epoch 11/30: Loss = 0.0048
2025-06-08 18:12:12,177 - __main__ - INFO - Epoch 12/30: Loss = 0.0048
2025-06-08 18:12:12,408 - __main__ - INFO - Epoch 13/30: Loss = 0.0048
2025-06-08 18:12:12,642 - __main__ - INFO - Epoch 14/30: Loss = 0.0047
2025-06-08 18:12:12,880 - __main__ - INFO - Epoch 15/30: Loss = 0.0047
2025-06-08 18:12:13,112 - __main__ - INFO - Epoch 16/30: Loss = 0.0046
2025-06-08 18:12:13,366 - __main__ - INFO - Epoch 17/30: Loss = 0.0046
2025-06-08 18:12:13,611 - __main__ - INFO - Epoch 18/30: Loss = 0.0046
2025-06-08 18:12:13,857 - __main__ - INFO - Epoch 19/30: Loss = 0.0046
2025-06-08 18:12:14,106 - __main__ - INFO - Epoch 20/30: Loss = 0.0045
2025-06-08 18:12:14,337 - __main__ - INFO - Epoch 21/30: Loss = 0.0045
2025-06-08 18:12:14,593 - __main__ - INFO - Epoch 22/30: Loss = 0.0045
2025-06-08 18:12:14,845 - __main__ - INFO - Epoch 23/30: Loss = 0.0045
2025-06-08 18:12:15,073 - __main__ - INFO - Epoch 24/30: Loss = 0.0045
2025-06-08 18:12:15,312 - __main__ - INFO - Epoch 25/30: Loss = 0.0044
2025-06-08 18:12:15,563 - __main__ - INFO - Epoch 26/30: Loss = 0.0044
2025-06-08 18:12:15,816 - __main__ - INFO - Epoch 27/30: Loss = 0.0044
2025-06-08 18:12:16,022 - __main__ - INFO - Epoch 28/30: Loss = 0.0044
2025-06-08 18:12:16,262 - __main__ - INFO - Epoch 29/30: Loss = 0.0044
2025-06-08 18:12:16,506 - __main__ - INFO - Epoch 30/30: Loss = 0.0044
2025-06-08 18:12:16,728 - __main__ - INFO - ✅ Hybrid-Embeddings gespeichert unter /opt/***/data/processed/hybrid_deep_embedding.csv
2025-06-08 18:12:16,729 - __main__ - INFO - ✅ Hybrid-Embeddings gespeichert unter /opt/***/data/processed/hybrid_deep_embedding.csv
2025-06-08 18:12:16,739 - __main__ - INFO - ✅ Deep KNN Modell gespeichert unter /opt/***/models/hybrid_deep_knn.pkl
2025/06/08 18:12:21 INFO mlflow.pyfunc: Validating input example against model signature

Downloading artifacts:   0%|          | 0/1 [00:00<?, ?it/s]
Downloading artifacts: 100%|██████████| 1/1 [00:00<00:00, 88.10it/s]
Downloading artifacts: 100%|██████████| 1/1 [00:00<00:00, 86.25it/s]
Registered model 'hybrid_deep_model' already exists. Creating a new version of this model...
2025/06/08 18:12:32 INFO mlflow.store.model_registry.abstract_store: Waiting up to 300 seconds for model version to finish creation. Model name: hybrid_deep_model, version 35
Created version '35' of model 'hybrid_deep_model'.
2025-06-08 18:12:45,090 - __main__ - INFO - 📝 Tags für Modellversion 35 gesetzt: n_neighbors=15, latent_dim=32, tfidf_features=300, epochs=30
2025-06-08 18:12:47,091 - __main__ - INFO - 🏁 Deep Hybrid-Model Training abgeschlossen und geloggt.

[2025-06-08T18:12:48.233+0000] {python.py:201} INFO - Done. Returned value was: None
[2025-06-08T18:12:48.242+0000] {taskinstance.py:1138} INFO - Marking task as SUCCESS. dag_id=deep_models_pipeline, task_id=train_deep_hybrid_model, execution_date=20250608T181144, start_date=20250608T181149, end_date=20250608T181248
[2025-06-08T18:12:48.261+0000] {local_task_job_runner.py:234} INFO - Task exited with return code 0
[2025-06-08T18:12:48.281+0000] {taskinstance.py:3280} INFO - 1 downstream tasks scheduled from follow-on schedule check
