[2025-06-08T17:37:19.053+0000] {taskinstance.py:1956} INFO - Dependencies all met for dep_context=non-requeueable deps ti=<TaskInstance: deep_models_pipeline.import_raw_data manual__2025-06-08T17:37:17.982665+00:00 [queued]>
[2025-06-08T17:37:19.059+0000] {taskinstance.py:1956} INFO - Dependencies all met for dep_context=requeueable deps ti=<TaskInstance: deep_models_pipeline.import_raw_data manual__2025-06-08T17:37:17.982665+00:00 [queued]>
[2025-06-08T17:37:19.059+0000] {taskinstance.py:2170} INFO - Starting attempt 1 of 3
[2025-06-08T17:37:19.069+0000] {taskinstance.py:2191} INFO - Executing <Task(PythonOperator): import_raw_data> on 2025-06-08 17:37:17.982665+00:00
[2025-06-08T17:37:19.075+0000] {standard_task_runner.py:60} INFO - Started process 275 to run task
[2025-06-08T17:37:19.078+0000] {standard_task_runner.py:87} INFO - Running: ['***', 'tasks', 'run', 'deep_models_pipeline', 'import_raw_data', 'manual__2025-06-08T17:37:17.982665+00:00', '--job-id', '3328', '--raw', '--subdir', 'DAGS_FOLDER/train_deep_model_dag.py', '--cfg-path', '/tmp/tmprbthnjzb']
[2025-06-08T17:37:19.080+0000] {standard_task_runner.py:88} INFO - Job 3328: Subtask import_raw_data
[2025-06-08T17:37:19.122+0000] {task_command.py:423} INFO - Running <TaskInstance: deep_models_pipeline.import_raw_data manual__2025-06-08T17:37:17.982665+00:00 [running]> on host 9152d52193ac
[2025-06-08T17:37:19.185+0000] {taskinstance.py:2480} INFO - Exporting env vars: AIRFLOW_CTX_DAG_OWNER='***' AIRFLOW_CTX_DAG_ID='deep_models_pipeline' AIRFLOW_CTX_TASK_ID='import_raw_data' AIRFLOW_CTX_EXECUTION_DATE='2025-06-08T17:37:17.982665+00:00' AIRFLOW_CTX_TRY_NUMBER='1' AIRFLOW_CTX_DAG_RUN_ID='manual__2025-06-08T17:37:17.982665+00:00'
[2025-06-08T17:37:19.186+0000] {train_deep_model_dag.py:13} INFO - 🟦 Running command: python /opt/***/src/data/import_raw_data.py
[2025-06-08T17:37:19.399+0000] {train_deep_model_dag.py:20} INFO - 🟩 [stdout]:

[2025-06-08T17:37:19.400+0000] {train_deep_model_dag.py:22} WARNING - 🟨 [stderr]:
2025-06-08 17:37:19,379 - root - INFO - ✅ Datei bereits vorhanden, überspringe: genome-scores.csv
2025-06-08 17:37:19,380 - root - INFO - ✅ Datei bereits vorhanden, überspringe: genome-tags.csv
2025-06-08 17:37:19,381 - root - INFO - ✅ Datei bereits vorhanden, überspringe: links.csv
2025-06-08 17:37:19,382 - root - INFO - ✅ Datei bereits vorhanden, überspringe: movies.csv
2025-06-08 17:37:19,384 - root - INFO - ✅ Datei bereits vorhanden, überspringe: ratings.csv
2025-06-08 17:37:19,385 - root - INFO - ✅ Datei bereits vorhanden, überspringe: README.txt
2025-06-08 17:37:19,386 - root - INFO - ✅ Datei bereits vorhanden, überspringe: tags.csv
2025-06-08 17:37:19,386 - root - INFO - ✅ Rohdatenprüfung abgeschlossen.

[2025-06-08T17:37:19.400+0000] {python.py:201} INFO - Done. Returned value was: None
[2025-06-08T17:37:19.408+0000] {taskinstance.py:1138} INFO - Marking task as SUCCESS. dag_id=deep_models_pipeline, task_id=import_raw_data, execution_date=20250608T173717, start_date=20250608T173719, end_date=20250608T173719
[2025-06-08T17:37:19.451+0000] {local_task_job_runner.py:234} INFO - Task exited with return code 0
[2025-06-08T17:37:19.471+0000] {taskinstance.py:3280} INFO - 1 downstream tasks scheduled from follow-on schedule check
