[2025-06-12T06:00:17.469+0000] {taskinstance.py:1956} INFO - Dependencies all met for dep_context=non-requeueable deps ti=<TaskInstance: bento_api_pipeline.bento_predict manual__2025-06-12T05:53:50.804694+00:00 [queued]>
[2025-06-12T06:00:17.476+0000] {taskinstance.py:1956} INFO - Dependencies all met for dep_context=requeueable deps ti=<TaskInstance: bento_api_pipeline.bento_predict manual__2025-06-12T05:53:50.804694+00:00 [queued]>
[2025-06-12T06:00:17.476+0000] {taskinstance.py:2170} INFO - Starting attempt 1 of 3
[2025-06-12T06:00:17.484+0000] {taskinstance.py:2191} INFO - Executing <Task(PythonOperator): bento_predict> on 2025-06-12 05:53:50.804694+00:00
[2025-06-12T06:00:17.492+0000] {standard_task_runner.py:60} INFO - Started process 233 to run task
[2025-06-12T06:00:17.493+0000] {standard_task_runner.py:87} INFO - Running: ['***', 'tasks', 'run', 'bento_api_pipeline', 'bento_predict', 'manual__2025-06-12T05:53:50.804694+00:00', '--job-id', '8', '--raw', '--subdir', 'DAGS_FOLDER/bento_api_pipeline.py', '--cfg-path', '/tmp/tmpcyqktdzw']
[2025-06-12T06:00:17.495+0000] {standard_task_runner.py:88} INFO - Job 8: Subtask bento_predict
[2025-06-12T06:00:17.527+0000] {task_command.py:423} INFO - Running <TaskInstance: bento_api_pipeline.bento_predict manual__2025-06-12T05:53:50.804694+00:00 [running]> on host 9ea9f0f7565b
[2025-06-12T06:00:17.573+0000] {taskinstance.py:2480} INFO - Exporting env vars: AIRFLOW_CTX_DAG_OWNER='***' AIRFLOW_CTX_DAG_ID='bento_api_pipeline' AIRFLOW_CTX_TASK_ID='bento_predict' AIRFLOW_CTX_EXECUTION_DATE='2025-06-12T05:53:50.804694+00:00' AIRFLOW_CTX_TRY_NUMBER='1' AIRFLOW_CTX_DAG_RUN_ID='manual__2025-06-12T05:53:50.804694+00:00'
[2025-06-12T06:00:22.259+0000] {local_task_job_runner.py:121} ERROR - Received SIGTERM. Terminating subprocesses
[2025-06-12T06:00:22.262+0000] {process_utils.py:131} INFO - Sending 15 to group 233. PIDs of all processes in the group: [233]
[2025-06-12T06:00:22.270+0000] {process_utils.py:86} INFO - Sending the signal 15 to group 233
[2025-06-12T06:00:22.283+0000] {taskinstance.py:2450} ERROR - Received SIGTERM. Terminating subprocesses.
[2025-06-12T06:00:22.287+0000] {bento_api_pipeline.py:100} ERROR - Fehler im Prediction-Call: Task received SIGTERM signal
[2025-06-12T06:00:22.301+0000] {taskinstance.py:2698} ERROR - Task failed with exception
Traceback (most recent call last):
  File "/home/airflow/.local/lib/python3.10/site-packages/airflow/models/taskinstance.py", line 433, in _execute_task
    result = execute_callable(context=context, **execute_callable_kwargs)
  File "/home/airflow/.local/lib/python3.10/site-packages/airflow/operators/python.py", line 199, in execute
    return_value = self.execute_callable()
  File "/home/airflow/.local/lib/python3.10/site-packages/airflow/operators/python.py", line 216, in execute_callable
    return self.python_callable(*self.op_args, **self.op_kwargs)
  File "/opt/airflow/dags/bento_api_pipeline.py", line 92, in trigger_bento_prediction
    resp = requests.post(url, json={})
  File "/home/airflow/.local/lib/python3.10/site-packages/requests/api.py", line 115, in post
    return request("post", url, data=data, json=json, **kwargs)
  File "/home/airflow/.local/lib/python3.10/site-packages/requests/api.py", line 59, in request
    return session.request(method=method, url=url, **kwargs)
  File "/home/airflow/.local/lib/python3.10/site-packages/requests/sessions.py", line 589, in request
    resp = self.send(prep, **send_kwargs)
  File "/home/airflow/.local/lib/python3.10/site-packages/requests/sessions.py", line 703, in send
    r = adapter.send(request, **kwargs)
  File "/home/airflow/.local/lib/python3.10/site-packages/requests/adapters.py", line 667, in send
    resp = conn.urlopen(
  File "/home/airflow/.local/lib/python3.10/site-packages/urllib3/connectionpool.py", line 791, in urlopen
    response = self._make_request(
  File "/home/airflow/.local/lib/python3.10/site-packages/urllib3/connectionpool.py", line 537, in _make_request
    response = conn.getresponse()
  File "/home/airflow/.local/lib/python3.10/site-packages/urllib3/connection.py", line 461, in getresponse
    httplib_response = super().getresponse()
  File "/usr/local/lib/python3.10/http/client.py", line 1375, in getresponse
    response.begin()
  File "/usr/local/lib/python3.10/http/client.py", line 318, in begin
    version, status, reason = self._read_status()
  File "/usr/local/lib/python3.10/http/client.py", line 279, in _read_status
    line = str(self.fp.readline(_MAXLINE + 1), "iso-8859-1")
  File "/usr/local/lib/python3.10/socket.py", line 705, in readinto
    return self._sock.recv_into(b)
  File "/home/airflow/.local/lib/python3.10/site-packages/airflow/models/taskinstance.py", line 2452, in signal_handler
    raise AirflowException("Task received SIGTERM signal")
airflow.exceptions.AirflowException: Task received SIGTERM signal
[2025-06-12T06:00:22.314+0000] {taskinstance.py:1138} INFO - Marking task as UP_FOR_RETRY. dag_id=bento_api_pipeline, task_id=bento_predict, execution_date=20250612T055350, start_date=20250612T060017, end_date=20250612T060022
[2025-06-12T06:00:22.331+0000] {standard_task_runner.py:107} ERROR - Failed to execute job 8 for task bento_predict (Task received SIGTERM signal; 233)
[2025-06-12T06:00:22.372+0000] {process_utils.py:79} INFO - Process psutil.Process(pid=233, status='terminated', exitcode=1, started='06:00:16') (233) terminated with exit code 1
[2025-06-12T06:00:22.374+0000] {local_task_job_runner.py:234} INFO - Task exited with return code 143
[2025-06-12T06:00:22.390+0000] {taskinstance.py:3280} INFO - 0 downstream tasks scheduled from follow-on schedule check
