[2025-06-02T01:31:04.351+0000] {taskinstance.py:1956} INFO - Dependencies all met for dep_context=non-requeueable deps ti=<TaskInstance: movie_recommendation_pipeline.cleanup_hybrid manual__2025-06-02T01:29:12.624195+00:00 [queued]>
[2025-06-02T01:31:04.358+0000] {taskinstance.py:1956} INFO - Dependencies all met for dep_context=requeueable deps ti=<TaskInstance: movie_recommendation_pipeline.cleanup_hybrid manual__2025-06-02T01:29:12.624195+00:00 [queued]>
[2025-06-02T01:31:04.358+0000] {taskinstance.py:2170} INFO - Starting attempt 2 of 3
[2025-06-02T01:31:04.369+0000] {taskinstance.py:2191} INFO - Executing <Task(PythonOperator): cleanup_hybrid> on 2025-06-02 01:29:12.624195+00:00
[2025-06-02T01:31:04.376+0000] {standard_task_runner.py:60} INFO - Started process 365 to run task
[2025-06-02T01:31:04.378+0000] {standard_task_runner.py:87} INFO - Running: ['***', 'tasks', 'run', 'movie_recommendation_pipeline', 'cleanup_hybrid', 'manual__2025-06-02T01:29:12.624195+00:00', '--job-id', '1365', '--raw', '--subdir', 'DAGS_FOLDER/mlops_movie_dag.py', '--cfg-path', '/tmp/tmplahbbfq4']
[2025-06-02T01:31:04.379+0000] {standard_task_runner.py:88} INFO - Job 1365: Subtask cleanup_hybrid
[2025-06-02T01:31:04.435+0000] {task_command.py:423} INFO - Running <TaskInstance: movie_recommendation_pipeline.cleanup_hybrid manual__2025-06-02T01:29:12.624195+00:00 [running]> on host fdfd23e6b307
[2025-06-02T01:31:04.538+0000] {taskinstance.py:2480} INFO - Exporting env vars: AIRFLOW_CTX_DAG_OWNER='***' AIRFLOW_CTX_DAG_ID='movie_recommendation_pipeline' AIRFLOW_CTX_TASK_ID='cleanup_hybrid' AIRFLOW_CTX_EXECUTION_DATE='2025-06-02T01:29:12.624195+00:00' AIRFLOW_CTX_TRY_NUMBER='2' AIRFLOW_CTX_DAG_RUN_ID='manual__2025-06-02T01:29:12.624195+00:00'
[2025-06-02T01:31:04.541+0000] {mlops_movie_dag.py:12} INFO - 🟦 Running command: dvc remove /opt/***/models/hybrid_model.pkl.dvc
[2025-06-02T01:31:05.116+0000] {mlops_movie_dag.py:18} INFO - 🟩 [stdout]:

[2025-06-02T01:31:05.117+0000] {mlops_movie_dag.py:20} WARNING - 🟨 [stderr]:
ERROR: '/opt/***/models/hybrid_model.pkl.dvc' does not exist

[2025-06-02T01:31:05.118+0000] {mlops_movie_dag.py:22} ERROR - ❌ Subprozess-Fehler (exit code 1): dvc remove /opt/***/models/hybrid_model.pkl.dvc
[2025-06-02T01:31:05.119+0000] {mlops_movie_dag.py:25} ERROR - ❌ Subprozess-Ausnahme: Command '['dvc', 'remove', '/opt/***/models/hybrid_model.pkl.dvc']' returned non-zero exit status 1.
[2025-06-02T01:31:05.120+0000] {taskinstance.py:2698} ERROR - Task failed with exception
Traceback (most recent call last):
  File "/home/airflow/.local/lib/python3.10/site-packages/airflow/models/taskinstance.py", line 433, in _execute_task
    result = execute_callable(context=context, **execute_callable_kwargs)
  File "/home/airflow/.local/lib/python3.10/site-packages/airflow/operators/python.py", line 199, in execute
    return_value = self.execute_callable()
  File "/home/airflow/.local/lib/python3.10/site-packages/airflow/operators/python.py", line 216, in execute_callable
    return self.python_callable(*self.op_args, **self.op_kwargs)
  File "/opt/airflow/dags/mlops_movie_dag.py", line 47, in cleanup_hybrid
    cleanup_dvc_artifacts(artifacts)
  File "/opt/airflow/dags/mlops_movie_dag.py", line 39, in cleanup_dvc_artifacts
    run_and_log(["dvc", "remove", dvc_file])
  File "/opt/airflow/dags/mlops_movie_dag.py", line 23, in run_and_log
    raise subprocess.CalledProcessError(result.returncode, command)
subprocess.CalledProcessError: Command '['dvc', 'remove', '/opt/airflow/models/hybrid_model.pkl.dvc']' returned non-zero exit status 1.
[2025-06-02T01:31:05.131+0000] {taskinstance.py:1138} INFO - Marking task as UP_FOR_RETRY. dag_id=movie_recommendation_pipeline, task_id=cleanup_hybrid, execution_date=20250602T012912, start_date=20250602T013104, end_date=20250602T013105
[2025-06-02T01:31:05.140+0000] {standard_task_runner.py:107} ERROR - Failed to execute job 1365 for task cleanup_hybrid (Command '['dvc', 'remove', '/opt/airflow/models/hybrid_model.pkl.dvc']' returned non-zero exit status 1.; 365)
[2025-06-02T01:31:05.153+0000] {local_task_job_runner.py:234} INFO - Task exited with return code 1
[2025-06-02T01:31:05.173+0000] {taskinstance.py:3280} INFO - 0 downstream tasks scheduled from follow-on schedule check
