[2025-06-05T21:15:56.165+0000] {taskinstance.py:1956} INFO - Dependencies all met for dep_context=non-requeueable deps ti=<TaskInstance: deep_models_pipeline.import_raw_data manual__2025-06-05T21:15:55.562459+00:00 [queued]>
[2025-06-05T21:15:56.174+0000] {taskinstance.py:1956} INFO - Dependencies all met for dep_context=requeueable deps ti=<TaskInstance: deep_models_pipeline.import_raw_data manual__2025-06-05T21:15:55.562459+00:00 [queued]>
[2025-06-05T21:15:56.175+0000] {taskinstance.py:2170} INFO - Starting attempt 1 of 3
[2025-06-05T21:15:56.186+0000] {taskinstance.py:2191} INFO - Executing <Task(PythonOperator): import_raw_data> on 2025-06-05 21:15:55.562459+00:00
[2025-06-05T21:15:56.193+0000] {standard_task_runner.py:60} INFO - Started process 4138 to run task
[2025-06-05T21:15:56.196+0000] {standard_task_runner.py:87} INFO - Running: ['***', 'tasks', 'run', 'deep_models_pipeline', 'import_raw_data', 'manual__2025-06-05T21:15:55.562459+00:00', '--job-id', '2015', '--raw', '--subdir', 'DAGS_FOLDER/train_deep_model_dag.py', '--cfg-path', '/tmp/tmp22imqqng']
[2025-06-05T21:15:56.197+0000] {standard_task_runner.py:88} INFO - Job 2015: Subtask import_raw_data
[2025-06-05T21:15:56.232+0000] {task_command.py:423} INFO - Running <TaskInstance: deep_models_pipeline.import_raw_data manual__2025-06-05T21:15:55.562459+00:00 [running]> on host 3f2696f940ac
[2025-06-05T21:15:56.293+0000] {taskinstance.py:2480} INFO - Exporting env vars: AIRFLOW_CTX_DAG_OWNER='***' AIRFLOW_CTX_DAG_ID='deep_models_pipeline' AIRFLOW_CTX_TASK_ID='import_raw_data' AIRFLOW_CTX_EXECUTION_DATE='2025-06-05T21:15:55.562459+00:00' AIRFLOW_CTX_TRY_NUMBER='1' AIRFLOW_CTX_DAG_RUN_ID='manual__2025-06-05T21:15:55.562459+00:00'
[2025-06-05T21:15:56.293+0000] {train_deep_model_dag.py:13} INFO - 🟦 Running command: python /opt/***/src/data/import_raw_data.py
[2025-06-05T21:15:56.574+0000] {train_deep_model_dag.py:20} INFO - 🟩 [stdout]:
✅ Datei bereits vorhanden, überspringe: genome-scores.csv
✅ Datei bereits vorhanden, überspringe: genome-tags.csv
✅ Datei bereits vorhanden, überspringe: links.csv
✅ Datei bereits vorhanden, überspringe: movies.csv
✅ Datei bereits vorhanden, überspringe: ratings.csv
✅ Datei bereits vorhanden, überspringe: README.txt
✅ Datei bereits vorhanden, überspringe: tags.csv

[2025-06-05T21:15:56.575+0000] {train_deep_model_dag.py:22} WARNING - 🟨 [stderr]:
2025-06-05 21:15:56,557 - __main__ - INFO - ✅ Rohdatenprüfung abgeschlossen.

[2025-06-05T21:15:56.575+0000] {python.py:201} INFO - Done. Returned value was: None
[2025-06-05T21:15:56.586+0000] {taskinstance.py:1138} INFO - Marking task as SUCCESS. dag_id=deep_models_pipeline, task_id=import_raw_data, execution_date=20250605T211555, start_date=20250605T211556, end_date=20250605T211556
[2025-06-05T21:15:56.609+0000] {local_task_job_runner.py:234} INFO - Task exited with return code 0
[2025-06-05T21:15:56.635+0000] {taskinstance.py:3280} INFO - 1 downstream tasks scheduled from follow-on schedule check
