[2025-05-31T13:29:13.811+0000] {taskinstance.py:1956} INFO - Dependencies all met for dep_context=non-requeueable deps ti=<TaskInstance: movie_recommendation_pipeline.train_user_model manual__2025-05-31T13:28:43.503313+00:00 [queued]>
[2025-05-31T13:29:13.819+0000] {taskinstance.py:1956} INFO - Dependencies all met for dep_context=requeueable deps ti=<TaskInstance: movie_recommendation_pipeline.train_user_model manual__2025-05-31T13:28:43.503313+00:00 [queued]>
[2025-05-31T13:29:13.820+0000] {taskinstance.py:2170} INFO - Starting attempt 1 of 2
[2025-05-31T13:29:13.831+0000] {taskinstance.py:2191} INFO - Executing <Task(PythonOperator): train_user_model> on 2025-05-31 13:28:43.503313+00:00
[2025-05-31T13:29:13.843+0000] {standard_task_runner.py:60} INFO - Started process 431 to run task
[2025-05-31T13:29:13.846+0000] {standard_task_runner.py:87} INFO - Running: ['***', 'tasks', 'run', 'movie_recommendation_pipeline', 'train_user_model', 'manual__2025-05-31T13:28:43.503313+00:00', '--job-id', '178', '--raw', '--subdir', 'DAGS_FOLDER/mlops_movie_dag.py', '--cfg-path', '/tmp/tmpewpx9ytr']
[2025-05-31T13:29:13.846+0000] {standard_task_runner.py:88} INFO - Job 178: Subtask train_user_model
[2025-05-31T13:29:13.885+0000] {task_command.py:423} INFO - Running <TaskInstance: movie_recommendation_pipeline.train_user_model manual__2025-05-31T13:28:43.503313+00:00 [running]> on host e819feabb7df
[2025-05-31T13:29:13.947+0000] {taskinstance.py:2480} INFO - Exporting env vars: AIRFLOW_CTX_DAG_OWNER='***' AIRFLOW_CTX_DAG_ID='movie_recommendation_pipeline' AIRFLOW_CTX_TASK_ID='train_user_model' AIRFLOW_CTX_EXECUTION_DATE='2025-05-31T13:28:43.503313+00:00' AIRFLOW_CTX_TRY_NUMBER='1' AIRFLOW_CTX_DAG_RUN_ID='manual__2025-05-31T13:28:43.503313+00:00'
[2025-05-31T13:29:15.401+0000] {local_task_job_runner.py:121} ERROR - Received SIGTERM. Terminating subprocesses
[2025-05-31T13:29:15.415+0000] {process_utils.py:131} INFO - Sending 15 to group 431. PIDs of all processes in the group: [431]
[2025-05-31T13:29:15.419+0000] {process_utils.py:86} INFO - Sending the signal 15 to group 431
[2025-05-31T13:29:15.423+0000] {taskinstance.py:2450} ERROR - Received SIGTERM. Terminating subprocesses.
[2025-05-31T13:29:15.704+0000] {taskinstance.py:2698} ERROR - Task failed with exception
Traceback (most recent call last):
  File "/home/airflow/.local/lib/python3.10/site-packages/airflow/models/taskinstance.py", line 433, in _execute_task
    result = execute_callable(context=context, **execute_callable_kwargs)
  File "/home/airflow/.local/lib/python3.10/site-packages/airflow/operators/python.py", line 199, in execute
    return_value = self.execute_callable()
  File "/home/airflow/.local/lib/python3.10/site-packages/airflow/operators/python.py", line 216, in execute_callable
    return self.python_callable(*self.op_args, **self.op_kwargs)
  File "/opt/airflow/dags/mlops_movie_dag.py", line 41, in run_train_user_model
    train_user_model()
  File "/opt/airflow/src/models/train_user_model.py", line 16, in train_user_model
    ratings = pd.read_csv("/opt/airflow/data/raw/ratings.csv")
  File "/home/airflow/.local/lib/python3.10/site-packages/pandas/util/_decorators.py", line 211, in wrapper
    return func(*args, **kwargs)
  File "/home/airflow/.local/lib/python3.10/site-packages/pandas/util/_decorators.py", line 331, in wrapper
    return func(*args, **kwargs)
  File "/home/airflow/.local/lib/python3.10/site-packages/pandas/io/parsers/readers.py", line 950, in read_csv
    return _read(filepath_or_buffer, kwds)
  File "/home/airflow/.local/lib/python3.10/site-packages/pandas/io/parsers/readers.py", line 611, in _read
    return parser.read(nrows)
  File "/home/airflow/.local/lib/python3.10/site-packages/pandas/io/parsers/readers.py", line 1778, in read
    ) = self._engine.read(  # type: ignore[attr-defined]
  File "/home/airflow/.local/lib/python3.10/site-packages/pandas/io/parsers/c_parser_wrapper.py", line 230, in read
    chunks = self._reader.read_low_memory(nrows)
  File "pandas/_libs/parsers.pyx", line 808, in pandas._libs.parsers.TextReader.read_low_memory
  File "pandas/_libs/parsers.pyx", line 866, in pandas._libs.parsers.TextReader._read_rows
  File "pandas/_libs/parsers.pyx", line 852, in pandas._libs.parsers.TextReader._tokenize_rows
  File "pandas/_libs/parsers.pyx", line 1965, in pandas._libs.parsers.raise_parser_error
airflow.exceptions.AirflowException: Task received SIGTERM signal
[2025-05-31T13:29:15.717+0000] {taskinstance.py:1138} INFO - Marking task as UP_FOR_RETRY. dag_id=movie_recommendation_pipeline, task_id=train_user_model, execution_date=20250531T132843, start_date=20250531T132913, end_date=20250531T132915
[2025-05-31T13:29:15.728+0000] {standard_task_runner.py:107} ERROR - Failed to execute job 178 for task train_user_model (Task received SIGTERM signal; 431)
[2025-05-31T13:29:15.754+0000] {process_utils.py:79} INFO - Process psutil.Process(pid=431, status='terminated', exitcode=1, started='13:29:12') (431) terminated with exit code 1
[2025-05-31T13:29:15.755+0000] {local_task_job_runner.py:234} INFO - Task exited with return code 143
[2025-05-31T13:29:15.774+0000] {taskinstance.py:3280} INFO - 0 downstream tasks scheduled from follow-on schedule check
