[2025-05-31T13:34:18.306+0000] {taskinstance.py:1956} INFO - Dependencies all met for dep_context=non-requeueable deps ti=<TaskInstance: movie_recommendation_pipeline.train_user_model manual__2025-05-31T13:28:43.503313+00:00 [queued]>
[2025-05-31T13:34:18.312+0000] {taskinstance.py:1956} INFO - Dependencies all met for dep_context=requeueable deps ti=<TaskInstance: movie_recommendation_pipeline.train_user_model manual__2025-05-31T13:28:43.503313+00:00 [queued]>
[2025-05-31T13:34:18.313+0000] {taskinstance.py:2170} INFO - Starting attempt 2 of 2
[2025-05-31T13:34:18.322+0000] {taskinstance.py:2191} INFO - Executing <Task(PythonOperator): train_user_model> on 2025-05-31 13:28:43.503313+00:00
[2025-05-31T13:34:18.330+0000] {standard_task_runner.py:60} INFO - Started process 258 to run task
[2025-05-31T13:34:18.332+0000] {standard_task_runner.py:87} INFO - Running: ['***', 'tasks', 'run', 'movie_recommendation_pipeline', 'train_user_model', 'manual__2025-05-31T13:28:43.503313+00:00', '--job-id', '187', '--raw', '--subdir', 'DAGS_FOLDER/mlops_movie_dag.py', '--cfg-path', '/tmp/tmp1gssd_3w']
[2025-05-31T13:34:18.333+0000] {standard_task_runner.py:88} INFO - Job 187: Subtask train_user_model
[2025-05-31T13:34:18.369+0000] {task_command.py:423} INFO - Running <TaskInstance: movie_recommendation_pipeline.train_user_model manual__2025-05-31T13:28:43.503313+00:00 [running]> on host 5acaef770f7a
[2025-05-31T13:34:18.650+0000] {taskinstance.py:2480} INFO - Exporting env vars: AIRFLOW_CTX_DAG_OWNER='***' AIRFLOW_CTX_DAG_ID='movie_recommendation_pipeline' AIRFLOW_CTX_TASK_ID='train_user_model' AIRFLOW_CTX_EXECUTION_DATE='2025-05-31T13:28:43.503313+00:00' AIRFLOW_CTX_TRY_NUMBER='2' AIRFLOW_CTX_DAG_RUN_ID='manual__2025-05-31T13:28:43.503313+00:00'
[2025-05-31T13:34:58.722+0000] {local_task_job_runner.py:121} ERROR - Received SIGTERM. Terminating subprocesses
[2025-05-31T13:34:58.725+0000] {process_utils.py:131} INFO - Sending 15 to group 258. PIDs of all processes in the group: [258]
[2025-05-31T13:34:58.726+0000] {process_utils.py:86} INFO - Sending the signal 15 to group 258
[2025-05-31T13:34:58.726+0000] {taskinstance.py:2450} ERROR - Received SIGTERM. Terminating subprocesses.
[2025-05-31T13:34:58.738+0000] {taskinstance.py:2698} ERROR - Task failed with exception
Traceback (most recent call last):
  File "/home/airflow/.local/lib/python3.10/site-packages/airflow/models/taskinstance.py", line 433, in _execute_task
    result = execute_callable(context=context, **execute_callable_kwargs)
  File "/home/airflow/.local/lib/python3.10/site-packages/airflow/operators/python.py", line 199, in execute
    return_value = self.execute_callable()
  File "/home/airflow/.local/lib/python3.10/site-packages/airflow/operators/python.py", line 216, in execute_callable
    return self.python_callable(*self.op_args, **self.op_kwargs)
  File "/opt/airflow/dags/mlops_movie_dag.py", line 41, in run_train_user_model
    train_user_model()
  File "/opt/airflow/src/models/train_user_model.py", line 25, in train_user_model
    vectors = movie_embeddings.loc[rated["movieId"]]
  File "/home/airflow/.local/lib/python3.10/site-packages/pandas/core/indexing.py", line 1073, in __getitem__
    return self._getitem_axis(maybe_callable, axis=axis)
  File "/home/airflow/.local/lib/python3.10/site-packages/pandas/core/indexing.py", line 1301, in _getitem_axis
    return self._getitem_iterable(key, axis=axis)
  File "/home/airflow/.local/lib/python3.10/site-packages/pandas/core/indexing.py", line 1239, in _getitem_iterable
    keyarr, indexer = self._get_listlike_indexer(key, axis)
  File "/home/airflow/.local/lib/python3.10/site-packages/pandas/core/indexing.py", line 1432, in _get_listlike_indexer
    keyarr, indexer = ax._get_indexer_strict(key, axis_name)
  File "/home/airflow/.local/lib/python3.10/site-packages/pandas/core/indexes/base.py", line 6066, in _get_indexer_strict
    keyarr = self.reindex(keyarr)[0]
  File "/home/airflow/.local/lib/python3.10/site-packages/pandas/core/indexes/base.py", line 4434, in reindex
    target = self._wrap_reindex_result(target, indexer, preserve_names)
  File "/home/airflow/.local/lib/python3.10/site-packages/pandas/core/indexes/base.py", line 4437, in _wrap_reindex_result
    def _wrap_reindex_result(self, target, indexer, preserve_names: bool):
  File "/home/airflow/.local/lib/python3.10/site-packages/airflow/models/taskinstance.py", line 2452, in signal_handler
    raise AirflowException("Task received SIGTERM signal")
airflow.exceptions.AirflowException: Task received SIGTERM signal
[2025-05-31T13:34:58.754+0000] {taskinstance.py:1138} INFO - Marking task as FAILED. dag_id=movie_recommendation_pipeline, task_id=train_user_model, execution_date=20250531T132843, start_date=20250531T133418, end_date=20250531T133458
[2025-05-31T13:34:58.769+0000] {standard_task_runner.py:107} ERROR - Failed to execute job 187 for task train_user_model (Task received SIGTERM signal; 258)
[2025-05-31T13:34:58.819+0000] {process_utils.py:79} INFO - Process psutil.Process(pid=258, status='terminated', exitcode=1, started='13:34:17') (258) terminated with exit code 1
[2025-05-31T13:34:58.820+0000] {local_task_job_runner.py:234} INFO - Task exited with return code 143
[2025-05-31T13:34:58.840+0000] {taskinstance.py:3280} INFO - 0 downstream tasks scheduled from follow-on schedule check
