[2025-06-18T14:00:02.437+0000] {taskinstance.py:1956} INFO - Dependencies all met for dep_context=non-requeueable deps ti=<TaskInstance: drift_monitoring_dag.analyze_snapshot_drift scheduled__2025-06-18T13:00:00+00:00 [queued]>
[2025-06-18T14:00:02.446+0000] {taskinstance.py:1956} INFO - Dependencies all met for dep_context=requeueable deps ti=<TaskInstance: drift_monitoring_dag.analyze_snapshot_drift scheduled__2025-06-18T13:00:00+00:00 [queued]>
[2025-06-18T14:00:02.446+0000] {taskinstance.py:2170} INFO - Starting attempt 1 of 2
[2025-06-18T14:00:02.457+0000] {taskinstance.py:2191} INFO - Executing <Task(BashOperator): analyze_snapshot_drift> on 2025-06-18 13:00:00+00:00
[2025-06-18T14:00:02.465+0000] {standard_task_runner.py:60} INFO - Started process 4608 to run task
[2025-06-18T14:00:02.466+0000] {standard_task_runner.py:87} INFO - Running: ['***', 'tasks', 'run', 'drift_monitoring_dag', 'analyze_snapshot_drift', 'scheduled__2025-06-18T13:00:00+00:00', '--job-id', '638', '--raw', '--subdir', 'DAGS_FOLDER/drift_monitoring_dag.py', '--cfg-path', '/tmp/tmpae_t9zed']
[2025-06-18T14:00:02.468+0000] {standard_task_runner.py:88} INFO - Job 638: Subtask analyze_snapshot_drift
[2025-06-18T14:00:02.502+0000] {task_command.py:423} INFO - Running <TaskInstance: drift_monitoring_dag.analyze_snapshot_drift scheduled__2025-06-18T13:00:00+00:00 [running]> on host 3cef70cd7501
[2025-06-18T14:00:02.561+0000] {taskinstance.py:2480} INFO - Exporting env vars: AIRFLOW_CTX_DAG_OWNER='***' AIRFLOW_CTX_DAG_ID='drift_monitoring_dag' AIRFLOW_CTX_TASK_ID='analyze_snapshot_drift' AIRFLOW_CTX_EXECUTION_DATE='2025-06-18T13:00:00+00:00' AIRFLOW_CTX_TRY_NUMBER='1' AIRFLOW_CTX_DAG_RUN_ID='scheduled__2025-06-18T13:00:00+00:00'
[2025-06-18T14:00:02.562+0000] {subprocess.py:63} INFO - Tmp dir root location: /tmp
[2025-06-18T14:00:02.563+0000] {subprocess.py:75} INFO - Running command: ['/usr/bin/bash', '-c', 'python /opt/***/src/monitoring/analyze_drift.py']
[2025-06-18T14:00:02.574+0000] {subprocess.py:86} INFO - Output:
[2025-06-18T14:00:06.202+0000] {subprocess.py:93} INFO - 2025/06/18 14:00:06 INFO mlflow.tracking.fluent: Experiment with name 'hybrid_deep_model' does not exist. Creating a new experiment.
[2025-06-18T14:00:06.203+0000] {subprocess.py:93} INFO - [2025-06-18 14:00:06,203] WARNING - ⚠️ Failed to load configuration – using default – Default: [Errno 2] No such file or directory: '/opt/***/data/monitoring/monitoring_conf.json'
[2025-06-18T14:00:06.255+0000] {subprocess.py:93} INFO - [2025-06-18 14:00:06,255] INFO - ✅ Training and test data loaded
[2025-06-18T14:00:08.947+0000] {subprocess.py:93} INFO - [2025-06-18 14:00:08,946] INFO - 📊 Evidently report saved: /opt/***/reports/drift_report.html
[2025-06-18T14:00:08.948+0000] {subprocess.py:93} INFO - INFO:***.task:📊 Evidently report saved: /opt/***/reports/drift_report.html
[2025-06-18T14:00:08.959+0000] {subprocess.py:93} INFO - [2025-06-18 14:00:08,959] INFO - ✅ Prometheus metrics saved: /opt/***/reports/drift_metrics.prom
[2025-06-18T14:00:08.960+0000] {subprocess.py:93} INFO - INFO:***.task:✅ Prometheus metrics saved: /opt/***/reports/drift_metrics.prom
[2025-06-18T14:00:09.060+0000] {subprocess.py:93} INFO - [2025-06-18 14:00:09,059] INFO - 📥 Embedding files successfully loaded.
[2025-06-18T14:00:09.060+0000] {subprocess.py:93} INFO - INFO:***.task:📥 Embedding files successfully loaded.
[2025-06-18T14:00:09.061+0000] {subprocess.py:93} INFO - [2025-06-18 14:00:09,061] INFO - ✅ 33 common columns for drift analysis.
[2025-06-18T14:00:09.062+0000] {subprocess.py:93} INFO - INFO:***.task:✅ 33 common columns for drift analysis.
[2025-06-18T14:00:09.694+0000] {subprocess.py:93} INFO - [2025-06-18 14:00:09,693] INFO - 📈 Classic Prometheus metrics saved.
[2025-06-18T14:00:09.694+0000] {subprocess.py:93} INFO - INFO:***.task:📈 Classic Prometheus metrics saved.
[2025-06-18T14:00:10.385+0000] {subprocess.py:93} INFO - [2025-06-18 14:00:10,384] WARNING - ⚠️ No model versions found – trying fallback to training run.
[2025-06-18T14:00:10.385+0000] {subprocess.py:93} INFO - WARNING:***.task:⚠️ No model versions found – trying fallback to training run.
[2025-06-18T14:00:10.388+0000] {subprocess.py:93} INFO - [2025-06-18 14:00:10,388] ERROR - ❌ No fallback training run found – cannot log metrics.
[2025-06-18T14:00:10.388+0000] {subprocess.py:93} INFO - ERROR:***.task:❌ No fallback training run found – cannot log metrics.
[2025-06-18T14:00:10.393+0000] {subprocess.py:93} INFO - [2025-06-18 14:00:10,393] INFO - 🔍  Drift detected in 50.00% of features (Alert=1)
[2025-06-18T14:00:10.393+0000] {subprocess.py:93} INFO - INFO:***.task:🔍  Drift detected in 50.00% of features (Alert=1)
[2025-06-18T14:00:10.400+0000] {subprocess.py:93} INFO - [2025-06-18 14:00:10,400] INFO - 📄 Drift metrics saved as JSON: /opt/***/reports/drift_metrics.json
[2025-06-18T14:00:10.401+0000] {subprocess.py:93} INFO - INFO:***.task:📄 Drift metrics saved as JSON: /opt/***/reports/drift_metrics.json
[2025-06-18T14:00:11.446+0000] {subprocess.py:97} INFO - Command exited with return code 0
[2025-06-18T14:00:11.457+0000] {taskinstance.py:1138} INFO - Marking task as SUCCESS. dag_id=drift_monitoring_dag, task_id=analyze_snapshot_drift, execution_date=20250618T130000, start_date=20250618T140002, end_date=20250618T140011
[2025-06-18T14:00:11.480+0000] {local_task_job_runner.py:234} INFO - Task exited with return code 0
[2025-06-18T14:00:11.502+0000] {taskinstance.py:3280} INFO - 1 downstream tasks scheduled from follow-on schedule check
