[2025-06-01T20:38:01.929+0000] {taskinstance.py:1956} INFO - Dependencies all met for dep_context=non-requeueable deps ti=<TaskInstance: movie_recommendation_pipeline.predict_best_model manual__2025-06-01T20:29:34.732345+00:00 [queued]>
[2025-06-01T20:38:01.938+0000] {taskinstance.py:1956} INFO - Dependencies all met for dep_context=requeueable deps ti=<TaskInstance: movie_recommendation_pipeline.predict_best_model manual__2025-06-01T20:29:34.732345+00:00 [queued]>
[2025-06-01T20:38:01.938+0000] {taskinstance.py:2170} INFO - Starting attempt 1 of 3
[2025-06-01T20:38:01.948+0000] {taskinstance.py:2191} INFO - Executing <Task(PythonOperator): predict_best_model> on 2025-06-01 20:29:34.732345+00:00
[2025-06-01T20:38:01.953+0000] {standard_task_runner.py:60} INFO - Started process 1393 to run task
[2025-06-01T20:38:01.954+0000] {standard_task_runner.py:87} INFO - Running: ['***', 'tasks', 'run', 'movie_recommendation_pipeline', 'predict_best_model', 'manual__2025-06-01T20:29:34.732345+00:00', '--job-id', '1265', '--raw', '--subdir', 'DAGS_FOLDER/mlops_movie_dag.py', '--cfg-path', '/tmp/tmp3_um4hu1']
[2025-06-01T20:38:01.956+0000] {standard_task_runner.py:88} INFO - Job 1265: Subtask predict_best_model
[2025-06-01T20:38:01.984+0000] {task_command.py:423} INFO - Running <TaskInstance: movie_recommendation_pipeline.predict_best_model manual__2025-06-01T20:29:34.732345+00:00 [running]> on host 232dd595ceb7
[2025-06-01T20:38:02.031+0000] {taskinstance.py:2480} INFO - Exporting env vars: AIRFLOW_CTX_DAG_OWNER='***' AIRFLOW_CTX_DAG_ID='movie_recommendation_pipeline' AIRFLOW_CTX_TASK_ID='predict_best_model' AIRFLOW_CTX_EXECUTION_DATE='2025-06-01T20:29:34.732345+00:00' AIRFLOW_CTX_TRY_NUMBER='1' AIRFLOW_CTX_DAG_RUN_ID='manual__2025-06-01T20:29:34.732345+00:00'
[2025-06-01T20:38:02.032+0000] {mlops_movie_dag.py:12} INFO - 🟦 Running command: python /opt/***/src/models/predict_best_model.py
[2025-06-01T20:38:07.985+0000] {mlops_movie_dag.py:18} INFO - 🟩 [stdout]:

[2025-06-01T20:38:07.986+0000] {mlops_movie_dag.py:20} WARNING - 🟨 [stderr]:
2025-06-01 20:38:03,774 - INFO - 🚀 Starte Vorhersage mit MLflow Registry & DVC-Modell
2025-06-01 20:38:03,979 - INFO - 🔎 Bestes Modell laut Registry: Typ=hybrid, Version=97
2025-06-01 20:38:03,980 - INFO - 📦 Modell bereits lokal vorhanden: /opt/***/models/hybrid_model.pkl
2025-06-01 20:38:04,919 - INFO - 📦 Modell geladen: /opt/***/models/hybrid_model.pkl
2025-06-01 20:38:07,603 - INFO - 📥 Eingabematrix geladen: /opt/***/data/processed/hybrid_matrix.csv – Shape: (10381, 1427)
/home/***/.local/lib/python3.10/site-packages/sklearn/base.py:458: UserWarning: X has feature names, but NearestNeighbors was fitted without feature names
  warnings.warn(
2025-06-01 20:38:07,610 - ERROR - ❌ Fehler bei der Vorhersage oder dem Logging: X has 1427 features, but NearestNeighbors is expecting 1428 features as input.
Traceback (most recent call last):
  File "/opt/***/src/models/predict_best_model.py", line 131, in <module>
    predict_best_model()
  File "/opt/***/src/models/predict_best_model.py", line 103, in predict_best_model
    _, predictions = model.kneighbors(input_df)
  File "/home/***/.local/lib/python3.10/site-packages/sklearn/neighbors/_base.py", line 804, in kneighbors
    X = self._validate_data(X, accept_sparse="csr", reset=False, order="C")
  File "/home/***/.local/lib/python3.10/site-packages/sklearn/base.py", line 626, in _validate_data
    self._check_n_features(X, reset=reset)
  File "/home/***/.local/lib/python3.10/site-packages/sklearn/base.py", line 415, in _check_n_features
    raise ValueError(
ValueError: X has 1427 features, but NearestNeighbors is expecting 1428 features as input.

[2025-06-01T20:38:07.986+0000] {mlops_movie_dag.py:22} ERROR - ❌ Subprozess-Fehler (exit code 1): python /opt/***/src/models/predict_best_model.py
[2025-06-01T20:38:07.987+0000] {mlops_movie_dag.py:25} ERROR - ❌ Subprozess-Ausnahme: Command '['python', '/opt/***/src/models/predict_best_model.py']' returned non-zero exit status 1.
[2025-06-01T20:38:07.990+0000] {taskinstance.py:2698} ERROR - Task failed with exception
Traceback (most recent call last):
  File "/home/airflow/.local/lib/python3.10/site-packages/airflow/models/taskinstance.py", line 433, in _execute_task
    result = execute_callable(context=context, **execute_callable_kwargs)
  File "/home/airflow/.local/lib/python3.10/site-packages/airflow/operators/python.py", line 199, in execute
    return_value = self.execute_callable()
  File "/home/airflow/.local/lib/python3.10/site-packages/airflow/operators/python.py", line 216, in execute_callable
    return self.python_callable(*self.op_args, **self.op_kwargs)
  File "/opt/airflow/dags/mlops_movie_dag.py", line 47, in run_predict_best_model
    run_and_log(["python", "/opt/airflow/src/models/predict_best_model.py"])
  File "/opt/airflow/dags/mlops_movie_dag.py", line 23, in run_and_log
    raise subprocess.CalledProcessError(result.returncode, command)
subprocess.CalledProcessError: Command '['python', '/opt/airflow/src/models/predict_best_model.py']' returned non-zero exit status 1.
[2025-06-01T20:38:08.004+0000] {taskinstance.py:1138} INFO - Marking task as UP_FOR_RETRY. dag_id=movie_recommendation_pipeline, task_id=predict_best_model, execution_date=20250601T202934, start_date=20250601T203801, end_date=20250601T203808
[2025-06-01T20:38:08.016+0000] {standard_task_runner.py:107} ERROR - Failed to execute job 1265 for task predict_best_model (Command '['python', '/opt/airflow/src/models/predict_best_model.py']' returned non-zero exit status 1.; 1393)
[2025-06-01T20:38:08.057+0000] {local_task_job_runner.py:234} INFO - Task exited with return code 1
[2025-06-01T20:38:08.069+0000] {taskinstance.py:3280} INFO - 0 downstream tasks scheduled from follow-on schedule check
