[2025-06-08T19:38:20.166+0000] {taskinstance.py:1956} INFO - Dependencies all met for dep_context=non-requeueable deps ti=<TaskInstance: deep_models_pipeline.train_deep_hybrid_model manual__2025-06-08T19:37:24.386164+00:00 [queued]>
[2025-06-08T19:38:20.172+0000] {taskinstance.py:1956} INFO - Dependencies all met for dep_context=requeueable deps ti=<TaskInstance: deep_models_pipeline.train_deep_hybrid_model manual__2025-06-08T19:37:24.386164+00:00 [queued]>
[2025-06-08T19:38:20.172+0000] {taskinstance.py:2170} INFO - Starting attempt 1 of 3
[2025-06-08T19:38:20.181+0000] {taskinstance.py:2191} INFO - Executing <Task(PythonOperator): train_deep_hybrid_model> on 2025-06-08 19:37:24.386164+00:00
[2025-06-08T19:38:20.187+0000] {standard_task_runner.py:60} INFO - Started process 1573 to run task
[2025-06-08T19:38:20.189+0000] {standard_task_runner.py:87} INFO - Running: ['***', 'tasks', 'run', 'deep_models_pipeline', 'train_deep_hybrid_model', 'manual__2025-06-08T19:37:24.386164+00:00', '--job-id', '3393', '--raw', '--subdir', 'DAGS_FOLDER/train_deep_model_dag.py', '--cfg-path', '/tmp/tmp2vnna1k2']
[2025-06-08T19:38:20.190+0000] {standard_task_runner.py:88} INFO - Job 3393: Subtask train_deep_hybrid_model
[2025-06-08T19:38:20.220+0000] {task_command.py:423} INFO - Running <TaskInstance: deep_models_pipeline.train_deep_hybrid_model manual__2025-06-08T19:37:24.386164+00:00 [running]> on host dbf42b316bce
[2025-06-08T19:38:20.276+0000] {taskinstance.py:2480} INFO - Exporting env vars: AIRFLOW_CTX_DAG_OWNER='***' AIRFLOW_CTX_DAG_ID='deep_models_pipeline' AIRFLOW_CTX_TASK_ID='train_deep_hybrid_model' AIRFLOW_CTX_EXECUTION_DATE='2025-06-08T19:37:24.386164+00:00' AIRFLOW_CTX_TRY_NUMBER='1' AIRFLOW_CTX_DAG_RUN_ID='manual__2025-06-08T19:37:24.386164+00:00'
[2025-06-08T19:38:20.277+0000] {train_deep_model_dag.py:13} INFO - 🟦 Running command: python /opt/***/src/models/train_hybrid_deep_model.py --n_neighbors=15 --latent_dim=32 --epochs=30 --tfidf_features=300
[2025-06-08T19:39:18.709+0000] {train_deep_model_dag.py:20} INFO - 🟩 [stdout]:
🏃 View run train_hybrid_deep_model at: https://dagshub.com/sacer11/MLOps_movie_rec_apr25.mlflow/#/experiments/10/runs/b6e67079654942c78f96ba75b5722535
🧪 View experiment at: https://dagshub.com/sacer11/MLOps_movie_rec_apr25.mlflow/#/experiments/10

[2025-06-08T19:39:18.711+0000] {train_deep_model_dag.py:22} WARNING - 🟨 [stderr]:
2025-06-08 19:38:23,859 - __main__ - INFO - 📥 Lade Rohdaten und baue Hybrid-Feature-Matrix ...
2025-06-08 19:38:28,927 - __main__ - INFO - 📐 Hybrid-Matrix erstellt mit Shape: (10381, 1429), Feature-Namen: 1429
2025-06-08 19:38:38,836 - __main__ - INFO - 💾 Hybrid-Matrix gespeichert unter /opt/***/data/processed/hybrid_matrix.csv
2025-06-08 19:38:38,925 - __main__ - INFO - 🚀 Starte Training Autoencoder ...
2025-06-08 19:38:39,671 - __main__ - INFO - Epoch 1/30: Loss = 0.0120
2025-06-08 19:38:39,933 - __main__ - INFO - Epoch 2/30: Loss = 0.0071
2025-06-08 19:38:40,200 - __main__ - INFO - Epoch 3/30: Loss = 0.0061
2025-06-08 19:38:40,501 - __main__ - INFO - Epoch 4/30: Loss = 0.0057
2025-06-08 19:38:40,803 - __main__ - INFO - Epoch 5/30: Loss = 0.0054
2025-06-08 19:38:41,071 - __main__ - INFO - Epoch 6/30: Loss = 0.0053
2025-06-08 19:38:41,336 - __main__ - INFO - Epoch 7/30: Loss = 0.0051
2025-06-08 19:38:41,616 - __main__ - INFO - Epoch 8/30: Loss = 0.0050
2025-06-08 19:38:41,857 - __main__ - INFO - Epoch 9/30: Loss = 0.0050
2025-06-08 19:38:42,108 - __main__ - INFO - Epoch 10/30: Loss = 0.0049
2025-06-08 19:38:42,345 - __main__ - INFO - Epoch 11/30: Loss = 0.0048
2025-06-08 19:38:42,589 - __main__ - INFO - Epoch 12/30: Loss = 0.0048
2025-06-08 19:38:42,828 - __main__ - INFO - Epoch 13/30: Loss = 0.0047
2025-06-08 19:38:43,060 - __main__ - INFO - Epoch 14/30: Loss = 0.0047
2025-06-08 19:38:43,296 - __main__ - INFO - Epoch 15/30: Loss = 0.0047
2025-06-08 19:38:43,522 - __main__ - INFO - Epoch 16/30: Loss = 0.0046
2025-06-08 19:38:43,758 - __main__ - INFO - Epoch 17/30: Loss = 0.0046
2025-06-08 19:38:43,984 - __main__ - INFO - Epoch 18/30: Loss = 0.0046
2025-06-08 19:38:44,214 - __main__ - INFO - Epoch 19/30: Loss = 0.0045
2025-06-08 19:38:44,450 - __main__ - INFO - Epoch 20/30: Loss = 0.0045
2025-06-08 19:38:44,711 - __main__ - INFO - Epoch 21/30: Loss = 0.0045
2025-06-08 19:38:44,988 - __main__ - INFO - Epoch 22/30: Loss = 0.0045
2025-06-08 19:38:45,258 - __main__ - INFO - Epoch 23/30: Loss = 0.0045
2025-06-08 19:38:45,538 - __main__ - INFO - Epoch 24/30: Loss = 0.0045
2025-06-08 19:38:45,889 - __main__ - INFO - Epoch 25/30: Loss = 0.0044
2025-06-08 19:38:46,142 - __main__ - INFO - Epoch 26/30: Loss = 0.0044
2025-06-08 19:38:46,404 - __main__ - INFO - Epoch 27/30: Loss = 0.0044
2025-06-08 19:38:46,633 - __main__ - INFO - Epoch 28/30: Loss = 0.0044
2025-06-08 19:38:46,872 - __main__ - INFO - Epoch 29/30: Loss = 0.0044
2025-06-08 19:38:47,131 - __main__ - INFO - Epoch 30/30: Loss = 0.0044
2025-06-08 19:38:47,363 - __main__ - INFO - ✅ Hybrid-Embeddings gespeichert unter /opt/***/data/processed/hybrid_deep_embedding.csv
2025-06-08 19:38:47,363 - __main__ - INFO - ✅ Hybrid-Embeddings gespeichert unter /opt/***/data/processed/hybrid_deep_embedding.csv
2025-06-08 19:38:47,372 - __main__ - INFO - ✅ Deep KNN Modell gespeichert unter /opt/***/models/hybrid_deep_knn.pkl
2025/06/08 19:38:52 INFO mlflow.pyfunc: Validating input example against model signature

Downloading artifacts:   0%|          | 0/1 [00:00<?, ?it/s]
Downloading artifacts: 100%|██████████| 1/1 [00:00<00:00, 71.59it/s]
Downloading artifacts: 100%|██████████| 1/1 [00:00<00:00, 70.56it/s]
Registered model 'hybrid_deep_model' already exists. Creating a new version of this model...
2025/06/08 19:39:02 INFO mlflow.store.model_registry.abstract_store: Waiting up to 300 seconds for model version to finish creation. Model name: hybrid_deep_model, version 40
Created version '40' of model 'hybrid_deep_model'.
2025-06-08 19:39:15,658 - __main__ - INFO - 📝 Tags für Modellversion 40 gesetzt: n_neighbors=15, latent_dim=32, tfidf_features=300, epochs=30
2025-06-08 19:39:17,656 - __main__ - INFO - 🏁 Deep Hybrid-Model Training abgeschlossen und geloggt.

[2025-06-08T19:39:18.711+0000] {python.py:201} INFO - Done. Returned value was: None
[2025-06-08T19:39:18.721+0000] {taskinstance.py:1138} INFO - Marking task as SUCCESS. dag_id=deep_models_pipeline, task_id=train_deep_hybrid_model, execution_date=20250608T193724, start_date=20250608T193820, end_date=20250608T193918
[2025-06-08T19:39:18.767+0000] {local_task_job_runner.py:234} INFO - Task exited with return code 0
[2025-06-08T19:39:18.789+0000] {taskinstance.py:3280} INFO - 1 downstream tasks scheduled from follow-on schedule check
