[2025-06-07T17:49:34.276+0000] {taskinstance.py:1956} INFO - Dependencies all met for dep_context=non-requeueable deps ti=<TaskInstance: deep_models_pipeline.train_deep_hybrid_model manual__2025-06-07T17:49:33.213824+00:00 [queued]>
[2025-06-07T17:49:34.284+0000] {taskinstance.py:1956} INFO - Dependencies all met for dep_context=requeueable deps ti=<TaskInstance: deep_models_pipeline.train_deep_hybrid_model manual__2025-06-07T17:49:33.213824+00:00 [queued]>
[2025-06-07T17:49:34.285+0000] {taskinstance.py:2170} INFO - Starting attempt 1 of 3
[2025-06-07T17:49:34.297+0000] {taskinstance.py:2191} INFO - Executing <Task(PythonOperator): train_deep_hybrid_model> on 2025-06-07 17:49:33.213824+00:00
[2025-06-07T17:49:34.305+0000] {standard_task_runner.py:60} INFO - Started process 198 to run task
[2025-06-07T17:49:34.311+0000] {standard_task_runner.py:87} INFO - Running: ['***', 'tasks', 'run', 'deep_models_pipeline', 'train_deep_hybrid_model', 'manual__2025-06-07T17:49:33.213824+00:00', '--job-id', '2526', '--raw', '--subdir', 'DAGS_FOLDER/train_deep_model_dag.py', '--cfg-path', '/tmp/tmp6xdqv247']
[2025-06-07T17:49:34.313+0000] {standard_task_runner.py:88} INFO - Job 2526: Subtask train_deep_hybrid_model
[2025-06-07T17:49:34.356+0000] {task_command.py:423} INFO - Running <TaskInstance: deep_models_pipeline.train_deep_hybrid_model manual__2025-06-07T17:49:33.213824+00:00 [running]> on host 2c9e87feb153
[2025-06-07T17:49:34.436+0000] {taskinstance.py:2480} INFO - Exporting env vars: AIRFLOW_CTX_DAG_OWNER='***' AIRFLOW_CTX_DAG_ID='deep_models_pipeline' AIRFLOW_CTX_TASK_ID='train_deep_hybrid_model' AIRFLOW_CTX_EXECUTION_DATE='2025-06-07T17:49:33.213824+00:00' AIRFLOW_CTX_TRY_NUMBER='1' AIRFLOW_CTX_DAG_RUN_ID='manual__2025-06-07T17:49:33.213824+00:00'
[2025-06-07T17:49:34.437+0000] {train_deep_model_dag.py:13} INFO - 🟦 Running command: python /opt/***/src/models/train_hybrid_deep_model.py --n_neighbors=15 --latent_dim=32 --epochs=30 --tfidf_features=300
[2025-06-07T17:50:53.122+0000] {train_deep_model_dag.py:20} INFO - 🟩 [stdout]:
🏃 View run train_hybrid_deep_model at: https://dagshub.com/sacer11/MLOps_movie_rec_apr25.mlflow/#/experiments/10/runs/a92aff34b4664ee9ac31d7199c34b31d
🧪 View experiment at: https://dagshub.com/sacer11/MLOps_movie_rec_apr25.mlflow/#/experiments/10

[2025-06-07T17:50:53.123+0000] {train_deep_model_dag.py:22} WARNING - 🟨 [stderr]:
2025-06-07 17:49:38,352 - __main__ - INFO - 📥 Lade Rohdaten und baue Hybrid-Feature-Matrix ...
2025-06-07 17:49:45,510 - __main__ - INFO - 📐 Hybrid-Matrix erstellt mit Shape: (10381, 1429), Feature-Namen: 1429
2025-06-07 17:50:02,498 - __main__ - INFO - 💾 Hybrid-Matrix gespeichert unter /opt/***/data/processed/hybrid_matrix.csv
2025-06-07 17:50:02,578 - __main__ - INFO - 🚀 Starte Training Autoencoder ...
2025-06-07 17:50:03,514 - __main__ - INFO - Epoch 1/30: Loss = 0.0122
2025-06-07 17:50:03,785 - __main__ - INFO - Epoch 2/30: Loss = 0.0071
2025-06-07 17:50:04,061 - __main__ - INFO - Epoch 3/30: Loss = 0.0061
2025-06-07 17:50:04,327 - __main__ - INFO - Epoch 4/30: Loss = 0.0057
2025-06-07 17:50:04,564 - __main__ - INFO - Epoch 5/30: Loss = 0.0054
2025-06-07 17:50:04,845 - __main__ - INFO - Epoch 6/30: Loss = 0.0053
2025-06-07 17:50:05,094 - __main__ - INFO - Epoch 7/30: Loss = 0.0051
2025-06-07 17:50:05,344 - __main__ - INFO - Epoch 8/30: Loss = 0.0050
2025-06-07 17:50:05,594 - __main__ - INFO - Epoch 9/30: Loss = 0.0049
2025-06-07 17:50:05,849 - __main__ - INFO - Epoch 10/30: Loss = 0.0049
2025-06-07 17:50:06,097 - __main__ - INFO - Epoch 11/30: Loss = 0.0048
2025-06-07 17:50:06,372 - __main__ - INFO - Epoch 12/30: Loss = 0.0048
2025-06-07 17:50:06,640 - __main__ - INFO - Epoch 13/30: Loss = 0.0047
2025-06-07 17:50:06,897 - __main__ - INFO - Epoch 14/30: Loss = 0.0047
2025-06-07 17:50:07,165 - __main__ - INFO - Epoch 15/30: Loss = 0.0047
2025-06-07 17:50:07,432 - __main__ - INFO - Epoch 16/30: Loss = 0.0046
2025-06-07 17:50:07,687 - __main__ - INFO - Epoch 17/30: Loss = 0.0046
2025-06-07 17:50:07,925 - __main__ - INFO - Epoch 18/30: Loss = 0.0046
2025-06-07 17:50:08,142 - __main__ - INFO - Epoch 19/30: Loss = 0.0045
2025-06-07 17:50:08,392 - __main__ - INFO - Epoch 20/30: Loss = 0.0045
2025-06-07 17:50:08,640 - __main__ - INFO - Epoch 21/30: Loss = 0.0045
2025-06-07 17:50:08,873 - __main__ - INFO - Epoch 22/30: Loss = 0.0045
2025-06-07 17:50:09,128 - __main__ - INFO - Epoch 23/30: Loss = 0.0045
2025-06-07 17:50:09,372 - __main__ - INFO - Epoch 24/30: Loss = 0.0044
2025-06-07 17:50:09,612 - __main__ - INFO - Epoch 25/30: Loss = 0.0044
2025-06-07 17:50:09,858 - __main__ - INFO - Epoch 26/30: Loss = 0.0044
2025-06-07 17:50:10,209 - __main__ - INFO - Epoch 27/30: Loss = 0.0044
2025-06-07 17:50:10,480 - __main__ - INFO - Epoch 28/30: Loss = 0.0044
2025-06-07 17:50:10,731 - __main__ - INFO - Epoch 29/30: Loss = 0.0044
2025-06-07 17:50:11,013 - __main__ - INFO - Epoch 30/30: Loss = 0.0044
2025-06-07 17:50:11,259 - __main__ - INFO - ✅ Hybrid-Embeddings gespeichert unter /opt/***/data/processed/hybrid_deep_embedding.csv
2025-06-07 17:50:11,259 - __main__ - INFO - ✅ Hybrid-Embeddings gespeichert unter /opt/***/data/processed/hybrid_deep_embedding.csv
2025-06-07 17:50:11,269 - __main__ - INFO - ✅ Deep KNN Modell gespeichert unter /opt/***/models/hybrid_deep_knn.pkl
2025/06/07 17:50:27 INFO mlflow.pyfunc: Validating input example against model signature

Downloading artifacts:   0%|          | 0/1 [00:00<?, ?it/s]
Downloading artifacts: 100%|██████████| 1/1 [00:00<00:00, 85.71it/s]
Downloading artifacts: 100%|██████████| 1/1 [00:00<00:00, 84.30it/s]
Registered model 'hybrid_deep_model' already exists. Creating a new version of this model...
2025/06/07 17:50:38 INFO mlflow.store.model_registry.abstract_store: Waiting up to 300 seconds for model version to finish creation. Model name: hybrid_deep_model, version 14
Created version '14' of model 'hybrid_deep_model'.
2025-06-07 17:50:49,905 - __main__ - INFO - 📝 Tags für Modellversion 14 gesetzt: n_neighbors=15, latent_dim=32
2025-06-07 17:50:51,914 - __main__ - INFO - 🏁 Deep Hybrid-Model Training abgeschlossen und geloggt.

[2025-06-07T17:50:53.124+0000] {python.py:201} INFO - Done. Returned value was: None
[2025-06-07T17:50:53.133+0000] {taskinstance.py:1138} INFO - Marking task as SUCCESS. dag_id=deep_models_pipeline, task_id=train_deep_hybrid_model, execution_date=20250607T174933, start_date=20250607T174934, end_date=20250607T175053
[2025-06-07T17:50:53.165+0000] {local_task_job_runner.py:234} INFO - Task exited with return code 0
[2025-06-07T17:50:53.179+0000] {taskinstance.py:3280} INFO - 0 downstream tasks scheduled from follow-on schedule check
