[2025-06-07T04:31:21.749+0000] {taskinstance.py:1956} INFO - Dependencies all met for dep_context=non-requeueable deps ti=<TaskInstance: deep_models_pipeline.train_deep_hybrid_model manual__2025-06-07T04:31:17.020000+00:00 [queued]>
[2025-06-07T04:31:21.755+0000] {taskinstance.py:1956} INFO - Dependencies all met for dep_context=requeueable deps ti=<TaskInstance: deep_models_pipeline.train_deep_hybrid_model manual__2025-06-07T04:31:17.020000+00:00 [queued]>
[2025-06-07T04:31:21.755+0000] {taskinstance.py:2170} INFO - Starting attempt 1 of 3
[2025-06-07T04:31:21.764+0000] {taskinstance.py:2191} INFO - Executing <Task(PythonOperator): train_deep_hybrid_model> on 2025-06-07 04:31:17.020000+00:00
[2025-06-07T04:31:21.771+0000] {standard_task_runner.py:60} INFO - Started process 1420 to run task
[2025-06-07T04:31:21.772+0000] {standard_task_runner.py:87} INFO - Running: ['***', 'tasks', 'run', 'deep_models_pipeline', 'train_deep_hybrid_model', 'manual__2025-06-07T04:31:17.020000+00:00', '--job-id', '2435', '--raw', '--subdir', 'DAGS_FOLDER/train_deep_model_dag.py', '--cfg-path', '/tmp/tmp6wizkdbz']
[2025-06-07T04:31:21.774+0000] {standard_task_runner.py:88} INFO - Job 2435: Subtask train_deep_hybrid_model
[2025-06-07T04:31:21.807+0000] {task_command.py:423} INFO - Running <TaskInstance: deep_models_pipeline.train_deep_hybrid_model manual__2025-06-07T04:31:17.020000+00:00 [running]> on host 15daee2d5ed2
[2025-06-07T04:31:21.861+0000] {taskinstance.py:2480} INFO - Exporting env vars: AIRFLOW_CTX_DAG_OWNER='***' AIRFLOW_CTX_DAG_ID='deep_models_pipeline' AIRFLOW_CTX_TASK_ID='train_deep_hybrid_model' AIRFLOW_CTX_EXECUTION_DATE='2025-06-07T04:31:17.020000+00:00' AIRFLOW_CTX_TRY_NUMBER='1' AIRFLOW_CTX_DAG_RUN_ID='manual__2025-06-07T04:31:17.020000+00:00'
[2025-06-07T04:31:21.862+0000] {train_deep_model_dag.py:13} INFO - 🟦 Running command: python /opt/***/src/models/train_hybrid_deep_model.py --n_neighbors=19 --latent_dim=32 --epochs=30 --tfidf_features=901
[2025-06-07T04:32:23.811+0000] {train_deep_model_dag.py:20} INFO - 🟩 [stdout]:
🏃 View run train_hybrid_deep_model at: https://dagshub.com/sacer11/MLOps_movie_rec_apr25.mlflow/#/experiments/10/runs/abdd14e6b7904cb4bb050bafaae9e779
🧪 View experiment at: https://dagshub.com/sacer11/MLOps_movie_rec_apr25.mlflow/#/experiments/10

[2025-06-07T04:32:23.812+0000] {train_deep_model_dag.py:22} WARNING - 🟨 [stderr]:
/home/***/.local/lib/python3.10/site-packages/mlflow/pyfunc/utils/data_validation.py:186: UserWarning: [33mAdd type hints to the `predict` method to enable data validation and automatic signature inference during model logging. Check https://mlflow.org/docs/latest/model/python_model.html#type-hint-usage-in-pythonmodel for more details.[0m
  color_warning(
2025-06-07 04:31:26,454 - __main__ - INFO - 📥 Lade Rohdaten und baue Hybrid-Feature-Matrix ...
2025-06-07 04:31:31,483 - __main__ - INFO - 📐 Hybrid-Matrix erstellt mit Shape: (10381, 2030), Feature-Namen: 2030
2025-06-07 04:31:42,428 - __main__ - INFO - 💾 Hybrid-Matrix gespeichert unter /opt/***/data/processed/hybrid_matrix.csv
2025-06-07 04:31:42,582 - __main__ - INFO - 🚀 Starte Training Autoencoder ...
2025-06-07 04:31:43,825 - __main__ - INFO - Epoch 1/30: Loss = 0.0090
2025-06-07 04:31:44,170 - __main__ - INFO - Epoch 2/30: Loss = 0.0054
2025-06-07 04:31:44,524 - __main__ - INFO - Epoch 3/30: Loss = 0.0046
2025-06-07 04:31:44,902 - __main__ - INFO - Epoch 4/30: Loss = 0.0043
2025-06-07 04:31:45,226 - __main__ - INFO - Epoch 5/30: Loss = 0.0041
2025-06-07 04:31:45,572 - __main__ - INFO - Epoch 6/30: Loss = 0.0040
2025-06-07 04:31:45,899 - __main__ - INFO - Epoch 7/30: Loss = 0.0039
2025-06-07 04:31:46,218 - __main__ - INFO - Epoch 8/30: Loss = 0.0038
2025-06-07 04:31:46,567 - __main__ - INFO - Epoch 9/30: Loss = 0.0038
2025-06-07 04:31:47,006 - __main__ - INFO - Epoch 10/30: Loss = 0.0037
2025-06-07 04:31:47,349 - __main__ - INFO - Epoch 11/30: Loss = 0.0037
2025-06-07 04:31:47,725 - __main__ - INFO - Epoch 12/30: Loss = 0.0036
2025-06-07 04:31:48,128 - __main__ - INFO - Epoch 13/30: Loss = 0.0036
2025-06-07 04:31:48,550 - __main__ - INFO - Epoch 14/30: Loss = 0.0036
2025-06-07 04:31:48,872 - __main__ - INFO - Epoch 15/30: Loss = 0.0035
2025-06-07 04:31:49,230 - __main__ - INFO - Epoch 16/30: Loss = 0.0035
2025-06-07 04:31:49,630 - __main__ - INFO - Epoch 17/30: Loss = 0.0035
2025-06-07 04:31:50,044 - __main__ - INFO - Epoch 18/30: Loss = 0.0035
2025-06-07 04:31:50,412 - __main__ - INFO - Epoch 19/30: Loss = 0.0035
2025-06-07 04:31:50,735 - __main__ - INFO - Epoch 20/30: Loss = 0.0034
2025-06-07 04:31:51,054 - __main__ - INFO - Epoch 21/30: Loss = 0.0034
2025-06-07 04:31:51,397 - __main__ - INFO - Epoch 22/30: Loss = 0.0034
2025-06-07 04:31:51,709 - __main__ - INFO - Epoch 23/30: Loss = 0.0034
2025-06-07 04:31:52,046 - __main__ - INFO - Epoch 24/30: Loss = 0.0034
2025-06-07 04:31:52,385 - __main__ - INFO - Epoch 25/30: Loss = 0.0034
2025-06-07 04:31:52,685 - __main__ - INFO - Epoch 26/30: Loss = 0.0034
2025-06-07 04:31:52,991 - __main__ - INFO - Epoch 27/30: Loss = 0.0033
2025-06-07 04:31:53,300 - __main__ - INFO - Epoch 28/30: Loss = 0.0033
2025-06-07 04:31:53,608 - __main__ - INFO - Epoch 29/30: Loss = 0.0033
2025-06-07 04:31:53,932 - __main__ - INFO - Epoch 30/30: Loss = 0.0033
2025-06-07 04:31:54,181 - __main__ - INFO - ✅ Hybrid-Embeddings gespeichert unter /opt/***/data/processed/hybrid_deep_embedding.csv
2025-06-07 04:31:54,181 - __main__ - INFO - ✅ Hybrid-Embeddings gespeichert unter /opt/***/data/processed/hybrid_deep_embedding.csv
2025-06-07 04:31:54,193 - __main__ - INFO - ✅ Deep KNN Modell gespeichert unter /opt/***/models/hybrid_deep_knn.pkl
2025/06/07 04:31:59 INFO mlflow.pyfunc: Validating input example against model signature

Downloading artifacts:   0%|          | 0/1 [00:00<?, ?it/s]
Downloading artifacts: 100%|██████████| 1/1 [00:00<00:00, 88.76it/s]
Downloading artifacts: 100%|██████████| 1/1 [00:00<00:00, 86.74it/s]
Registered model 'hybrid_deep_model' already exists. Creating a new version of this model...
2025/06/07 04:32:09 INFO mlflow.store.model_registry.abstract_store: Waiting up to 300 seconds for model version to finish creation. Model name: hybrid_deep_model, version 5
Created version '5' of model 'hybrid_deep_model'.
2025-06-07 04:32:20,472 - __main__ - INFO - 📝 Tags für Modellversion 5 gesetzt: n_neighbors=19, latent_dim=32
2025-06-07 04:32:22,474 - __main__ - INFO - 🏁 Deep Hybrid-Model Training abgeschlossen und geloggt.

[2025-06-07T04:32:23.814+0000] {python.py:201} INFO - Done. Returned value was: None
[2025-06-07T04:32:23.831+0000] {taskinstance.py:1138} INFO - Marking task as SUCCESS. dag_id=deep_models_pipeline, task_id=train_deep_hybrid_model, execution_date=20250607T043117, start_date=20250607T043121, end_date=20250607T043223
[2025-06-07T04:32:23.890+0000] {local_task_job_runner.py:234} INFO - Task exited with return code 0
[2025-06-07T04:32:23.923+0000] {taskinstance.py:3280} INFO - 1 downstream tasks scheduled from follow-on schedule check
