[2025-06-02T10:34:31.852+0000] {taskinstance.py:1956} INFO - Dependencies all met for dep_context=non-requeueable deps ti=<TaskInstance: movie_recommendation_pipeline.dvc_add_and_push_all manual__2025-06-02T10:29:44.882184+00:00 [queued]>
[2025-06-02T10:34:31.859+0000] {taskinstance.py:1956} INFO - Dependencies all met for dep_context=requeueable deps ti=<TaskInstance: movie_recommendation_pipeline.dvc_add_and_push_all manual__2025-06-02T10:29:44.882184+00:00 [queued]>
[2025-06-02T10:34:31.860+0000] {taskinstance.py:2170} INFO - Starting attempt 1 of 3
[2025-06-02T10:34:31.871+0000] {taskinstance.py:2191} INFO - Executing <Task(PythonOperator): dvc_add_and_push_all> on 2025-06-02 10:29:44.882184+00:00
[2025-06-02T10:34:31.879+0000] {standard_task_runner.py:60} INFO - Started process 1979 to run task
[2025-06-02T10:34:31.880+0000] {standard_task_runner.py:87} INFO - Running: ['***', 'tasks', 'run', 'movie_recommendation_pipeline', 'dvc_add_and_push_all', 'manual__2025-06-02T10:29:44.882184+00:00', '--job-id', '1682', '--raw', '--subdir', 'DAGS_FOLDER/mlops_movie_dag.py', '--cfg-path', '/tmp/tmpjm8oftmr']
[2025-06-02T10:34:31.882+0000] {standard_task_runner.py:88} INFO - Job 1682: Subtask dvc_add_and_push_all
[2025-06-02T10:34:31.919+0000] {task_command.py:423} INFO - Running <TaskInstance: movie_recommendation_pipeline.dvc_add_and_push_all manual__2025-06-02T10:29:44.882184+00:00 [running]> on host 6520fa36f146
[2025-06-02T10:34:31.978+0000] {taskinstance.py:2480} INFO - Exporting env vars: AIRFLOW_CTX_DAG_OWNER='***' AIRFLOW_CTX_DAG_ID='movie_recommendation_pipeline' AIRFLOW_CTX_TASK_ID='dvc_add_and_push_all' AIRFLOW_CTX_EXECUTION_DATE='2025-06-02T10:29:44.882184+00:00' AIRFLOW_CTX_TRY_NUMBER='1' AIRFLOW_CTX_DAG_RUN_ID='manual__2025-06-02T10:29:44.882184+00:00'
[2025-06-02T10:34:31.983+0000] {mlops_movie_dag.py:12} INFO - 游릱 Running command: git config --global --add safe.directory /opt/***
[2025-06-02T10:34:31.997+0000] {mlops_movie_dag.py:19} INFO - 游릴 [stdout]:

[2025-06-02T10:34:31.997+0000] {mlops_movie_dag.py:12} INFO - 游릱 Running command: git config --global user.email ***@mlops.local
[2025-06-02T10:34:32.008+0000] {mlops_movie_dag.py:19} INFO - 游릴 [stdout]:

[2025-06-02T10:34:32.008+0000] {mlops_movie_dag.py:12} INFO - 游릱 Running command: git config --global user.name Airflow
[2025-06-02T10:34:32.020+0000] {mlops_movie_dag.py:19} INFO - 游릴 [stdout]:

[2025-06-02T10:34:32.020+0000] {mlops_movie_dag.py:12} INFO - 游릱 Running command: dvc add /opt/***/models/hybrid_model.pkl
[2025-06-02T10:34:51.778+0000] {mlops_movie_dag.py:19} INFO - 游릴 [stdout]:

To track the changes with git, run:

	git add models/hybrid_model.pkl.dvc

To enable auto staging, run:

	dvc config core.autostage true

[2025-06-02T10:34:51.780+0000] {mlops_movie_dag.py:12} INFO - 游릱 Running command: dvc add /opt/***/data/processed/hybrid_matrix.csv
[2025-06-02T10:35:14.132+0000] {mlops_movie_dag.py:19} INFO - 游릴 [stdout]:

To track the changes with git, run:

	git add data/processed/hybrid_matrix.csv.dvc

To enable auto staging, run:

	dvc config core.autostage true

[2025-06-02T10:35:14.133+0000] {mlops_movie_dag.py:12} INFO - 游릱 Running command: dvc add /opt/***/data/processed/hybrid_matrix_features.txt
[2025-06-02T10:35:24.639+0000] {mlops_movie_dag.py:19} INFO - 游릴 [stdout]:

To track the changes with git, run:

	git add data/processed/hybrid_matrix_features.txt.dvc

To enable auto staging, run:

	dvc config core.autostage true

[2025-06-02T10:35:24.640+0000] {mlops_movie_dag.py:12} INFO - 游릱 Running command: dvc add /opt/***/models/user_model.pkl
[2025-06-02T10:35:35.617+0000] {mlops_movie_dag.py:19} INFO - 游릴 [stdout]:

To track the changes with git, run:

	git add models/user_model.pkl.dvc

To enable auto staging, run:

	dvc config core.autostage true

[2025-06-02T10:35:35.618+0000] {mlops_movie_dag.py:12} INFO - 游릱 Running command: dvc add /opt/***/data/processed/user_matrix.csv
[2025-06-02T10:35:47.320+0000] {mlops_movie_dag.py:19} INFO - 游릴 [stdout]:

To track the changes with git, run:

	git add data/processed/user_matrix.csv.dvc

To enable auto staging, run:

	dvc config core.autostage true

[2025-06-02T10:35:47.321+0000] {mlops_movie_dag.py:12} INFO - 游릱 Running command: dvc add /opt/***/data/processed/user_matrix_features.txt
[2025-06-02T10:35:57.917+0000] {mlops_movie_dag.py:19} INFO - 游릴 [stdout]:

To track the changes with git, run:

	git add data/processed/user_matrix_features.txt.dvc

To enable auto staging, run:

	dvc config core.autostage true

[2025-06-02T10:35:57.918+0000] {mlops_movie_dag.py:12} INFO - 游릱 Running command: git add /opt/***/models/hybrid_model.pkl.dvc /opt/***/data/processed/hybrid_matrix.csv.dvc /opt/***/data/processed/hybrid_matrix_features.txt.dvc /opt/***/models/user_model.pkl.dvc /opt/***/data/processed/user_matrix.csv.dvc /opt/***/data/processed/user_matrix_features.txt.dvc
[2025-06-02T10:35:58.070+0000] {mlops_movie_dag.py:19} INFO - 游릴 [stdout]:

[2025-06-02T10:35:58.152+0000] {mlops_movie_dag.py:12} INFO - 游릱 Running command: git commit -m Automatisches DVC-Tracking (beide Modelle/Matrizen)
[2025-06-02T10:35:58.955+0000] {mlops_movie_dag.py:19} INFO - 游릴 [stdout]:
[master bc6d118] Automatisches DVC-Tracking (beide Modelle/Matrizen)
 3 files changed, 6 insertions(+), 6 deletions(-)

[2025-06-02T10:35:58.955+0000] {mlops_movie_dag.py:12} INFO - 游릱 Running command: dvc push
[2025-06-02T10:38:04.214+0000] {mlops_movie_dag.py:19} INFO - 游릴 [stdout]:
3 files pushed

[2025-06-02T10:38:04.214+0000] {python.py:201} INFO - Done. Returned value was: None
[2025-06-02T10:38:04.226+0000] {taskinstance.py:1138} INFO - Marking task as SUCCESS. dag_id=movie_recommendation_pipeline, task_id=dvc_add_and_push_all, execution_date=20250602T102944, start_date=20250602T103431, end_date=20250602T103804
[2025-06-02T10:38:04.261+0000] {local_task_job_runner.py:234} INFO - Task exited with return code 0
[2025-06-02T10:38:04.289+0000] {taskinstance.py:3280} INFO - 1 downstream tasks scheduled from follow-on schedule check
