[2025-06-09T01:10:22.759+0000] {taskinstance.py:1956} INFO - Dependencies all met for dep_context=non-requeueable deps ti=<TaskInstance: deep_models_pipeline.predict_best_model manual__2025-06-09T01:08:57.902270+00:00 [queued]>
[2025-06-09T01:10:22.766+0000] {taskinstance.py:1956} INFO - Dependencies all met for dep_context=requeueable deps ti=<TaskInstance: deep_models_pipeline.predict_best_model manual__2025-06-09T01:08:57.902270+00:00 [queued]>
[2025-06-09T01:10:22.767+0000] {taskinstance.py:2170} INFO - Starting attempt 1 of 3
[2025-06-09T01:10:22.777+0000] {taskinstance.py:2191} INFO - Executing <Task(PythonOperator): predict_best_model> on 2025-06-09 01:08:57.902270+00:00
[2025-06-09T01:10:22.783+0000] {standard_task_runner.py:60} INFO - Started process 622 to run task
[2025-06-09T01:10:22.785+0000] {standard_task_runner.py:87} INFO - Running: ['***', 'tasks', 'run', 'deep_models_pipeline', 'predict_best_model', 'manual__2025-06-09T01:08:57.902270+00:00', '--job-id', '3670', '--raw', '--subdir', 'DAGS_FOLDER/train_deep_model_dag.py', '--cfg-path', '/tmp/tmpltcy7fk2']
[2025-06-09T01:10:22.787+0000] {standard_task_runner.py:88} INFO - Job 3670: Subtask predict_best_model
[2025-06-09T01:10:22.816+0000] {task_command.py:423} INFO - Running <TaskInstance: deep_models_pipeline.predict_best_model manual__2025-06-09T01:08:57.902270+00:00 [running]> on host 5e3f8e40fa89
[2025-06-09T01:10:22.875+0000] {taskinstance.py:2480} INFO - Exporting env vars: AIRFLOW_CTX_DAG_OWNER='***' AIRFLOW_CTX_DAG_ID='deep_models_pipeline' AIRFLOW_CTX_TASK_ID='predict_best_model' AIRFLOW_CTX_EXECUTION_DATE='2025-06-09T01:08:57.902270+00:00' AIRFLOW_CTX_TRY_NUMBER='1' AIRFLOW_CTX_DAG_RUN_ID='manual__2025-06-09T01:08:57.902270+00:00'
[2025-06-09T01:10:22.876+0000] {train_deep_model_dag.py:13} INFO - 🟦 Running command: python /opt/***/src/models/predict_best_model.py
[2025-06-09T01:10:53.362+0000] {train_deep_model_dag.py:20} INFO - 🟩 [stdout]:
   user_id                                    recommendations
0        1  [0, 4331, 2064, 2769, 5445, 7994, 9847, 9070, ...
1        2  [1, 1790, 2138, 8359, 1591, 5551, 2805, 7680, ...
2        3  [2, 407, 390, 1886, 4, 3042, 6098, 1584, 5155,...
3        4  [3, 1889, 4651, 1379, 1207, 8642, 1627, 45, 93...
4        5  [4, 5834, 2, 7635, 7232, 1497, 5049, 173, 834,...

[2025-06-09T01:10:53.363+0000] {train_deep_model_dag.py:22} WARNING - 🟨 [stderr]:
2025-06-09 01:10:24,815 - INFO - 🚀 Starte Prediction für hybrid_deep_model über MLflow Registry

Downloading artifacts:   0%|          | 0/8 [00:00<?, ?it/s]
Downloading artifacts:  12%|█▎        | 1/8 [00:00<00:06,  1.15it/s]
Downloading artifacts:  12%|█▎        | 1/8 [00:00<00:06,  1.15it/s]
Downloading artifacts:  25%|██▌       | 2/8 [00:03<00:11,  1.92s/it]
Downloading artifacts:  25%|██▌       | 2/8 [00:03<00:11,  1.92s/it]
Downloading artifacts:  38%|███▊      | 3/8 [00:03<00:06,  1.23s/it]
Downloading artifacts:  38%|███▊      | 3/8 [00:03<00:06,  1.23s/it]
Downloading artifacts:  50%|█████     | 4/8 [00:04<00:04,  1.14s/it]
Downloading artifacts:  50%|█████     | 4/8 [00:04<00:04,  1.14s/it]
Downloading artifacts:  62%|██████▎   | 5/8 [00:05<00:03,  1.06s/it]
Downloading artifacts:  62%|██████▎   | 5/8 [00:05<00:03,  1.06s/it]
Downloading artifacts:  75%|███████▌  | 6/8 [00:07<00:02,  1.25s/it]
Downloading artifacts:  75%|███████▌  | 6/8 [00:07<00:02,  1.25s/it]
Downloading artifacts:  88%|████████▊ | 7/8 [00:07<00:00,  1.04it/s]
Downloading artifacts:  88%|████████▊ | 7/8 [00:07<00:00,  1.04it/s]
Downloading artifacts: 100%|██████████| 8/8 [00:08<00:00,  1.01it/s]
Downloading artifacts: 100%|██████████| 8/8 [00:08<00:00,  1.01it/s]
Downloading artifacts: 100%|██████████| 8/8 [00:08<00:00,  1.11s/it]

Downloading artifacts:   0%|          | 0/1 [00:00<?, ?it/s]
Downloading artifacts: 100%|██████████| 1/1 [00:02<00:00,  2.75s/it]
Downloading artifacts: 100%|██████████| 1/1 [00:02<00:00,  2.75s/it]
Downloading artifacts: 100%|██████████| 1/1 [00:02<00:00,  2.75s/it]
2025-06-09 01:10:52,762 - INFO - 📥 Embedding geladen (direkt aus Registry): Shape: (10381, 32)
2025-06-09 01:10:52,869 - INFO - ✅ Prediction erfolgreich – keine Speicherung auf Disk, nur im RAM.

[2025-06-09T01:10:53.363+0000] {python.py:201} INFO - Done. Returned value was: None
[2025-06-09T01:10:53.371+0000] {taskinstance.py:1138} INFO - Marking task as SUCCESS. dag_id=deep_models_pipeline, task_id=predict_best_model, execution_date=20250609T010857, start_date=20250609T011022, end_date=20250609T011053
[2025-06-09T01:10:53.399+0000] {local_task_job_runner.py:234} INFO - Task exited with return code 0
[2025-06-09T01:10:53.412+0000] {taskinstance.py:3280} INFO - 0 downstream tasks scheduled from follow-on schedule check
