[2025-06-18T13:00:16.480+0000] {taskinstance.py:1956} INFO - Dependencies all met for dep_context=non-requeueable deps ti=<TaskInstance: drift_monitoring_dag.generate_drift_report_extended scheduled__2025-06-18T12:00:00+00:00 [queued]>
[2025-06-18T13:00:16.486+0000] {taskinstance.py:1956} INFO - Dependencies all met for dep_context=requeueable deps ti=<TaskInstance: drift_monitoring_dag.generate_drift_report_extended scheduled__2025-06-18T12:00:00+00:00 [queued]>
[2025-06-18T13:00:16.487+0000] {taskinstance.py:2170} INFO - Starting attempt 1 of 2
[2025-06-18T13:00:16.498+0000] {taskinstance.py:2191} INFO - Executing <Task(PythonOperator): generate_drift_report_extended> on 2025-06-18 12:00:00+00:00
[2025-06-18T13:00:16.505+0000] {standard_task_runner.py:60} INFO - Started process 1331 to run task
[2025-06-18T13:00:16.507+0000] {standard_task_runner.py:87} INFO - Running: ['***', 'tasks', 'run', 'drift_monitoring_dag', 'generate_drift_report_extended', 'scheduled__2025-06-18T12:00:00+00:00', '--job-id', '612', '--raw', '--subdir', 'DAGS_FOLDER/drift_monitoring_dag.py', '--cfg-path', '/tmp/tmpvnincgxe']
[2025-06-18T13:00:16.509+0000] {standard_task_runner.py:88} INFO - Job 612: Subtask generate_drift_report_extended
[2025-06-18T13:00:16.545+0000] {task_command.py:423} INFO - Running <TaskInstance: drift_monitoring_dag.generate_drift_report_extended scheduled__2025-06-18T12:00:00+00:00 [running]> on host 3cef70cd7501
[2025-06-18T13:00:16.612+0000] {taskinstance.py:2480} INFO - Exporting env vars: AIRFLOW_CTX_DAG_OWNER='***' AIRFLOW_CTX_DAG_ID='drift_monitoring_dag' AIRFLOW_CTX_TASK_ID='generate_drift_report_extended' AIRFLOW_CTX_EXECUTION_DATE='2025-06-18T12:00:00+00:00' AIRFLOW_CTX_TRY_NUMBER='1' AIRFLOW_CTX_DAG_RUN_ID='scheduled__2025-06-18T12:00:00+00:00'
[2025-06-18T13:00:16.613+0000] {drift_monitoring_dag.py:63} INFO - 📊 generate ext. Drift-Report...
[2025-06-18T13:00:22.321+0000] {drift_monitoring_dag.py:70} INFO - ✅ Extended Report ready with code 0
[2025-06-18T13:00:22.322+0000] {drift_monitoring_dag.py:74} WARNING - [2025-06-18 13:00:19,307] INFO - ✨ Loading reference data from /opt/***/data/processed/hybrid_deep_embedding_best.csv
[2025-06-18 13:00:19,362] INFO - ✨ Loading current data from /opt/***/data/processed/hybrid_deep_embedding.csv
[2025-06-18 13:00:19,413] INFO - ✨ Loading metrics from /opt/***/data/monitoring/metrics_from_mlflow.csv
[2025-06-18 13:00:19,417] INFO - 📊 Generating Evidently report
[2025-06-18 13:00:21,273] INFO - ✅ Drift report saved to: /opt/***/reports/drift_report_extended.html
INFO:drift_report_extended:✅ Drift report saved to: /opt/***/reports/drift_report_extended.html
[2025-06-18 13:00:21,363] INFO - 📈 Precision@10 plottet
INFO:drift_report_extended:📈 Precision@10 plottet
[2025-06-18 13:00:21,438] INFO - 📈 Drift Score lottet
INFO:drift_report_extended:📈 Drift Score lottet
[2025-06-18 13:00:21,515] INFO - 📈 Latency plottet
INFO:drift_report_extended:📈 Latency plottet

[2025-06-18T13:00:22.322+0000] {python.py:201} INFO - Done. Returned value was: None
[2025-06-18T13:00:22.331+0000] {taskinstance.py:1138} INFO - Marking task as SUCCESS. dag_id=drift_monitoring_dag, task_id=generate_drift_report_extended, execution_date=20250618T120000, start_date=20250618T130016, end_date=20250618T130022
[2025-06-18T13:00:22.356+0000] {local_task_job_runner.py:234} INFO - Task exited with return code 0
[2025-06-18T13:00:22.371+0000] {taskinstance.py:3280} INFO - 0 downstream tasks scheduled from follow-on schedule check
