[2025-06-07T02:42:32.551+0000] {taskinstance.py:1956} INFO - Dependencies all met for dep_context=non-requeueable deps ti=<TaskInstance: deep_models_pipeline.train_deep_hybrid_model manual__2025-06-07T02:42:26.187698+00:00 [queued]>
[2025-06-07T02:42:32.561+0000] {taskinstance.py:1956} INFO - Dependencies all met for dep_context=requeueable deps ti=<TaskInstance: deep_models_pipeline.train_deep_hybrid_model manual__2025-06-07T02:42:26.187698+00:00 [queued]>
[2025-06-07T02:42:32.562+0000] {taskinstance.py:2170} INFO - Starting attempt 1 of 3
[2025-06-07T02:42:32.575+0000] {taskinstance.py:2191} INFO - Executing <Task(PythonOperator): train_deep_hybrid_model> on 2025-06-07 02:42:26.187698+00:00
[2025-06-07T02:42:32.582+0000] {standard_task_runner.py:60} INFO - Started process 314 to run task
[2025-06-07T02:42:32.585+0000] {standard_task_runner.py:87} INFO - Running: ['***', 'tasks', 'run', 'deep_models_pipeline', 'train_deep_hybrid_model', 'manual__2025-06-07T02:42:26.187698+00:00', '--job-id', '2393', '--raw', '--subdir', 'DAGS_FOLDER/train_deep_model_dag.py', '--cfg-path', '/tmp/tmp8gx7tvx1']
[2025-06-07T02:42:32.587+0000] {standard_task_runner.py:88} INFO - Job 2393: Subtask train_deep_hybrid_model
[2025-06-07T02:42:32.630+0000] {task_command.py:423} INFO - Running <TaskInstance: deep_models_pipeline.train_deep_hybrid_model manual__2025-06-07T02:42:26.187698+00:00 [running]> on host 40a8798ea9cc
[2025-06-07T02:42:32.708+0000] {taskinstance.py:2480} INFO - Exporting env vars: AIRFLOW_CTX_DAG_OWNER='***' AIRFLOW_CTX_DAG_ID='deep_models_pipeline' AIRFLOW_CTX_TASK_ID='train_deep_hybrid_model' AIRFLOW_CTX_EXECUTION_DATE='2025-06-07T02:42:26.187698+00:00' AIRFLOW_CTX_TRY_NUMBER='1' AIRFLOW_CTX_DAG_RUN_ID='manual__2025-06-07T02:42:26.187698+00:00'
[2025-06-07T02:42:32.709+0000] {train_deep_model_dag.py:13} INFO - 🟦 Running command: python /opt/***/src/models/train_hybrid_deep_model.py --n_neighbors=10 --latent_dim=32 --epochs=30 --tfidf_features=300
[2025-06-07T02:43:29.199+0000] {train_deep_model_dag.py:20} INFO - 🟩 [stdout]:
🏃 View run train_hybrid_deep_model at: https://dagshub.com/sacer11/MLOps_movie_rec_apr25.mlflow/#/experiments/10/runs/cc432bf4b9874da9a5321fd1f43f3812
🧪 View experiment at: https://dagshub.com/sacer11/MLOps_movie_rec_apr25.mlflow/#/experiments/10

[2025-06-07T02:43:29.201+0000] {train_deep_model_dag.py:22} WARNING - 🟨 [stderr]:
/home/***/.local/lib/python3.10/site-packages/mlflow/pyfunc/utils/data_validation.py:186: UserWarning: [33mAdd type hints to the `predict` method to enable data validation and automatic signature inference during model logging. Check https://mlflow.org/docs/latest/model/python_model.html#type-hint-usage-in-pythonmodel for more details.[0m
  color_warning(
2025-06-07 02:42:36,516 - __main__ - INFO - 📥 Lade Rohdaten und baue Hybrid-Feature-Matrix ...
2025-06-07 02:42:41,521 - __main__ - INFO - 📐 Hybrid-Matrix erstellt mit Shape: (10381, 1429), Feature-Namen: 1429
2025-06-07 02:42:51,223 - __main__ - INFO - 💾 Hybrid-Matrix gespeichert unter /opt/***/data/processed/hybrid_matrix.csv
2025-06-07 02:42:51,307 - __main__ - INFO - 🚀 Starte Training Autoencoder ...
2025-06-07 02:42:52,124 - __main__ - INFO - Epoch 1/30: Loss = 0.0121
2025-06-07 02:42:52,388 - __main__ - INFO - Epoch 2/30: Loss = 0.0071
2025-06-07 02:42:52,662 - __main__ - INFO - Epoch 3/30: Loss = 0.0062
2025-06-07 02:42:52,918 - __main__ - INFO - Epoch 4/30: Loss = 0.0057
2025-06-07 02:42:53,180 - __main__ - INFO - Epoch 5/30: Loss = 0.0055
2025-06-07 02:42:53,464 - __main__ - INFO - Epoch 6/30: Loss = 0.0053
2025-06-07 02:42:53,746 - __main__ - INFO - Epoch 7/30: Loss = 0.0051
2025-06-07 02:42:54,038 - __main__ - INFO - Epoch 8/30: Loss = 0.0050
2025-06-07 02:42:54,321 - __main__ - INFO - Epoch 9/30: Loss = 0.0050
2025-06-07 02:42:54,593 - __main__ - INFO - Epoch 10/30: Loss = 0.0049
2025-06-07 02:42:54,891 - __main__ - INFO - Epoch 11/30: Loss = 0.0048
2025-06-07 02:42:55,148 - __main__ - INFO - Epoch 12/30: Loss = 0.0048
2025-06-07 02:42:55,404 - __main__ - INFO - Epoch 13/30: Loss = 0.0048
2025-06-07 02:42:55,661 - __main__ - INFO - Epoch 14/30: Loss = 0.0047
2025-06-07 02:42:55,919 - __main__ - INFO - Epoch 15/30: Loss = 0.0047
2025-06-07 02:42:56,170 - __main__ - INFO - Epoch 16/30: Loss = 0.0047
2025-06-07 02:42:56,416 - __main__ - INFO - Epoch 17/30: Loss = 0.0046
2025-06-07 02:42:56,656 - __main__ - INFO - Epoch 18/30: Loss = 0.0046
2025-06-07 02:42:56,900 - __main__ - INFO - Epoch 19/30: Loss = 0.0046
2025-06-07 02:42:57,136 - __main__ - INFO - Epoch 20/30: Loss = 0.0045
2025-06-07 02:42:57,400 - __main__ - INFO - Epoch 21/30: Loss = 0.0045
2025-06-07 02:42:57,673 - __main__ - INFO - Epoch 22/30: Loss = 0.0045
2025-06-07 02:42:57,956 - __main__ - INFO - Epoch 23/30: Loss = 0.0045
2025-06-07 02:42:58,205 - __main__ - INFO - Epoch 24/30: Loss = 0.0045
2025-06-07 02:42:58,460 - __main__ - INFO - Epoch 25/30: Loss = 0.0044
2025-06-07 02:42:58,711 - __main__ - INFO - Epoch 26/30: Loss = 0.0044
2025-06-07 02:42:58,944 - __main__ - INFO - Epoch 27/30: Loss = 0.0044
2025-06-07 02:42:59,199 - __main__ - INFO - Epoch 28/30: Loss = 0.0044
2025-06-07 02:42:59,434 - __main__ - INFO - Epoch 29/30: Loss = 0.0044
2025-06-07 02:42:59,670 - __main__ - INFO - Epoch 30/30: Loss = 0.0044
2025-06-07 02:42:59,891 - __main__ - INFO - ✅ Hybrid-Embeddings gespeichert unter /opt/***/data/processed/hybrid_deep_embedding.csv
2025-06-07 02:42:59,891 - __main__ - INFO - ✅ Hybrid-Embeddings gespeichert unter /opt/***/data/processed/hybrid_deep_embedding.csv
2025-06-07 02:42:59,901 - __main__ - INFO - ✅ Deep KNN Modell gespeichert unter /opt/***/models/hybrid_deep_knn.pkl
2025/06/07 02:43:04 INFO mlflow.pyfunc: Validating input example against model signature

Downloading artifacts:   0%|          | 0/1 [00:00<?, ?it/s]
Downloading artifacts: 100%|██████████| 1/1 [00:00<00:00, 77.96it/s]
Downloading artifacts: 100%|██████████| 1/1 [00:00<00:00, 76.99it/s]
Registered model 'hybrid_deep_model' already exists. Creating a new version of this model...
2025/06/07 02:43:15 INFO mlflow.store.model_registry.abstract_store: Waiting up to 300 seconds for model version to finish creation. Model name: hybrid_deep_model, version 19
Created version '19' of model 'hybrid_deep_model'.
2025-06-07 02:43:26,149 - __main__ - INFO - 📝 Tags für Modellversion 19 gesetzt: n_neighbors=10, latent_dim=32
2025-06-07 02:43:28,131 - __main__ - INFO - 🏁 Deep Hybrid-Model Training abgeschlossen und geloggt.

[2025-06-07T02:43:29.201+0000] {python.py:201} INFO - Done. Returned value was: None
[2025-06-07T02:43:29.212+0000] {taskinstance.py:1138} INFO - Marking task as SUCCESS. dag_id=deep_models_pipeline, task_id=train_deep_hybrid_model, execution_date=20250607T024226, start_date=20250607T024232, end_date=20250607T024329
[2025-06-07T02:43:29.256+0000] {local_task_job_runner.py:234} INFO - Task exited with return code 0
[2025-06-07T02:43:29.280+0000] {taskinstance.py:3280} INFO - 1 downstream tasks scheduled from follow-on schedule check
