[2025-06-02T00:12:02.848+0000] {taskinstance.py:1956} INFO - Dependencies all met for dep_context=non-requeueable deps ti=<TaskInstance: movie_recommendation_pipeline.predict_best_model manual__2025-06-02T00:07:10.719562+00:00 [queued]>
[2025-06-02T00:12:02.854+0000] {taskinstance.py:1956} INFO - Dependencies all met for dep_context=requeueable deps ti=<TaskInstance: movie_recommendation_pipeline.predict_best_model manual__2025-06-02T00:07:10.719562+00:00 [queued]>
[2025-06-02T00:12:02.854+0000] {taskinstance.py:2170} INFO - Starting attempt 1 of 3
[2025-06-02T00:12:02.864+0000] {taskinstance.py:2191} INFO - Executing <Task(PythonOperator): predict_best_model> on 2025-06-02 00:07:10.719562+00:00
[2025-06-02T00:12:02.869+0000] {standard_task_runner.py:60} INFO - Started process 950 to run task
[2025-06-02T00:12:02.872+0000] {standard_task_runner.py:87} INFO - Running: ['***', 'tasks', 'run', 'movie_recommendation_pipeline', 'predict_best_model', 'manual__2025-06-02T00:07:10.719562+00:00', '--job-id', '1337', '--raw', '--subdir', 'DAGS_FOLDER/mlops_movie_dag.py', '--cfg-path', '/tmp/tmpwhgkux77']
[2025-06-02T00:12:02.873+0000] {standard_task_runner.py:88} INFO - Job 1337: Subtask predict_best_model
[2025-06-02T00:12:02.904+0000] {task_command.py:423} INFO - Running <TaskInstance: movie_recommendation_pipeline.predict_best_model manual__2025-06-02T00:07:10.719562+00:00 [running]> on host 2db812b1b691
[2025-06-02T00:12:02.964+0000] {taskinstance.py:2480} INFO - Exporting env vars: AIRFLOW_CTX_DAG_OWNER='***' AIRFLOW_CTX_DAG_ID='movie_recommendation_pipeline' AIRFLOW_CTX_TASK_ID='predict_best_model' AIRFLOW_CTX_EXECUTION_DATE='2025-06-02T00:07:10.719562+00:00' AIRFLOW_CTX_TRY_NUMBER='1' AIRFLOW_CTX_DAG_RUN_ID='manual__2025-06-02T00:07:10.719562+00:00'
[2025-06-02T00:12:02.966+0000] {mlops_movie_dag.py:12} INFO - 🟦 Running command: python /opt/***/src/models/predict_best_model.py
[2025-06-02T00:12:11.736+0000] {mlops_movie_dag.py:18} INFO - 🟩 [stdout]:
🏃 View run predict_best_model at: https://dagshub.com/sacer11/MLOps_movie_rec_apr25.mlflow/#/experiments/3/runs/bb250f7bc55e45cdac735f4d82131503
🧪 View experiment at: https://dagshub.com/sacer11/MLOps_movie_rec_apr25.mlflow/#/experiments/3

[2025-06-02T00:12:11.737+0000] {mlops_movie_dag.py:20} WARNING - 🟨 [stderr]:
2025-06-02 00:12:04,887 - INFO - 🚀 Starte Vorhersage mit MLflow Registry & DVC-Modell
2025-06-02 00:12:05,083 - INFO - 🔎 Bestes Modell laut Registry: Typ='hybrid', Version=96
2025-06-02 00:12:05,085 - INFO - 📦 Modell bereits lokal vorhanden: /opt/***/models/hybrid_model.pkl
2025-06-02 00:12:06,156 - INFO - 📦 Modell geladen: /opt/***/models/hybrid_model.pkl
2025-06-02 00:12:08,992 - INFO - 📥 Eingabematrix geladen: /opt/***/data/processed/hybrid_matrix.csv – Shape: (10381, 1428)
/home/***/.local/lib/python3.10/site-packages/sklearn/base.py:458: UserWarning: X has feature names, but NearestNeighbors was fitted without feature names
  warnings.warn(
2025-06-02 00:12:09,144 - INFO - 💾 Vorhersagen gespeichert unter: /opt/***/data/predictions.csv
2025-06-02 00:12:11,312 - INFO - ✅ Predictions erfolgreich in MLflow geloggt

[2025-06-02T00:12:11.738+0000] {python.py:201} INFO - Done. Returned value was: None
[2025-06-02T00:12:11.748+0000] {taskinstance.py:1138} INFO - Marking task as SUCCESS. dag_id=movie_recommendation_pipeline, task_id=predict_best_model, execution_date=20250602T000710, start_date=20250602T001202, end_date=20250602T001211
[2025-06-02T00:12:11.799+0000] {local_task_job_runner.py:234} INFO - Task exited with return code 0
[2025-06-02T00:12:11.812+0000] {taskinstance.py:3280} INFO - 0 downstream tasks scheduled from follow-on schedule check
