[2025-06-08T20:39:32.313+0000] {taskinstance.py:1956} INFO - Dependencies all met for dep_context=non-requeueable deps ti=<TaskInstance: deep_models_pipeline.train_deep_hybrid_model manual__2025-06-08T20:39:27.348672+00:00 [queued]>
[2025-06-08T20:39:32.318+0000] {taskinstance.py:1956} INFO - Dependencies all met for dep_context=requeueable deps ti=<TaskInstance: deep_models_pipeline.train_deep_hybrid_model manual__2025-06-08T20:39:27.348672+00:00 [queued]>
[2025-06-08T20:39:32.318+0000] {taskinstance.py:2170} INFO - Starting attempt 1 of 3
[2025-06-08T20:39:32.327+0000] {taskinstance.py:2191} INFO - Executing <Task(PythonOperator): train_deep_hybrid_model> on 2025-06-08 20:39:27.348672+00:00
[2025-06-08T20:39:32.333+0000] {standard_task_runner.py:60} INFO - Started process 2014 to run task
[2025-06-08T20:39:32.334+0000] {standard_task_runner.py:87} INFO - Running: ['***', 'tasks', 'run', 'deep_models_pipeline', 'train_deep_hybrid_model', 'manual__2025-06-08T20:39:27.348672+00:00', '--job-id', '3424', '--raw', '--subdir', 'DAGS_FOLDER/train_deep_model_dag.py', '--cfg-path', '/tmp/tmpigc6u609']
[2025-06-08T20:39:32.336+0000] {standard_task_runner.py:88} INFO - Job 3424: Subtask train_deep_hybrid_model
[2025-06-08T20:39:32.365+0000] {task_command.py:423} INFO - Running <TaskInstance: deep_models_pipeline.train_deep_hybrid_model manual__2025-06-08T20:39:27.348672+00:00 [running]> on host 6b572a9ca403
[2025-06-08T20:39:32.415+0000] {taskinstance.py:2480} INFO - Exporting env vars: AIRFLOW_CTX_DAG_OWNER='***' AIRFLOW_CTX_DAG_ID='deep_models_pipeline' AIRFLOW_CTX_TASK_ID='train_deep_hybrid_model' AIRFLOW_CTX_EXECUTION_DATE='2025-06-08T20:39:27.348672+00:00' AIRFLOW_CTX_TRY_NUMBER='1' AIRFLOW_CTX_DAG_RUN_ID='manual__2025-06-08T20:39:27.348672+00:00'
[2025-06-08T20:39:32.416+0000] {train_deep_model_dag.py:13} INFO - 🟦 Running command: python /opt/***/src/models/train_hybrid_deep_model.py --n_neighbors=50 --latent_dim=32 --epochs=75 --tfidf_features=1991
[2025-06-08T20:41:09.015+0000] {train_deep_model_dag.py:20} INFO - 🟩 [stdout]:
🏃 View run train_hybrid_deep_model at: https://dagshub.com/sacer11/MLOps_movie_rec_apr25.mlflow/#/experiments/10/runs/28df3666f0f3443da70f02e141297de9
🧪 View experiment at: https://dagshub.com/sacer11/MLOps_movie_rec_apr25.mlflow/#/experiments/10

[2025-06-08T20:41:09.016+0000] {train_deep_model_dag.py:22} WARNING - 🟨 [stderr]:
2025-06-08 20:39:36,020 - __main__ - INFO - 📥 Lade Rohdaten und baue Hybrid-Feature-Matrix ...
2025-06-08 20:39:41,187 - __main__ - INFO - 📐 Hybrid-Matrix erstellt mit Shape: (10381, 3120), Feature-Namen: 3120
2025-06-08 20:39:54,802 - __main__ - INFO - 💾 Hybrid-Matrix gespeichert unter /opt/***/data/processed/hybrid_matrix.csv
2025-06-08 20:39:55,001 - __main__ - INFO - 🚀 Starte Training Autoencoder ...
2025-06-08 20:39:56,353 - __main__ - INFO - Epoch 1/75: Loss = 0.0064
2025-06-08 20:39:56,892 - __main__ - INFO - Epoch 2/75: Loss = 0.0039
2025-06-08 20:39:57,322 - __main__ - INFO - Epoch 3/75: Loss = 0.0034
2025-06-08 20:39:57,765 - __main__ - INFO - Epoch 4/75: Loss = 0.0031
2025-06-08 20:39:58,176 - __main__ - INFO - Epoch 5/75: Loss = 0.0029
2025-06-08 20:39:58,619 - __main__ - INFO - Epoch 6/75: Loss = 0.0028
2025-06-08 20:39:59,054 - __main__ - INFO - Epoch 7/75: Loss = 0.0028
2025-06-08 20:39:59,492 - __main__ - INFO - Epoch 8/75: Loss = 0.0027
2025-06-08 20:39:59,939 - __main__ - INFO - Epoch 9/75: Loss = 0.0027
2025-06-08 20:40:00,423 - __main__ - INFO - Epoch 10/75: Loss = 0.0026
2025-06-08 20:40:00,829 - __main__ - INFO - Epoch 11/75: Loss = 0.0026
2025-06-08 20:40:01,255 - __main__ - INFO - Epoch 12/75: Loss = 0.0026
2025-06-08 20:40:01,675 - __main__ - INFO - Epoch 13/75: Loss = 0.0025
2025-06-08 20:40:02,110 - __main__ - INFO - Epoch 14/75: Loss = 0.0025
2025-06-08 20:40:02,544 - __main__ - INFO - Epoch 15/75: Loss = 0.0025
2025-06-08 20:40:02,983 - __main__ - INFO - Epoch 16/75: Loss = 0.0025
2025-06-08 20:40:03,502 - __main__ - INFO - Epoch 17/75: Loss = 0.0025
2025-06-08 20:40:03,997 - __main__ - INFO - Epoch 18/75: Loss = 0.0024
2025-06-08 20:40:04,509 - __main__ - INFO - Epoch 19/75: Loss = 0.0024
2025-06-08 20:40:04,991 - __main__ - INFO - Epoch 20/75: Loss = 0.0024
2025-06-08 20:40:05,468 - __main__ - INFO - Epoch 21/75: Loss = 0.0024
2025-06-08 20:40:05,935 - __main__ - INFO - Epoch 22/75: Loss = 0.0024
2025-06-08 20:40:06,391 - __main__ - INFO - Epoch 23/75: Loss = 0.0024
2025-06-08 20:40:06,816 - __main__ - INFO - Epoch 24/75: Loss = 0.0024
2025-06-08 20:40:07,261 - __main__ - INFO - Epoch 25/75: Loss = 0.0024
2025-06-08 20:40:07,732 - __main__ - INFO - Epoch 26/75: Loss = 0.0024
2025-06-08 20:40:08,235 - __main__ - INFO - Epoch 27/75: Loss = 0.0024
2025-06-08 20:40:08,708 - __main__ - INFO - Epoch 28/75: Loss = 0.0023
2025-06-08 20:40:09,181 - __main__ - INFO - Epoch 29/75: Loss = 0.0023
2025-06-08 20:40:09,623 - __main__ - INFO - Epoch 30/75: Loss = 0.0023
2025-06-08 20:40:10,092 - __main__ - INFO - Epoch 31/75: Loss = 0.0023
2025-06-08 20:40:10,576 - __main__ - INFO - Epoch 32/75: Loss = 0.0023
2025-06-08 20:40:11,055 - __main__ - INFO - Epoch 33/75: Loss = 0.0023
2025-06-08 20:40:11,506 - __main__ - INFO - Epoch 34/75: Loss = 0.0023
2025-06-08 20:40:11,950 - __main__ - INFO - Epoch 35/75: Loss = 0.0023
2025-06-08 20:40:12,410 - __main__ - INFO - Epoch 36/75: Loss = 0.0023
2025-06-08 20:40:12,904 - __main__ - INFO - Epoch 37/75: Loss = 0.0023
2025-06-08 20:40:13,386 - __main__ - INFO - Epoch 38/75: Loss = 0.0023
2025-06-08 20:40:13,858 - __main__ - INFO - Epoch 39/75: Loss = 0.0023
2025-06-08 20:40:14,302 - __main__ - INFO - Epoch 40/75: Loss = 0.0023
2025-06-08 20:40:14,737 - __main__ - INFO - Epoch 41/75: Loss = 0.0023
2025-06-08 20:40:15,207 - __main__ - INFO - Epoch 42/75: Loss = 0.0023
2025-06-08 20:40:15,665 - __main__ - INFO - Epoch 43/75: Loss = 0.0023
2025-06-08 20:40:16,129 - __main__ - INFO - Epoch 44/75: Loss = 0.0023
2025-06-08 20:40:16,585 - __main__ - INFO - Epoch 45/75: Loss = 0.0022
2025-06-08 20:40:17,041 - __main__ - INFO - Epoch 46/75: Loss = 0.0022
2025-06-08 20:40:17,523 - __main__ - INFO - Epoch 47/75: Loss = 0.0022
2025-06-08 20:40:18,040 - __main__ - INFO - Epoch 48/75: Loss = 0.0022
2025-06-08 20:40:18,545 - __main__ - INFO - Epoch 49/75: Loss = 0.0022
2025-06-08 20:40:19,012 - __main__ - INFO - Epoch 50/75: Loss = 0.0022
2025-06-08 20:40:19,493 - __main__ - INFO - Epoch 51/75: Loss = 0.0022
2025-06-08 20:40:19,946 - __main__ - INFO - Epoch 52/75: Loss = 0.0022
2025-06-08 20:40:20,373 - __main__ - INFO - Epoch 53/75: Loss = 0.0022
2025-06-08 20:40:20,820 - __main__ - INFO - Epoch 54/75: Loss = 0.0022
2025-06-08 20:40:21,277 - __main__ - INFO - Epoch 55/75: Loss = 0.0022
2025-06-08 20:40:21,761 - __main__ - INFO - Epoch 56/75: Loss = 0.0022
2025-06-08 20:40:22,214 - __main__ - INFO - Epoch 57/75: Loss = 0.0022
2025-06-08 20:40:22,685 - __main__ - INFO - Epoch 58/75: Loss = 0.0022
2025-06-08 20:40:23,116 - __main__ - INFO - Epoch 59/75: Loss = 0.0022
2025-06-08 20:40:23,582 - __main__ - INFO - Epoch 60/75: Loss = 0.0022
2025-06-08 20:40:24,018 - __main__ - INFO - Epoch 61/75: Loss = 0.0022
2025-06-08 20:40:24,464 - __main__ - INFO - Epoch 62/75: Loss = 0.0022
2025-06-08 20:40:24,945 - __main__ - INFO - Epoch 63/75: Loss = 0.0022
2025-06-08 20:40:25,376 - __main__ - INFO - Epoch 64/75: Loss = 0.0022
2025-06-08 20:40:25,829 - __main__ - INFO - Epoch 65/75: Loss = 0.0022
2025-06-08 20:40:26,324 - __main__ - INFO - Epoch 66/75: Loss = 0.0022
2025-06-08 20:40:26,786 - __main__ - INFO - Epoch 67/75: Loss = 0.0022
2025-06-08 20:40:27,250 - __main__ - INFO - Epoch 68/75: Loss = 0.0022
2025-06-08 20:40:27,675 - __main__ - INFO - Epoch 69/75: Loss = 0.0022
2025-06-08 20:40:28,121 - __main__ - INFO - Epoch 70/75: Loss = 0.0022
2025-06-08 20:40:28,586 - __main__ - INFO - Epoch 71/75: Loss = 0.0022
2025-06-08 20:40:29,032 - __main__ - INFO - Epoch 72/75: Loss = 0.0022
2025-06-08 20:40:29,475 - __main__ - INFO - Epoch 73/75: Loss = 0.0022
2025-06-08 20:40:29,923 - __main__ - INFO - Epoch 74/75: Loss = 0.0022
2025-06-08 20:40:30,384 - __main__ - INFO - Epoch 75/75: Loss = 0.0022
2025-06-08 20:40:30,639 - __main__ - INFO - ✅ Hybrid-Embeddings gespeichert unter /opt/***/data/processed/hybrid_deep_embedding.csv
2025-06-08 20:40:30,639 - __main__ - INFO - ✅ Hybrid-Embeddings gespeichert unter /opt/***/data/processed/hybrid_deep_embedding.csv
2025-06-08 20:40:30,650 - __main__ - INFO - ✅ Deep KNN Modell gespeichert unter /opt/***/models/hybrid_deep_knn.pkl
2025/06/08 20:40:35 INFO mlflow.pyfunc: Validating input example against model signature

Downloading artifacts:   0%|          | 0/1 [00:00<?, ?it/s]
Downloading artifacts: 100%|██████████| 1/1 [00:00<00:00, 85.80it/s]
Downloading artifacts: 100%|██████████| 1/1 [00:00<00:00, 84.68it/s]
Registered model 'hybrid_deep_model' already exists. Creating a new version of this model...
2025/06/08 20:40:46 INFO mlflow.store.model_registry.abstract_store: Waiting up to 300 seconds for model version to finish creation. Model name: hybrid_deep_model, version 44
Created version '44' of model 'hybrid_deep_model'.
2025-06-08 20:41:03,948 - __main__ - INFO - 📝 Tags für Modellversion 44 gesetzt: n_neighbors=50, latent_dim=32, tfidf_features=1991, epochs=75
2025-06-08 20:41:07,962 - __main__ - INFO - 🏁 Deep Hybrid-Model Training abgeschlossen und geloggt.

[2025-06-08T20:41:09.017+0000] {python.py:201} INFO - Done. Returned value was: None
[2025-06-08T20:41:09.025+0000] {taskinstance.py:1138} INFO - Marking task as SUCCESS. dag_id=deep_models_pipeline, task_id=train_deep_hybrid_model, execution_date=20250608T203927, start_date=20250608T203932, end_date=20250608T204109
[2025-06-08T20:41:09.078+0000] {local_task_job_runner.py:234} INFO - Task exited with return code 0
[2025-06-08T20:41:09.097+0000] {taskinstance.py:3280} INFO - 1 downstream tasks scheduled from follow-on schedule check
