[2025-06-02T02:47:07.561+0000] {taskinstance.py:1956} INFO - Dependencies all met for dep_context=non-requeueable deps ti=<TaskInstance: movie_recommendation_pipeline.cleanup_all manual__2025-06-02T02:46:43.979707+00:00 [queued]>
[2025-06-02T02:47:07.569+0000] {taskinstance.py:1956} INFO - Dependencies all met for dep_context=requeueable deps ti=<TaskInstance: movie_recommendation_pipeline.cleanup_all manual__2025-06-02T02:46:43.979707+00:00 [queued]>
[2025-06-02T02:47:07.570+0000] {taskinstance.py:2170} INFO - Starting attempt 1 of 3
[2025-06-02T02:47:07.579+0000] {taskinstance.py:2191} INFO - Executing <Task(PythonOperator): cleanup_all> on 2025-06-02 02:46:43.979707+00:00
[2025-06-02T02:47:07.587+0000] {standard_task_runner.py:60} INFO - Started process 2301 to run task
[2025-06-02T02:47:07.589+0000] {standard_task_runner.py:87} INFO - Running: ['***', 'tasks', 'run', 'movie_recommendation_pipeline', 'cleanup_all', 'manual__2025-06-02T02:46:43.979707+00:00', '--job-id', '1419', '--raw', '--subdir', 'DAGS_FOLDER/mlops_movie_dag.py', '--cfg-path', '/tmp/tmpf2v__xhp']
[2025-06-02T02:47:07.590+0000] {standard_task_runner.py:88} INFO - Job 1419: Subtask cleanup_all
[2025-06-02T02:47:07.622+0000] {task_command.py:423} INFO - Running <TaskInstance: movie_recommendation_pipeline.cleanup_all manual__2025-06-02T02:46:43.979707+00:00 [running]> on host 69f945629b06
[2025-06-02T02:47:07.689+0000] {taskinstance.py:2480} INFO - Exporting env vars: AIRFLOW_CTX_DAG_OWNER='***' AIRFLOW_CTX_DAG_ID='movie_recommendation_pipeline' AIRFLOW_CTX_TASK_ID='cleanup_all' AIRFLOW_CTX_EXECUTION_DATE='2025-06-02T02:46:43.979707+00:00' AIRFLOW_CTX_TRY_NUMBER='1' AIRFLOW_CTX_DAG_RUN_ID='manual__2025-06-02T02:46:43.979707+00:00'
[2025-06-02T02:47:07.715+0000] {mlops_movie_dag.py:12} INFO - 🟦 Running command: dvc remove /opt/***/models/hybrid_model.pkl.dvc
[2025-06-02T02:47:08.124+0000] {mlops_movie_dag.py:18} INFO - 🟩 [stdout]:

[2025-06-02T02:47:08.124+0000] {mlops_movie_dag.py:20} WARNING - 🟨 [stderr]:
ERROR: '/opt/***/models/hybrid_model.pkl.dvc' does not exist

[2025-06-02T02:47:08.125+0000] {mlops_movie_dag.py:22} ERROR - ❌ Subprozess-Fehler (exit code 1): dvc remove /opt/***/models/hybrid_model.pkl.dvc
[2025-06-02T02:47:08.125+0000] {mlops_movie_dag.py:25} ERROR - ❌ Subprozess-Ausnahme: Command '['dvc', 'remove', '/opt/***/models/hybrid_model.pkl.dvc']' returned non-zero exit status 1.
[2025-06-02T02:47:08.181+0000] {mlops_movie_dag.py:12} INFO - 🟦 Running command: dvc remove /opt/***/data/processed/hybrid_matrix.csv.dvc
[2025-06-02T02:47:08.647+0000] {mlops_movie_dag.py:18} INFO - 🟩 [stdout]:

[2025-06-02T02:47:08.760+0000] {mlops_movie_dag.py:20} WARNING - 🟨 [stderr]:
ERROR: '/opt/***/data/processed/hybrid_matrix.csv.dvc' does not exist

[2025-06-02T02:47:08.761+0000] {mlops_movie_dag.py:22} ERROR - ❌ Subprozess-Fehler (exit code 1): dvc remove /opt/***/data/processed/hybrid_matrix.csv.dvc
[2025-06-02T02:47:08.762+0000] {mlops_movie_dag.py:25} ERROR - ❌ Subprozess-Ausnahme: Command '['dvc', 'remove', '/opt/***/data/processed/hybrid_matrix.csv.dvc']' returned non-zero exit status 1.
[2025-06-02T02:47:08.771+0000] {mlops_movie_dag.py:12} INFO - 🟦 Running command: dvc remove /opt/***/data/processed/hybrid_matrix_features.txt.dvc
[2025-06-02T02:47:09.225+0000] {mlops_movie_dag.py:18} INFO - 🟩 [stdout]:

[2025-06-02T02:47:09.226+0000] {mlops_movie_dag.py:20} WARNING - 🟨 [stderr]:
ERROR: '/opt/***/data/processed/hybrid_matrix_features.txt.dvc' does not exist

[2025-06-02T02:47:09.227+0000] {mlops_movie_dag.py:22} ERROR - ❌ Subprozess-Fehler (exit code 1): dvc remove /opt/***/data/processed/hybrid_matrix_features.txt.dvc
[2025-06-02T02:47:09.227+0000] {mlops_movie_dag.py:25} ERROR - ❌ Subprozess-Ausnahme: Command '['dvc', 'remove', '/opt/***/data/processed/hybrid_matrix_features.txt.dvc']' returned non-zero exit status 1.
[2025-06-02T02:47:09.237+0000] {mlops_movie_dag.py:12} INFO - 🟦 Running command: dvc remove /opt/***/models/user_model.pkl.dvc
[2025-06-02T02:47:09.670+0000] {mlops_movie_dag.py:18} INFO - 🟩 [stdout]:

[2025-06-02T02:47:09.671+0000] {mlops_movie_dag.py:20} WARNING - 🟨 [stderr]:
ERROR: '/opt/***/models/user_model.pkl.dvc' does not exist

[2025-06-02T02:47:09.671+0000] {mlops_movie_dag.py:22} ERROR - ❌ Subprozess-Fehler (exit code 1): dvc remove /opt/***/models/user_model.pkl.dvc
[2025-06-02T02:47:09.672+0000] {mlops_movie_dag.py:25} ERROR - ❌ Subprozess-Ausnahme: Command '['dvc', 'remove', '/opt/***/models/user_model.pkl.dvc']' returned non-zero exit status 1.
[2025-06-02T02:47:09.688+0000] {mlops_movie_dag.py:12} INFO - 🟦 Running command: dvc remove /opt/***/data/processed/user_matrix.csv.dvc
[2025-06-02T02:47:10.130+0000] {mlops_movie_dag.py:18} INFO - 🟩 [stdout]:

[2025-06-02T02:47:10.131+0000] {mlops_movie_dag.py:20} WARNING - 🟨 [stderr]:
ERROR: '/opt/***/data/processed/user_matrix.csv.dvc' does not exist

[2025-06-02T02:47:10.132+0000] {mlops_movie_dag.py:22} ERROR - ❌ Subprozess-Fehler (exit code 1): dvc remove /opt/***/data/processed/user_matrix.csv.dvc
[2025-06-02T02:47:10.133+0000] {mlops_movie_dag.py:25} ERROR - ❌ Subprozess-Ausnahme: Command '['dvc', 'remove', '/opt/***/data/processed/user_matrix.csv.dvc']' returned non-zero exit status 1.
[2025-06-02T02:47:10.140+0000] {mlops_movie_dag.py:12} INFO - 🟦 Running command: dvc remove /opt/***/data/processed/user_matrix_features.txt.dvc
[2025-06-02T02:47:10.534+0000] {mlops_movie_dag.py:18} INFO - 🟩 [stdout]:

[2025-06-02T02:47:10.535+0000] {mlops_movie_dag.py:20} WARNING - 🟨 [stderr]:
ERROR: '/opt/***/data/processed/user_matrix_features.txt.dvc' does not exist

[2025-06-02T02:47:10.535+0000] {mlops_movie_dag.py:22} ERROR - ❌ Subprozess-Fehler (exit code 1): dvc remove /opt/***/data/processed/user_matrix_features.txt.dvc
[2025-06-02T02:47:10.536+0000] {mlops_movie_dag.py:25} ERROR - ❌ Subprozess-Ausnahme: Command '['dvc', 'remove', '/opt/***/data/processed/user_matrix_features.txt.dvc']' returned non-zero exit status 1.
[2025-06-02T02:47:10.536+0000] {python.py:201} INFO - Done. Returned value was: None
[2025-06-02T02:47:10.545+0000] {taskinstance.py:1138} INFO - Marking task as SUCCESS. dag_id=movie_recommendation_pipeline, task_id=cleanup_all, execution_date=20250602T024643, start_date=20250602T024707, end_date=20250602T024710
[2025-06-02T02:47:10.573+0000] {local_task_job_runner.py:234} INFO - Task exited with return code 0
[2025-06-02T02:47:10.597+0000] {taskinstance.py:3280} INFO - 2 downstream tasks scheduled from follow-on schedule check
