[2025-06-08T23:42:53.392+0000] {taskinstance.py:1956} INFO - Dependencies all met for dep_context=non-requeueable deps ti=<TaskInstance: deep_models_pipeline.train_deep_hybrid_model manual__2025-06-08T23:42:48.402403+00:00 [queued]>
[2025-06-08T23:42:53.398+0000] {taskinstance.py:1956} INFO - Dependencies all met for dep_context=requeueable deps ti=<TaskInstance: deep_models_pipeline.train_deep_hybrid_model manual__2025-06-08T23:42:48.402403+00:00 [queued]>
[2025-06-08T23:42:53.398+0000] {taskinstance.py:2170} INFO - Starting attempt 1 of 3
[2025-06-08T23:42:53.407+0000] {taskinstance.py:2191} INFO - Executing <Task(PythonOperator): train_deep_hybrid_model> on 2025-06-08 23:42:48.402403+00:00
[2025-06-08T23:42:53.411+0000] {standard_task_runner.py:60} INFO - Started process 304 to run task
[2025-06-08T23:42:53.413+0000] {standard_task_runner.py:87} INFO - Running: ['***', 'tasks', 'run', 'deep_models_pipeline', 'train_deep_hybrid_model', 'manual__2025-06-08T23:42:48.402403+00:00', '--job-id', '3603', '--raw', '--subdir', 'DAGS_FOLDER/train_deep_model_dag.py', '--cfg-path', '/tmp/tmpd7b2axh9']
[2025-06-08T23:42:53.415+0000] {standard_task_runner.py:88} INFO - Job 3603: Subtask train_deep_hybrid_model
[2025-06-08T23:42:53.441+0000] {task_command.py:423} INFO - Running <TaskInstance: deep_models_pipeline.train_deep_hybrid_model manual__2025-06-08T23:42:48.402403+00:00 [running]> on host d717b09b6d6c
[2025-06-08T23:42:53.489+0000] {taskinstance.py:2480} INFO - Exporting env vars: AIRFLOW_CTX_DAG_OWNER='***' AIRFLOW_CTX_DAG_ID='deep_models_pipeline' AIRFLOW_CTX_TASK_ID='train_deep_hybrid_model' AIRFLOW_CTX_EXECUTION_DATE='2025-06-08T23:42:48.402403+00:00' AIRFLOW_CTX_TRY_NUMBER='1' AIRFLOW_CTX_DAG_RUN_ID='manual__2025-06-08T23:42:48.402403+00:00'
[2025-06-08T23:42:53.489+0000] {train_deep_model_dag.py:13} INFO - 🟦 Running command: python /opt/***/src/models/train_hybrid_deep_model.py --n_neighbors=10 --latent_dim=64 --epochs=30 --tfidf_features=300
[2025-06-08T23:43:51.859+0000] {train_deep_model_dag.py:20} INFO - 🟩 [stdout]:
🏃 View run train_hybrid_deep_model at: https://dagshub.com/sacer11/MLOps_movie_rec_apr25.mlflow/#/experiments/10/runs/8382fbc43019465a953e3024b693bc2a
🧪 View experiment at: https://dagshub.com/sacer11/MLOps_movie_rec_apr25.mlflow/#/experiments/10

[2025-06-08T23:43:51.860+0000] {train_deep_model_dag.py:22} WARNING - 🟨 [stderr]:
2025-06-08 23:42:57,012 - __main__ - INFO - 📥 Lade Rohdaten und baue Hybrid-Feature-Matrix ...
2025-06-08 23:43:01,918 - __main__ - INFO - 📐 Hybrid-Matrix erstellt mit Shape: (10381, 1429), Feature-Namen: 1429
2025-06-08 23:43:11,946 - __main__ - INFO - 💾 Hybrid-Matrix gespeichert unter /opt/***/data/processed/hybrid_matrix.csv
2025-06-08 23:43:12,033 - __main__ - INFO - 🚀 Starte Training Autoencoder ...
2025-06-08 23:43:12,796 - __main__ - INFO - Epoch 1/30: Loss = 0.0118
2025-06-08 23:43:13,032 - __main__ - INFO - Epoch 2/30: Loss = 0.0068
2025-06-08 23:43:13,302 - __main__ - INFO - Epoch 3/30: Loss = 0.0059
2025-06-08 23:43:13,582 - __main__ - INFO - Epoch 4/30: Loss = 0.0054
2025-06-08 23:43:13,824 - __main__ - INFO - Epoch 5/30: Loss = 0.0051
2025-06-08 23:43:14,116 - __main__ - INFO - Epoch 6/30: Loss = 0.0049
2025-06-08 23:43:14,404 - __main__ - INFO - Epoch 7/30: Loss = 0.0048
2025-06-08 23:43:14,652 - __main__ - INFO - Epoch 8/30: Loss = 0.0046
2025-06-08 23:43:14,882 - __main__ - INFO - Epoch 9/30: Loss = 0.0045
2025-06-08 23:43:15,124 - __main__ - INFO - Epoch 10/30: Loss = 0.0045
2025-06-08 23:43:15,364 - __main__ - INFO - Epoch 11/30: Loss = 0.0044
2025-06-08 23:43:15,601 - __main__ - INFO - Epoch 12/30: Loss = 0.0043
2025-06-08 23:43:15,850 - __main__ - INFO - Epoch 13/30: Loss = 0.0043
2025-06-08 23:43:16,082 - __main__ - INFO - Epoch 14/30: Loss = 0.0042
2025-06-08 23:43:16,328 - __main__ - INFO - Epoch 15/30: Loss = 0.0042
2025-06-08 23:43:16,613 - __main__ - INFO - Epoch 16/30: Loss = 0.0042
2025-06-08 23:43:16,854 - __main__ - INFO - Epoch 17/30: Loss = 0.0041
2025-06-08 23:43:17,090 - __main__ - INFO - Epoch 18/30: Loss = 0.0041
2025-06-08 23:43:17,402 - __main__ - INFO - Epoch 19/30: Loss = 0.0041
2025-06-08 23:43:17,643 - __main__ - INFO - Epoch 20/30: Loss = 0.0040
2025-06-08 23:43:17,897 - __main__ - INFO - Epoch 21/30: Loss = 0.0040
2025-06-08 23:43:18,143 - __main__ - INFO - Epoch 22/30: Loss = 0.0040
2025-06-08 23:43:18,399 - __main__ - INFO - Epoch 23/30: Loss = 0.0040
2025-06-08 23:43:18,625 - __main__ - INFO - Epoch 24/30: Loss = 0.0040
2025-06-08 23:43:18,865 - __main__ - INFO - Epoch 25/30: Loss = 0.0040
2025-06-08 23:43:19,111 - __main__ - INFO - Epoch 26/30: Loss = 0.0039
2025-06-08 23:43:19,341 - __main__ - INFO - Epoch 27/30: Loss = 0.0039
2025-06-08 23:43:19,579 - __main__ - INFO - Epoch 28/30: Loss = 0.0039
2025-06-08 23:43:19,811 - __main__ - INFO - Epoch 29/30: Loss = 0.0039
2025-06-08 23:43:20,077 - __main__ - INFO - Epoch 30/30: Loss = 0.0039
2025-06-08 23:43:20,532 - __main__ - INFO - ✅ Hybrid-Embeddings gespeichert unter /opt/***/data/processed/hybrid_deep_embedding.csv
2025-06-08 23:43:20,532 - __main__ - INFO - ✅ Hybrid-Embeddings gespeichert unter /opt/***/data/processed/hybrid_deep_embedding.csv
2025-06-08 23:43:20,549 - __main__ - INFO - ✅ Deep KNN Modell gespeichert unter /opt/***/models/hybrid_deep_knn.pkl
2025/06/08 23:43:26 INFO mlflow.pyfunc: Validating input example against model signature

Downloading artifacts:   0%|          | 0/1 [00:00<?, ?it/s]
Downloading artifacts: 100%|██████████| 1/1 [00:00<00:00, 50.93it/s]
Downloading artifacts: 100%|██████████| 1/1 [00:00<00:00, 50.45it/s]
Registered model 'hybrid_deep_model' already exists. Creating a new version of this model...
2025/06/08 23:43:36 INFO mlflow.store.model_registry.abstract_store: Waiting up to 300 seconds for model version to finish creation. Model name: hybrid_deep_model, version 63
Created version '63' of model 'hybrid_deep_model'.
2025-06-08 23:43:48,837 - __main__ - INFO - 📝 Tags für Modellversion 63 gesetzt: n_neighbors=10, latent_dim=64, tfidf_features=300, epochs=30
2025-06-08 23:43:50,834 - __main__ - INFO - 🏁 Deep Hybrid-Model Training abgeschlossen und geloggt.

[2025-06-08T23:43:51.861+0000] {python.py:201} INFO - Done. Returned value was: None
[2025-06-08T23:43:51.871+0000] {taskinstance.py:1138} INFO - Marking task as SUCCESS. dag_id=deep_models_pipeline, task_id=train_deep_hybrid_model, execution_date=20250608T234248, start_date=20250608T234253, end_date=20250608T234351
[2025-06-08T23:43:51.917+0000] {local_task_job_runner.py:234} INFO - Task exited with return code 0
[2025-06-08T23:43:51.936+0000] {taskinstance.py:3280} INFO - 1 downstream tasks scheduled from follow-on schedule check
