[2025-06-02T08:45:33.489+0000] {taskinstance.py:1956} INFO - Dependencies all met for dep_context=non-requeueable deps ti=<TaskInstance: movie_recommendation_pipeline.train_hybrid_model manual__2025-06-02T08:45:05.116306+00:00 [queued]>
[2025-06-02T08:45:33.499+0000] {taskinstance.py:1956} INFO - Dependencies all met for dep_context=requeueable deps ti=<TaskInstance: movie_recommendation_pipeline.train_hybrid_model manual__2025-06-02T08:45:05.116306+00:00 [queued]>
[2025-06-02T08:45:33.500+0000] {taskinstance.py:2170} INFO - Starting attempt 1 of 3
[2025-06-02T08:45:33.517+0000] {taskinstance.py:2191} INFO - Executing <Task(PythonOperator): train_hybrid_model> on 2025-06-02 08:45:05.116306+00:00
[2025-06-02T08:45:33.524+0000] {standard_task_runner.py:60} INFO - Started process 1614 to run task
[2025-06-02T08:45:33.527+0000] {standard_task_runner.py:87} INFO - Running: ['***', 'tasks', 'run', 'movie_recommendation_pipeline', 'train_hybrid_model', 'manual__2025-06-02T08:45:05.116306+00:00', '--job-id', '1614', '--raw', '--subdir', 'DAGS_FOLDER/mlops_movie_dag.py', '--cfg-path', '/tmp/tmpi0hhaaz8']
[2025-06-02T08:45:33.528+0000] {standard_task_runner.py:88} INFO - Job 1614: Subtask train_hybrid_model
[2025-06-02T08:45:33.582+0000] {task_command.py:423} INFO - Running <TaskInstance: movie_recommendation_pipeline.train_hybrid_model manual__2025-06-02T08:45:05.116306+00:00 [running]> on host 3bd360313a9c
[2025-06-02T08:45:33.652+0000] {taskinstance.py:2480} INFO - Exporting env vars: AIRFLOW_CTX_DAG_OWNER='***' AIRFLOW_CTX_DAG_ID='movie_recommendation_pipeline' AIRFLOW_CTX_TASK_ID='train_hybrid_model' AIRFLOW_CTX_EXECUTION_DATE='2025-06-02T08:45:05.116306+00:00' AIRFLOW_CTX_TRY_NUMBER='1' AIRFLOW_CTX_DAG_RUN_ID='manual__2025-06-02T08:45:05.116306+00:00'
[2025-06-02T08:45:33.653+0000] {mlops_movie_dag.py:12} INFO - 🟦 Running command: python /opt/***/src/models/train_hybrid_model.py --n_neighbors=11 --tfidf_features=289
[2025-06-02T08:48:08.502+0000] {mlops_movie_dag.py:19} INFO - 🟩 [stdout]:
🏃 View run train_hybrid_model at: https://dagshub.com/sacer11/MLOps_movie_rec_apr25.mlflow/#/experiments/4/runs/6124ad1350c648b6bc8ed7f143c5db98
🧪 View experiment at: https://dagshub.com/sacer11/MLOps_movie_rec_apr25.mlflow/#/experiments/4

[2025-06-02T08:48:08.504+0000] {mlops_movie_dag.py:21} WARNING - 🟨 [stderr]:
2025-06-02 08:45:36,066 - __main__ - INFO - 🚀 Starte Hybrid-Modelltraining
2025-06-02 08:45:40,859 - __main__ - INFO - 📥 Rohdaten erfolgreich geladen
2025-06-02 08:45:43,505 - __main__ - INFO - 📐 Hybrid-Matrix erstellt mit Shape: (10381, 1418), Feature-Namen: 1418
2025-06-02 08:45:43,589 - __main__ - INFO - 🤖 KNN-Modell trainiert
2025-06-02 08:45:55,586 - __main__ - INFO - ✅ Feature-Schema gespeichert unter /opt/***/data/processed/hybrid_matrix_features.txt
2025/06/02 08:46:08 INFO mlflow.pyfunc: Validating input example against model signature

Downloading artifacts:   0%|          | 0/1 [00:00<?, ?it/s]
Downloading artifacts: 100%|██████████| 1/1 [00:01<00:00,  1.13s/it]
Downloading artifacts: 100%|██████████| 1/1 [00:01<00:00,  1.13s/it]
Downloading artifacts: 100%|██████████| 1/1 [00:01<00:00,  1.13s/it]
Registered model 'movie_model' already exists. Creating a new version of this model...
2025/06/02 08:47:10 INFO mlflow.store.model_registry.abstract_store: Waiting up to 300 seconds for model version to finish creation. Model name: movie_model, version 104
Created version '104' of model 'movie_model'.
2025-06-02 08:48:08,043 - __main__ - INFO - ✅ Modell & Matrix erfolgreich gespeichert und in MLflow geloggt

[2025-06-02T08:48:08.504+0000] {python.py:201} INFO - Done. Returned value was: None
[2025-06-02T08:48:08.514+0000] {taskinstance.py:1138} INFO - Marking task as SUCCESS. dag_id=movie_recommendation_pipeline, task_id=train_hybrid_model, execution_date=20250602T084505, start_date=20250602T084533, end_date=20250602T084808
[2025-06-02T08:48:08.569+0000] {local_task_job_runner.py:234} INFO - Task exited with return code 0
[2025-06-02T08:48:08.589+0000] {taskinstance.py:3280} INFO - 0 downstream tasks scheduled from follow-on schedule check
