[2025-06-04T19:16:49.654+0000] {taskinstance.py:1956} INFO - Dependencies all met for dep_context=non-requeueable deps ti=<TaskInstance: deep_models_pipeline.train_deep_hybrid_model manual__2025-06-04T19:16:48.609678+00:00 [queued]>
[2025-06-04T19:16:49.672+0000] {taskinstance.py:1956} INFO - Dependencies all met for dep_context=requeueable deps ti=<TaskInstance: deep_models_pipeline.train_deep_hybrid_model manual__2025-06-04T19:16:48.609678+00:00 [queued]>
[2025-06-04T19:16:49.673+0000] {taskinstance.py:2170} INFO - Starting attempt 1 of 1
[2025-06-04T19:16:49.693+0000] {taskinstance.py:2191} INFO - Executing <Task(PythonOperator): train_deep_hybrid_model> on 2025-06-04 19:16:48.609678+00:00
[2025-06-04T19:16:49.705+0000] {standard_task_runner.py:60} INFO - Started process 1581 to run task
[2025-06-04T19:16:49.709+0000] {standard_task_runner.py:87} INFO - Running: ['***', 'tasks', 'run', 'deep_models_pipeline', 'train_deep_hybrid_model', 'manual__2025-06-04T19:16:48.609678+00:00', '--job-id', '1843', '--raw', '--subdir', 'DAGS_FOLDER/train_deep_model_dag.py', '--cfg-path', '/tmp/tmp85oi8uwl']
[2025-06-04T19:16:49.712+0000] {standard_task_runner.py:88} INFO - Job 1843: Subtask train_deep_hybrid_model
[2025-06-04T19:16:49.769+0000] {task_command.py:423} INFO - Running <TaskInstance: deep_models_pipeline.train_deep_hybrid_model manual__2025-06-04T19:16:48.609678+00:00 [running]> on host 4d1325249967
[2025-06-04T19:16:49.856+0000] {taskinstance.py:2480} INFO - Exporting env vars: AIRFLOW_CTX_DAG_OWNER='***' AIRFLOW_CTX_DAG_ID='deep_models_pipeline' AIRFLOW_CTX_TASK_ID='train_deep_hybrid_model' AIRFLOW_CTX_EXECUTION_DATE='2025-06-04T19:16:48.609678+00:00' AIRFLOW_CTX_TRY_NUMBER='1' AIRFLOW_CTX_DAG_RUN_ID='manual__2025-06-04T19:16:48.609678+00:00'
[2025-06-04T19:16:49.858+0000] {train_deep_model_dag.py:13} INFO - 🟦 Running command: python /opt/***/src/models/train_hybrid_deep_model.py --n_neighbors=10 --latent_dim=32
[2025-06-04T19:17:35.550+0000] {train_deep_model_dag.py:20} INFO - 🟩 [stdout]:
Epoch 1/30: Loss = 0.0123
Epoch 2/30: Loss = 0.0073
Epoch 3/30: Loss = 0.0062
Epoch 4/30: Loss = 0.0058
Epoch 5/30: Loss = 0.0055
Epoch 6/30: Loss = 0.0053
Epoch 7/30: Loss = 0.0052
Epoch 8/30: Loss = 0.0051
Epoch 9/30: Loss = 0.0050
Epoch 10/30: Loss = 0.0049
Epoch 11/30: Loss = 0.0049
Epoch 12/30: Loss = 0.0048
Epoch 13/30: Loss = 0.0048
Epoch 14/30: Loss = 0.0047
Epoch 15/30: Loss = 0.0047
Epoch 16/30: Loss = 0.0047
Epoch 17/30: Loss = 0.0046
Epoch 18/30: Loss = 0.0046
Epoch 19/30: Loss = 0.0046
Epoch 20/30: Loss = 0.0046
Epoch 21/30: Loss = 0.0045
Epoch 22/30: Loss = 0.0045
Epoch 23/30: Loss = 0.0045
Epoch 24/30: Loss = 0.0045
Epoch 25/30: Loss = 0.0044
Epoch 26/30: Loss = 0.0044
Epoch 27/30: Loss = 0.0044
Epoch 28/30: Loss = 0.0044
Epoch 29/30: Loss = 0.0044
Epoch 30/30: Loss = 0.0044
✅ Hybrid-Embeddings gespeichert unter /opt/***/data/processed/hybrid_deep_embedding.csv
✅ Deep KNN Modell gespeichert unter /opt/***/models/hybrid_deep_knn.pkl
📝 Tags für Modellversion 5 gesetzt: n_neighbors=10, latent_dim=32
🏃 View run train_hybrid_deep_model at: https://dagshub.com/sacer11/MLOps_movie_rec_apr25.mlflow/#/experiments/7/runs/d91dda9b31a547c3abbf943d7b5079b3
🧪 View experiment at: https://dagshub.com/sacer11/MLOps_movie_rec_apr25.mlflow/#/experiments/7
🏁 Deep Hybrid-Model Training abgeschlossen und geloggt.

[2025-06-04T19:17:35.555+0000] {train_deep_model_dag.py:22} WARNING - 🟨 [stderr]:
/home/***/.local/lib/python3.10/site-packages/mlflow/pyfunc/utils/data_validation.py:186: UserWarning: [33mAdd type hints to the `predict` method to enable data validation and automatic signature inference during model logging. Check https://mlflow.org/docs/latest/model/python_model.html#type-hint-usage-in-pythonmodel for more details.[0m
  color_warning(
2025/06/04 19:17:20 INFO mlflow.pyfunc: Validating input example against model signature

Downloading artifacts:   0%|          | 0/1 [00:00<?, ?it/s]
Downloading artifacts: 100%|██████████| 1/1 [00:00<00:00, 54.52it/s]
Downloading artifacts: 100%|██████████| 1/1 [00:00<00:00, 53.71it/s]
Registered model 'hybrid_deep_model' already exists. Creating a new version of this model...
2025/06/04 19:17:31 INFO mlflow.store.model_registry.abstract_store: Waiting up to 300 seconds for model version to finish creation. Model name: hybrid_deep_model, version 5
Created version '5' of model 'hybrid_deep_model'.

[2025-06-04T19:17:35.557+0000] {python.py:201} INFO - Done. Returned value was: None
[2025-06-04T19:17:35.612+0000] {taskinstance.py:1138} INFO - Marking task as SUCCESS. dag_id=deep_models_pipeline, task_id=train_deep_hybrid_model, execution_date=20250604T191648, start_date=20250604T191649, end_date=20250604T191735
[2025-06-04T19:17:35.656+0000] {local_task_job_runner.py:234} INFO - Task exited with return code 0
[2025-06-04T19:17:35.702+0000] {taskinstance.py:3280} INFO - 0 downstream tasks scheduled from follow-on schedule check
