[2025-06-01T13:05:11.726+0000] {taskinstance.py:1956} INFO - Dependencies all met for dep_context=non-requeueable deps ti=<TaskInstance: movie_recommendation_pipeline.train_hybrid_model manual__2025-06-01T13:04:46.954150+00:00 [queued]>
[2025-06-01T13:05:11.732+0000] {taskinstance.py:1956} INFO - Dependencies all met for dep_context=requeueable deps ti=<TaskInstance: movie_recommendation_pipeline.train_hybrid_model manual__2025-06-01T13:04:46.954150+00:00 [queued]>
[2025-06-01T13:05:11.733+0000] {taskinstance.py:2170} INFO - Starting attempt 1 of 3
[2025-06-01T13:05:11.742+0000] {taskinstance.py:2191} INFO - Executing <Task(PythonOperator): train_hybrid_model> on 2025-06-01 13:04:46.954150+00:00
[2025-06-01T13:05:11.749+0000] {standard_task_runner.py:60} INFO - Started process 305 to run task
[2025-06-01T13:05:11.751+0000] {standard_task_runner.py:87} INFO - Running: ['***', 'tasks', 'run', 'movie_recommendation_pipeline', 'train_hybrid_model', 'manual__2025-06-01T13:04:46.954150+00:00', '--job-id', '1022', '--raw', '--subdir', 'DAGS_FOLDER/mlops_movie_dag.py', '--cfg-path', '/tmp/tmphg3cypdj']
[2025-06-01T13:05:11.753+0000] {standard_task_runner.py:88} INFO - Job 1022: Subtask train_hybrid_model
[2025-06-01T13:05:11.785+0000] {task_command.py:423} INFO - Running <TaskInstance: movie_recommendation_pipeline.train_hybrid_model manual__2025-06-01T13:04:46.954150+00:00 [running]> on host 4a9fead72780
[2025-06-01T13:05:11.844+0000] {taskinstance.py:2480} INFO - Exporting env vars: AIRFLOW_CTX_DAG_OWNER='***' AIRFLOW_CTX_DAG_ID='movie_recommendation_pipeline' AIRFLOW_CTX_TASK_ID='train_hybrid_model' AIRFLOW_CTX_EXECUTION_DATE='2025-06-01T13:04:46.954150+00:00' AIRFLOW_CTX_TRY_NUMBER='1' AIRFLOW_CTX_DAG_RUN_ID='manual__2025-06-01T13:04:46.954150+00:00'
[2025-06-01T13:06:07.628+0000] {mlops_movie_dag.py:15} INFO - 🚀 Starte Hybrid-Modelltraining
📥 Rohdaten erfolgreich geladen
📐 Hybrid-Matrix erstellt mit Shape: (10381, 1428)
🤖 KNN-Modell trainiert

Downloading artifacts:   0%|          | 0/1 [00:00<?, ?it/s]
Downloading artifacts: 100%|██████████| 1/1 [00:01<00:00,  1.06s/it]
Downloading artifacts: 100%|██████████| 1/1 [00:01<00:00,  1.06s/it]
Downloading artifacts: 100%|██████████| 1/1 [00:01<00:00,  1.06s/it]
✅ Modell & Matrix erfolgreich gespeichert und in MLflow geloggt

[2025-06-01T13:06:07.630+0000] {python.py:201} INFO - Done. Returned value was: None
[2025-06-01T13:06:07.643+0000] {taskinstance.py:1138} INFO - Marking task as SUCCESS. dag_id=movie_recommendation_pipeline, task_id=train_hybrid_model, execution_date=20250601T130446, start_date=20250601T130511, end_date=20250601T130607
[2025-06-01T13:06:07.696+0000] {local_task_job_runner.py:234} INFO - Task exited with return code 0
[2025-06-01T13:06:07.717+0000] {taskinstance.py:3280} INFO - 0 downstream tasks scheduled from follow-on schedule check
