[2025-06-06T00:51:58.272+0000] {taskinstance.py:1956} INFO - Dependencies all met for dep_context=non-requeueable deps ti=<TaskInstance: deep_models_pipeline.train_deep_hybrid_model manual__2025-06-06T00:51:52.792868+00:00 [queued]>
[2025-06-06T00:51:58.280+0000] {taskinstance.py:1956} INFO - Dependencies all met for dep_context=requeueable deps ti=<TaskInstance: deep_models_pipeline.train_deep_hybrid_model manual__2025-06-06T00:51:52.792868+00:00 [queued]>
[2025-06-06T00:51:58.280+0000] {taskinstance.py:2170} INFO - Starting attempt 1 of 3
[2025-06-06T00:51:58.289+0000] {taskinstance.py:2191} INFO - Executing <Task(PythonOperator): train_deep_hybrid_model> on 2025-06-06 00:51:52.792868+00:00
[2025-06-06T00:51:58.295+0000] {standard_task_runner.py:60} INFO - Started process 1944 to run task
[2025-06-06T00:51:58.297+0000] {standard_task_runner.py:87} INFO - Running: ['***', 'tasks', 'run', 'deep_models_pipeline', 'train_deep_hybrid_model', 'manual__2025-06-06T00:51:52.792868+00:00', '--job-id', '2122', '--raw', '--subdir', 'DAGS_FOLDER/train_deep_model_dag.py', '--cfg-path', '/tmp/tmpo8y9avhg']
[2025-06-06T00:51:58.298+0000] {standard_task_runner.py:88} INFO - Job 2122: Subtask train_deep_hybrid_model
[2025-06-06T00:51:58.330+0000] {task_command.py:423} INFO - Running <TaskInstance: deep_models_pipeline.train_deep_hybrid_model manual__2025-06-06T00:51:52.792868+00:00 [running]> on host 26ba7f5980a4
[2025-06-06T00:51:58.383+0000] {taskinstance.py:2480} INFO - Exporting env vars: AIRFLOW_CTX_DAG_OWNER='***' AIRFLOW_CTX_DAG_ID='deep_models_pipeline' AIRFLOW_CTX_TASK_ID='train_deep_hybrid_model' AIRFLOW_CTX_EXECUTION_DATE='2025-06-06T00:51:52.792868+00:00' AIRFLOW_CTX_TRY_NUMBER='1' AIRFLOW_CTX_DAG_RUN_ID='manual__2025-06-06T00:51:52.792868+00:00'
[2025-06-06T00:51:58.384+0000] {train_deep_model_dag.py:13} INFO - 🟦 Running command: python /opt/***/src/models/train_hybrid_deep_model.py --n_neighbors=10 --latent_dim=40
[2025-06-06T00:52:46.545+0000] {train_deep_model_dag.py:20} INFO - 🟩 [stdout]:
🏃 View run train_hybrid_deep_model at: https://dagshub.com/sacer11/MLOps_movie_rec_apr25.mlflow/#/experiments/7/runs/db2af60569e642359c982b18f0c640d1
🧪 View experiment at: https://dagshub.com/sacer11/MLOps_movie_rec_apr25.mlflow/#/experiments/7

[2025-06-06T00:52:46.546+0000] {train_deep_model_dag.py:22} WARNING - 🟨 [stderr]:
/home/***/.local/lib/python3.10/site-packages/mlflow/pyfunc/utils/data_validation.py:186: UserWarning: [33mAdd type hints to the `predict` method to enable data validation and automatic signature inference during model logging. Check https://mlflow.org/docs/latest/model/python_model.html#type-hint-usage-in-pythonmodel for more details.[0m
  color_warning(
2025-06-06 00:52:08,150 - __main__ - INFO - Epoch 1/30: Loss = 0.0122
2025-06-06 00:52:08,560 - __main__ - INFO - Epoch 2/30: Loss = 0.0071
2025-06-06 00:52:09,104 - __main__ - INFO - Epoch 3/30: Loss = 0.0060
2025-06-06 00:52:09,576 - __main__ - INFO - Epoch 4/30: Loss = 0.0056
2025-06-06 00:52:09,962 - __main__ - INFO - Epoch 5/30: Loss = 0.0054
2025-06-06 00:52:10,395 - __main__ - INFO - Epoch 6/30: Loss = 0.0051
2025-06-06 00:52:10,830 - __main__ - INFO - Epoch 7/30: Loss = 0.0050
2025-06-06 00:52:11,251 - __main__ - INFO - Epoch 8/30: Loss = 0.0049
2025-06-06 00:52:11,646 - __main__ - INFO - Epoch 9/30: Loss = 0.0048
2025-06-06 00:52:12,024 - __main__ - INFO - Epoch 10/30: Loss = 0.0047
2025-06-06 00:52:12,425 - __main__ - INFO - Epoch 11/30: Loss = 0.0047
2025-06-06 00:52:12,830 - __main__ - INFO - Epoch 12/30: Loss = 0.0046
2025-06-06 00:52:13,195 - __main__ - INFO - Epoch 13/30: Loss = 0.0046
2025-06-06 00:52:13,605 - __main__ - INFO - Epoch 14/30: Loss = 0.0046
2025-06-06 00:52:14,018 - __main__ - INFO - Epoch 15/30: Loss = 0.0045
2025-06-06 00:52:14,416 - __main__ - INFO - Epoch 16/30: Loss = 0.0045
2025-06-06 00:52:14,812 - __main__ - INFO - Epoch 17/30: Loss = 0.0045
2025-06-06 00:52:15,149 - __main__ - INFO - Epoch 18/30: Loss = 0.0044
2025-06-06 00:52:15,489 - __main__ - INFO - Epoch 19/30: Loss = 0.0044
2025-06-06 00:52:15,835 - __main__ - INFO - Epoch 20/30: Loss = 0.0044
2025-06-06 00:52:16,214 - __main__ - INFO - Epoch 21/30: Loss = 0.0044
2025-06-06 00:52:16,555 - __main__ - INFO - Epoch 22/30: Loss = 0.0043
2025-06-06 00:52:16,922 - __main__ - INFO - Epoch 23/30: Loss = 0.0043
2025-06-06 00:52:17,284 - __main__ - INFO - Epoch 24/30: Loss = 0.0043
2025-06-06 00:52:17,713 - __main__ - INFO - Epoch 25/30: Loss = 0.0043
2025-06-06 00:52:18,181 - __main__ - INFO - Epoch 26/30: Loss = 0.0043
2025-06-06 00:52:18,590 - __main__ - INFO - Epoch 27/30: Loss = 0.0042
2025-06-06 00:52:18,950 - __main__ - INFO - Epoch 28/30: Loss = 0.0042
2025-06-06 00:52:19,315 - __main__ - INFO - Epoch 29/30: Loss = 0.0042
2025-06-06 00:52:19,658 - __main__ - INFO - Epoch 30/30: Loss = 0.0042
2025-06-06 00:52:19,954 - __main__ - INFO - ✅ Hybrid-Embeddings gespeichert unter /opt/***/data/processed/hybrid_deep_embedding.csv
2025-06-06 00:52:19,966 - __main__ - INFO - ✅ Deep KNN Modell gespeichert unter /opt/***/models/hybrid_deep_knn.pkl
2025/06/06 00:52:26 INFO mlflow.pyfunc: Validating input example against model signature

Downloading artifacts:   0%|          | 0/1 [00:00<?, ?it/s]
Downloading artifacts: 100%|██████████| 1/1 [00:00<00:00, 241.27it/s]
Downloading artifacts: 100%|██████████| 1/1 [00:00<00:00, 233.09it/s]
Registered model 'hybrid_deep_model' already exists. Creating a new version of this model...
2025/06/06 00:52:36 INFO mlflow.store.model_registry.abstract_store: Waiting up to 300 seconds for model version to finish creation. Model name: hybrid_deep_model, version 12
Created version '12' of model 'hybrid_deep_model'.
2025-06-06 00:52:43,240 - __main__ - INFO - 📝 Tags für Modellversion 12 gesetzt: n_neighbors=10, latent_dim=40
2025-06-06 00:52:43,245 - __main__ - INFO - 💾 Persistiere Modell-Metadaten unter /opt/***/models/hybrid_deep_model_meta.json: {'model_type': 'hybrid_deep_knn', 'n_neighbors': 10, 'latent_dim': 40, 'algorithm': 'cosine', 'epochs': 30, 'run_id': 'db2af60569e642359c982b18f0c640d1', 'version': '12', 'persisted_at': '2025-06-06T00:52:43.240427'}
2025-06-06 00:52:45,240 - __main__ - INFO - 🏁 Deep Hybrid-Model Training abgeschlossen und geloggt.

[2025-06-06T00:52:46.547+0000] {python.py:201} INFO - Done. Returned value was: None
[2025-06-06T00:52:46.557+0000] {taskinstance.py:1138} INFO - Marking task as SUCCESS. dag_id=deep_models_pipeline, task_id=train_deep_hybrid_model, execution_date=20250606T005152, start_date=20250606T005158, end_date=20250606T005246
[2025-06-06T00:52:46.574+0000] {local_task_job_runner.py:234} INFO - Task exited with return code 0
[2025-06-06T00:52:46.594+0000] {taskinstance.py:3280} INFO - 0 downstream tasks scheduled from follow-on schedule check
