[2025-06-01T20:32:02.410+0000] {taskinstance.py:1956} INFO - Dependencies all met for dep_context=non-requeueable deps ti=<TaskInstance: movie_recommendation_pipeline.train_hybrid_model manual__2025-06-01T20:26:05.207554+00:00 [queued]>
[2025-06-01T20:32:02.420+0000] {taskinstance.py:1956} INFO - Dependencies all met for dep_context=requeueable deps ti=<TaskInstance: movie_recommendation_pipeline.train_hybrid_model manual__2025-06-01T20:26:05.207554+00:00 [queued]>
[2025-06-01T20:32:02.420+0000] {taskinstance.py:2170} INFO - Starting attempt 1 of 3
[2025-06-01T20:32:02.443+0000] {taskinstance.py:2191} INFO - Executing <Task(PythonOperator): train_hybrid_model> on 2025-06-01 20:26:05.207554+00:00
[2025-06-01T20:32:02.447+0000] {standard_task_runner.py:60} INFO - Started process 801 to run task
[2025-06-01T20:32:02.450+0000] {standard_task_runner.py:87} INFO - Running: ['***', 'tasks', 'run', 'movie_recommendation_pipeline', 'train_hybrid_model', 'manual__2025-06-01T20:26:05.207554+00:00', '--job-id', '1259', '--raw', '--subdir', 'DAGS_FOLDER/mlops_movie_dag.py', '--cfg-path', '/tmp/tmp6az3yrtw']
[2025-06-01T20:32:02.451+0000] {standard_task_runner.py:88} INFO - Job 1259: Subtask train_hybrid_model
[2025-06-01T20:32:02.485+0000] {task_command.py:423} INFO - Running <TaskInstance: movie_recommendation_pipeline.train_hybrid_model manual__2025-06-01T20:26:05.207554+00:00 [running]> on host 232dd595ceb7
[2025-06-01T20:32:02.579+0000] {taskinstance.py:2480} INFO - Exporting env vars: AIRFLOW_CTX_DAG_OWNER='***' AIRFLOW_CTX_DAG_ID='movie_recommendation_pipeline' AIRFLOW_CTX_TASK_ID='train_hybrid_model' AIRFLOW_CTX_EXECUTION_DATE='2025-06-01T20:26:05.207554+00:00' AIRFLOW_CTX_TRY_NUMBER='1' AIRFLOW_CTX_DAG_RUN_ID='manual__2025-06-01T20:26:05.207554+00:00'
[2025-06-01T20:32:02.582+0000] {mlops_movie_dag.py:12} INFO - 🟦 Running command: python /opt/***/src/models/train_hybrid_model.py
[2025-06-01T20:37:44.324+0000] {mlops_movie_dag.py:18} INFO - 🟩 [stdout]:
🚀 Starte Hybrid-Modelltraining
📥 Rohdaten erfolgreich geladen
📐 Hybrid-Matrix erstellt mit Shape: (10381, 1428)
🤖 KNN-Modell trainiert
✅ Feature-Schema gespeichert unter /opt/***/data/processed/hybrid_matrix_features.txt
🏃 View run train_hybrid_model at: https://dagshub.com/sacer11/MLOps_movie_rec_apr25.mlflow/#/experiments/4/runs/6c8da81e1c3d45678c313714934305ee
🧪 View experiment at: https://dagshub.com/sacer11/MLOps_movie_rec_apr25.mlflow/#/experiments/4
✅ Modell & Matrix erfolgreich gespeichert und in MLflow geloggt

[2025-06-01T20:37:44.326+0000] {mlops_movie_dag.py:20} WARNING - 🟨 [stderr]:
2025/06/01 20:32:36 INFO mlflow.pyfunc: Validating input example against model signature

Downloading artifacts:   0%|          | 0/1 [00:00<?, ?it/s]
Downloading artifacts: 100%|██████████| 1/1 [00:00<00:00,  1.03it/s]
Downloading artifacts: 100%|██████████| 1/1 [00:00<00:00,  1.03it/s]
Downloading artifacts: 100%|██████████| 1/1 [00:00<00:00,  1.02it/s]
WARNING:urllib3.connectionpool:Retrying (Retry(total=6, connect=7, read=7, redirect=7, status=7)) after connection broken by 'SSLEOFError(8, 'EOF occurred in violation of protocol (_ssl.c:2426)')': /sacer11/MLOps_movie_rec_apr25.mlflow/api/2.0/mlflow-artifacts/artifacts/072bca99326642ffbc9ff091a82cf3a3/6c8da81e1c3d45678c313714934305ee/artifacts/features/hybrid_matrix.csv

[2025-06-01T20:37:44.327+0000] {python.py:201} INFO - Done. Returned value was: None
[2025-06-01T20:37:44.342+0000] {taskinstance.py:1138} INFO - Marking task as SUCCESS. dag_id=movie_recommendation_pipeline, task_id=train_hybrid_model, execution_date=20250601T202605, start_date=20250601T203202, end_date=20250601T203744
[2025-06-01T20:37:44.389+0000] {local_task_job_runner.py:234} INFO - Task exited with return code 0
[2025-06-01T20:37:44.415+0000] {taskinstance.py:3280} INFO - 1 downstream tasks scheduled from follow-on schedule check
