[2025-06-07T00:53:13.469+0000] {taskinstance.py:1956} INFO - Dependencies all met for dep_context=non-requeueable deps ti=<TaskInstance: deep_models_pipeline.train_deep_hybrid_model manual__2025-06-07T00:53:08.232339+00:00 [queued]>
[2025-06-07T00:53:13.476+0000] {taskinstance.py:1956} INFO - Dependencies all met for dep_context=requeueable deps ti=<TaskInstance: deep_models_pipeline.train_deep_hybrid_model manual__2025-06-07T00:53:08.232339+00:00 [queued]>
[2025-06-07T00:53:13.476+0000] {taskinstance.py:2170} INFO - Starting attempt 1 of 3
[2025-06-07T00:53:13.486+0000] {taskinstance.py:2191} INFO - Executing <Task(PythonOperator): train_deep_hybrid_model> on 2025-06-07 00:53:08.232339+00:00
[2025-06-07T00:53:13.492+0000] {standard_task_runner.py:60} INFO - Started process 300 to run task
[2025-06-07T00:53:13.495+0000] {standard_task_runner.py:87} INFO - Running: ['***', 'tasks', 'run', 'deep_models_pipeline', 'train_deep_hybrid_model', 'manual__2025-06-07T00:53:08.232339+00:00', '--job-id', '2329', '--raw', '--subdir', 'DAGS_FOLDER/train_deep_model_dag.py', '--cfg-path', '/tmp/tmpxv3z1lg1']
[2025-06-07T00:53:13.497+0000] {standard_task_runner.py:88} INFO - Job 2329: Subtask train_deep_hybrid_model
[2025-06-07T00:53:13.532+0000] {task_command.py:423} INFO - Running <TaskInstance: deep_models_pipeline.train_deep_hybrid_model manual__2025-06-07T00:53:08.232339+00:00 [running]> on host 54dc5c60a970
[2025-06-07T00:53:13.589+0000] {taskinstance.py:2480} INFO - Exporting env vars: AIRFLOW_CTX_DAG_OWNER='***' AIRFLOW_CTX_DAG_ID='deep_models_pipeline' AIRFLOW_CTX_TASK_ID='train_deep_hybrid_model' AIRFLOW_CTX_EXECUTION_DATE='2025-06-07T00:53:08.232339+00:00' AIRFLOW_CTX_TRY_NUMBER='1' AIRFLOW_CTX_DAG_RUN_ID='manual__2025-06-07T00:53:08.232339+00:00'
[2025-06-07T00:53:13.590+0000] {train_deep_model_dag.py:13} INFO - 🟦 Running command: python /opt/***/src/models/train_hybrid_deep_model.py --n_neighbors=10 --latent_dim=32 --epochs=30 --tfidf_features=300
[2025-06-07T00:54:11.099+0000] {train_deep_model_dag.py:20} INFO - 🟩 [stdout]:
🏃 View run train_hybrid_deep_model at: https://dagshub.com/sacer11/MLOps_movie_rec_apr25.mlflow/#/experiments/10/runs/93e8a55a560b4283bd73ee2843f11183
🧪 View experiment at: https://dagshub.com/sacer11/MLOps_movie_rec_apr25.mlflow/#/experiments/10

[2025-06-07T00:54:11.100+0000] {train_deep_model_dag.py:22} WARNING - 🟨 [stderr]:
/home/***/.local/lib/python3.10/site-packages/mlflow/pyfunc/utils/data_validation.py:186: UserWarning: [33mAdd type hints to the `predict` method to enable data validation and automatic signature inference during model logging. Check https://mlflow.org/docs/latest/model/python_model.html#type-hint-usage-in-pythonmodel for more details.[0m
  color_warning(
2025-06-07 00:53:17,330 - __main__ - INFO - 📥 Lade Rohdaten und baue Hybrid-Feature-Matrix ...
2025-06-07 00:53:22,235 - __main__ - INFO - 📐 Hybrid-Matrix erstellt mit Shape: (10381, 1429), Feature-Namen: 1429
2025-06-07 00:53:32,542 - __main__ - INFO - 💾 Hybrid-Matrix gespeichert unter /opt/***/data/processed/hybrid_matrix.csv
2025-06-07 00:53:32,626 - __main__ - INFO - 🚀 Starte Training Autoencoder ...
2025-06-07 00:53:33,479 - __main__ - INFO - Epoch 1/30: Loss = 0.0122
2025-06-07 00:53:33,785 - __main__ - INFO - Epoch 2/30: Loss = 0.0071
2025-06-07 00:53:34,056 - __main__ - INFO - Epoch 3/30: Loss = 0.0061
2025-06-07 00:53:34,325 - __main__ - INFO - Epoch 4/30: Loss = 0.0057
2025-06-07 00:53:34,618 - __main__ - INFO - Epoch 5/30: Loss = 0.0054
2025-06-07 00:53:34,872 - __main__ - INFO - Epoch 6/30: Loss = 0.0053
2025-06-07 00:53:35,126 - __main__ - INFO - Epoch 7/30: Loss = 0.0051
2025-06-07 00:53:35,452 - __main__ - INFO - Epoch 8/30: Loss = 0.0050
2025-06-07 00:53:35,803 - __main__ - INFO - Epoch 9/30: Loss = 0.0049
2025-06-07 00:53:36,092 - __main__ - INFO - Epoch 10/30: Loss = 0.0048
2025-06-07 00:53:36,380 - __main__ - INFO - Epoch 11/30: Loss = 0.0048
2025-06-07 00:53:36,677 - __main__ - INFO - Epoch 12/30: Loss = 0.0047
2025-06-07 00:53:36,947 - __main__ - INFO - Epoch 13/30: Loss = 0.0047
2025-06-07 00:53:37,323 - __main__ - INFO - Epoch 14/30: Loss = 0.0046
2025-06-07 00:53:37,657 - __main__ - INFO - Epoch 15/30: Loss = 0.0046
2025-06-07 00:53:37,911 - __main__ - INFO - Epoch 16/30: Loss = 0.0046
2025-06-07 00:53:38,171 - __main__ - INFO - Epoch 17/30: Loss = 0.0046
2025-06-07 00:53:38,436 - __main__ - INFO - Epoch 18/30: Loss = 0.0045
2025-06-07 00:53:38,703 - __main__ - INFO - Epoch 19/30: Loss = 0.0045
2025-06-07 00:53:38,964 - __main__ - INFO - Epoch 20/30: Loss = 0.0045
2025-06-07 00:53:39,218 - __main__ - INFO - Epoch 21/30: Loss = 0.0045
2025-06-07 00:53:39,464 - __main__ - INFO - Epoch 22/30: Loss = 0.0045
2025-06-07 00:53:39,722 - __main__ - INFO - Epoch 23/30: Loss = 0.0044
2025-06-07 00:53:39,968 - __main__ - INFO - Epoch 24/30: Loss = 0.0044
2025-06-07 00:53:40,237 - __main__ - INFO - Epoch 25/30: Loss = 0.0044
2025-06-07 00:53:40,497 - __main__ - INFO - Epoch 26/30: Loss = 0.0044
2025-06-07 00:53:40,768 - __main__ - INFO - Epoch 27/30: Loss = 0.0044
2025-06-07 00:53:41,073 - __main__ - INFO - Epoch 28/30: Loss = 0.0044
2025-06-07 00:53:41,343 - __main__ - INFO - Epoch 29/30: Loss = 0.0043
2025-06-07 00:53:41,633 - __main__ - INFO - Epoch 30/30: Loss = 0.0043
2025-06-07 00:53:41,868 - __main__ - INFO - ✅ Hybrid-Embeddings gespeichert unter /opt/***/data/processed/hybrid_deep_embedding.csv
2025-06-07 00:53:41,868 - __main__ - INFO - ✅ Hybrid-Embeddings gespeichert unter /opt/***/data/processed/hybrid_deep_embedding.csv
2025-06-07 00:53:41,878 - __main__ - INFO - ✅ Deep KNN Modell gespeichert unter /opt/***/models/hybrid_deep_knn.pkl
2025/06/07 00:53:46 INFO mlflow.pyfunc: Validating input example against model signature

Downloading artifacts:   0%|          | 0/1 [00:00<?, ?it/s]
Downloading artifacts: 100%|██████████| 1/1 [00:00<00:00, 64.53it/s]
Downloading artifacts: 100%|██████████| 1/1 [00:00<00:00, 63.56it/s]
Registered model 'hybrid_deep_model' already exists. Creating a new version of this model...
2025/06/07 00:53:57 INFO mlflow.store.model_registry.abstract_store: Waiting up to 300 seconds for model version to finish creation. Model name: hybrid_deep_model, version 12
Created version '12' of model 'hybrid_deep_model'.
2025-06-07 00:54:08,112 - __main__ - INFO - 📝 Tags für Modellversion 12 gesetzt: n_neighbors=10, latent_dim=32
2025-06-07 00:54:10,120 - __main__ - INFO - 🏁 Deep Hybrid-Model Training abgeschlossen und geloggt.

[2025-06-07T00:54:11.102+0000] {python.py:201} INFO - Done. Returned value was: None
[2025-06-07T00:54:11.112+0000] {taskinstance.py:1138} INFO - Marking task as SUCCESS. dag_id=deep_models_pipeline, task_id=train_deep_hybrid_model, execution_date=20250607T005308, start_date=20250607T005313, end_date=20250607T005411
[2025-06-07T00:54:11.169+0000] {local_task_job_runner.py:234} INFO - Task exited with return code 0
[2025-06-07T00:54:11.191+0000] {taskinstance.py:3280} INFO - 1 downstream tasks scheduled from follow-on schedule check
