[2025-06-02T10:38:06.013+0000] {taskinstance.py:1956} INFO - Dependencies all met for dep_context=non-requeueable deps ti=<TaskInstance: movie_recommendation_pipeline.dvc_pull_all manual__2025-06-02T10:29:44.882184+00:00 [queued]>
[2025-06-02T10:38:06.019+0000] {taskinstance.py:1956} INFO - Dependencies all met for dep_context=requeueable deps ti=<TaskInstance: movie_recommendation_pipeline.dvc_pull_all manual__2025-06-02T10:29:44.882184+00:00 [queued]>
[2025-06-02T10:38:06.020+0000] {taskinstance.py:2170} INFO - Starting attempt 1 of 3
[2025-06-02T10:38:06.029+0000] {taskinstance.py:2191} INFO - Executing <Task(PythonOperator): dvc_pull_all> on 2025-06-02 10:29:44.882184+00:00
[2025-06-02T10:38:06.036+0000] {standard_task_runner.py:60} INFO - Started process 2193 to run task
[2025-06-02T10:38:06.038+0000] {standard_task_runner.py:87} INFO - Running: ['***', 'tasks', 'run', 'movie_recommendation_pipeline', 'dvc_pull_all', 'manual__2025-06-02T10:29:44.882184+00:00', '--job-id', '1684', '--raw', '--subdir', 'DAGS_FOLDER/mlops_movie_dag.py', '--cfg-path', '/tmp/tmpax_oam3c']
[2025-06-02T10:38:06.040+0000] {standard_task_runner.py:88} INFO - Job 1684: Subtask dvc_pull_all
[2025-06-02T10:38:06.074+0000] {task_command.py:423} INFO - Running <TaskInstance: movie_recommendation_pipeline.dvc_pull_all manual__2025-06-02T10:29:44.882184+00:00 [running]> on host 6520fa36f146
[2025-06-02T10:38:06.139+0000] {taskinstance.py:2480} INFO - Exporting env vars: AIRFLOW_CTX_DAG_OWNER='***' AIRFLOW_CTX_DAG_ID='movie_recommendation_pipeline' AIRFLOW_CTX_TASK_ID='dvc_pull_all' AIRFLOW_CTX_EXECUTION_DATE='2025-06-02T10:29:44.882184+00:00' AIRFLOW_CTX_TRY_NUMBER='1' AIRFLOW_CTX_DAG_RUN_ID='manual__2025-06-02T10:29:44.882184+00:00'
[2025-06-02T10:38:06.141+0000] {mlops_movie_dag.py:12} INFO - 游릱 Running command: dvc pull /opt/***/models/hybrid_model.pkl
[2025-06-02T10:38:18.104+0000] {mlops_movie_dag.py:19} INFO - 游릴 [stdout]:
Everything is up to date.

[2025-06-02T10:38:18.105+0000] {mlops_movie_dag.py:12} INFO - 游릱 Running command: dvc pull /opt/***/data/processed/hybrid_matrix.csv
[2025-06-02T10:38:28.379+0000] {mlops_movie_dag.py:19} INFO - 游릴 [stdout]:
Everything is up to date.

[2025-06-02T10:38:28.380+0000] {mlops_movie_dag.py:12} INFO - 游릱 Running command: dvc pull /opt/***/data/processed/hybrid_matrix_features.txt
[2025-06-02T10:38:39.110+0000] {mlops_movie_dag.py:19} INFO - 游릴 [stdout]:
Everything is up to date.

[2025-06-02T10:38:39.111+0000] {mlops_movie_dag.py:12} INFO - 游릱 Running command: dvc pull /opt/***/models/user_model.pkl
[2025-06-02T10:38:49.570+0000] {mlops_movie_dag.py:19} INFO - 游릴 [stdout]:
Everything is up to date.

[2025-06-02T10:38:49.571+0000] {mlops_movie_dag.py:12} INFO - 游릱 Running command: dvc pull /opt/***/data/processed/user_matrix.csv
[2025-06-02T10:39:00.085+0000] {mlops_movie_dag.py:19} INFO - 游릴 [stdout]:
Everything is up to date.

[2025-06-02T10:39:00.085+0000] {mlops_movie_dag.py:12} INFO - 游릱 Running command: dvc pull /opt/***/data/processed/user_matrix_features.txt
[2025-06-02T10:39:10.709+0000] {mlops_movie_dag.py:19} INFO - 游릴 [stdout]:
Everything is up to date.

[2025-06-02T10:39:10.710+0000] {python.py:201} INFO - Done. Returned value was: None
[2025-06-02T10:39:10.719+0000] {taskinstance.py:1138} INFO - Marking task as SUCCESS. dag_id=movie_recommendation_pipeline, task_id=dvc_pull_all, execution_date=20250602T102944, start_date=20250602T103806, end_date=20250602T103910
[2025-06-02T10:39:10.757+0000] {local_task_job_runner.py:234} INFO - Task exited with return code 0
[2025-06-02T10:39:10.776+0000] {taskinstance.py:3280} INFO - 1 downstream tasks scheduled from follow-on schedule check
