[2025-06-18T13:26:54.028+0000] {taskinstance.py:1956} INFO - Dependencies all met for dep_context=non-requeueable deps ti=<TaskInstance: deep_models_pipeline.import_raw_data manual__2025-06-18T13:26:53.587560+00:00 [queued]>
[2025-06-18T13:26:54.035+0000] {taskinstance.py:1956} INFO - Dependencies all met for dep_context=requeueable deps ti=<TaskInstance: deep_models_pipeline.import_raw_data manual__2025-06-18T13:26:53.587560+00:00 [queued]>
[2025-06-18T13:26:54.036+0000] {taskinstance.py:2170} INFO - Starting attempt 1 of 3
[2025-06-18T13:26:54.047+0000] {taskinstance.py:2191} INFO - Executing <Task(PythonOperator): import_raw_data> on 2025-06-18 13:26:53.587560+00:00
[2025-06-18T13:26:54.056+0000] {standard_task_runner.py:60} INFO - Started process 2192 to run task
[2025-06-18T13:26:54.058+0000] {standard_task_runner.py:87} INFO - Running: ['***', 'tasks', 'run', 'deep_models_pipeline', 'import_raw_data', 'manual__2025-06-18T13:26:53.587560+00:00', '--job-id', '613', '--raw', '--subdir', 'DAGS_FOLDER/train_deep_model_dag.py', '--cfg-path', '/tmp/tmp8q9_v8d5']
[2025-06-18T13:26:54.060+0000] {standard_task_runner.py:88} INFO - Job 613: Subtask import_raw_data
[2025-06-18T13:26:54.106+0000] {task_command.py:423} INFO - Running <TaskInstance: deep_models_pipeline.import_raw_data manual__2025-06-18T13:26:53.587560+00:00 [running]> on host 3cef70cd7501
[2025-06-18T13:26:54.176+0000] {taskinstance.py:2480} INFO - Exporting env vars: AIRFLOW_CTX_DAG_OWNER='***' AIRFLOW_CTX_DAG_ID='deep_models_pipeline' AIRFLOW_CTX_TASK_ID='import_raw_data' AIRFLOW_CTX_EXECUTION_DATE='2025-06-18T13:26:53.587560+00:00' AIRFLOW_CTX_TRY_NUMBER='1' AIRFLOW_CTX_DAG_RUN_ID='manual__2025-06-18T13:26:53.587560+00:00'
[2025-06-18T13:26:54.177+0000] {train_deep_model_dag.py:14} INFO - 🟦 Running command: python /opt/***/src/movie/data/import_raw_data.py
[2025-06-18T13:26:54.178+0000] {train_deep_model_dag.py:15} INFO - 🟦 Working directory: /opt/***
[2025-06-18T13:26:54.178+0000] {train_deep_model_dag.py:16} INFO - MLflow Tracking URI: https://dagshub.com/sacer11/MLOps_movie_rec_apr25.mlflow
[2025-06-18T13:26:54.179+0000] {train_deep_model_dag.py:17} INFO - User: Klemp.Thomas
[2025-06-18T13:26:54.179+0000] {train_deep_model_dag.py:18} INFO - Password: 24a59c66cf
[2025-06-18T13:26:54.531+0000] {train_deep_model_dag.py:25} INFO - 🟩 [stdout]:

[2025-06-18T13:26:54.532+0000] {train_deep_model_dag.py:27} WARNING - 🟨 [stderr]:
2025-06-18 13:26:54,503 - root - INFO - ✅ Data already exists, skip: genome-scores.csv
2025-06-18 13:26:54,504 - root - INFO - ✅ Data already exists, skip: genome-tags.csv
2025-06-18 13:26:54,505 - root - INFO - ✅ Data already exists, skip: links.csv
2025-06-18 13:26:54,506 - root - INFO - ✅ Data already exists, skip: movies.csv
2025-06-18 13:26:54,507 - root - INFO - ✅ Data already exists, skip: ratings.csv
2025-06-18 13:26:54,509 - root - INFO - ✅ Data already exists, skip: README.txt
2025-06-18 13:26:54,510 - root - INFO - ✅ Data already exists, skip: tags.csv
2025-06-18 13:26:54,510 - root - INFO - ✅ Raw Data created.

[2025-06-18T13:26:54.532+0000] {python.py:201} INFO - Done. Returned value was: None
[2025-06-18T13:26:54.543+0000] {taskinstance.py:1138} INFO - Marking task as SUCCESS. dag_id=deep_models_pipeline, task_id=import_raw_data, execution_date=20250618T132653, start_date=20250618T132654, end_date=20250618T132654
[2025-06-18T13:26:54.593+0000] {local_task_job_runner.py:234} INFO - Task exited with return code 0
[2025-06-18T13:26:54.618+0000] {taskinstance.py:3280} INFO - 1 downstream tasks scheduled from follow-on schedule check
