[2025-06-02T02:50:55.926+0000] {taskinstance.py:1956} INFO - Dependencies all met for dep_context=non-requeueable deps ti=<TaskInstance: movie_recommendation_pipeline.dvc_add_and_push_all manual__2025-06-02T02:46:43.979707+00:00 [queued]>
[2025-06-02T02:50:55.934+0000] {taskinstance.py:1956} INFO - Dependencies all met for dep_context=requeueable deps ti=<TaskInstance: movie_recommendation_pipeline.dvc_add_and_push_all manual__2025-06-02T02:46:43.979707+00:00 [queued]>
[2025-06-02T02:50:55.934+0000] {taskinstance.py:2170} INFO - Starting attempt 1 of 3
[2025-06-02T02:50:55.946+0000] {taskinstance.py:2191} INFO - Executing <Task(PythonOperator): dvc_add_and_push_all> on 2025-06-02 02:46:43.979707+00:00
[2025-06-02T02:50:55.952+0000] {standard_task_runner.py:60} INFO - Started process 2845 to run task
[2025-06-02T02:50:55.954+0000] {standard_task_runner.py:87} INFO - Running: ['***', 'tasks', 'run', 'movie_recommendation_pipeline', 'dvc_add_and_push_all', 'manual__2025-06-02T02:46:43.979707+00:00', '--job-id', '1423', '--raw', '--subdir', 'DAGS_FOLDER/mlops_movie_dag.py', '--cfg-path', '/tmp/tmpbzsyze3m']
[2025-06-02T02:50:55.956+0000] {standard_task_runner.py:88} INFO - Job 1423: Subtask dvc_add_and_push_all
[2025-06-02T02:50:55.989+0000] {task_command.py:423} INFO - Running <TaskInstance: movie_recommendation_pipeline.dvc_add_and_push_all manual__2025-06-02T02:46:43.979707+00:00 [running]> on host 69f945629b06
[2025-06-02T02:50:56.046+0000] {taskinstance.py:2480} INFO - Exporting env vars: AIRFLOW_CTX_DAG_OWNER='***' AIRFLOW_CTX_DAG_ID='movie_recommendation_pipeline' AIRFLOW_CTX_TASK_ID='dvc_add_and_push_all' AIRFLOW_CTX_EXECUTION_DATE='2025-06-02T02:46:43.979707+00:00' AIRFLOW_CTX_TRY_NUMBER='1' AIRFLOW_CTX_DAG_RUN_ID='manual__2025-06-02T02:46:43.979707+00:00'
[2025-06-02T02:50:56.051+0000] {mlops_movie_dag.py:12} INFO - 游릱 Running command: git config --global --add safe.directory /opt/***
[2025-06-02T02:50:56.063+0000] {mlops_movie_dag.py:18} INFO - 游릴 [stdout]:

[2025-06-02T02:50:56.063+0000] {mlops_movie_dag.py:12} INFO - 游릱 Running command: git config --global user.email ***@mlops.local
[2025-06-02T02:50:56.074+0000] {mlops_movie_dag.py:18} INFO - 游릴 [stdout]:

[2025-06-02T02:50:56.074+0000] {mlops_movie_dag.py:12} INFO - 游릱 Running command: git config --global user.name Airflow
[2025-06-02T02:50:56.085+0000] {mlops_movie_dag.py:18} INFO - 游릴 [stdout]:

[2025-06-02T02:50:56.085+0000] {mlops_movie_dag.py:12} INFO - 游릱 Running command: dvc add /opt/***/models/hybrid_model.pkl
[2025-06-02T02:51:06.953+0000] {mlops_movie_dag.py:18} INFO - 游릴 [stdout]:

To track the changes with git, run:

	git add models/hybrid_model.pkl.dvc

To enable auto staging, run:

	dvc config core.autostage true

[2025-06-02T02:51:06.954+0000] {mlops_movie_dag.py:12} INFO - 游릱 Running command: dvc add /opt/***/data/processed/hybrid_matrix.csv
[2025-06-02T02:51:19.542+0000] {mlops_movie_dag.py:18} INFO - 游릴 [stdout]:

To track the changes with git, run:

	git add data/processed/hybrid_matrix.csv.dvc

To enable auto staging, run:

	dvc config core.autostage true

[2025-06-02T02:51:19.543+0000] {mlops_movie_dag.py:12} INFO - 游릱 Running command: dvc add /opt/***/data/processed/hybrid_matrix_features.txt
[2025-06-02T02:51:28.207+0000] {mlops_movie_dag.py:18} INFO - 游릴 [stdout]:

To track the changes with git, run:

	git add data/processed/hybrid_matrix_features.txt.dvc

To enable auto staging, run:

	dvc config core.autostage true

[2025-06-02T02:51:28.208+0000] {mlops_movie_dag.py:12} INFO - 游릱 Running command: dvc add /opt/***/models/user_model.pkl
[2025-06-02T02:51:37.122+0000] {mlops_movie_dag.py:18} INFO - 游릴 [stdout]:

To track the changes with git, run:

	git add models/user_model.pkl.dvc

To enable auto staging, run:

	dvc config core.autostage true

[2025-06-02T02:51:37.123+0000] {mlops_movie_dag.py:12} INFO - 游릱 Running command: dvc add /opt/***/data/processed/user_matrix.csv
[2025-06-02T02:51:46.420+0000] {mlops_movie_dag.py:18} INFO - 游릴 [stdout]:

To track the changes with git, run:

	git add data/processed/user_matrix.csv.dvc

To enable auto staging, run:

	dvc config core.autostage true

[2025-06-02T02:51:46.420+0000] {mlops_movie_dag.py:12} INFO - 游릱 Running command: dvc add /opt/***/data/processed/user_matrix_features.txt
[2025-06-02T02:51:54.978+0000] {mlops_movie_dag.py:18} INFO - 游릴 [stdout]:

To track the changes with git, run:

	git add data/processed/user_matrix_features.txt.dvc

To enable auto staging, run:

	dvc config core.autostage true

[2025-06-02T02:51:54.978+0000] {mlops_movie_dag.py:12} INFO - 游릱 Running command: git add /opt/***/models/hybrid_model.pkl.dvc /opt/***/data/processed/hybrid_matrix.csv.dvc /opt/***/data/processed/hybrid_matrix_features.txt.dvc /opt/***/models/user_model.pkl.dvc /opt/***/data/processed/user_matrix.csv.dvc /opt/***/data/processed/user_matrix_features.txt.dvc
[2025-06-02T02:51:55.078+0000] {mlops_movie_dag.py:18} INFO - 游릴 [stdout]:

[2025-06-02T02:51:55.079+0000] {mlops_movie_dag.py:12} INFO - 游릱 Running command: git commit -m Automatisches DVC-Tracking (beide Modelle/Matrizen)
[2025-06-02T02:51:55.441+0000] {mlops_movie_dag.py:18} INFO - 游릴 [stdout]:
On branch master
Your branch is ahead of 'origin/master' by 1 commit.
  (use "git push" to publish your local commits)

Changes not staged for commit:
  (use "git add/rm <file>..." to update what will be committed)
  (use "git restore <file>..." to discard changes in working directory)
	deleted:    .devcontainer/devcontainer.json
	modified:   .dvc/.gitignore
	modified:   .dvc/config
	deleted:    .dvcignore
	deleted:    .github/workflows/python-app.yml
	deleted:    .github/workflows/test.yml
	deleted:    Dockerfile
	deleted:    LICENSE
	deleted:    README.md
	deleted:    ***/Dockerfile.***
	deleted:    ***/***.cfg
	deleted:    ***/***.db
	deleted:    ***/dags/mlops_movie_dag.py
	deleted:    "***/logs/dag_id=movie_recommendation_pipeline/run_id=manual__2025-05-30T14\357\200\27233\357\200\27221.956770+00\357\200\27200/task_id=check_structure/attempt=1.log"
	deleted:    "***/logs/dag_id=movie_recommendation_pipeline/run_id=manual__2025-05-30T14\357\200\27233\357\200\27221.956770+00\357\200\27200/task_id=check_structure/attempt=2.log"
	deleted:    "***/logs/dag_id=movie_recommendation_pipeline/run_id=manual__2025-05-30T14\357\200\27243\357\200\27222.940762+00\357\200\27200/task_id=check_structure/attempt=1.log"
	deleted:    "***/logs/dag_id=movie_recommendation_pipeline/run_id=manual__2025-05-30T14\357\200\27243\357\200\27222.940762+00\357\200\27200/task_id=check_structure/attempt=2.log"
	deleted:    "***/logs/dag_id=movie_recommendation_pipeline/run_id=manual__2025-05-30T15\357\200\27205\357\200\27208.209074+00\357\200\27200/task_id=check_if_import_needed/attempt=1.log"
	deleted:    "***/logs/dag_id=movie_recommendation_pipeline/run_id=manual__2025-05-30T15\357\200\27205\357\200\27208.209074+00\357\200\27200/task_id=check_structure/attempt=1.log"
	deleted:    "***/logs/dag_id=movie_recommendation_pipeline/run_id=manual__2025-05-30T15\357\200\27214\357\200\27259.980280+00\357\200\27200/task_id=check_structure_and_branch/attempt=1.log"
	deleted:    "***/logs/dag_id=movie_recommendation_pipeline/run_id=manual__2025-05-30T15\357\200\27226\357\200\27225.665968+00\357\200\27200/task_id=check_structure_and_branch/attempt=1.log"
	deleted:    "***/logs/dag_id=movie_recommendation_pipeline/run_id=manual__2025-05-30T15\357\200\27253\357\200\27212.907073+00\357\200\27200/task_id=build_features/attempt=1.log"
	deleted:    "***/logs/dag_id=movie_recommendation_pipeline/run_id=manual__2025-05-30T15\357\200\27253\357\200\27212.907073+00\357\200\27200/task_id=import_raw_data/attempt=1.log"
	deleted:    "***/logs/dag_id=movie_recommendation_pipeline/run_id=manual__2025-05-30T15\357\200\27253\357\200\27212.907073+00\357\200\27200/task_id=import_raw_data/attempt=2.log"
	deleted:    "***/logs/dag_id=movie_recommendation_pipeline/run_id=manual__2025-05-30T15\357\200\27253\357\200\27212.907073+00\357\200\27200/task_id=make_dataset/attempt=1.log"
	deleted:    "***/logs/dag_id=movie_recommendation_pipeline/run_id=manual__2025-05-30T15\357\200\27253\357\200\27212.907073+00\357\200\27200/task_id=make_dataset/attempt=2.log"
	deleted:    "***/logs/dag_id=movie_recommendation_pipeline/run_id=manual__2025-05-30T15\357\200\27253\357\200\27212.907073+00\357\200\27200/task_id=predict_model/attempt=1.log"
	deleted:    "***/logs/dag_id=movie_recommendation_pipeline/run_id=manual__2025-05-30T15\357\200\27253\357\200\27212.907073+00\357\200\27200/task_id=predict_model/attempt=2.log"
	deleted:    "***/logs/dag_id=movie_recommendation_pipeline/run_id=manual__2025-05-30T15\357\200\27253\357\200\27212.907073+00\357\200\27200/task_id=train_model/attempt=1.log"
	deleted:    "***/logs/dag_id=movie_recommendation_pipeline/run_id=manual__2025-05-30T15\357\200\27253\357\200\27212.907073+00\357\200\27200/task_id=train_model/attempt=2.log"
	deleted:    "***/logs/dag_id=movie_recommendation_pipeline/run_id=manual__2025-05-30T15\357\200\27259\357\200\27205.906637+00\357\200\27200/task_id=build_features/attempt=1.log"
	deleted:    "***/logs/dag_id=movie_recommendation_pipeline/run_id=manual__2025-05-30T15\357\200\27259\357\200\27205.906637+00\357\200\27200/task_id=build_features/attempt=2.log"
	deleted:    "***/logs/dag_id=movie_recommendation_pipeline/run_id=manual__2025-05-30T15\357\200\27259\357\200\27205.906637+00\357\200\27200/task_id=import_raw_data/attempt=1.log"
	deleted:    "***/logs/dag_id=movie_recommendation_pipeline/run_id=manual__2025-05-30T15\357\200\27259\357\200\27205.906637+00\357\200\27200/task_id=make_dataset/attempt=1.log"
	deleted:    "***/logs/dag_id=movie_recommendation_pipeline/run_id=manual__2025-05-30T15\357\200\27259\357\200\27205.906637+00\357\200\27200/task_id=make_dataset/attempt=2.log"
	deleted:    "***/logs/dag_id=movie_recommendation_pipeline/run_id=manual__2025-05-30T15\357\200\27259\357\200\27205.906637+00\357\200\27200/task_id=predict_model/attempt=1.log"
	deleted:    "***/logs/dag_id=movie_recommendation_pipeline/run_id=manual__2025-05-30T15\357\200\27259\357\200\27205.906637+00\357\200\27200/task_id=train_model/attempt=1.log"
	deleted:    "***/logs/dag_id=movie_recommendation_pipeline/run_id=manual__2025-05-30T16\357\200\27201\357\200\27228.293747+00\357\200\27200/task_id=build_features/attempt=1.log"
	deleted:    "***/logs/dag_id=movie_recommendation_pipeline/run_id=manual__2025-05-30T16\357\200\27201\357\200\27228.293747+00\357\200\27200/task_id=import_raw_data/attempt=1.log"
	deleted:    "***/logs/dag_id=movie_recommendation_pipeline/run_id=manual__2025-05-30T16\357\200\27201\357\200\27228.293747+00\357\200\27200/task_id=make_dataset/attempt=1.log"
	deleted:    "***/logs/dag_id=movie_recommendation_pipeline/run_id=manual__2025-05-30T16\357\200\27201\357\200\27228.293747+00\357\200\27200/task_id=predict_model/attempt=1.log"
	deleted:    "***/logs/dag_id=movie_recommendation_pipeline/run_id=manual__2025-05-30T16\357\200\27201\357\200\27228.293747+00\357\200\27200/task_id=predict_model/attempt=2.log"
	deleted:    "***/logs/dag_id=movie_recommendation_pipeline/run_id=manual__2025-05-30T16\357\200\27201\357\200\27228.293747+00\357\200\27200/task_id=train_model/attempt=1.log"
	deleted:    "***/logs/dag_id=movie_recommendation_pipeline/run_id=manual__2025-05-30T16\357\200\27201\357\200\27228.293747+00\357\200\27200/task_id=train_model/attempt=2.log"
	deleted:    "***/logs/dag_id=movie_recommendation_pipeline/run_id=manual__2025-05-30T16\357\200\27205\357\200\27242.474566+00\357\200\27200/task_id=build_features/attempt=1.log"
	deleted:    "***/logs/dag_id=movie_recommendation_pipeline/run_id=manual__2025-05-30T16\357\200\27205\357\200\27242.474566+00\357\200\27200/task_id=import_raw_data/attempt=1.log"
	deleted:    "***/logs/dag_id=movie_recommendation_pipeline/run_id=manual__2025-05-30T16\357\200\27205\357\200\27242.474566+00\357\200\27200/task_id=make_dataset/attempt=1.log"
	deleted:    "***/logs/dag_id=movie_recommendation_pipeline/run_id=manual__2025-05-30T16\357\200\27205\357\200\27242.474566+00\357\200\27200/task_id=predict_model/attempt=1.log"
	deleted:    "***/logs/dag_id=movie_recommendation_pipeline/run_id=manual__2025-05-30T16\357\200\27205\357\200\27242.474566+00\357\200\27200/task_id=predict_model/attempt=2.log"
	deleted:    "***/logs/dag_id=movie_recommendation_pipeline/run_id=manual__2025-05-30T16\357\200\27205\357\200\27242.474566+00\357\200\27200/task_id=train_model/attempt=1.log"
	deleted:    "***/logs/dag_id=movie_recommendation_pipeline/run_id=manual__2025-05-30T16\357\200\27210\357\200\27214.525464+00\357\200\27200/task_id=build_features/attempt=1.log"
	deleted:    "***/logs/dag_id=movie_recommendation_pipeline/run_id=manual__2025-05-30T16\357\200\27210\357\200\27214.525464+00\357\200\27200/task_id=import_raw_data/attempt=1.log"
	deleted:    "***/logs/dag_id=movie_recommendation_pipeline/run_id=manual__2025-05-30T16\357\200\27210\357\200\27214.525464+00\357\200\27200/task_id=make_dataset/attempt=1.log"
	deleted:    "***/logs/dag_id=movie_recommendation_pipeline/run_id=manual__2025-05-30T16\357\200\27210\357\200\27214.525464+00\357\200\27200/task_id=predict_model/attempt=1.log"
	deleted:    "***/logs/dag_id=movie_recommendation_pipeline/run_id=manual__2025-05-30T16\357\200\27210\357\200\27214.525464+00\357\200\27200/task_id=train_model/attempt=1.log"
	deleted:    "***/logs/dag_id=movie_recommendation_pipeline/run_id=manual__2025-05-30T19\357\200\27223\357\200\27224.231753+00\357\200\27200/task_id=build_features/attempt=1.log"
	deleted:    "***/logs/dag_id=movie_recommendation_pipeline/run_id=manual__2025-05-30T19\357\200\27223\357\200\27224.231753+00\357\200\27200/task_id=import_raw_data/attempt=1.log"
	deleted:    "***/logs/dag_id=movie_recommendation_pipeline/run_id=manual__2025-05-30T19\357\200\27223\357\200\27224.231753+00\357\200\27200/task_id=make_dataset/attempt=1.log"
	deleted:    "***/logs/dag_id=movie_recommendation_pipeline/run_id=manual__2025-05-30T19\357\200\27223\357\200\27224.231753+00\357\200\27200/task_id=predict_model/attempt=1.log"
	deleted:    "***/logs/dag_id=movie_recommendation_pipeline/run_id=manual__2025-05-30T19\357\200\27223\357\200\27224.231753+00\357\200\27200/task_id=train_model/attempt=1.log"
	deleted:    "***/logs/dag_id=movie_recommendation_pipeline/run_id=manual__2025-05-31T12\357\200\27248\357\200\27215.180341+00\357\200\27200/task_id=build_features/attempt=1.log"
	deleted:    "***/logs/dag_id=movie_recommendation_pipeline/run_id=manual__2025-05-31T12\357\200\27248\357\200\27215.180341+00\357\200\27200/task_id=import_raw_data/attempt=1.log"
	deleted:    "***/logs/dag_id=movie_recommendation_pipeline/run_id=manual__2025-05-31T12\357\200\27248\357\200\27215.180341+00\357\200\27200/task_id=make_dataset/attempt=1.log"
	deleted:    "***/logs/dag_id=movie_recommendation_pipeline/run_id=manual__2025-05-31T12\357\200\27248\357\200\27215.180341+00\357\200\27200/task_id=train_model/attempt=1.log"
	deleted:    "***/logs/dag_id=movie_recommendation_pipeline/run_id=manual__2025-05-31T12\357\200\27248\357\200\27215.180341+00\357\200\27200/task_id=train_user_model/attempt=1.log"
	deleted:    "***/logs/dag_id=movie_recommendation_pipeline/run_id=manual__2025-05-31T12\357\200\27248\357\200\27215.180341+00\357\200\27200/task_id=validate_models/attempt=1.log"
	deleted:    "***/logs/dag_id=movie_recommendation_pipeline/run_id=manual__2025-05-31T12\357\200\27248\357\200\27215.180341+00\357\200\27200/task_id=validate_models/attempt=2.log"
	deleted:    "***/logs/dag_id=movie_recommendation_pipeline/run_id=manual__2025-05-31T13\357\200\27201\357\200\27239.257819+00\357\200\27200/task_id=build_features/attempt=1.log"
	deleted:    "***/logs/dag_id=movie_recommendation_pipeline/run_id=manual__2025-05-31T13\357\200\27201\357\200\27239.257819+00\357\200\27200/task_id=import_raw_data/attempt=1.log"
	deleted:    "***/logs/dag_id=movie_recommendation_pipeline/run_id=manual__2025-05-31T13\357\200\27201\357\200\27239.257819+00\357\200\27200/task_id=make_dataset/attempt=1.log"
	deleted:    "***/logs/dag_id=movie_recommendation_pipeline/run_id=manual__2025-05-31T13\357\200\27201\357\200\27239.257819+00\357\200\27200/task_id=train_model/attempt=1.log"
	deleted:    "***/logs/dag_id=movie_recommendation_pipeline/run_id=manual__2025-05-31T13\357\200\27201\357\200\27239.257819+00\357\200\27200/task_id=train_user_model/attempt=1.log"
	deleted:    "***/logs/dag_id=movie_recommendation_pipeline/run_id=manual__2025-05-31T13\357\200\27201\357\200\27239.257819+00\357\200\27200/task_id=validate_models/attempt=1.log"
	deleted:    "***/logs/dag_id=movie_recommendation_pipeline/run_id=manual__2025-05-31T13\357\200\27201\357\200\27239.257819+00\357\200\27200/task_id=validate_models/attempt=2.log"
	deleted:    "***/logs/dag_id=movie_recommendation_pipeline/run_id=manual__2025-05-31T13\357\200\27202\357\200\27226.838748+00\357\200\27200/task_id=build_features/attempt=1.log"
	deleted:    "***/logs/dag_id=movie_recommendation_pipeline/run_id=manual__2025-05-31T13\357\200\27202\357\200\27226.838748+00\357\200\27200/task_id=import_raw_data/attempt=1.log"
	deleted:    "***/logs/dag_id=movie_recommendation_pipeline/run_id=manual__2025-05-31T13\357\200\27202\357\200\27226.838748+00\357\200\27200/task_id=make_dataset/attempt=1.log"
	deleted:    "***/logs/dag_id=movie_recommendation_pipeline/run_id=manual__2025-05-31T13\357\200\27202\357\200\27226.838748+00\357\200\27200/task_id=train_model/attempt=1.log"
	deleted:    "***/logs/dag_id=movie_recommendation_pipeline/run_id=manual__2025-05-31T13\357\200\27202\357\200\27226.838748+00\357\200\27200/task_id=train_user_model/attempt=1.log"
	deleted:    "***/logs/dag_id=movie_recommendation_pipeline/run_id=manual__2025-05-31T13\357\200\27202\357\200\27226.838748+00\357\200\27200/task_id=validate_models/attempt=1.log"
	deleted:    "***/logs/dag_id=movie_recommendation_pipeline/run_id=manual__2025-05-31T13\357\200\27202\357\200\27226.838748+00\357\200\27200/task_id=validate_models/attempt=2.log"
	deleted:    "***/logs/dag_id=movie_recommendation_pipeline/run_id=manual__2025-05-31T13\357\200\27202\357\200\27236.135095+00\357\200\27200/task_id=build_features/attempt=1.log"
	deleted:    "***/logs/dag_id=movie_recommendation_pipeline/run_id=manual__2025-05-31T13\357\200\27202\357\200\27236.135095+00\357\200\27200/task_id=import_raw_data/attempt=1.log"
	deleted:    "***/logs/dag_id=movie_recommendation_pipeline/run_id=manual__2025-05-31T13\357\200\27202\357\200\27236.135095+00\357\200\27200/task_id=make_dataset/attempt=1.log"
	deleted:    "***/logs/dag_id=movie_recommendation_pipeline/run_id=manual__2025-05-31T13\357\200\27202\357\200\27236.135095+00\357\200\27200/task_id=train_model/attempt=1.log"
	deleted:    "***/logs/dag_id=movie_recommendation_pipeline/run_id=manual__2025-05-31T13\357\200\27202\357\200\27236.135095+00\357\200\27200/task_id=train_user_model/attempt=1.log"
	deleted:    "***/logs/dag_id=movie_recommendation_pipeline/run_id=manual__2025-05-31T13\357\200\27202\357\200\27236.135095+00\357\200\27200/task_id=validate_models/attempt=1.log"
	deleted:    "***/logs/dag_id=movie_recommendation_pipeline/run_id=manual__2025-05-31T13\357\200\27202\357\200\27236.135095+00\357\200\27200/task_id=validate_models/attempt=2.log"
	deleted:    "***/logs/dag_id=movie_recommendation_pipeline/run_id=manual__2025-05-31T13\357\200\27211\357\200\27226.373693+00\357\200\27200/task_id=build_features/attempt=1.log"
	deleted:    "***/logs/dag_id=movie_recommendation_pipeline/run_id=manual__2025-05-31T13\357\200\27211\357\200\27226.373693+00\357\200\27200/task_id=import_raw_data/attempt=1.log"
	deleted:    "***/logs/dag_id=movie_recommendation_pipeline/run_id=manual__2025-05-31T13\357\200\27211\357\200\27226.373693+00\357\200\27200/task_id=make_dataset/attempt=1.log"
	deleted:    "***/logs/dag_id=movie_recommendation_pipeline/run_id=manual__2025-05-31T13\357\200\27211\357\200\27226.373693+00\357\200\27200/task_id=train_model/attempt=1.log"
	deleted:    "***/logs/dag_id=movie_recommendation_pipeline/run_id=manual__2025-05-31T13\357\200\27211\357\200\27226.373693+00\357\200\27200/task_id=train_user_model/attempt=1.log"
	deleted:    "***/logs/dag_id=movie_recommendation_pipeline/run_id=manual__2025-05-31T13\357\200\27211\357\200\27226.373693+00\357\200\27200/task_id=validate_models/attempt=1.log"
	deleted:    "***/logs/dag_id=movie_recommendation_pipeline/run_id=manual__2025-05-31T13\357\200\27211\357\200\27226.373693+00\357\200\27200/task_id=validate_models/attempt=2.log"
	deleted:    "***/logs/dag_id=movie_recommendation_pipeline/run_id=manual__2025-05-31T13\357\200\27223\357\200\27250.395858+00\357\200\27200/task_id=build_features/attempt=1.log"
	deleted:    "***/logs/dag_id=movie_recommendation_pipeline/run_id=manual__2025-05-31T13\357\200\27223\357\200\27250.395858+00\357\200\27200/task_id=import_raw_data/attempt=1.log"
	deleted:    "***/logs/dag_id=movie_recommendation_pipeline/run_id=manual__2025-05-31T13\357\200\27223\357\200\27250.395858+00\357\200\27200/task_id=make_dataset/attempt=1.log"
	deleted:    "***/logs/dag_id=movie_recommendation_pipeline/run_id=manual__2025-05-31T13\357\200\27223\357\200\27250.395858+00\357\200\27200/task_id=train_model/attempt=1.log"
	deleted:    "***/logs/dag_id=movie_recommendation_pipeline/run_id=manual__2025-05-31T13\357\200\27223\357\200\27250.395858+00\357\200\27200/task_id=train_user_model/attempt=1.log"
	deleted:    "***/logs/dag_id=movie_recommendation_pipeline/run_id=manual__2025-05-31T13\357\200\27223\357\200\27250.395858+00\357\200\27200/task_id=validate_models/attempt=1.log"
	deleted:    "***/logs/dag_id=movie_recommendation_pipeline/run_id=manual__2025-05-31T13\357\200\27223\357\200\27250.395858+00\357\200\27200/task_id=validate_models/attempt=2.log"
	deleted:    "***/logs/dag_id=movie_recommendation_pipeline/run_id=manual__2025-05-31T13\357\200\27228\357\200\27243.503313+00\357\200\27200/task_id=build_features/attempt=1.log"
	deleted:    "***/logs/dag_id=movie_recommendation_pipeline/run_id=manual__2025-05-31T13\357\200\27228\357\200\27243.503313+00\357\200\27200/task_id=import_raw_data/attempt=1.log"
	deleted:    "***/logs/dag_id=movie_recommendation_pipeline/run_id=manual__2025-05-31T13\357\200\27228\357\200\27243.503313+00\357\200\27200/task_id=make_dataset/attempt=1.log"
	deleted:    "***/logs/dag_id=movie_recommendation_pipeline/run_id=manual__2025-05-31T13\357\200\27228\357\200\27243.503313+00\357\200\27200/task_id=train_model/attempt=1.log"
	deleted:    "***/logs/dag_id=movie_recommendation_pipeline/run_id=manual__2025-05-31T13\357\200\27228\357\200\27243.503313+00\357\200\27200/task_id=train_user_model/attempt=1.log"
	deleted:    "***/logs/dag_id=movie_recommendation_pipeline/run_id=manual__2025-05-31T13\357\200\27228\357\200\27243.503313+00\357\200\27200/task_id=train_user_model/attempt=2.log"
	deleted:    "***/logs/dag_id=movie_recommendation_pipeline/run_id=manual__2025-05-31T13\357\200\27230\357\200\27200.934691+00\357\200\27200/task_id=build_features/attempt=1.log"
	deleted:    "***/logs/dag_id=movie_recommendation_pipeline/run_id=manual__2025-05-31T13\357\200\27230\357\200\27200.934691+00\357\200\27200/task_id=import_raw_data/attempt=1.log"
	deleted:    "***/logs/dag_id=movie_recommendation_pipeline/run_id=manual__2025-05-31T13\357\200\27230\357\200\27200.934691+00\357\200\27200/task_id=make_dataset/attempt=1.log"
	deleted:    "***/logs/dag_id=movie_recommendation_pipeline/run_id=manual__2025-05-31T13\357\200\27230\357\200\27200.934691+00\357\200\27200/task_id=train_model/attempt=1.log"
	deleted:    "***/logs/dag_id=movie_recommendation_pipeline/run_id=manual__2025-05-31T13\357\200\27230\357\200\27200.934691+00\357\200\27200/task_id=train_user_model/attempt=1.log"
	deleted:    "***/logs/dag_id=movie_recommendation_pipeline/run_id=manual__2025-05-31T13\357\200\27230\357\200\27200.934691+00\357\200\27200/task_id=train_user_model/attempt=2.log"
	deleted:    "***/logs/dag_id=movie_recommendation_pipeline/run_id=manual__2025-05-31T13\357\200\27230\357\200\27200.934691+00\357\200\27200/task_id=validate_models/attempt=1.log"
	deleted:    "***/logs/dag_id=movie_recommendation_pipeline/run_id=manual__2025-05-31T13\357\200\27230\357\200\27200.934691+00\357\200\27200/task_id=validate_models/attempt=2.log"
	deleted:    "***/logs/dag_id=movie_recommendation_pipeline/run_id=manual__2025-05-31T13\357\200\27235\357\200\27243.899877+00\357\200\27200/task_id=build_features/attempt=1.log"
	deleted:    "***/logs/dag_id=movie_recommendation_pipeline/run_id=manual__2025-05-31T13\357\200\27235\357\200\27243.899877+00\357\200\27200/task_id=import_raw_data/attempt=1.log"
	deleted:    "***/logs/dag_id=movie_recommendation_pipeline/run_id=manual__2025-05-31T13\357\200\27235\357\200\27243.899877+00\357\200\27200/task_id=make_dataset/attempt=1.log"
	deleted:    "***/logs/dag_id=movie_recommendation_pipeline/run_id=manual__2025-05-31T13\357\200\27235\357\200\27243.899877+00\357\200\27200/task_id=train_model/attempt=1.log"
	deleted:    "***/logs/dag_id=movie_recommendation_pipeline/run_id=manual__2025-05-31T13\357\200\27235\357\200\27243.899877+00\357\200\27200/task_id=train_user_model/attempt=1.log"
	deleted:    "***/logs/dag_id=movie_recommendation_pipeline/run_id=manual__2025-05-31T13\357\200\27235\357\200\27243.899877+00\357\200\27200/task_id=validate_models/attempt=1.log"
	deleted:    "***/logs/dag_id=movie_recommendation_pipeline/run_id=manual__2025-05-31T13\357\200\27235\357\200\27243.899877+00\357\200\27200/task_id=validate_models/attempt=2.log"
	deleted:    "***/logs/dag_id=movie_recommendation_pipeline/run_id=manual__2025-05-31T14\357\200\27213\357\200\27253.452558+00\357\200\27200/task_id=build_features/attempt=1.log"
	deleted:    "***/logs/dag_id=movie_recommendation_pipeline/run_id=manual__2025-05-31T14\357\200\27213\357\200\27253.452558+00\357\200\27200/task_id=import_raw_data/attempt=1.log"
	deleted:    "***/logs/dag_id=movie_recommendation_pipeline/run_id=manual__2025-05-31T14\357\200\27213\357\200\27253.452558+00\357\200\27200/task_id=make_dataset/attempt=1.log"
	deleted:    "***/logs/dag_id=movie_recommendation_pipeline/run_id=manual__2025-05-31T14\357\200\27213\357\200\27253.452558+00\357\200\27200/task_id=predict_best_model/attempt=1.log"
	deleted:    "***/logs/dag_id=movie_recommendation_pipeline/run_id=manual__2025-05-31T14\357\200\27213\357\200\27253.452558+00\357\200\27200/task_id=predict_best_model/attempt=2.log"
	deleted:    "***/logs/dag_id=movie_recommendation_pipeline/run_id=manual__2025-05-31T14\357\200\27213\357\200\27253.452558+00\357\200\27200/task_id=predict_best_model/attempt=3.log"
	deleted:    "***/logs/dag_id=movie_recommendation_pipeline/run_id=manual__2025-05-31T14\357\200\27213\357\200\27253.452558+00\357\200\27200/task_id=train_model/attempt=1.log"
	deleted:    "***/logs/dag_id=movie_recommendation_pipeline/run_id=manual__2025-05-31T14\357\200\27213\357\200\27253.452558+00\357\200\27200/task_id=train_user_model/attempt=1.log"
	deleted:    "***/logs/dag_id=movie_recommendation_pipeline/run_id=manual__2025-05-31T14\357\200\27213\357\200\27253.452558+00\357\200\27200/task_id=validate_models/attempt=1.log"
	deleted:    "***/logs/dag_id=movie_recommendation_pipeline/run_id=manual__2025-05-31T14\357\200\27218\357\200\27234.337068+00\357\200\27200/task_id=build_features/attempt=1.log"
	deleted:    "***/logs/dag_id=movie_recommendation_pipeline/run_id=manual__2025-05-31T14\357\200\27218\357\200\27234.337068+00\357\200\27200/task_id=import_raw_data/attempt=1.log"
	deleted:    "***/logs/dag_id=movie_recommendation_pipeline/run_id=manual__2025-05-31T14\357\200\27218\357\200\27234.337068+00\357\200\27200/task_id=make_dataset/attempt=1.log"
	deleted:    "***/logs/dag_id=movie_recommendation_pipeline/run_id=manual__2025-05-31T14\357\200\27218\357\200\27234.337068+00\357\200\27200/task_id=predict_best_model/attempt=1.log"
	deleted:    "***/logs/dag_id=movie_recommendation_pipeline/run_id=manual__2025-05-31T14\357\200\27218\357\200\27234.337068+00\357\200\27200/task_id=predict_best_model/attempt=2.log"
	deleted:    "***/logs/dag_id=movie_recommendation_pipeline/run_id=manual__2025-05-31T14\357\200\27218\357\200\27234.337068+00\357\200\27200/task_id=predict_best_model/attempt=3.log"
	deleted:    "***/logs/dag_id=movie_recommendation_pipeline/run_id=manual__2025-05-31T14\357\200\27218\357\200\27234.337068+00\357\200\27200/task_id=train_model/attempt=1.log"
	deleted:    "***/logs/dag_id=movie_recommendation_pipeline/run_id=manual__2025-05-31T14\357\200\27218\357\200\27234.337068+00\357\200\27200/task_id=train_user_model/attempt=1.log"
	deleted:    "***/logs/dag_id=movie_recommendation_pipeline/run_id=manual__2025-05-31T14\357\200\27218\357\200\27234.337068+00\357\200\27200/task_id=validate_models/attempt=1.log"
	deleted:    "***/logs/dag_id=movie_recommendation_pipeline/run_id=manual__2025-05-31T14\357\200\27246\357\200\27208.419468+00\357\200\27200/task_id=build_features/attempt=1.log"
	deleted:    "***/logs/dag_id=movie_recommendation_pipeline/run_id=manual__2025-05-31T14\357\200\27246\357\200\27208.419468+00\357\200\27200/task_id=debug_env/attempt=1.log"
	deleted:    "***/logs/dag_id=movie_recommendation_pipeline/run_id=manual__2025-05-31T14\357\200\27246\357\200\27208.419468+00\357\200\27200/task_id=import_raw_data/attempt=1.log"
	deleted:    "***/logs/dag_id=movie_recommendation_pipeline/run_id=manual__2025-05-31T14\357\200\27246\357\200\27208.419468+00\357\200\27200/task_id=make_dataset/attempt=1.log"
	deleted:    "***/logs/dag_id=movie_recommendation_pipeline/run_id=manual__2025-05-31T14\357\200\27246\357\200\27208.419468+00\357\200\27200/task_id=predict_best_model/attempt=1.log"
	deleted:    "***/logs/dag_id=movie_recommendation_pipeline/run_id=manual__2025-05-31T14\357\200\27246\357\200\27208.419468+00\357\200\27200/task_id=predict_best_model/attempt=2.log"
	deleted:    "***/logs/dag_id=movie_recommendation_pipeline/run_id=manual__2025-05-31T14\357\200\27246\357\200\27208.419468+00\357\200\27200/task_id=predict_best_model/attempt=3.log"
	deleted:    "***/logs/dag_id=movie_recommendation_pipeline/run_id=manual__2025-05-31T14\357\200\27246\357\200\27208.419468+00\357\200\27200/task_id=train_model/attempt=1.log"
	deleted:    "***/logs/dag_id=movie_recommendation_pipeline/run_id=manual__2025-05-31T14\357\200\27246\357\200\27208.419468+00\357\200\27200/task_id=train_user_model/attempt=1.log"
	deleted:    "***/logs/dag_id=movie_recommendation_pipeline/run_id=manual__2025-05-31T14\357\200\27246\357\200\27208.419468+00\357\200\27200/task_id=validate_models/attempt=1.log"
	deleted:    "***/logs/dag_id=movie_recommendation_pipeline/run_id=manual__2025-05-31T15\357\200\27225\357\200\27231.274836+00\357\200\27200/task_id=build_features/attempt=1.log"
	deleted:    "***/logs/dag_id=movie_recommendation_pipeline/run_id=manual__2025-05-31T15\357\200\27225\357\200\27231.274836+00\357\200\27200/task_id=debug_env/attempt=1.log"
	deleted:    "***/logs/dag_id=movie_recommendation_pipeline/run_id=manual__2025-05-31T15\357\200\27225\357\200\27231.274836+00\357\200\27200/task_id=import_raw_data/attempt=1.log"
	deleted:    "***/logs/dag_id=movie_recommendation_pipeline/run_id=manual__2025-05-31T15\357\200\27225\357\200\27231.274836+00\357\200\27200/task_id=make_dataset/attempt=1.log"
	deleted:    "***/logs/dag_id=movie_recommendation_pipeline/run_id=manual__2025-05-31T15\357\200\27225\357\200\27231.274836+00\357\200\27200/task_id=predict_best_model/attempt=1.log"
	deleted:    "***/logs/dag_id=movie_recommendation_pipeline/run_id=manual__2025-05-31T15\357\200\27225\357\200\27231.274836+00\357\200\27200/task_id=train_hybrid_model/attempt=1.log"
	deleted:    "***/logs/dag_id=movie_recommendation_pipeline/run_id=manual__2025-05-31T15\357\200\27225\357\200\27231.274836+00\357\200\27200/task_id=train_model/attempt=1.log"
	deleted:    "***/logs/dag_id=movie_recommendation_pipeline/run_id=manual__2025-05-31T15\357\200\27225\357\200\27231.274836+00\357\200\27200/task_id=train_user_model/attempt=1.log"
	deleted:    "***/logs/dag_id=movie_recommendation_pipeline/run_id=manual__2025-05-31T15\357\200\27225\357\200\27231.274836+00\357\200\27200/task_id=validate_models/attempt=1.log"
	deleted:    "***/logs/dag_id=movie_recommendation_pipeline/run_id=manual__2025-05-31T15\357\200\27234\357\200\27214.121660+00\357\200\27200/task_id=build_features/attempt=1.log"
	deleted:    "***/logs/dag_id=movie_recommendation_pipeline/run_id=manual__2025-05-31T15\357\200\27234\357\200\27214.121660+00\357\200\27200/task_id=debug_env/attempt=1.log"
	deleted:    "***/logs/dag_id=movie_recommendation_pipeline/run_id=manual__2025-05-31T15\357\200\27234\357\200\27214.121660+00\357\200\27200/task_id=import_raw_data/attempt=1.log"
	deleted:    "***/logs/dag_id=movie_recommendation_pipeline/run_id=manual__2025-05-31T15\357\200\27234\357\200\27214.121660+00\357\200\27200/task_id=make_dataset/attempt=1.log"
	deleted:    "***/logs/dag_id=movie_recommendation_pipeline/run_id=manual__2025-05-31T15\357\200\27234\357\200\27214.121660+00\357\200\27200/task_id=predict_best_model/attempt=1.log"
	deleted:    "***/logs/dag_id=movie_recommendation_pipeline/run_id=manual__2025-05-31T15\357\200\27234\357\200\27214.121660+00\357\200\27200/task_id=train_hybrid_model/attempt=1.log"
	deleted:    "***/logs/dag_id=movie_recommendation_pipeline/run_id=manual__2025-05-31T15\357\200\27234\357\200\27214.121660+00\357\200\27200/task_id=train_model/attempt=1.log"
	deleted:    "***/logs/dag_id=movie_recommendation_pipeline/run_id=manual__2025-05-31T15\357\200\27234\357\200\27214.121660+00\357\200\27200/task_id=train_user_model/attempt=1.log"
	deleted:    "***/logs/dag_id=movie_recommendation_pipeline/run_id=manual__2025-05-31T15\357\200\27234\357\200\27214.121660+00\357\200\27200/task_id=validate_models/attempt=1.log"
	deleted:    "***/logs/dag_id=movie_recommendation_pipeline/run_id=manual__2025-05-31T15\357\200\27254\357\200\27258.574433+00\357\200\27200/task_id=build_features/attempt=1.log"
	deleted:    "***/logs/dag_id=movie_recommendation_pipeline/run_id=manual__2025-05-31T15\357\200\27254\357\200\27258.574433+00\357\200\27200/task_id=debug_env/attempt=1.log"
	deleted:    "***/logs/dag_id=movie_recommendation_pipeline/run_id=manual__2025-05-31T15\357\200\27254\357\200\27258.574433+00\357\200\27200/task_id=import_raw_data/attempt=1.log"
	deleted:    "***/logs/dag_id=movie_recommendation_pipeline/run_id=manual__2025-05-31T15\357\200\27254\357\200\27258.574433+00\357\200\27200/task_id=make_dataset/attempt=1.log"
	deleted:    "***/logs/dag_id=movie_recommendation_pipeline/run_id=manual__2025-05-31T15\357\200\27254\357\200\27258.574433+00\357\200\27200/task_id=predict_best_model/attempt=1.log"
	deleted:    "***/logs/dag_id=movie_recommendation_pipeline/run_id=manual__2025-05-31T15\357\200\27254\357\200\27258.574433+00\357\200\27200/task_id=train_hybrid_model/attempt=1.log"
	deleted:    "***/logs/dag_id=movie_recommendation_pipeline/run_id=manual__2025-05-31T15\357\200\27254\357\200\27258.574433+00\357\200\27200/task_id=train_model/attempt=1.log"
	deleted:    "***/logs/dag_id=movie_recommendation_pipeline/run_id=manual__2025-05-31T15\357\200\27254\357\200\27258.574433+00\357\200\27200/task_id=train_user_model/attempt=1.log"
	deleted:    "***/logs/dag_id=movie_recommendation_pipeline/run_id=manual__2025-05-31T15\357\200\27254\357\200\27258.574433+00\357\200\27200/task_id=validate_models/attempt=1.log"
	deleted:    "***/logs/dag_id=movie_recommendation_pipeline/run_id=manual__2025-05-31T16\357\200\27202\357\200\27226.085851+00\357\200\27200/task_id=build_features/attempt=1.log"
	deleted:    "***/logs/dag_id=movie_recommendation_pipeline/run_id=manual__2025-05-31T16\357\200\27202\357\200\27226.085851+00\357\200\27200/task_id=debug_env/attempt=1.log"
	deleted:    "***/logs/dag_id=movie_recommendation_pipeline/run_id=manual__2025-05-31T16\357\200\27202\357\200\27226.085851+00\357\200\27200/task_id=import_raw_data/attempt=1.log"
	deleted:    "***/logs/dag_id=movie_recommendation_pipeline/run_id=manual__2025-05-31T16\357\200\27202\357\200\27226.085851+00\357\200\27200/task_id=make_dataset/attempt=1.log"
	deleted:    "***/logs/dag_id=movie_recommendation_pipeline/run_id=manual__2025-05-31T16\357\200\27202\357\200\27226.085851+00\357\200\27200/task_id=predict_best_model/attempt=1.log"
	deleted:    "***/logs/dag_id=movie_recommendation_pipeline/run_id=manual__2025-05-31T16\357\200\27202\357\200\27226.085851+00\357\200\27200/task_id=train_hybrid_model/attempt=1.log"
	deleted:    "***/logs/dag_id=movie_recommendation_pipeline/run_id=manual__2025-05-31T16\357\200\27202\357\200\27226.085851+00\357\200\27200/task_id=train_model/attempt=1.log"
	deleted:    "***/logs/dag_id=movie_recommendation_pipeline/run_id=manual__2025-05-31T16\357\200\27202\357\200\27226.085851+00\357\200\27200/task_id=train_user_model/attempt=1.log"
	deleted:    "***/logs/dag_id=movie_recommendation_pipeline/run_id=manual__2025-05-31T16\357\200\27202\357\200\27226.085851+00\357\200\27200/task_id=validate_models/attempt=1.log"
	deleted:    "***/logs/dag_id=movie_recommendation_pipeline/run_id=manual__2025-05-31T16\357\200\27223\357\200\27258.089566+00\357\200\27200/task_id=build_features/attempt=1.log"
	deleted:    "***/logs/dag_id=movie_recommendation_pipeline/run_id=manual__2025-05-31T16\357\200\27223\357\200\27258.089566+00\357\200\27200/task_id=debug_env/attempt=1.log"
	deleted:    "***/logs/dag_id=movie_recommendation_pipeline/run_id=manual__2025-05-31T16\357\200\27223\357\200\27258.089566+00\357\200\27200/task_id=import_raw_data/attempt=1.log"
	deleted:    "***/logs/dag_id=movie_recommendation_pipeline/run_id=manual__2025-05-31T16\357\200\27223\357\200\27258.089566+00\357\200\27200/task_id=make_dataset/attempt=1.log"
	deleted:    "***/logs/dag_id=movie_recommendation_pipeline/run_id=manual__2025-05-31T16\357\200\27223\357\200\27258.089566+00\357\200\27200/task_id=predict_best_model/attempt=1.log"
	deleted:    "***/logs/dag_id=movie_recommendation_pipeline/run_id=manual__2025-05-31T16\357\200\27223\357\200\27258.089566+00\357\200\27200/task_id=train_hybrid_model/attempt=1.log"
	deleted:    "***/logs/dag_id=movie_recommendation_pipeline/run_id=manual__2025-05-31T16\357\200\27223\357\200\27258.089566+00\357\200\27200/task_id=train_model/attempt=1.log"
	deleted:    "***/logs/dag_id=movie_recommendation_pipeline/run_id=manual__2025-05-31T16\357\200\27223\357\200\27258.089566+00\357\200\27200/task_id=train_user_model/attempt=1.log"
	deleted:    "***/logs/dag_id=movie_recommendation_pipeline/run_id=manual__2025-05-31T16\357\200\27223\357\200\27258.089566+00\357\200\27200/task_id=validate_models/attempt=1.log"
	deleted:    "***/logs/dag_id=movie_recommendation_pipeline/run_id=manual__2025-05-31T16\357\200\27236\357\200\27201.251219+00\357\200\27200/task_id=build_features/attempt=1.log"
	deleted:    "***/logs/dag_id=movie_recommendation_pipeline/run_id=manual__2025-05-31T16\357\200\27236\357\200\27201.251219+00\357\200\27200/task_id=debug_env/attempt=1.log"
	deleted:    "***/logs/dag_id=movie_recommendation_pipeline/run_id=manual__2025-05-31T16\357\200\27236\357\200\27201.251219+00\357\200\27200/task_id=import_raw_data/attempt=1.log"
	deleted:    "***/logs/dag_id=movie_recommendation_pipeline/run_id=manual__2025-05-31T16\357\200\27236\357\200\27201.251219+00\357\200\27200/task_id=make_dataset/attempt=1.log"
	deleted:    "***/logs/dag_id=movie_recommendation_pipeline/run_id=manual__2025-05-31T16\357\200\27236\357\200\27201.251219+00\357\200\27200/task_id=predict_best_model/attempt=1.log"
	deleted:    "***/logs/dag_id=movie_recommendation_pipeline/run_id=manual__2025-05-31T16\357\200\27236\357\200\27201.251219+00\357\200\27200/task_id=train_hybrid_model/attempt=1.log"
	deleted:    "***/logs/dag_id=movie_recommendation_pipeline/run_id=manual__2025-05-31T16\357\200\27236\357\200\27201.251219+00\357\200\27200/task_id=train_model/attempt=1.log"
	deleted:    "***/logs/dag_id=movie_recommendation_pipeline/run_id=manual__2025-05-31T16\357\200\27236\357\200\27201.251219+00\357\200\27200/task_id=train_user_model/attempt=1.log"
	deleted:    "***/logs/dag_id=movie_recommendation_pipeline/run_id=manual__2025-05-31T16\357\200\27236\357\200\27201.251219+00\357\200\27200/task_id=validate_models/attempt=1.log"
	deleted:    "***/logs/dag_id=movie_recommendation_pipeline/run_id=manual__2025-05-31T16\357\200\27245\357\200\27223.301023+00\357\200\27200/task_id=build_features/attempt=1.log"
	deleted:    "***/logs/dag_id=movie_recommendation_pipeline/run_id=manual__2025-05-31T16\357\200\27245\357\200\27223.301023+00\357\200\27200/task_id=debug_env/attempt=1.log"
	deleted:    "***/logs/dag_id=movie_recommendation_pipeline/run_id=manual__2025-05-31T16\357\200\27245\357\200\27223.301023+00\357\200\27200/task_id=import_raw_data/attempt=1.log"
	deleted:    "***/logs/dag_id=movie_recommendation_pipeline/run_id=manual__2025-05-31T16\357\200\27245\357\200\27223.301023+00\357\200\27200/task_id=make_dataset/attempt=1.log"
	deleted:    "***/logs/dag_id=movie_recommendation_pipeline/run_id=manual__2025-05-31T16\357\200\27245\357\200\27223.301023+00\357\200\27200/task_id=predict_best_model/attempt=1.log"
	deleted:    "***/logs/dag_id=movie_recommendation_pipeline/run_id=manual__2025-05-31T16\357\200\27245\357\200\27223.301023+00\357\200\27200/task_id=train_hybrid_model/attempt=1.log"
	deleted:    "***/logs/dag_id=movie_recommendation_pipeline/run_id=manual__2025-05-31T16\357\200\27245\357\200\27223.301023+00\357\200\27200/task_id=train_model/attempt=1.log"
	deleted:    "***/logs/dag_id=movie_recommendation_pipeline/run_id=manual__2025-05-31T16\357\200\27245\357\200\27223.301023+00\357\200\27200/task_id=train_user_model/attempt=1.log"
	deleted:    "***/logs/dag_id=movie_recommendation_pipeline/run_id=manual__2025-05-31T16\357\200\27245\357\200\27223.301023+00\357\200\27200/task_id=validate_models/attempt=1.log"
	deleted:    "***/logs/dag_id=movie_recommendation_pipeline/run_id=manual__2025-05-31T17\357\200\27204\357\200\27223.836855+00\357\200\27200/task_id=build_features/attempt=1.log"
	deleted:    "***/logs/dag_id=movie_recommendation_pipeline/run_id=manual__2025-05-31T17\357\200\27204\357\200\27223.836855+00\357\200\27200/task_id=debug_env/attempt=1.log"
	deleted:    "***/logs/dag_id=movie_recommendation_pipeline/run_id=manual__2025-05-31T17\357\200\27204\357\200\27223.836855+00\357\200\27200/task_id=import_raw_data/attempt=1.log"
	deleted:    "***/logs/dag_id=movie_recommendation_pipeline/run_id=manual__2025-05-31T17\357\200\27204\357\200\27223.836855+00\357\200\27200/task_id=make_dataset/attempt=1.log"
	deleted:    "***/logs/dag_id=movie_recommendation_pipeline/run_id=manual__2025-05-31T17\357\200\27204\357\200\27223.836855+00\357\200\27200/task_id=predict_best_model/attempt=1.log"
	deleted:    "***/logs/dag_id=movie_recommendation_pipeline/run_id=manual__2025-05-31T17\357\200\27204\357\200\27223.836855+00\357\200\27200/task_id=train_hybrid_model/attempt=1.log"
	deleted:    "***/logs/dag_id=movie_recommendation_pipeline/run_id=manual__2025-05-31T17\357\200\27204\357\200\27223.836855+00\357\200\27200/task_id=train_model/attempt=1.log"
	deleted:    "***/logs/dag_id=movie_recommendation_pipeline/run_id=manual__2025-05-31T17\357\200\27204\357\200\27223.836855+00\357\200\27200/task_id=train_user_model/attempt=1.log"
	deleted:    "***/logs/dag_id=movie_recommendation_pipeline/run_id=manual__2025-05-31T17\357\200\27204\357\200\27223.836855+00\357\200\27200/task_id=validate_models/attempt=1.log"
	deleted:    "***/logs/dag_id=movie_recommendation_pipeline/run_id=manual__2025-05-31T17\357\200\27213\357\200\27257.646872+00\357\200\27200/task_id=build_features/attempt=1.log"
	deleted:    "***/logs/dag_id=movie_recommendation_pipeline/run_id=manual__2025-05-31T17\357\200\27213\357\200\27257.646872+00\357\200\27200/task_id=debug_env/attempt=1.log"
	deleted:    "***/logs/dag_id=movie_recommendation_pipeline/run_id=manual__2025-05-31T17\357\200\27213\357\200\27257.646872+00\357\200\27200/task_id=import_raw_data/attempt=1.log"
	deleted:    "***/logs/dag_id=movie_recommendation_pipeline/run_id=manual__2025-05-31T17\357\200\27213\357\200\27257.646872+00\357\200\27200/task_id=make_dataset/attempt=1.log"
	deleted:    "***/logs/dag_id=movie_recommendation_pipeline/run_id=manual__2025-05-31T17\357\200\27213\357\200\27257.646872+00\357\200\27200/task_id=predict_best_model/attempt=1.log"
	deleted:    "***/logs/dag_id=movie_recommendation_pipeline/run_id=manual__2025-05-31T17\357\200\27213\357\200\27257.646872+00\357\200\27200/task_id=train_hybrid_model/attempt=1.log"
	deleted:    "***/logs/dag_id=movie_recommendation_pipeline/run_id=manual__2025-05-31T17\357\200\27213\357\200\27257.646872+00\357\200\27200/task_id=train_model/attempt=1.log"
	deleted:    "***/logs/dag_id=movie_recommendation_pipeline/run_id=manual__2025-05-31T17\357\200\27213\357\200\27257.646872+00\357\200\27200/task_id=train_user_model/attempt=1.log"
	deleted:    "***/logs/dag_id=movie_recommendation_pipeline/run_id=manual__2025-05-31T17\357\200\27213\357\200\27257.646872+00\357\200\27200/task_id=validate_models/attempt=1.log"
	deleted:    "***/logs/dag_id=movie_recommendation_pipeline/run_id=manual__2025-05-31T17\357\200\27229\357\200\27201.130501+00\357\200\27200/task_id=build_features/attempt=1.log"
	deleted:    "***/logs/dag_id=movie_recommendation_pipeline/run_id=manual__2025-05-31T17\357\200\27229\357\200\27201.130501+00\357\200\27200/task_id=debug_env/attempt=1.log"
	deleted:    "***/logs/dag_id=movie_recommendation_pipeline/run_id=manual__2025-05-31T17\357\200\27229\357\200\27201.130501+00\357\200\27200/task_id=import_raw_data/attempt=1.log"
	deleted:    "***/logs/dag_id=movie_recommendation_pipeline/run_id=manual__2025-05-31T17\357\200\27229\357\200\27201.130501+00\357\200\27200/task_id=make_dataset/attempt=1.log"
	deleted:    "***/logs/dag_id=movie_recommendation_pipeline/run_id=manual__2025-05-31T17\357\200\27229\357\200\27201.130501+00\357\200\27200/task_id=predict_best_model/attempt=1.log"
	deleted:    "***/logs/dag_id=movie_recommendation_pipeline/run_id=manual__2025-05-31T17\357\200\27229\357\200\27201.130501+00\357\200\27200/task_id=train_hybrid_model/attempt=1.log"
	deleted:    "***/logs/dag_id=movie_recommendation_pipeline/run_id=manual__2025-05-31T17\357\200\27229\357\200\27201.130501+00\357\200\27200/task_id=train_model/attempt=1.log"
	deleted:    "***/logs/dag_id=movie_recommendation_pipeline/run_id=manual__2025-05-31T17\357\200\27229\357\200\27201.130501+00\357\200\27200/task_id=train_user_model/attempt=1.log"
	deleted:    "***/logs/dag_id=movie_recommendation_pipeline/run_id=manual__2025-05-31T17\357\200\27229\357\200\27201.130501+00\357\200\27200/task_id=validate_models/attempt=1.log"
	deleted:    "***/logs/dag_id=movie_recommendation_pipeline/run_id=manual__2025-05-31T18\357\200\27207\357\200\27249.465412+00\357\200\27200/task_id=build_features/attempt=1.log"
	deleted:    "***/logs/dag_id=movie_recommendation_pipeline/run_id=manual__2025-05-31T18\357\200\27207\357\200\27249.465412+00\357\200\27200/task_id=debug_env/attempt=1.log"
	deleted:    "***/logs/dag_id=movie_recommendation_pipeline/run_id=manual__2025-05-31T18\357\200\27207\357\200\27249.465412+00\357\200\27200/task_id=import_raw_data/attempt=1.log"
	deleted:    "***/logs/dag_id=movie_recommendation_pipeline/run_id=manual__2025-05-31T18\357\200\27207\357\200\27249.465412+00\357\200\27200/task_id=make_dataset/attempt=1.log"
	deleted:    "***/logs/dag_id=movie_recommendation_pipeline/run_id=manual__2025-05-31T18\357\200\27207\357\200\27249.465412+00\357\200\27200/task_id=predict_best_model/attempt=1.log"
	deleted:    "***/logs/dag_id=movie_recommendation_pipeline/run_id=manual__2025-05-31T18\357\200\27207\357\200\27249.465412+00\357\200\27200/task_id=train_hybrid_model/attempt=1.log"
	deleted:    "***/logs/dag_id=movie_recommendation_pipeline/run_id=manual__2025-05-31T18\357\200\27207\357\200\27249.465412+00\357\200\27200/task_id=train_model/attempt=1.log"
	deleted:    "***/logs/dag_id=movie_recommendation_pipeline/run_id=manual__2025-05-31T18\357\200\27207\357\200\27249.465412+00\357\200\27200/task_id=train_user_model/attempt=1.log"
	deleted:    "***/logs/dag_id=movie_recommendation_pipeline/run_id=manual__2025-05-31T18\357\200\27207\357\200\27249.465412+00\357\200\27200/task_id=validate_models/attempt=1.log"
	deleted:    "***/logs/dag_id=movie_recommendation_pipeline/run_id=manual__2025-05-31T18\357\200\27235\357\200\27229.795647+00\357\200\27200/task_id=build_features/attempt=1.log"
	deleted:    "***/logs/dag_id=movie_recommendation_pipeline/run_id=manual__2025-05-31T18\357\200\27235\357\200\27229.795647+00\357\200\27200/task_id=debug_env/attempt=1.log"
	deleted:    "***/logs/dag_id=movie_recommendation_pipeline/run_id=manual__2025-05-31T18\357\200\27235\357\200\27229.795647+00\357\200\27200/task_id=import_raw_data/attempt=1.log"
	deleted:    "***/logs/dag_id=movie_recommendation_pipeline/run_id=manual__2025-05-31T18\357\200\27235\357\200\27229.795647+00\357\200\27200/task_id=make_dataset/attempt=1.log"
	deleted:    "***/logs/dag_id=movie_recommendation_pipeline/run_id=manual__2025-05-31T18\357\200\27235\357\200\27229.795647+00\357\200\27200/task_id=predict_best_model/attempt=1.log"
	deleted:    "***/logs/dag_id=movie_recommendation_pipeline/run_id=manual__2025-05-31T18\357\200\27235\357\200\27229.795647+00\357\200\27200/task_id=train_hybrid_model/attempt=1.log"
	deleted:    "***/logs/dag_id=movie_recommendation_pipeline/run_id=manual__2025-05-31T18\357\200\27235\357\200\27229.795647+00\357\200\27200/task_id=train_model/attempt=1.log"
	deleted:    "***/logs/dag_id=movie_recommendation_pipeline/run_id=manual__2025-05-31T18\357\200\27235\357\200\27229.795647+00\357\200\27200/task_id=train_user_model/attempt=1.log"
	deleted:    "***/logs/dag_id=movie_recommendation_pipeline/run_id=manual__2025-05-31T18\357\200\27235\357\200\27229.795647+00\357\200\27200/task_id=validate_models/attempt=1.log"
	deleted:    "***/logs/dag_id=movie_recommendation_pipeline/run_id=manual__2025-05-31T19\357\200\27219\357\200\27243.279904+00\357\200\27200/task_id=build_features/attempt=1.log"
	deleted:    "***/logs/dag_id=movie_recommendation_pipeline/run_id=manual__2025-05-31T19\357\200\27219\357\200\27243.279904+00\357\200\27200/task_id=debug_env/attempt=1.log"
	deleted:    "***/logs/dag_id=movie_recommendation_pipeline/run_id=manual__2025-05-31T19\357\200\27219\357\200\27243.279904+00\357\200\27200/task_id=import_raw_data/attempt=1.log"
	deleted:    "***/logs/dag_id=movie_recommendation_pipeline/run_id=manual__2025-05-31T19\357\200\27219\357\200\27243.279904+00\357\200\27200/task_id=make_dataset/attempt=1.log"
	deleted:    "***/logs/dag_id=movie_recommendation_pipeline/run_id=manual__2025-05-31T19\357\200\27219\357\200\27243.279904+00\357\200\27200/task_id=predict_best_model/attempt=1.log"
	deleted:    "***/logs/dag_id=movie_recommendation_pipeline/run_id=manual__2025-05-31T19\357\200\27219\357\200\27243.279904+00\357\200\27200/task_id=train_hybrid_model/attempt=1.log"
	deleted:    "***/logs/dag_id=movie_recommendation_pipeline/run_id=manual__2025-05-31T19\357\200\27219\357\200\27243.279904+00\357\200\27200/task_id=train_model/attempt=1.log"
	deleted:    "***/logs/dag_id=movie_recommendation_pipeline/run_id=manual__2025-05-31T19\357\200\27219\357\200\27243.279904+00\357\200\27200/task_id=train_user_model/attempt=1.log"
	deleted:    "***/logs/dag_id=movie_recommendation_pipeline/run_id=manual__2025-05-31T19\357\200\27219\357\200\27243.279904+00\357\200\27200/task_id=validate_models/attempt=1.log"
	deleted:    "***/logs/dag_id=movie_recommendation_pipeline/run_id=manual__2025-05-31T19\357\200\27250\357\200\27245.029050+00\357\200\27200/task_id=build_features/attempt=1.log"
	deleted:    "***/logs/dag_id=movie_recommendation_pipeline/run_id=manual__2025-05-31T19\357\200\27250\357\200\27245.029050+00\357\200\27200/task_id=debug_env/attempt=1.log"
	deleted:    "***/logs/dag_id=movie_recommendation_pipeline/run_id=manual__2025-05-31T19\357\200\27250\357\200\27245.029050+00\357\200\27200/task_id=import_raw_data/attempt=1.log"
	deleted:    "***/logs/dag_id=movie_recommendation_pipeline/run_id=manual__2025-05-31T19\357\200\27250\357\200\27245.029050+00\357\200\27200/task_id=make_dataset/attempt=1.log"
	deleted:    "***/logs/dag_id=movie_recommendation_pipeline/run_id=manual__2025-05-31T19\357\200\27250\357\200\27245.029050+00\357\200\27200/task_id=predict_best_model/attempt=1.log"
	deleted:    "***/logs/dag_id=movie_recommendation_pipeline/run_id=manual__2025-05-31T19\357\200\27250\357\200\27245.029050+00\357\200\27200/task_id=train_hybrid_model/attempt=1.log"
	deleted:    "***/logs/dag_id=movie_recommendation_pipeline/run_id=manual__2025-05-31T19\357\200\27250\357\200\27245.029050+00\357\200\27200/task_id=train_model/attempt=1.log"
	deleted:    "***/logs/dag_id=movie_recommendation_pipeline/run_id=manual__2025-05-31T19\357\200\27250\357\200\27245.029050+00\357\200\27200/task_id=train_user_model/attempt=1.log"
	deleted:    "***/logs/dag_id=movie_recommendation_pipeline/run_id=manual__2025-05-31T19\357\200\27250\357\200\27245.029050+00\357\200\27200/task_id=validate_models/attempt=1.log"
	deleted:    "***/logs/dag_id=movie_recommendation_pipeline/run_id=manual__2025-05-31T20\357\200\27200\357\200\27241.642781+00\357\200\27200/task_id=build_features/attempt=1.log"
	deleted:    "***/logs/dag_id=movie_recommendation_pipeline/run_id=manual__2025-05-31T20\357\200\27200\357\200\27241.642781+00\357\200\27200/task_id=debug_env/attempt=1.log"
	deleted:    "***/logs/dag_id=movie_recommendation_pipeline/run_id=manual__2025-05-31T20\357\200\27200\357\200\27241.642781+00\357\200\27200/task_id=import_raw_data/attempt=1.log"
	deleted:    "***/logs/dag_id=movie_recommendation_pipeline/run_id=manual__2025-05-31T20\357\200\27200\357\200\27241.642781+00\357\200\27200/task_id=make_dataset/attempt=1.log"
	deleted:    "***/logs/dag_id=movie_recommendation_pipeline/run_id=manual__2025-05-31T20\357\200\27200\357\200\27241.642781+00\357\200\27200/task_id=predict_best_model/attempt=1.log"
	deleted:    "***/logs/dag_id=movie_recommendation_pipeline/run_id=manual__2025-05-31T20\357\200\27200\357\200\27241.642781+00\357\200\27200/task_id=train_hybrid_model/attempt=1.log"
	deleted:    "***/logs/dag_id=movie_recommendation_pipeline/run_id=manual__2025-05-31T20\357\200\27200\357\200\27241.642781+00\357\200\27200/task_id=train_model/attempt=1.log"
	deleted:    "***/logs/dag_id=movie_recommendation_pipeline/run_id=manual__2025-05-31T20\357\200\27200\357\200\27241.642781+00\357\200\27200/task_id=train_user_model/attempt=1.log"
	deleted:    "***/logs/dag_id=movie_recommendation_pipeline/run_id=manual__2025-05-31T20\357\200\27200\357\200\27241.642781+00\357\200\27200/task_id=validate_models/attempt=1.log"
	deleted:    "***/logs/dag_id=movie_recommendation_pipeline/run_id=manual__2025-05-31T20\357\200\27211\357\200\27259.014875+00\357\200\27200/task_id=build_features/attempt=1.log"
	deleted:    "***/logs/dag_id=movie_recommendation_pipeline/run_id=manual__2025-05-31T20\357\200\27211\357\200\27259.014875+00\357\200\27200/task_id=debug_env/attempt=1.log"
	deleted:    "***/logs/dag_id=movie_recommendation_pipeline/run_id=manual__2025-05-31T20\357\200\27211\357\200\27259.014875+00\357\200\27200/task_id=import_raw_data/attempt=1.log"
	deleted:    "***/logs/dag_id=movie_recommendation_pipeline/run_id=manual__2025-05-31T20\357\200\27211\357\200\27259.014875+00\357\200\27200/task_id=make_dataset/attempt=1.log"
	deleted:    "***/logs/dag_id=movie_recommendation_pipeline/run_id=manual__2025-05-31T20\357\200\27211\357\200\27259.014875+00\357\200\27200/task_id=predict_best_model/attempt=1.log"
	deleted:    "***/logs/dag_id=movie_recommendation_pipeline/run_id=manual__2025-05-31T20\357\200\27211\357\200\27259.014875+00\357\200\27200/task_id=train_hybrid_model/attempt=1.log"
	deleted:    "***/logs/dag_id=movie_recommendation_pipeline/run_id=manual__2025-05-31T20\357\200\27211\357\200\27259.014875+00\357\200\27200/task_id=train_model/attempt=1.log"
	deleted:    "***/logs/dag_id=movie_recommendation_pipeline/run_id=manual__2025-05-31T20\357\200\27211\357\200\27259.014875+00\357\200\27200/task_id=train_user_model/attempt=1.log"
	deleted:    "***/logs/dag_id=movie_recommendation_pipeline/run_id=manual__2025-05-31T20\357\200\27211\357\200\27259.014875+00\357\200\27200/task_id=validate_models/attempt=1.log"
	deleted:    "***/logs/dag_id=movie_recommendation_pipeline/run_id=manual__2025-05-31T20\357\200\27235\357\200\27215.386496+00\357\200\27200/task_id=build_features/attempt=1.log"
	deleted:    "***/logs/dag_id=movie_recommendation_pipeline/run_id=manual__2025-05-31T20\357\200\27235\357\200\27215.386496+00\357\200\27200/task_id=debug_env/attempt=1.log"
	deleted:    "***/logs/dag_id=movie_recommendation_pipeline/run_id=manual__2025-05-31T20\357\200\27235\357\200\27215.386496+00\357\200\27200/task_id=import_raw_data/attempt=1.log"
	deleted:    "***/logs/dag_id=movie_recommendation_pipeline/run_id=manual__2025-05-31T20\357\200\27235\357\200\27215.386496+00\357\200\27200/task_id=make_dataset/attempt=1.log"
	deleted:    "***/logs/dag_id=movie_recommendation_pipeline/run_id=manual__2025-05-31T20\357\200\27235\357\200\27215.386496+00\357\200\27200/task_id=predict_best_model/attempt=1.log"
	deleted:    "***/logs/dag_id=movie_recommendation_pipeline/run_id=manual__2025-05-31T20\357\200\27235\357\200\27215.386496+00\357\200\27200/task_id=train_hybrid_model/attempt=1.log"
	deleted:    "***/logs/dag_id=movie_recommendation_pipeline/run_id=manual__2025-05-31T20\357\200\27235\357\200\27215.386496+00\357\200\27200/task_id=train_model/attempt=1.log"
	deleted:    "***/logs/dag_id=movie_recommendation_pipeline/run_id=manual__2025-05-31T20\357\200\27235\357\200\27215.386496+00\357\200\27200/task_id=train_user_model/attempt=1.log"
	deleted:    "***/logs/dag_id=movie_recommendation_pipeline/run_id=manual__2025-05-31T20\357\200\27235\357\200\27215.386496+00\357\200\27200/task_id=validate_models/attempt=1.log"
	deleted:    "***/logs/dag_id=movie_recommendation_pipeline/run_id=manual__2025-05-31T21\357\200\27201\357\200\27250.237695+00\357\200\27200/task_id=build_features/attempt=1.log"
	deleted:    "***/logs/dag_id=movie_recommendation_pipeline/run_id=manual__2025-05-31T21\357\200\27201\357\200\27250.237695+00\357\200\27200/task_id=debug_env/attempt=1.log"
	deleted:    "***/logs/dag_id=movie_recommendation_pipeline/run_id=manual__2025-05-31T21\357\200\27201\357\200\27250.237695+00\357\200\27200/task_id=import_raw_data/attempt=1.log"
	deleted:    "***/logs/dag_id=movie_recommendation_pipeline/run_id=manual__2025-05-31T21\357\200\27201\357\200\27250.237695+00\357\200\27200/task_id=make_dataset/attempt=1.log"
	deleted:    "***/logs/dag_id=movie_recommendation_pipeline/run_id=manual__2025-05-31T21\357\200\27201\357\200\27250.237695+00\357\200\27200/task_id=predict_best_model/attempt=1.log"
	deleted:    "***/logs/dag_id=movie_recommendation_pipeline/run_id=manual__2025-05-31T21\357\200\27201\357\200\27250.237695+00\357\200\27200/task_id=train_hybrid_model/attempt=1.log"
	deleted:    "***/logs/dag_id=movie_recommendation_pipeline/run_id=manual__2025-05-31T21\357\200\27201\357\200\27250.237695+00\357\200\27200/task_id=train_model/attempt=1.log"
	deleted:    "***/logs/dag_id=movie_recommendation_pipeline/run_id=manual__2025-05-31T21\357\200\27201\357\200\27250.237695+00\357\200\27200/task_id=train_user_model/attempt=1.log"
	deleted:    "***/logs/dag_id=movie_recommendation_pipeline/run_id=manual__2025-05-31T21\357\200\27201\357\200\27250.237695+00\357\200\27200/task_id=validate_models/attempt=1.log"
	deleted:    "***/logs/dag_id=movie_recommendation_pipeline/run_id=manual__2025-05-31T21\357\200\27217\357\200\27237.847852+00\357\200\27200/task_id=build_features/attempt=1.log"
	deleted:    "***/logs/dag_id=movie_recommendation_pipeline/run_id=manual__2025-05-31T21\357\200\27217\357\200\27237.847852+00\357\200\27200/task_id=debug_env/attempt=1.log"
	deleted:    "***/logs/dag_id=movie_recommendation_pipeline/run_id=manual__2025-05-31T21\357\200\27217\357\200\27237.847852+00\357\200\27200/task_id=import_raw_data/attempt=1.log"
	deleted:    "***/logs/dag_id=movie_recommendation_pipeline/run_id=manual__2025-05-31T21\357\200\27217\357\200\27237.847852+00\357\200\27200/task_id=make_dataset/attempt=1.log"
	deleted:    "***/logs/dag_id=movie_recommendation_pipeline/run_id=manual__2025-05-31T21\357\200\27217\357\200\27237.847852+00\357\200\27200/task_id=predict_best_model/attempt=1.log"
	deleted:    "***/logs/dag_id=movie_recommendation_pipeline/run_id=manual__2025-05-31T21\357\200\27217\357\200\27237.847852+00\357\200\27200/task_id=train_hybrid_model/attempt=1.log"
	deleted:    "***/logs/dag_id=movie_recommendation_pipeline/run_id=manual__2025-05-31T21\357\200\27217\357\200\27237.847852+00\357\200\27200/task_id=train_model/attempt=1.log"
	deleted:    "***/logs/dag_id=movie_recommendation_pipeline/run_id=manual__2025-05-31T21\357\200\27217\357\200\27237.847852+00\357\200\27200/task_id=train_user_model/attempt=1.log"
	deleted:    "***/logs/dag_id=movie_recommendation_pipeline/run_id=manual__2025-05-31T21\357\200\27217\357\200\27237.847852+00\357\200\27200/task_id=validate_models/attempt=1.log"
	deleted:    "***/logs/dag_id=movie_recommendation_pipeline/run_id=manual__2025-05-31T21\357\200\27237\357\200\27232.705262+00\357\200\27200/task_id=build_features/attempt=1.log"
	deleted:    "***/logs/dag_id=movie_recommendation_pipeline/run_id=manual__2025-05-31T21\357\200\27237\357\200\27232.705262+00\357\200\27200/task_id=debug_env/attempt=1.log"
	deleted:    "***/logs/dag_id=movie_recommendation_pipeline/run_id=manual__2025-05-31T21\357\200\27237\357\200\27232.705262+00\357\200\27200/task_id=import_raw_data/attempt=1.log"
	deleted:    "***/logs/dag_id=movie_recommendation_pipeline/run_id=manual__2025-05-31T21\357\200\27237\357\200\27232.705262+00\357\200\27200/task_id=make_dataset/attempt=1.log"
	deleted:    "***/logs/dag_id=movie_recommendation_pipeline/run_id=manual__2025-05-31T21\357\200\27237\357\200\27232.705262+00\357\200\27200/task_id=predict_best_model/attempt=1.log"
	deleted:    "***/logs/dag_id=movie_recommendation_pipeline/run_id=manual__2025-05-31T21\357\200\27237\357\200\27232.705262+00\357\200\27200/task_id=train_hybrid_model/attempt=1.log"
	deleted:    "***/logs/dag_id=movie_recommendation_pipeline/run_id=manual__2025-05-31T21\357\200\27237\357\200\27232.705262+00\357\200\27200/task_id=train_model/attempt=1.log"
	deleted:    "***/logs/dag_id=movie_recommendation_pipeline/run_id=manual__2025-05-31T21\357\200\27237\357\200\27232.705262+00\357\200\27200/task_id=train_user_model/attempt=1.log"
	deleted:    "***/logs/dag_id=movie_recommendation_pipeline/run_id=manual__2025-05-31T21\357\200\27237\357\200\27232.705262+00\357\200\27200/task_id=validate_models/attempt=1.log"
	deleted:    "***/logs/dag_id=movie_recommendation_pipeline/run_id=manual__2025-05-31T21\357\200\27252\357\200\27202.301878+00\357\200\27200/task_id=build_features/attempt=1.log"
	deleted:    "***/logs/dag_id=movie_recommendation_pipeline/run_id=manual__2025-05-31T21\357\200\27252\357\200\27202.301878+00\357\200\27200/task_id=debug_env/attempt=1.log"
	deleted:    "***/logs/dag_id=movie_recommendation_pipeline/run_id=manual__2025-05-31T21\357\200\27252\357\200\27202.301878+00\357\200\27200/task_id=import_raw_data/attempt=1.log"
	deleted:    "***/logs/dag_id=movie_recommendation_pipeline/run_id=manual__2025-05-31T21\357\200\27252\357\200\27202.301878+00\357\200\27200/task_id=make_dataset/attempt=1.log"
	deleted:    "***/logs/dag_id=movie_recommendation_pipeline/run_id=manual__2025-05-31T21\357\200\27252\357\200\27202.301878+00\357\200\27200/task_id=predict_best_model/attempt=1.log"
	deleted:    "***/logs/dag_id=movie_recommendation_pipeline/run_id=manual__2025-05-31T21\357\200\27252\357\200\27202.301878+00\357\200\27200/task_id=train_hybrid_model/attempt=1.log"
	deleted:    "***/logs/dag_id=movie_recommendation_pipeline/run_id=manual__2025-05-31T21\357\200\27252\357\200\27202.301878+00\357\200\27200/task_id=train_model/attempt=1.log"
	deleted:    "***/logs/dag_id=movie_recommendation_pipeline/run_id=manual__2025-05-31T21\357\200\27252\357\200\27202.301878+00\357\200\27200/task_id=train_user_model/attempt=1.log"
	deleted:    "***/logs/dag_id=movie_recommendation_pipeline/run_id=manual__2025-05-31T21\357\200\27252\357\200\27202.301878+00\357\200\27200/task_id=validate_models/attempt=1.log"
	deleted:    "***/logs/dag_id=movie_recommendation_pipeline/run_id=manual__2025-05-31T22\357\200\27211\357\200\27216.825787+00\357\200\27200/task_id=build_features/attempt=1.log"
	deleted:    "***/logs/dag_id=movie_recommendation_pipeline/run_id=manual__2025-05-31T22\357\200\27211\357\200\27216.825787+00\357\200\27200/task_id=debug_env/attempt=1.log"
	deleted:    "***/logs/dag_id=movie_recommendation_pipeline/run_id=manual__2025-05-31T22\357\200\27211\357\200\27216.825787+00\357\200\27200/task_id=import_raw_data/attempt=1.log"
	deleted:    "***/logs/dag_id=movie_recommendation_pipeline/run_id=manual__2025-05-31T22\357\200\27211\357\200\27216.825787+00\357\200\27200/task_id=make_dataset/attempt=1.log"
	deleted:    "***/logs/dag_id=movie_recommendation_pipeline/run_id=manual__2025-05-31T22\357\200\27211\357\200\27216.825787+00\357\200\27200/task_id=predict_best_model/attempt=1.log"
	deleted:    "***/logs/dag_id=movie_recommendation_pipeline/run_id=manual__2025-05-31T22\357\200\27211\357\200\27216.825787+00\357\200\27200/task_id=train_hybrid_model/attempt=1.log"
	deleted:    "***/logs/dag_id=movie_recommendation_pipeline/run_id=manual__2025-05-31T22\357\200\27211\357\200\27216.825787+00\357\200\27200/task_id=train_model/attempt=1.log"
	deleted:    "***/logs/dag_id=movie_recommendation_pipeline/run_id=manual__2025-05-31T22\357\200\27211\357\200\27216.825787+00\357\200\27200/task_id=train_user_model/attempt=1.log"
	deleted:    "***/logs/dag_id=movie_recommendation_pipeline/run_id=manual__2025-05-31T22\357\200\27211\357\200\27216.825787+00\357\200\27200/task_id=validate_models/attempt=1.log"
	deleted:    "***/logs/dag_id=movie_recommendation_pipeline/run_id=manual__2025-05-31T22\357\200\27251\357\200\27225.084600+00\357\200\27200/task_id=build_features/attempt=1.log"
	deleted:    "***/logs/dag_id=movie_recommendation_pipeline/run_id=manual__2025-05-31T22\357\200\27251\357\200\27225.084600+00\357\200\27200/task_id=check_model_registry/attempt=1.log"
	deleted:    "***/logs/dag_id=movie_recommendation_pipeline/run_id=manual__2025-05-31T22\357\200\27251\357\200\27225.084600+00\357\200\27200/task_id=check_model_registry/attempt=2.log"
	deleted:    "***/logs/dag_id=movie_recommendation_pipeline/run_id=manual__2025-05-31T22\357\200\27251\357\200\27225.084600+00\357\200\27200/task_id=check_model_registry/attempt=3.log"
	deleted:    "***/logs/dag_id=movie_recommendation_pipeline/run_id=manual__2025-05-31T22\357\200\27251\357\200\27225.084600+00\357\200\27200/task_id=debug_env/attempt=1.log"
	deleted:    "***/logs/dag_id=movie_recommendation_pipeline/run_id=manual__2025-05-31T22\357\200\27251\357\200\27225.084600+00\357\200\27200/task_id=import_raw_data/attempt=1.log"
	deleted:    "***/logs/dag_id=movie_recommendation_pipeline/run_id=manual__2025-05-31T22\357\200\27251\357\200\27225.084600+00\357\200\27200/task_id=make_dataset/attempt=1.log"
	deleted:    "***/logs/dag_id=movie_recommendation_pipeline/run_id=manual__2025-05-31T22\357\200\27251\357\200\27225.084600+00\357\200\27200/task_id=train_hybrid_model/attempt=1.log"
	deleted:    "***/logs/dag_id=movie_recommendation_pipeline/run_id=manual__2025-05-31T22\357\200\27251\357\200\27225.084600+00\357\200\27200/task_id=train_model/attempt=1.log"
	deleted:    "***/logs/dag_id=movie_recommendation_pipeline/run_id=manual__2025-05-31T22\357\200\27251\357\200\27225.084600+00\357\200\27200/task_id=train_user_model/attempt=1.log"
	deleted:    "***/logs/dag_id=movie_recommendation_pipeline/run_id=manual__2025-05-31T22\357\200\27251\357\200\27225.084600+00\357\200\27200/task_id=validate_models/attempt=1.log"
	deleted:    "***/logs/dag_id=movie_recommendation_pipeline/run_id=manual__2025-05-31T23\357\200\27206\357\200\27244.905617+00\357\200\27200/task_id=build_features/attempt=1.log"
	deleted:    "***/logs/dag_id=movie_recommendation_pipeline/run_id=manual__2025-05-31T23\357\200\27206\357\200\27244.905617+00\357\200\27200/task_id=check_model_registry/attempt=1.log"
	deleted:    "***/logs/dag_id=movie_recommendation_pipeline/run_id=manual__2025-05-31T23\357\200\27206\357\200\27244.905617+00\357\200\27200/task_id=debug_env/attempt=1.log"
	deleted:    "***/logs/dag_id=movie_recommendation_pipeline/run_id=manual__2025-05-31T23\357\200\27206\357\200\27244.905617+00\357\200\27200/task_id=import_raw_data/attempt=1.log"
	deleted:    "***/logs/dag_id=movie_recommendation_pipeline/run_id=manual__2025-05-31T23\357\200\27206\357\200\27244.905617+00\357\200\27200/task_id=make_dataset/attempt=1.log"
	deleted:    "***/logs/dag_id=movie_recommendation_pipeline/run_id=manual__2025-05-31T23\357\200\27206\357\200\27244.905617+00\357\200\27200/task_id=predict_best_model/attempt=1.log"
	deleted:    "***/logs/dag_id=movie_recommendation_pipeline/run_id=manual__2025-05-31T23\357\200\27206\357\200\27244.905617+00\357\200\27200/task_id=train_hybrid_model/attempt=1.log"
	deleted:    "***/logs/dag_id=movie_recommendation_pipeline/run_id=manual__2025-05-31T23\357\200\27206\357\200\27244.905617+00\357\200\27200/task_id=train_model/attempt=1.log"
	deleted:    "***/logs/dag_id=movie_recommendation_pipeline/run_id=manual__2025-05-31T23\357\200\27206\357\200\27244.905617+00\357\200\27200/task_id=train_user_model/attempt=1.log"
	deleted:    "***/logs/dag_id=movie_recommendation_pipeline/run_id=manual__2025-05-31T23\357\200\27206\357\200\27244.905617+00\357\200\27200/task_id=validate_models/attempt=1.log"
	deleted:    "***/logs/dag_id=movie_recommendation_pipeline/run_id=manual__2025-06-01T10\357\200\27214\357\200\27257.071102+00\357\200\27200/task_id=build_features/attempt=1.log"
	deleted:    "***/logs/dag_id=movie_recommendation_pipeline/run_id=manual__2025-06-01T10\357\200\27214\357\200\27257.071102+00\357\200\27200/task_id=check_model_registry/attempt=1.log"
	deleted:    "***/logs/dag_id=movie_recommendation_pipeline/run_id=manual__2025-06-01T10\357\200\27214\357\200\27257.071102+00\357\200\27200/task_id=debug_env/attempt=1.log"
	deleted:    "***/logs/dag_id=movie_recommendation_pipeline/run_id=manual__2025-06-01T10\357\200\27214\357\200\27257.071102+00\357\200\27200/task_id=import_raw_data/attempt=1.log"
	deleted:    "***/logs/dag_id=movie_recommendation_pipeline/run_id=manual__2025-06-01T10\357\200\27214\357\200\27257.071102+00\357\200\27200/task_id=make_dataset/attempt=1.log"
	deleted:    "***/logs/dag_id=movie_recommendation_pipeline/run_id=manual__2025-06-01T10\357\200\27214\357\200\27257.071102+00\357\200\27200/task_id=predict_best_model/attempt=1.log"
	deleted:    "***/logs/dag_id=movie_recommendation_pipeline/run_id=manual__2025-06-01T10\357\200\27214\357\200\27257.071102+00\357\200\27200/task_id=predict_best_model/attempt=2.log"
	deleted:    "***/logs/dag_id=movie_recommendation_pipeline/run_id=manual__2025-06-01T10\357\200\27214\357\200\27257.071102+00\357\200\27200/task_id=predict_best_model/attempt=3.log"
	deleted:    "***/logs/dag_id=movie_recommendation_pipeline/run_id=manual__2025-06-01T10\357\200\27214\357\200\27257.071102+00\357\200\27200/task_id=train_hybrid_model/attempt=1.log"
	deleted:    "***/logs/dag_id=movie_recommendation_pipeline/run_id=manual__2025-06-01T10\357\200\27214\357\200\27257.071102+00\357\200\27200/task_id=train_model/attempt=1.log"
	deleted:    "***/logs/dag_id=movie_recommendation_pipeline/run_id=manual__2025-06-01T10\357\200\27214\357\200\27257.071102+00\357\200\27200/task_id=train_user_model/attempt=1.log"
	deleted:    "***/logs/dag_id=movie_recommendation_pipeline/run_id=manual__2025-06-01T10\357\200\27214\357\200\27257.071102+00\357\200\27200/task_id=validate_models/attempt=1.log"
	deleted:    "***/logs/dag_id=movie_recommendation_pipeline/run_id=manual__2025-06-01T10\357\200\27214\357\200\27257.071102+00\357\200\27200/task_id=validate_models/attempt=2.log"
	deleted:    "***/logs/dag_id=movie_recommendation_pipeline/run_id=manual__2025-06-01T10\357\200\27232\357\200\27233.819204+00\357\200\27200/task_id=build_features/attempt=1.log"
	deleted:    "***/logs/dag_id=movie_recommendation_pipeline/run_id=manual__2025-06-01T10\357\200\27232\357\200\27233.819204+00\357\200\27200/task_id=check_model_registry/attempt=1.log"
	deleted:    "***/logs/dag_id=movie_recommendation_pipeline/run_id=manual__2025-06-01T10\357\200\27232\357\200\27233.819204+00\357\200\27200/task_id=debug_env/attempt=1.log"
	deleted:    "***/logs/dag_id=movie_recommendation_pipeline/run_id=manual__2025-06-01T10\357\200\27232\357\200\27233.819204+00\357\200\27200/task_id=import_raw_data/attempt=1.log"
	deleted:    "***/logs/dag_id=movie_recommendation_pipeline/run_id=manual__2025-06-01T10\357\200\27232\357\200\27233.819204+00\357\200\27200/task_id=make_dataset/attempt=1.log"
	deleted:    "***/logs/dag_id=movie_recommendation_pipeline/run_id=manual__2025-06-01T10\357\200\27232\357\200\27233.819204+00\357\200\27200/task_id=predict_best_model/attempt=1.log"
	deleted:    "***/logs/dag_id=movie_recommendation_pipeline/run_id=manual__2025-06-01T10\357\200\27232\357\200\27233.819204+00\357\200\27200/task_id=train_hybrid_model/attempt=1.log"
	deleted:    "***/logs/dag_id=movie_recommendation_pipeline/run_id=manual__2025-06-01T10\357\200\27232\357\200\27233.819204+00\357\200\27200/task_id=train_model/attempt=1.log"
	deleted:    "***/logs/dag_id=movie_recommendation_pipeline/run_id=manual__2025-06-01T10\357\200\27232\357\200\27233.819204+00\357\200\27200/task_id=train_user_model/attempt=1.log"
	deleted:    "***/logs/dag_id=movie_recommendation_pipeline/run_id=manual__2025-06-01T10\357\200\27232\357\200\27233.819204+00\357\200\27200/task_id=validate_models/attempt=1.log"
	deleted:    "***/logs/dag_id=movie_recommendation_pipeline/run_id=manual__2025-06-01T10\357\200\27232\357\200\27233.819204+00\357\200\27200/task_id=validate_models/attempt=2.log"
	deleted:    "***/logs/dag_id=movie_recommendation_pipeline/run_id=manual__2025-06-01T10\357\200\27232\357\200\27233.819204+00\357\200\27200/task_id=validate_models/attempt=3.log"
	deleted:    "***/logs/dag_id=movie_recommendation_pipeline/run_id=manual__2025-06-01T10\357\200\27246\357\200\27248.932772+00\357\200\27200/task_id=build_features/attempt=1.log"
	deleted:    "***/logs/dag_id=movie_recommendation_pipeline/run_id=manual__2025-06-01T10\357\200\27246\357\200\27248.932772+00\357\200\27200/task_id=check_model_registry/attempt=1.log"
	deleted:    "***/logs/dag_id=movie_recommendation_pipeline/run_id=manual__2025-06-01T10\357\200\27246\357\200\27248.932772+00\357\200\27200/task_id=debug_env/attempt=1.log"
	deleted:    "***/logs/dag_id=movie_recommendation_pipeline/run_id=manual__2025-06-01T10\357\200\27246\357\200\27248.932772+00\357\200\27200/task_id=import_raw_data/attempt=1.log"
	deleted:    "***/logs/dag_id=movie_recommendation_pipeline/run_id=manual__2025-06-01T10\357\200\27246\357\200\27248.932772+00\357\200\27200/task_id=make_dataset/attempt=1.log"
	deleted:    "***/logs/dag_id=movie_recommendation_pipeline/run_id=manual__2025-06-01T10\357\200\27246\357\200\27248.932772+00\357\200\27200/task_id=predict_best_model/attempt=1.log"
	deleted:    "***/logs/dag_id=movie_recommendation_pipeline/run_id=manual__2025-06-01T10\357\200\27246\357\200\27248.932772+00\357\200\27200/task_id=train_hybrid_model/attempt=1.log"
	deleted:    "***/logs/dag_id=movie_recommendation_pipeline/run_id=manual__2025-06-01T10\357\200\27246\357\200\27248.932772+00\357\200\27200/task_id=train_model/attempt=1.log"
	deleted:    "***/logs/dag_id=movie_recommendation_pipeline/run_id=manual__2025-06-01T10\357\200\27246\357\200\27248.932772+00\357\200\27200/task_id=train_user_model/attempt=1.log"
	deleted:    "***/logs/dag_id=movie_recommendation_pipeline/run_id=manual__2025-06-01T10\357\200\27246\357\200\27248.932772+00\357\200\27200/task_id=validate_models/attempt=1.log"
	deleted:    "***/logs/dag_id=movie_recommendation_pipeline/run_id=manual__2025-06-01T11\357\200\27218\357\200\27244.472799+00\357\200\27200/task_id=build_features/attempt=1.log"
	deleted:    "***/logs/dag_id=movie_recommendation_pipeline/run_id=manual__2025-06-01T11\357\200\27218\357\200\27244.472799+00\357\200\27200/task_id=check_model_registry/attempt=1.log"
	deleted:    "***/logs/dag_id=movie_recommendation_pipeline/run_id=manual__2025-06-01T11\357\200\27218\357\200\27244.472799+00\357\200\27200/task_id=debug_env/attempt=1.log"
	deleted:    "***/logs/dag_id=movie_recommendation_pipeline/run_id=manual__2025-06-01T11\357\200\27218\357\200\27244.472799+00\357\200\27200/task_id=import_raw_data/attempt=1.log"
	deleted:    "***/logs/dag_id=movie_recommendation_pipeline/run_id=manual__2025-06-01T11\357\200\27218\357\200\27244.472799+00\357\200\27200/task_id=make_dataset/attempt=1.log"
	deleted:    "***/logs/dag_id=movie_recommendation_pipeline/run_id=manual__2025-06-01T11\357\200\27218\357\200\27244.472799+00\357\200\27200/task_id=predict_best_model/attempt=1.log"
	deleted:    "***/logs/dag_id=movie_recommendation_pipeline/run_id=manual__2025-06-01T11\357\200\27218\357\200\27244.472799+00\357\200\27200/task_id=predict_best_model/attempt=2.log"
	deleted:    "***/logs/dag_id=movie_recommendation_pipeline/run_id=manual__2025-06-01T11\357\200\27218\357\200\27244.472799+00\357\200\27200/task_id=train_hybrid_model/attempt=1.log"
	deleted:    "***/logs/dag_id=movie_recommendation_pipeline/run_id=manual__2025-06-01T11\357\200\27218\357\200\27244.472799+00\357\200\27200/task_id=train_model/attempt=1.log"
	deleted:    "***/logs/dag_id=movie_recommendation_pipeline/run_id=manual__2025-06-01T11\357\200\27218\357\200\27244.472799+00\357\200\27200/task_id=train_user_model/attempt=1.log"
	deleted:    "***/logs/dag_id=movie_recommendation_pipeline/run_id=manual__2025-06-01T11\357\200\27218\357\200\27244.472799+00\357\200\27200/task_id=validate_models/attempt=1.log"
	deleted:    "***/logs/dag_id=movie_recommendation_pipeline/run_id=manual__2025-06-01T11\357\200\27234\357\200\27246.516239+00\357\200\27200/task_id=build_features/attempt=1.log"
	deleted:    "***/logs/dag_id=movie_recommendation_pipeline/run_id=manual__2025-06-01T11\357\200\27234\357\200\27246.516239+00\357\200\27200/task_id=check_model_registry/attempt=1.log"
	deleted:    "***/logs/dag_id=movie_recommendation_pipeline/run_id=manual__2025-06-01T11\357\200\27234\357\200\27246.516239+00\357\200\27200/task_id=debug_env/attempt=1.log"
	deleted:    "***/logs/dag_id=movie_recommendation_pipeline/run_id=manual__2025-06-01T11\357\200\27234\357\200\27246.516239+00\357\200\27200/task_id=import_raw_data/attempt=1.log"
	deleted:    "***/logs/dag_id=movie_recommendation_pipeline/run_id=manual__2025-06-01T11\357\200\27234\357\200\27246.516239+00\357\200\27200/task_id=make_dataset/attempt=1.log"
	deleted:    "***/logs/dag_id=movie_recommendation_pipeline/run_id=manual__2025-06-01T11\357\200\27234\357\200\27246.516239+00\357\200\27200/task_id=predict_best_model/attempt=1.log"
	deleted:    "***/logs/dag_id=movie_recommendation_pipeline/run_id=manual__2025-06-01T11\357\200\27234\357\200\27246.516239+00\357\200\27200/task_id=train_hybrid_model/attempt=1.log"
	deleted:    "***/logs/dag_id=movie_recommendation_pipeline/run_id=manual__2025-06-01T11\357\200\27234\357\200\27246.516239+00\357\200\27200/task_id=train_model/attempt=1.log"
	deleted:    "***/logs/dag_id=movie_recommendation_pipeline/run_id=manual__2025-06-01T11\357\200\27234\357\200\27246.516239+00\357\200\27200/task_id=train_user_model/attempt=1.log"
	deleted:    "***/logs/dag_id=movie_recommendation_pipeline/run_id=manual__2025-06-01T11\357\200\27234\357\200\27246.516239+00\357\200\27200/task_id=validate_models/attempt=1.log"
	deleted:    ***/logs/dag_processor_manager/dag_processor_manager.log
	deleted:    ***/logs/scheduler/2025-05-30/mlops_movie_dag.py.log
	deleted:    ***/logs/scheduler/2025-05-30/predict_model_dag.py.log
	deleted:    ***/logs/scheduler/2025-05-31/mlops_movie_dag.py.log
	deleted:    ***/logs/scheduler/2025-06-01/mlops_movie_dag.py.log
	deleted:    ***/logs/scheduler/latest
	deleted:    ***/requirements.***.txt
	deleted:    ***/webserver_config.py
	deleted:    api_service/Dockerfile
	deleted:    api_service/auth.py
	deleted:    api_service/main.py
	deleted:    api_service/requirements.txt
	modified:   data/raw/README.txt
	deleted:    docker-compose.yml
	deleted:    models/hybrid_model_v1.pkl.dvc
	deleted:    models/user_model_v1.pkl.dvc
	deleted:    notebooks/.gitkeep
	deleted:    notebooks/movie_recomm.ipynb
	deleted:    notebooks/movie_recomm_reduced.ipynb
	deleted:    references/.gitkeep
	deleted:    reports/.gitkeep
	deleted:    reports/figures/.gitkeep
	deleted:    requirements.txt
	deleted:    setup.py
	modified:   src/data/make_dataset.py
	modified:   src/features/build_features.py
	deleted:    src/models/checkreg.py
	modified:   src/models/predict_best_model.py
	modified:   src/models/predict_model.py
	modified:   src/models/train_hybrid_model.py
	modified:   src/models/train_model.py
	modified:   src/models/train_user_model.py
	modified:   src/models/validate_model.py
	deleted:    streamlit_app/.dockerignore
	deleted:    streamlit_app/Dockerfile.streamlit
	deleted:    streamlit_app/app.py
	deleted:    streamlit_app/auth.py
	deleted:    streamlit_app/requirements.streamlit.txt
	deleted:    test/***/dags/generate_columns_dag.py
	deleted:    test/***/dags/mlops_movie_dag.py
	deleted:    test/***/dags/movie_dag.py
	deleted:    test/***/dags/predict_model_dag.py
	deleted:    test/src/__init__.py
	deleted:    test/src/config
	deleted:    test/src/data/.gitkeep
	deleted:    test/src/data/__init__.py
	deleted:    test/src/data/check_structure.py
	deleted:    test/src/data/import_raw_data.py
	deleted:    test/src/data/make_dataset.py
	deleted:    test/src/features/.gitkeep
	deleted:    test/src/features/__init__.py
	deleted:    test/src/features/build_features.py
	deleted:    test/src/models/.gitkeep
	deleted:    test/src/models/__init__.py
	deleted:    test/src/models/predict_model.py
	deleted:    test/src/models/train_model.py
	deleted:    test/src/regmlflow.py
	deleted:    test/src/visualization/.gitkeep
	deleted:    test/src/visualization/__init__.py
	deleted:    test/src/visualization/predict_titles.py
	deleted:    test/src/visualization/validate_predictions.py
	deleted:    test/src/wrappers.py

Untracked files:
  (use "git add <file>..." to include in what will be committed)
	***.cfg
	dags/
	data/best_model_path.txt
	data/predictions.csv
	data/processed/.gitignore
	data/processed/movie_matrix.csv
	data/processed/movies_matrix.csv
	data/processed/validation_scores.csv
	data/raw/genome-scores.csv
	data/raw/genome-tags.csv
	data/raw/links.csv
	data/raw/movies.csv
	data/raw/ratings.csv
	data/raw/tags.csv
	data/validation_scores.csv
	logs/
	models/.gitignore
	src/__pycache__/
	src/models/__pycache__/

no changes added to commit (use "git add" and/or "git commit -a")

[2025-06-02T02:51:55.446+0000] {mlops_movie_dag.py:22} ERROR - 仇 Subprozess-Fehler (exit code 1): git commit -m Automatisches DVC-Tracking (beide Modelle/Matrizen)
[2025-06-02T02:51:55.446+0000] {mlops_movie_dag.py:25} ERROR - 仇 Subprozess-Ausnahme: Command '['git', 'commit', '-m', 'Automatisches DVC-Tracking (beide Modelle/Matrizen)']' returned non-zero exit status 1.
[2025-06-02T02:51:55.447+0000] {taskinstance.py:2698} ERROR - Task failed with exception
Traceback (most recent call last):
  File "/home/airflow/.local/lib/python3.10/site-packages/airflow/models/taskinstance.py", line 433, in _execute_task
    result = execute_callable(context=context, **execute_callable_kwargs)
  File "/home/airflow/.local/lib/python3.10/site-packages/airflow/operators/python.py", line 199, in execute
    return_value = self.execute_callable()
  File "/home/airflow/.local/lib/python3.10/site-packages/airflow/operators/python.py", line 216, in execute_callable
    return self.python_callable(*self.op_args, **self.op_kwargs)
  File "/opt/airflow/dags/mlops_movie_dag.py", line 75, in dvc_add_and_push_all
    run_and_log(["git", "commit", "-m", "Automatisches DVC-Tracking (beide Modelle/Matrizen)"])
  File "/opt/airflow/dags/mlops_movie_dag.py", line 23, in run_and_log
    raise subprocess.CalledProcessError(result.returncode, command)
subprocess.CalledProcessError: Command '['git', 'commit', '-m', 'Automatisches DVC-Tracking (beide Modelle/Matrizen)']' returned non-zero exit status 1.
[2025-06-02T02:51:55.457+0000] {taskinstance.py:1138} INFO - Marking task as UP_FOR_RETRY. dag_id=movie_recommendation_pipeline, task_id=dvc_add_and_push_all, execution_date=20250602T024643, start_date=20250602T025055, end_date=20250602T025155
[2025-06-02T02:51:55.466+0000] {standard_task_runner.py:107} ERROR - Failed to execute job 1423 for task dvc_add_and_push_all (Command '['git', 'commit', '-m', 'Automatisches DVC-Tracking (beide Modelle/Matrizen)']' returned non-zero exit status 1.; 2845)
[2025-06-02T02:51:55.491+0000] {local_task_job_runner.py:234} INFO - Task exited with return code 1
[2025-06-02T02:51:55.509+0000] {taskinstance.py:3280} INFO - 0 downstream tasks scheduled from follow-on schedule check
