[2025-06-02T00:09:59.049+0000] {taskinstance.py:1956} INFO - Dependencies all met for dep_context=non-requeueable deps ti=<TaskInstance: movie_recommendation_pipeline.train_hybrid_model manual__2025-06-02T00:09:23.689057+00:00 [queued]>
[2025-06-02T00:09:59.064+0000] {taskinstance.py:1956} INFO - Dependencies all met for dep_context=requeueable deps ti=<TaskInstance: movie_recommendation_pipeline.train_hybrid_model manual__2025-06-02T00:09:23.689057+00:00 [queued]>
[2025-06-02T00:09:59.064+0000] {taskinstance.py:2170} INFO - Starting attempt 1 of 3
[2025-06-02T00:09:59.086+0000] {taskinstance.py:2191} INFO - Executing <Task(PythonOperator): train_hybrid_model> on 2025-06-02 00:09:23.689057+00:00
[2025-06-02T00:09:59.091+0000] {standard_task_runner.py:60} INFO - Started process 565 to run task
[2025-06-02T00:09:59.095+0000] {standard_task_runner.py:87} INFO - Running: ['***', 'tasks', 'run', 'movie_recommendation_pipeline', 'train_hybrid_model', 'manual__2025-06-02T00:09:23.689057+00:00', '--job-id', '1333', '--raw', '--subdir', 'DAGS_FOLDER/mlops_movie_dag.py', '--cfg-path', '/tmp/tmpvff3zk4b']
[2025-06-02T00:09:59.097+0000] {standard_task_runner.py:88} INFO - Job 1333: Subtask train_hybrid_model
[2025-06-02T00:09:59.137+0000] {task_command.py:423} INFO - Running <TaskInstance: movie_recommendation_pipeline.train_hybrid_model manual__2025-06-02T00:09:23.689057+00:00 [running]> on host 2db812b1b691
[2025-06-02T00:09:59.235+0000] {taskinstance.py:2480} INFO - Exporting env vars: AIRFLOW_CTX_DAG_OWNER='***' AIRFLOW_CTX_DAG_ID='movie_recommendation_pipeline' AIRFLOW_CTX_TASK_ID='train_hybrid_model' AIRFLOW_CTX_EXECUTION_DATE='2025-06-02T00:09:23.689057+00:00' AIRFLOW_CTX_TRY_NUMBER='1' AIRFLOW_CTX_DAG_RUN_ID='manual__2025-06-02T00:09:23.689057+00:00'
[2025-06-02T00:09:59.238+0000] {mlops_movie_dag.py:12} INFO - 🟦 Running command: python /opt/***/src/models/train_hybrid_model.py
[2025-06-02T00:13:01.376+0000] {mlops_movie_dag.py:18} INFO - 🟩 [stdout]:
🚀 Starte Hybrid-Modelltraining
📥 Rohdaten erfolgreich geladen
📐 Hybrid-Matrix erstellt mit Shape: (10381, 1429), Feature-Namen: 1429
🤖 KNN-Modell trainiert
✅ Feature-Schema gespeichert unter /opt/***/data/processed/hybrid_matrix_features.txt
🏃 View run train_hybrid_model at: https://dagshub.com/sacer11/MLOps_movie_rec_apr25.mlflow/#/experiments/4/runs/4b753b98d7a5441eb4a959b02615e6e1
🧪 View experiment at: https://dagshub.com/sacer11/MLOps_movie_rec_apr25.mlflow/#/experiments/4
✅ Modell & Matrix erfolgreich gespeichert und in MLflow geloggt

[2025-06-02T00:13:01.379+0000] {mlops_movie_dag.py:20} WARNING - 🟨 [stderr]:
2025/06/02 00:10:34 INFO mlflow.pyfunc: Validating input example against model signature

Downloading artifacts:   0%|          | 0/1 [00:00<?, ?it/s]
Downloading artifacts: 100%|██████████| 1/1 [00:01<00:00,  1.13s/it]
Downloading artifacts: 100%|██████████| 1/1 [00:01<00:00,  1.13s/it]
Downloading artifacts: 100%|██████████| 1/1 [00:01<00:00,  1.13s/it]

[2025-06-02T00:13:01.379+0000] {python.py:201} INFO - Done. Returned value was: None
[2025-06-02T00:13:01.395+0000] {taskinstance.py:1138} INFO - Marking task as SUCCESS. dag_id=movie_recommendation_pipeline, task_id=train_hybrid_model, execution_date=20250602T000923, start_date=20250602T000959, end_date=20250602T001301
[2025-06-02T00:13:01.414+0000] {local_task_job_runner.py:234} INFO - Task exited with return code 0
[2025-06-02T00:13:01.436+0000] {taskinstance.py:3280} INFO - 0 downstream tasks scheduled from follow-on schedule check
