[2025-06-01T20:41:09.605+0000] {taskinstance.py:1956} INFO - Dependencies all met for dep_context=non-requeueable deps ti=<TaskInstance: movie_recommendation_pipeline.import_raw_data manual__2025-06-01T20:41:08.547650+00:00 [queued]>
[2025-06-01T20:41:09.614+0000] {taskinstance.py:1956} INFO - Dependencies all met for dep_context=requeueable deps ti=<TaskInstance: movie_recommendation_pipeline.import_raw_data manual__2025-06-01T20:41:08.547650+00:00 [queued]>
[2025-06-01T20:41:09.615+0000] {taskinstance.py:2170} INFO - Starting attempt 1 of 3
[2025-06-01T20:41:09.627+0000] {taskinstance.py:2191} INFO - Executing <Task(PythonOperator): import_raw_data> on 2025-06-01 20:41:08.547650+00:00
[2025-06-01T20:41:09.632+0000] {standard_task_runner.py:60} INFO - Started process 1776 to run task
[2025-06-01T20:41:09.634+0000] {standard_task_runner.py:87} INFO - Running: ['***', 'tasks', 'run', 'movie_recommendation_pipeline', 'import_raw_data', 'manual__2025-06-01T20:41:08.547650+00:00', '--job-id', '1269', '--raw', '--subdir', 'DAGS_FOLDER/mlops_movie_dag.py', '--cfg-path', '/tmp/tmp4jxzakgx']
[2025-06-01T20:41:09.636+0000] {standard_task_runner.py:88} INFO - Job 1269: Subtask import_raw_data
[2025-06-01T20:41:09.671+0000] {task_command.py:423} INFO - Running <TaskInstance: movie_recommendation_pipeline.import_raw_data manual__2025-06-01T20:41:08.547650+00:00 [running]> on host 232dd595ceb7
[2025-06-01T20:41:09.733+0000] {taskinstance.py:2480} INFO - Exporting env vars: AIRFLOW_CTX_DAG_OWNER='***' AIRFLOW_CTX_DAG_ID='movie_recommendation_pipeline' AIRFLOW_CTX_TASK_ID='import_raw_data' AIRFLOW_CTX_EXECUTION_DATE='2025-06-01T20:41:08.547650+00:00' AIRFLOW_CTX_TRY_NUMBER='1' AIRFLOW_CTX_DAG_RUN_ID='manual__2025-06-01T20:41:08.547650+00:00'
[2025-06-01T20:41:09.734+0000] {mlops_movie_dag.py:12} INFO - 🟦 Running command: python /opt/***/src/data/import_raw_data.py
[2025-06-01T20:41:09.928+0000] {mlops_movie_dag.py:18} INFO - 🟩 [stdout]:
✅ Datei bereits vorhanden, überspringe: genome-scores.csv
✅ Datei bereits vorhanden, überspringe: genome-tags.csv
✅ Datei bereits vorhanden, überspringe: links.csv
✅ Datei bereits vorhanden, überspringe: movies.csv
✅ Datei bereits vorhanden, überspringe: ratings.csv
✅ Datei bereits vorhanden, überspringe: README.txt
✅ Datei bereits vorhanden, überspringe: tags.csv

[2025-06-01T20:41:09.929+0000] {mlops_movie_dag.py:20} WARNING - 🟨 [stderr]:
2025-06-01 20:41:09,916 - __main__ - INFO - ✅ Rohdatenprüfung abgeschlossen.

[2025-06-01T20:41:09.930+0000] {python.py:201} INFO - Done. Returned value was: None
[2025-06-01T20:41:09.939+0000] {taskinstance.py:1138} INFO - Marking task as SUCCESS. dag_id=movie_recommendation_pipeline, task_id=import_raw_data, execution_date=20250601T204108, start_date=20250601T204109, end_date=20250601T204109
[2025-06-01T20:41:09.968+0000] {local_task_job_runner.py:234} INFO - Task exited with return code 0
[2025-06-01T20:41:09.989+0000] {taskinstance.py:3280} INFO - 1 downstream tasks scheduled from follow-on schedule check
