[2025-06-08T02:52:31.934+0000] {taskinstance.py:1956} INFO - Dependencies all met for dep_context=non-requeueable deps ti=<TaskInstance: deep_models_pipeline.train_deep_hybrid_model manual__2025-06-08T02:48:26.276448+00:00 [queued]>
[2025-06-08T02:52:31.970+0000] {taskinstance.py:1956} INFO - Dependencies all met for dep_context=requeueable deps ti=<TaskInstance: deep_models_pipeline.train_deep_hybrid_model manual__2025-06-08T02:48:26.276448+00:00 [queued]>
[2025-06-08T02:52:31.972+0000] {taskinstance.py:2170} INFO - Starting attempt 2 of 3
[2025-06-08T02:52:31.997+0000] {taskinstance.py:2191} INFO - Executing <Task(PythonOperator): train_deep_hybrid_model> on 2025-06-08 02:48:26.276448+00:00
[2025-06-08T02:52:32.025+0000] {standard_task_runner.py:60} INFO - Started process 1432 to run task
[2025-06-08T02:52:32.030+0000] {standard_task_runner.py:87} INFO - Running: ['***', 'tasks', 'run', 'deep_models_pipeline', 'train_deep_hybrid_model', 'manual__2025-06-08T02:48:26.276448+00:00', '--job-id', '2946', '--raw', '--subdir', 'DAGS_FOLDER/train_deep_model_dag.py', '--cfg-path', '/tmp/tmpyww3xx7c']
[2025-06-08T02:52:32.052+0000] {standard_task_runner.py:88} INFO - Job 2946: Subtask train_deep_hybrid_model
[2025-06-08T02:52:33.078+0000] {task_command.py:423} INFO - Running <TaskInstance: deep_models_pipeline.train_deep_hybrid_model manual__2025-06-08T02:48:26.276448+00:00 [running]> on host a096f0d31aa8
[2025-06-08T02:52:33.265+0000] {taskinstance.py:2480} INFO - Exporting env vars: AIRFLOW_CTX_DAG_OWNER='***' AIRFLOW_CTX_DAG_ID='deep_models_pipeline' AIRFLOW_CTX_TASK_ID='train_deep_hybrid_model' AIRFLOW_CTX_EXECUTION_DATE='2025-06-08T02:48:26.276448+00:00' AIRFLOW_CTX_TRY_NUMBER='2' AIRFLOW_CTX_DAG_RUN_ID='manual__2025-06-08T02:48:26.276448+00:00'
[2025-06-08T02:52:33.269+0000] {train_deep_model_dag.py:13} INFO - 🟦 Running command: python /opt/***/src/models/train_hybrid_deep_model.py --n_neighbors=15 --latent_dim=32 --epochs=30 --tfidf_features=300
[2025-06-08T02:56:28.368+0000] {train_deep_model_dag.py:20} INFO - 🟩 [stdout]:

[2025-06-08T02:56:28.468+0000] {train_deep_model_dag.py:22} WARNING - 🟨 [stderr]:
2025-06-08 02:53:35,350 - __main__ - INFO - 📥 Lade Rohdaten und baue Hybrid-Feature-Matrix ...
2025-06-08 02:55:30,611 - __main__ - INFO - 📐 Hybrid-Matrix erstellt mit Shape: (10381, 1429), Feature-Namen: 1429
2025-06-08 02:56:10,074 - __main__ - INFO - 💾 Hybrid-Matrix gespeichert unter /opt/***/data/processed/hybrid_matrix.csv
2025-06-08 02:56:10,255 - __main__ - INFO - 🚀 Starte Training Autoencoder ...

[2025-06-08T02:56:28.478+0000] {train_deep_model_dag.py:29} ERROR - ❌ Subprozess-Fehler (exit code -9): python /opt/***/src/models/train_hybrid_deep_model.py --n_neighbors=15 --latent_dim=32 --epochs=30 --tfidf_features=300
[2025-06-08T02:56:28.485+0000] {train_deep_model_dag.py:32} ERROR - ❌ Subprozess-Ausnahme: Command '['python', '/opt/***/src/models/train_hybrid_deep_model.py', '--n_neighbors=15', '--latent_dim=32', '--epochs=30', '--tfidf_features=300']' died with <Signals.SIGKILL: 9>.
[2025-06-08T02:56:28.514+0000] {taskinstance.py:2698} ERROR - Task failed with exception
Traceback (most recent call last):
  File "/home/airflow/.local/lib/python3.10/site-packages/airflow/models/taskinstance.py", line 433, in _execute_task
    result = execute_callable(context=context, **execute_callable_kwargs)
  File "/home/airflow/.local/lib/python3.10/site-packages/airflow/operators/python.py", line 199, in execute
    return_value = self.execute_callable()
  File "/home/airflow/.local/lib/python3.10/site-packages/airflow/operators/python.py", line 216, in execute_callable
    return self.python_callable(*self.op_args, **self.op_kwargs)
  File "/opt/airflow/dags/train_deep_model_dag.py", line 54, in run_train_deep_hybrid_model
    run_and_log([
  File "/opt/airflow/dags/train_deep_model_dag.py", line 30, in run_and_log
    raise subprocess.CalledProcessError(result.returncode, command)
subprocess.CalledProcessError: Command '['python', '/opt/airflow/src/models/train_hybrid_deep_model.py', '--n_neighbors=15', '--latent_dim=32', '--epochs=30', '--tfidf_features=300']' died with <Signals.SIGKILL: 9>.
[2025-06-08T02:56:28.972+0000] {taskinstance.py:1138} INFO - Marking task as UP_FOR_RETRY. dag_id=deep_models_pipeline, task_id=train_deep_hybrid_model, execution_date=20250608T024826, start_date=20250608T025231, end_date=20250608T025628
[2025-06-08T02:56:29.165+0000] {standard_task_runner.py:107} ERROR - Failed to execute job 2946 for task train_deep_hybrid_model (Command '['python', '/opt/airflow/src/models/train_hybrid_deep_model.py', '--n_neighbors=15', '--latent_dim=32', '--epochs=30', '--tfidf_features=300']' died with <Signals.SIGKILL: 9>.; 1432)
[2025-06-08T02:56:29.227+0000] {local_task_job_runner.py:234} INFO - Task exited with return code 1
[2025-06-08T02:56:29.387+0000] {taskinstance.py:3280} INFO - 0 downstream tasks scheduled from follow-on schedule check
