[2025-06-08T02:48:32.584+0000] {taskinstance.py:1956} INFO - Dependencies all met for dep_context=non-requeueable deps ti=<TaskInstance: deep_models_pipeline.train_deep_hybrid_model manual__2025-06-08T02:48:26.276448+00:00 [queued]>
[2025-06-08T02:48:32.591+0000] {taskinstance.py:1956} INFO - Dependencies all met for dep_context=requeueable deps ti=<TaskInstance: deep_models_pipeline.train_deep_hybrid_model manual__2025-06-08T02:48:26.276448+00:00 [queued]>
[2025-06-08T02:48:32.591+0000] {taskinstance.py:2170} INFO - Starting attempt 1 of 3
[2025-06-08T02:48:32.602+0000] {taskinstance.py:2191} INFO - Executing <Task(PythonOperator): train_deep_hybrid_model> on 2025-06-08 02:48:26.276448+00:00
[2025-06-08T02:48:32.607+0000] {standard_task_runner.py:60} INFO - Started process 1171 to run task
[2025-06-08T02:48:32.609+0000] {standard_task_runner.py:87} INFO - Running: ['***', 'tasks', 'run', 'deep_models_pipeline', 'train_deep_hybrid_model', 'manual__2025-06-08T02:48:26.276448+00:00', '--job-id', '2904', '--raw', '--subdir', 'DAGS_FOLDER/train_deep_model_dag.py', '--cfg-path', '/tmp/tmpopuxi2bz']
[2025-06-08T02:48:32.611+0000] {standard_task_runner.py:88} INFO - Job 2904: Subtask train_deep_hybrid_model
[2025-06-08T02:48:32.646+0000] {task_command.py:423} INFO - Running <TaskInstance: deep_models_pipeline.train_deep_hybrid_model manual__2025-06-08T02:48:26.276448+00:00 [running]> on host a096f0d31aa8
[2025-06-08T02:48:32.710+0000] {taskinstance.py:2480} INFO - Exporting env vars: AIRFLOW_CTX_DAG_OWNER='***' AIRFLOW_CTX_DAG_ID='deep_models_pipeline' AIRFLOW_CTX_TASK_ID='train_deep_hybrid_model' AIRFLOW_CTX_EXECUTION_DATE='2025-06-08T02:48:26.276448+00:00' AIRFLOW_CTX_TRY_NUMBER='1' AIRFLOW_CTX_DAG_RUN_ID='manual__2025-06-08T02:48:26.276448+00:00'
[2025-06-08T02:48:32.711+0000] {train_deep_model_dag.py:13} INFO - 🟦 Running command: python /opt/***/src/models/train_hybrid_deep_model.py --n_neighbors=15 --latent_dim=32 --epochs=30 --tfidf_features=300
[2025-06-08T02:49:55.324+0000] {train_deep_model_dag.py:20} INFO - 🟩 [stdout]:

[2025-06-08T02:49:55.335+0000] {train_deep_model_dag.py:22} WARNING - 🟨 [stderr]:
2025-06-08 02:48:37,630 - __main__ - INFO - 📥 Lade Rohdaten und baue Hybrid-Feature-Matrix ...
2025-06-08 02:48:43,277 - __main__ - INFO - 📐 Hybrid-Matrix erstellt mit Shape: (10381, 1429), Feature-Namen: 1429
2025-06-08 02:48:56,463 - __main__ - INFO - 💾 Hybrid-Matrix gespeichert unter /opt/***/data/processed/hybrid_matrix.csv
2025-06-08 02:48:56,496 - __main__ - INFO - 🚀 Starte Training Autoencoder ...
2025-06-08 02:48:57,706 - __main__ - INFO - Epoch 1/30: Loss = 0.0122
2025-06-08 02:48:58,132 - __main__ - INFO - Epoch 2/30: Loss = 0.0071
2025-06-08 02:48:58,780 - __main__ - INFO - Epoch 3/30: Loss = 0.0062
2025-06-08 02:48:59,804 - __main__ - INFO - Epoch 4/30: Loss = 0.0057
2025-06-08 02:49:00,550 - __main__ - INFO - Epoch 5/30: Loss = 0.0055
2025-06-08 02:49:01,034 - __main__ - INFO - Epoch 6/30: Loss = 0.0053
2025-06-08 02:49:01,573 - __main__ - INFO - Epoch 7/30: Loss = 0.0052
2025-06-08 02:49:02,388 - __main__ - INFO - Epoch 8/30: Loss = 0.0050
2025-06-08 02:49:03,738 - __main__ - INFO - Epoch 9/30: Loss = 0.0050
2025-06-08 02:49:04,557 - __main__ - INFO - Epoch 10/30: Loss = 0.0049
2025-06-08 02:49:05,205 - __main__ - INFO - Epoch 11/30: Loss = 0.0049
2025-06-08 02:49:05,716 - __main__ - INFO - Epoch 12/30: Loss = 0.0048
2025-06-08 02:49:06,494 - __main__ - INFO - Epoch 13/30: Loss = 0.0048
2025-06-08 02:49:06,999 - __main__ - INFO - Epoch 14/30: Loss = 0.0047
2025-06-08 02:49:07,687 - __main__ - INFO - Epoch 15/30: Loss = 0.0047
2025-06-08 02:49:08,519 - __main__ - INFO - Epoch 16/30: Loss = 0.0047
2025-06-08 02:49:09,265 - __main__ - INFO - Epoch 17/30: Loss = 0.0046
2025-06-08 02:49:09,856 - __main__ - INFO - Epoch 18/30: Loss = 0.0046
2025-06-08 02:49:10,293 - __main__ - INFO - Epoch 19/30: Loss = 0.0046
2025-06-08 02:49:11,957 - __main__ - INFO - Epoch 20/30: Loss = 0.0046
2025-06-08 02:49:13,537 - __main__ - INFO - Epoch 21/30: Loss = 0.0045
2025-06-08 02:49:14,433 - __main__ - INFO - Epoch 22/30: Loss = 0.0045
2025-06-08 02:49:14,861 - __main__ - INFO - Epoch 23/30: Loss = 0.0045
2025-06-08 02:49:15,412 - __main__ - INFO - Epoch 24/30: Loss = 0.0045
2025-06-08 02:49:15,831 - __main__ - INFO - Epoch 25/30: Loss = 0.0045
2025-06-08 02:49:21,058 - __main__ - INFO - Epoch 26/30: Loss = 0.0044

[2025-06-08T02:49:55.336+0000] {train_deep_model_dag.py:29} ERROR - ❌ Subprozess-Fehler (exit code -9): python /opt/***/src/models/train_hybrid_deep_model.py --n_neighbors=15 --latent_dim=32 --epochs=30 --tfidf_features=300
[2025-06-08T02:49:55.337+0000] {train_deep_model_dag.py:32} ERROR - ❌ Subprozess-Ausnahme: Command '['python', '/opt/***/src/models/train_hybrid_deep_model.py', '--n_neighbors=15', '--latent_dim=32', '--epochs=30', '--tfidf_features=300']' died with <Signals.SIGKILL: 9>.
[2025-06-08T02:49:55.339+0000] {taskinstance.py:2698} ERROR - Task failed with exception
Traceback (most recent call last):
  File "/home/airflow/.local/lib/python3.10/site-packages/airflow/models/taskinstance.py", line 433, in _execute_task
    result = execute_callable(context=context, **execute_callable_kwargs)
  File "/home/airflow/.local/lib/python3.10/site-packages/airflow/operators/python.py", line 199, in execute
    return_value = self.execute_callable()
  File "/home/airflow/.local/lib/python3.10/site-packages/airflow/operators/python.py", line 216, in execute_callable
    return self.python_callable(*self.op_args, **self.op_kwargs)
  File "/opt/airflow/dags/train_deep_model_dag.py", line 54, in run_train_deep_hybrid_model
    run_and_log([
  File "/opt/airflow/dags/train_deep_model_dag.py", line 30, in run_and_log
    raise subprocess.CalledProcessError(result.returncode, command)
subprocess.CalledProcessError: Command '['python', '/opt/airflow/src/models/train_hybrid_deep_model.py', '--n_neighbors=15', '--latent_dim=32', '--epochs=30', '--tfidf_features=300']' died with <Signals.SIGKILL: 9>.
[2025-06-08T02:49:55.840+0000] {taskinstance.py:1138} INFO - Marking task as UP_FOR_RETRY. dag_id=deep_models_pipeline, task_id=train_deep_hybrid_model, execution_date=20250608T024826, start_date=20250608T024832, end_date=20250608T024955
[2025-06-08T02:49:55.910+0000] {standard_task_runner.py:107} ERROR - Failed to execute job 2904 for task train_deep_hybrid_model (Command '['python', '/opt/airflow/src/models/train_hybrid_deep_model.py', '--n_neighbors=15', '--latent_dim=32', '--epochs=30', '--tfidf_features=300']' died with <Signals.SIGKILL: 9>.; 1171)
[2025-06-08T02:49:55.960+0000] {local_task_job_runner.py:234} INFO - Task exited with return code 1
[2025-06-08T02:49:56.008+0000] {taskinstance.py:3280} INFO - 0 downstream tasks scheduled from follow-on schedule check
